########### array before sorts ###########
0	-2.159000	-3.429000	76.454000	-3.429000	n
1	76.454000	-3.429000	76.454000	43.688000	n
2	76.454000	43.688000	-2.159000	43.688000	n
3	-2.159000	43.688000	-2.159000	-3.429000	n
Tolerance=0.050000.
*Exact match for i=0 and j=1.
*i point -2.159000	-3.429000	76.454000	-3.429000	y
*Exact match for i=1 and j=2.
*i point 76.454000	-3.429000	76.454000	43.688000	y
*Exact match for i=2 and j=3.
*i point 76.454000	43.688000	-2.159000	43.688000	y
########### array after sorts ###########
0	-2.159000	-3.429000	76.454000	-3.429000	y
1	76.454000	-3.429000	76.454000	43.688000	y
2	76.454000	43.688000	-2.159000	43.688000	y
3	-2.159000	43.688000	-2.159000	-3.429000	y
***************
.BOARD_OUTLINE UNOWNED
1.6
0     -2.159000     -3.429000     0
0     76.454000     -3.429000     0
0     76.454000     43.688000     0
0     -2.159000     43.688000     0
0     -2.159000     -3.429000     0
