########### array before sorts ###########
0	-5.000000	-0.500000	-5.000000	36.500000	n
1	-5.000000	-0.500000	118.400000	-0.500000	n
2	141.400000	-0.500000	168.000000	-0.500000	n
3	168.000000	-0.500000	168.000000	36.500000	n
4	168.000000	36.500000	140.650000	36.500000	n
5	141.400000	-0.500000	141.400000	0.500000	n
6	141.400000	0.500000	118.400000	0.500000	n
7	118.400000	0.500000	118.400000	-0.500000	n
8	30.000000	36.500000	30.000000	55.880000	n
9	140.650000	55.880000	140.650000	36.500000	n
10	-5.000000	36.500000	30.000000	36.500000	n
11	39.350000	55.880000	39.350000	41.890000	n
12	39.350000	41.890000	45.000000	41.890000	n
13	45.000000	41.890000	45.000000	55.880000	n
14	122.380000	55.880000	122.380000	41.890000	n
15	122.380000	41.890000	127.950000	41.890000	n
16	127.950000	41.890000	127.950000	55.880000	n
17	30.000000	55.880000	39.350000	55.880000	n
18	45.000000	55.880000	122.380000	55.880000	n
19	127.950000	55.880000	140.650000	55.880000	n
20	35.940000	44.450000	35.925884	44.665368	n
21	35.925884	44.665368	35.883778	44.877051	n
22	35.883778	44.877051	35.718942	45.275000	n
23	35.718942	45.275000	35.456726	45.616726	n
24	35.456726	45.616726	35.115000	45.878942	n
25	35.115000	45.878942	34.717051	46.043778	n
26	34.717051	46.043778	34.290000	46.100000	n
27	34.290000	46.100000	33.862949	46.043778	n
28	33.862949	46.043778	33.465000	45.878942	n
29	33.465000	45.878942	33.123274	45.616726	n
30	33.123274	45.616726	32.861058	45.275000	n
31	32.861058	45.275000	32.696222	44.877051	n
32	32.696222	44.877051	32.640000	44.450000	n
33	32.640000	44.450000	32.696222	44.022949	n
34	32.696222	44.022949	32.861058	43.625000	n
35	32.861058	43.625000	33.123274	43.283274	n
36	33.123274	43.283274	33.465000	43.021058	n
37	33.465000	43.021058	33.862949	42.856222	n
38	33.862949	42.856222	34.290000	42.800000	n
39	34.290000	42.800000	34.717051	42.856222	n
40	34.717051	42.856222	35.115000	43.021058	n
41	35.115000	43.021058	35.456726	43.283274	n
42	35.456726	43.283274	35.718942	43.625000	n
43	35.718942	43.625000	35.883778	44.022949	n
44	35.883778	44.022949	35.940000	44.450000	n
45	134.365000	44.450000	134.350884	44.665368	n
46	134.350884	44.665368	134.308778	44.877051	n
47	134.308778	44.877051	134.143942	45.275000	n
48	134.143942	45.275000	133.881726	45.616726	n
49	133.881726	45.616726	133.540000	45.878942	n
50	133.540000	45.878942	133.142051	46.043778	n
51	133.142051	46.043778	132.715000	46.100000	n
52	132.715000	46.100000	132.287949	46.043778	n
53	132.287949	46.043778	131.890000	45.878942	n
54	131.890000	45.878942	131.548274	45.616726	n
55	131.548274	45.616726	131.286058	45.275000	n
56	131.286058	45.275000	131.121222	44.877051	n
57	131.121222	44.877051	131.065000	44.450000	n
58	131.065000	44.450000	131.121222	44.022949	n
59	131.121222	44.022949	131.286058	43.625000	n
60	131.286058	43.625000	131.548274	43.283274	n
61	131.548274	43.283274	131.890000	43.021058	n
62	131.890000	43.021058	132.287949	42.856222	n
63	132.287949	42.856222	132.715000	42.800000	n
64	132.715000	42.800000	133.142051	42.856222	n
65	133.142051	42.856222	133.540000	43.021058	n
66	133.540000	43.021058	133.881726	43.283274	n
67	133.881726	43.283274	134.143942	43.625000	n
68	134.143942	43.625000	134.308778	44.022949	n
69	134.308778	44.022949	134.365000	44.450000	n
Tolerance=0.050000.
*Exact match for i=0 and j=10.
*i point -5.000000	-0.500000	-5.000000	36.500000	y
*Exact match for i=1 and j=8.
*i point -5.000000	36.500000	30.000000	36.500000	y
*Exact match for i=2 and j=17.
*i point 30.000000	36.500000	30.000000	55.880000	y
*Exact match for i=3 and j=11.
*i point 30.000000	55.880000	39.350000	55.880000	y
*Exact match for i=4 and j=12.
*i point 39.350000	55.880000	39.350000	41.890000	y
*Exact match for i=5 and j=13.
*i point 39.350000	41.890000	45.000000	41.890000	y
*Exact match for i=6 and j=18.
*i point 45.000000	41.890000	45.000000	55.880000	y
*Exact match for i=7 and j=14.
*i point 45.000000	55.880000	122.380000	55.880000	y
*Exact match for i=8 and j=15.
*i point 122.380000	55.880000	122.380000	41.890000	y
*Exact match for i=9 and j=16.
*i point 122.380000	41.890000	127.950000	41.890000	y
*Exact match for i=10 and j=19.
*i point 127.950000	41.890000	127.950000	55.880000	y
*Exact match for i=11 and j=15.
*i point 127.950000	55.880000	140.650000	55.880000	y
*Exact match for i=12 and j=19.
*i point 140.650000	55.880000	140.650000	36.500000	y
	*Before flip 	168.000000	36.500000	140.650000	36.500000	y
	*After flip 	140.650000	36.500000	168.000000	36.500000	y
*Exact match for i=13 and j=17.
*i point 140.650000	36.500000	168.000000	36.500000	y
	*Before flip 	168.000000	-0.500000	168.000000	36.500000	y
	*After flip 	168.000000	36.500000	168.000000	-0.500000	y
*Exact match for i=14 and j=17.
*i point 168.000000	36.500000	168.000000	-0.500000	y
	*Before flip 	141.400000	-0.500000	168.000000	-0.500000	y
	*After flip 	168.000000	-0.500000	141.400000	-0.500000	y
*Exact match for i=15 and j=17.
*i point 168.000000	-0.500000	141.400000	-0.500000	y
*Exact match for i=16 and j=19.
*i point 141.400000	-0.500000	141.400000	0.500000	y
*Exact match for i=17 and j=18.
*i point 141.400000	0.500000	118.400000	0.500000	y
*Exact match for i=18 and j=19.
*i point 118.400000	0.500000	118.400000	-0.500000	y
	*Before flip 	-5.000000	-0.500000	118.400000	-0.500000	y
	*After flip 	118.400000	-0.500000	-5.000000	-0.500000	y
*Exact match for i=20 and j=21.
*i point 35.940000	44.450000	35.925884	44.665368	y
*Exact match for i=21 and j=22.
*i point 35.925884	44.665368	35.883778	44.877051	y
*Exact match for i=22 and j=23.
*i point 35.883778	44.877051	35.718942	45.275000	y
*Exact match for i=23 and j=24.
*i point 35.718942	45.275000	35.456726	45.616726	y
*Exact match for i=24 and j=25.
*i point 35.456726	45.616726	35.115000	45.878942	y
*Exact match for i=25 and j=26.
*i point 35.115000	45.878942	34.717051	46.043778	y
*Exact match for i=26 and j=27.
*i point 34.717051	46.043778	34.290000	46.100000	y
*Exact match for i=27 and j=28.
*i point 34.290000	46.100000	33.862949	46.043778	y
*Exact match for i=28 and j=29.
*i point 33.862949	46.043778	33.465000	45.878942	y
*Exact match for i=29 and j=30.
*i point 33.465000	45.878942	33.123274	45.616726	y
*Exact match for i=30 and j=31.
*i point 33.123274	45.616726	32.861058	45.275000	y
*Exact match for i=31 and j=32.
*i point 32.861058	45.275000	32.696222	44.877051	y
*Exact match for i=32 and j=33.
*i point 32.696222	44.877051	32.640000	44.450000	y
*Exact match for i=33 and j=34.
*i point 32.640000	44.450000	32.696222	44.022949	y
*Exact match for i=34 and j=35.
*i point 32.696222	44.022949	32.861058	43.625000	y
*Exact match for i=35 and j=36.
*i point 32.861058	43.625000	33.123274	43.283274	y
*Exact match for i=36 and j=37.
*i point 33.123274	43.283274	33.465000	43.021058	y
*Exact match for i=37 and j=38.
*i point 33.465000	43.021058	33.862949	42.856222	y
*Exact match for i=38 and j=39.
*i point 33.862949	42.856222	34.290000	42.800000	y
*Exact match for i=39 and j=40.
*i point 34.290000	42.800000	34.717051	42.856222	y
*Exact match for i=40 and j=41.
*i point 34.717051	42.856222	35.115000	43.021058	y
*Exact match for i=41 and j=42.
*i point 35.115000	43.021058	35.456726	43.283274	y
*Exact match for i=42 and j=43.
*i point 35.456726	43.283274	35.718942	43.625000	y
*Exact match for i=43 and j=44.
*i point 35.718942	43.625000	35.883778	44.022949	y
*Exact match for i=45 and j=46.
*i point 134.365000	44.450000	134.350884	44.665368	y
*Exact match for i=46 and j=47.
*i point 134.350884	44.665368	134.308778	44.877051	y
*Exact match for i=47 and j=48.
*i point 134.308778	44.877051	134.143942	45.275000	y
*Exact match for i=48 and j=49.
*i point 134.143942	45.275000	133.881726	45.616726	y
*Exact match for i=49 and j=50.
*i point 133.881726	45.616726	133.540000	45.878942	y
*Exact match for i=50 and j=51.
*i point 133.540000	45.878942	133.142051	46.043778	y
*Exact match for i=51 and j=52.
*i point 133.142051	46.043778	132.715000	46.100000	y
*Exact match for i=52 and j=53.
*i point 132.715000	46.100000	132.287949	46.043778	y
*Exact match for i=53 and j=54.
*i point 132.287949	46.043778	131.890000	45.878942	y
*Exact match for i=54 and j=55.
*i point 131.890000	45.878942	131.548274	45.616726	y
*Exact match for i=55 and j=56.
*i point 131.548274	45.616726	131.286058	45.275000	y
*Exact match for i=56 and j=57.
*i point 131.286058	45.275000	131.121222	44.877051	y
*Exact match for i=57 and j=58.
*i point 131.121222	44.877051	131.065000	44.450000	y
*Exact match for i=58 and j=59.
*i point 131.065000	44.450000	131.121222	44.022949	y
*Exact match for i=59 and j=60.
*i point 131.121222	44.022949	131.286058	43.625000	y
*Exact match for i=60 and j=61.
*i point 131.286058	43.625000	131.548274	43.283274	y
*Exact match for i=61 and j=62.
*i point 131.548274	43.283274	131.890000	43.021058	y
*Exact match for i=62 and j=63.
*i point 131.890000	43.021058	132.287949	42.856222	y
*Exact match for i=63 and j=64.
*i point 132.287949	42.856222	132.715000	42.800000	y
*Exact match for i=64 and j=65.
*i point 132.715000	42.800000	133.142051	42.856222	y
*Exact match for i=65 and j=66.
*i point 133.142051	42.856222	133.540000	43.021058	y
*Exact match for i=66 and j=67.
*i point 133.540000	43.021058	133.881726	43.283274	y
*Exact match for i=67 and j=68.
*i point 133.881726	43.283274	134.143942	43.625000	y
*Exact match for i=68 and j=69.
*i point 134.143942	43.625000	134.308778	44.022949	y
########### array after sorts ###########
0	-5.000000	-0.500000	-5.000000	36.500000	y
1	-5.000000	36.500000	30.000000	36.500000	y
2	30.000000	36.500000	30.000000	55.880000	y
3	30.000000	55.880000	39.350000	55.880000	y
4	39.350000	55.880000	39.350000	41.890000	y
5	39.350000	41.890000	45.000000	41.890000	y
6	45.000000	41.890000	45.000000	55.880000	y
7	45.000000	55.880000	122.380000	55.880000	y
8	122.380000	55.880000	122.380000	41.890000	y
9	122.380000	41.890000	127.950000	41.890000	y
10	127.950000	41.890000	127.950000	55.880000	y
11	127.950000	55.880000	140.650000	55.880000	y
12	140.650000	55.880000	140.650000	36.500000	y
13	140.650000	36.500000	168.000000	36.500000	y
14	168.000000	36.500000	168.000000	-0.500000	y
15	168.000000	-0.500000	141.400000	-0.500000	y
16	141.400000	-0.500000	141.400000	0.500000	y
17	141.400000	0.500000	118.400000	0.500000	y
18	118.400000	0.500000	118.400000	-0.500000	y
19	118.400000	-0.500000	-5.000000	-0.500000	y
20	35.940000	44.450000	35.925884	44.665368	y
21	35.925884	44.665368	35.883778	44.877051	y
22	35.883778	44.877051	35.718942	45.275000	y
23	35.718942	45.275000	35.456726	45.616726	y
24	35.456726	45.616726	35.115000	45.878942	y
25	35.115000	45.878942	34.717051	46.043778	y
26	34.717051	46.043778	34.290000	46.100000	y
27	34.290000	46.100000	33.862949	46.043778	y
28	33.862949	46.043778	33.465000	45.878942	y
29	33.465000	45.878942	33.123274	45.616726	y
30	33.123274	45.616726	32.861058	45.275000	y
31	32.861058	45.275000	32.696222	44.877051	y
32	32.696222	44.877051	32.640000	44.450000	y
33	32.640000	44.450000	32.696222	44.022949	y
34	32.696222	44.022949	32.861058	43.625000	y
35	32.861058	43.625000	33.123274	43.283274	y
36	33.123274	43.283274	33.465000	43.021058	y
37	33.465000	43.021058	33.862949	42.856222	y
38	33.862949	42.856222	34.290000	42.800000	y
39	34.290000	42.800000	34.717051	42.856222	y
40	34.717051	42.856222	35.115000	43.021058	y
41	35.115000	43.021058	35.456726	43.283274	y
42	35.456726	43.283274	35.718942	43.625000	y
43	35.718942	43.625000	35.883778	44.022949	y
44	35.883778	44.022949	35.940000	44.450000	y
45	134.365000	44.450000	134.350884	44.665368	y
46	134.350884	44.665368	134.308778	44.877051	y
47	134.308778	44.877051	134.143942	45.275000	y
48	134.143942	45.275000	133.881726	45.616726	y
49	133.881726	45.616726	133.540000	45.878942	y
50	133.540000	45.878942	133.142051	46.043778	y
51	133.142051	46.043778	132.715000	46.100000	y
52	132.715000	46.100000	132.287949	46.043778	y
53	132.287949	46.043778	131.890000	45.878942	y
54	131.890000	45.878942	131.548274	45.616726	y
55	131.548274	45.616726	131.286058	45.275000	y
56	131.286058	45.275000	131.121222	44.877051	y
57	131.121222	44.877051	131.065000	44.450000	y
58	131.065000	44.450000	131.121222	44.022949	y
59	131.121222	44.022949	131.286058	43.625000	y
60	131.286058	43.625000	131.548274	43.283274	y
61	131.548274	43.283274	131.890000	43.021058	y
62	131.890000	43.021058	132.287949	42.856222	y
63	132.287949	42.856222	132.715000	42.800000	y
64	132.715000	42.800000	133.142051	42.856222	y
65	133.142051	42.856222	133.540000	43.021058	y
66	133.540000	43.021058	133.881726	43.283274	y
67	133.881726	43.283274	134.143942	43.625000	y
68	134.143942	43.625000	134.308778	44.022949	y
69	134.308778	44.022949	134.365000	44.450000	y
***************
.BOARD_OUTLINE UNOWNED
1.6
0     -5.000000     -0.500000     0
0     -5.000000     36.500000     0
0     30.000000     36.500000     0
0     30.000000     55.880000     0
0     39.350000     55.880000     0
0     39.350000     41.890000     0
0     45.000000     41.890000     0
0     45.000000     55.880000     0
0     122.380000     55.880000     0
0     122.380000     41.890000     0
0     127.950000     41.890000     0
0     127.950000     55.880000     0
0     140.650000     55.880000     0
0     140.650000     36.500000     0
0     168.000000     36.500000     0
0     168.000000     -0.500000     0
0     141.400000     -0.500000     0
0     141.400000     0.500000     0
0     118.400000     0.500000     0
0     118.400000     -0.500000     0
0     -5.000000     -0.500000     0
1     35.940000     44.450000     0
1     35.925884     44.665368     0
1     35.883778     44.877051     0
1     35.718942     45.275000     0
1     35.456726     45.616726     0
1     35.115000     45.878942     0
1     34.717051     46.043778     0
1     34.290000     46.100000     0
1     33.862949     46.043778     0
1     33.465000     45.878942     0
1     33.123274     45.616726     0
1     32.861058     45.275000     0
1     32.696222     44.877051     0
1     32.640000     44.450000     0
1     32.696222     44.022949     0
1     32.861058     43.625000     0
1     33.123274     43.283274     0
1     33.465000     43.021058     0
1     33.862949     42.856222     0
1     34.290000     42.800000     0
1     34.717051     42.856222     0
1     35.115000     43.021058     0
1     35.456726     43.283274     0
1     35.718942     43.625000     0
1     35.883778     44.022949     0
1     35.940000     44.450000     0
2     134.365000     44.450000     0
2     134.350884     44.665368     0
2     134.308778     44.877051     0
2     134.143942     45.275000     0
2     133.881726     45.616726     0
2     133.540000     45.878942     0
2     133.142051     46.043778     0
2     132.715000     46.100000     0
2     132.287949     46.043778     0
2     131.890000     45.878942     0
2     131.548274     45.616726     0
2     131.286058     45.275000     0
2     131.121222     44.877051     0
2     131.065000     44.450000     0
2     131.121222     44.022949     0
2     131.286058     43.625000     0
2     131.548274     43.283274     0
2     131.890000     43.021058     0
2     132.287949     42.856222     0
2     132.715000     42.800000     0
2     133.142051     42.856222     0
2     133.540000     43.021058     0
2     133.881726     43.283274     0
2     134.143942     43.625000     0
2     134.308778     44.022949     0
2     134.365000     44.450000     0
