2025-06-09 17:18:18,204 [INFO] Activator:176 - 


2025-06-09 17:18:18,212 [INFO] Activator:177 - !SESSION log4j initialized
2025-06-09 17:18:25,386 [INFO] LogOutputStream:77 - [STDOUT_REDIRECT] 
2025-06-09 17:18:29,903 [INFO] ApplicationProperties:184 - Using Application install path: C:\ST\STM32CubeIDE_1.15.1\STM32CubeIDE\plugins\com.st.stm32cube.common.mx_6.11.1.202404110753
2025-06-09 17:18:29,956 [INFO] DbMcusXml:78 - Set database path to: C:\ST\STM32CubeIDE_1.15.1\STM32CubeIDE\plugins\com.st.stm32cube.common.mx_6.11.1.202404110753\\db\/mcu/
2025-06-09 17:18:29,958 [INFO] ApiDb:274 - Set plugin database path to: C:\ST\STM32CubeIDE_1.15.1\STM32CubeIDE\plugins\com.st.stm32cube.common.mx_6.11.1.202404110753\\db\/plugins/boardmanager/
2025-06-09 17:18:29,958 [WARN] ApiDb:259 - Overriding images path with different value:  => C:\ST\STM32CubeIDE_1.15.1\STM32CubeIDE\plugins\com.st.stm32cube.common.mx_6.11.1.202404110753\\db\/plugins/mcufinder/images/
2025-06-09 17:18:29,991 [INFO] ApiDb:250 - Set database path to: C:\Users\dbank\.stmcufinder\plugins\mcufinder//mcu/
2025-06-09 17:18:29,994 [INFO] DbMcusAds:125 - Set database path to: C:\Users\dbank\.stmcufinder\plugins\mcufinder//mcu/
2025-06-09 17:18:29,999 [INFO] CrossReferenceDbSqlite:203 - Set database path to: C:\Users\dbank\.stmcufinder\plugins\mcufinder//mcu/cs/
2025-06-09 17:18:30,260 [INFO] RulesReader:64 - Compatibility file has been processed (297 Rules)
2025-06-09 17:18:30,378 [INFO] DbMcusXml:78 - Set database path to: C:\ST\STM32CubeIDE_1.15.1\STM32CubeIDE\plugins\com.st.stm32cube.common.mx_6.11.1.202404110753\\db\/mcu/
2025-06-09 17:18:30,378 [INFO] ApiDb:274 - Set plugin database path to: C:\ST\STM32CubeIDE_1.15.1\STM32CubeIDE\plugins\com.st.stm32cube.common.mx_6.11.1.202404110753\\db\/plugins/boardmanager/
2025-06-09 17:18:30,378 [INFO] ApiDb:261 - Set plugin images path to: C:\ST\STM32CubeIDE_1.15.1\STM32CubeIDE\plugins\com.st.stm32cube.common.mx_6.11.1.202404110753\\db\/plugins/mcufinder/images/
2025-06-09 17:18:30,378 [WARN] DbFile:41 - Overriding database path with different value: C:\Users\dbank\.stmcufinder\plugins\mcufinder/ => C:\Users\dbank\.stmcufinder\plugins\mcufinder
2025-06-09 17:18:30,378 [INFO] ApiDb:250 - Set database path to: C:\Users\dbank\.stmcufinder\plugins\mcufinder//mcu/
2025-06-09 17:18:30,378 [WARN] DbFile:41 - Overriding database path with different value: C:\Users\dbank\.stmcufinder\plugins\mcufinder/ => C:\Users\dbank\.stmcufinder\plugins\mcufinder
2025-06-09 17:18:30,378 [INFO] DbMcusAds:125 - Set database path to: C:\Users\dbank\.stmcufinder\plugins\mcufinder//mcu/
2025-06-09 17:18:30,378 [WARN] DbFile:41 - Overriding database path with different value: C:\Users\dbank\.stmcufinder\plugins\mcufinder/ => C:\Users\dbank\.stmcufinder\plugins\mcufinder
2025-06-09 17:18:30,378 [WARN] DbFile:41 - Overriding database path with different value: C:\Users\dbank\.stmcufinder\plugins\mcufinder/ => C:\Users\dbank\.stmcufinder\plugins\mcufinder
2025-06-09 17:18:30,378 [INFO] CrossReferenceDbSqlite:203 - Set database path to: C:\Users\dbank\.stmcufinder\plugins\mcufinder//mcu/cs/
2025-06-09 17:18:30,557 [INFO] MainPanel:264 - HeapMemory: 268435456
2025-06-09 17:18:30,851 [INFO] DbMcusXml:78 - Set database path to: C:\ST\STM32CubeIDE_1.15.1\STM32CubeIDE\plugins\com.st.stm32cube.common.mx_6.11.1.202404110753\\db\/mcu/
2025-06-09 17:18:30,851 [INFO] ApiDb:274 - Set plugin database path to: C:\ST\STM32CubeIDE_1.15.1\STM32CubeIDE\plugins\com.st.stm32cube.common.mx_6.11.1.202404110753\\db\/plugins/boardmanager/
2025-06-09 17:18:30,851 [INFO] ApiDb:261 - Set plugin images path to: C:\ST\STM32CubeIDE_1.15.1\STM32CubeIDE\plugins\com.st.stm32cube.common.mx_6.11.1.202404110753\\db\/plugins/mcufinder/images/
2025-06-09 17:18:30,852 [WARN] DbFile:41 - Overriding database path with different value: C:\Users\dbank\.stmcufinder\plugins\mcufinder/ => C:\Users\dbank\.stmcufinder\plugins\mcufinder
2025-06-09 17:18:30,852 [INFO] ApiDb:250 - Set database path to: C:\Users\dbank\.stmcufinder\plugins\mcufinder//mcu/
2025-06-09 17:18:30,852 [WARN] DbFile:41 - Overriding database path with different value: C:\Users\dbank\.stmcufinder\plugins\mcufinder/ => C:\Users\dbank\.stmcufinder\plugins\mcufinder
2025-06-09 17:18:30,852 [INFO] DbMcusAds:125 - Set database path to: C:\Users\dbank\.stmcufinder\plugins\mcufinder//mcu/
2025-06-09 17:18:30,852 [WARN] DbFile:41 - Overriding database path with different value: C:\Users\dbank\.stmcufinder\plugins\mcufinder/ => C:\Users\dbank\.stmcufinder\plugins\mcufinder
2025-06-09 17:18:30,854 [WARN] DbFile:41 - Overriding database path with different value: C:\Users\dbank\.stmcufinder\plugins\mcufinder/ => C:\Users\dbank\.stmcufinder\plugins\mcufinder
2025-06-09 17:18:30,854 [INFO] CrossReferenceDbSqlite:203 - Set database path to: C:\Users\dbank\.stmcufinder\plugins\mcufinder//mcu/cs/
2025-06-09 17:18:30,889 [INFO] ApplicationProperties:184 - Using Application install path: C:\ST\STM32CubeIDE_1.15.1\STM32CubeIDE\plugins\com.st.stm32cube.common.mx_6.11.1.202404110753
2025-06-09 17:18:30,894 [INFO] PluginManage:196 - Search for loadable plugins [exclusion list=, ]
2025-06-09 17:18:30,899 [INFO] PluginManage:310 - Check plugin analytics
2025-06-09 17:18:31,580 [INFO] AnalyticsPlugin:253 - Accepted Software Licenses: STM32CubeMX.6.11.1
2025-06-09 17:18:31,581 [INFO] AnalyticsPlugin:255 - Accepted CMSIS Pack Licenses: STMicroelectronics.X-CUBE-AZRTOS-H7.3.3.0
2025-06-09 17:18:31,587 [INFO] AnalyticsPlugin:257 - Accepted Firmware Licenses: FW.H7.1.11.0,FW.H7.1.10.0,FW.L4.1.18.0,FW.F4.1.28.0,FW.MP1.1.6.0,FW.F7.1.17.0
2025-06-09 17:18:31,593 [INFO] PluginManage:359 - Loaded plugin analytics (category:tool,tabindex:-1)
2025-06-09 17:18:31,594 [INFO] PluginManage:310 - Check plugin cadmodel
2025-06-09 17:18:31,620 [INFO] CADModel:105 - Init CAD model plugin
2025-06-09 17:18:31,620 [INFO] PluginManage:359 - Loaded plugin cadmodel (category:power,tabindex:5)
2025-06-09 17:18:31,620 [INFO] PluginManage:310 - Check plugin clock
2025-06-09 17:18:31,661 [INFO] PluginManage:359 - Loaded plugin clock (category:base,tabindex:2)
2025-06-09 17:18:31,661 [INFO] PluginManage:310 - Check plugin ddr
2025-06-09 17:18:31,662 [INFO] PluginManage:359 - Loaded plugin ddr (category:tool,tabindex:6)
2025-06-09 17:18:31,664 [INFO] PluginManage:310 - Check plugin filemanager
2025-06-09 17:18:32,004 [INFO] PluginManage:359 - Loaded plugin filemanager (category:base,tabindex:10)
2025-06-09 17:18:32,004 [INFO] PluginManage:310 - Check plugin ipmanager
2025-06-09 17:18:32,019 [INFO] PluginManage:359 - Loaded plugin ipmanager (category:base,tabindex:5)
2025-06-09 17:18:32,019 [INFO] PluginManage:310 - Check plugin lpbam
2025-06-09 17:18:32,054 [INFO] PluginManage:359 - Loaded plugin lpbam (category:base,tabindex:0)
2025-06-09 17:18:32,054 [INFO] PluginManage:310 - Check plugin memorymap
2025-06-09 17:18:32,117 [INFO] PluginManage:359 - Loaded plugin memorymap (category:base,tabindex:4)
2025-06-09 17:18:32,117 [INFO] PluginManage:310 - Check plugin pinoutandconfiguration
2025-06-09 17:18:32,159 [INFO] PluginManage:359 - Loaded plugin pinoutandconfiguration (category:base,tabindex:1)
2025-06-09 17:18:32,159 [INFO] PluginManage:310 - Check plugin pinoutconfig
2025-06-09 17:18:32,481 [WARN] SupportedApi:132 - Cannot load RTOS API schema: s4s-elt-must-match.1: The content of 'definitions' must match (annotation?, (simpleType | complexType)?, (unique | key | keyref)*)). A problem was found starting at: attribute.
2025-06-09 17:18:33,118 [INFO] PluginManage:359 - Loaded plugin pinoutconfig (category:base,tabindex:0)
2025-06-09 17:18:33,118 [INFO] PluginManage:310 - Check plugin power
2025-06-09 17:18:33,173 [INFO] PluginManage:359 - Loaded plugin power (category:power,tabindex:4)
2025-06-09 17:18:33,173 [INFO] PluginManage:310 - Check plugin projectmanager
2025-06-09 17:18:33,212 [INFO] PluginManage:359 - Loaded plugin projectmanager (category:projectmanager,tabindex:3)
2025-06-09 17:18:33,212 [INFO] PluginManage:310 - Check plugin thirdparty
2025-06-09 17:18:34,007 [INFO] PluginManage:359 - Loaded plugin thirdparty (category:base,tabindex:-1)
2025-06-09 17:18:34,007 [WARN] IntegrityCheckThread:84 - waiting for thirdparty lock release [integrity check]
2025-06-09 17:18:34,007 [INFO] IntegrityCheckThread:86 - entering critical section [integrity check]
2025-06-09 17:18:34,007 [INFO] PluginManage:310 - Check plugin tools
2025-06-09 17:18:34,008 [INFO] ThirdPartyUpdaterWithRetryManager:70 - Updater plugin not ready yet. [1/15]
2025-06-09 17:18:34,098 [INFO] PluginManage:359 - Loaded plugin tools (category:base,tabindex:7)
2025-06-09 17:18:34,098 [INFO] PluginManage:310 - Check plugin tutovideos
2025-06-09 17:18:34,687 [INFO] PluginManage:359 - Loaded plugin tutovideos (category:base,tabindex:-1)
2025-06-09 17:18:34,688 [INFO] PluginManage:310 - Check plugin updater
2025-06-09 17:18:34,718 [INFO] PluginManage:359 - Loaded plugin updater (category:base,tabindex:12)
2025-06-09 17:18:34,718 [INFO] PluginManage:310 - Check plugin userauth
2025-06-09 17:18:34,729 [INFO] UserAuth:114 - Init User Auth plugin
2025-06-09 17:18:34,730 [INFO] PluginManage:359 - Loaded plugin userauth (category:base,tabindex:14)
2025-06-09 17:18:34,732 [INFO] PluginManage:283 - PluginManage : Loaded plugins [17]
2025-06-09 17:18:35,257 [INFO] PinOutPanel:1561 - setPackage(No Configuration,No Configuration)
2025-06-09 17:18:35,447 [INFO] CADModel:165 - CPN selected for project level
2025-06-09 17:18:35,449 [INFO] CADModel:114 - Register for checkConnection events
2025-06-09 17:18:35,499 [INFO] IPUIPlugin:80 - create IPUIPlugin
2025-06-09 17:18:35,501 [INFO] PluginManager:220 - loadIPPluginJar : add adc
2025-06-09 17:18:35,580 [INFO] IPUIPlugin:80 - create IPUIPlugin
2025-06-09 17:18:35,581 [INFO] PluginManager:220 - loadIPPluginJar : add aes
2025-06-09 17:18:35,675 [INFO] IPUIPlugin:80 - create IPUIPlugin
2025-06-09 17:18:35,675 [INFO] PluginManager:220 - loadIPPluginJar : add can
2025-06-09 17:18:35,728 [INFO] IPUIPlugin:80 - create IPUIPlugin
2025-06-09 17:18:35,730 [INFO] PluginManager:220 - loadIPPluginJar : add comp
2025-06-09 17:18:35,801 [INFO] IPUIPlugin:80 - create IPUIPlugin
2025-06-09 17:18:35,801 [INFO] PluginManager:220 - loadIPPluginJar : add cryp
2025-06-09 17:18:35,868 [INFO] IPUIPlugin:80 - create IPUIPlugin
2025-06-09 17:18:35,868 [INFO] PluginManager:220 - loadIPPluginJar : add dfsdm
2025-06-09 17:18:35,901 [INFO] IPUIPlugin:80 - create IPUIPlugin
2025-06-09 17:18:35,904 [INFO] PluginManager:220 - loadIPPluginJar : add dma
2025-06-09 17:18:36,013 [INFO] IPUIPlugin:80 - create IPUIPlugin
2025-06-09 17:18:36,013 [INFO] PluginManager:220 - loadIPPluginJar : add dma3
2025-06-09 17:18:36,110 [INFO] IPUIPlugin:80 - create IPUIPlugin
2025-06-09 17:18:36,110 [INFO] PluginManager:220 - loadIPPluginJar : add extmemmanager
2025-06-09 17:18:36,154 [INFO] IPUIPlugin:80 - create IPUIPlugin
2025-06-09 17:18:36,154 [INFO] PluginManager:220 - loadIPPluginJar : add fatfs
2025-06-09 17:18:36,234 [INFO] IPUIPlugin:80 - create IPUIPlugin
2025-06-09 17:18:36,234 [INFO] PluginManager:220 - loadIPPluginJar : add fmc
2025-06-09 17:18:36,281 [INFO] IPUIPlugin:80 - create IPUIPlugin
2025-06-09 17:18:36,287 [INFO] PluginManager:220 - loadIPPluginJar : add freertos
2025-06-09 17:18:36,336 [INFO] IPUIPlugin:80 - create IPUIPlugin
2025-06-09 17:18:36,336 [INFO] PluginManager:220 - loadIPPluginJar : add genericplugin
2025-06-09 17:18:36,554 [INFO] IPUIPlugin:80 - create IPUIPlugin
2025-06-09 17:18:36,554 [INFO] PluginManager:220 - loadIPPluginJar : add gfxmmu
2025-06-09 17:18:36,841 [INFO] IPUIPlugin:80 - create IPUIPlugin
2025-06-09 17:18:36,841 [INFO] PluginManager:220 - loadIPPluginJar : add gic
2025-06-09 17:18:36,869 [INFO] IPUIPlugin:80 - create IPUIPlugin
2025-06-09 17:18:36,869 [INFO] PluginManager:220 - loadIPPluginJar : add gpio
2025-06-09 17:18:37,009 [INFO] ThirdPartyUpdaterWithRetryManager:70 - Updater plugin not ready yet. [2/15]
2025-06-09 17:18:37,031 [INFO] IPUIPlugin:80 - create IPUIPlugin
2025-06-09 17:18:37,031 [INFO] PluginManager:220 - loadIPPluginJar : add gtzc
2025-06-09 17:18:37,104 [INFO] IPUIPlugin:80 - create IPUIPlugin
2025-06-09 17:18:37,104 [INFO] PluginManager:220 - loadIPPluginJar : add hash
2025-06-09 17:18:37,221 [INFO] IPUIPlugin:80 - create IPUIPlugin
2025-06-09 17:18:37,221 [INFO] PluginManager:220 - loadIPPluginJar : add i2c
2025-06-09 17:18:37,290 [INFO] IPUIPlugin:80 - create IPUIPlugin
2025-06-09 17:18:37,290 [INFO] PluginManager:220 - loadIPPluginJar : add i2s
2025-06-09 17:18:37,384 [INFO] IPUIPlugin:80 - create IPUIPlugin
2025-06-09 17:18:37,384 [INFO] PluginManager:220 - loadIPPluginJar : add i3c
2025-06-09 17:18:37,562 [INFO] IPUIPlugin:80 - create IPUIPlugin
2025-06-09 17:18:37,564 [INFO] PluginManager:220 - loadIPPluginJar : add ipddr
2025-06-09 17:18:37,787 [INFO] IPUIPlugin:80 - create IPUIPlugin
2025-06-09 17:18:37,787 [INFO] PluginManager:220 - loadIPPluginJar : add linkedlist
2025-06-09 17:18:37,892 [INFO] IPUIPlugin:80 - create IPUIPlugin
2025-06-09 17:18:37,892 [INFO] PluginManager:220 - loadIPPluginJar : add lorawan
2025-06-09 17:18:37,999 [INFO] IPUIPlugin:80 - create IPUIPlugin
2025-06-09 17:18:37,999 [INFO] PluginManager:220 - loadIPPluginJar : add ltdc
2025-06-09 17:18:38,031 [INFO] IPUIPlugin:80 - create IPUIPlugin
2025-06-09 17:18:38,031 [INFO] PluginManager:220 - loadIPPluginJar : add mdma
2025-06-09 17:18:38,051 [INFO] IPUIPlugin:80 - create IPUIPlugin
2025-06-09 17:18:38,051 [INFO] PluginManager:220 - loadIPPluginJar : add nvic
2025-06-09 17:18:38,133 [INFO] IPUIPlugin:80 - create IPUIPlugin
2025-06-09 17:18:38,134 [INFO] PluginManager:220 - loadIPPluginJar : add opamp
2025-06-09 17:18:38,294 [INFO] IPUIPlugin:80 - create IPUIPlugin
2025-06-09 17:18:38,294 [INFO] PluginManager:220 - loadIPPluginJar : add openamp
2025-06-09 17:18:38,391 [INFO] IPUIPlugin:80 - create IPUIPlugin
2025-06-09 17:18:38,391 [INFO] PluginManager:220 - loadIPPluginJar : add pdm2pcm
2025-06-09 17:18:38,427 [INFO] IPUIPlugin:80 - create IPUIPlugin
2025-06-09 17:18:38,437 [INFO] PluginManager:220 - loadIPPluginJar : add plateformsettings
2025-06-09 17:18:38,490 [INFO] IPUIPlugin:80 - create IPUIPlugin
2025-06-09 17:18:38,490 [INFO] PluginManager:220 - loadIPPluginJar : add quadspi
2025-06-09 17:18:38,520 [INFO] IPUIPlugin:80 - create IPUIPlugin
2025-06-09 17:18:38,520 [INFO] PluginManager:220 - loadIPPluginJar : add resmgrutility
2025-06-09 17:18:38,646 [INFO] IPUIPlugin:80 - create IPUIPlugin
2025-06-09 17:18:38,646 [INFO] PluginManager:220 - loadIPPluginJar : add sai
2025-06-09 17:18:38,772 [INFO] IPUIPlugin:80 - create IPUIPlugin
2025-06-09 17:18:38,772 [INFO] PluginManager:220 - loadIPPluginJar : add spi
2025-06-09 17:18:38,972 [INFO] IPUIPlugin:80 - create IPUIPlugin
2025-06-09 17:18:38,972 [INFO] PluginManager:220 - loadIPPluginJar : add stm32_wpan
2025-06-09 17:18:39,031 [INFO] IPUIPlugin:80 - create IPUIPlugin
2025-06-09 17:18:39,031 [INFO] PluginManager:220 - loadIPPluginJar : add tim
2025-06-09 17:18:39,197 [INFO] IPUIPlugin:80 - create IPUIPlugin
2025-06-09 17:18:39,199 [INFO] PluginManager:220 - loadIPPluginJar : add touchsensing
2025-06-09 17:18:39,260 [INFO] IPUIPlugin:80 - create IPUIPlugin
2025-06-09 17:18:39,260 [INFO] PluginManager:220 - loadIPPluginJar : add tracer_emb
2025-06-09 17:18:39,312 [INFO] IPUIPlugin:80 - create IPUIPlugin
2025-06-09 17:18:39,312 [INFO] PluginManager:220 - loadIPPluginJar : add ts
2025-06-09 17:18:39,352 [INFO] IPUIPlugin:80 - create IPUIPlugin
2025-06-09 17:18:39,352 [INFO] PluginManager:220 - loadIPPluginJar : add tsc
2025-06-09 17:18:39,395 [INFO] IPUIPlugin:80 - create IPUIPlugin
2025-06-09 17:18:39,395 [INFO] PluginManager:220 - loadIPPluginJar : add ucpd
2025-06-09 17:18:39,506 [INFO] IPUIPlugin:80 - create IPUIPlugin
2025-06-09 17:18:39,506 [INFO] PluginManager:220 - loadIPPluginJar : add usart
2025-06-09 17:18:39,611 [INFO] IPUIPlugin:80 - create IPUIPlugin
2025-06-09 17:18:39,612 [INFO] PluginManager:220 - loadIPPluginJar : add usbx
2025-06-09 17:18:39,777 [INFO] CADModel:165 - CPN selected for project level
2025-06-09 17:18:39,777 [INFO] CADModel:114 - Register for checkConnection events
2025-06-09 17:18:39,777 [FATAL] Updater:308 - Updater called before beeing initialized
2025-06-09 17:18:39,777 [ERROR] CADModel:125 - Updater not yet initialized, retry later 
2025-06-09 17:18:40,015 [INFO] ThirdPartyUpdaterWithRetryManager:70 - Updater plugin not ready yet. [3/15]
2025-06-09 17:18:40,064 [INFO] CADModel:165 - CPN selected for project level
2025-06-09 17:18:40,064 [INFO] CADModel:114 - Register for checkConnection events
2025-06-09 17:18:40,064 [FATAL] Updater:308 - Updater called before beeing initialized
2025-06-09 17:18:40,064 [ERROR] CADModel:125 - Updater not yet initialized, retry later 
2025-06-09 17:18:40,072 [FATAL] Updater:308 - Updater called before beeing initialized
2025-06-09 17:18:40,292 [FATAL] Updater:308 - Updater called before beeing initialized
2025-06-09 17:18:40,319 [INFO] DbMcusAds:53 - JSON generation date=Wed May 07 11:07:55 CEST 2025 (1746608875484)
2025-06-09 17:18:40,319 [FATAL] Updater:308 - Updater called before beeing initialized
2025-06-09 17:18:40,475 [WARN] DetailPanel:346 - Failed to get advertising image, set to default
2025-06-09 17:18:40,656 [FATAL] Updater:308 - Updater called before beeing initialized
2025-06-09 17:18:40,661 [FATAL] Updater:308 - Updater called before beeing initialized
2025-06-09 17:18:40,661 [FATAL] Updater:308 - Updater called before beeing initialized
2025-06-09 17:18:40,661 [WARN] DetailPanel:346 - Failed to get advertising image, set to default
2025-06-09 17:18:40,663 [FATAL] Updater:308 - Updater called before beeing initialized
2025-06-09 17:18:40,787 [ERROR] Updater:1120 - MainUpdater not yet initialized. External WinMGr cannot be set.
2025-06-09 17:18:40,809 [INFO] Updater:1056 - Updater Version found : 6.11.1
2025-06-09 17:18:40,864 [INFO] ApplicationProperties:184 - Using Application install path: C:\ST\STM32CubeIDE_1.15.1\STM32CubeIDE\plugins\com.st.stm32cube.common.mx_6.11.1.202404110753
2025-06-09 17:18:42,505 [ERROR] LogOutputStream:75 - [STDERR_REDIRECT] Jun 09, 2025 5:18:42 PM java.util.prefs.WindowsPreferences <init>
2025-06-09 17:18:42,508 [ERROR] LogOutputStream:75 - [STDERR_REDIRECT] WARNING: Could not open/create prefs root node Software\JavaSoft\Prefs at root 0xffffffff80000002. Windows RegCreateKeyEx(...) returned error code 5.
2025-06-09 17:18:42,508 [ERROR] LogOutputStream:75 - [STDERR_REDIRECT] 
2025-06-09 17:18:43,016 [FATAL] Updater:308 - Updater called before beeing initialized
2025-06-09 17:18:43,017 [ERROR] IntegrityCheckThread:130 - Cannot retrieve database content from updater: error 21
2025-06-09 17:18:43,018 [INFO] ThirdParty:978 - Integrity check success = false
2025-06-09 17:18:43,018 [INFO] IntegrityCheckThread:100 - exiting critical section [integrity check]
2025-06-09 17:18:43,019 [INFO] IntegrityCheckThread:103 - End integrity checks thread
2025-06-09 17:18:43,660 [INFO] MainUpdater:2873 - connection check result : 10
2025-06-09 17:18:43,662 [INFO] MainUpdater:290 - Updater Check For Update Now.
2025-06-09 17:18:43,662 [INFO] MicroXplorer:498 - Change Database Version : DB.6.0.111
2025-06-09 17:18:43,703 [INFO] McuFinderGlobals:63 - Set McuFinder mode to 2 (CubeIDE integrated)
2025-06-09 17:18:43,731 [INFO] UserAuth:415 - Internet connection configuration mode: 1
2025-06-09 17:18:43,816 [INFO] JxBrowserEngine:152 - Initiate JxBrowser Engine with user profile folder
2025-06-09 17:18:44,019 [INFO] CheckServerUpdateThread:120 - End of CheckServer Thread
2025-06-09 17:18:50,050 [INFO] WebApp:161 - Instantiating new browser for Auth
2025-06-09 17:18:50,655 [INFO] WebApp:779 - Register for checkConnection events
2025-06-09 17:18:50,655 [INFO] WebApp:414 - Apply proxy settings
2025-06-09 17:18:50,655 [INFO] WebApp:499 - Chromium requires no authentication
2025-06-09 17:18:50,661 [INFO] WebApp:442 - Direct internet connection detected
2025-06-09 17:18:50,823 [INFO] WebApp:192 - Starting web application
2025-06-09 17:18:50,823 [INFO] WebApp:544 - Web application path used C:\ST\STM32CubeIDE_1.15.1\STM32CubeIDE\plugins\com.st.stm32cube.common.mx_6.11.1.202404110753\db\plugins\mcufinder\reactClient1\index.html
2025-06-09 17:19:40,490 [ERROR] LogOutputStream:75 - [STDERR_REDIRECT] 
2025-06-09 21:04:44,082 [INFO] Activator:176 - 


2025-06-09 21:04:44,083 [INFO] Activator:177 - !SESSION log4j initialized
2025-06-09 21:04:50,392 [INFO] LogOutputStream:77 - [STDOUT_REDIRECT] 
2025-06-09 21:04:54,350 [INFO] ApplicationProperties:184 - Using Application install path: C:\ST\STM32CubeIDE_1.15.1\STM32CubeIDE\plugins\com.st.stm32cube.common.mx_6.11.1.202404110753
2025-06-09 21:04:54,414 [INFO] DbMcusXml:78 - Set database path to: C:\ST\STM32CubeIDE_1.15.1\STM32CubeIDE\plugins\com.st.stm32cube.common.mx_6.11.1.202404110753\\db\/mcu/
2025-06-09 21:04:54,414 [INFO] ApiDb:274 - Set plugin database path to: C:\ST\STM32CubeIDE_1.15.1\STM32CubeIDE\plugins\com.st.stm32cube.common.mx_6.11.1.202404110753\\db\/plugins/boardmanager/
2025-06-09 21:04:54,416 [WARN] ApiDb:259 - Overriding images path with different value:  => C:\ST\STM32CubeIDE_1.15.1\STM32CubeIDE\plugins\com.st.stm32cube.common.mx_6.11.1.202404110753\\db\/plugins/mcufinder/images/
2025-06-09 21:04:54,433 [INFO] ApiDb:250 - Set database path to: C:\Users\dbank\.stmcufinder\plugins\mcufinder//mcu/
2025-06-09 21:04:54,436 [INFO] DbMcusAds:125 - Set database path to: C:\Users\dbank\.stmcufinder\plugins\mcufinder//mcu/
2025-06-09 21:04:54,449 [INFO] CrossReferenceDbSqlite:203 - Set database path to: C:\Users\dbank\.stmcufinder\plugins\mcufinder//mcu/cs/
2025-06-09 21:04:54,907 [INFO] RulesReader:64 - Compatibility file has been processed (297 Rules)
2025-06-09 21:04:55,198 [INFO] DbMcusXml:78 - Set database path to: C:\ST\STM32CubeIDE_1.15.1\STM32CubeIDE\plugins\com.st.stm32cube.common.mx_6.11.1.202404110753\\db\/mcu/
2025-06-09 21:04:55,200 [INFO] ApiDb:274 - Set plugin database path to: C:\ST\STM32CubeIDE_1.15.1\STM32CubeIDE\plugins\com.st.stm32cube.common.mx_6.11.1.202404110753\\db\/plugins/boardmanager/
2025-06-09 21:04:55,200 [INFO] ApiDb:261 - Set plugin images path to: C:\ST\STM32CubeIDE_1.15.1\STM32CubeIDE\plugins\com.st.stm32cube.common.mx_6.11.1.202404110753\\db\/plugins/mcufinder/images/
2025-06-09 21:04:55,200 [WARN] DbFile:41 - Overriding database path with different value: C:\Users\dbank\.stmcufinder\plugins\mcufinder/ => C:\Users\dbank\.stmcufinder\plugins\mcufinder
2025-06-09 21:04:55,200 [INFO] ApiDb:250 - Set database path to: C:\Users\dbank\.stmcufinder\plugins\mcufinder//mcu/
2025-06-09 21:04:55,200 [WARN] DbFile:41 - Overriding database path with different value: C:\Users\dbank\.stmcufinder\plugins\mcufinder/ => C:\Users\dbank\.stmcufinder\plugins\mcufinder
2025-06-09 21:04:55,200 [INFO] DbMcusAds:125 - Set database path to: C:\Users\dbank\.stmcufinder\plugins\mcufinder//mcu/
2025-06-09 21:04:55,200 [WARN] DbFile:41 - Overriding database path with different value: C:\Users\dbank\.stmcufinder\plugins\mcufinder/ => C:\Users\dbank\.stmcufinder\plugins\mcufinder
2025-06-09 21:04:55,201 [WARN] DbFile:41 - Overriding database path with different value: C:\Users\dbank\.stmcufinder\plugins\mcufinder/ => C:\Users\dbank\.stmcufinder\plugins\mcufinder
2025-06-09 21:04:55,201 [INFO] CrossReferenceDbSqlite:203 - Set database path to: C:\Users\dbank\.stmcufinder\plugins\mcufinder//mcu/cs/
2025-06-09 21:04:55,492 [INFO] MainPanel:264 - HeapMemory: 268435456
2025-06-09 21:04:55,868 [INFO] DbMcusXml:78 - Set database path to: C:\ST\STM32CubeIDE_1.15.1\STM32CubeIDE\plugins\com.st.stm32cube.common.mx_6.11.1.202404110753\\db\/mcu/
2025-06-09 21:04:55,868 [INFO] ApiDb:274 - Set plugin database path to: C:\ST\STM32CubeIDE_1.15.1\STM32CubeIDE\plugins\com.st.stm32cube.common.mx_6.11.1.202404110753\\db\/plugins/boardmanager/
2025-06-09 21:04:55,868 [INFO] ApiDb:261 - Set plugin images path to: C:\ST\STM32CubeIDE_1.15.1\STM32CubeIDE\plugins\com.st.stm32cube.common.mx_6.11.1.202404110753\\db\/plugins/mcufinder/images/
2025-06-09 21:04:55,870 [WARN] DbFile:41 - Overriding database path with different value: C:\Users\dbank\.stmcufinder\plugins\mcufinder/ => C:\Users\dbank\.stmcufinder\plugins\mcufinder
2025-06-09 21:04:55,871 [INFO] ApiDb:250 - Set database path to: C:\Users\dbank\.stmcufinder\plugins\mcufinder//mcu/
2025-06-09 21:04:55,871 [WARN] DbFile:41 - Overriding database path with different value: C:\Users\dbank\.stmcufinder\plugins\mcufinder/ => C:\Users\dbank\.stmcufinder\plugins\mcufinder
2025-06-09 21:04:55,871 [INFO] DbMcusAds:125 - Set database path to: C:\Users\dbank\.stmcufinder\plugins\mcufinder//mcu/
2025-06-09 21:04:55,871 [WARN] DbFile:41 - Overriding database path with different value: C:\Users\dbank\.stmcufinder\plugins\mcufinder/ => C:\Users\dbank\.stmcufinder\plugins\mcufinder
2025-06-09 21:04:55,871 [WARN] DbFile:41 - Overriding database path with different value: C:\Users\dbank\.stmcufinder\plugins\mcufinder/ => C:\Users\dbank\.stmcufinder\plugins\mcufinder
2025-06-09 21:04:55,871 [INFO] CrossReferenceDbSqlite:203 - Set database path to: C:\Users\dbank\.stmcufinder\plugins\mcufinder//mcu/cs/
2025-06-09 21:04:55,916 [INFO] ApplicationProperties:184 - Using Application install path: C:\ST\STM32CubeIDE_1.15.1\STM32CubeIDE\plugins\com.st.stm32cube.common.mx_6.11.1.202404110753
2025-06-09 21:04:55,921 [INFO] PluginManage:196 - Search for loadable plugins [exclusion list=, ]
2025-06-09 21:04:55,925 [INFO] PluginManage:310 - Check plugin analytics
2025-06-09 21:04:56,612 [INFO] AnalyticsPlugin:253 - Accepted Software Licenses: STM32CubeMX.6.11.1
2025-06-09 21:04:56,612 [INFO] AnalyticsPlugin:255 - Accepted CMSIS Pack Licenses: STMicroelectronics.X-CUBE-AZRTOS-H7.3.3.0
2025-06-09 21:04:56,614 [INFO] AnalyticsPlugin:257 - Accepted Firmware Licenses: FW.H7.1.11.0,FW.H7.1.10.0,FW.L4.1.18.0,FW.F4.1.28.0,FW.MP1.1.6.0,FW.F7.1.17.0
2025-06-09 21:04:56,619 [INFO] PluginManage:359 - Loaded plugin analytics (category:tool,tabindex:-1)
2025-06-09 21:04:56,619 [INFO] PluginManage:310 - Check plugin cadmodel
2025-06-09 21:04:56,630 [INFO] CADModel:105 - Init CAD model plugin
2025-06-09 21:04:56,630 [INFO] PluginManage:359 - Loaded plugin cadmodel (category:power,tabindex:5)
2025-06-09 21:04:56,630 [INFO] PluginManage:310 - Check plugin clock
2025-06-09 21:04:56,659 [INFO] PluginManage:359 - Loaded plugin clock (category:base,tabindex:2)
2025-06-09 21:04:56,659 [INFO] PluginManage:310 - Check plugin ddr
2025-06-09 21:04:56,667 [INFO] PluginManage:359 - Loaded plugin ddr (category:tool,tabindex:6)
2025-06-09 21:04:56,669 [INFO] PluginManage:310 - Check plugin filemanager
2025-06-09 21:04:57,084 [INFO] PluginManage:359 - Loaded plugin filemanager (category:base,tabindex:10)
2025-06-09 21:04:57,084 [INFO] PluginManage:310 - Check plugin ipmanager
2025-06-09 21:04:57,098 [INFO] PluginManage:359 - Loaded plugin ipmanager (category:base,tabindex:5)
2025-06-09 21:04:57,099 [INFO] PluginManage:310 - Check plugin lpbam
2025-06-09 21:04:57,120 [INFO] PluginManage:359 - Loaded plugin lpbam (category:base,tabindex:0)
2025-06-09 21:04:57,120 [INFO] PluginManage:310 - Check plugin memorymap
2025-06-09 21:04:57,178 [INFO] PluginManage:359 - Loaded plugin memorymap (category:base,tabindex:4)
2025-06-09 21:04:57,178 [INFO] PluginManage:310 - Check plugin pinoutandconfiguration
2025-06-09 21:04:57,217 [INFO] PluginManage:359 - Loaded plugin pinoutandconfiguration (category:base,tabindex:1)
2025-06-09 21:04:57,219 [INFO] PluginManage:310 - Check plugin pinoutconfig
2025-06-09 21:04:57,601 [WARN] SupportedApi:132 - Cannot load RTOS API schema: s4s-elt-must-match.1: The content of 'definitions' must match (annotation?, (simpleType | complexType)?, (unique | key | keyref)*)). A problem was found starting at: attribute.
2025-06-09 21:04:58,065 [INFO] PluginManage:359 - Loaded plugin pinoutconfig (category:base,tabindex:0)
2025-06-09 21:04:58,065 [INFO] PluginManage:310 - Check plugin power
2025-06-09 21:04:58,093 [INFO] PluginManage:359 - Loaded plugin power (category:power,tabindex:4)
2025-06-09 21:04:58,093 [INFO] PluginManage:310 - Check plugin projectmanager
2025-06-09 21:04:58,146 [INFO] PluginManage:359 - Loaded plugin projectmanager (category:projectmanager,tabindex:3)
2025-06-09 21:04:58,146 [INFO] PluginManage:310 - Check plugin thirdparty
2025-06-09 21:04:58,794 [INFO] PluginManage:359 - Loaded plugin thirdparty (category:base,tabindex:-1)
2025-06-09 21:04:58,792 [WARN] IntegrityCheckThread:84 - waiting for thirdparty lock release [integrity check]
2025-06-09 21:04:58,794 [INFO] PluginManage:310 - Check plugin tools
2025-06-09 21:04:58,794 [INFO] IntegrityCheckThread:86 - entering critical section [integrity check]
2025-06-09 21:04:58,795 [INFO] ThirdPartyUpdaterWithRetryManager:70 - Updater plugin not ready yet. [1/15]
2025-06-09 21:04:58,800 [INFO] PluginManage:359 - Loaded plugin tools (category:base,tabindex:7)
2025-06-09 21:04:58,800 [INFO] PluginManage:310 - Check plugin tutovideos
2025-06-09 21:04:59,348 [INFO] PluginManage:359 - Loaded plugin tutovideos (category:base,tabindex:-1)
2025-06-09 21:04:59,348 [INFO] PluginManage:310 - Check plugin updater
2025-06-09 21:04:59,375 [INFO] PluginManage:359 - Loaded plugin updater (category:base,tabindex:12)
2025-06-09 21:04:59,375 [INFO] PluginManage:310 - Check plugin userauth
2025-06-09 21:04:59,390 [INFO] UserAuth:114 - Init User Auth plugin
2025-06-09 21:04:59,390 [INFO] PluginManage:359 - Loaded plugin userauth (category:base,tabindex:14)
2025-06-09 21:04:59,392 [INFO] PluginManage:283 - PluginManage : Loaded plugins [17]
2025-06-09 21:05:00,036 [INFO] PinOutPanel:1561 - setPackage(No Configuration,No Configuration)
2025-06-09 21:05:00,219 [INFO] CADModel:165 - CPN selected for project level
2025-06-09 21:05:00,219 [INFO] CADModel:114 - Register for checkConnection events
2025-06-09 21:05:00,262 [INFO] IPUIPlugin:80 - create IPUIPlugin
2025-06-09 21:05:00,262 [INFO] PluginManager:220 - loadIPPluginJar : add adc
2025-06-09 21:05:00,269 [INFO] IPUIPlugin:80 - create IPUIPlugin
2025-06-09 21:05:00,269 [INFO] PluginManager:220 - loadIPPluginJar : add aes
2025-06-09 21:05:00,275 [INFO] IPUIPlugin:80 - create IPUIPlugin
2025-06-09 21:05:00,276 [INFO] PluginManager:220 - loadIPPluginJar : add can
2025-06-09 21:05:00,280 [INFO] IPUIPlugin:80 - create IPUIPlugin
2025-06-09 21:05:00,281 [INFO] PluginManager:220 - loadIPPluginJar : add comp
2025-06-09 21:05:00,287 [INFO] IPUIPlugin:80 - create IPUIPlugin
2025-06-09 21:05:00,287 [INFO] PluginManager:220 - loadIPPluginJar : add cryp
2025-06-09 21:05:00,295 [INFO] IPUIPlugin:80 - create IPUIPlugin
2025-06-09 21:05:00,297 [INFO] PluginManager:220 - loadIPPluginJar : add dfsdm
2025-06-09 21:05:00,311 [INFO] IPUIPlugin:80 - create IPUIPlugin
2025-06-09 21:05:00,314 [INFO] PluginManager:220 - loadIPPluginJar : add dma
2025-06-09 21:05:00,325 [INFO] IPUIPlugin:80 - create IPUIPlugin
2025-06-09 21:05:00,325 [INFO] PluginManager:220 - loadIPPluginJar : add dma3
2025-06-09 21:05:00,333 [INFO] IPUIPlugin:80 - create IPUIPlugin
2025-06-09 21:05:00,333 [INFO] PluginManager:220 - loadIPPluginJar : add extmemmanager
2025-06-09 21:05:00,385 [INFO] IPUIPlugin:80 - create IPUIPlugin
2025-06-09 21:05:00,387 [INFO] PluginManager:220 - loadIPPluginJar : add fatfs
2025-06-09 21:05:00,396 [INFO] IPUIPlugin:80 - create IPUIPlugin
2025-06-09 21:05:00,396 [INFO] PluginManager:220 - loadIPPluginJar : add fmc
2025-06-09 21:05:00,428 [INFO] IPUIPlugin:80 - create IPUIPlugin
2025-06-09 21:05:00,428 [INFO] PluginManager:220 - loadIPPluginJar : add freertos
2025-06-09 21:05:00,434 [INFO] IPUIPlugin:80 - create IPUIPlugin
2025-06-09 21:05:00,434 [INFO] PluginManager:220 - loadIPPluginJar : add genericplugin
2025-06-09 21:05:00,439 [INFO] IPUIPlugin:80 - create IPUIPlugin
2025-06-09 21:05:00,440 [INFO] PluginManager:220 - loadIPPluginJar : add gfxmmu
2025-06-09 21:05:00,451 [INFO] IPUIPlugin:80 - create IPUIPlugin
2025-06-09 21:05:00,451 [INFO] PluginManager:220 - loadIPPluginJar : add gic
2025-06-09 21:05:00,462 [INFO] IPUIPlugin:80 - create IPUIPlugin
2025-06-09 21:05:00,462 [INFO] PluginManager:220 - loadIPPluginJar : add gpio
2025-06-09 21:05:00,471 [INFO] IPUIPlugin:80 - create IPUIPlugin
2025-06-09 21:05:00,471 [INFO] PluginManager:220 - loadIPPluginJar : add gtzc
2025-06-09 21:05:00,477 [INFO] IPUIPlugin:80 - create IPUIPlugin
2025-06-09 21:05:00,477 [INFO] PluginManager:220 - loadIPPluginJar : add hash
2025-06-09 21:05:00,486 [INFO] IPUIPlugin:80 - create IPUIPlugin
2025-06-09 21:05:00,486 [INFO] PluginManager:220 - loadIPPluginJar : add i2c
2025-06-09 21:05:00,494 [INFO] IPUIPlugin:80 - create IPUIPlugin
2025-06-09 21:05:00,494 [INFO] PluginManager:220 - loadIPPluginJar : add i2s
2025-06-09 21:05:00,519 [INFO] IPUIPlugin:80 - create IPUIPlugin
2025-06-09 21:05:00,519 [INFO] PluginManager:220 - loadIPPluginJar : add i3c
2025-06-09 21:05:00,532 [INFO] IPUIPlugin:80 - create IPUIPlugin
2025-06-09 21:05:00,532 [INFO] PluginManager:220 - loadIPPluginJar : add ipddr
2025-06-09 21:05:00,546 [INFO] IPUIPlugin:80 - create IPUIPlugin
2025-06-09 21:05:00,546 [INFO] PluginManager:220 - loadIPPluginJar : add linkedlist
2025-06-09 21:05:00,553 [INFO] IPUIPlugin:80 - create IPUIPlugin
2025-06-09 21:05:00,553 [INFO] PluginManager:220 - loadIPPluginJar : add lorawan
2025-06-09 21:05:00,556 [INFO] IPUIPlugin:80 - create IPUIPlugin
2025-06-09 21:05:00,557 [INFO] PluginManager:220 - loadIPPluginJar : add ltdc
2025-06-09 21:05:00,579 [INFO] IPUIPlugin:80 - create IPUIPlugin
2025-06-09 21:05:00,579 [INFO] PluginManager:220 - loadIPPluginJar : add mdma
2025-06-09 21:05:00,595 [INFO] IPUIPlugin:80 - create IPUIPlugin
2025-06-09 21:05:00,596 [INFO] PluginManager:220 - loadIPPluginJar : add nvic
2025-06-09 21:05:00,603 [INFO] IPUIPlugin:80 - create IPUIPlugin
2025-06-09 21:05:00,603 [INFO] PluginManager:220 - loadIPPluginJar : add opamp
2025-06-09 21:05:00,612 [INFO] IPUIPlugin:80 - create IPUIPlugin
2025-06-09 21:05:00,612 [INFO] PluginManager:220 - loadIPPluginJar : add openamp
2025-06-09 21:05:00,620 [INFO] IPUIPlugin:80 - create IPUIPlugin
2025-06-09 21:05:00,620 [INFO] PluginManager:220 - loadIPPluginJar : add pdm2pcm
2025-06-09 21:05:00,634 [INFO] IPUIPlugin:80 - create IPUIPlugin
2025-06-09 21:05:00,644 [INFO] PluginManager:220 - loadIPPluginJar : add plateformsettings
2025-06-09 21:05:00,702 [INFO] IPUIPlugin:80 - create IPUIPlugin
2025-06-09 21:05:00,702 [INFO] PluginManager:220 - loadIPPluginJar : add quadspi
2025-06-09 21:05:00,710 [INFO] IPUIPlugin:80 - create IPUIPlugin
2025-06-09 21:05:00,710 [INFO] PluginManager:220 - loadIPPluginJar : add resmgrutility
2025-06-09 21:05:00,714 [INFO] IPUIPlugin:80 - create IPUIPlugin
2025-06-09 21:05:00,716 [INFO] PluginManager:220 - loadIPPluginJar : add sai
2025-06-09 21:05:00,721 [INFO] IPUIPlugin:80 - create IPUIPlugin
2025-06-09 21:05:00,721 [INFO] PluginManager:220 - loadIPPluginJar : add spi
2025-06-09 21:05:00,731 [INFO] IPUIPlugin:80 - create IPUIPlugin
2025-06-09 21:05:00,731 [INFO] PluginManager:220 - loadIPPluginJar : add stm32_wpan
2025-06-09 21:05:00,737 [INFO] IPUIPlugin:80 - create IPUIPlugin
2025-06-09 21:05:00,737 [INFO] PluginManager:220 - loadIPPluginJar : add tim
2025-06-09 21:05:00,745 [INFO] IPUIPlugin:80 - create IPUIPlugin
2025-06-09 21:05:00,745 [INFO] PluginManager:220 - loadIPPluginJar : add touchsensing
2025-06-09 21:05:00,750 [INFO] IPUIPlugin:80 - create IPUIPlugin
2025-06-09 21:05:00,750 [INFO] PluginManager:220 - loadIPPluginJar : add tracer_emb
2025-06-09 21:05:00,756 [INFO] IPUIPlugin:80 - create IPUIPlugin
2025-06-09 21:05:00,756 [INFO] PluginManager:220 - loadIPPluginJar : add ts
2025-06-09 21:05:00,759 [INFO] IPUIPlugin:80 - create IPUIPlugin
2025-06-09 21:05:00,759 [INFO] PluginManager:220 - loadIPPluginJar : add tsc
2025-06-09 21:05:00,764 [INFO] IPUIPlugin:80 - create IPUIPlugin
2025-06-09 21:05:00,764 [INFO] PluginManager:220 - loadIPPluginJar : add ucpd
2025-06-09 21:05:00,768 [INFO] IPUIPlugin:80 - create IPUIPlugin
2025-06-09 21:05:00,768 [INFO] PluginManager:220 - loadIPPluginJar : add usart
2025-06-09 21:05:00,775 [INFO] IPUIPlugin:80 - create IPUIPlugin
2025-06-09 21:05:00,775 [INFO] PluginManager:220 - loadIPPluginJar : add usbx
2025-06-09 21:05:00,965 [INFO] CADModel:165 - CPN selected for project level
2025-06-09 21:05:00,965 [INFO] CADModel:114 - Register for checkConnection events
2025-06-09 21:05:00,966 [FATAL] Updater:308 - Updater called before beeing initialized
2025-06-09 21:05:00,966 [ERROR] CADModel:125 - Updater not yet initialized, retry later 
2025-06-09 21:05:01,280 [INFO] CADModel:165 - CPN selected for project level
2025-06-09 21:05:01,280 [INFO] CADModel:114 - Register for checkConnection events
2025-06-09 21:05:01,280 [FATAL] Updater:308 - Updater called before beeing initialized
2025-06-09 21:05:01,280 [ERROR] CADModel:125 - Updater not yet initialized, retry later 
2025-06-09 21:05:01,287 [FATAL] Updater:308 - Updater called before beeing initialized
2025-06-09 21:05:01,541 [FATAL] Updater:308 - Updater called before beeing initialized
2025-06-09 21:05:01,573 [INFO] DbMcusAds:53 - JSON generation date=Wed May 07 11:07:55 CEST 2025 (1746608875484)
2025-06-09 21:05:01,573 [FATAL] Updater:308 - Updater called before beeing initialized
2025-06-09 21:05:01,651 [WARN] DetailPanel:346 - Failed to get advertising image, set to default
2025-06-09 21:05:01,808 [INFO] ThirdPartyUpdaterWithRetryManager:70 - Updater plugin not ready yet. [2/15]
2025-06-09 21:05:01,810 [FATAL] Updater:308 - Updater called before beeing initialized
2025-06-09 21:05:01,819 [FATAL] Updater:308 - Updater called before beeing initialized
2025-06-09 21:05:01,819 [FATAL] Updater:308 - Updater called before beeing initialized
2025-06-09 21:05:01,819 [WARN] DetailPanel:346 - Failed to get advertising image, set to default
2025-06-09 21:05:01,819 [FATAL] Updater:308 - Updater called before beeing initialized
2025-06-09 21:05:01,988 [ERROR] Updater:1120 - MainUpdater not yet initialized. External WinMGr cannot be set.
2025-06-09 21:05:02,010 [INFO] Updater:1056 - Updater Version found : 6.11.1
2025-06-09 21:05:02,065 [INFO] ApplicationProperties:184 - Using Application install path: C:\ST\STM32CubeIDE_1.15.1\STM32CubeIDE\plugins\com.st.stm32cube.common.mx_6.11.1.202404110753
2025-06-09 21:05:03,745 [ERROR] LogOutputStream:75 - [STDERR_REDIRECT] Jun 09, 2025 9:05:03 PM java.util.prefs.WindowsPreferences <init>
2025-06-09 21:05:03,749 [ERROR] LogOutputStream:75 - [STDERR_REDIRECT] WARNING: Could not open/create prefs root node Software\JavaSoft\Prefs at root 0xffffffff80000002. Windows RegCreateKeyEx(...) returned error code 5.
2025-06-09 21:05:03,751 [ERROR] LogOutputStream:75 - [STDERR_REDIRECT] 
2025-06-09 21:05:04,819 [FATAL] Updater:308 - Updater called before beeing initialized
2025-06-09 21:05:04,821 [ERROR] IntegrityCheckThread:130 - Cannot retrieve database content from updater: error 21
2025-06-09 21:05:04,821 [INFO] ThirdParty:978 - Integrity check success = false
2025-06-09 21:05:04,821 [INFO] IntegrityCheckThread:100 - exiting critical section [integrity check]
2025-06-09 21:05:04,821 [INFO] IntegrityCheckThread:103 - End integrity checks thread
2025-06-09 21:05:04,923 [INFO] MainUpdater:2873 - connection check result : 10
2025-06-09 21:05:04,927 [INFO] MainUpdater:290 - Updater Check For Update Now.
2025-06-09 21:05:04,927 [INFO] MicroXplorer:498 - Change Database Version : DB.6.0.111
2025-06-09 21:05:04,970 [INFO] McuFinderGlobals:63 - Set McuFinder mode to 2 (CubeIDE integrated)
2025-06-09 21:05:04,997 [INFO] UserAuth:415 - Internet connection configuration mode: 1
2025-06-09 21:05:05,103 [INFO] JxBrowserEngine:152 - Initiate JxBrowser Engine with user profile folder
2025-06-09 21:05:05,267 [INFO] CheckServerUpdateThread:120 - End of CheckServer Thread
2025-06-09 21:05:12,918 [INFO] WebApp:161 - Instantiating new browser for Auth
2025-06-09 21:05:14,740 [INFO] WebApp:779 - Register for checkConnection events
2025-06-09 21:05:14,740 [INFO] WebApp:414 - Apply proxy settings
2025-06-09 21:05:14,740 [INFO] WebApp:499 - Chromium requires no authentication
2025-06-09 21:05:14,762 [INFO] WebApp:442 - Direct internet connection detected
2025-06-09 21:05:15,374 [INFO] WebApp:192 - Starting web application
2025-06-09 21:05:15,374 [INFO] WebApp:544 - Web application path used C:\ST\STM32CubeIDE_1.15.1\STM32CubeIDE\plugins\com.st.stm32cube.common.mx_6.11.1.202404110753\db\plugins\mcufinder\reactClient1\index.html
2025-06-09 22:31:20,030 [ERROR] LogOutputStream:75 - [STDERR_REDIRECT] 
