2025-05-01 07:30:14,517 [INFO] Activator:176 - 


2025-05-01 07:30:14,524 [INFO] Activator:177 - !SESSION log4j initialized
2025-05-01 07:30:21,218 [INFO] LogOutputStream:77 - [STDOUT_REDIRECT] 
2025-05-01 07:30:25,074 [INFO] ApplicationProperties:184 - Using Application install path: C:\ST\STM32CubeIDE_1.15.1\STM32CubeIDE\plugins\com.st.stm32cube.common.mx_6.11.1.202404110753
2025-05-01 07:30:25,112 [INFO] DbMcusXml:78 - Set database path to: C:\ST\STM32CubeIDE_1.15.1\STM32CubeIDE\plugins\com.st.stm32cube.common.mx_6.11.1.202404110753\\db\/mcu/
2025-05-01 07:30:25,112 [INFO] ApiDb:274 - Set plugin database path to: C:\ST\STM32CubeIDE_1.15.1\STM32CubeIDE\plugins\com.st.stm32cube.common.mx_6.11.1.202404110753\\db\/plugins/boardmanager/
2025-05-01 07:30:25,114 [WARN] ApiDb:259 - Overriding images path with different value:  => C:\ST\STM32CubeIDE_1.15.1\STM32CubeIDE\plugins\com.st.stm32cube.common.mx_6.11.1.202404110753\\db\/plugins/mcufinder/images/
2025-05-01 07:30:25,135 [INFO] ApiDb:250 - Set database path to: C:\Users\dbank\.stmcufinder\plugins\mcufinder//mcu/
2025-05-01 07:30:25,137 [INFO] DbMcusAds:125 - Set database path to: C:\Users\dbank\.stmcufinder\plugins\mcufinder//mcu/
2025-05-01 07:30:25,141 [INFO] CrossReferenceDbSqlite:203 - Set database path to: C:\Users\dbank\.stmcufinder\plugins\mcufinder//mcu/cs/
2025-05-01 07:30:25,404 [INFO] RulesReader:64 - Compatibility file has been processed (297 Rules)
2025-05-01 07:30:25,678 [INFO] DbMcusXml:78 - Set database path to: C:\ST\STM32CubeIDE_1.15.1\STM32CubeIDE\plugins\com.st.stm32cube.common.mx_6.11.1.202404110753\\db\/mcu/
2025-05-01 07:30:25,679 [INFO] ApiDb:274 - Set plugin database path to: C:\ST\STM32CubeIDE_1.15.1\STM32CubeIDE\plugins\com.st.stm32cube.common.mx_6.11.1.202404110753\\db\/plugins/boardmanager/
2025-05-01 07:30:25,680 [INFO] ApiDb:261 - Set plugin images path to: C:\ST\STM32CubeIDE_1.15.1\STM32CubeIDE\plugins\com.st.stm32cube.common.mx_6.11.1.202404110753\\db\/plugins/mcufinder/images/
2025-05-01 07:30:25,680 [WARN] DbFile:41 - Overriding database path with different value: C:\Users\dbank\.stmcufinder\plugins\mcufinder/ => C:\Users\dbank\.stmcufinder\plugins\mcufinder
2025-05-01 07:30:25,680 [INFO] ApiDb:250 - Set database path to: C:\Users\dbank\.stmcufinder\plugins\mcufinder//mcu/
2025-05-01 07:30:25,680 [WARN] DbFile:41 - Overriding database path with different value: C:\Users\dbank\.stmcufinder\plugins\mcufinder/ => C:\Users\dbank\.stmcufinder\plugins\mcufinder
2025-05-01 07:30:25,680 [INFO] DbMcusAds:125 - Set database path to: C:\Users\dbank\.stmcufinder\plugins\mcufinder//mcu/
2025-05-01 07:30:25,680 [WARN] DbFile:41 - Overriding database path with different value: C:\Users\dbank\.stmcufinder\plugins\mcufinder/ => C:\Users\dbank\.stmcufinder\plugins\mcufinder
2025-05-01 07:30:25,680 [WARN] DbFile:41 - Overriding database path with different value: C:\Users\dbank\.stmcufinder\plugins\mcufinder/ => C:\Users\dbank\.stmcufinder\plugins\mcufinder
2025-05-01 07:30:25,681 [INFO] CrossReferenceDbSqlite:203 - Set database path to: C:\Users\dbank\.stmcufinder\plugins\mcufinder//mcu/cs/
2025-05-01 07:30:25,926 [INFO] MainPanel:264 - HeapMemory: 268435456
2025-05-01 07:30:26,158 [INFO] DbMcusXml:78 - Set database path to: C:\ST\STM32CubeIDE_1.15.1\STM32CubeIDE\plugins\com.st.stm32cube.common.mx_6.11.1.202404110753\\db\/mcu/
2025-05-01 07:30:26,159 [INFO] ApiDb:274 - Set plugin database path to: C:\ST\STM32CubeIDE_1.15.1\STM32CubeIDE\plugins\com.st.stm32cube.common.mx_6.11.1.202404110753\\db\/plugins/boardmanager/
2025-05-01 07:30:26,159 [INFO] ApiDb:261 - Set plugin images path to: C:\ST\STM32CubeIDE_1.15.1\STM32CubeIDE\plugins\com.st.stm32cube.common.mx_6.11.1.202404110753\\db\/plugins/mcufinder/images/
2025-05-01 07:30:26,159 [WARN] DbFile:41 - Overriding database path with different value: C:\Users\dbank\.stmcufinder\plugins\mcufinder/ => C:\Users\dbank\.stmcufinder\plugins\mcufinder
2025-05-01 07:30:26,159 [INFO] ApiDb:250 - Set database path to: C:\Users\dbank\.stmcufinder\plugins\mcufinder//mcu/
2025-05-01 07:30:26,160 [WARN] DbFile:41 - Overriding database path with different value: C:\Users\dbank\.stmcufinder\plugins\mcufinder/ => C:\Users\dbank\.stmcufinder\plugins\mcufinder
2025-05-01 07:30:26,160 [INFO] DbMcusAds:125 - Set database path to: C:\Users\dbank\.stmcufinder\plugins\mcufinder//mcu/
2025-05-01 07:30:26,160 [WARN] DbFile:41 - Overriding database path with different value: C:\Users\dbank\.stmcufinder\plugins\mcufinder/ => C:\Users\dbank\.stmcufinder\plugins\mcufinder
2025-05-01 07:30:26,161 [WARN] DbFile:41 - Overriding database path with different value: C:\Users\dbank\.stmcufinder\plugins\mcufinder/ => C:\Users\dbank\.stmcufinder\plugins\mcufinder
2025-05-01 07:30:26,161 [INFO] CrossReferenceDbSqlite:203 - Set database path to: C:\Users\dbank\.stmcufinder\plugins\mcufinder//mcu/cs/
2025-05-01 07:30:26,206 [INFO] ApplicationProperties:184 - Using Application install path: C:\ST\STM32CubeIDE_1.15.1\STM32CubeIDE\plugins\com.st.stm32cube.common.mx_6.11.1.202404110753
2025-05-01 07:30:26,210 [INFO] PluginManage:196 - Search for loadable plugins [exclusion list=, ]
2025-05-01 07:30:26,215 [INFO] PluginManage:310 - Check plugin analytics
2025-05-01 07:30:26,670 [INFO] AnalyticsPlugin:253 - Accepted Software Licenses: STM32CubeMX.6.11.1
2025-05-01 07:30:26,671 [INFO] AnalyticsPlugin:255 - Accepted CMSIS Pack Licenses: STMicroelectronics.X-CUBE-AZRTOS-H7.3.3.0
2025-05-01 07:30:26,671 [INFO] AnalyticsPlugin:257 - Accepted Firmware Licenses: FW.H7.1.11.0,FW.H7.1.10.0,FW.L4.1.18.0,FW.F4.1.28.0
2025-05-01 07:30:26,677 [INFO] PluginManage:359 - Loaded plugin analytics (category:tool,tabindex:-1)
2025-05-01 07:30:26,677 [INFO] PluginManage:310 - Check plugin cadmodel
2025-05-01 07:30:26,689 [INFO] CADModel:105 - Init CAD model plugin
2025-05-01 07:30:26,691 [INFO] PluginManage:359 - Loaded plugin cadmodel (category:power,tabindex:5)
2025-05-01 07:30:26,691 [INFO] PluginManage:310 - Check plugin clock
2025-05-01 07:30:26,740 [INFO] PluginManage:359 - Loaded plugin clock (category:base,tabindex:2)
2025-05-01 07:30:26,740 [INFO] PluginManage:310 - Check plugin ddr
2025-05-01 07:30:26,748 [INFO] PluginManage:359 - Loaded plugin ddr (category:tool,tabindex:6)
2025-05-01 07:30:26,748 [INFO] PluginManage:310 - Check plugin filemanager
2025-05-01 07:30:27,308 [INFO] PluginManage:359 - Loaded plugin filemanager (category:base,tabindex:10)
2025-05-01 07:30:27,309 [INFO] PluginManage:310 - Check plugin ipmanager
2025-05-01 07:30:27,326 [INFO] PluginManage:359 - Loaded plugin ipmanager (category:base,tabindex:5)
2025-05-01 07:30:27,326 [INFO] PluginManage:310 - Check plugin lpbam
2025-05-01 07:30:27,342 [INFO] PluginManage:359 - Loaded plugin lpbam (category:base,tabindex:0)
2025-05-01 07:30:27,343 [INFO] PluginManage:310 - Check plugin memorymap
2025-05-01 07:30:27,392 [INFO] PluginManage:359 - Loaded plugin memorymap (category:base,tabindex:4)
2025-05-01 07:30:27,392 [INFO] PluginManage:310 - Check plugin pinoutandconfiguration
2025-05-01 07:30:27,434 [INFO] PluginManage:359 - Loaded plugin pinoutandconfiguration (category:base,tabindex:1)
2025-05-01 07:30:27,434 [INFO] PluginManage:310 - Check plugin pinoutconfig
2025-05-01 07:30:27,694 [WARN] SupportedApi:132 - Cannot load RTOS API schema: s4s-elt-must-match.1: The content of 'definitions' must match (annotation?, (simpleType | complexType)?, (unique | key | keyref)*)). A problem was found starting at: attribute.
2025-05-01 07:30:28,208 [INFO] PluginManage:359 - Loaded plugin pinoutconfig (category:base,tabindex:0)
2025-05-01 07:30:28,208 [INFO] PluginManage:310 - Check plugin power
2025-05-01 07:30:28,233 [INFO] PluginManage:359 - Loaded plugin power (category:power,tabindex:4)
2025-05-01 07:30:28,234 [INFO] PluginManage:310 - Check plugin projectmanager
2025-05-01 07:30:28,286 [INFO] PluginManage:359 - Loaded plugin projectmanager (category:projectmanager,tabindex:3)
2025-05-01 07:30:28,286 [INFO] PluginManage:310 - Check plugin thirdparty
2025-05-01 07:30:28,653 [WARN] IntegrityCheckThread:84 - waiting for thirdparty lock release [integrity check]
2025-05-01 07:30:28,653 [INFO] IntegrityCheckThread:86 - entering critical section [integrity check]
2025-05-01 07:30:28,654 [INFO] PluginManage:359 - Loaded plugin thirdparty (category:base,tabindex:-1)
2025-05-01 07:30:28,654 [INFO] ThirdPartyUpdaterWithRetryManager:70 - Updater plugin not ready yet. [1/15]
2025-05-01 07:30:28,654 [INFO] PluginManage:310 - Check plugin tools
2025-05-01 07:30:28,661 [INFO] PluginManage:359 - Loaded plugin tools (category:base,tabindex:7)
2025-05-01 07:30:28,661 [INFO] PluginManage:310 - Check plugin tutovideos
2025-05-01 07:30:29,468 [INFO] PluginManage:359 - Loaded plugin tutovideos (category:base,tabindex:-1)
2025-05-01 07:30:29,469 [INFO] PluginManage:310 - Check plugin updater
2025-05-01 07:30:29,506 [INFO] PluginManage:359 - Loaded plugin updater (category:base,tabindex:12)
2025-05-01 07:30:29,507 [INFO] PluginManage:310 - Check plugin userauth
2025-05-01 07:30:29,521 [INFO] UserAuth:114 - Init User Auth plugin
2025-05-01 07:30:29,521 [INFO] PluginManage:359 - Loaded plugin userauth (category:base,tabindex:14)
2025-05-01 07:30:29,524 [INFO] PluginManage:283 - PluginManage : Loaded plugins [17]
2025-05-01 07:30:30,370 [INFO] PinOutPanel:1561 - setPackage(No Configuration,No Configuration)
2025-05-01 07:30:30,613 [INFO] CADModel:165 - CPN selected for project level
2025-05-01 07:30:30,614 [INFO] CADModel:114 - Register for checkConnection events
2025-05-01 07:30:30,659 [INFO] IPUIPlugin:80 - create IPUIPlugin
2025-05-01 07:30:30,660 [INFO] PluginManager:220 - loadIPPluginJar : add adc
2025-05-01 07:30:30,666 [INFO] IPUIPlugin:80 - create IPUIPlugin
2025-05-01 07:30:30,667 [INFO] PluginManager:220 - loadIPPluginJar : add aes
2025-05-01 07:30:30,674 [INFO] IPUIPlugin:80 - create IPUIPlugin
2025-05-01 07:30:30,674 [INFO] PluginManager:220 - loadIPPluginJar : add can
2025-05-01 07:30:30,679 [INFO] IPUIPlugin:80 - create IPUIPlugin
2025-05-01 07:30:30,679 [INFO] PluginManager:220 - loadIPPluginJar : add comp
2025-05-01 07:30:30,685 [INFO] IPUIPlugin:80 - create IPUIPlugin
2025-05-01 07:30:30,685 [INFO] PluginManager:220 - loadIPPluginJar : add cryp
2025-05-01 07:30:30,691 [INFO] IPUIPlugin:80 - create IPUIPlugin
2025-05-01 07:30:30,691 [INFO] PluginManager:220 - loadIPPluginJar : add dfsdm
2025-05-01 07:30:30,703 [INFO] IPUIPlugin:80 - create IPUIPlugin
2025-05-01 07:30:30,705 [INFO] PluginManager:220 - loadIPPluginJar : add dma
2025-05-01 07:30:30,713 [INFO] IPUIPlugin:80 - create IPUIPlugin
2025-05-01 07:30:30,713 [INFO] PluginManager:220 - loadIPPluginJar : add dma3
2025-05-01 07:30:30,719 [INFO] IPUIPlugin:80 - create IPUIPlugin
2025-05-01 07:30:30,719 [INFO] PluginManager:220 - loadIPPluginJar : add extmemmanager
2025-05-01 07:30:30,724 [INFO] IPUIPlugin:80 - create IPUIPlugin
2025-05-01 07:30:30,724 [INFO] PluginManager:220 - loadIPPluginJar : add fatfs
2025-05-01 07:30:30,734 [INFO] IPUIPlugin:80 - create IPUIPlugin
2025-05-01 07:30:30,734 [INFO] PluginManager:220 - loadIPPluginJar : add fmc
2025-05-01 07:30:30,762 [INFO] IPUIPlugin:80 - create IPUIPlugin
2025-05-01 07:30:30,763 [INFO] PluginManager:220 - loadIPPluginJar : add freertos
2025-05-01 07:30:30,767 [INFO] IPUIPlugin:80 - create IPUIPlugin
2025-05-01 07:30:30,767 [INFO] PluginManager:220 - loadIPPluginJar : add genericplugin
2025-05-01 07:30:30,774 [INFO] IPUIPlugin:80 - create IPUIPlugin
2025-05-01 07:30:30,774 [INFO] PluginManager:220 - loadIPPluginJar : add gfxmmu
2025-05-01 07:30:30,786 [INFO] IPUIPlugin:80 - create IPUIPlugin
2025-05-01 07:30:30,787 [INFO] PluginManager:220 - loadIPPluginJar : add gic
2025-05-01 07:30:30,796 [INFO] IPUIPlugin:80 - create IPUIPlugin
2025-05-01 07:30:30,796 [INFO] PluginManager:220 - loadIPPluginJar : add gpio
2025-05-01 07:30:30,809 [INFO] IPUIPlugin:80 - create IPUIPlugin
2025-05-01 07:30:30,809 [INFO] PluginManager:220 - loadIPPluginJar : add gtzc
2025-05-01 07:30:30,816 [INFO] IPUIPlugin:80 - create IPUIPlugin
2025-05-01 07:30:30,816 [INFO] PluginManager:220 - loadIPPluginJar : add hash
2025-05-01 07:30:30,827 [INFO] IPUIPlugin:80 - create IPUIPlugin
2025-05-01 07:30:30,828 [INFO] PluginManager:220 - loadIPPluginJar : add i2c
2025-05-01 07:30:30,834 [INFO] IPUIPlugin:80 - create IPUIPlugin
2025-05-01 07:30:30,834 [INFO] PluginManager:220 - loadIPPluginJar : add i2s
2025-05-01 07:30:30,845 [INFO] IPUIPlugin:80 - create IPUIPlugin
2025-05-01 07:30:30,846 [INFO] PluginManager:220 - loadIPPluginJar : add i3c
2025-05-01 07:30:30,853 [INFO] IPUIPlugin:80 - create IPUIPlugin
2025-05-01 07:30:30,853 [INFO] PluginManager:220 - loadIPPluginJar : add ipddr
2025-05-01 07:30:30,865 [INFO] IPUIPlugin:80 - create IPUIPlugin
2025-05-01 07:30:30,866 [INFO] PluginManager:220 - loadIPPluginJar : add linkedlist
2025-05-01 07:30:30,874 [INFO] IPUIPlugin:80 - create IPUIPlugin
2025-05-01 07:30:30,875 [INFO] PluginManager:220 - loadIPPluginJar : add lorawan
2025-05-01 07:30:30,879 [INFO] IPUIPlugin:80 - create IPUIPlugin
2025-05-01 07:30:30,880 [INFO] PluginManager:220 - loadIPPluginJar : add ltdc
2025-05-01 07:30:30,900 [INFO] IPUIPlugin:80 - create IPUIPlugin
2025-05-01 07:30:30,900 [INFO] PluginManager:220 - loadIPPluginJar : add mdma
2025-05-01 07:30:30,920 [INFO] IPUIPlugin:80 - create IPUIPlugin
2025-05-01 07:30:30,921 [INFO] PluginManager:220 - loadIPPluginJar : add nvic
2025-05-01 07:30:30,928 [INFO] IPUIPlugin:80 - create IPUIPlugin
2025-05-01 07:30:30,929 [INFO] PluginManager:220 - loadIPPluginJar : add opamp
2025-05-01 07:30:30,938 [INFO] IPUIPlugin:80 - create IPUIPlugin
2025-05-01 07:30:30,938 [INFO] PluginManager:220 - loadIPPluginJar : add openamp
2025-05-01 07:30:30,946 [INFO] IPUIPlugin:80 - create IPUIPlugin
2025-05-01 07:30:30,946 [INFO] PluginManager:220 - loadIPPluginJar : add pdm2pcm
2025-05-01 07:30:30,959 [INFO] IPUIPlugin:80 - create IPUIPlugin
2025-05-01 07:30:30,965 [INFO] PluginManager:220 - loadIPPluginJar : add plateformsettings
2025-05-01 07:30:30,969 [INFO] IPUIPlugin:80 - create IPUIPlugin
2025-05-01 07:30:30,969 [INFO] PluginManager:220 - loadIPPluginJar : add quadspi
2025-05-01 07:30:30,977 [INFO] IPUIPlugin:80 - create IPUIPlugin
2025-05-01 07:30:30,977 [INFO] PluginManager:220 - loadIPPluginJar : add resmgrutility
2025-05-01 07:30:30,985 [INFO] IPUIPlugin:80 - create IPUIPlugin
2025-05-01 07:30:30,985 [INFO] PluginManager:220 - loadIPPluginJar : add sai
2025-05-01 07:30:30,992 [INFO] IPUIPlugin:80 - create IPUIPlugin
2025-05-01 07:30:30,992 [INFO] PluginManager:220 - loadIPPluginJar : add spi
2025-05-01 07:30:31,004 [INFO] IPUIPlugin:80 - create IPUIPlugin
2025-05-01 07:30:31,004 [INFO] PluginManager:220 - loadIPPluginJar : add stm32_wpan
2025-05-01 07:30:31,010 [INFO] IPUIPlugin:80 - create IPUIPlugin
2025-05-01 07:30:31,010 [INFO] PluginManager:220 - loadIPPluginJar : add tim
2025-05-01 07:30:31,018 [INFO] IPUIPlugin:80 - create IPUIPlugin
2025-05-01 07:30:31,018 [INFO] PluginManager:220 - loadIPPluginJar : add touchsensing
2025-05-01 07:30:31,023 [INFO] IPUIPlugin:80 - create IPUIPlugin
2025-05-01 07:30:31,023 [INFO] PluginManager:220 - loadIPPluginJar : add tracer_emb
2025-05-01 07:30:31,028 [INFO] IPUIPlugin:80 - create IPUIPlugin
2025-05-01 07:30:31,028 [INFO] PluginManager:220 - loadIPPluginJar : add ts
2025-05-01 07:30:31,033 [INFO] IPUIPlugin:80 - create IPUIPlugin
2025-05-01 07:30:31,033 [INFO] PluginManager:220 - loadIPPluginJar : add tsc
2025-05-01 07:30:31,037 [INFO] IPUIPlugin:80 - create IPUIPlugin
2025-05-01 07:30:31,037 [INFO] PluginManager:220 - loadIPPluginJar : add ucpd
2025-05-01 07:30:31,045 [INFO] IPUIPlugin:80 - create IPUIPlugin
2025-05-01 07:30:31,045 [INFO] PluginManager:220 - loadIPPluginJar : add usart
2025-05-01 07:30:31,054 [INFO] IPUIPlugin:80 - create IPUIPlugin
2025-05-01 07:30:31,055 [INFO] PluginManager:220 - loadIPPluginJar : add usbx
2025-05-01 07:30:31,360 [INFO] CADModel:165 - CPN selected for project level
2025-05-01 07:30:31,360 [INFO] CADModel:114 - Register for checkConnection events
2025-05-01 07:30:31,360 [FATAL] Updater:308 - Updater called before beeing initialized
2025-05-01 07:30:31,360 [ERROR] CADModel:125 - Updater not yet initialized, retry later 
2025-05-01 07:30:31,658 [INFO] ThirdPartyUpdaterWithRetryManager:70 - Updater plugin not ready yet. [2/15]
2025-05-01 07:30:32,075 [INFO] CADModel:165 - CPN selected for project level
2025-05-01 07:30:32,076 [INFO] CADModel:114 - Register for checkConnection events
2025-05-01 07:30:32,078 [FATAL] Updater:308 - Updater called before beeing initialized
2025-05-01 07:30:32,078 [ERROR] CADModel:125 - Updater not yet initialized, retry later 
2025-05-01 07:30:32,085 [FATAL] Updater:308 - Updater called before beeing initialized
2025-05-01 07:30:32,532 [FATAL] Updater:308 - Updater called before beeing initialized
2025-05-01 07:30:32,541 [INFO] DbMcusAds:53 - JSON generation date=Fri Sep 20 15:04:23 CEST 2024 (1726837463113)
2025-05-01 07:30:32,541 [FATAL] Updater:308 - Updater called before beeing initialized
2025-05-01 07:30:32,634 [WARN] DetailPanel:346 - Failed to get advertising image, set to default
2025-05-01 07:30:32,898 [FATAL] Updater:308 - Updater called before beeing initialized
2025-05-01 07:30:32,902 [FATAL] Updater:308 - Updater called before beeing initialized
2025-05-01 07:30:32,903 [FATAL] Updater:308 - Updater called before beeing initialized
2025-05-01 07:30:32,903 [WARN] DetailPanel:346 - Failed to get advertising image, set to default
2025-05-01 07:30:32,904 [FATAL] Updater:308 - Updater called before beeing initialized
2025-05-01 07:30:33,080 [ERROR] Updater:1120 - MainUpdater not yet initialized. External WinMGr cannot be set.
2025-05-01 07:30:33,087 [INFO] Updater:1056 - Updater Version found : 6.11.1
2025-05-01 07:30:33,128 [INFO] ApplicationProperties:184 - Using Application install path: C:\ST\STM32CubeIDE_1.15.1\STM32CubeIDE\plugins\com.st.stm32cube.common.mx_6.11.1.202404110753
2025-05-01 07:30:34,674 [FATAL] Updater:308 - Updater called before beeing initialized
2025-05-01 07:30:34,680 [ERROR] IntegrityCheckThread:130 - Cannot retrieve database content from updater: error 21
2025-05-01 07:30:34,682 [INFO] ThirdParty:978 - Integrity check success = false
2025-05-01 07:30:34,682 [INFO] IntegrityCheckThread:100 - exiting critical section [integrity check]
2025-05-01 07:30:34,682 [INFO] IntegrityCheckThread:103 - End integrity checks thread
2025-05-01 07:30:34,731 [ERROR] LogOutputStream:75 - [STDERR_REDIRECT] May 01, 2025 7:30:34 AM java.util.prefs.WindowsPreferences <init>
2025-05-01 07:30:34,735 [ERROR] LogOutputStream:75 - [STDERR_REDIRECT] WARNING: Could not open/create prefs root node Software\JavaSoft\Prefs at root 0xffffffff80000002. Windows RegCreateKeyEx(...) returned error code 5.
2025-05-01 07:30:34,735 [ERROR] LogOutputStream:75 - [STDERR_REDIRECT] 
2025-05-01 07:30:35,863 [INFO] MainUpdater:2873 - connection check result : 10
2025-05-01 07:30:35,865 [INFO] MainUpdater:290 - Updater Check For Update Now.
2025-05-01 07:30:35,866 [INFO] MicroXplorer:498 - Change Database Version : DB.6.0.111
2025-05-01 07:30:35,888 [INFO] McuFinderGlobals:63 - Set McuFinder mode to 2 (CubeIDE integrated)
2025-05-01 07:30:35,928 [INFO] UserAuth:415 - Internet connection configuration mode: 1
2025-05-01 07:30:36,014 [INFO] JxBrowserEngine:152 - Initiate JxBrowser Engine with user profile folder
2025-05-01 07:30:36,210 [INFO] CheckServerUpdateThread:120 - End of CheckServer Thread
2025-05-01 07:30:37,860 [INFO] WebApp:161 - Instantiating new browser for Auth
2025-05-01 07:30:39,278 [INFO] WebApp:779 - Register for checkConnection events
2025-05-01 07:30:39,278 [INFO] WebApp:414 - Apply proxy settings
2025-05-01 07:30:39,278 [INFO] WebApp:499 - Chromium requires no authentication
2025-05-01 07:30:39,297 [INFO] WebApp:442 - Direct internet connection detected
2025-05-01 07:30:39,966 [INFO] WebApp:192 - Starting web application
2025-05-01 07:30:39,966 [INFO] WebApp:544 - Web application path used C:\ST\STM32CubeIDE_1.15.1\STM32CubeIDE\plugins\com.st.stm32cube.common.mx_6.11.1.202404110753\db\plugins\mcufinder\reactClient1\index.html
2025-05-01 07:35:35,118 [ERROR] LogOutputStream:75 - [STDERR_REDIRECT] 
2025-05-01 20:41:27,687 [INFO] Activator:176 - 


2025-05-01 20:41:27,691 [INFO] Activator:177 - !SESSION log4j initialized
2025-05-01 20:41:36,173 [INFO] LogOutputStream:77 - [STDOUT_REDIRECT] 
2025-05-01 20:41:41,167 [INFO] ApplicationProperties:184 - Using Application install path: C:\ST\STM32CubeIDE_1.15.1\STM32CubeIDE\plugins\com.st.stm32cube.common.mx_6.11.1.202404110753
2025-05-01 20:41:41,210 [INFO] DbMcusXml:78 - Set database path to: C:\ST\STM32CubeIDE_1.15.1\STM32CubeIDE\plugins\com.st.stm32cube.common.mx_6.11.1.202404110753\\db\/mcu/
2025-05-01 20:41:41,212 [INFO] ApiDb:274 - Set plugin database path to: C:\ST\STM32CubeIDE_1.15.1\STM32CubeIDE\plugins\com.st.stm32cube.common.mx_6.11.1.202404110753\\db\/plugins/boardmanager/
2025-05-01 20:41:41,212 [WARN] ApiDb:259 - Overriding images path with different value:  => C:\ST\STM32CubeIDE_1.15.1\STM32CubeIDE\plugins\com.st.stm32cube.common.mx_6.11.1.202404110753\\db\/plugins/mcufinder/images/
2025-05-01 20:41:41,240 [INFO] ApiDb:250 - Set database path to: C:\Users\dbank\.stmcufinder\plugins\mcufinder//mcu/
2025-05-01 20:41:41,243 [INFO] DbMcusAds:125 - Set database path to: C:\Users\dbank\.stmcufinder\plugins\mcufinder//mcu/
2025-05-01 20:41:41,247 [INFO] CrossReferenceDbSqlite:203 - Set database path to: C:\Users\dbank\.stmcufinder\plugins\mcufinder//mcu/cs/
2025-05-01 20:41:41,461 [INFO] RulesReader:64 - Compatibility file has been processed (297 Rules)
2025-05-01 20:41:41,600 [INFO] DbMcusXml:78 - Set database path to: C:\ST\STM32CubeIDE_1.15.1\STM32CubeIDE\plugins\com.st.stm32cube.common.mx_6.11.1.202404110753\\db\/mcu/
2025-05-01 20:41:41,600 [INFO] ApiDb:274 - Set plugin database path to: C:\ST\STM32CubeIDE_1.15.1\STM32CubeIDE\plugins\com.st.stm32cube.common.mx_6.11.1.202404110753\\db\/plugins/boardmanager/
2025-05-01 20:41:41,600 [INFO] ApiDb:261 - Set plugin images path to: C:\ST\STM32CubeIDE_1.15.1\STM32CubeIDE\plugins\com.st.stm32cube.common.mx_6.11.1.202404110753\\db\/plugins/mcufinder/images/
2025-05-01 20:41:41,600 [WARN] DbFile:41 - Overriding database path with different value: C:\Users\dbank\.stmcufinder\plugins\mcufinder/ => C:\Users\dbank\.stmcufinder\plugins\mcufinder
2025-05-01 20:41:41,600 [INFO] ApiDb:250 - Set database path to: C:\Users\dbank\.stmcufinder\plugins\mcufinder//mcu/
2025-05-01 20:41:41,602 [WARN] DbFile:41 - Overriding database path with different value: C:\Users\dbank\.stmcufinder\plugins\mcufinder/ => C:\Users\dbank\.stmcufinder\plugins\mcufinder
2025-05-01 20:41:41,602 [INFO] DbMcusAds:125 - Set database path to: C:\Users\dbank\.stmcufinder\plugins\mcufinder//mcu/
2025-05-01 20:41:41,602 [WARN] DbFile:41 - Overriding database path with different value: C:\Users\dbank\.stmcufinder\plugins\mcufinder/ => C:\Users\dbank\.stmcufinder\plugins\mcufinder
2025-05-01 20:41:41,602 [WARN] DbFile:41 - Overriding database path with different value: C:\Users\dbank\.stmcufinder\plugins\mcufinder/ => C:\Users\dbank\.stmcufinder\plugins\mcufinder
2025-05-01 20:41:41,602 [INFO] CrossReferenceDbSqlite:203 - Set database path to: C:\Users\dbank\.stmcufinder\plugins\mcufinder//mcu/cs/
2025-05-01 20:41:41,730 [INFO] MainPanel:264 - HeapMemory: 268435456
2025-05-01 20:41:41,890 [INFO] DbMcusXml:78 - Set database path to: C:\ST\STM32CubeIDE_1.15.1\STM32CubeIDE\plugins\com.st.stm32cube.common.mx_6.11.1.202404110753\\db\/mcu/
2025-05-01 20:41:41,891 [INFO] ApiDb:274 - Set plugin database path to: C:\ST\STM32CubeIDE_1.15.1\STM32CubeIDE\plugins\com.st.stm32cube.common.mx_6.11.1.202404110753\\db\/plugins/boardmanager/
2025-05-01 20:41:41,891 [INFO] ApiDb:261 - Set plugin images path to: C:\ST\STM32CubeIDE_1.15.1\STM32CubeIDE\plugins\com.st.stm32cube.common.mx_6.11.1.202404110753\\db\/plugins/mcufinder/images/
2025-05-01 20:41:41,891 [WARN] DbFile:41 - Overriding database path with different value: C:\Users\dbank\.stmcufinder\plugins\mcufinder/ => C:\Users\dbank\.stmcufinder\plugins\mcufinder
2025-05-01 20:41:41,893 [INFO] ApiDb:250 - Set database path to: C:\Users\dbank\.stmcufinder\plugins\mcufinder//mcu/
2025-05-01 20:41:41,893 [WARN] DbFile:41 - Overriding database path with different value: C:\Users\dbank\.stmcufinder\plugins\mcufinder/ => C:\Users\dbank\.stmcufinder\plugins\mcufinder
2025-05-01 20:41:41,893 [INFO] DbMcusAds:125 - Set database path to: C:\Users\dbank\.stmcufinder\plugins\mcufinder//mcu/
2025-05-01 20:41:41,893 [WARN] DbFile:41 - Overriding database path with different value: C:\Users\dbank\.stmcufinder\plugins\mcufinder/ => C:\Users\dbank\.stmcufinder\plugins\mcufinder
2025-05-01 20:41:41,893 [WARN] DbFile:41 - Overriding database path with different value: C:\Users\dbank\.stmcufinder\plugins\mcufinder/ => C:\Users\dbank\.stmcufinder\plugins\mcufinder
2025-05-01 20:41:41,893 [INFO] CrossReferenceDbSqlite:203 - Set database path to: C:\Users\dbank\.stmcufinder\plugins\mcufinder//mcu/cs/
2025-05-01 20:41:41,926 [INFO] ApplicationProperties:184 - Using Application install path: C:\ST\STM32CubeIDE_1.15.1\STM32CubeIDE\plugins\com.st.stm32cube.common.mx_6.11.1.202404110753
2025-05-01 20:41:41,929 [INFO] PluginManage:196 - Search for loadable plugins [exclusion list=, ]
2025-05-01 20:41:41,932 [INFO] PluginManage:310 - Check plugin analytics
2025-05-01 20:41:42,372 [INFO] AnalyticsPlugin:253 - Accepted Software Licenses: STM32CubeMX.6.11.1
2025-05-01 20:41:42,374 [INFO] AnalyticsPlugin:255 - Accepted CMSIS Pack Licenses: STMicroelectronics.X-CUBE-AZRTOS-H7.3.3.0
2025-05-01 20:41:42,374 [INFO] AnalyticsPlugin:257 - Accepted Firmware Licenses: FW.H7.1.11.0,FW.H7.1.10.0,FW.L4.1.18.0,FW.F4.1.28.0
2025-05-01 20:41:42,377 [INFO] PluginManage:359 - Loaded plugin analytics (category:tool,tabindex:-1)
2025-05-01 20:41:42,378 [INFO] PluginManage:310 - Check plugin cadmodel
2025-05-01 20:41:42,406 [INFO] CADModel:105 - Init CAD model plugin
2025-05-01 20:41:42,406 [INFO] PluginManage:359 - Loaded plugin cadmodel (category:power,tabindex:5)
2025-05-01 20:41:42,406 [INFO] PluginManage:310 - Check plugin clock
2025-05-01 20:41:42,444 [INFO] PluginManage:359 - Loaded plugin clock (category:base,tabindex:2)
2025-05-01 20:41:42,444 [INFO] PluginManage:310 - Check plugin ddr
2025-05-01 20:41:42,450 [INFO] PluginManage:359 - Loaded plugin ddr (category:tool,tabindex:6)
2025-05-01 20:41:42,450 [INFO] PluginManage:310 - Check plugin filemanager
2025-05-01 20:41:42,760 [INFO] PluginManage:359 - Loaded plugin filemanager (category:base,tabindex:10)
2025-05-01 20:41:42,760 [INFO] PluginManage:310 - Check plugin ipmanager
2025-05-01 20:41:42,771 [INFO] PluginManage:359 - Loaded plugin ipmanager (category:base,tabindex:5)
2025-05-01 20:41:42,771 [INFO] PluginManage:310 - Check plugin lpbam
2025-05-01 20:41:42,802 [INFO] PluginManage:359 - Loaded plugin lpbam (category:base,tabindex:0)
2025-05-01 20:41:42,802 [INFO] PluginManage:310 - Check plugin memorymap
2025-05-01 20:41:42,849 [INFO] PluginManage:359 - Loaded plugin memorymap (category:base,tabindex:4)
2025-05-01 20:41:42,850 [INFO] PluginManage:310 - Check plugin pinoutandconfiguration
2025-05-01 20:41:42,883 [INFO] PluginManage:359 - Loaded plugin pinoutandconfiguration (category:base,tabindex:1)
2025-05-01 20:41:42,883 [INFO] PluginManage:310 - Check plugin pinoutconfig
2025-05-01 20:41:43,167 [WARN] SupportedApi:132 - Cannot load RTOS API schema: s4s-elt-must-match.1: The content of 'definitions' must match (annotation?, (simpleType | complexType)?, (unique | key | keyref)*)). A problem was found starting at: attribute.
2025-05-01 20:41:43,402 [INFO] PluginManage:359 - Loaded plugin pinoutconfig (category:base,tabindex:0)
2025-05-01 20:41:43,402 [INFO] PluginManage:310 - Check plugin power
2025-05-01 20:41:43,433 [INFO] PluginManage:359 - Loaded plugin power (category:power,tabindex:4)
2025-05-01 20:41:43,433 [INFO] PluginManage:310 - Check plugin projectmanager
2025-05-01 20:41:43,466 [INFO] PluginManage:359 - Loaded plugin projectmanager (category:projectmanager,tabindex:3)
2025-05-01 20:41:43,466 [INFO] PluginManage:310 - Check plugin thirdparty
2025-05-01 20:41:44,026 [INFO] PluginManage:359 - Loaded plugin thirdparty (category:base,tabindex:-1)
2025-05-01 20:41:44,026 [INFO] PluginManage:310 - Check plugin tools
2025-05-01 20:41:44,026 [WARN] IntegrityCheckThread:84 - waiting for thirdparty lock release [integrity check]
2025-05-01 20:41:44,026 [INFO] IntegrityCheckThread:86 - entering critical section [integrity check]
2025-05-01 20:41:44,028 [INFO] ThirdPartyUpdaterWithRetryManager:70 - Updater plugin not ready yet. [1/15]
2025-05-01 20:41:44,122 [INFO] PluginManage:359 - Loaded plugin tools (category:base,tabindex:7)
2025-05-01 20:41:44,123 [INFO] PluginManage:310 - Check plugin tutovideos
2025-05-01 20:41:44,402 [INFO] PluginManage:359 - Loaded plugin tutovideos (category:base,tabindex:-1)
2025-05-01 20:41:44,402 [INFO] PluginManage:310 - Check plugin updater
2025-05-01 20:41:44,416 [INFO] PluginManage:359 - Loaded plugin updater (category:base,tabindex:12)
2025-05-01 20:41:44,416 [INFO] PluginManage:310 - Check plugin userauth
2025-05-01 20:41:44,424 [INFO] UserAuth:114 - Init User Auth plugin
2025-05-01 20:41:44,424 [INFO] PluginManage:359 - Loaded plugin userauth (category:base,tabindex:14)
2025-05-01 20:41:44,425 [INFO] PluginManage:283 - PluginManage : Loaded plugins [17]
2025-05-01 20:41:44,758 [INFO] PinOutPanel:1561 - setPackage(No Configuration,No Configuration)
2025-05-01 20:41:44,906 [INFO] CADModel:165 - CPN selected for project level
2025-05-01 20:41:44,906 [INFO] CADModel:114 - Register for checkConnection events
2025-05-01 20:41:44,970 [INFO] IPUIPlugin:80 - create IPUIPlugin
2025-05-01 20:41:44,970 [INFO] PluginManager:220 - loadIPPluginJar : add adc
2025-05-01 20:41:45,079 [INFO] IPUIPlugin:80 - create IPUIPlugin
2025-05-01 20:41:45,080 [INFO] PluginManager:220 - loadIPPluginJar : add aes
2025-05-01 20:41:45,199 [INFO] IPUIPlugin:80 - create IPUIPlugin
2025-05-01 20:41:45,199 [INFO] PluginManager:220 - loadIPPluginJar : add can
2025-05-01 20:41:45,265 [INFO] IPUIPlugin:80 - create IPUIPlugin
2025-05-01 20:41:45,267 [INFO] PluginManager:220 - loadIPPluginJar : add comp
2025-05-01 20:41:45,360 [INFO] IPUIPlugin:80 - create IPUIPlugin
2025-05-01 20:41:45,362 [INFO] PluginManager:220 - loadIPPluginJar : add cryp
2025-05-01 20:41:45,457 [INFO] IPUIPlugin:80 - create IPUIPlugin
2025-05-01 20:41:45,459 [INFO] PluginManager:220 - loadIPPluginJar : add dfsdm
2025-05-01 20:41:45,494 [INFO] IPUIPlugin:80 - create IPUIPlugin
2025-05-01 20:41:45,495 [INFO] PluginManager:220 - loadIPPluginJar : add dma
2025-05-01 20:41:45,631 [INFO] IPUIPlugin:80 - create IPUIPlugin
2025-05-01 20:41:45,632 [INFO] PluginManager:220 - loadIPPluginJar : add dma3
2025-05-01 20:41:45,760 [INFO] IPUIPlugin:80 - create IPUIPlugin
2025-05-01 20:41:45,760 [INFO] PluginManager:220 - loadIPPluginJar : add extmemmanager
2025-05-01 20:41:45,822 [INFO] IPUIPlugin:80 - create IPUIPlugin
2025-05-01 20:41:45,824 [INFO] PluginManager:220 - loadIPPluginJar : add fatfs
2025-05-01 20:41:45,955 [INFO] IPUIPlugin:80 - create IPUIPlugin
2025-05-01 20:41:45,956 [INFO] PluginManager:220 - loadIPPluginJar : add fmc
2025-05-01 20:41:45,997 [INFO] IPUIPlugin:80 - create IPUIPlugin
2025-05-01 20:41:45,997 [INFO] PluginManager:220 - loadIPPluginJar : add freertos
2025-05-01 20:41:46,063 [INFO] IPUIPlugin:80 - create IPUIPlugin
2025-05-01 20:41:46,063 [INFO] PluginManager:220 - loadIPPluginJar : add genericplugin
2025-05-01 20:41:46,335 [INFO] IPUIPlugin:80 - create IPUIPlugin
2025-05-01 20:41:46,335 [INFO] PluginManager:220 - loadIPPluginJar : add gfxmmu
2025-05-01 20:41:46,687 [INFO] IPUIPlugin:80 - create IPUIPlugin
2025-05-01 20:41:46,688 [INFO] PluginManager:220 - loadIPPluginJar : add gic
2025-05-01 20:41:46,713 [INFO] IPUIPlugin:80 - create IPUIPlugin
2025-05-01 20:41:46,713 [INFO] PluginManager:220 - loadIPPluginJar : add gpio
2025-05-01 20:41:46,956 [INFO] IPUIPlugin:80 - create IPUIPlugin
2025-05-01 20:41:46,956 [INFO] PluginManager:220 - loadIPPluginJar : add gtzc
2025-05-01 20:41:47,029 [INFO] ThirdPartyUpdaterWithRetryManager:70 - Updater plugin not ready yet. [2/15]
2025-05-01 20:41:47,032 [INFO] IPUIPlugin:80 - create IPUIPlugin
2025-05-01 20:41:47,032 [INFO] PluginManager:220 - loadIPPluginJar : add hash
2025-05-01 20:41:47,160 [INFO] IPUIPlugin:80 - create IPUIPlugin
2025-05-01 20:41:47,161 [INFO] PluginManager:220 - loadIPPluginJar : add i2c
2025-05-01 20:41:47,269 [INFO] IPUIPlugin:80 - create IPUIPlugin
2025-05-01 20:41:47,269 [INFO] PluginManager:220 - loadIPPluginJar : add i2s
2025-05-01 20:41:47,370 [INFO] IPUIPlugin:80 - create IPUIPlugin
2025-05-01 20:41:47,370 [INFO] PluginManager:220 - loadIPPluginJar : add i3c
2025-05-01 20:41:47,649 [INFO] IPUIPlugin:80 - create IPUIPlugin
2025-05-01 20:41:47,649 [INFO] PluginManager:220 - loadIPPluginJar : add ipddr
2025-05-01 20:41:47,882 [INFO] IPUIPlugin:80 - create IPUIPlugin
2025-05-01 20:41:47,883 [INFO] PluginManager:220 - loadIPPluginJar : add linkedlist
2025-05-01 20:41:47,976 [INFO] IPUIPlugin:80 - create IPUIPlugin
2025-05-01 20:41:47,976 [INFO] PluginManager:220 - loadIPPluginJar : add lorawan
2025-05-01 20:41:48,049 [INFO] IPUIPlugin:80 - create IPUIPlugin
2025-05-01 20:41:48,051 [INFO] PluginManager:220 - loadIPPluginJar : add ltdc
2025-05-01 20:41:48,071 [INFO] IPUIPlugin:80 - create IPUIPlugin
2025-05-01 20:41:48,071 [INFO] PluginManager:220 - loadIPPluginJar : add mdma
2025-05-01 20:41:48,091 [INFO] IPUIPlugin:80 - create IPUIPlugin
2025-05-01 20:41:48,091 [INFO] PluginManager:220 - loadIPPluginJar : add nvic
2025-05-01 20:41:48,169 [INFO] IPUIPlugin:80 - create IPUIPlugin
2025-05-01 20:41:48,169 [INFO] PluginManager:220 - loadIPPluginJar : add opamp
2025-05-01 20:41:48,330 [INFO] IPUIPlugin:80 - create IPUIPlugin
2025-05-01 20:41:48,330 [INFO] PluginManager:220 - loadIPPluginJar : add openamp
2025-05-01 20:41:48,447 [INFO] IPUIPlugin:80 - create IPUIPlugin
2025-05-01 20:41:48,447 [INFO] PluginManager:220 - loadIPPluginJar : add pdm2pcm
2025-05-01 20:41:48,474 [INFO] IPUIPlugin:80 - create IPUIPlugin
2025-05-01 20:41:48,479 [INFO] PluginManager:220 - loadIPPluginJar : add plateformsettings
2025-05-01 20:41:48,528 [INFO] IPUIPlugin:80 - create IPUIPlugin
2025-05-01 20:41:48,528 [INFO] PluginManager:220 - loadIPPluginJar : add quadspi
2025-05-01 20:41:48,552 [INFO] IPUIPlugin:80 - create IPUIPlugin
2025-05-01 20:41:48,553 [INFO] PluginManager:220 - loadIPPluginJar : add resmgrutility
2025-05-01 20:41:48,675 [INFO] IPUIPlugin:80 - create IPUIPlugin
2025-05-01 20:41:48,675 [INFO] PluginManager:220 - loadIPPluginJar : add sai
2025-05-01 20:41:48,770 [INFO] IPUIPlugin:80 - create IPUIPlugin
2025-05-01 20:41:48,770 [INFO] PluginManager:220 - loadIPPluginJar : add spi
2025-05-01 20:41:48,948 [INFO] IPUIPlugin:80 - create IPUIPlugin
2025-05-01 20:41:48,948 [INFO] PluginManager:220 - loadIPPluginJar : add stm32_wpan
2025-05-01 20:41:49,007 [INFO] IPUIPlugin:80 - create IPUIPlugin
2025-05-01 20:41:49,007 [INFO] PluginManager:220 - loadIPPluginJar : add tim
2025-05-01 20:41:49,155 [INFO] IPUIPlugin:80 - create IPUIPlugin
2025-05-01 20:41:49,155 [INFO] PluginManager:220 - loadIPPluginJar : add touchsensing
2025-05-01 20:41:49,219 [INFO] IPUIPlugin:80 - create IPUIPlugin
2025-05-01 20:41:49,221 [INFO] PluginManager:220 - loadIPPluginJar : add tracer_emb
2025-05-01 20:41:49,283 [INFO] IPUIPlugin:80 - create IPUIPlugin
2025-05-01 20:41:49,283 [INFO] PluginManager:220 - loadIPPluginJar : add ts
2025-05-01 20:41:49,343 [INFO] IPUIPlugin:80 - create IPUIPlugin
2025-05-01 20:41:49,343 [INFO] PluginManager:220 - loadIPPluginJar : add tsc
2025-05-01 20:41:49,409 [INFO] IPUIPlugin:80 - create IPUIPlugin
2025-05-01 20:41:49,409 [INFO] PluginManager:220 - loadIPPluginJar : add ucpd
2025-05-01 20:41:49,526 [INFO] IPUIPlugin:80 - create IPUIPlugin
2025-05-01 20:41:49,526 [INFO] PluginManager:220 - loadIPPluginJar : add usart
2025-05-01 20:41:49,651 [INFO] IPUIPlugin:80 - create IPUIPlugin
2025-05-01 20:41:49,651 [INFO] PluginManager:220 - loadIPPluginJar : add usbx
2025-05-01 20:41:49,832 [INFO] CADModel:165 - CPN selected for project level
2025-05-01 20:41:49,832 [INFO] CADModel:114 - Register for checkConnection events
2025-05-01 20:41:49,832 [FATAL] Updater:308 - Updater called before beeing initialized
2025-05-01 20:41:49,832 [ERROR] CADModel:125 - Updater not yet initialized, retry later 
2025-05-01 20:41:50,032 [INFO] ThirdPartyUpdaterWithRetryManager:70 - Updater plugin not ready yet. [3/15]
2025-05-01 20:41:50,136 [INFO] CADModel:165 - CPN selected for project level
2025-05-01 20:41:50,137 [INFO] CADModel:114 - Register for checkConnection events
2025-05-01 20:41:50,137 [FATAL] Updater:308 - Updater called before beeing initialized
2025-05-01 20:41:50,137 [ERROR] CADModel:125 - Updater not yet initialized, retry later 
2025-05-01 20:41:50,142 [FATAL] Updater:308 - Updater called before beeing initialized
2025-05-01 20:41:50,336 [FATAL] Updater:308 - Updater called before beeing initialized
2025-05-01 20:41:50,366 [INFO] DbMcusAds:53 - JSON generation date=Fri Sep 20 15:04:23 CEST 2024 (1726837463113)
2025-05-01 20:41:50,366 [FATAL] Updater:308 - Updater called before beeing initialized
2025-05-01 20:41:50,535 [WARN] DetailPanel:346 - Failed to get advertising image, set to default
2025-05-01 20:41:50,743 [FATAL] Updater:308 - Updater called before beeing initialized
2025-05-01 20:41:50,748 [FATAL] Updater:308 - Updater called before beeing initialized
2025-05-01 20:41:50,748 [FATAL] Updater:308 - Updater called before beeing initialized
2025-05-01 20:41:50,748 [WARN] DetailPanel:346 - Failed to get advertising image, set to default
2025-05-01 20:41:50,750 [FATAL] Updater:308 - Updater called before beeing initialized
2025-05-01 20:41:50,860 [ERROR] Updater:1120 - MainUpdater not yet initialized. External WinMGr cannot be set.
2025-05-01 20:41:50,884 [INFO] Updater:1056 - Updater Version found : 6.11.1
2025-05-01 20:41:50,915 [INFO] ApplicationProperties:184 - Using Application install path: C:\ST\STM32CubeIDE_1.15.1\STM32CubeIDE\plugins\com.st.stm32cube.common.mx_6.11.1.202404110753
2025-05-01 20:41:52,547 [ERROR] LogOutputStream:75 - [STDERR_REDIRECT] May 01, 2025 8:41:52 PM java.util.prefs.WindowsPreferences <init>
2025-05-01 20:41:52,550 [ERROR] LogOutputStream:75 - [STDERR_REDIRECT] WARNING: Could not open/create prefs root node Software\JavaSoft\Prefs at root 0xffffffff80000002. Windows RegCreateKeyEx(...) returned error code 5.
2025-05-01 20:41:52,550 [ERROR] LogOutputStream:75 - [STDERR_REDIRECT] 
2025-05-01 20:41:53,035 [FATAL] Updater:308 - Updater called before beeing initialized
2025-05-01 20:41:53,035 [ERROR] IntegrityCheckThread:130 - Cannot retrieve database content from updater: error 21
2025-05-01 20:41:53,036 [INFO] ThirdParty:978 - Integrity check success = false
2025-05-01 20:41:53,036 [INFO] IntegrityCheckThread:100 - exiting critical section [integrity check]
2025-05-01 20:41:53,036 [INFO] IntegrityCheckThread:103 - End integrity checks thread
2025-05-01 20:41:53,264 [INFO] MainUpdater:2873 - connection check result : 10
2025-05-01 20:41:53,265 [INFO] MainUpdater:290 - Updater Check For Update Now.
2025-05-01 20:41:53,265 [INFO] MicroXplorer:498 - Change Database Version : DB.6.0.111
2025-05-01 20:41:53,306 [INFO] McuFinderGlobals:63 - Set McuFinder mode to 2 (CubeIDE integrated)
2025-05-01 20:41:53,331 [INFO] UserAuth:415 - Internet connection configuration mode: 1
2025-05-01 20:41:53,382 [INFO] JxBrowserEngine:152 - Initiate JxBrowser Engine with user profile folder
2025-05-01 20:41:53,584 [INFO] CheckServerUpdateThread:120 - End of CheckServer Thread
2025-05-01 20:42:01,832 [INFO] WebApp:161 - Instantiating new browser for Auth
2025-05-01 20:42:02,509 [INFO] WebApp:779 - Register for checkConnection events
2025-05-01 20:42:02,509 [INFO] WebApp:414 - Apply proxy settings
2025-05-01 20:42:02,510 [INFO] WebApp:499 - Chromium requires no authentication
2025-05-01 20:42:02,519 [INFO] WebApp:442 - Direct internet connection detected
2025-05-01 20:42:02,713 [INFO] WebApp:192 - Starting web application
2025-05-01 20:42:02,713 [INFO] WebApp:544 - Web application path used C:\ST\STM32CubeIDE_1.15.1\STM32CubeIDE\plugins\com.st.stm32cube.common.mx_6.11.1.202404110753\db\plugins\mcufinder\reactClient1\index.html
2025-05-01 20:48:15,929 [ERROR] LogOutputStream:75 - [STDERR_REDIRECT] 
2025-05-01 20:48:15,931 [ERROR] LogOutputStream:75 - [STDERR_REDIRECT] 
2025-05-01 20:48:41,797 [INFO] Activator:176 - 


2025-05-01 20:48:41,800 [INFO] Activator:177 - !SESSION log4j initialized
2025-05-01 20:48:47,553 [INFO] LogOutputStream:77 - [STDOUT_REDIRECT] 
2025-05-01 20:48:50,014 [INFO] ApplicationProperties:184 - Using Application install path: C:\ST\STM32CubeIDE_1.15.1\STM32CubeIDE\plugins\com.st.stm32cube.common.mx_6.11.1.202404110753
2025-05-01 20:48:50,051 [INFO] DbMcusXml:78 - Set database path to: C:\ST\STM32CubeIDE_1.15.1\STM32CubeIDE\plugins\com.st.stm32cube.common.mx_6.11.1.202404110753\\db\/mcu/
2025-05-01 20:48:50,051 [INFO] ApiDb:274 - Set plugin database path to: C:\ST\STM32CubeIDE_1.15.1\STM32CubeIDE\plugins\com.st.stm32cube.common.mx_6.11.1.202404110753\\db\/plugins/boardmanager/
2025-05-01 20:48:50,051 [WARN] ApiDb:259 - Overriding images path with different value:  => C:\ST\STM32CubeIDE_1.15.1\STM32CubeIDE\plugins\com.st.stm32cube.common.mx_6.11.1.202404110753\\db\/plugins/mcufinder/images/
2025-05-01 20:48:50,073 [INFO] ApiDb:250 - Set database path to: C:\Users\dbank\.stmcufinder\plugins\mcufinder//mcu/
2025-05-01 20:48:50,075 [INFO] DbMcusAds:125 - Set database path to: C:\Users\dbank\.stmcufinder\plugins\mcufinder//mcu/
2025-05-01 20:48:50,081 [INFO] CrossReferenceDbSqlite:203 - Set database path to: C:\Users\dbank\.stmcufinder\plugins\mcufinder//mcu/cs/
2025-05-01 20:48:50,296 [INFO] RulesReader:64 - Compatibility file has been processed (297 Rules)
2025-05-01 20:48:50,470 [INFO] DbMcusXml:78 - Set database path to: C:\ST\STM32CubeIDE_1.15.1\STM32CubeIDE\plugins\com.st.stm32cube.common.mx_6.11.1.202404110753\\db\/mcu/
2025-05-01 20:48:50,470 [INFO] ApiDb:274 - Set plugin database path to: C:\ST\STM32CubeIDE_1.15.1\STM32CubeIDE\plugins\com.st.stm32cube.common.mx_6.11.1.202404110753\\db\/plugins/boardmanager/
2025-05-01 20:48:50,470 [INFO] ApiDb:261 - Set plugin images path to: C:\ST\STM32CubeIDE_1.15.1\STM32CubeIDE\plugins\com.st.stm32cube.common.mx_6.11.1.202404110753\\db\/plugins/mcufinder/images/
2025-05-01 20:48:50,472 [WARN] DbFile:41 - Overriding database path with different value: C:\Users\dbank\.stmcufinder\plugins\mcufinder/ => C:\Users\dbank\.stmcufinder\plugins\mcufinder
2025-05-01 20:48:50,472 [INFO] ApiDb:250 - Set database path to: C:\Users\dbank\.stmcufinder\plugins\mcufinder//mcu/
2025-05-01 20:48:50,472 [WARN] DbFile:41 - Overriding database path with different value: C:\Users\dbank\.stmcufinder\plugins\mcufinder/ => C:\Users\dbank\.stmcufinder\plugins\mcufinder
2025-05-01 20:48:50,472 [INFO] DbMcusAds:125 - Set database path to: C:\Users\dbank\.stmcufinder\plugins\mcufinder//mcu/
2025-05-01 20:48:50,472 [WARN] DbFile:41 - Overriding database path with different value: C:\Users\dbank\.stmcufinder\plugins\mcufinder/ => C:\Users\dbank\.stmcufinder\plugins\mcufinder
2025-05-01 20:48:50,472 [WARN] DbFile:41 - Overriding database path with different value: C:\Users\dbank\.stmcufinder\plugins\mcufinder/ => C:\Users\dbank\.stmcufinder\plugins\mcufinder
2025-05-01 20:48:50,472 [INFO] CrossReferenceDbSqlite:203 - Set database path to: C:\Users\dbank\.stmcufinder\plugins\mcufinder//mcu/cs/
2025-05-01 20:48:50,628 [INFO] MainPanel:264 - HeapMemory: 268435456
2025-05-01 20:48:50,777 [INFO] DbMcusXml:78 - Set database path to: C:\ST\STM32CubeIDE_1.15.1\STM32CubeIDE\plugins\com.st.stm32cube.common.mx_6.11.1.202404110753\\db\/mcu/
2025-05-01 20:48:50,777 [INFO] ApiDb:274 - Set plugin database path to: C:\ST\STM32CubeIDE_1.15.1\STM32CubeIDE\plugins\com.st.stm32cube.common.mx_6.11.1.202404110753\\db\/plugins/boardmanager/
2025-05-01 20:48:50,777 [INFO] ApiDb:261 - Set plugin images path to: C:\ST\STM32CubeIDE_1.15.1\STM32CubeIDE\plugins\com.st.stm32cube.common.mx_6.11.1.202404110753\\db\/plugins/mcufinder/images/
2025-05-01 20:48:50,779 [WARN] DbFile:41 - Overriding database path with different value: C:\Users\dbank\.stmcufinder\plugins\mcufinder/ => C:\Users\dbank\.stmcufinder\plugins\mcufinder
2025-05-01 20:48:50,779 [INFO] ApiDb:250 - Set database path to: C:\Users\dbank\.stmcufinder\plugins\mcufinder//mcu/
2025-05-01 20:48:50,779 [WARN] DbFile:41 - Overriding database path with different value: C:\Users\dbank\.stmcufinder\plugins\mcufinder/ => C:\Users\dbank\.stmcufinder\plugins\mcufinder
2025-05-01 20:48:50,779 [INFO] DbMcusAds:125 - Set database path to: C:\Users\dbank\.stmcufinder\plugins\mcufinder//mcu/
2025-05-01 20:48:50,779 [WARN] DbFile:41 - Overriding database path with different value: C:\Users\dbank\.stmcufinder\plugins\mcufinder/ => C:\Users\dbank\.stmcufinder\plugins\mcufinder
2025-05-01 20:48:50,779 [WARN] DbFile:41 - Overriding database path with different value: C:\Users\dbank\.stmcufinder\plugins\mcufinder/ => C:\Users\dbank\.stmcufinder\plugins\mcufinder
2025-05-01 20:48:50,779 [INFO] CrossReferenceDbSqlite:203 - Set database path to: C:\Users\dbank\.stmcufinder\plugins\mcufinder//mcu/cs/
2025-05-01 20:48:50,807 [INFO] ApplicationProperties:184 - Using Application install path: C:\ST\STM32CubeIDE_1.15.1\STM32CubeIDE\plugins\com.st.stm32cube.common.mx_6.11.1.202404110753
2025-05-01 20:48:50,810 [INFO] PluginManage:196 - Search for loadable plugins [exclusion list=, ]
2025-05-01 20:48:50,814 [INFO] PluginManage:310 - Check plugin analytics
2025-05-01 20:48:51,235 [INFO] AnalyticsPlugin:253 - Accepted Software Licenses: STM32CubeMX.6.11.1
2025-05-01 20:48:51,235 [INFO] AnalyticsPlugin:255 - Accepted CMSIS Pack Licenses: STMicroelectronics.X-CUBE-AZRTOS-H7.3.3.0
2025-05-01 20:48:51,235 [INFO] AnalyticsPlugin:257 - Accepted Firmware Licenses: FW.H7.1.11.0,FW.H7.1.10.0,FW.L4.1.18.0,FW.F4.1.28.0
2025-05-01 20:48:51,241 [INFO] PluginManage:359 - Loaded plugin analytics (category:tool,tabindex:-1)
2025-05-01 20:48:51,241 [INFO] PluginManage:310 - Check plugin cadmodel
2025-05-01 20:48:51,273 [INFO] CADModel:105 - Init CAD model plugin
2025-05-01 20:48:51,274 [INFO] PluginManage:359 - Loaded plugin cadmodel (category:power,tabindex:5)
2025-05-01 20:48:51,274 [INFO] PluginManage:310 - Check plugin clock
2025-05-01 20:48:51,310 [INFO] PluginManage:359 - Loaded plugin clock (category:base,tabindex:2)
2025-05-01 20:48:51,312 [INFO] PluginManage:310 - Check plugin ddr
2025-05-01 20:48:51,317 [INFO] PluginManage:359 - Loaded plugin ddr (category:tool,tabindex:6)
2025-05-01 20:48:51,317 [INFO] PluginManage:310 - Check plugin filemanager
2025-05-01 20:48:51,549 [INFO] PluginManage:359 - Loaded plugin filemanager (category:base,tabindex:10)
2025-05-01 20:48:51,549 [INFO] PluginManage:310 - Check plugin ipmanager
2025-05-01 20:48:51,562 [INFO] PluginManage:359 - Loaded plugin ipmanager (category:base,tabindex:5)
2025-05-01 20:48:51,562 [INFO] PluginManage:310 - Check plugin lpbam
2025-05-01 20:48:51,596 [INFO] PluginManage:359 - Loaded plugin lpbam (category:base,tabindex:0)
2025-05-01 20:48:51,598 [INFO] PluginManage:310 - Check plugin memorymap
2025-05-01 20:48:51,653 [INFO] PluginManage:359 - Loaded plugin memorymap (category:base,tabindex:4)
2025-05-01 20:48:51,653 [INFO] PluginManage:310 - Check plugin pinoutandconfiguration
2025-05-01 20:48:51,682 [INFO] PluginManage:359 - Loaded plugin pinoutandconfiguration (category:base,tabindex:1)
2025-05-01 20:48:51,682 [INFO] PluginManage:310 - Check plugin pinoutconfig
2025-05-01 20:48:51,899 [WARN] SupportedApi:132 - Cannot load RTOS API schema: s4s-elt-must-match.1: The content of 'definitions' must match (annotation?, (simpleType | complexType)?, (unique | key | keyref)*)). A problem was found starting at: attribute.
2025-05-01 20:48:52,268 [INFO] PluginManage:359 - Loaded plugin pinoutconfig (category:base,tabindex:0)
2025-05-01 20:48:52,268 [INFO] PluginManage:310 - Check plugin power
2025-05-01 20:48:52,302 [INFO] PluginManage:359 - Loaded plugin power (category:power,tabindex:4)
2025-05-01 20:48:52,304 [INFO] PluginManage:310 - Check plugin projectmanager
2025-05-01 20:48:52,329 [INFO] PluginManage:359 - Loaded plugin projectmanager (category:projectmanager,tabindex:3)
2025-05-01 20:48:52,329 [INFO] PluginManage:310 - Check plugin thirdparty
2025-05-01 20:48:52,730 [INFO] PluginManage:359 - Loaded plugin thirdparty (category:base,tabindex:-1)
2025-05-01 20:48:52,730 [WARN] IntegrityCheckThread:84 - waiting for thirdparty lock release [integrity check]
2025-05-01 20:48:52,732 [INFO] PluginManage:310 - Check plugin tools
2025-05-01 20:48:52,732 [INFO] IntegrityCheckThread:86 - entering critical section [integrity check]
2025-05-01 20:48:52,732 [INFO] ThirdPartyUpdaterWithRetryManager:70 - Updater plugin not ready yet. [1/15]
2025-05-01 20:48:52,740 [INFO] PluginManage:359 - Loaded plugin tools (category:base,tabindex:7)
2025-05-01 20:48:52,740 [INFO] PluginManage:310 - Check plugin tutovideos
2025-05-01 20:48:53,203 [INFO] PluginManage:359 - Loaded plugin tutovideos (category:base,tabindex:-1)
2025-05-01 20:48:53,205 [INFO] PluginManage:310 - Check plugin updater
2025-05-01 20:48:53,219 [INFO] PluginManage:359 - Loaded plugin updater (category:base,tabindex:12)
2025-05-01 20:48:53,219 [INFO] PluginManage:310 - Check plugin userauth
2025-05-01 20:48:53,226 [INFO] UserAuth:114 - Init User Auth plugin
2025-05-01 20:48:53,227 [INFO] PluginManage:359 - Loaded plugin userauth (category:base,tabindex:14)
2025-05-01 20:48:53,227 [INFO] PluginManage:283 - PluginManage : Loaded plugins [17]
2025-05-01 20:48:53,578 [INFO] PinOutPanel:1561 - setPackage(No Configuration,No Configuration)
2025-05-01 20:48:53,714 [INFO] CADModel:165 - CPN selected for project level
2025-05-01 20:48:53,714 [INFO] CADModel:114 - Register for checkConnection events
2025-05-01 20:48:53,761 [INFO] IPUIPlugin:80 - create IPUIPlugin
2025-05-01 20:48:53,761 [INFO] PluginManager:220 - loadIPPluginJar : add adc
2025-05-01 20:48:53,863 [INFO] IPUIPlugin:80 - create IPUIPlugin
2025-05-01 20:48:53,863 [INFO] PluginManager:220 - loadIPPluginJar : add aes
2025-05-01 20:48:53,983 [INFO] IPUIPlugin:80 - create IPUIPlugin
2025-05-01 20:48:53,983 [INFO] PluginManager:220 - loadIPPluginJar : add can
2025-05-01 20:48:53,988 [INFO] IPUIPlugin:80 - create IPUIPlugin
2025-05-01 20:48:53,988 [INFO] PluginManager:220 - loadIPPluginJar : add comp
2025-05-01 20:48:54,075 [INFO] IPUIPlugin:80 - create IPUIPlugin
2025-05-01 20:48:54,077 [INFO] PluginManager:220 - loadIPPluginJar : add cryp
2025-05-01 20:48:54,082 [INFO] IPUIPlugin:80 - create IPUIPlugin
2025-05-01 20:48:54,082 [INFO] PluginManager:220 - loadIPPluginJar : add dfsdm
2025-05-01 20:48:54,113 [INFO] IPUIPlugin:80 - create IPUIPlugin
2025-05-01 20:48:54,114 [INFO] PluginManager:220 - loadIPPluginJar : add dma
2025-05-01 20:48:54,262 [INFO] IPUIPlugin:80 - create IPUIPlugin
2025-05-01 20:48:54,262 [INFO] PluginManager:220 - loadIPPluginJar : add dma3
2025-05-01 20:48:54,392 [INFO] IPUIPlugin:80 - create IPUIPlugin
2025-05-01 20:48:54,392 [INFO] PluginManager:220 - loadIPPluginJar : add extmemmanager
2025-05-01 20:48:54,450 [INFO] IPUIPlugin:80 - create IPUIPlugin
2025-05-01 20:48:54,450 [INFO] PluginManager:220 - loadIPPluginJar : add fatfs
2025-05-01 20:48:54,577 [INFO] IPUIPlugin:80 - create IPUIPlugin
2025-05-01 20:48:54,577 [INFO] PluginManager:220 - loadIPPluginJar : add fmc
2025-05-01 20:48:54,610 [INFO] IPUIPlugin:80 - create IPUIPlugin
2025-05-01 20:48:54,610 [INFO] PluginManager:220 - loadIPPluginJar : add freertos
2025-05-01 20:48:54,615 [INFO] IPUIPlugin:80 - create IPUIPlugin
2025-05-01 20:48:54,615 [INFO] PluginManager:220 - loadIPPluginJar : add genericplugin
2025-05-01 20:48:54,868 [INFO] IPUIPlugin:80 - create IPUIPlugin
2025-05-01 20:48:54,870 [INFO] PluginManager:220 - loadIPPluginJar : add gfxmmu
2025-05-01 20:48:55,208 [INFO] IPUIPlugin:80 - create IPUIPlugin
2025-05-01 20:48:55,208 [INFO] PluginManager:220 - loadIPPluginJar : add gic
2025-05-01 20:48:55,241 [INFO] IPUIPlugin:80 - create IPUIPlugin
2025-05-01 20:48:55,241 [INFO] PluginManager:220 - loadIPPluginJar : add gpio
2025-05-01 20:48:55,503 [INFO] IPUIPlugin:80 - create IPUIPlugin
2025-05-01 20:48:55,503 [INFO] PluginManager:220 - loadIPPluginJar : add gtzc
2025-05-01 20:48:55,508 [INFO] IPUIPlugin:80 - create IPUIPlugin
2025-05-01 20:48:55,508 [INFO] PluginManager:220 - loadIPPluginJar : add hash
2025-05-01 20:48:55,637 [INFO] IPUIPlugin:80 - create IPUIPlugin
2025-05-01 20:48:55,637 [INFO] PluginManager:220 - loadIPPluginJar : add i2c
2025-05-01 20:48:55,734 [INFO] ThirdPartyUpdaterWithRetryManager:70 - Updater plugin not ready yet. [2/15]
2025-05-01 20:48:55,744 [INFO] IPUIPlugin:80 - create IPUIPlugin
2025-05-01 20:48:55,744 [INFO] PluginManager:220 - loadIPPluginJar : add i2s
2025-05-01 20:48:55,844 [INFO] IPUIPlugin:80 - create IPUIPlugin
2025-05-01 20:48:55,844 [INFO] PluginManager:220 - loadIPPluginJar : add i3c
2025-05-01 20:48:56,094 [INFO] IPUIPlugin:80 - create IPUIPlugin
2025-05-01 20:48:56,094 [INFO] PluginManager:220 - loadIPPluginJar : add ipddr
2025-05-01 20:48:56,339 [INFO] IPUIPlugin:80 - create IPUIPlugin
2025-05-01 20:48:56,339 [INFO] PluginManager:220 - loadIPPluginJar : add linkedlist
2025-05-01 20:48:56,347 [INFO] IPUIPlugin:80 - create IPUIPlugin
2025-05-01 20:48:56,347 [INFO] PluginManager:220 - loadIPPluginJar : add lorawan
2025-05-01 20:48:56,432 [INFO] IPUIPlugin:80 - create IPUIPlugin
2025-05-01 20:48:56,432 [INFO] PluginManager:220 - loadIPPluginJar : add ltdc
2025-05-01 20:48:56,465 [INFO] IPUIPlugin:80 - create IPUIPlugin
2025-05-01 20:48:56,465 [INFO] PluginManager:220 - loadIPPluginJar : add mdma
2025-05-01 20:48:56,493 [INFO] IPUIPlugin:80 - create IPUIPlugin
2025-05-01 20:48:56,493 [INFO] PluginManager:220 - loadIPPluginJar : add nvic
2025-05-01 20:48:56,573 [INFO] IPUIPlugin:80 - create IPUIPlugin
2025-05-01 20:48:56,575 [INFO] PluginManager:220 - loadIPPluginJar : add opamp
2025-05-01 20:48:56,724 [INFO] IPUIPlugin:80 - create IPUIPlugin
2025-05-01 20:48:56,724 [INFO] PluginManager:220 - loadIPPluginJar : add openamp
2025-05-01 20:48:56,845 [INFO] IPUIPlugin:80 - create IPUIPlugin
2025-05-01 20:48:56,848 [INFO] PluginManager:220 - loadIPPluginJar : add pdm2pcm
2025-05-01 20:48:56,888 [INFO] IPUIPlugin:80 - create IPUIPlugin
2025-05-01 20:48:56,893 [INFO] PluginManager:220 - loadIPPluginJar : add plateformsettings
2025-05-01 20:48:56,898 [INFO] IPUIPlugin:80 - create IPUIPlugin
2025-05-01 20:48:56,898 [INFO] PluginManager:220 - loadIPPluginJar : add quadspi
2025-05-01 20:48:56,928 [INFO] IPUIPlugin:80 - create IPUIPlugin
2025-05-01 20:48:56,928 [INFO] PluginManager:220 - loadIPPluginJar : add resmgrutility
2025-05-01 20:48:57,056 [INFO] IPUIPlugin:80 - create IPUIPlugin
2025-05-01 20:48:57,056 [INFO] PluginManager:220 - loadIPPluginJar : add sai
2025-05-01 20:48:57,178 [INFO] IPUIPlugin:80 - create IPUIPlugin
2025-05-01 20:48:57,178 [INFO] PluginManager:220 - loadIPPluginJar : add spi
2025-05-01 20:48:57,367 [INFO] IPUIPlugin:80 - create IPUIPlugin
2025-05-01 20:48:57,367 [INFO] PluginManager:220 - loadIPPluginJar : add stm32_wpan
2025-05-01 20:48:57,373 [INFO] IPUIPlugin:80 - create IPUIPlugin
2025-05-01 20:48:57,373 [INFO] PluginManager:220 - loadIPPluginJar : add tim
2025-05-01 20:48:57,534 [INFO] IPUIPlugin:80 - create IPUIPlugin
2025-05-01 20:48:57,534 [INFO] PluginManager:220 - loadIPPluginJar : add touchsensing
2025-05-01 20:48:57,595 [INFO] IPUIPlugin:80 - create IPUIPlugin
2025-05-01 20:48:57,595 [INFO] PluginManager:220 - loadIPPluginJar : add tracer_emb
2025-05-01 20:48:57,599 [INFO] IPUIPlugin:80 - create IPUIPlugin
2025-05-01 20:48:57,599 [INFO] PluginManager:220 - loadIPPluginJar : add ts
2025-05-01 20:48:57,604 [INFO] IPUIPlugin:80 - create IPUIPlugin
2025-05-01 20:48:57,604 [INFO] PluginManager:220 - loadIPPluginJar : add tsc
2025-05-01 20:48:57,609 [INFO] IPUIPlugin:80 - create IPUIPlugin
2025-05-01 20:48:57,609 [INFO] PluginManager:220 - loadIPPluginJar : add ucpd
2025-05-01 20:48:57,728 [INFO] IPUIPlugin:80 - create IPUIPlugin
2025-05-01 20:48:57,728 [INFO] PluginManager:220 - loadIPPluginJar : add usart
2025-05-01 20:48:57,829 [INFO] IPUIPlugin:80 - create IPUIPlugin
2025-05-01 20:48:57,830 [INFO] PluginManager:220 - loadIPPluginJar : add usbx
2025-05-01 20:48:58,001 [INFO] CADModel:165 - CPN selected for project level
2025-05-01 20:48:58,001 [INFO] CADModel:114 - Register for checkConnection events
2025-05-01 20:48:58,001 [FATAL] Updater:308 - Updater called before beeing initialized
2025-05-01 20:48:58,001 [ERROR] CADModel:125 - Updater not yet initialized, retry later 
2025-05-01 20:48:58,225 [INFO] CADModel:165 - CPN selected for project level
2025-05-01 20:48:58,225 [INFO] CADModel:114 - Register for checkConnection events
2025-05-01 20:48:58,225 [FATAL] Updater:308 - Updater called before beeing initialized
2025-05-01 20:48:58,225 [ERROR] CADModel:125 - Updater not yet initialized, retry later 
2025-05-01 20:48:58,229 [FATAL] Updater:308 - Updater called before beeing initialized
2025-05-01 20:48:58,393 [FATAL] Updater:308 - Updater called before beeing initialized
2025-05-01 20:48:58,402 [INFO] DbMcusAds:53 - JSON generation date=Fri Sep 20 15:04:23 CEST 2024 (1726837463113)
2025-05-01 20:48:58,402 [FATAL] Updater:308 - Updater called before beeing initialized
2025-05-01 20:48:58,564 [WARN] DetailPanel:346 - Failed to get advertising image, set to default
2025-05-01 20:48:58,687 [FATAL] Updater:308 - Updater called before beeing initialized
2025-05-01 20:48:58,689 [FATAL] Updater:308 - Updater called before beeing initialized
2025-05-01 20:48:58,689 [FATAL] Updater:308 - Updater called before beeing initialized
2025-05-01 20:48:58,689 [WARN] DetailPanel:346 - Failed to get advertising image, set to default
2025-05-01 20:48:58,691 [FATAL] Updater:308 - Updater called before beeing initialized
2025-05-01 20:48:58,735 [INFO] ThirdPartyUpdaterWithRetryManager:70 - Updater plugin not ready yet. [3/15]
2025-05-01 20:48:58,810 [ERROR] Updater:1120 - MainUpdater not yet initialized. External WinMGr cannot be set.
2025-05-01 20:48:58,841 [INFO] Updater:1056 - Updater Version found : 6.11.1
2025-05-01 20:48:58,872 [INFO] ApplicationProperties:184 - Using Application install path: C:\ST\STM32CubeIDE_1.15.1\STM32CubeIDE\plugins\com.st.stm32cube.common.mx_6.11.1.202404110753
2025-05-01 20:49:00,484 [ERROR] LogOutputStream:75 - [STDERR_REDIRECT] May 01, 2025 8:49:00 PM java.util.prefs.WindowsPreferences <init>
2025-05-01 20:49:00,487 [ERROR] LogOutputStream:75 - [STDERR_REDIRECT] WARNING: Could not open/create prefs root node Software\JavaSoft\Prefs at root 0xffffffff80000002. Windows RegCreateKeyEx(...) returned error code 5.
2025-05-01 20:49:00,487 [ERROR] LogOutputStream:75 - [STDERR_REDIRECT] 
2025-05-01 20:49:01,052 [INFO] MainUpdater:2873 - connection check result : 10
2025-05-01 20:49:01,054 [INFO] MainUpdater:290 - Updater Check For Update Now.
2025-05-01 20:49:01,054 [INFO] MicroXplorer:498 - Change Database Version : DB.6.0.111
2025-05-01 20:49:01,075 [INFO] McuFinderGlobals:63 - Set McuFinder mode to 2 (CubeIDE integrated)
2025-05-01 20:49:01,088 [INFO] UserAuth:415 - Internet connection configuration mode: 1
2025-05-01 20:49:01,164 [INFO] JxBrowserEngine:152 - Initiate JxBrowser Engine with user profile folder
2025-05-01 20:49:01,381 [INFO] CheckServerUpdateThread:120 - End of CheckServer Thread
2025-05-01 20:49:02,232 [WARN] PackLoader:240 - Cannot read IP mode file for STMicroelectronics.FP-SNS-MOTENVWB1.1.4.0
2025-05-01 20:49:02,269 [WARN] PackLoader:240 - Cannot read IP mode file for STMicroelectronics.FP-ATR-ASTRA1.2.0.2
2025-05-01 20:49:02,300 [WARN] PackLoader:240 - Cannot read IP mode file for STMicroelectronics.FP-ATR-ASTRA1.2.0.1
2025-05-01 20:49:02,338 [WARN] PackLoader:240 - Cannot read IP mode file for STMicroelectronics.X-CUBE-SMBUS.2.1.0
2025-05-01 20:49:02,379 [WARN] PackLoader:240 - Cannot read IP mode file for STMicroelectronics.X-CUBE-WB05N.1.1.0
2025-05-01 20:49:02,410 [WARN] PackLoader:240 - Cannot read IP mode file for STMicroelectronics.X-CUBE-TOUCHGFX.4.23.2
2025-05-01 20:49:02,493 [WARN] PackLoader:240 - Cannot read IP mode file for STMicroelectronics.X-CUBE-AZRTOS-F7.1.1.0
2025-05-01 20:49:02,622 [WARN] PackLoader:240 - Cannot read IP mode file for STMicroelectronics.X-CUBE-MEMS1.11.0.0
2025-05-01 20:49:02,862 [WARN] PackLoader:240 - Cannot read IP mode file for STMicroelectronics.FP-SNS-FLIGHT1.5.0.2
2025-05-01 20:49:02,894 [WARN] PackLoader:240 - Cannot read IP mode file for STMicroelectronics.X-CUBE-DISPLAY.3.0.0
2025-05-01 20:49:02,925 [WARN] PackLoader:240 - Cannot read IP mode file for STMicroelectronics.X-CUBE-BLE1.7.0.0
2025-05-01 20:49:02,955 [WARN] PackLoader:240 - Cannot read IP mode file for STMicroelectronics.X-CUBE-NFC10.1.0.0
2025-05-01 20:49:02,993 [WARN] PackLoader:240 - Cannot read IP mode file for STMicroelectronics.X-CUBE-BLEMGR.4.0.0
2025-05-01 20:49:03,026 [WARN] PackLoader:240 - Cannot read IP mode file for emotas.I-CUBE-CANOPEN.1.3.0
2025-05-01 20:49:03,056 [WARN] PackLoader:240 - Cannot read IP mode file for STMicroelectronics.X-CUBE-BLEMGR.3.1.0
2025-05-01 20:49:03,086 [WARN] PackLoader:240 - Cannot read IP mode file for STMicroelectronics.X-CUBE-AI.10.0.0
2025-05-01 20:49:03,113 [WARN] PackLoader:240 - Cannot read IP mode file for STMicroelectronics.FP-SNS-SMARTAG2.1.2.0
2025-05-01 20:49:03,138 [ERROR] Engine:466 - C:\Users\dbank\.stm32cubemx\thirdparties\pdsc\STMicroelectronics.FP-SNS-FLIGHT1.5.1.0.pdsc: PDSC version is not supported
2025-05-01 20:49:03,173 [INFO] LogOutputStream:77 - [STDOUT_REDIRECT] 1 : Invalid condition id : UX_CORESTACK_Condition cause : null
2025-05-01 20:49:03,174 [INFO] LogOutputStream:77 - [STDOUT_REDIRECT] 1 : Invalid condition id : UX_CORESTACK_Condition cause : null
2025-05-01 20:49:03,176 [INFO] LogOutputStream:77 - [STDOUT_REDIRECT] 1 : Invalid condition id : UX_CORESTACK_Condition cause : null
2025-05-01 20:49:03,177 [INFO] LogOutputStream:77 - [STDOUT_REDIRECT] 1 : Invalid condition id : UX_CORESTACK_Condition cause : null
2025-05-01 20:49:03,181 [INFO] LogOutputStream:77 - [STDOUT_REDIRECT] 1 : Invalid condition id : UX_CORESTACK_Condition cause : null
2025-05-01 20:49:03,184 [WARN] PackLoader:240 - Cannot read IP mode file for STMicroelectronics.X-CUBE-AZRTOS-WL.2.0.0
2025-05-01 20:49:03,226 [WARN] PackLoader:240 - Cannot read IP mode file for STMicroelectronics.FP-SNS-MOTENV1.5.0.0
2025-05-01 20:49:03,252 [WARN] PackLoader:240 - Cannot read IP mode file for wolfSSL.I-CUBE-wolfMQTT.1.19.0
2025-05-01 20:49:03,287 [WARN] PackLoader:240 - Cannot read IP mode file for WES.I-CUBE-Cesium.1.3.0
2025-05-01 20:49:03,317 [WARN] PackLoader:240 - Cannot read IP mode file for STMicroelectronics.X-CUBE-BLE2.3.3.0
2025-05-01 20:49:03,348 [WARN] PackLoader:240 - Cannot read IP mode file for STMicroelectronics.X-CUBE-NFC9.1.0.0
2025-05-01 20:49:03,377 [WARN] PackLoader:240 - Cannot read IP mode file for STMicroelectronics.X-CUBE-BLE1.7.1.0
2025-05-01 20:49:03,412 [WARN] PackLoader:240 - Cannot read IP mode file for STMicroelectronics.X-CUBE-TCPP.4.1.0
2025-05-01 20:49:03,440 [WARN] PackLoader:240 - Cannot read IP mode file for STMicroelectronics.X-CUBE-ALGOBUILD.1.3.0
2025-05-01 20:49:03,534 [WARN] PackLoader:240 - Cannot read IP mode file for STMicroelectronics.X-CUBE-MEMS1.11.2.0
2025-05-01 20:49:03,741 [WARN] PackLoader:240 - Cannot read IP mode file for STMicroelectronics.X-CUBE-AZRTOS-G0.1.1.0
2025-05-01 20:49:03,780 [WARN] PackLoader:240 - Cannot read IP mode file for STMicroelectronics.X-CUBE-SAFEA1.1.2.2
2025-05-01 20:49:03,808 [WARN] PackLoader:240 - Cannot read IP mode file for STMicroelectronics.X-CUBE-NFC4.3.0.0
2025-05-01 20:49:03,855 [WARN] PackLoader:240 - Cannot read IP mode file for EmbeddedOffice.I-CUBE-FS-RTOS.1.0.1
2025-05-01 20:49:03,857 [ERROR] ConditionMgr:805 - Attr not supported : Dmpu
2025-05-01 20:49:03,857 [ERROR] ConditionMgr:805 - Attr not supported : Dmpu
2025-05-01 20:49:03,857 [ERROR] ConditionMgr:805 - Attr not supported : Dmpu
2025-05-01 20:49:03,857 [ERROR] ConditionMgr:805 - Attr not supported : Dmpu
2025-05-01 20:49:03,857 [ERROR] ConditionMgr:805 - Attr not supported : Dmpu
2025-05-01 20:49:03,857 [ERROR] ConditionMgr:805 - Attr not supported : Dmpu
2025-05-01 20:49:03,857 [ERROR] ConditionMgr:805 - Attr not supported : Dmpu
2025-05-01 20:49:03,857 [ERROR] ConditionMgr:805 - Attr not supported : Dmpu
2025-05-01 20:49:03,857 [ERROR] ConditionMgr:805 - Attr not supported : Dmpu
2025-05-01 20:49:03,857 [ERROR] ConditionMgr:805 - Attr not supported : Dmpu
2025-05-01 20:49:03,857 [ERROR] ConditionMgr:805 - Attr not supported : Dmpu
2025-05-01 20:49:03,857 [ERROR] ConditionMgr:805 - Attr not supported : Dmpu
2025-05-01 20:49:03,859 [ERROR] ConditionMgr:805 - Attr not supported : Dmpu
2025-05-01 20:49:03,859 [ERROR] ConditionMgr:805 - Attr not supported : Dmpu
2025-05-01 20:49:03,859 [ERROR] ConditionMgr:805 - Attr not supported : Dmpu
2025-05-01 20:49:03,860 [ERROR] ConditionMgr:805 - Attr not supported : Dmpu
2025-05-01 20:49:03,860 [ERROR] ConditionMgr:805 - Attr not supported : Dmpu
2025-05-01 20:49:03,860 [ERROR] ConditionMgr:805 - Attr not supported : Dmpu
2025-05-01 20:49:03,860 [ERROR] ConditionMgr:805 - Attr not supported : Dmpu
2025-05-01 20:49:03,860 [ERROR] ConditionMgr:805 - Attr not supported : Dmpu
2025-05-01 20:49:03,862 [ERROR] ConditionMgr:805 - Attr not supported : Dmpu
2025-05-01 20:49:03,862 [ERROR] ConditionMgr:805 - Attr not supported : Dmpu
2025-05-01 20:49:03,862 [ERROR] ConditionMgr:805 - Attr not supported : Dmpu
2025-05-01 20:49:03,862 [ERROR] ConditionMgr:805 - Attr not supported : Dmpu
2025-05-01 20:49:03,862 [ERROR] ConditionMgr:805 - Attr not supported : Dmpu
2025-05-01 20:49:03,862 [ERROR] ConditionMgr:805 - Attr not supported : Dmpu
2025-05-01 20:49:03,863 [ERROR] ConditionMgr:805 - Attr not supported : Dmpu
2025-05-01 20:49:03,863 [ERROR] ConditionMgr:805 - Attr not supported : Dmpu
2025-05-01 20:49:03,863 [ERROR] ConditionMgr:805 - Attr not supported : Dmpu
2025-05-01 20:49:03,863 [ERROR] ConditionMgr:805 - Attr not supported : Dmpu
2025-05-01 20:49:03,864 [ERROR] ConditionMgr:805 - Attr not supported : Dmpu
2025-05-01 20:49:03,864 [ERROR] ConditionMgr:805 - Attr not supported : Dmpu
2025-05-01 20:49:03,864 [ERROR] ConditionMgr:805 - Attr not supported : Dmpu
2025-05-01 20:49:03,864 [ERROR] ConditionMgr:805 - Attr not supported : Dmpu
2025-05-01 20:49:03,864 [ERROR] ConditionMgr:805 - Attr not supported : Dmpu
2025-05-01 20:49:03,864 [ERROR] ConditionMgr:805 - Attr not supported : Dmpu
2025-05-01 20:49:03,865 [ERROR] ConditionMgr:805 - Attr not supported : Dmpu
2025-05-01 20:49:03,865 [ERROR] ConditionMgr:805 - Attr not supported : Dmpu
2025-05-01 20:49:03,865 [ERROR] ConditionMgr:805 - Attr not supported : Dmpu
2025-05-01 20:49:03,865 [ERROR] ConditionMgr:805 - Attr not supported : Dmpu
2025-05-01 20:49:03,865 [ERROR] ConditionMgr:805 - Attr not supported : Dmpu
2025-05-01 20:49:03,866 [ERROR] ConditionMgr:805 - Attr not supported : Dmpu
2025-05-01 20:49:03,866 [ERROR] ConditionMgr:805 - Attr not supported : Dmpu
2025-05-01 20:49:03,866 [ERROR] ConditionMgr:805 - Attr not supported : Dmpu
2025-05-01 20:49:03,866 [ERROR] ConditionMgr:805 - Attr not supported : Dmpu
2025-05-01 20:49:03,866 [ERROR] ConditionMgr:805 - Attr not supported : Dmpu
2025-05-01 20:49:03,866 [ERROR] ConditionMgr:805 - Attr not supported : Dmpu
2025-05-01 20:49:03,866 [ERROR] ConditionMgr:805 - Attr not supported : Dmpu
2025-05-01 20:49:03,866 [ERROR] ConditionMgr:805 - Attr not supported : Dmpu
2025-05-01 20:49:03,866 [ERROR] ConditionMgr:805 - Attr not supported : Dmpu
2025-05-01 20:49:03,866 [ERROR] ConditionMgr:805 - Attr not supported : Dmpu
2025-05-01 20:49:03,866 [ERROR] ConditionMgr:805 - Attr not supported : Dmpu
2025-05-01 20:49:03,866 [ERROR] ConditionMgr:805 - Attr not supported : Dmpu
2025-05-01 20:49:03,866 [ERROR] ConditionMgr:805 - Attr not supported : Dmpu
2025-05-01 20:49:03,866 [ERROR] ConditionMgr:805 - Attr not supported : Dmpu
2025-05-01 20:49:03,866 [ERROR] ConditionMgr:805 - Attr not supported : Dmpu
2025-05-01 20:49:03,868 [ERROR] ConditionMgr:805 - Attr not supported : Dmpu
2025-05-01 20:49:03,868 [ERROR] ConditionMgr:805 - Attr not supported : Dmpu
2025-05-01 20:49:03,868 [ERROR] ConditionMgr:805 - Attr not supported : Dmpu
2025-05-01 20:49:03,868 [ERROR] ConditionMgr:805 - Attr not supported : Dmpu
2025-05-01 20:49:03,868 [ERROR] ConditionMgr:805 - Attr not supported : Dmpu
2025-05-01 20:49:03,868 [ERROR] ConditionMgr:805 - Attr not supported : Dmpu
2025-05-01 20:49:03,868 [ERROR] ConditionMgr:805 - Attr not supported : Dmpu
2025-05-01 20:49:03,868 [ERROR] ConditionMgr:805 - Attr not supported : Dmpu
2025-05-01 20:49:03,898 [WARN] PackLoader:240 - Cannot read IP mode file for STMicroelectronics.X-CUBE-WB05N.2.0.0
2025-05-01 20:49:03,927 [ERROR] Engine:466 - C:\Users\dbank\.stm32cubemx\thirdparties\pdsc\STMicroelectronics.X-CUBE-TCPP.4.2.0.pdsc: PDSC version is not supported
2025-05-01 20:49:03,955 [WARN] PackLoader:240 - Cannot read IP mode file for RealThread.X-CUBE-RT-Thread_Nano.4.1.1
2025-05-01 20:49:03,984 [WARN] PackLoader:240 - Cannot read IP mode file for wolfSSL.I-CUBE-wolfSSL.5.7.0
2025-05-01 20:49:04,012 [WARN] PackLoader:240 - Cannot read IP mode file for STMicroelectronics.FP-ATR-SIGFOX1.3.2.0
2025-05-01 20:49:04,040 [WARN] ConditionMgr:438 - getConditionDescription Invalid condition id : Cortex-A Device cause : null
2025-05-01 20:49:04,086 [WARN] ConditionMgr:1039 - genDependencies : Invalid condition id : Cortex-A Device cause : null
2025-05-01 20:49:04,086 [WARN] ConditionMgr:1039 - genDependencies : Invalid condition id : Cortex-A Device cause : null
2025-05-01 20:49:04,086 [WARN] ConditionMgr:1039 - genDependencies : Invalid condition id : Cortex-A Device cause : null
2025-05-01 20:49:04,118 [WARN] PackLoader:240 - Cannot read IP mode file for STMicroelectronics.X-CUBE-EEPRMA1.5.1.0
2025-05-01 20:49:04,148 [WARN] PackLoader:240 - Cannot read IP mode file for ITTIA_DB.I-CUBE-ITTIADB.8.9.0
2025-05-01 20:49:04,207 [WARN] PackLoader:240 - Cannot read IP mode file for SEGGER.I-CUBE-embOS.1.3.1
2025-05-01 20:49:04,279 [WARN] PackLoader:240 - Cannot read IP mode file for STMicroelectronics.X-CUBE-ALGOBUILD.1.4.0
2025-05-01 20:49:04,308 [WARN] PackLoader:240 - Cannot read IP mode file for STMicroelectronics.X-CUBE-AI.9.1.0
2025-05-01 20:49:04,340 [WARN] PackLoader:240 - Cannot read IP mode file for STMicroelectronics.X-CUBE-GNSS1.6.0.0
2025-05-01 20:49:04,393 [WARN] PackLoader:240 - Cannot read IP mode file for STMicroelectronics.X-CUBE-AZRTOS-F4.1.1.0
2025-05-01 20:49:04,420 [ERROR] Engine:466 - C:\Users\dbank\.stm32cubemx\thirdparties\pdsc\Avnet-IotConnect.X-CUBE-IoTC-DA16k-PMOD.1.0.0.pdsc: PDSC version is not supported
2025-05-01 20:49:04,444 [WARN] PackLoader:240 - Cannot read IP mode file for STMicroelectronics.X-CUBE-ISPU.2.1.0
2025-05-01 20:49:04,474 [WARN] PackLoader:240 - Cannot read IP mode file for STMicroelectronics.X-CUBE-FREERTOS.1.2.0
2025-05-01 20:49:04,528 [WARN] PackLoader:240 - Cannot read IP mode file for STMicroelectronics.X-CUBE-AZRTOS-L5.2.0.0
2025-05-01 20:49:04,564 [WARN] PackLoader:240 - Cannot read IP mode file for STMicroelectronics.X-CUBE-NFC6.3.1.0
2025-05-01 20:49:04,605 [WARN] PackLoader:240 - Cannot read IP mode file for STMicroelectronics.X-CUBE-DPower.1.2.0
2025-05-01 20:49:04,636 [WARN] PackLoader:240 - Cannot read IP mode file for STMicroelectronics.X-CUBE-AI.9.0.0
2025-05-01 20:49:04,664 [WARN] PackLoader:240 - Cannot read IP mode file for STMicroelectronics.X-CUBE-FREERTOS.1.3.0
2025-05-01 20:49:04,691 [WARN] PackLoader:240 - Cannot read IP mode file for STMicroelectronics.X-CUBE-NFC7.1.0.1
2025-05-01 20:49:04,719 [WARN] PackLoader:240 - Cannot read IP mode file for wolfSSL.I-CUBE-wolfTPM.3.2.0
2025-05-01 20:49:04,747 [WARN] PackLoader:240 - Cannot read IP mode file for STMicroelectronics.X-CUBE-DPower.1.3.0
2025-05-01 20:49:04,802 [WARN] ConditionMgr:438 - getConditionDescription Invalid condition id : LAN8742 Phy interface Condition cause : null
2025-05-01 20:49:04,802 [WARN] PackLoader:240 - Cannot read IP mode file for STMicroelectronics.X-CUBE-AZRTOS-L4.2.0.0
2025-05-01 20:49:04,804 [WARN] ConditionMgr:1039 - genDependencies : Invalid condition id : LAN8742 Phy interface Condition cause : null
2025-05-01 20:49:04,805 [WARN] ConditionMgr:1039 - genDependencies : Invalid condition id : LAN8742 Phy interface Condition cause : null
2025-05-01 20:49:04,805 [WARN] ConditionMgr:1039 - genDependencies : Invalid condition id : LAN8742 Phy interface Condition cause : null
2025-05-01 20:49:04,834 [WARN] PackLoader:240 - Cannot read IP mode file for STMicroelectronics.X-CUBE-SFXS2LP1.4.0.0
2025-05-01 20:49:04,900 [WARN] PackLoader:240 - Cannot read IP mode file for STMicroelectronics.X-CUBE-AZRTOS-H7.3.3.0
2025-05-01 20:49:05,296 [WARN] PackLoader:240 - Cannot read IP mode file for STMicroelectronics.X-CUBE-IPS.3.0.0
2025-05-01 20:49:05,346 [WARN] ConditionMgr:438 - getConditionDescription Invalid condition id : UX DEVICE CLASS RTOS Condition cause : null
2025-05-01 20:49:05,348 [WARN] ConditionMgr:438 - getConditionDescription Invalid condition id : UX DEVICE CLASS RTOS Condition cause : null
2025-05-01 20:49:05,349 [WARN] PackLoader:240 - Cannot read IP mode file for STMicroelectronics.X-CUBE-AZRTOS-WB.2.0.0
2025-05-01 20:49:05,349 [WARN] ConditionMgr:1039 - genDependencies : Invalid condition id : UX DEVICE CLASS RTOS Condition cause : null
2025-05-01 20:49:05,351 [WARN] ConditionMgr:1039 - genDependencies : Invalid condition id : UX DEVICE CLASS RTOS Condition cause : null
2025-05-01 20:49:05,351 [WARN] ConditionMgr:1039 - genDependencies : Invalid condition id : UX DEVICE CLASS RTOS Condition cause : null
2025-05-01 20:49:05,351 [WARN] ConditionMgr:1039 - genDependencies : Invalid condition id : UX DEVICE CLASS RTOS Condition cause : null
2025-05-01 20:49:05,351 [WARN] ConditionMgr:1039 - genDependencies : Invalid condition id : UX DEVICE CLASS RTOS Condition cause : null
2025-05-01 20:49:05,372 [WARN] PackLoader:240 - Cannot read IP mode file for STMicroelectronics.X-CUBE-GNSS1.7.0.0
2025-05-01 20:49:05,395 [WARN] PackLoader:240 - Cannot read IP mode file for STMicroelectronics.X-CUBE-GNSS1.7.0.1
2025-05-01 20:49:05,424 [WARN] PackLoader:240 - Cannot read IP mode file for STMicroelectronics.X-CUBE-TOUCHGFX.4.25.0
2025-05-01 20:49:05,456 [WARN] PackLoader:240 - Cannot read IP mode file for STMicroelectronics.FP-SNS-STBOX1.2.0.0
2025-05-01 20:49:05,498 [WARN] PackLoader:240 - Cannot read IP mode file for STMicroelectronics.X-CUBE-SUBG2.5.0.0
2025-05-01 20:49:05,590 [WARN] PackLoader:240 - Cannot read IP mode file for STMicroelectronics.X-CUBE-AZRTOS-H7RS.1.1.0
2025-05-01 20:49:05,638 [WARN] PackLoader:240 - Cannot read IP mode file for STMicroelectronics.X-CUBE-AZRTOS-G4.2.0.0
2025-05-01 20:49:05,662 [WARN] PackLoader:240 - Cannot read IP mode file for STMicroelectronics.X-CUBE-ISPU.2.0.0
2025-05-01 20:49:05,687 [ERROR] Engine:466 - C:\Users\dbank\.stm32cubemx\thirdparties\pdsc\STMicroelectronics.X-CUBE-IPS.3.1.0.pdsc: PDSC version is not supported
2025-05-01 20:49:05,718 [WARN] PackLoader:240 - Cannot read IP mode file for STMicroelectronics.X-CUBE-ALS.1.0.2
2025-05-01 20:49:05,801 [WARN] PackLoader:240 - Cannot read IP mode file for STMicroelectronics.X-CUBE-MEMS1.10.0.0
2025-05-01 20:49:05,964 [WARN] PackLoader:240 - Cannot read IP mode file for STMicroelectronics.X-CUBE-TOUCHGFX.4.24.0
2025-05-01 20:49:05,991 [WARN] PackLoader:240 - Cannot read IP mode file for STMicroelectronics.X-CUBE-TOUCHGFX.4.24.1
2025-05-01 20:49:06,019 [WARN] PackLoader:240 - Cannot read IP mode file for portGmbH.I-Cube-SoM-uGOAL.1.1.0
2025-05-01 20:49:06,042 [WARN] PackLoader:240 - Cannot read IP mode file for STMicroelectronics.X-CUBE-ALS.1.0.1
2025-05-01 20:49:06,088 [WARN] PackLoader:240 - Cannot read IP mode file for STMicroelectronics.X-CUBE-AZRTOS-H7RS.1.0.0
2025-05-01 20:49:06,117 [WARN] PackLoader:240 - Cannot read IP mode file for STMicroelectronics.FP-ATR-ASTRA1.2.0.0
2025-05-01 20:49:06,153 [WARN] PackLoader:240 - Cannot read IP mode file for STMicroelectronics.X-CUBE-TOF1.3.4.2
2025-05-01 20:49:06,186 [ERROR] Engine:466 - C:\Users\dbank\.stm32cubemx\thirdparties\pdsc\STMicroelectronics.X-CUBE-TOF1.3.4.3.pdsc: PDSC version is not supported
2025-05-01 20:49:06,211 [WARN] PackLoader:240 - Cannot read IP mode file for STMicroelectronics.X-CUBE-TOF1.3.4.1
2025-05-01 20:49:06,283 [WARN] PackLoader:240 - Cannot read IP mode file for STMicroelectronics.X-CUBE-AZRTOS-H7.3.2.0
2025-05-01 20:49:06,328 [WARN] PackLoader:240 - Cannot read IP mode file for Infineon.AIROC-Wi-Fi-Bluetooth-STM32.1.6.0
2025-05-01 20:49:06,363 [WARN] PackLoader:240 - Cannot read IP mode file for wolfSSL.I-CUBE-wolfSSH.1.4.17
2025-05-01 20:49:06,363 [INFO] ThirdParty:978 - Integrity check success = true
2025-05-01 20:49:06,363 [INFO] IntegrityCheckThread:100 - exiting critical section [integrity check]
2025-05-01 20:49:06,363 [INFO] IntegrityCheckThread:103 - End integrity checks thread
2025-05-01 20:49:08,466 [INFO] WebApp:161 - Instantiating new browser for Auth
2025-05-01 20:49:09,256 [INFO] WebApp:779 - Register for checkConnection events
2025-05-01 20:49:09,256 [INFO] WebApp:414 - Apply proxy settings
2025-05-01 20:49:09,256 [INFO] WebApp:499 - Chromium requires no authentication
2025-05-01 20:49:09,263 [INFO] WebApp:442 - Direct internet connection detected
2025-05-01 20:49:09,393 [INFO] WebApp:192 - Starting web application
2025-05-01 20:49:09,393 [INFO] WebApp:544 - Web application path used C:\ST\STM32CubeIDE_1.15.1\STM32CubeIDE\plugins\com.st.stm32cube.common.mx_6.11.1.202404110753\db\plugins\mcufinder\reactClient1\index.html
2025-05-01 21:42:26,002 [ERROR] LogOutputStream:75 - [STDERR_REDIRECT] 
2025-05-01 21:42:26,002 [ERROR] LogOutputStream:75 - [STDERR_REDIRECT] 
