2025-05-14 21:11:42,717 [INFO] Activator:176 - 


2025-05-14 21:11:42,725 [INFO] Activator:177 - !SESSION log4j initialized
2025-05-14 21:11:47,334 [INFO] LogOutputStream:77 - [STDOUT_REDIRECT] 
2025-05-14 21:11:51,425 [INFO] ApplicationProperties:184 - Using Application install path: C:\ST\STM32CubeIDE_1.15.1\STM32CubeIDE\plugins\com.st.stm32cube.common.mx_6.11.1.202404110753
2025-05-14 21:11:51,442 [INFO] DbMcusXml:78 - Set database path to: C:\ST\STM32CubeIDE_1.15.1\STM32CubeIDE\plugins\com.st.stm32cube.common.mx_6.11.1.202404110753\\db\/mcu/
2025-05-14 21:11:51,444 [INFO] ApiDb:274 - Set plugin database path to: C:\ST\STM32CubeIDE_1.15.1\STM32CubeIDE\plugins\com.st.stm32cube.common.mx_6.11.1.202404110753\\db\/plugins/boardmanager/
2025-05-14 21:11:51,444 [WARN] ApiDb:259 - Overriding images path with different value:  => C:\ST\STM32CubeIDE_1.15.1\STM32CubeIDE\plugins\com.st.stm32cube.common.mx_6.11.1.202404110753\\db\/plugins/mcufinder/images/
2025-05-14 21:11:51,459 [INFO] ApiDb:250 - Set database path to: C:\Users\dbank\.stmcufinder\plugins\mcufinder//mcu/
2025-05-14 21:11:51,461 [INFO] DbMcusAds:125 - Set database path to: C:\Users\dbank\.stmcufinder\plugins\mcufinder//mcu/
2025-05-14 21:11:51,462 [INFO] CrossReferenceDbSqlite:203 - Set database path to: C:\Users\dbank\.stmcufinder\plugins\mcufinder//mcu/cs/
2025-05-14 21:11:51,596 [INFO] RulesReader:64 - Compatibility file has been processed (297 Rules)
2025-05-14 21:11:51,708 [INFO] DbMcusXml:78 - Set database path to: C:\ST\STM32CubeIDE_1.15.1\STM32CubeIDE\plugins\com.st.stm32cube.common.mx_6.11.1.202404110753\\db\/mcu/
2025-05-14 21:11:51,708 [INFO] ApiDb:274 - Set plugin database path to: C:\ST\STM32CubeIDE_1.15.1\STM32CubeIDE\plugins\com.st.stm32cube.common.mx_6.11.1.202404110753\\db\/plugins/boardmanager/
2025-05-14 21:11:51,710 [INFO] ApiDb:261 - Set plugin images path to: C:\ST\STM32CubeIDE_1.15.1\STM32CubeIDE\plugins\com.st.stm32cube.common.mx_6.11.1.202404110753\\db\/plugins/mcufinder/images/
2025-05-14 21:11:51,710 [WARN] DbFile:41 - Overriding database path with different value: C:\Users\dbank\.stmcufinder\plugins\mcufinder/ => C:\Users\dbank\.stmcufinder\plugins\mcufinder
2025-05-14 21:11:51,710 [INFO] ApiDb:250 - Set database path to: C:\Users\dbank\.stmcufinder\plugins\mcufinder//mcu/
2025-05-14 21:11:51,710 [WARN] DbFile:41 - Overriding database path with different value: C:\Users\dbank\.stmcufinder\plugins\mcufinder/ => C:\Users\dbank\.stmcufinder\plugins\mcufinder
2025-05-14 21:11:51,710 [INFO] DbMcusAds:125 - Set database path to: C:\Users\dbank\.stmcufinder\plugins\mcufinder//mcu/
2025-05-14 21:11:51,710 [WARN] DbFile:41 - Overriding database path with different value: C:\Users\dbank\.stmcufinder\plugins\mcufinder/ => C:\Users\dbank\.stmcufinder\plugins\mcufinder
2025-05-14 21:11:51,710 [WARN] DbFile:41 - Overriding database path with different value: C:\Users\dbank\.stmcufinder\plugins\mcufinder/ => C:\Users\dbank\.stmcufinder\plugins\mcufinder
2025-05-14 21:11:51,710 [INFO] CrossReferenceDbSqlite:203 - Set database path to: C:\Users\dbank\.stmcufinder\plugins\mcufinder//mcu/cs/
2025-05-14 21:11:51,800 [INFO] MainPanel:264 - HeapMemory: 268435456
2025-05-14 21:11:51,905 [INFO] DbMcusXml:78 - Set database path to: C:\ST\STM32CubeIDE_1.15.1\STM32CubeIDE\plugins\com.st.stm32cube.common.mx_6.11.1.202404110753\\db\/mcu/
2025-05-14 21:11:51,905 [INFO] ApiDb:274 - Set plugin database path to: C:\ST\STM32CubeIDE_1.15.1\STM32CubeIDE\plugins\com.st.stm32cube.common.mx_6.11.1.202404110753\\db\/plugins/boardmanager/
2025-05-14 21:11:51,905 [INFO] ApiDb:261 - Set plugin images path to: C:\ST\STM32CubeIDE_1.15.1\STM32CubeIDE\plugins\com.st.stm32cube.common.mx_6.11.1.202404110753\\db\/plugins/mcufinder/images/
2025-05-14 21:11:51,905 [WARN] DbFile:41 - Overriding database path with different value: C:\Users\dbank\.stmcufinder\plugins\mcufinder/ => C:\Users\dbank\.stmcufinder\plugins\mcufinder
2025-05-14 21:11:51,905 [INFO] ApiDb:250 - Set database path to: C:\Users\dbank\.stmcufinder\plugins\mcufinder//mcu/
2025-05-14 21:11:51,905 [WARN] DbFile:41 - Overriding database path with different value: C:\Users\dbank\.stmcufinder\plugins\mcufinder/ => C:\Users\dbank\.stmcufinder\plugins\mcufinder
2025-05-14 21:11:51,905 [INFO] DbMcusAds:125 - Set database path to: C:\Users\dbank\.stmcufinder\plugins\mcufinder//mcu/
2025-05-14 21:11:51,905 [WARN] DbFile:41 - Overriding database path with different value: C:\Users\dbank\.stmcufinder\plugins\mcufinder/ => C:\Users\dbank\.stmcufinder\plugins\mcufinder
2025-05-14 21:11:51,905 [WARN] DbFile:41 - Overriding database path with different value: C:\Users\dbank\.stmcufinder\plugins\mcufinder/ => C:\Users\dbank\.stmcufinder\plugins\mcufinder
2025-05-14 21:11:51,906 [INFO] CrossReferenceDbSqlite:203 - Set database path to: C:\Users\dbank\.stmcufinder\plugins\mcufinder//mcu/cs/
2025-05-14 21:11:51,945 [INFO] ApplicationProperties:184 - Using Application install path: C:\ST\STM32CubeIDE_1.15.1\STM32CubeIDE\plugins\com.st.stm32cube.common.mx_6.11.1.202404110753
2025-05-14 21:11:51,948 [INFO] PluginManage:196 - Search for loadable plugins [exclusion list=, ]
2025-05-14 21:11:51,956 [INFO] PluginManage:310 - Check plugin analytics
2025-05-14 21:11:52,214 [INFO] AnalyticsPlugin:253 - Accepted Software Licenses: STM32CubeMX.6.11.1
2025-05-14 21:11:52,216 [INFO] AnalyticsPlugin:255 - Accepted CMSIS Pack Licenses: STMicroelectronics.X-CUBE-AZRTOS-H7.3.3.0
2025-05-14 21:11:52,216 [INFO] AnalyticsPlugin:257 - Accepted Firmware Licenses: FW.H7.1.11.0,FW.H7.1.10.0,FW.L4.1.18.0,FW.F4.1.28.0,FW.MP1.1.6.0
2025-05-14 21:11:52,220 [INFO] PluginManage:359 - Loaded plugin analytics (category:tool,tabindex:-1)
2025-05-14 21:11:52,220 [INFO] PluginManage:310 - Check plugin cadmodel
2025-05-14 21:11:52,244 [INFO] CADModel:105 - Init CAD model plugin
2025-05-14 21:11:52,244 [INFO] PluginManage:359 - Loaded plugin cadmodel (category:power,tabindex:5)
2025-05-14 21:11:52,245 [INFO] PluginManage:310 - Check plugin clock
2025-05-14 21:11:52,270 [INFO] PluginManage:359 - Loaded plugin clock (category:base,tabindex:2)
2025-05-14 21:11:52,272 [INFO] PluginManage:310 - Check plugin ddr
2025-05-14 21:11:52,273 [INFO] PluginManage:359 - Loaded plugin ddr (category:tool,tabindex:6)
2025-05-14 21:11:52,273 [INFO] PluginManage:310 - Check plugin filemanager
2025-05-14 21:11:52,458 [INFO] PluginManage:359 - Loaded plugin filemanager (category:base,tabindex:10)
2025-05-14 21:11:52,458 [INFO] PluginManage:310 - Check plugin ipmanager
2025-05-14 21:11:52,467 [INFO] PluginManage:359 - Loaded plugin ipmanager (category:base,tabindex:5)
2025-05-14 21:11:52,467 [INFO] PluginManage:310 - Check plugin lpbam
2025-05-14 21:11:52,494 [INFO] PluginManage:359 - Loaded plugin lpbam (category:base,tabindex:0)
2025-05-14 21:11:52,494 [INFO] PluginManage:310 - Check plugin memorymap
2025-05-14 21:11:52,525 [INFO] PluginManage:359 - Loaded plugin memorymap (category:base,tabindex:4)
2025-05-14 21:11:52,526 [INFO] PluginManage:310 - Check plugin pinoutandconfiguration
2025-05-14 21:11:52,548 [INFO] PluginManage:359 - Loaded plugin pinoutandconfiguration (category:base,tabindex:1)
2025-05-14 21:11:52,550 [INFO] PluginManage:310 - Check plugin pinoutconfig
2025-05-14 21:11:52,656 [WARN] SupportedApi:132 - Cannot load RTOS API schema: s4s-elt-must-match.1: The content of 'definitions' must match (annotation?, (simpleType | complexType)?, (unique | key | keyref)*)). A problem was found starting at: attribute.
2025-05-14 21:11:52,797 [INFO] PluginManage:359 - Loaded plugin pinoutconfig (category:base,tabindex:0)
2025-05-14 21:11:52,797 [INFO] PluginManage:310 - Check plugin power
2025-05-14 21:11:52,825 [INFO] PluginManage:359 - Loaded plugin power (category:power,tabindex:4)
2025-05-14 21:11:52,825 [INFO] PluginManage:310 - Check plugin projectmanager
2025-05-14 21:11:52,840 [INFO] PluginManage:359 - Loaded plugin projectmanager (category:projectmanager,tabindex:3)
2025-05-14 21:11:52,842 [INFO] PluginManage:310 - Check plugin thirdparty
2025-05-14 21:11:53,263 [INFO] PluginManage:359 - Loaded plugin thirdparty (category:base,tabindex:-1)
2025-05-14 21:11:53,263 [INFO] PluginManage:310 - Check plugin tools
2025-05-14 21:11:53,263 [WARN] IntegrityCheckThread:84 - waiting for thirdparty lock release [integrity check]
2025-05-14 21:11:53,264 [INFO] IntegrityCheckThread:86 - entering critical section [integrity check]
2025-05-14 21:11:53,266 [INFO] ThirdPartyUpdaterWithRetryManager:70 - Updater plugin not ready yet. [1/15]
2025-05-14 21:11:53,360 [INFO] PluginManage:359 - Loaded plugin tools (category:base,tabindex:7)
2025-05-14 21:11:53,360 [INFO] PluginManage:310 - Check plugin tutovideos
2025-05-14 21:11:53,803 [INFO] PluginManage:359 - Loaded plugin tutovideos (category:base,tabindex:-1)
2025-05-14 21:11:53,803 [INFO] PluginManage:310 - Check plugin updater
2025-05-14 21:11:53,826 [INFO] PluginManage:359 - Loaded plugin updater (category:base,tabindex:12)
2025-05-14 21:11:53,826 [INFO] PluginManage:310 - Check plugin userauth
2025-05-14 21:11:53,838 [INFO] UserAuth:114 - Init User Auth plugin
2025-05-14 21:11:53,838 [INFO] PluginManage:359 - Loaded plugin userauth (category:base,tabindex:14)
2025-05-14 21:11:53,839 [INFO] PluginManage:283 - PluginManage : Loaded plugins [17]
2025-05-14 21:11:54,398 [INFO] PinOutPanel:1561 - setPackage(No Configuration,No Configuration)
2025-05-14 21:11:54,587 [INFO] CADModel:165 - CPN selected for project level
2025-05-14 21:11:54,587 [INFO] CADModel:114 - Register for checkConnection events
2025-05-14 21:11:54,639 [INFO] IPUIPlugin:80 - create IPUIPlugin
2025-05-14 21:11:54,639 [INFO] PluginManager:220 - loadIPPluginJar : add adc
2025-05-14 21:11:54,733 [INFO] IPUIPlugin:80 - create IPUIPlugin
2025-05-14 21:11:54,733 [INFO] PluginManager:220 - loadIPPluginJar : add aes
2025-05-14 21:11:54,833 [INFO] IPUIPlugin:80 - create IPUIPlugin
2025-05-14 21:11:54,833 [INFO] PluginManager:220 - loadIPPluginJar : add can
2025-05-14 21:11:54,884 [INFO] IPUIPlugin:80 - create IPUIPlugin
2025-05-14 21:11:54,884 [INFO] PluginManager:220 - loadIPPluginJar : add comp
2025-05-14 21:11:54,952 [INFO] IPUIPlugin:80 - create IPUIPlugin
2025-05-14 21:11:54,952 [INFO] PluginManager:220 - loadIPPluginJar : add cryp
2025-05-14 21:11:55,019 [INFO] IPUIPlugin:80 - create IPUIPlugin
2025-05-14 21:11:55,019 [INFO] PluginManager:220 - loadIPPluginJar : add dfsdm
2025-05-14 21:11:55,063 [INFO] IPUIPlugin:80 - create IPUIPlugin
2025-05-14 21:11:55,065 [INFO] PluginManager:220 - loadIPPluginJar : add dma
2025-05-14 21:11:55,174 [INFO] IPUIPlugin:80 - create IPUIPlugin
2025-05-14 21:11:55,174 [INFO] PluginManager:220 - loadIPPluginJar : add dma3
2025-05-14 21:11:55,275 [INFO] IPUIPlugin:80 - create IPUIPlugin
2025-05-14 21:11:55,276 [INFO] PluginManager:220 - loadIPPluginJar : add extmemmanager
2025-05-14 21:11:55,335 [INFO] IPUIPlugin:80 - create IPUIPlugin
2025-05-14 21:11:55,336 [INFO] PluginManager:220 - loadIPPluginJar : add fatfs
2025-05-14 21:11:55,458 [INFO] IPUIPlugin:80 - create IPUIPlugin
2025-05-14 21:11:55,460 [INFO] PluginManager:220 - loadIPPluginJar : add fmc
2025-05-14 21:11:55,508 [INFO] IPUIPlugin:80 - create IPUIPlugin
2025-05-14 21:11:55,509 [INFO] PluginManager:220 - loadIPPluginJar : add freertos
2025-05-14 21:11:55,557 [INFO] IPUIPlugin:80 - create IPUIPlugin
2025-05-14 21:11:55,557 [INFO] PluginManager:220 - loadIPPluginJar : add genericplugin
2025-05-14 21:11:55,812 [INFO] IPUIPlugin:80 - create IPUIPlugin
2025-05-14 21:11:55,813 [INFO] PluginManager:220 - loadIPPluginJar : add gfxmmu
2025-05-14 21:11:56,166 [INFO] IPUIPlugin:80 - create IPUIPlugin
2025-05-14 21:11:56,168 [INFO] PluginManager:220 - loadIPPluginJar : add gic
2025-05-14 21:11:56,200 [INFO] IPUIPlugin:80 - create IPUIPlugin
2025-05-14 21:11:56,200 [INFO] PluginManager:220 - loadIPPluginJar : add gpio
2025-05-14 21:11:56,268 [INFO] ThirdPartyUpdaterWithRetryManager:70 - Updater plugin not ready yet. [2/15]
2025-05-14 21:11:56,440 [INFO] IPUIPlugin:80 - create IPUIPlugin
2025-05-14 21:11:56,440 [INFO] PluginManager:220 - loadIPPluginJar : add gtzc
2025-05-14 21:11:56,536 [INFO] IPUIPlugin:80 - create IPUIPlugin
2025-05-14 21:11:56,536 [INFO] PluginManager:220 - loadIPPluginJar : add hash
2025-05-14 21:11:56,672 [INFO] IPUIPlugin:80 - create IPUIPlugin
2025-05-14 21:11:56,672 [INFO] PluginManager:220 - loadIPPluginJar : add i2c
2025-05-14 21:11:56,782 [INFO] IPUIPlugin:80 - create IPUIPlugin
2025-05-14 21:11:56,782 [INFO] PluginManager:220 - loadIPPluginJar : add i2s
2025-05-14 21:11:56,862 [INFO] IPUIPlugin:80 - create IPUIPlugin
2025-05-14 21:11:56,862 [INFO] PluginManager:220 - loadIPPluginJar : add i3c
2025-05-14 21:11:57,040 [INFO] IPUIPlugin:80 - create IPUIPlugin
2025-05-14 21:11:57,042 [INFO] PluginManager:220 - loadIPPluginJar : add ipddr
2025-05-14 21:11:57,245 [INFO] IPUIPlugin:80 - create IPUIPlugin
2025-05-14 21:11:57,245 [INFO] PluginManager:220 - loadIPPluginJar : add linkedlist
2025-05-14 21:11:57,340 [INFO] IPUIPlugin:80 - create IPUIPlugin
2025-05-14 21:11:57,340 [INFO] PluginManager:220 - loadIPPluginJar : add lorawan
2025-05-14 21:11:57,431 [INFO] IPUIPlugin:80 - create IPUIPlugin
2025-05-14 21:11:57,431 [INFO] PluginManager:220 - loadIPPluginJar : add ltdc
2025-05-14 21:11:57,457 [INFO] IPUIPlugin:80 - create IPUIPlugin
2025-05-14 21:11:57,457 [INFO] PluginManager:220 - loadIPPluginJar : add mdma
2025-05-14 21:11:57,500 [INFO] IPUIPlugin:80 - create IPUIPlugin
2025-05-14 21:11:57,500 [INFO] PluginManager:220 - loadIPPluginJar : add nvic
2025-05-14 21:11:57,617 [INFO] IPUIPlugin:80 - create IPUIPlugin
2025-05-14 21:11:57,617 [INFO] PluginManager:220 - loadIPPluginJar : add opamp
2025-05-14 21:11:57,750 [INFO] IPUIPlugin:80 - create IPUIPlugin
2025-05-14 21:11:57,750 [INFO] PluginManager:220 - loadIPPluginJar : add openamp
2025-05-14 21:11:57,842 [INFO] IPUIPlugin:80 - create IPUIPlugin
2025-05-14 21:11:57,842 [INFO] PluginManager:220 - loadIPPluginJar : add pdm2pcm
2025-05-14 21:11:57,874 [INFO] IPUIPlugin:80 - create IPUIPlugin
2025-05-14 21:11:57,876 [INFO] PluginManager:220 - loadIPPluginJar : add plateformsettings
2025-05-14 21:11:57,929 [INFO] IPUIPlugin:80 - create IPUIPlugin
2025-05-14 21:11:57,931 [INFO] PluginManager:220 - loadIPPluginJar : add quadspi
2025-05-14 21:11:57,961 [INFO] IPUIPlugin:80 - create IPUIPlugin
2025-05-14 21:11:57,961 [INFO] PluginManager:220 - loadIPPluginJar : add resmgrutility
2025-05-14 21:11:58,086 [INFO] IPUIPlugin:80 - create IPUIPlugin
2025-05-14 21:11:58,086 [INFO] PluginManager:220 - loadIPPluginJar : add sai
2025-05-14 21:11:58,183 [INFO] IPUIPlugin:80 - create IPUIPlugin
2025-05-14 21:11:58,183 [INFO] PluginManager:220 - loadIPPluginJar : add spi
2025-05-14 21:11:58,321 [INFO] IPUIPlugin:80 - create IPUIPlugin
2025-05-14 21:11:58,321 [INFO] PluginManager:220 - loadIPPluginJar : add stm32_wpan
2025-05-14 21:11:58,376 [INFO] IPUIPlugin:80 - create IPUIPlugin
2025-05-14 21:11:58,376 [INFO] PluginManager:220 - loadIPPluginJar : add tim
2025-05-14 21:11:58,522 [INFO] IPUIPlugin:80 - create IPUIPlugin
2025-05-14 21:11:58,522 [INFO] PluginManager:220 - loadIPPluginJar : add touchsensing
2025-05-14 21:11:58,590 [INFO] IPUIPlugin:80 - create IPUIPlugin
2025-05-14 21:11:58,590 [INFO] PluginManager:220 - loadIPPluginJar : add tracer_emb
2025-05-14 21:11:58,657 [INFO] IPUIPlugin:80 - create IPUIPlugin
2025-05-14 21:11:58,657 [INFO] PluginManager:220 - loadIPPluginJar : add ts
2025-05-14 21:11:58,729 [INFO] IPUIPlugin:80 - create IPUIPlugin
2025-05-14 21:11:58,729 [INFO] PluginManager:220 - loadIPPluginJar : add tsc
2025-05-14 21:11:58,790 [INFO] IPUIPlugin:80 - create IPUIPlugin
2025-05-14 21:11:58,790 [INFO] PluginManager:220 - loadIPPluginJar : add ucpd
2025-05-14 21:11:58,887 [INFO] IPUIPlugin:80 - create IPUIPlugin
2025-05-14 21:11:58,887 [INFO] PluginManager:220 - loadIPPluginJar : add usart
2025-05-14 21:11:59,032 [INFO] IPUIPlugin:80 - create IPUIPlugin
2025-05-14 21:11:59,032 [INFO] PluginManager:220 - loadIPPluginJar : add usbx
2025-05-14 21:11:59,209 [INFO] CADModel:165 - CPN selected for project level
2025-05-14 21:11:59,211 [INFO] CADModel:114 - Register for checkConnection events
2025-05-14 21:11:59,211 [FATAL] Updater:308 - Updater called before beeing initialized
2025-05-14 21:11:59,211 [ERROR] CADModel:125 - Updater not yet initialized, retry later 
2025-05-14 21:11:59,270 [INFO] ThirdPartyUpdaterWithRetryManager:70 - Updater plugin not ready yet. [3/15]
2025-05-14 21:11:59,546 [INFO] CADModel:165 - CPN selected for project level
2025-05-14 21:11:59,546 [INFO] CADModel:114 - Register for checkConnection events
2025-05-14 21:11:59,546 [FATAL] Updater:308 - Updater called before beeing initialized
2025-05-14 21:11:59,546 [ERROR] CADModel:125 - Updater not yet initialized, retry later 
2025-05-14 21:11:59,553 [FATAL] Updater:308 - Updater called before beeing initialized
2025-05-14 21:11:59,768 [FATAL] Updater:308 - Updater called before beeing initialized
2025-05-14 21:11:59,805 [INFO] DbMcusAds:53 - JSON generation date=Wed May 07 11:07:55 CEST 2025 (1746608875513)
2025-05-14 21:11:59,805 [FATAL] Updater:308 - Updater called before beeing initialized
2025-05-14 21:11:59,954 [WARN] DetailPanel:346 - Failed to get advertising image, set to default
2025-05-14 21:12:00,086 [FATAL] Updater:308 - Updater called before beeing initialized
2025-05-14 21:12:00,094 [FATAL] Updater:308 - Updater called before beeing initialized
2025-05-14 21:12:00,094 [FATAL] Updater:308 - Updater called before beeing initialized
2025-05-14 21:12:00,094 [WARN] DetailPanel:346 - Failed to get advertising image, set to default
2025-05-14 21:12:00,094 [FATAL] Updater:308 - Updater called before beeing initialized
2025-05-14 21:12:00,220 [ERROR] Updater:1120 - MainUpdater not yet initialized. External WinMGr cannot be set.
2025-05-14 21:12:00,242 [INFO] Updater:1056 - Updater Version found : 6.11.1
2025-05-14 21:12:00,325 [INFO] ApplicationProperties:184 - Using Application install path: C:\ST\STM32CubeIDE_1.15.1\STM32CubeIDE\plugins\com.st.stm32cube.common.mx_6.11.1.202404110753
2025-05-14 21:12:01,966 [ERROR] LogOutputStream:75 - [STDERR_REDIRECT] May 14, 2025 9:12:01 PM java.util.prefs.WindowsPreferences <init>
2025-05-14 21:12:01,969 [ERROR] LogOutputStream:75 - [STDERR_REDIRECT] WARNING: Could not open/create prefs root node Software\JavaSoft\Prefs at root 0xffffffff80000002. Windows RegCreateKeyEx(...) returned error code 5.
2025-05-14 21:12:01,969 [ERROR] LogOutputStream:75 - [STDERR_REDIRECT] 
2025-05-14 21:12:02,271 [FATAL] Updater:308 - Updater called before beeing initialized
2025-05-14 21:12:02,271 [ERROR] IntegrityCheckThread:130 - Cannot retrieve database content from updater: error 21
2025-05-14 21:12:02,273 [INFO] ThirdParty:978 - Integrity check success = false
2025-05-14 21:12:02,273 [INFO] IntegrityCheckThread:100 - exiting critical section [integrity check]
2025-05-14 21:12:02,273 [INFO] IntegrityCheckThread:103 - End integrity checks thread
2025-05-14 21:12:03,178 [INFO] MainUpdater:2873 - connection check result : 10
2025-05-14 21:12:03,179 [INFO] MainUpdater:290 - Updater Check For Update Now.
2025-05-14 21:12:03,181 [INFO] MicroXplorer:498 - Change Database Version : DB.6.0.111
2025-05-14 21:12:03,231 [INFO] McuFinderGlobals:63 - Set McuFinder mode to 2 (CubeIDE integrated)
2025-05-14 21:12:03,259 [INFO] UserAuth:415 - Internet connection configuration mode: 1
2025-05-14 21:12:03,342 [INFO] JxBrowserEngine:152 - Initiate JxBrowser Engine with user profile folder
2025-05-14 21:12:03,481 [INFO] CheckServerUpdateThread:120 - End of CheckServer Thread
2025-05-14 21:12:12,085 [INFO] WebApp:161 - Instantiating new browser for Auth
2025-05-14 21:12:14,364 [INFO] WebApp:779 - Register for checkConnection events
2025-05-14 21:12:14,364 [INFO] WebApp:414 - Apply proxy settings
2025-05-14 21:12:14,364 [INFO] WebApp:499 - Chromium requires no authentication
2025-05-14 21:12:14,375 [INFO] WebApp:442 - Direct internet connection detected
2025-05-14 21:12:15,618 [INFO] WebApp:192 - Starting web application
2025-05-14 21:12:15,618 [INFO] WebApp:544 - Web application path used C:\ST\STM32CubeIDE_1.15.1\STM32CubeIDE\plugins\com.st.stm32cube.common.mx_6.11.1.202404110753\db\plugins\mcufinder\reactClient1\index.html
2025-05-14 21:12:18,614 [ERROR] LogOutputStream:75 - [STDERR_REDIRECT] 
2025-05-14 21:12:18,615 [ERROR] LogOutputStream:75 - [STDERR_REDIRECT] 
2025-05-14 21:12:26,061 [INFO] Activator:176 - 


2025-05-14 21:12:26,065 [INFO] Activator:177 - !SESSION log4j initialized
2025-05-14 21:12:30,779 [INFO] LogOutputStream:77 - [STDOUT_REDIRECT] 
2025-05-14 21:12:32,327 [INFO] ApplicationProperties:184 - Using Application install path: C:\ST\STM32CubeIDE_1.15.1\STM32CubeIDE\plugins\com.st.stm32cube.common.mx_6.11.1.202404110753
2025-05-14 21:12:32,387 [INFO] DbMcusXml:78 - Set database path to: C:\ST\STM32CubeIDE_1.15.1\STM32CubeIDE\plugins\com.st.stm32cube.common.mx_6.11.1.202404110753\\db\/mcu/
2025-05-14 21:12:32,389 [INFO] ApiDb:274 - Set plugin database path to: C:\ST\STM32CubeIDE_1.15.1\STM32CubeIDE\plugins\com.st.stm32cube.common.mx_6.11.1.202404110753\\db\/plugins/boardmanager/
2025-05-14 21:12:32,390 [WARN] ApiDb:259 - Overriding images path with different value:  => C:\ST\STM32CubeIDE_1.15.1\STM32CubeIDE\plugins\com.st.stm32cube.common.mx_6.11.1.202404110753\\db\/plugins/mcufinder/images/
2025-05-14 21:12:32,403 [INFO] ApiDb:250 - Set database path to: C:\Users\dbank\.stmcufinder\plugins\mcufinder//mcu/
2025-05-14 21:12:32,406 [INFO] DbMcusAds:125 - Set database path to: C:\Users\dbank\.stmcufinder\plugins\mcufinder//mcu/
2025-05-14 21:12:32,411 [INFO] CrossReferenceDbSqlite:203 - Set database path to: C:\Users\dbank\.stmcufinder\plugins\mcufinder//mcu/cs/
2025-05-14 21:12:32,902 [INFO] RulesReader:64 - Compatibility file has been processed (297 Rules)
2025-05-14 21:12:33,116 [INFO] DbMcusXml:78 - Set database path to: C:\ST\STM32CubeIDE_1.15.1\STM32CubeIDE\plugins\com.st.stm32cube.common.mx_6.11.1.202404110753\\db\/mcu/
2025-05-14 21:12:33,116 [INFO] ApiDb:274 - Set plugin database path to: C:\ST\STM32CubeIDE_1.15.1\STM32CubeIDE\plugins\com.st.stm32cube.common.mx_6.11.1.202404110753\\db\/plugins/boardmanager/
2025-05-14 21:12:33,116 [INFO] ApiDb:261 - Set plugin images path to: C:\ST\STM32CubeIDE_1.15.1\STM32CubeIDE\plugins\com.st.stm32cube.common.mx_6.11.1.202404110753\\db\/plugins/mcufinder/images/
2025-05-14 21:12:33,116 [WARN] DbFile:41 - Overriding database path with different value: C:\Users\dbank\.stmcufinder\plugins\mcufinder/ => C:\Users\dbank\.stmcufinder\plugins\mcufinder
2025-05-14 21:12:33,116 [INFO] ApiDb:250 - Set database path to: C:\Users\dbank\.stmcufinder\plugins\mcufinder//mcu/
2025-05-14 21:12:33,116 [WARN] DbFile:41 - Overriding database path with different value: C:\Users\dbank\.stmcufinder\plugins\mcufinder/ => C:\Users\dbank\.stmcufinder\plugins\mcufinder
2025-05-14 21:12:33,116 [INFO] DbMcusAds:125 - Set database path to: C:\Users\dbank\.stmcufinder\plugins\mcufinder//mcu/
2025-05-14 21:12:33,116 [WARN] DbFile:41 - Overriding database path with different value: C:\Users\dbank\.stmcufinder\plugins\mcufinder/ => C:\Users\dbank\.stmcufinder\plugins\mcufinder
2025-05-14 21:12:33,116 [WARN] DbFile:41 - Overriding database path with different value: C:\Users\dbank\.stmcufinder\plugins\mcufinder/ => C:\Users\dbank\.stmcufinder\plugins\mcufinder
2025-05-14 21:12:33,116 [INFO] CrossReferenceDbSqlite:203 - Set database path to: C:\Users\dbank\.stmcufinder\plugins\mcufinder//mcu/cs/
2025-05-14 21:12:33,357 [INFO] MainPanel:264 - HeapMemory: 268435456
2025-05-14 21:12:33,632 [INFO] DbMcusXml:78 - Set database path to: C:\ST\STM32CubeIDE_1.15.1\STM32CubeIDE\plugins\com.st.stm32cube.common.mx_6.11.1.202404110753\\db\/mcu/
2025-05-14 21:12:33,632 [INFO] ApiDb:274 - Set plugin database path to: C:\ST\STM32CubeIDE_1.15.1\STM32CubeIDE\plugins\com.st.stm32cube.common.mx_6.11.1.202404110753\\db\/plugins/boardmanager/
2025-05-14 21:12:33,632 [INFO] ApiDb:261 - Set plugin images path to: C:\ST\STM32CubeIDE_1.15.1\STM32CubeIDE\plugins\com.st.stm32cube.common.mx_6.11.1.202404110753\\db\/plugins/mcufinder/images/
2025-05-14 21:12:33,633 [WARN] DbFile:41 - Overriding database path with different value: C:\Users\dbank\.stmcufinder\plugins\mcufinder/ => C:\Users\dbank\.stmcufinder\plugins\mcufinder
2025-05-14 21:12:33,635 [INFO] ApiDb:250 - Set database path to: C:\Users\dbank\.stmcufinder\plugins\mcufinder//mcu/
2025-05-14 21:12:33,635 [WARN] DbFile:41 - Overriding database path with different value: C:\Users\dbank\.stmcufinder\plugins\mcufinder/ => C:\Users\dbank\.stmcufinder\plugins\mcufinder
2025-05-14 21:12:33,635 [INFO] DbMcusAds:125 - Set database path to: C:\Users\dbank\.stmcufinder\plugins\mcufinder//mcu/
2025-05-14 21:12:33,635 [WARN] DbFile:41 - Overriding database path with different value: C:\Users\dbank\.stmcufinder\plugins\mcufinder/ => C:\Users\dbank\.stmcufinder\plugins\mcufinder
2025-05-14 21:12:33,635 [WARN] DbFile:41 - Overriding database path with different value: C:\Users\dbank\.stmcufinder\plugins\mcufinder/ => C:\Users\dbank\.stmcufinder\plugins\mcufinder
2025-05-14 21:12:33,635 [INFO] CrossReferenceDbSqlite:203 - Set database path to: C:\Users\dbank\.stmcufinder\plugins\mcufinder//mcu/cs/
2025-05-14 21:12:33,673 [INFO] ApplicationProperties:184 - Using Application install path: C:\ST\STM32CubeIDE_1.15.1\STM32CubeIDE\plugins\com.st.stm32cube.common.mx_6.11.1.202404110753
2025-05-14 21:12:33,679 [INFO] PluginManage:196 - Search for loadable plugins [exclusion list=, ]
2025-05-14 21:12:33,683 [INFO] PluginManage:310 - Check plugin analytics
2025-05-14 21:12:34,315 [INFO] AnalyticsPlugin:253 - Accepted Software Licenses: STM32CubeMX.6.11.1
2025-05-14 21:12:34,316 [INFO] AnalyticsPlugin:255 - Accepted CMSIS Pack Licenses: STMicroelectronics.X-CUBE-AZRTOS-H7.3.3.0
2025-05-14 21:12:34,316 [INFO] AnalyticsPlugin:257 - Accepted Firmware Licenses: FW.H7.1.11.0,FW.H7.1.10.0,FW.L4.1.18.0,FW.F4.1.28.0,FW.MP1.1.6.0
2025-05-14 21:12:34,322 [INFO] PluginManage:359 - Loaded plugin analytics (category:tool,tabindex:-1)
2025-05-14 21:12:34,322 [INFO] PluginManage:310 - Check plugin cadmodel
2025-05-14 21:12:34,334 [INFO] CADModel:105 - Init CAD model plugin
2025-05-14 21:12:34,334 [INFO] PluginManage:359 - Loaded plugin cadmodel (category:power,tabindex:5)
2025-05-14 21:12:34,334 [INFO] PluginManage:310 - Check plugin clock
2025-05-14 21:12:34,367 [INFO] PluginManage:359 - Loaded plugin clock (category:base,tabindex:2)
2025-05-14 21:12:34,367 [INFO] PluginManage:310 - Check plugin ddr
2025-05-14 21:12:34,377 [INFO] PluginManage:359 - Loaded plugin ddr (category:tool,tabindex:6)
2025-05-14 21:12:34,377 [INFO] PluginManage:310 - Check plugin filemanager
2025-05-14 21:12:34,866 [INFO] PluginManage:359 - Loaded plugin filemanager (category:base,tabindex:10)
2025-05-14 21:12:34,868 [INFO] PluginManage:310 - Check plugin ipmanager
2025-05-14 21:12:34,884 [INFO] PluginManage:359 - Loaded plugin ipmanager (category:base,tabindex:5)
2025-05-14 21:12:34,884 [INFO] PluginManage:310 - Check plugin lpbam
2025-05-14 21:12:34,904 [INFO] PluginManage:359 - Loaded plugin lpbam (category:base,tabindex:0)
2025-05-14 21:12:34,904 [INFO] PluginManage:310 - Check plugin memorymap
2025-05-14 21:12:34,980 [INFO] PluginManage:359 - Loaded plugin memorymap (category:base,tabindex:4)
2025-05-14 21:12:34,980 [INFO] PluginManage:310 - Check plugin pinoutandconfiguration
2025-05-14 21:12:35,015 [INFO] PluginManage:359 - Loaded plugin pinoutandconfiguration (category:base,tabindex:1)
2025-05-14 21:12:35,015 [INFO] PluginManage:310 - Check plugin pinoutconfig
2025-05-14 21:12:35,288 [WARN] SupportedApi:132 - Cannot load RTOS API schema: s4s-elt-must-match.1: The content of 'definitions' must match (annotation?, (simpleType | complexType)?, (unique | key | keyref)*)). A problem was found starting at: attribute.
2025-05-14 21:12:35,753 [INFO] PluginManage:359 - Loaded plugin pinoutconfig (category:base,tabindex:0)
2025-05-14 21:12:35,753 [INFO] PluginManage:310 - Check plugin power
2025-05-14 21:12:35,775 [INFO] PluginManage:359 - Loaded plugin power (category:power,tabindex:4)
2025-05-14 21:12:35,775 [INFO] PluginManage:310 - Check plugin projectmanager
2025-05-14 21:12:35,809 [INFO] PluginManage:359 - Loaded plugin projectmanager (category:projectmanager,tabindex:3)
2025-05-14 21:12:35,809 [INFO] PluginManage:310 - Check plugin thirdparty
2025-05-14 21:12:36,106 [INFO] PluginManage:359 - Loaded plugin thirdparty (category:base,tabindex:-1)
2025-05-14 21:12:36,113 [INFO] PluginManage:310 - Check plugin tools
2025-05-14 21:12:36,108 [WARN] IntegrityCheckThread:84 - waiting for thirdparty lock release [integrity check]
2025-05-14 21:12:36,113 [INFO] IntegrityCheckThread:86 - entering critical section [integrity check]
2025-05-14 21:12:36,113 [INFO] ThirdPartyUpdaterWithRetryManager:70 - Updater plugin not ready yet. [1/15]
2025-05-14 21:12:36,117 [INFO] PluginManage:359 - Loaded plugin tools (category:base,tabindex:7)
2025-05-14 21:12:36,117 [INFO] PluginManage:310 - Check plugin tutovideos
2025-05-14 21:12:36,768 [INFO] PluginManage:359 - Loaded plugin tutovideos (category:base,tabindex:-1)
2025-05-14 21:12:36,768 [INFO] PluginManage:310 - Check plugin updater
2025-05-14 21:12:36,798 [INFO] PluginManage:359 - Loaded plugin updater (category:base,tabindex:12)
2025-05-14 21:12:36,798 [INFO] PluginManage:310 - Check plugin userauth
2025-05-14 21:12:36,812 [INFO] UserAuth:114 - Init User Auth plugin
2025-05-14 21:12:36,812 [INFO] PluginManage:359 - Loaded plugin userauth (category:base,tabindex:14)
2025-05-14 21:12:36,814 [INFO] PluginManage:283 - PluginManage : Loaded plugins [17]
2025-05-14 21:12:37,479 [INFO] PinOutPanel:1561 - setPackage(No Configuration,No Configuration)
2025-05-14 21:12:37,691 [INFO] CADModel:165 - CPN selected for project level
2025-05-14 21:12:37,691 [INFO] CADModel:114 - Register for checkConnection events
2025-05-14 21:12:37,740 [INFO] IPUIPlugin:80 - create IPUIPlugin
2025-05-14 21:12:37,741 [INFO] PluginManager:220 - loadIPPluginJar : add adc
2025-05-14 21:12:37,746 [INFO] IPUIPlugin:80 - create IPUIPlugin
2025-05-14 21:12:37,746 [INFO] PluginManager:220 - loadIPPluginJar : add aes
2025-05-14 21:12:37,753 [INFO] IPUIPlugin:80 - create IPUIPlugin
2025-05-14 21:12:37,753 [INFO] PluginManager:220 - loadIPPluginJar : add can
2025-05-14 21:12:37,757 [INFO] IPUIPlugin:80 - create IPUIPlugin
2025-05-14 21:12:37,757 [INFO] PluginManager:220 - loadIPPluginJar : add comp
2025-05-14 21:12:37,764 [INFO] IPUIPlugin:80 - create IPUIPlugin
2025-05-14 21:12:37,764 [INFO] PluginManager:220 - loadIPPluginJar : add cryp
2025-05-14 21:12:37,772 [INFO] IPUIPlugin:80 - create IPUIPlugin
2025-05-14 21:12:37,772 [INFO] PluginManager:220 - loadIPPluginJar : add dfsdm
2025-05-14 21:12:37,793 [INFO] IPUIPlugin:80 - create IPUIPlugin
2025-05-14 21:12:37,797 [INFO] PluginManager:220 - loadIPPluginJar : add dma
2025-05-14 21:12:37,808 [INFO] IPUIPlugin:80 - create IPUIPlugin
2025-05-14 21:12:37,808 [INFO] PluginManager:220 - loadIPPluginJar : add dma3
2025-05-14 21:12:37,814 [INFO] IPUIPlugin:80 - create IPUIPlugin
2025-05-14 21:12:37,814 [INFO] PluginManager:220 - loadIPPluginJar : add extmemmanager
2025-05-14 21:12:37,820 [INFO] IPUIPlugin:80 - create IPUIPlugin
2025-05-14 21:12:37,820 [INFO] PluginManager:220 - loadIPPluginJar : add fatfs
2025-05-14 21:12:37,829 [INFO] IPUIPlugin:80 - create IPUIPlugin
2025-05-14 21:12:37,829 [INFO] PluginManager:220 - loadIPPluginJar : add fmc
2025-05-14 21:12:37,856 [INFO] IPUIPlugin:80 - create IPUIPlugin
2025-05-14 21:12:37,856 [INFO] PluginManager:220 - loadIPPluginJar : add freertos
2025-05-14 21:12:37,861 [INFO] IPUIPlugin:80 - create IPUIPlugin
2025-05-14 21:12:37,861 [INFO] PluginManager:220 - loadIPPluginJar : add genericplugin
2025-05-14 21:12:37,865 [INFO] IPUIPlugin:80 - create IPUIPlugin
2025-05-14 21:12:37,865 [INFO] PluginManager:220 - loadIPPluginJar : add gfxmmu
2025-05-14 21:12:37,880 [INFO] IPUIPlugin:80 - create IPUIPlugin
2025-05-14 21:12:37,880 [INFO] PluginManager:220 - loadIPPluginJar : add gic
2025-05-14 21:12:37,887 [INFO] IPUIPlugin:80 - create IPUIPlugin
2025-05-14 21:12:37,887 [INFO] PluginManager:220 - loadIPPluginJar : add gpio
2025-05-14 21:12:37,895 [INFO] IPUIPlugin:80 - create IPUIPlugin
2025-05-14 21:12:37,895 [INFO] PluginManager:220 - loadIPPluginJar : add gtzc
2025-05-14 21:12:37,900 [INFO] IPUIPlugin:80 - create IPUIPlugin
2025-05-14 21:12:37,902 [INFO] PluginManager:220 - loadIPPluginJar : add hash
2025-05-14 21:12:37,908 [INFO] IPUIPlugin:80 - create IPUIPlugin
2025-05-14 21:12:37,908 [INFO] PluginManager:220 - loadIPPluginJar : add i2c
2025-05-14 21:12:37,913 [INFO] IPUIPlugin:80 - create IPUIPlugin
2025-05-14 21:12:37,913 [INFO] PluginManager:220 - loadIPPluginJar : add i2s
2025-05-14 21:12:37,919 [INFO] IPUIPlugin:80 - create IPUIPlugin
2025-05-14 21:12:37,919 [INFO] PluginManager:220 - loadIPPluginJar : add i3c
2025-05-14 21:12:37,931 [INFO] IPUIPlugin:80 - create IPUIPlugin
2025-05-14 21:12:37,931 [INFO] PluginManager:220 - loadIPPluginJar : add ipddr
2025-05-14 21:12:37,943 [INFO] IPUIPlugin:80 - create IPUIPlugin
2025-05-14 21:12:37,943 [INFO] PluginManager:220 - loadIPPluginJar : add linkedlist
2025-05-14 21:12:37,947 [INFO] IPUIPlugin:80 - create IPUIPlugin
2025-05-14 21:12:37,947 [INFO] PluginManager:220 - loadIPPluginJar : add lorawan
2025-05-14 21:12:37,952 [INFO] IPUIPlugin:80 - create IPUIPlugin
2025-05-14 21:12:37,952 [INFO] PluginManager:220 - loadIPPluginJar : add ltdc
2025-05-14 21:12:37,995 [INFO] IPUIPlugin:80 - create IPUIPlugin
2025-05-14 21:12:37,995 [INFO] PluginManager:220 - loadIPPluginJar : add mdma
2025-05-14 21:12:38,003 [INFO] IPUIPlugin:80 - create IPUIPlugin
2025-05-14 21:12:38,003 [INFO] PluginManager:220 - loadIPPluginJar : add nvic
2025-05-14 21:12:38,009 [INFO] IPUIPlugin:80 - create IPUIPlugin
2025-05-14 21:12:38,009 [INFO] PluginManager:220 - loadIPPluginJar : add opamp
2025-05-14 21:12:38,017 [INFO] IPUIPlugin:80 - create IPUIPlugin
2025-05-14 21:12:38,017 [INFO] PluginManager:220 - loadIPPluginJar : add openamp
2025-05-14 21:12:38,026 [INFO] IPUIPlugin:80 - create IPUIPlugin
2025-05-14 21:12:38,026 [INFO] PluginManager:220 - loadIPPluginJar : add pdm2pcm
2025-05-14 21:12:38,042 [INFO] IPUIPlugin:80 - create IPUIPlugin
2025-05-14 21:12:38,054 [INFO] PluginManager:220 - loadIPPluginJar : add plateformsettings
2025-05-14 21:12:38,059 [INFO] IPUIPlugin:80 - create IPUIPlugin
2025-05-14 21:12:38,060 [INFO] PluginManager:220 - loadIPPluginJar : add quadspi
2025-05-14 21:12:38,067 [INFO] IPUIPlugin:80 - create IPUIPlugin
2025-05-14 21:12:38,069 [INFO] PluginManager:220 - loadIPPluginJar : add resmgrutility
2025-05-14 21:12:38,075 [INFO] IPUIPlugin:80 - create IPUIPlugin
2025-05-14 21:12:38,075 [INFO] PluginManager:220 - loadIPPluginJar : add sai
2025-05-14 21:12:38,083 [INFO] IPUIPlugin:80 - create IPUIPlugin
2025-05-14 21:12:38,083 [INFO] PluginManager:220 - loadIPPluginJar : add spi
2025-05-14 21:12:38,097 [INFO] IPUIPlugin:80 - create IPUIPlugin
2025-05-14 21:12:38,097 [INFO] PluginManager:220 - loadIPPluginJar : add stm32_wpan
2025-05-14 21:12:38,103 [INFO] IPUIPlugin:80 - create IPUIPlugin
2025-05-14 21:12:38,103 [INFO] PluginManager:220 - loadIPPluginJar : add tim
2025-05-14 21:12:38,110 [INFO] IPUIPlugin:80 - create IPUIPlugin
2025-05-14 21:12:38,110 [INFO] PluginManager:220 - loadIPPluginJar : add touchsensing
2025-05-14 21:12:38,115 [INFO] IPUIPlugin:80 - create IPUIPlugin
2025-05-14 21:12:38,115 [INFO] PluginManager:220 - loadIPPluginJar : add tracer_emb
2025-05-14 21:12:38,119 [INFO] IPUIPlugin:80 - create IPUIPlugin
2025-05-14 21:12:38,120 [INFO] PluginManager:220 - loadIPPluginJar : add ts
2025-05-14 21:12:38,121 [INFO] IPUIPlugin:80 - create IPUIPlugin
2025-05-14 21:12:38,123 [INFO] PluginManager:220 - loadIPPluginJar : add tsc
2025-05-14 21:12:38,127 [INFO] IPUIPlugin:80 - create IPUIPlugin
2025-05-14 21:12:38,127 [INFO] PluginManager:220 - loadIPPluginJar : add ucpd
2025-05-14 21:12:38,132 [INFO] IPUIPlugin:80 - create IPUIPlugin
2025-05-14 21:12:38,134 [INFO] PluginManager:220 - loadIPPluginJar : add usart
2025-05-14 21:12:38,140 [INFO] IPUIPlugin:80 - create IPUIPlugin
2025-05-14 21:12:38,140 [INFO] PluginManager:220 - loadIPPluginJar : add usbx
2025-05-14 21:12:38,307 [INFO] CADModel:165 - CPN selected for project level
2025-05-14 21:12:38,307 [INFO] CADModel:114 - Register for checkConnection events
2025-05-14 21:12:38,307 [FATAL] Updater:308 - Updater called before beeing initialized
2025-05-14 21:12:38,307 [ERROR] CADModel:125 - Updater not yet initialized, retry later 
2025-05-14 21:12:38,633 [INFO] CADModel:165 - CPN selected for project level
2025-05-14 21:12:38,633 [INFO] CADModel:114 - Register for checkConnection events
2025-05-14 21:12:38,634 [FATAL] Updater:308 - Updater called before beeing initialized
2025-05-14 21:12:38,634 [ERROR] CADModel:125 - Updater not yet initialized, retry later 
2025-05-14 21:12:38,639 [FATAL] Updater:308 - Updater called before beeing initialized
2025-05-14 21:12:38,816 [FATAL] Updater:308 - Updater called before beeing initialized
2025-05-14 21:12:38,835 [INFO] DbMcusAds:53 - JSON generation date=Wed May 07 11:07:55 CEST 2025 (1746608875513)
2025-05-14 21:12:38,841 [FATAL] Updater:308 - Updater called before beeing initialized
2025-05-14 21:12:38,901 [WARN] DetailPanel:346 - Failed to get advertising image, set to default
2025-05-14 21:12:39,043 [FATAL] Updater:308 - Updater called before beeing initialized
2025-05-14 21:12:39,051 [FATAL] Updater:308 - Updater called before beeing initialized
2025-05-14 21:12:39,051 [FATAL] Updater:308 - Updater called before beeing initialized
2025-05-14 21:12:39,052 [WARN] DetailPanel:346 - Failed to get advertising image, set to default
2025-05-14 21:12:39,052 [FATAL] Updater:308 - Updater called before beeing initialized
2025-05-14 21:12:39,115 [INFO] ThirdPartyUpdaterWithRetryManager:70 - Updater plugin not ready yet. [2/15]
2025-05-14 21:12:39,149 [ERROR] Updater:1120 - MainUpdater not yet initialized. External WinMGr cannot be set.
2025-05-14 21:12:39,157 [INFO] Updater:1056 - Updater Version found : 6.11.1
2025-05-14 21:12:39,199 [INFO] ApplicationProperties:184 - Using Application install path: C:\ST\STM32CubeIDE_1.15.1\STM32CubeIDE\plugins\com.st.stm32cube.common.mx_6.11.1.202404110753
2025-05-14 21:12:40,843 [ERROR] LogOutputStream:75 - [STDERR_REDIRECT] May 14, 2025 9:12:40 PM java.util.prefs.WindowsPreferences <init>
2025-05-14 21:12:40,847 [ERROR] LogOutputStream:75 - [STDERR_REDIRECT] WARNING: Could not open/create prefs root node Software\JavaSoft\Prefs at root 0xffffffff80000002. Windows RegCreateKeyEx(...) returned error code 5.
2025-05-14 21:12:40,849 [ERROR] LogOutputStream:75 - [STDERR_REDIRECT] 
2025-05-14 21:12:41,620 [INFO] MainUpdater:2873 - connection check result : 10
2025-05-14 21:12:41,622 [INFO] MainUpdater:290 - Updater Check For Update Now.
2025-05-14 21:12:41,622 [INFO] MicroXplorer:498 - Change Database Version : DB.6.0.111
2025-05-14 21:12:41,652 [INFO] McuFinderGlobals:63 - Set McuFinder mode to 2 (CubeIDE integrated)
2025-05-14 21:12:41,667 [INFO] UserAuth:415 - Internet connection configuration mode: 1
2025-05-14 21:12:41,719 [INFO] JxBrowserEngine:152 - Initiate JxBrowser Engine with user profile folder
2025-05-14 21:12:41,854 [INFO] CheckServerUpdateThread:120 - End of CheckServer Thread
2025-05-14 21:12:42,585 [WARN] PackLoader:240 - Cannot read IP mode file for STMicroelectronics.FP-SNS-MOTENVWB1.1.4.0
2025-05-14 21:12:42,618 [WARN] PackLoader:240 - Cannot read IP mode file for STMicroelectronics.FP-ATR-ASTRA1.2.0.2
2025-05-14 21:12:42,650 [WARN] PackLoader:240 - Cannot read IP mode file for STMicroelectronics.FP-ATR-ASTRA1.2.0.1
2025-05-14 21:12:42,701 [WARN] PackLoader:240 - Cannot read IP mode file for STMicroelectronics.X-CUBE-SMBUS.2.1.0
2025-05-14 21:12:42,734 [WARN] PackLoader:240 - Cannot read IP mode file for STMicroelectronics.X-CUBE-WB05N.1.1.0
2025-05-14 21:12:42,766 [WARN] PackLoader:240 - Cannot read IP mode file for STMicroelectronics.X-CUBE-TOUCHGFX.4.23.2
2025-05-14 21:12:42,858 [WARN] PackLoader:240 - Cannot read IP mode file for STMicroelectronics.X-CUBE-AZRTOS-F7.1.1.0
2025-05-14 21:12:43,038 [WARN] PackLoader:240 - Cannot read IP mode file for STMicroelectronics.X-CUBE-MEMS1.11.0.0
2025-05-14 21:12:43,255 [WARN] PackLoader:240 - Cannot read IP mode file for STMicroelectronics.FP-SNS-FLIGHT1.5.0.2
2025-05-14 21:12:43,294 [WARN] PackLoader:240 - Cannot read IP mode file for STMicroelectronics.X-CUBE-DISPLAY.3.0.0
2025-05-14 21:12:43,339 [WARN] PackLoader:240 - Cannot read IP mode file for STMicroelectronics.X-CUBE-BLE1.7.0.0
2025-05-14 21:12:43,367 [WARN] PackLoader:240 - Cannot read IP mode file for STMicroelectronics.X-CUBE-NFC10.1.0.0
2025-05-14 21:12:43,401 [WARN] PackLoader:240 - Cannot read IP mode file for STMicroelectronics.X-CUBE-BLEMGR.4.0.0
2025-05-14 21:12:43,432 [WARN] PackLoader:240 - Cannot read IP mode file for emotas.I-CUBE-CANOPEN.1.3.0
2025-05-14 21:12:43,465 [WARN] PackLoader:240 - Cannot read IP mode file for STMicroelectronics.X-CUBE-BLEMGR.3.1.0
2025-05-14 21:12:43,490 [WARN] PackLoader:240 - Cannot read IP mode file for STMicroelectronics.X-CUBE-AI.10.0.0
2025-05-14 21:12:43,512 [WARN] PackLoader:240 - Cannot read IP mode file for STMicroelectronics.FP-SNS-SMARTAG2.1.2.0
2025-05-14 21:12:43,537 [ERROR] Engine:466 - C:\Users\dbank\.stm32cubemx\thirdparties\pdsc\STMicroelectronics.FP-SNS-FLIGHT1.5.1.0.pdsc: PDSC version is not supported
2025-05-14 21:12:43,591 [INFO] LogOutputStream:77 - [STDOUT_REDIRECT] 1 : Invalid condition id : UX_CORESTACK_Condition cause : null
2025-05-14 21:12:43,595 [INFO] LogOutputStream:77 - [STDOUT_REDIRECT] 1 : Invalid condition id : UX_CORESTACK_Condition cause : null
2025-05-14 21:12:43,598 [INFO] LogOutputStream:77 - [STDOUT_REDIRECT] 1 : Invalid condition id : UX_CORESTACK_Condition cause : null
2025-05-14 21:12:43,601 [INFO] LogOutputStream:77 - [STDOUT_REDIRECT] 1 : Invalid condition id : UX_CORESTACK_Condition cause : null
2025-05-14 21:12:43,604 [INFO] LogOutputStream:77 - [STDOUT_REDIRECT] 1 : Invalid condition id : UX_CORESTACK_Condition cause : null
2025-05-14 21:12:43,608 [WARN] PackLoader:240 - Cannot read IP mode file for STMicroelectronics.X-CUBE-AZRTOS-WL.2.0.0
2025-05-14 21:12:43,639 [WARN] PackLoader:240 - Cannot read IP mode file for STMicroelectronics.FP-SNS-MOTENV1.5.0.0
2025-05-14 21:12:43,668 [WARN] PackLoader:240 - Cannot read IP mode file for wolfSSL.I-CUBE-wolfMQTT.1.19.0
2025-05-14 21:12:43,702 [WARN] PackLoader:240 - Cannot read IP mode file for WES.I-CUBE-Cesium.1.3.0
2025-05-14 21:12:43,731 [WARN] PackLoader:240 - Cannot read IP mode file for STMicroelectronics.X-CUBE-BLE2.3.3.0
2025-05-14 21:12:43,758 [WARN] PackLoader:240 - Cannot read IP mode file for STMicroelectronics.X-CUBE-NFC9.1.0.0
2025-05-14 21:12:43,786 [WARN] PackLoader:240 - Cannot read IP mode file for STMicroelectronics.X-CUBE-BLE1.7.1.0
2025-05-14 21:12:43,812 [WARN] PackLoader:240 - Cannot read IP mode file for STMicroelectronics.X-CUBE-TCPP.4.1.0
2025-05-14 21:12:43,837 [WARN] PackLoader:240 - Cannot read IP mode file for STMicroelectronics.X-CUBE-ALGOBUILD.1.3.0
2025-05-14 21:12:43,933 [WARN] PackLoader:240 - Cannot read IP mode file for STMicroelectronics.X-CUBE-MEMS1.11.2.0
2025-05-14 21:12:44,162 [INFO] WebApp:161 - Instantiating new browser for Auth
2025-05-14 21:12:44,293 [WARN] PackLoader:240 - Cannot read IP mode file for STMicroelectronics.X-CUBE-AZRTOS-G0.1.1.0
2025-05-14 21:12:44,332 [WARN] PackLoader:240 - Cannot read IP mode file for STMicroelectronics.X-CUBE-SAFEA1.1.2.2
2025-05-14 21:12:44,367 [WARN] PackLoader:240 - Cannot read IP mode file for STMicroelectronics.X-CUBE-NFC4.3.0.0
2025-05-14 21:12:44,412 [WARN] PackLoader:240 - Cannot read IP mode file for EmbeddedOffice.I-CUBE-FS-RTOS.1.0.1
2025-05-14 21:12:44,412 [ERROR] ConditionMgr:805 - Attr not supported : Dmpu
2025-05-14 21:12:44,412 [ERROR] ConditionMgr:805 - Attr not supported : Dmpu
2025-05-14 21:12:44,412 [ERROR] ConditionMgr:805 - Attr not supported : Dmpu
2025-05-14 21:12:44,414 [ERROR] ConditionMgr:805 - Attr not supported : Dmpu
2025-05-14 21:12:44,414 [ERROR] ConditionMgr:805 - Attr not supported : Dmpu
2025-05-14 21:12:44,414 [ERROR] ConditionMgr:805 - Attr not supported : Dmpu
2025-05-14 21:12:44,414 [ERROR] ConditionMgr:805 - Attr not supported : Dmpu
2025-05-14 21:12:44,414 [ERROR] ConditionMgr:805 - Attr not supported : Dmpu
2025-05-14 21:12:44,414 [ERROR] ConditionMgr:805 - Attr not supported : Dmpu
2025-05-14 21:12:44,414 [ERROR] ConditionMgr:805 - Attr not supported : Dmpu
2025-05-14 21:12:44,414 [ERROR] ConditionMgr:805 - Attr not supported : Dmpu
2025-05-14 21:12:44,414 [ERROR] ConditionMgr:805 - Attr not supported : Dmpu
2025-05-14 21:12:44,414 [ERROR] ConditionMgr:805 - Attr not supported : Dmpu
2025-05-14 21:12:44,414 [ERROR] ConditionMgr:805 - Attr not supported : Dmpu
2025-05-14 21:12:44,414 [ERROR] ConditionMgr:805 - Attr not supported : Dmpu
2025-05-14 21:12:44,414 [ERROR] ConditionMgr:805 - Attr not supported : Dmpu
2025-05-14 21:12:44,414 [ERROR] ConditionMgr:805 - Attr not supported : Dmpu
2025-05-14 21:12:44,416 [ERROR] ConditionMgr:805 - Attr not supported : Dmpu
2025-05-14 21:12:44,416 [ERROR] ConditionMgr:805 - Attr not supported : Dmpu
2025-05-14 21:12:44,416 [ERROR] ConditionMgr:805 - Attr not supported : Dmpu
2025-05-14 21:12:44,416 [ERROR] ConditionMgr:805 - Attr not supported : Dmpu
2025-05-14 21:12:44,416 [ERROR] ConditionMgr:805 - Attr not supported : Dmpu
2025-05-14 21:12:44,416 [ERROR] ConditionMgr:805 - Attr not supported : Dmpu
2025-05-14 21:12:44,416 [ERROR] ConditionMgr:805 - Attr not supported : Dmpu
2025-05-14 21:12:44,416 [ERROR] ConditionMgr:805 - Attr not supported : Dmpu
2025-05-14 21:12:44,416 [ERROR] ConditionMgr:805 - Attr not supported : Dmpu
2025-05-14 21:12:44,416 [ERROR] ConditionMgr:805 - Attr not supported : Dmpu
2025-05-14 21:12:44,416 [ERROR] ConditionMgr:805 - Attr not supported : Dmpu
2025-05-14 21:12:44,416 [ERROR] ConditionMgr:805 - Attr not supported : Dmpu
2025-05-14 21:12:44,416 [ERROR] ConditionMgr:805 - Attr not supported : Dmpu
2025-05-14 21:12:44,416 [ERROR] ConditionMgr:805 - Attr not supported : Dmpu
2025-05-14 21:12:44,416 [ERROR] ConditionMgr:805 - Attr not supported : Dmpu
2025-05-14 21:12:44,416 [ERROR] ConditionMgr:805 - Attr not supported : Dmpu
2025-05-14 21:12:44,416 [ERROR] ConditionMgr:805 - Attr not supported : Dmpu
2025-05-14 21:12:44,416 [ERROR] ConditionMgr:805 - Attr not supported : Dmpu
2025-05-14 21:12:44,417 [ERROR] ConditionMgr:805 - Attr not supported : Dmpu
2025-05-14 21:12:44,417 [ERROR] ConditionMgr:805 - Attr not supported : Dmpu
2025-05-14 21:12:44,417 [ERROR] ConditionMgr:805 - Attr not supported : Dmpu
2025-05-14 21:12:44,417 [ERROR] ConditionMgr:805 - Attr not supported : Dmpu
2025-05-14 21:12:44,417 [ERROR] ConditionMgr:805 - Attr not supported : Dmpu
2025-05-14 21:12:44,417 [ERROR] ConditionMgr:805 - Attr not supported : Dmpu
2025-05-14 21:12:44,417 [ERROR] ConditionMgr:805 - Attr not supported : Dmpu
2025-05-14 21:12:44,417 [ERROR] ConditionMgr:805 - Attr not supported : Dmpu
2025-05-14 21:12:44,417 [ERROR] ConditionMgr:805 - Attr not supported : Dmpu
2025-05-14 21:12:44,419 [ERROR] ConditionMgr:805 - Attr not supported : Dmpu
2025-05-14 21:12:44,419 [ERROR] ConditionMgr:805 - Attr not supported : Dmpu
2025-05-14 21:12:44,419 [ERROR] ConditionMgr:805 - Attr not supported : Dmpu
2025-05-14 21:12:44,419 [ERROR] ConditionMgr:805 - Attr not supported : Dmpu
2025-05-14 21:12:44,419 [ERROR] ConditionMgr:805 - Attr not supported : Dmpu
2025-05-14 21:12:44,421 [ERROR] ConditionMgr:805 - Attr not supported : Dmpu
2025-05-14 21:12:44,421 [ERROR] ConditionMgr:805 - Attr not supported : Dmpu
2025-05-14 21:12:44,421 [ERROR] ConditionMgr:805 - Attr not supported : Dmpu
2025-05-14 21:12:44,421 [ERROR] ConditionMgr:805 - Attr not supported : Dmpu
2025-05-14 21:12:44,421 [ERROR] ConditionMgr:805 - Attr not supported : Dmpu
2025-05-14 21:12:44,422 [ERROR] ConditionMgr:805 - Attr not supported : Dmpu
2025-05-14 21:12:44,422 [ERROR] ConditionMgr:805 - Attr not supported : Dmpu
2025-05-14 21:12:44,422 [ERROR] ConditionMgr:805 - Attr not supported : Dmpu
2025-05-14 21:12:44,422 [ERROR] ConditionMgr:805 - Attr not supported : Dmpu
2025-05-14 21:12:44,422 [ERROR] ConditionMgr:805 - Attr not supported : Dmpu
2025-05-14 21:12:44,422 [ERROR] ConditionMgr:805 - Attr not supported : Dmpu
2025-05-14 21:12:44,424 [ERROR] ConditionMgr:805 - Attr not supported : Dmpu
2025-05-14 21:12:44,424 [ERROR] ConditionMgr:805 - Attr not supported : Dmpu
2025-05-14 21:12:44,424 [ERROR] ConditionMgr:805 - Attr not supported : Dmpu
2025-05-14 21:12:44,424 [ERROR] ConditionMgr:805 - Attr not supported : Dmpu
2025-05-14 21:12:44,454 [WARN] PackLoader:240 - Cannot read IP mode file for STMicroelectronics.X-CUBE-WB05N.2.0.0
2025-05-14 21:12:44,481 [ERROR] Engine:466 - C:\Users\dbank\.stm32cubemx\thirdparties\pdsc\STMicroelectronics.X-CUBE-TCPP.4.2.0.pdsc: PDSC version is not supported
2025-05-14 21:12:44,511 [WARN] PackLoader:240 - Cannot read IP mode file for RealThread.X-CUBE-RT-Thread_Nano.4.1.1
2025-05-14 21:12:44,534 [WARN] PackLoader:240 - Cannot read IP mode file for wolfSSL.I-CUBE-wolfSSL.5.7.0
2025-05-14 21:12:44,555 [WARN] PackLoader:240 - Cannot read IP mode file for STMicroelectronics.FP-ATR-SIGFOX1.3.2.0
2025-05-14 21:12:44,582 [WARN] ConditionMgr:438 - getConditionDescription Invalid condition id : Cortex-A Device cause : null
2025-05-14 21:12:44,636 [WARN] ConditionMgr:1039 - genDependencies : Invalid condition id : Cortex-A Device cause : null
2025-05-14 21:12:44,636 [WARN] ConditionMgr:1039 - genDependencies : Invalid condition id : Cortex-A Device cause : null
2025-05-14 21:12:44,638 [WARN] ConditionMgr:1039 - genDependencies : Invalid condition id : Cortex-A Device cause : null
2025-05-14 21:12:44,668 [WARN] PackLoader:240 - Cannot read IP mode file for STMicroelectronics.X-CUBE-EEPRMA1.5.1.0
2025-05-14 21:12:44,701 [WARN] PackLoader:240 - Cannot read IP mode file for ITTIA_DB.I-CUBE-ITTIADB.8.9.0
2025-05-14 21:12:44,761 [WARN] PackLoader:240 - Cannot read IP mode file for SEGGER.I-CUBE-embOS.1.3.1
2025-05-14 21:12:44,847 [WARN] PackLoader:240 - Cannot read IP mode file for STMicroelectronics.X-CUBE-ALGOBUILD.1.4.0
2025-05-14 21:12:44,874 [WARN] PackLoader:240 - Cannot read IP mode file for STMicroelectronics.X-CUBE-AI.9.1.0
2025-05-14 21:12:44,921 [WARN] PackLoader:240 - Cannot read IP mode file for STMicroelectronics.X-CUBE-GNSS1.6.0.0
2025-05-14 21:12:44,980 [WARN] PackLoader:240 - Cannot read IP mode file for STMicroelectronics.X-CUBE-AZRTOS-F4.1.1.0
2025-05-14 21:12:45,014 [ERROR] Engine:466 - C:\Users\dbank\.stm32cubemx\thirdparties\pdsc\Avnet-IotConnect.X-CUBE-IoTC-DA16k-PMOD.1.0.0.pdsc: PDSC version is not supported
2025-05-14 21:12:45,041 [WARN] PackLoader:240 - Cannot read IP mode file for STMicroelectronics.X-CUBE-ISPU.2.1.0
2025-05-14 21:12:45,071 [WARN] PackLoader:240 - Cannot read IP mode file for STMicroelectronics.X-CUBE-FREERTOS.1.2.0
2025-05-14 21:12:45,136 [WARN] PackLoader:240 - Cannot read IP mode file for STMicroelectronics.X-CUBE-AZRTOS-L5.2.0.0
2025-05-14 21:12:45,193 [WARN] PackLoader:240 - Cannot read IP mode file for STMicroelectronics.X-CUBE-NFC6.3.1.0
2025-05-14 21:12:45,228 [WARN] PackLoader:240 - Cannot read IP mode file for STMicroelectronics.X-CUBE-DPower.1.2.0
2025-05-14 21:12:45,251 [WARN] PackLoader:240 - Cannot read IP mode file for STMicroelectronics.X-CUBE-AI.9.0.0
2025-05-14 21:12:45,275 [WARN] PackLoader:240 - Cannot read IP mode file for STMicroelectronics.X-CUBE-FREERTOS.1.3.1
2025-05-14 21:12:45,303 [WARN] PackLoader:240 - Cannot read IP mode file for STMicroelectronics.X-CUBE-FREERTOS.1.3.0
2025-05-14 21:12:45,331 [WARN] PackLoader:240 - Cannot read IP mode file for STMicroelectronics.X-CUBE-NFC7.1.0.1
2025-05-14 21:12:45,356 [WARN] PackLoader:240 - Cannot read IP mode file for wolfSSL.I-CUBE-wolfTPM.3.2.0
2025-05-14 21:12:45,381 [WARN] PackLoader:240 - Cannot read IP mode file for STMicroelectronics.X-CUBE-DPower.1.3.0
2025-05-14 21:12:45,441 [WARN] ConditionMgr:438 - getConditionDescription Invalid condition id : LAN8742 Phy interface Condition cause : null
2025-05-14 21:12:45,441 [WARN] PackLoader:240 - Cannot read IP mode file for STMicroelectronics.X-CUBE-AZRTOS-L4.2.0.0
2025-05-14 21:12:45,442 [WARN] ConditionMgr:1039 - genDependencies : Invalid condition id : LAN8742 Phy interface Condition cause : null
2025-05-14 21:12:45,444 [WARN] ConditionMgr:1039 - genDependencies : Invalid condition id : LAN8742 Phy interface Condition cause : null
2025-05-14 21:12:45,444 [WARN] ConditionMgr:1039 - genDependencies : Invalid condition id : LAN8742 Phy interface Condition cause : null
2025-05-14 21:12:45,473 [WARN] PackLoader:240 - Cannot read IP mode file for STMicroelectronics.X-CUBE-SFXS2LP1.4.0.0
2025-05-14 21:12:45,549 [WARN] PackLoader:240 - Cannot read IP mode file for STMicroelectronics.X-CUBE-AZRTOS-H7.3.3.0
2025-05-14 21:12:46,092 [WARN] PackLoader:240 - Cannot read IP mode file for STMicroelectronics.X-CUBE-IPS.3.0.0
2025-05-14 21:12:46,154 [WARN] ConditionMgr:438 - getConditionDescription Invalid condition id : UX DEVICE CLASS RTOS Condition cause : null
2025-05-14 21:12:46,156 [WARN] ConditionMgr:438 - getConditionDescription Invalid condition id : UX DEVICE CLASS RTOS Condition cause : null
2025-05-14 21:12:46,158 [WARN] PackLoader:240 - Cannot read IP mode file for STMicroelectronics.X-CUBE-AZRTOS-WB.2.0.0
2025-05-14 21:12:46,159 [WARN] ConditionMgr:1039 - genDependencies : Invalid condition id : UX DEVICE CLASS RTOS Condition cause : null
2025-05-14 21:12:46,159 [WARN] ConditionMgr:1039 - genDependencies : Invalid condition id : UX DEVICE CLASS RTOS Condition cause : null
2025-05-14 21:12:46,160 [WARN] ConditionMgr:1039 - genDependencies : Invalid condition id : UX DEVICE CLASS RTOS Condition cause : null
2025-05-14 21:12:46,160 [WARN] ConditionMgr:1039 - genDependencies : Invalid condition id : UX DEVICE CLASS RTOS Condition cause : null
2025-05-14 21:12:46,160 [WARN] ConditionMgr:1039 - genDependencies : Invalid condition id : UX DEVICE CLASS RTOS Condition cause : null
2025-05-14 21:12:46,193 [WARN] PackLoader:240 - Cannot read IP mode file for STMicroelectronics.X-CUBE-GNSS1.7.0.0
2025-05-14 21:12:46,223 [WARN] PackLoader:240 - Cannot read IP mode file for STMicroelectronics.X-CUBE-GNSS1.7.0.1
2025-05-14 21:12:46,254 [WARN] PackLoader:240 - Cannot read IP mode file for STMicroelectronics.X-CUBE-TOUCHGFX.4.25.0
2025-05-14 21:12:46,286 [WARN] PackLoader:240 - Cannot read IP mode file for STMicroelectronics.FP-SNS-STBOX1.2.0.0
2025-05-14 21:12:46,328 [WARN] PackLoader:240 - Cannot read IP mode file for STMicroelectronics.X-CUBE-SUBG2.5.0.0
2025-05-14 21:12:46,423 [WARN] PackLoader:240 - Cannot read IP mode file for STMicroelectronics.X-CUBE-AZRTOS-H7RS.1.1.0
2025-05-14 21:12:46,498 [WARN] PackLoader:240 - Cannot read IP mode file for STMicroelectronics.X-CUBE-AZRTOS-G4.2.0.0
2025-05-14 21:12:46,530 [WARN] PackLoader:240 - Cannot read IP mode file for STMicroelectronics.X-CUBE-NFC7.2.0.0
2025-05-14 21:12:46,567 [WARN] PackLoader:240 - Cannot read IP mode file for STMicroelectronics.X-CUBE-ISPU.2.0.0
2025-05-14 21:12:46,604 [ERROR] Engine:466 - C:\Users\dbank\.stm32cubemx\thirdparties\pdsc\STMicroelectronics.X-CUBE-IPS.3.1.0.pdsc: PDSC version is not supported
2025-05-14 21:12:46,633 [WARN] PackLoader:240 - Cannot read IP mode file for STMicroelectronics.X-CUBE-ALS.1.0.2
2025-05-14 21:12:46,718 [WARN] PackLoader:240 - Cannot read IP mode file for STMicroelectronics.X-CUBE-MEMS1.10.0.0
2025-05-14 21:12:46,899 [WARN] PackLoader:240 - Cannot read IP mode file for STMicroelectronics.X-CUBE-TOUCHGFX.4.24.0
2025-05-14 21:12:46,921 [WARN] PackLoader:240 - Cannot read IP mode file for STMicroelectronics.X-CUBE-TOUCHGFX.4.24.1
2025-05-14 21:12:46,948 [WARN] PackLoader:240 - Cannot read IP mode file for portGmbH.I-Cube-SoM-uGOAL.1.1.0
2025-05-14 21:12:46,973 [WARN] PackLoader:240 - Cannot read IP mode file for STMicroelectronics.X-CUBE-ALS.1.0.1
2025-05-14 21:12:47,025 [WARN] PackLoader:240 - Cannot read IP mode file for STMicroelectronics.X-CUBE-AZRTOS-H7RS.1.0.0
2025-05-14 21:12:47,054 [WARN] PackLoader:240 - Cannot read IP mode file for STMicroelectronics.FP-ATR-ASTRA1.2.0.0
2025-05-14 21:12:47,092 [WARN] PackLoader:240 - Cannot read IP mode file for STMicroelectronics.X-CUBE-TOF1.3.4.2
2025-05-14 21:12:47,138 [ERROR] Engine:466 - C:\Users\dbank\.stm32cubemx\thirdparties\pdsc\STMicroelectronics.X-CUBE-TOF1.3.4.3.pdsc: PDSC version is not supported
2025-05-14 21:12:47,175 [WARN] PackLoader:240 - Cannot read IP mode file for STMicroelectronics.X-CUBE-TOF1.3.4.1
2025-05-14 21:12:47,251 [WARN] PackLoader:240 - Cannot read IP mode file for STMicroelectronics.X-CUBE-AZRTOS-H7.3.2.0
2025-05-14 21:12:47,300 [WARN] PackLoader:240 - Cannot read IP mode file for Infineon.AIROC-Wi-Fi-Bluetooth-STM32.1.6.0
2025-05-14 21:12:47,332 [WARN] PackLoader:240 - Cannot read IP mode file for wolfSSL.I-CUBE-wolfSSH.1.4.17
2025-05-14 21:12:47,333 [INFO] ThirdParty:978 - Integrity check success = true
2025-05-14 21:12:47,333 [INFO] IntegrityCheckThread:100 - exiting critical section [integrity check]
2025-05-14 21:12:47,333 [INFO] IntegrityCheckThread:103 - End integrity checks thread
2025-05-14 21:12:47,737 [INFO] WebApp:779 - Register for checkConnection events
2025-05-14 21:12:47,737 [INFO] WebApp:414 - Apply proxy settings
2025-05-14 21:12:47,737 [INFO] WebApp:499 - Chromium requires no authentication
2025-05-14 21:12:47,789 [INFO] WebApp:442 - Direct internet connection detected
2025-05-14 21:12:48,702 [INFO] WebApp:192 - Starting web application
2025-05-14 21:12:48,702 [INFO] WebApp:544 - Web application path used C:\ST\STM32CubeIDE_1.15.1\STM32CubeIDE\plugins\com.st.stm32cube.common.mx_6.11.1.202404110753\db\plugins\mcufinder\reactClient1\index.html
2025-05-14 22:28:47,655 [ERROR] LogOutputStream:75 - [STDERR_REDIRECT] 
2025-05-14 22:28:47,656 [ERROR] LogOutputStream:75 - [STDERR_REDIRECT] 
