2024-07-29 11:11:07,564 [INFO] Activator:176 - 


2024-07-29 11:11:07,570 [INFO] Activator:177 - !SESSION log4j initialized
2024-07-29 11:11:12,903 [INFO] LogOutputStream:77 - [STDOUT_REDIRECT] 
2024-07-29 11:11:15,047 [INFO] ApplicationProperties:184 - Using Application install path: C:\ST\STM32CubeIDE_1.15.1\STM32CubeIDE\plugins\com.st.stm32cube.common.mx_6.11.1.202404110753
2024-07-29 11:11:15,073 [INFO] DbMcusXml:78 - Set database path to: C:\ST\STM32CubeIDE_1.15.1\STM32CubeIDE\plugins\com.st.stm32cube.common.mx_6.11.1.202404110753\\db\/mcu/
2024-07-29 11:11:15,074 [INFO] ApiDb:274 - Set plugin database path to: C:\ST\STM32CubeIDE_1.15.1\STM32CubeIDE\plugins\com.st.stm32cube.common.mx_6.11.1.202404110753\\db\/plugins/boardmanager/
2024-07-29 11:11:15,075 [WARN] ApiDb:259 - Overriding images path with different value:  => C:\ST\STM32CubeIDE_1.15.1\STM32CubeIDE\plugins\com.st.stm32cube.common.mx_6.11.1.202404110753\\db\/plugins/mcufinder/images/
2024-07-29 11:11:15,088 [INFO] ApiDb:250 - Set database path to: C:\Users\dbank\.stmcufinder\plugins\mcufinder//mcu/
2024-07-29 11:11:15,090 [INFO] DbMcusAds:125 - Set database path to: C:\Users\dbank\.stmcufinder\plugins\mcufinder//mcu/
2024-07-29 11:11:15,095 [INFO] CrossReferenceDbSqlite:203 - Set database path to: C:\Users\dbank\.stmcufinder\plugins\mcufinder//mcu/cs/
2024-07-29 11:11:15,245 [INFO] RulesReader:64 - Compatibility file has been processed (297 Rules)
2024-07-29 11:11:15,393 [INFO] DbMcusXml:78 - Set database path to: C:\ST\STM32CubeIDE_1.15.1\STM32CubeIDE\plugins\com.st.stm32cube.common.mx_6.11.1.202404110753\\db\/mcu/
2024-07-29 11:11:15,394 [INFO] ApiDb:274 - Set plugin database path to: C:\ST\STM32CubeIDE_1.15.1\STM32CubeIDE\plugins\com.st.stm32cube.common.mx_6.11.1.202404110753\\db\/plugins/boardmanager/
2024-07-29 11:11:15,394 [INFO] ApiDb:261 - Set plugin images path to: C:\ST\STM32CubeIDE_1.15.1\STM32CubeIDE\plugins\com.st.stm32cube.common.mx_6.11.1.202404110753\\db\/plugins/mcufinder/images/
2024-07-29 11:11:15,394 [WARN] DbFile:41 - Overriding database path with different value: C:\Users\dbank\.stmcufinder\plugins\mcufinder/ => C:\Users\dbank\.stmcufinder\plugins\mcufinder
2024-07-29 11:11:15,395 [INFO] ApiDb:250 - Set database path to: C:\Users\dbank\.stmcufinder\plugins\mcufinder//mcu/
2024-07-29 11:11:15,395 [WARN] DbFile:41 - Overriding database path with different value: C:\Users\dbank\.stmcufinder\plugins\mcufinder/ => C:\Users\dbank\.stmcufinder\plugins\mcufinder
2024-07-29 11:11:15,395 [INFO] DbMcusAds:125 - Set database path to: C:\Users\dbank\.stmcufinder\plugins\mcufinder//mcu/
2024-07-29 11:11:15,395 [WARN] DbFile:41 - Overriding database path with different value: C:\Users\dbank\.stmcufinder\plugins\mcufinder/ => C:\Users\dbank\.stmcufinder\plugins\mcufinder
2024-07-29 11:11:15,395 [WARN] DbFile:41 - Overriding database path with different value: C:\Users\dbank\.stmcufinder\plugins\mcufinder/ => C:\Users\dbank\.stmcufinder\plugins\mcufinder
2024-07-29 11:11:15,395 [INFO] CrossReferenceDbSqlite:203 - Set database path to: C:\Users\dbank\.stmcufinder\plugins\mcufinder//mcu/cs/
2024-07-29 11:11:15,517 [INFO] MainPanel:264 - HeapMemory: 268435456
2024-07-29 11:11:15,647 [INFO] DbMcusXml:78 - Set database path to: C:\ST\STM32CubeIDE_1.15.1\STM32CubeIDE\plugins\com.st.stm32cube.common.mx_6.11.1.202404110753\\db\/mcu/
2024-07-29 11:11:15,647 [INFO] ApiDb:274 - Set plugin database path to: C:\ST\STM32CubeIDE_1.15.1\STM32CubeIDE\plugins\com.st.stm32cube.common.mx_6.11.1.202404110753\\db\/plugins/boardmanager/
2024-07-29 11:11:15,647 [INFO] ApiDb:261 - Set plugin images path to: C:\ST\STM32CubeIDE_1.15.1\STM32CubeIDE\plugins\com.st.stm32cube.common.mx_6.11.1.202404110753\\db\/plugins/mcufinder/images/
2024-07-29 11:11:15,648 [WARN] DbFile:41 - Overriding database path with different value: C:\Users\dbank\.stmcufinder\plugins\mcufinder/ => C:\Users\dbank\.stmcufinder\plugins\mcufinder
2024-07-29 11:11:15,648 [INFO] ApiDb:250 - Set database path to: C:\Users\dbank\.stmcufinder\plugins\mcufinder//mcu/
2024-07-29 11:11:15,648 [WARN] DbFile:41 - Overriding database path with different value: C:\Users\dbank\.stmcufinder\plugins\mcufinder/ => C:\Users\dbank\.stmcufinder\plugins\mcufinder
2024-07-29 11:11:15,648 [INFO] DbMcusAds:125 - Set database path to: C:\Users\dbank\.stmcufinder\plugins\mcufinder//mcu/
2024-07-29 11:11:15,648 [WARN] DbFile:41 - Overriding database path with different value: C:\Users\dbank\.stmcufinder\plugins\mcufinder/ => C:\Users\dbank\.stmcufinder\plugins\mcufinder
2024-07-29 11:11:15,648 [WARN] DbFile:41 - Overriding database path with different value: C:\Users\dbank\.stmcufinder\plugins\mcufinder/ => C:\Users\dbank\.stmcufinder\plugins\mcufinder
2024-07-29 11:11:15,648 [INFO] CrossReferenceDbSqlite:203 - Set database path to: C:\Users\dbank\.stmcufinder\plugins\mcufinder//mcu/cs/
2024-07-29 11:11:15,678 [INFO] ApplicationProperties:184 - Using Application install path: C:\ST\STM32CubeIDE_1.15.1\STM32CubeIDE\plugins\com.st.stm32cube.common.mx_6.11.1.202404110753
2024-07-29 11:11:15,681 [INFO] PluginManage:196 - Search for loadable plugins [exclusion list=, ]
2024-07-29 11:11:15,683 [INFO] PluginManage:310 - Check plugin analytics
2024-07-29 11:11:16,001 [INFO] AnalyticsPlugin:253 - Accepted Software Licenses: STM32CubeMX.6.11.1
2024-07-29 11:11:16,001 [INFO] AnalyticsPlugin:255 - Accepted CMSIS Pack Licenses: 
2024-07-29 11:11:16,001 [INFO] AnalyticsPlugin:257 - Accepted Firmware Licenses: FW.H7.1.11.0,FW.H7.1.10.0,FW.L4.1.18.0
2024-07-29 11:11:16,004 [INFO] PluginManage:359 - Loaded plugin analytics (category:tool,tabindex:-1)
2024-07-29 11:11:16,005 [INFO] PluginManage:310 - Check plugin cadmodel
2024-07-29 11:11:16,014 [INFO] CADModel:105 - Init CAD model plugin
2024-07-29 11:11:16,014 [INFO] PluginManage:359 - Loaded plugin cadmodel (category:power,tabindex:5)
2024-07-29 11:11:16,015 [INFO] PluginManage:310 - Check plugin clock
2024-07-29 11:11:16,036 [INFO] PluginManage:359 - Loaded plugin clock (category:base,tabindex:2)
2024-07-29 11:11:16,036 [INFO] PluginManage:310 - Check plugin ddr
2024-07-29 11:11:16,042 [INFO] PluginManage:359 - Loaded plugin ddr (category:tool,tabindex:6)
2024-07-29 11:11:16,043 [INFO] PluginManage:310 - Check plugin filemanager
2024-07-29 11:11:16,313 [INFO] PluginManage:359 - Loaded plugin filemanager (category:base,tabindex:10)
2024-07-29 11:11:16,313 [INFO] PluginManage:310 - Check plugin ipmanager
2024-07-29 11:11:16,325 [INFO] PluginManage:359 - Loaded plugin ipmanager (category:base,tabindex:5)
2024-07-29 11:11:16,326 [INFO] PluginManage:310 - Check plugin lpbam
2024-07-29 11:11:16,341 [INFO] PluginManage:359 - Loaded plugin lpbam (category:base,tabindex:0)
2024-07-29 11:11:16,341 [INFO] PluginManage:310 - Check plugin memorymap
2024-07-29 11:11:16,361 [INFO] PluginManage:359 - Loaded plugin memorymap (category:base,tabindex:4)
2024-07-29 11:11:16,361 [INFO] PluginManage:310 - Check plugin pinoutandconfiguration
2024-07-29 11:11:16,372 [INFO] PluginManage:359 - Loaded plugin pinoutandconfiguration (category:base,tabindex:1)
2024-07-29 11:11:16,372 [INFO] PluginManage:310 - Check plugin pinoutconfig
2024-07-29 11:11:16,559 [WARN] SupportedApi:132 - Cannot load RTOS API schema: s4s-elt-must-match.1: The content of 'definitions' must match (annotation?, (simpleType | complexType)?, (unique | key | keyref)*)). A problem was found starting at: attribute.
2024-07-29 11:11:16,823 [INFO] PluginManage:359 - Loaded plugin pinoutconfig (category:base,tabindex:0)
2024-07-29 11:11:16,823 [INFO] PluginManage:310 - Check plugin power
2024-07-29 11:11:16,839 [INFO] PluginManage:359 - Loaded plugin power (category:power,tabindex:4)
2024-07-29 11:11:16,840 [INFO] PluginManage:310 - Check plugin projectmanager
2024-07-29 11:11:16,865 [INFO] PluginManage:359 - Loaded plugin projectmanager (category:projectmanager,tabindex:3)
2024-07-29 11:11:16,866 [INFO] PluginManage:310 - Check plugin thirdparty
2024-07-29 11:11:17,154 [INFO] PluginManage:359 - Loaded plugin thirdparty (category:base,tabindex:-1)
2024-07-29 11:11:17,155 [INFO] PluginManage:310 - Check plugin tools
2024-07-29 11:11:17,154 [WARN] IntegrityCheckThread:84 - waiting for thirdparty lock release [integrity check]
2024-07-29 11:11:17,155 [INFO] IntegrityCheckThread:86 - entering critical section [integrity check]
2024-07-29 11:11:17,155 [INFO] ThirdPartyUpdaterWithRetryManager:70 - Updater plugin not ready yet. [1/15]
2024-07-29 11:11:17,160 [INFO] PluginManage:359 - Loaded plugin tools (category:base,tabindex:7)
2024-07-29 11:11:17,160 [INFO] PluginManage:310 - Check plugin tutovideos
2024-07-29 11:11:17,407 [INFO] PluginManage:359 - Loaded plugin tutovideos (category:base,tabindex:-1)
2024-07-29 11:11:17,407 [INFO] PluginManage:310 - Check plugin updater
2024-07-29 11:11:17,425 [INFO] PluginManage:359 - Loaded plugin updater (category:base,tabindex:12)
2024-07-29 11:11:17,426 [INFO] PluginManage:310 - Check plugin userauth
2024-07-29 11:11:17,436 [INFO] UserAuth:114 - Init User Auth plugin
2024-07-29 11:11:17,436 [INFO] PluginManage:359 - Loaded plugin userauth (category:base,tabindex:14)
2024-07-29 11:11:17,438 [INFO] PluginManage:283 - PluginManage : Loaded plugins [17]
2024-07-29 11:11:17,855 [INFO] PinOutPanel:1561 - setPackage(No Configuration,No Configuration)
2024-07-29 11:11:18,025 [INFO] CADModel:165 - CPN selected for project level
2024-07-29 11:11:18,026 [INFO] CADModel:114 - Register for checkConnection events
2024-07-29 11:11:18,063 [INFO] IPUIPlugin:80 - create IPUIPlugin
2024-07-29 11:11:18,063 [INFO] PluginManager:220 - loadIPPluginJar : add adc
2024-07-29 11:11:18,068 [INFO] IPUIPlugin:80 - create IPUIPlugin
2024-07-29 11:11:18,068 [INFO] PluginManager:220 - loadIPPluginJar : add aes
2024-07-29 11:11:18,073 [INFO] IPUIPlugin:80 - create IPUIPlugin
2024-07-29 11:11:18,073 [INFO] PluginManager:220 - loadIPPluginJar : add can
2024-07-29 11:11:18,077 [INFO] IPUIPlugin:80 - create IPUIPlugin
2024-07-29 11:11:18,077 [INFO] PluginManager:220 - loadIPPluginJar : add comp
2024-07-29 11:11:18,082 [INFO] IPUIPlugin:80 - create IPUIPlugin
2024-07-29 11:11:18,082 [INFO] PluginManager:220 - loadIPPluginJar : add cryp
2024-07-29 11:11:18,087 [INFO] IPUIPlugin:80 - create IPUIPlugin
2024-07-29 11:11:18,088 [INFO] PluginManager:220 - loadIPPluginJar : add dfsdm
2024-07-29 11:11:18,098 [INFO] IPUIPlugin:80 - create IPUIPlugin
2024-07-29 11:11:18,100 [INFO] PluginManager:220 - loadIPPluginJar : add dma
2024-07-29 11:11:18,106 [INFO] IPUIPlugin:80 - create IPUIPlugin
2024-07-29 11:11:18,106 [INFO] PluginManager:220 - loadIPPluginJar : add dma3
2024-07-29 11:11:18,110 [INFO] IPUIPlugin:80 - create IPUIPlugin
2024-07-29 11:11:18,110 [INFO] PluginManager:220 - loadIPPluginJar : add extmemmanager
2024-07-29 11:11:18,114 [INFO] IPUIPlugin:80 - create IPUIPlugin
2024-07-29 11:11:18,114 [INFO] PluginManager:220 - loadIPPluginJar : add fatfs
2024-07-29 11:11:18,121 [INFO] IPUIPlugin:80 - create IPUIPlugin
2024-07-29 11:11:18,121 [INFO] PluginManager:220 - loadIPPluginJar : add fmc
2024-07-29 11:11:18,131 [INFO] IPUIPlugin:80 - create IPUIPlugin
2024-07-29 11:11:18,131 [INFO] PluginManager:220 - loadIPPluginJar : add freertos
2024-07-29 11:11:18,133 [INFO] IPUIPlugin:80 - create IPUIPlugin
2024-07-29 11:11:18,134 [INFO] PluginManager:220 - loadIPPluginJar : add genericplugin
2024-07-29 11:11:18,138 [INFO] IPUIPlugin:80 - create IPUIPlugin
2024-07-29 11:11:18,139 [INFO] PluginManager:220 - loadIPPluginJar : add gfxmmu
2024-07-29 11:11:18,147 [INFO] IPUIPlugin:80 - create IPUIPlugin
2024-07-29 11:11:18,148 [INFO] PluginManager:220 - loadIPPluginJar : add gic
2024-07-29 11:11:18,154 [INFO] IPUIPlugin:80 - create IPUIPlugin
2024-07-29 11:11:18,154 [INFO] PluginManager:220 - loadIPPluginJar : add gpio
2024-07-29 11:11:18,160 [INFO] IPUIPlugin:80 - create IPUIPlugin
2024-07-29 11:11:18,160 [INFO] PluginManager:220 - loadIPPluginJar : add gtzc
2024-07-29 11:11:18,166 [INFO] IPUIPlugin:80 - create IPUIPlugin
2024-07-29 11:11:18,166 [INFO] PluginManager:220 - loadIPPluginJar : add hash
2024-07-29 11:11:18,170 [INFO] IPUIPlugin:80 - create IPUIPlugin
2024-07-29 11:11:18,170 [INFO] PluginManager:220 - loadIPPluginJar : add i2c
2024-07-29 11:11:18,175 [INFO] IPUIPlugin:80 - create IPUIPlugin
2024-07-29 11:11:18,176 [INFO] PluginManager:220 - loadIPPluginJar : add i2s
2024-07-29 11:11:18,187 [INFO] IPUIPlugin:80 - create IPUIPlugin
2024-07-29 11:11:18,187 [INFO] PluginManager:220 - loadIPPluginJar : add i3c
2024-07-29 11:11:18,191 [INFO] IPUIPlugin:80 - create IPUIPlugin
2024-07-29 11:11:18,193 [INFO] PluginManager:220 - loadIPPluginJar : add ipddr
2024-07-29 11:11:18,203 [INFO] IPUIPlugin:80 - create IPUIPlugin
2024-07-29 11:11:18,203 [INFO] PluginManager:220 - loadIPPluginJar : add linkedlist
2024-07-29 11:11:18,207 [INFO] IPUIPlugin:80 - create IPUIPlugin
2024-07-29 11:11:18,207 [INFO] PluginManager:220 - loadIPPluginJar : add lorawan
2024-07-29 11:11:18,211 [INFO] IPUIPlugin:80 - create IPUIPlugin
2024-07-29 11:11:18,212 [INFO] PluginManager:220 - loadIPPluginJar : add ltdc
2024-07-29 11:11:18,220 [INFO] IPUIPlugin:80 - create IPUIPlugin
2024-07-29 11:11:18,221 [INFO] PluginManager:220 - loadIPPluginJar : add mdma
2024-07-29 11:11:18,229 [INFO] IPUIPlugin:80 - create IPUIPlugin
2024-07-29 11:11:18,230 [INFO] PluginManager:220 - loadIPPluginJar : add nvic
2024-07-29 11:11:18,242 [INFO] IPUIPlugin:80 - create IPUIPlugin
2024-07-29 11:11:18,242 [INFO] PluginManager:220 - loadIPPluginJar : add opamp
2024-07-29 11:11:18,248 [INFO] IPUIPlugin:80 - create IPUIPlugin
2024-07-29 11:11:18,248 [INFO] PluginManager:220 - loadIPPluginJar : add openamp
2024-07-29 11:11:18,253 [INFO] IPUIPlugin:80 - create IPUIPlugin
2024-07-29 11:11:18,253 [INFO] PluginManager:220 - loadIPPluginJar : add pdm2pcm
2024-07-29 11:11:18,262 [INFO] IPUIPlugin:80 - create IPUIPlugin
2024-07-29 11:11:18,267 [INFO] PluginManager:220 - loadIPPluginJar : add plateformsettings
2024-07-29 11:11:18,270 [INFO] IPUIPlugin:80 - create IPUIPlugin
2024-07-29 11:11:18,271 [INFO] PluginManager:220 - loadIPPluginJar : add quadspi
2024-07-29 11:11:18,277 [INFO] IPUIPlugin:80 - create IPUIPlugin
2024-07-29 11:11:18,277 [INFO] PluginManager:220 - loadIPPluginJar : add resmgrutility
2024-07-29 11:11:18,282 [INFO] IPUIPlugin:80 - create IPUIPlugin
2024-07-29 11:11:18,284 [INFO] PluginManager:220 - loadIPPluginJar : add sai
2024-07-29 11:11:18,288 [INFO] IPUIPlugin:80 - create IPUIPlugin
2024-07-29 11:11:18,289 [INFO] PluginManager:220 - loadIPPluginJar : add spi
2024-07-29 11:11:18,298 [INFO] IPUIPlugin:80 - create IPUIPlugin
2024-07-29 11:11:18,298 [INFO] PluginManager:220 - loadIPPluginJar : add stm32_wpan
2024-07-29 11:11:18,302 [INFO] IPUIPlugin:80 - create IPUIPlugin
2024-07-29 11:11:18,302 [INFO] PluginManager:220 - loadIPPluginJar : add tim
2024-07-29 11:11:18,308 [INFO] IPUIPlugin:80 - create IPUIPlugin
2024-07-29 11:11:18,309 [INFO] PluginManager:220 - loadIPPluginJar : add touchsensing
2024-07-29 11:11:18,318 [INFO] IPUIPlugin:80 - create IPUIPlugin
2024-07-29 11:11:18,318 [INFO] PluginManager:220 - loadIPPluginJar : add tracer_emb
2024-07-29 11:11:18,321 [INFO] IPUIPlugin:80 - create IPUIPlugin
2024-07-29 11:11:18,322 [INFO] PluginManager:220 - loadIPPluginJar : add ts
2024-07-29 11:11:18,325 [INFO] IPUIPlugin:80 - create IPUIPlugin
2024-07-29 11:11:18,325 [INFO] PluginManager:220 - loadIPPluginJar : add tsc
2024-07-29 11:11:18,328 [INFO] IPUIPlugin:80 - create IPUIPlugin
2024-07-29 11:11:18,328 [INFO] PluginManager:220 - loadIPPluginJar : add ucpd
2024-07-29 11:11:18,333 [INFO] IPUIPlugin:80 - create IPUIPlugin
2024-07-29 11:11:18,333 [INFO] PluginManager:220 - loadIPPluginJar : add usart
2024-07-29 11:11:18,338 [INFO] IPUIPlugin:80 - create IPUIPlugin
2024-07-29 11:11:18,338 [INFO] PluginManager:220 - loadIPPluginJar : add usbx
2024-07-29 11:11:18,519 [INFO] CADModel:165 - CPN selected for project level
2024-07-29 11:11:18,519 [INFO] CADModel:114 - Register for checkConnection events
2024-07-29 11:11:18,520 [FATAL] Updater:308 - Updater called before beeing initialized
2024-07-29 11:11:18,520 [ERROR] CADModel:125 - Updater not yet initialized, retry later 
2024-07-29 11:11:18,751 [INFO] CADModel:165 - CPN selected for project level
2024-07-29 11:11:18,752 [INFO] CADModel:114 - Register for checkConnection events
2024-07-29 11:11:18,752 [FATAL] Updater:308 - Updater called before beeing initialized
2024-07-29 11:11:18,752 [ERROR] CADModel:125 - Updater not yet initialized, retry later 
2024-07-29 11:11:18,757 [FATAL] Updater:308 - Updater called before beeing initialized
2024-07-29 11:11:18,945 [FATAL] Updater:308 - Updater called before beeing initialized
2024-07-29 11:11:18,953 [INFO] DbMcusAds:53 - JSON generation date=Thu May 16 11:22:01 CEST 2024 (1715851321109)
2024-07-29 11:11:18,954 [FATAL] Updater:308 - Updater called before beeing initialized
2024-07-29 11:11:19,014 [WARN] DetailPanel:346 - Failed to get advertising image, set to default
2024-07-29 11:11:19,146 [FATAL] Updater:308 - Updater called before beeing initialized
2024-07-29 11:11:19,150 [FATAL] Updater:308 - Updater called before beeing initialized
2024-07-29 11:11:19,150 [FATAL] Updater:308 - Updater called before beeing initialized
2024-07-29 11:11:19,150 [WARN] DetailPanel:346 - Failed to get advertising image, set to default
2024-07-29 11:11:19,151 [FATAL] Updater:308 - Updater called before beeing initialized
2024-07-29 11:11:19,224 [ERROR] Updater:1120 - MainUpdater not yet initialized. External WinMGr cannot be set.
2024-07-29 11:11:19,227 [INFO] Updater:1056 - Updater Version found : 6.11.1
2024-07-29 11:11:19,271 [INFO] ApplicationProperties:184 - Using Application install path: C:\ST\STM32CubeIDE_1.15.1\STM32CubeIDE\plugins\com.st.stm32cube.common.mx_6.11.1.202404110753
2024-07-29 11:11:20,158 [INFO] ThirdPartyUpdaterWithRetryManager:70 - Updater plugin not ready yet. [2/15]
2024-07-29 11:11:20,871 [ERROR] LogOutputStream:75 - [STDERR_REDIRECT] Jul 29, 2024 11:11:20 AM java.util.prefs.WindowsPreferences <init>
2024-07-29 11:11:20,873 [ERROR] LogOutputStream:75 - [STDERR_REDIRECT] WARNING: Could not open/create prefs root node Software\JavaSoft\Prefs at root 0xffffffff80000002. Windows RegCreateKeyEx(...) returned error code 5.
2024-07-29 11:11:20,873 [ERROR] LogOutputStream:75 - [STDERR_REDIRECT] 
2024-07-29 11:11:21,354 [INFO] MainUpdater:2873 - connection check result : 10
2024-07-29 11:11:21,355 [INFO] MainUpdater:290 - Updater Check For Update Now.
2024-07-29 11:11:21,355 [INFO] MicroXplorer:498 - Change Database Version : DB.6.0.111
2024-07-29 11:11:21,368 [INFO] McuFinderGlobals:63 - Set McuFinder mode to 2 (CubeIDE integrated)
2024-07-29 11:11:21,382 [INFO] UserAuth:415 - Internet connection configuration mode: 1
2024-07-29 11:11:21,419 [INFO] JxBrowserEngine:152 - Initiate JxBrowser Engine with user profile folder
2024-07-29 11:11:21,575 [INFO] CheckServerUpdateThread:120 - End of CheckServer Thread
2024-07-29 11:11:22,962 [INFO] WebApp:161 - Instantiating new browser for Auth
2024-07-29 11:11:23,547 [WARN] PackLoader:240 - Cannot read IP mode file for STMicroelectronics.FP-SNS-MOTENVWB1.1.4.0
2024-07-29 11:11:23,564 [WARN] PackLoader:240 - Cannot read IP mode file for STMicroelectronics.X-CUBE-SMBUS.2.1.0
2024-07-29 11:11:23,574 [WARN] PackLoader:240 - Cannot read IP mode file for STMicroelectronics.X-CUBE-TOUCHGFX.4.23.2
2024-07-29 11:11:23,621 [WARN] PackLoader:240 - Cannot read IP mode file for STMicroelectronics.X-CUBE-AZRTOS-F7.1.1.0
2024-07-29 11:11:23,636 [WARN] PackLoader:240 - Cannot read IP mode file for STMicroelectronics.FP-SNS-FLIGHT1.5.0.2
2024-07-29 11:11:23,651 [WARN] PackLoader:240 - Cannot read IP mode file for STMicroelectronics.X-CUBE-DISPLAY.3.0.0
2024-07-29 11:11:23,669 [WARN] PackLoader:240 - Cannot read IP mode file for STMicroelectronics.X-CUBE-BLE1.7.0.0
2024-07-29 11:11:23,678 [WARN] PackLoader:240 - Cannot read IP mode file for emotas.I-CUBE-CANOPEN.1.3.0
2024-07-29 11:11:23,692 [WARN] PackLoader:240 - Cannot read IP mode file for STMicroelectronics.X-CUBE-BLEMGR.3.1.0
2024-07-29 11:11:23,702 [WARN] PackLoader:240 - Cannot read IP mode file for STMicroelectronics.FP-SNS-SMARTAG2.1.2.0
2024-07-29 11:11:23,716 [INFO] LogOutputStream:77 - [STDOUT_REDIRECT] 1 : Invalid condition id : UX_CORESTACK_Condition cause : null
2024-07-29 11:11:23,717 [INFO] LogOutputStream:77 - [STDOUT_REDIRECT] 1 : Invalid condition id : UX_CORESTACK_Condition cause : null
2024-07-29 11:11:23,719 [INFO] LogOutputStream:77 - [STDOUT_REDIRECT] 1 : Invalid condition id : UX_CORESTACK_Condition cause : null
2024-07-29 11:11:23,720 [INFO] LogOutputStream:77 - [STDOUT_REDIRECT] 1 : Invalid condition id : UX_CORESTACK_Condition cause : null
2024-07-29 11:11:23,722 [INFO] LogOutputStream:77 - [STDOUT_REDIRECT] 1 : Invalid condition id : UX_CORESTACK_Condition cause : null
2024-07-29 11:11:23,727 [WARN] PackLoader:240 - Cannot read IP mode file for STMicroelectronics.X-CUBE-AZRTOS-WL.2.0.0
2024-07-29 11:11:23,736 [WARN] PackLoader:240 - Cannot read IP mode file for STMicroelectronics.FP-SNS-MOTENV1.5.0.0
2024-07-29 11:11:23,747 [WARN] PackLoader:240 - Cannot read IP mode file for wolfSSL.I-CUBE-wolfMQTT.1.19.0
2024-07-29 11:11:23,762 [WARN] PackLoader:240 - Cannot read IP mode file for WES.I-CUBE-Cesium.1.3.0
2024-07-29 11:11:23,771 [WARN] PackLoader:240 - Cannot read IP mode file for STMicroelectronics.X-CUBE-BLE2.3.3.0
2024-07-29 11:11:23,782 [WARN] PackLoader:240 - Cannot read IP mode file for STMicroelectronics.X-CUBE-TCPP.4.1.0
2024-07-29 11:11:23,795 [WARN] PackLoader:240 - Cannot read IP mode file for STMicroelectronics.X-CUBE-ALGOBUILD.1.3.0
2024-07-29 11:11:23,829 [WARN] PackLoader:240 - Cannot read IP mode file for STMicroelectronics.X-CUBE-AZRTOS-G0.1.1.0
2024-07-29 11:11:23,843 [WARN] PackLoader:240 - Cannot read IP mode file for STMicroelectronics.X-CUBE-SAFEA1.1.2.2
2024-07-29 11:11:23,853 [WARN] PackLoader:240 - Cannot read IP mode file for STMicroelectronics.X-CUBE-NFC4.3.0.0
2024-07-29 11:11:23,879 [WARN] PackLoader:240 - Cannot read IP mode file for EmbeddedOffice.I-CUBE-FS-RTOS.1.0.1
2024-07-29 11:11:23,880 [ERROR] ConditionMgr:805 - Attr not supported : Dmpu
2024-07-29 11:11:23,880 [ERROR] ConditionMgr:805 - Attr not supported : Dmpu
2024-07-29 11:11:23,880 [ERROR] ConditionMgr:805 - Attr not supported : Dmpu
2024-07-29 11:11:23,880 [ERROR] ConditionMgr:805 - Attr not supported : Dmpu
2024-07-29 11:11:23,880 [ERROR] ConditionMgr:805 - Attr not supported : Dmpu
2024-07-29 11:11:23,881 [ERROR] ConditionMgr:805 - Attr not supported : Dmpu
2024-07-29 11:11:23,881 [ERROR] ConditionMgr:805 - Attr not supported : Dmpu
2024-07-29 11:11:23,881 [ERROR] ConditionMgr:805 - Attr not supported : Dmpu
2024-07-29 11:11:23,881 [ERROR] ConditionMgr:805 - Attr not supported : Dmpu
2024-07-29 11:11:23,881 [ERROR] ConditionMgr:805 - Attr not supported : Dmpu
2024-07-29 11:11:23,881 [ERROR] ConditionMgr:805 - Attr not supported : Dmpu
2024-07-29 11:11:23,881 [ERROR] ConditionMgr:805 - Attr not supported : Dmpu
2024-07-29 11:11:23,882 [ERROR] ConditionMgr:805 - Attr not supported : Dmpu
2024-07-29 11:11:23,882 [ERROR] ConditionMgr:805 - Attr not supported : Dmpu
2024-07-29 11:11:23,882 [ERROR] ConditionMgr:805 - Attr not supported : Dmpu
2024-07-29 11:11:23,882 [ERROR] ConditionMgr:805 - Attr not supported : Dmpu
2024-07-29 11:11:23,882 [ERROR] ConditionMgr:805 - Attr not supported : Dmpu
2024-07-29 11:11:23,882 [ERROR] ConditionMgr:805 - Attr not supported : Dmpu
2024-07-29 11:11:23,882 [ERROR] ConditionMgr:805 - Attr not supported : Dmpu
2024-07-29 11:11:23,882 [ERROR] ConditionMgr:805 - Attr not supported : Dmpu
2024-07-29 11:11:23,882 [ERROR] ConditionMgr:805 - Attr not supported : Dmpu
2024-07-29 11:11:23,882 [ERROR] ConditionMgr:805 - Attr not supported : Dmpu
2024-07-29 11:11:23,883 [ERROR] ConditionMgr:805 - Attr not supported : Dmpu
2024-07-29 11:11:23,883 [ERROR] ConditionMgr:805 - Attr not supported : Dmpu
2024-07-29 11:11:23,883 [ERROR] ConditionMgr:805 - Attr not supported : Dmpu
2024-07-29 11:11:23,883 [ERROR] ConditionMgr:805 - Attr not supported : Dmpu
2024-07-29 11:11:23,883 [ERROR] ConditionMgr:805 - Attr not supported : Dmpu
2024-07-29 11:11:23,883 [ERROR] ConditionMgr:805 - Attr not supported : Dmpu
2024-07-29 11:11:23,883 [ERROR] ConditionMgr:805 - Attr not supported : Dmpu
2024-07-29 11:11:23,883 [ERROR] ConditionMgr:805 - Attr not supported : Dmpu
2024-07-29 11:11:23,883 [ERROR] ConditionMgr:805 - Attr not supported : Dmpu
2024-07-29 11:11:23,884 [ERROR] ConditionMgr:805 - Attr not supported : Dmpu
2024-07-29 11:11:23,884 [ERROR] ConditionMgr:805 - Attr not supported : Dmpu
2024-07-29 11:11:23,884 [ERROR] ConditionMgr:805 - Attr not supported : Dmpu
2024-07-29 11:11:23,884 [ERROR] ConditionMgr:805 - Attr not supported : Dmpu
2024-07-29 11:11:23,884 [ERROR] ConditionMgr:805 - Attr not supported : Dmpu
2024-07-29 11:11:23,884 [ERROR] ConditionMgr:805 - Attr not supported : Dmpu
2024-07-29 11:11:23,884 [ERROR] ConditionMgr:805 - Attr not supported : Dmpu
2024-07-29 11:11:23,884 [ERROR] ConditionMgr:805 - Attr not supported : Dmpu
2024-07-29 11:11:23,884 [ERROR] ConditionMgr:805 - Attr not supported : Dmpu
2024-07-29 11:11:23,885 [ERROR] ConditionMgr:805 - Attr not supported : Dmpu
2024-07-29 11:11:23,885 [ERROR] ConditionMgr:805 - Attr not supported : Dmpu
2024-07-29 11:11:23,885 [ERROR] ConditionMgr:805 - Attr not supported : Dmpu
2024-07-29 11:11:23,885 [ERROR] ConditionMgr:805 - Attr not supported : Dmpu
2024-07-29 11:11:23,885 [ERROR] ConditionMgr:805 - Attr not supported : Dmpu
2024-07-29 11:11:23,885 [ERROR] ConditionMgr:805 - Attr not supported : Dmpu
2024-07-29 11:11:23,885 [ERROR] ConditionMgr:805 - Attr not supported : Dmpu
2024-07-29 11:11:23,885 [ERROR] ConditionMgr:805 - Attr not supported : Dmpu
2024-07-29 11:11:23,885 [ERROR] ConditionMgr:805 - Attr not supported : Dmpu
2024-07-29 11:11:23,886 [ERROR] ConditionMgr:805 - Attr not supported : Dmpu
2024-07-29 11:11:23,886 [ERROR] ConditionMgr:805 - Attr not supported : Dmpu
2024-07-29 11:11:23,886 [ERROR] ConditionMgr:805 - Attr not supported : Dmpu
2024-07-29 11:11:23,886 [ERROR] ConditionMgr:805 - Attr not supported : Dmpu
2024-07-29 11:11:23,886 [ERROR] ConditionMgr:805 - Attr not supported : Dmpu
2024-07-29 11:11:23,886 [ERROR] ConditionMgr:805 - Attr not supported : Dmpu
2024-07-29 11:11:23,886 [ERROR] ConditionMgr:805 - Attr not supported : Dmpu
2024-07-29 11:11:23,886 [ERROR] ConditionMgr:805 - Attr not supported : Dmpu
2024-07-29 11:11:23,886 [ERROR] ConditionMgr:805 - Attr not supported : Dmpu
2024-07-29 11:11:23,886 [ERROR] ConditionMgr:805 - Attr not supported : Dmpu
2024-07-29 11:11:23,886 [ERROR] ConditionMgr:805 - Attr not supported : Dmpu
2024-07-29 11:11:23,887 [ERROR] ConditionMgr:805 - Attr not supported : Dmpu
2024-07-29 11:11:23,887 [ERROR] ConditionMgr:805 - Attr not supported : Dmpu
2024-07-29 11:11:23,887 [ERROR] ConditionMgr:805 - Attr not supported : Dmpu
2024-07-29 11:11:23,887 [ERROR] ConditionMgr:805 - Attr not supported : Dmpu
2024-07-29 11:11:23,896 [WARN] PackLoader:240 - Cannot read IP mode file for RealThread.X-CUBE-RT-Thread_Nano.4.1.1
2024-07-29 11:11:23,903 [WARN] PackLoader:240 - Cannot read IP mode file for wolfSSL.I-CUBE-wolfSSL.5.7.0
2024-07-29 11:11:23,910 [WARN] PackLoader:240 - Cannot read IP mode file for STMicroelectronics.FP-ATR-SIGFOX1.3.2.0
2024-07-29 11:11:23,921 [WARN] PackLoader:240 - Cannot read IP mode file for STMicroelectronics.X-CUBE-EEPRMA1.5.1.0
2024-07-29 11:11:23,933 [WARN] PackLoader:240 - Cannot read IP mode file for ITTIA_DB.I-CUBE-ITTIADB.8.9.0
2024-07-29 11:11:23,971 [WARN] PackLoader:240 - Cannot read IP mode file for SEGGER.I-CUBE-embOS.1.3.1
2024-07-29 11:11:24,026 [WARN] PackLoader:240 - Cannot read IP mode file for STMicroelectronics.X-CUBE-ALGOBUILD.1.4.0
2024-07-29 11:11:24,035 [WARN] PackLoader:240 - Cannot read IP mode file for STMicroelectronics.X-CUBE-GNSS1.6.0.0
2024-07-29 11:11:24,056 [WARN] PackLoader:240 - Cannot read IP mode file for STMicroelectronics.X-CUBE-AZRTOS-F4.1.1.0
2024-07-29 11:11:24,065 [WARN] PackLoader:240 - Cannot read IP mode file for STMicroelectronics.X-CUBE-FREERTOS.1.2.0
2024-07-29 11:11:24,088 [WARN] PackLoader:240 - Cannot read IP mode file for STMicroelectronics.X-CUBE-AZRTOS-L5.2.0.0
2024-07-29 11:11:24,100 [WARN] PackLoader:240 - Cannot read IP mode file for STMicroelectronics.X-CUBE-NFC6.3.1.0
2024-07-29 11:11:24,108 [WARN] PackLoader:240 - Cannot read IP mode file for STMicroelectronics.X-CUBE-DPower.1.2.0
2024-07-29 11:11:24,113 [WARN] PackLoader:240 - Cannot read IP mode file for STMicroelectronics.X-CUBE-AI.9.0.0
2024-07-29 11:11:24,119 [WARN] PackLoader:240 - Cannot read IP mode file for STMicroelectronics.X-CUBE-NFC7.1.0.1
2024-07-29 11:11:24,127 [WARN] PackLoader:240 - Cannot read IP mode file for wolfSSL.I-CUBE-wolfTPM.3.2.0
2024-07-29 11:11:24,158 [WARN] ConditionMgr:438 - getConditionDescription Invalid condition id : LAN8742 Phy interface Condition cause : null
2024-07-29 11:11:24,159 [WARN] PackLoader:240 - Cannot read IP mode file for STMicroelectronics.X-CUBE-AZRTOS-L4.2.0.0
2024-07-29 11:11:24,161 [WARN] ConditionMgr:1039 - genDependencies : Invalid condition id : LAN8742 Phy interface Condition cause : null
2024-07-29 11:11:24,161 [WARN] ConditionMgr:1039 - genDependencies : Invalid condition id : LAN8742 Phy interface Condition cause : null
2024-07-29 11:11:24,162 [WARN] ConditionMgr:1039 - genDependencies : Invalid condition id : LAN8742 Phy interface Condition cause : null
2024-07-29 11:11:24,173 [WARN] PackLoader:240 - Cannot read IP mode file for STMicroelectronics.X-CUBE-SFXS2LP1.4.0.0
2024-07-29 11:11:24,193 [WARN] ConditionMgr:438 - getConditionDescription Invalid condition id : UX DEVICE CLASS RTOS Condition cause : null
2024-07-29 11:11:24,193 [WARN] ConditionMgr:438 - getConditionDescription Invalid condition id : UX DEVICE CLASS RTOS Condition cause : null
2024-07-29 11:11:24,196 [WARN] PackLoader:240 - Cannot read IP mode file for STMicroelectronics.X-CUBE-AZRTOS-WB.2.0.0
2024-07-29 11:11:24,197 [WARN] ConditionMgr:1039 - genDependencies : Invalid condition id : UX DEVICE CLASS RTOS Condition cause : null
2024-07-29 11:11:24,197 [WARN] ConditionMgr:1039 - genDependencies : Invalid condition id : UX DEVICE CLASS RTOS Condition cause : null
2024-07-29 11:11:24,198 [WARN] ConditionMgr:1039 - genDependencies : Invalid condition id : UX DEVICE CLASS RTOS Condition cause : null
2024-07-29 11:11:24,199 [WARN] ConditionMgr:1039 - genDependencies : Invalid condition id : UX DEVICE CLASS RTOS Condition cause : null
2024-07-29 11:11:24,199 [WARN] ConditionMgr:1039 - genDependencies : Invalid condition id : UX DEVICE CLASS RTOS Condition cause : null
2024-07-29 11:11:24,211 [WARN] PackLoader:240 - Cannot read IP mode file for STMicroelectronics.FP-SNS-STBOX1.2.0.0
2024-07-29 11:11:24,229 [WARN] PackLoader:240 - Cannot read IP mode file for STMicroelectronics.X-CUBE-SUBG2.5.0.0
2024-07-29 11:11:24,255 [WARN] PackLoader:240 - Cannot read IP mode file for STMicroelectronics.X-CUBE-AZRTOS-G4.2.0.0
2024-07-29 11:11:24,263 [WARN] PackLoader:240 - Cannot read IP mode file for STMicroelectronics.X-CUBE-ISPU.2.0.0
2024-07-29 11:11:24,269 [WARN] PackLoader:240 - Cannot read IP mode file for STMicroelectronics.X-CUBE-ALS.1.0.2
2024-07-29 11:11:24,349 [WARN] PackLoader:240 - Cannot read IP mode file for STMicroelectronics.X-CUBE-MEMS1.10.0.0
2024-07-29 11:11:24,365 [INFO] WebApp:779 - Register for checkConnection events
2024-07-29 11:11:24,365 [INFO] WebApp:414 - Apply proxy settings
2024-07-29 11:11:24,365 [INFO] WebApp:499 - Chromium requires no authentication
2024-07-29 11:11:24,382 [INFO] WebApp:442 - Direct internet connection detected
2024-07-29 11:11:24,525 [WARN] PackLoader:240 - Cannot read IP mode file for STMicroelectronics.X-CUBE-TOUCHGFX.4.24.0
2024-07-29 11:11:24,533 [WARN] PackLoader:240 - Cannot read IP mode file for portGmbH.I-Cube-SoM-uGOAL.1.1.0
2024-07-29 11:11:24,540 [WARN] PackLoader:240 - Cannot read IP mode file for STMicroelectronics.X-CUBE-ALS.1.0.1
2024-07-29 11:11:24,569 [WARN] PackLoader:240 - Cannot read IP mode file for STMicroelectronics.X-CUBE-AZRTOS-H7RS.1.0.0
2024-07-29 11:11:24,580 [WARN] PackLoader:240 - Cannot read IP mode file for STMicroelectronics.FP-ATR-ASTRA1.2.0.0
2024-07-29 11:11:24,597 [WARN] PackLoader:240 - Cannot read IP mode file for STMicroelectronics.X-CUBE-TOF1.3.4.2
2024-07-29 11:11:24,622 [WARN] PackLoader:240 - Cannot read IP mode file for STMicroelectronics.X-CUBE-TOF1.3.4.1
2024-07-29 11:11:24,655 [WARN] PackLoader:240 - Cannot read IP mode file for STMicroelectronics.X-CUBE-AZRTOS-H7.3.2.0
2024-07-29 11:11:24,681 [WARN] PackLoader:240 - Cannot read IP mode file for Infineon.AIROC-Wi-Fi-Bluetooth-STM32.1.6.0
2024-07-29 11:11:24,692 [WARN] PackLoader:240 - Cannot read IP mode file for wolfSSL.I-CUBE-wolfSSH.1.4.17
2024-07-29 11:11:24,693 [INFO] ThirdParty:978 - Integrity check success = true
2024-07-29 11:11:24,693 [INFO] IntegrityCheckThread:100 - exiting critical section [integrity check]
2024-07-29 11:11:24,693 [INFO] IntegrityCheckThread:103 - End integrity checks thread
2024-07-29 11:11:24,930 [INFO] WebApp:192 - Starting web application
2024-07-29 11:11:24,931 [INFO] WebApp:544 - Web application path used C:\ST\STM32CubeIDE_1.15.1\STM32CubeIDE\plugins\com.st.stm32cube.common.mx_6.11.1.202404110753\db\plugins\mcufinder\reactClient1\index.html
2024-07-29 11:15:08,206 [ERROR] LogOutputStream:75 - [STDERR_REDIRECT] 
2024-07-29 11:15:08,207 [ERROR] LogOutputStream:75 - [STDERR_REDIRECT] 
2024-07-29 11:17:19,118 [INFO] Activator:176 - 


2024-07-29 11:17:19,119 [INFO] Activator:177 - !SESSION log4j initialized
2024-07-29 11:17:24,089 [INFO] LogOutputStream:77 - [STDOUT_REDIRECT] 
2024-07-29 11:17:25,062 [INFO] ApplicationProperties:184 - Using Application install path: C:\ST\STM32CubeIDE_1.15.1\STM32CubeIDE\plugins\com.st.stm32cube.common.mx_6.11.1.202404110753
2024-07-29 11:17:25,093 [INFO] DbMcusXml:78 - Set database path to: C:\ST\STM32CubeIDE_1.15.1\STM32CubeIDE\plugins\com.st.stm32cube.common.mx_6.11.1.202404110753\\db\/mcu/
2024-07-29 11:17:25,094 [INFO] ApiDb:274 - Set plugin database path to: C:\ST\STM32CubeIDE_1.15.1\STM32CubeIDE\plugins\com.st.stm32cube.common.mx_6.11.1.202404110753\\db\/plugins/boardmanager/
2024-07-29 11:17:25,095 [WARN] ApiDb:259 - Overriding images path with different value:  => C:\ST\STM32CubeIDE_1.15.1\STM32CubeIDE\plugins\com.st.stm32cube.common.mx_6.11.1.202404110753\\db\/plugins/mcufinder/images/
2024-07-29 11:17:25,106 [INFO] ApiDb:250 - Set database path to: C:\Users\dbank\.stmcufinder\plugins\mcufinder//mcu/
2024-07-29 11:17:25,108 [INFO] DbMcusAds:125 - Set database path to: C:\Users\dbank\.stmcufinder\plugins\mcufinder//mcu/
2024-07-29 11:17:25,114 [INFO] CrossReferenceDbSqlite:203 - Set database path to: C:\Users\dbank\.stmcufinder\plugins\mcufinder//mcu/cs/
2024-07-29 11:17:25,287 [INFO] RulesReader:64 - Compatibility file has been processed (297 Rules)
2024-07-29 11:17:25,451 [INFO] DbMcusXml:78 - Set database path to: C:\ST\STM32CubeIDE_1.15.1\STM32CubeIDE\plugins\com.st.stm32cube.common.mx_6.11.1.202404110753\\db\/mcu/
2024-07-29 11:17:25,451 [INFO] ApiDb:274 - Set plugin database path to: C:\ST\STM32CubeIDE_1.15.1\STM32CubeIDE\plugins\com.st.stm32cube.common.mx_6.11.1.202404110753\\db\/plugins/boardmanager/
2024-07-29 11:17:25,453 [INFO] ApiDb:261 - Set plugin images path to: C:\ST\STM32CubeIDE_1.15.1\STM32CubeIDE\plugins\com.st.stm32cube.common.mx_6.11.1.202404110753\\db\/plugins/mcufinder/images/
2024-07-29 11:17:25,453 [WARN] DbFile:41 - Overriding database path with different value: C:\Users\dbank\.stmcufinder\plugins\mcufinder/ => C:\Users\dbank\.stmcufinder\plugins\mcufinder
2024-07-29 11:17:25,453 [INFO] ApiDb:250 - Set database path to: C:\Users\dbank\.stmcufinder\plugins\mcufinder//mcu/
2024-07-29 11:17:25,453 [WARN] DbFile:41 - Overriding database path with different value: C:\Users\dbank\.stmcufinder\plugins\mcufinder/ => C:\Users\dbank\.stmcufinder\plugins\mcufinder
2024-07-29 11:17:25,453 [INFO] DbMcusAds:125 - Set database path to: C:\Users\dbank\.stmcufinder\plugins\mcufinder//mcu/
2024-07-29 11:17:25,453 [WARN] DbFile:41 - Overriding database path with different value: C:\Users\dbank\.stmcufinder\plugins\mcufinder/ => C:\Users\dbank\.stmcufinder\plugins\mcufinder
2024-07-29 11:17:25,453 [WARN] DbFile:41 - Overriding database path with different value: C:\Users\dbank\.stmcufinder\plugins\mcufinder/ => C:\Users\dbank\.stmcufinder\plugins\mcufinder
2024-07-29 11:17:25,453 [INFO] CrossReferenceDbSqlite:203 - Set database path to: C:\Users\dbank\.stmcufinder\plugins\mcufinder//mcu/cs/
2024-07-29 11:17:25,580 [INFO] MainPanel:264 - HeapMemory: 268435456
2024-07-29 11:17:25,752 [INFO] DbMcusXml:78 - Set database path to: C:\ST\STM32CubeIDE_1.15.1\STM32CubeIDE\plugins\com.st.stm32cube.common.mx_6.11.1.202404110753\\db\/mcu/
2024-07-29 11:17:25,752 [INFO] ApiDb:274 - Set plugin database path to: C:\ST\STM32CubeIDE_1.15.1\STM32CubeIDE\plugins\com.st.stm32cube.common.mx_6.11.1.202404110753\\db\/plugins/boardmanager/
2024-07-29 11:17:25,752 [INFO] ApiDb:261 - Set plugin images path to: C:\ST\STM32CubeIDE_1.15.1\STM32CubeIDE\plugins\com.st.stm32cube.common.mx_6.11.1.202404110753\\db\/plugins/mcufinder/images/
2024-07-29 11:17:25,753 [WARN] DbFile:41 - Overriding database path with different value: C:\Users\dbank\.stmcufinder\plugins\mcufinder/ => C:\Users\dbank\.stmcufinder\plugins\mcufinder
2024-07-29 11:17:25,753 [INFO] ApiDb:250 - Set database path to: C:\Users\dbank\.stmcufinder\plugins\mcufinder//mcu/
2024-07-29 11:17:25,753 [WARN] DbFile:41 - Overriding database path with different value: C:\Users\dbank\.stmcufinder\plugins\mcufinder/ => C:\Users\dbank\.stmcufinder\plugins\mcufinder
2024-07-29 11:17:25,753 [INFO] DbMcusAds:125 - Set database path to: C:\Users\dbank\.stmcufinder\plugins\mcufinder//mcu/
2024-07-29 11:17:25,753 [WARN] DbFile:41 - Overriding database path with different value: C:\Users\dbank\.stmcufinder\plugins\mcufinder/ => C:\Users\dbank\.stmcufinder\plugins\mcufinder
2024-07-29 11:17:25,753 [WARN] DbFile:41 - Overriding database path with different value: C:\Users\dbank\.stmcufinder\plugins\mcufinder/ => C:\Users\dbank\.stmcufinder\plugins\mcufinder
2024-07-29 11:17:25,754 [INFO] CrossReferenceDbSqlite:203 - Set database path to: C:\Users\dbank\.stmcufinder\plugins\mcufinder//mcu/cs/
2024-07-29 11:17:25,789 [INFO] ApplicationProperties:184 - Using Application install path: C:\ST\STM32CubeIDE_1.15.1\STM32CubeIDE\plugins\com.st.stm32cube.common.mx_6.11.1.202404110753
2024-07-29 11:17:25,793 [INFO] PluginManage:196 - Search for loadable plugins [exclusion list=, ]
2024-07-29 11:17:25,796 [INFO] PluginManage:310 - Check plugin analytics
2024-07-29 11:17:26,172 [INFO] AnalyticsPlugin:253 - Accepted Software Licenses: STM32CubeMX.6.11.1
2024-07-29 11:17:26,172 [INFO] AnalyticsPlugin:255 - Accepted CMSIS Pack Licenses: 
2024-07-29 11:17:26,172 [INFO] AnalyticsPlugin:257 - Accepted Firmware Licenses: FW.H7.1.11.0,FW.H7.1.10.0,FW.L4.1.18.0
2024-07-29 11:17:26,178 [INFO] PluginManage:359 - Loaded plugin analytics (category:tool,tabindex:-1)
2024-07-29 11:17:26,178 [INFO] PluginManage:310 - Check plugin cadmodel
2024-07-29 11:17:26,185 [INFO] CADModel:105 - Init CAD model plugin
2024-07-29 11:17:26,185 [INFO] PluginManage:359 - Loaded plugin cadmodel (category:power,tabindex:5)
2024-07-29 11:17:26,185 [INFO] PluginManage:310 - Check plugin clock
2024-07-29 11:17:26,205 [INFO] PluginManage:359 - Loaded plugin clock (category:base,tabindex:2)
2024-07-29 11:17:26,205 [INFO] PluginManage:310 - Check plugin ddr
2024-07-29 11:17:26,210 [INFO] PluginManage:359 - Loaded plugin ddr (category:tool,tabindex:6)
2024-07-29 11:17:26,210 [INFO] PluginManage:310 - Check plugin filemanager
2024-07-29 11:17:26,454 [INFO] PluginManage:359 - Loaded plugin filemanager (category:base,tabindex:10)
2024-07-29 11:17:26,454 [INFO] PluginManage:310 - Check plugin ipmanager
2024-07-29 11:17:26,471 [INFO] PluginManage:359 - Loaded plugin ipmanager (category:base,tabindex:5)
2024-07-29 11:17:26,471 [INFO] PluginManage:310 - Check plugin lpbam
2024-07-29 11:17:26,485 [INFO] PluginManage:359 - Loaded plugin lpbam (category:base,tabindex:0)
2024-07-29 11:17:26,485 [INFO] PluginManage:310 - Check plugin memorymap
2024-07-29 11:17:26,507 [INFO] PluginManage:359 - Loaded plugin memorymap (category:base,tabindex:4)
2024-07-29 11:17:26,507 [INFO] PluginManage:310 - Check plugin pinoutandconfiguration
2024-07-29 11:17:26,524 [INFO] PluginManage:359 - Loaded plugin pinoutandconfiguration (category:base,tabindex:1)
2024-07-29 11:17:26,524 [INFO] PluginManage:310 - Check plugin pinoutconfig
2024-07-29 11:17:26,671 [WARN] SupportedApi:132 - Cannot load RTOS API schema: s4s-elt-must-match.1: The content of 'definitions' must match (annotation?, (simpleType | complexType)?, (unique | key | keyref)*)). A problem was found starting at: attribute.
2024-07-29 11:17:26,974 [INFO] PluginManage:359 - Loaded plugin pinoutconfig (category:base,tabindex:0)
2024-07-29 11:17:26,974 [INFO] PluginManage:310 - Check plugin power
2024-07-29 11:17:27,014 [INFO] PluginManage:359 - Loaded plugin power (category:power,tabindex:4)
2024-07-29 11:17:27,014 [INFO] PluginManage:310 - Check plugin projectmanager
2024-07-29 11:17:27,062 [INFO] PluginManage:359 - Loaded plugin projectmanager (category:projectmanager,tabindex:3)
2024-07-29 11:17:27,062 [INFO] PluginManage:310 - Check plugin thirdparty
2024-07-29 11:17:27,373 [WARN] IntegrityCheckThread:84 - waiting for thirdparty lock release [integrity check]
2024-07-29 11:17:27,373 [INFO] PluginManage:359 - Loaded plugin thirdparty (category:base,tabindex:-1)
2024-07-29 11:17:27,373 [INFO] IntegrityCheckThread:86 - entering critical section [integrity check]
2024-07-29 11:17:27,374 [INFO] PluginManage:310 - Check plugin tools
2024-07-29 11:17:27,375 [INFO] ThirdPartyUpdaterWithRetryManager:70 - Updater plugin not ready yet. [1/15]
2024-07-29 11:17:27,378 [INFO] PluginManage:359 - Loaded plugin tools (category:base,tabindex:7)
2024-07-29 11:17:27,378 [INFO] PluginManage:310 - Check plugin tutovideos
2024-07-29 11:17:27,844 [INFO] PluginManage:359 - Loaded plugin tutovideos (category:base,tabindex:-1)
2024-07-29 11:17:27,845 [INFO] PluginManage:310 - Check plugin updater
2024-07-29 11:17:27,862 [INFO] PluginManage:359 - Loaded plugin updater (category:base,tabindex:12)
2024-07-29 11:17:27,863 [INFO] PluginManage:310 - Check plugin userauth
2024-07-29 11:17:27,870 [INFO] UserAuth:114 - Init User Auth plugin
2024-07-29 11:17:27,870 [INFO] PluginManage:359 - Loaded plugin userauth (category:base,tabindex:14)
2024-07-29 11:17:27,871 [INFO] PluginManage:283 - PluginManage : Loaded plugins [17]
2024-07-29 11:17:28,251 [INFO] PinOutPanel:1561 - setPackage(No Configuration,No Configuration)
2024-07-29 11:17:28,380 [INFO] CADModel:165 - CPN selected for project level
2024-07-29 11:17:28,381 [INFO] CADModel:114 - Register for checkConnection events
2024-07-29 11:17:28,405 [INFO] IPUIPlugin:80 - create IPUIPlugin
2024-07-29 11:17:28,406 [INFO] PluginManager:220 - loadIPPluginJar : add adc
2024-07-29 11:17:28,410 [INFO] IPUIPlugin:80 - create IPUIPlugin
2024-07-29 11:17:28,410 [INFO] PluginManager:220 - loadIPPluginJar : add aes
2024-07-29 11:17:28,416 [INFO] IPUIPlugin:80 - create IPUIPlugin
2024-07-29 11:17:28,416 [INFO] PluginManager:220 - loadIPPluginJar : add can
2024-07-29 11:17:28,418 [INFO] IPUIPlugin:80 - create IPUIPlugin
2024-07-29 11:17:28,418 [INFO] PluginManager:220 - loadIPPluginJar : add comp
2024-07-29 11:17:28,423 [INFO] IPUIPlugin:80 - create IPUIPlugin
2024-07-29 11:17:28,423 [INFO] PluginManager:220 - loadIPPluginJar : add cryp
2024-07-29 11:17:28,427 [INFO] IPUIPlugin:80 - create IPUIPlugin
2024-07-29 11:17:28,427 [INFO] PluginManager:220 - loadIPPluginJar : add dfsdm
2024-07-29 11:17:28,434 [INFO] IPUIPlugin:80 - create IPUIPlugin
2024-07-29 11:17:28,435 [INFO] PluginManager:220 - loadIPPluginJar : add dma
2024-07-29 11:17:28,438 [INFO] IPUIPlugin:80 - create IPUIPlugin
2024-07-29 11:17:28,438 [INFO] PluginManager:220 - loadIPPluginJar : add dma3
2024-07-29 11:17:28,448 [INFO] IPUIPlugin:80 - create IPUIPlugin
2024-07-29 11:17:28,448 [INFO] PluginManager:220 - loadIPPluginJar : add extmemmanager
2024-07-29 11:17:28,451 [INFO] IPUIPlugin:80 - create IPUIPlugin
2024-07-29 11:17:28,451 [INFO] PluginManager:220 - loadIPPluginJar : add fatfs
2024-07-29 11:17:28,457 [INFO] IPUIPlugin:80 - create IPUIPlugin
2024-07-29 11:17:28,457 [INFO] PluginManager:220 - loadIPPluginJar : add fmc
2024-07-29 11:17:28,465 [INFO] IPUIPlugin:80 - create IPUIPlugin
2024-07-29 11:17:28,465 [INFO] PluginManager:220 - loadIPPluginJar : add freertos
2024-07-29 11:17:28,468 [INFO] IPUIPlugin:80 - create IPUIPlugin
2024-07-29 11:17:28,469 [INFO] PluginManager:220 - loadIPPluginJar : add genericplugin
2024-07-29 11:17:28,472 [INFO] IPUIPlugin:80 - create IPUIPlugin
2024-07-29 11:17:28,472 [INFO] PluginManager:220 - loadIPPluginJar : add gfxmmu
2024-07-29 11:17:28,478 [INFO] IPUIPlugin:80 - create IPUIPlugin
2024-07-29 11:17:28,479 [INFO] PluginManager:220 - loadIPPluginJar : add gic
2024-07-29 11:17:28,484 [INFO] IPUIPlugin:80 - create IPUIPlugin
2024-07-29 11:17:28,484 [INFO] PluginManager:220 - loadIPPluginJar : add gpio
2024-07-29 11:17:28,489 [INFO] IPUIPlugin:80 - create IPUIPlugin
2024-07-29 11:17:28,489 [INFO] PluginManager:220 - loadIPPluginJar : add gtzc
2024-07-29 11:17:28,493 [INFO] IPUIPlugin:80 - create IPUIPlugin
2024-07-29 11:17:28,494 [INFO] PluginManager:220 - loadIPPluginJar : add hash
2024-07-29 11:17:28,497 [INFO] IPUIPlugin:80 - create IPUIPlugin
2024-07-29 11:17:28,497 [INFO] PluginManager:220 - loadIPPluginJar : add i2c
2024-07-29 11:17:28,501 [INFO] IPUIPlugin:80 - create IPUIPlugin
2024-07-29 11:17:28,501 [INFO] PluginManager:220 - loadIPPluginJar : add i2s
2024-07-29 11:17:28,505 [INFO] IPUIPlugin:80 - create IPUIPlugin
2024-07-29 11:17:28,505 [INFO] PluginManager:220 - loadIPPluginJar : add i3c
2024-07-29 11:17:28,510 [INFO] IPUIPlugin:80 - create IPUIPlugin
2024-07-29 11:17:28,511 [INFO] PluginManager:220 - loadIPPluginJar : add ipddr
2024-07-29 11:17:28,518 [INFO] IPUIPlugin:80 - create IPUIPlugin
2024-07-29 11:17:28,518 [INFO] PluginManager:220 - loadIPPluginJar : add linkedlist
2024-07-29 11:17:28,524 [INFO] IPUIPlugin:80 - create IPUIPlugin
2024-07-29 11:17:28,524 [INFO] PluginManager:220 - loadIPPluginJar : add lorawan
2024-07-29 11:17:28,526 [INFO] IPUIPlugin:80 - create IPUIPlugin
2024-07-29 11:17:28,527 [INFO] PluginManager:220 - loadIPPluginJar : add ltdc
2024-07-29 11:17:28,535 [INFO] IPUIPlugin:80 - create IPUIPlugin
2024-07-29 11:17:28,535 [INFO] PluginManager:220 - loadIPPluginJar : add mdma
2024-07-29 11:17:28,540 [INFO] IPUIPlugin:80 - create IPUIPlugin
2024-07-29 11:17:28,540 [INFO] PluginManager:220 - loadIPPluginJar : add nvic
2024-07-29 11:17:28,544 [INFO] IPUIPlugin:80 - create IPUIPlugin
2024-07-29 11:17:28,544 [INFO] PluginManager:220 - loadIPPluginJar : add opamp
2024-07-29 11:17:28,550 [INFO] IPUIPlugin:80 - create IPUIPlugin
2024-07-29 11:17:28,550 [INFO] PluginManager:220 - loadIPPluginJar : add openamp
2024-07-29 11:17:28,555 [INFO] IPUIPlugin:80 - create IPUIPlugin
2024-07-29 11:17:28,555 [INFO] PluginManager:220 - loadIPPluginJar : add pdm2pcm
2024-07-29 11:17:28,566 [INFO] IPUIPlugin:80 - create IPUIPlugin
2024-07-29 11:17:28,571 [INFO] PluginManager:220 - loadIPPluginJar : add plateformsettings
2024-07-29 11:17:28,575 [INFO] IPUIPlugin:80 - create IPUIPlugin
2024-07-29 11:17:28,575 [INFO] PluginManager:220 - loadIPPluginJar : add quadspi
2024-07-29 11:17:28,580 [INFO] IPUIPlugin:80 - create IPUIPlugin
2024-07-29 11:17:28,580 [INFO] PluginManager:220 - loadIPPluginJar : add resmgrutility
2024-07-29 11:17:28,584 [INFO] IPUIPlugin:80 - create IPUIPlugin
2024-07-29 11:17:28,584 [INFO] PluginManager:220 - loadIPPluginJar : add sai
2024-07-29 11:17:28,589 [INFO] IPUIPlugin:80 - create IPUIPlugin
2024-07-29 11:17:28,589 [INFO] PluginManager:220 - loadIPPluginJar : add spi
2024-07-29 11:17:28,598 [INFO] IPUIPlugin:80 - create IPUIPlugin
2024-07-29 11:17:28,598 [INFO] PluginManager:220 - loadIPPluginJar : add stm32_wpan
2024-07-29 11:17:28,603 [INFO] IPUIPlugin:80 - create IPUIPlugin
2024-07-29 11:17:28,603 [INFO] PluginManager:220 - loadIPPluginJar : add tim
2024-07-29 11:17:28,609 [INFO] IPUIPlugin:80 - create IPUIPlugin
2024-07-29 11:17:28,610 [INFO] PluginManager:220 - loadIPPluginJar : add touchsensing
2024-07-29 11:17:28,614 [INFO] IPUIPlugin:80 - create IPUIPlugin
2024-07-29 11:17:28,614 [INFO] PluginManager:220 - loadIPPluginJar : add tracer_emb
2024-07-29 11:17:28,617 [INFO] IPUIPlugin:80 - create IPUIPlugin
2024-07-29 11:17:28,618 [INFO] PluginManager:220 - loadIPPluginJar : add ts
2024-07-29 11:17:28,620 [INFO] IPUIPlugin:80 - create IPUIPlugin
2024-07-29 11:17:28,620 [INFO] PluginManager:220 - loadIPPluginJar : add tsc
2024-07-29 11:17:28,625 [INFO] IPUIPlugin:80 - create IPUIPlugin
2024-07-29 11:17:28,625 [INFO] PluginManager:220 - loadIPPluginJar : add ucpd
2024-07-29 11:17:28,631 [INFO] IPUIPlugin:80 - create IPUIPlugin
2024-07-29 11:17:28,631 [INFO] PluginManager:220 - loadIPPluginJar : add usart
2024-07-29 11:17:28,638 [INFO] IPUIPlugin:80 - create IPUIPlugin
2024-07-29 11:17:28,639 [INFO] PluginManager:220 - loadIPPluginJar : add usbx
2024-07-29 11:17:28,817 [INFO] CADModel:165 - CPN selected for project level
2024-07-29 11:17:28,817 [INFO] CADModel:114 - Register for checkConnection events
2024-07-29 11:17:28,818 [FATAL] Updater:308 - Updater called before beeing initialized
2024-07-29 11:17:28,818 [ERROR] CADModel:125 - Updater not yet initialized, retry later 
2024-07-29 11:17:29,051 [INFO] CADModel:165 - CPN selected for project level
2024-07-29 11:17:29,051 [INFO] CADModel:114 - Register for checkConnection events
2024-07-29 11:17:29,051 [FATAL] Updater:308 - Updater called before beeing initialized
2024-07-29 11:17:29,051 [ERROR] CADModel:125 - Updater not yet initialized, retry later 
2024-07-29 11:17:29,057 [FATAL] Updater:308 - Updater called before beeing initialized
2024-07-29 11:17:29,242 [FATAL] Updater:308 - Updater called before beeing initialized
2024-07-29 11:17:29,257 [INFO] DbMcusAds:53 - JSON generation date=Thu May 16 11:22:01 CEST 2024 (1715851321109)
2024-07-29 11:17:29,258 [FATAL] Updater:308 - Updater called before beeing initialized
2024-07-29 11:17:29,317 [WARN] DetailPanel:346 - Failed to get advertising image, set to default
2024-07-29 11:17:29,528 [FATAL] Updater:308 - Updater called before beeing initialized
2024-07-29 11:17:29,532 [FATAL] Updater:308 - Updater called before beeing initialized
2024-07-29 11:17:29,532 [FATAL] Updater:308 - Updater called before beeing initialized
2024-07-29 11:17:29,533 [WARN] DetailPanel:346 - Failed to get advertising image, set to default
2024-07-29 11:17:29,533 [FATAL] Updater:308 - Updater called before beeing initialized
2024-07-29 11:17:29,605 [ERROR] Updater:1120 - MainUpdater not yet initialized. External WinMGr cannot be set.
2024-07-29 11:17:29,608 [INFO] Updater:1056 - Updater Version found : 6.11.1
2024-07-29 11:17:29,633 [INFO] ApplicationProperties:184 - Using Application install path: C:\ST\STM32CubeIDE_1.15.1\STM32CubeIDE\plugins\com.st.stm32cube.common.mx_6.11.1.202404110753
2024-07-29 11:17:30,375 [INFO] ThirdPartyUpdaterWithRetryManager:70 - Updater plugin not ready yet. [2/15]
2024-07-29 11:17:31,228 [ERROR] LogOutputStream:75 - [STDERR_REDIRECT] Jul 29, 2024 11:17:31 AM java.util.prefs.WindowsPreferences <init>
2024-07-29 11:17:31,230 [ERROR] LogOutputStream:75 - [STDERR_REDIRECT] WARNING: Could not open/create prefs root node Software\JavaSoft\Prefs at root 0xffffffff80000002. Windows RegCreateKeyEx(...) returned error code 5.
2024-07-29 11:17:31,231 [ERROR] LogOutputStream:75 - [STDERR_REDIRECT] 
2024-07-29 11:17:31,679 [INFO] MainUpdater:2873 - connection check result : 10
2024-07-29 11:17:31,681 [INFO] MainUpdater:290 - Updater Check For Update Now.
2024-07-29 11:17:31,681 [INFO] MicroXplorer:498 - Change Database Version : DB.6.0.111
2024-07-29 11:17:31,690 [INFO] McuFinderGlobals:63 - Set McuFinder mode to 2 (CubeIDE integrated)
2024-07-29 11:17:31,700 [INFO] UserAuth:415 - Internet connection configuration mode: 1
2024-07-29 11:17:31,723 [INFO] JxBrowserEngine:152 - Initiate JxBrowser Engine with user profile folder
2024-07-29 11:17:31,911 [INFO] CheckServerUpdateThread:120 - End of CheckServer Thread
2024-07-29 11:17:32,965 [INFO] WebApp:161 - Instantiating new browser for Auth
2024-07-29 11:17:33,761 [WARN] PackLoader:240 - Cannot read IP mode file for STMicroelectronics.FP-SNS-MOTENVWB1.1.4.0
2024-07-29 11:17:33,788 [WARN] PackLoader:240 - Cannot read IP mode file for STMicroelectronics.X-CUBE-SMBUS.2.1.0
2024-07-29 11:17:33,797 [WARN] PackLoader:240 - Cannot read IP mode file for STMicroelectronics.X-CUBE-TOUCHGFX.4.23.2
2024-07-29 11:17:33,849 [WARN] PackLoader:240 - Cannot read IP mode file for STMicroelectronics.X-CUBE-AZRTOS-F7.1.1.0
2024-07-29 11:17:33,868 [WARN] PackLoader:240 - Cannot read IP mode file for STMicroelectronics.FP-SNS-FLIGHT1.5.0.2
2024-07-29 11:17:33,886 [WARN] PackLoader:240 - Cannot read IP mode file for STMicroelectronics.X-CUBE-DISPLAY.3.0.0
2024-07-29 11:17:33,910 [WARN] PackLoader:240 - Cannot read IP mode file for STMicroelectronics.X-CUBE-BLE1.7.0.0
2024-07-29 11:17:33,922 [WARN] PackLoader:240 - Cannot read IP mode file for emotas.I-CUBE-CANOPEN.1.3.0
2024-07-29 11:17:33,941 [WARN] PackLoader:240 - Cannot read IP mode file for STMicroelectronics.X-CUBE-BLEMGR.3.1.0
2024-07-29 11:17:33,955 [WARN] PackLoader:240 - Cannot read IP mode file for STMicroelectronics.FP-SNS-SMARTAG2.1.2.0
2024-07-29 11:17:33,976 [INFO] LogOutputStream:77 - [STDOUT_REDIRECT] 1 : Invalid condition id : UX_CORESTACK_Condition cause : null
2024-07-29 11:17:33,978 [INFO] LogOutputStream:77 - [STDOUT_REDIRECT] 1 : Invalid condition id : UX_CORESTACK_Condition cause : null
2024-07-29 11:17:33,980 [INFO] LogOutputStream:77 - [STDOUT_REDIRECT] 1 : Invalid condition id : UX_CORESTACK_Condition cause : null
2024-07-29 11:17:33,981 [INFO] LogOutputStream:77 - [STDOUT_REDIRECT] 1 : Invalid condition id : UX_CORESTACK_Condition cause : null
2024-07-29 11:17:33,983 [INFO] LogOutputStream:77 - [STDOUT_REDIRECT] 1 : Invalid condition id : UX_CORESTACK_Condition cause : null
2024-07-29 11:17:33,988 [WARN] PackLoader:240 - Cannot read IP mode file for STMicroelectronics.X-CUBE-AZRTOS-WL.2.0.0
2024-07-29 11:17:33,998 [WARN] PackLoader:240 - Cannot read IP mode file for STMicroelectronics.FP-SNS-MOTENV1.5.0.0
2024-07-29 11:17:34,008 [WARN] PackLoader:240 - Cannot read IP mode file for wolfSSL.I-CUBE-wolfMQTT.1.19.0
2024-07-29 11:17:34,020 [WARN] PackLoader:240 - Cannot read IP mode file for WES.I-CUBE-Cesium.1.3.0
2024-07-29 11:17:34,029 [WARN] PackLoader:240 - Cannot read IP mode file for STMicroelectronics.X-CUBE-BLE2.3.3.0
2024-07-29 11:17:34,038 [WARN] PackLoader:240 - Cannot read IP mode file for STMicroelectronics.X-CUBE-TCPP.4.1.0
2024-07-29 11:17:34,049 [WARN] PackLoader:240 - Cannot read IP mode file for STMicroelectronics.X-CUBE-ALGOBUILD.1.3.0
2024-07-29 11:17:34,073 [WARN] PackLoader:240 - Cannot read IP mode file for STMicroelectronics.X-CUBE-AZRTOS-G0.1.1.0
2024-07-29 11:17:34,086 [WARN] PackLoader:240 - Cannot read IP mode file for STMicroelectronics.X-CUBE-SAFEA1.1.2.2
2024-07-29 11:17:34,095 [WARN] PackLoader:240 - Cannot read IP mode file for STMicroelectronics.X-CUBE-NFC4.3.0.0
2024-07-29 11:17:34,111 [WARN] PackLoader:240 - Cannot read IP mode file for EmbeddedOffice.I-CUBE-FS-RTOS.1.0.1
2024-07-29 11:17:34,111 [ERROR] ConditionMgr:805 - Attr not supported : Dmpu
2024-07-29 11:17:34,112 [ERROR] ConditionMgr:805 - Attr not supported : Dmpu
2024-07-29 11:17:34,112 [ERROR] ConditionMgr:805 - Attr not supported : Dmpu
2024-07-29 11:17:34,112 [ERROR] ConditionMgr:805 - Attr not supported : Dmpu
2024-07-29 11:17:34,112 [ERROR] ConditionMgr:805 - Attr not supported : Dmpu
2024-07-29 11:17:34,112 [ERROR] ConditionMgr:805 - Attr not supported : Dmpu
2024-07-29 11:17:34,112 [ERROR] ConditionMgr:805 - Attr not supported : Dmpu
2024-07-29 11:17:34,112 [ERROR] ConditionMgr:805 - Attr not supported : Dmpu
2024-07-29 11:17:34,113 [ERROR] ConditionMgr:805 - Attr not supported : Dmpu
2024-07-29 11:17:34,113 [ERROR] ConditionMgr:805 - Attr not supported : Dmpu
2024-07-29 11:17:34,113 [ERROR] ConditionMgr:805 - Attr not supported : Dmpu
2024-07-29 11:17:34,113 [ERROR] ConditionMgr:805 - Attr not supported : Dmpu
2024-07-29 11:17:34,113 [ERROR] ConditionMgr:805 - Attr not supported : Dmpu
2024-07-29 11:17:34,113 [ERROR] ConditionMgr:805 - Attr not supported : Dmpu
2024-07-29 11:17:34,113 [ERROR] ConditionMgr:805 - Attr not supported : Dmpu
2024-07-29 11:17:34,113 [ERROR] ConditionMgr:805 - Attr not supported : Dmpu
2024-07-29 11:17:34,114 [ERROR] ConditionMgr:805 - Attr not supported : Dmpu
2024-07-29 11:17:34,114 [ERROR] ConditionMgr:805 - Attr not supported : Dmpu
2024-07-29 11:17:34,114 [ERROR] ConditionMgr:805 - Attr not supported : Dmpu
2024-07-29 11:17:34,114 [ERROR] ConditionMgr:805 - Attr not supported : Dmpu
2024-07-29 11:17:34,114 [ERROR] ConditionMgr:805 - Attr not supported : Dmpu
2024-07-29 11:17:34,114 [ERROR] ConditionMgr:805 - Attr not supported : Dmpu
2024-07-29 11:17:34,114 [ERROR] ConditionMgr:805 - Attr not supported : Dmpu
2024-07-29 11:17:34,115 [ERROR] ConditionMgr:805 - Attr not supported : Dmpu
2024-07-29 11:17:34,115 [ERROR] ConditionMgr:805 - Attr not supported : Dmpu
2024-07-29 11:17:34,115 [ERROR] ConditionMgr:805 - Attr not supported : Dmpu
2024-07-29 11:17:34,115 [ERROR] ConditionMgr:805 - Attr not supported : Dmpu
2024-07-29 11:17:34,115 [ERROR] ConditionMgr:805 - Attr not supported : Dmpu
2024-07-29 11:17:34,115 [ERROR] ConditionMgr:805 - Attr not supported : Dmpu
2024-07-29 11:17:34,115 [ERROR] ConditionMgr:805 - Attr not supported : Dmpu
2024-07-29 11:17:34,116 [ERROR] ConditionMgr:805 - Attr not supported : Dmpu
2024-07-29 11:17:34,116 [ERROR] ConditionMgr:805 - Attr not supported : Dmpu
2024-07-29 11:17:34,116 [ERROR] ConditionMgr:805 - Attr not supported : Dmpu
2024-07-29 11:17:34,116 [ERROR] ConditionMgr:805 - Attr not supported : Dmpu
2024-07-29 11:17:34,116 [ERROR] ConditionMgr:805 - Attr not supported : Dmpu
2024-07-29 11:17:34,116 [ERROR] ConditionMgr:805 - Attr not supported : Dmpu
2024-07-29 11:17:34,116 [ERROR] ConditionMgr:805 - Attr not supported : Dmpu
2024-07-29 11:17:34,117 [ERROR] ConditionMgr:805 - Attr not supported : Dmpu
2024-07-29 11:17:34,117 [ERROR] ConditionMgr:805 - Attr not supported : Dmpu
2024-07-29 11:17:34,118 [ERROR] ConditionMgr:805 - Attr not supported : Dmpu
2024-07-29 11:17:34,118 [ERROR] ConditionMgr:805 - Attr not supported : Dmpu
2024-07-29 11:17:34,118 [ERROR] ConditionMgr:805 - Attr not supported : Dmpu
2024-07-29 11:17:34,119 [ERROR] ConditionMgr:805 - Attr not supported : Dmpu
2024-07-29 11:17:34,119 [ERROR] ConditionMgr:805 - Attr not supported : Dmpu
2024-07-29 11:17:34,119 [ERROR] ConditionMgr:805 - Attr not supported : Dmpu
2024-07-29 11:17:34,119 [ERROR] ConditionMgr:805 - Attr not supported : Dmpu
2024-07-29 11:17:34,119 [ERROR] ConditionMgr:805 - Attr not supported : Dmpu
2024-07-29 11:17:34,120 [ERROR] ConditionMgr:805 - Attr not supported : Dmpu
2024-07-29 11:17:34,120 [ERROR] ConditionMgr:805 - Attr not supported : Dmpu
2024-07-29 11:17:34,120 [ERROR] ConditionMgr:805 - Attr not supported : Dmpu
2024-07-29 11:17:34,120 [ERROR] ConditionMgr:805 - Attr not supported : Dmpu
2024-07-29 11:17:34,120 [ERROR] ConditionMgr:805 - Attr not supported : Dmpu
2024-07-29 11:17:34,121 [ERROR] ConditionMgr:805 - Attr not supported : Dmpu
2024-07-29 11:17:34,121 [ERROR] ConditionMgr:805 - Attr not supported : Dmpu
2024-07-29 11:17:34,121 [ERROR] ConditionMgr:805 - Attr not supported : Dmpu
2024-07-29 11:17:34,121 [ERROR] ConditionMgr:805 - Attr not supported : Dmpu
2024-07-29 11:17:34,121 [ERROR] ConditionMgr:805 - Attr not supported : Dmpu
2024-07-29 11:17:34,122 [ERROR] ConditionMgr:805 - Attr not supported : Dmpu
2024-07-29 11:17:34,122 [ERROR] ConditionMgr:805 - Attr not supported : Dmpu
2024-07-29 11:17:34,122 [ERROR] ConditionMgr:805 - Attr not supported : Dmpu
2024-07-29 11:17:34,122 [ERROR] ConditionMgr:805 - Attr not supported : Dmpu
2024-07-29 11:17:34,122 [ERROR] ConditionMgr:805 - Attr not supported : Dmpu
2024-07-29 11:17:34,122 [ERROR] ConditionMgr:805 - Attr not supported : Dmpu
2024-07-29 11:17:34,122 [ERROR] ConditionMgr:805 - Attr not supported : Dmpu
2024-07-29 11:17:34,133 [WARN] PackLoader:240 - Cannot read IP mode file for RealThread.X-CUBE-RT-Thread_Nano.4.1.1
2024-07-29 11:17:34,140 [WARN] PackLoader:240 - Cannot read IP mode file for wolfSSL.I-CUBE-wolfSSL.5.7.0
2024-07-29 11:17:34,147 [WARN] PackLoader:240 - Cannot read IP mode file for STMicroelectronics.FP-ATR-SIGFOX1.3.2.0
2024-07-29 11:17:34,155 [WARN] PackLoader:240 - Cannot read IP mode file for STMicroelectronics.X-CUBE-EEPRMA1.5.1.0
2024-07-29 11:17:34,166 [WARN] PackLoader:240 - Cannot read IP mode file for ITTIA_DB.I-CUBE-ITTIADB.8.9.0
2024-07-29 11:17:34,201 [WARN] PackLoader:240 - Cannot read IP mode file for SEGGER.I-CUBE-embOS.1.3.1
2024-07-29 11:17:34,262 [WARN] PackLoader:240 - Cannot read IP mode file for STMicroelectronics.X-CUBE-ALGOBUILD.1.4.0
2024-07-29 11:17:34,281 [WARN] PackLoader:240 - Cannot read IP mode file for STMicroelectronics.X-CUBE-GNSS1.6.0.0
2024-07-29 11:17:34,314 [WARN] PackLoader:240 - Cannot read IP mode file for STMicroelectronics.X-CUBE-AZRTOS-F4.1.1.0
2024-07-29 11:17:34,328 [WARN] PackLoader:240 - Cannot read IP mode file for STMicroelectronics.X-CUBE-FREERTOS.1.2.0
2024-07-29 11:17:34,363 [WARN] PackLoader:240 - Cannot read IP mode file for STMicroelectronics.X-CUBE-AZRTOS-L5.2.0.0
2024-07-29 11:17:34,378 [WARN] PackLoader:240 - Cannot read IP mode file for STMicroelectronics.X-CUBE-NFC6.3.1.0
2024-07-29 11:17:34,392 [WARN] PackLoader:240 - Cannot read IP mode file for STMicroelectronics.X-CUBE-DPower.1.2.0
2024-07-29 11:17:34,401 [WARN] PackLoader:240 - Cannot read IP mode file for STMicroelectronics.X-CUBE-AI.9.0.0
2024-07-29 11:17:34,409 [WARN] PackLoader:240 - Cannot read IP mode file for STMicroelectronics.X-CUBE-NFC7.1.0.1
2024-07-29 11:17:34,436 [WARN] PackLoader:240 - Cannot read IP mode file for wolfSSL.I-CUBE-wolfTPM.3.2.0
2024-07-29 11:17:34,479 [INFO] WebApp:779 - Register for checkConnection events
2024-07-29 11:17:34,482 [INFO] WebApp:414 - Apply proxy settings
2024-07-29 11:17:34,482 [WARN] ConditionMgr:438 - getConditionDescription Invalid condition id : LAN8742 Phy interface Condition cause : null
2024-07-29 11:17:34,483 [INFO] WebApp:499 - Chromium requires no authentication
2024-07-29 11:17:34,484 [WARN] PackLoader:240 - Cannot read IP mode file for STMicroelectronics.X-CUBE-AZRTOS-L4.2.0.0
2024-07-29 11:17:34,486 [WARN] ConditionMgr:1039 - genDependencies : Invalid condition id : LAN8742 Phy interface Condition cause : null
2024-07-29 11:17:34,486 [WARN] ConditionMgr:1039 - genDependencies : Invalid condition id : LAN8742 Phy interface Condition cause : null
2024-07-29 11:17:34,488 [WARN] ConditionMgr:1039 - genDependencies : Invalid condition id : LAN8742 Phy interface Condition cause : null
2024-07-29 11:17:34,505 [WARN] PackLoader:240 - Cannot read IP mode file for STMicroelectronics.X-CUBE-SFXS2LP1.4.0.0
2024-07-29 11:17:34,511 [INFO] WebApp:442 - Direct internet connection detected
2024-07-29 11:17:34,523 [WARN] ConditionMgr:438 - getConditionDescription Invalid condition id : UX DEVICE CLASS RTOS Condition cause : null
2024-07-29 11:17:34,523 [WARN] ConditionMgr:438 - getConditionDescription Invalid condition id : UX DEVICE CLASS RTOS Condition cause : null
2024-07-29 11:17:34,525 [WARN] PackLoader:240 - Cannot read IP mode file for STMicroelectronics.X-CUBE-AZRTOS-WB.2.0.0
2024-07-29 11:17:34,526 [WARN] ConditionMgr:1039 - genDependencies : Invalid condition id : UX DEVICE CLASS RTOS Condition cause : null
2024-07-29 11:17:34,526 [WARN] ConditionMgr:1039 - genDependencies : Invalid condition id : UX DEVICE CLASS RTOS Condition cause : null
2024-07-29 11:17:34,527 [WARN] ConditionMgr:1039 - genDependencies : Invalid condition id : UX DEVICE CLASS RTOS Condition cause : null
2024-07-29 11:17:34,527 [WARN] ConditionMgr:1039 - genDependencies : Invalid condition id : UX DEVICE CLASS RTOS Condition cause : null
2024-07-29 11:17:34,527 [WARN] ConditionMgr:1039 - genDependencies : Invalid condition id : UX DEVICE CLASS RTOS Condition cause : null
2024-07-29 11:17:34,536 [WARN] PackLoader:240 - Cannot read IP mode file for STMicroelectronics.FP-SNS-STBOX1.2.0.0
2024-07-29 11:17:34,551 [WARN] PackLoader:240 - Cannot read IP mode file for STMicroelectronics.X-CUBE-SUBG2.5.0.0
2024-07-29 11:17:34,573 [WARN] PackLoader:240 - Cannot read IP mode file for STMicroelectronics.X-CUBE-AZRTOS-G4.2.0.0
2024-07-29 11:17:34,579 [WARN] PackLoader:240 - Cannot read IP mode file for STMicroelectronics.X-CUBE-ISPU.2.0.0
2024-07-29 11:17:34,584 [WARN] PackLoader:240 - Cannot read IP mode file for STMicroelectronics.X-CUBE-ALS.1.0.2
2024-07-29 11:17:34,630 [WARN] PackLoader:240 - Cannot read IP mode file for STMicroelectronics.X-CUBE-MEMS1.10.0.0
2024-07-29 11:17:34,814 [WARN] PackLoader:240 - Cannot read IP mode file for STMicroelectronics.X-CUBE-TOUCHGFX.4.24.0
2024-07-29 11:17:34,822 [WARN] PackLoader:240 - Cannot read IP mode file for portGmbH.I-Cube-SoM-uGOAL.1.1.0
2024-07-29 11:17:34,826 [WARN] PackLoader:240 - Cannot read IP mode file for STMicroelectronics.X-CUBE-ALS.1.0.1
2024-07-29 11:17:34,848 [WARN] PackLoader:240 - Cannot read IP mode file for STMicroelectronics.X-CUBE-AZRTOS-H7RS.1.0.0
2024-07-29 11:17:34,856 [WARN] PackLoader:240 - Cannot read IP mode file for STMicroelectronics.FP-ATR-ASTRA1.2.0.0
2024-07-29 11:17:34,870 [WARN] PackLoader:240 - Cannot read IP mode file for STMicroelectronics.X-CUBE-TOF1.3.4.2
2024-07-29 11:17:34,897 [WARN] PackLoader:240 - Cannot read IP mode file for STMicroelectronics.X-CUBE-TOF1.3.4.1
2024-07-29 11:17:34,927 [WARN] PackLoader:240 - Cannot read IP mode file for STMicroelectronics.X-CUBE-AZRTOS-H7.3.2.0
2024-07-29 11:17:34,950 [WARN] PackLoader:240 - Cannot read IP mode file for Infineon.AIROC-Wi-Fi-Bluetooth-STM32.1.6.0
2024-07-29 11:17:34,958 [WARN] PackLoader:240 - Cannot read IP mode file for wolfSSL.I-CUBE-wolfSSH.1.4.17
2024-07-29 11:17:34,959 [INFO] ThirdParty:978 - Integrity check success = true
2024-07-29 11:17:34,959 [INFO] IntegrityCheckThread:100 - exiting critical section [integrity check]
2024-07-29 11:17:34,959 [INFO] IntegrityCheckThread:103 - End integrity checks thread
2024-07-29 11:17:34,973 [INFO] WebApp:192 - Starting web application
2024-07-29 11:17:34,975 [INFO] WebApp:544 - Web application path used C:\ST\STM32CubeIDE_1.15.1\STM32CubeIDE\plugins\com.st.stm32cube.common.mx_6.11.1.202404110753\db\plugins\mcufinder\reactClient1\index.html
2024-07-29 11:21:52,383 [ERROR] LogOutputStream:75 - [STDERR_REDIRECT] 
2024-07-29 11:21:52,384 [ERROR] LogOutputStream:75 - [STDERR_REDIRECT] 
