2024-07-14 10:24:23,860 [INFO] Activator:176 - 


2024-07-14 10:24:23,860 [INFO] Activator:177 - !SESSION log4j initialized
2024-07-14 10:24:29,842 [INFO] LogOutputStream:77 - [STDOUT_REDIRECT] 
2024-07-14 10:24:32,195 [INFO] ApplicationProperties:184 - Using Application install path: C:\ST\STM32CubeIDE_1.15.1\STM32CubeIDE\plugins\com.st.stm32cube.common.mx_6.11.1.202404110753
2024-07-14 10:24:32,224 [INFO] DbMcusXml:78 - Set database path to: C:\ST\STM32CubeIDE_1.15.1\STM32CubeIDE\plugins\com.st.stm32cube.common.mx_6.11.1.202404110753\\db\/mcu/
2024-07-14 10:24:32,224 [INFO] ApiDb:274 - Set plugin database path to: C:\ST\STM32CubeIDE_1.15.1\STM32CubeIDE\plugins\com.st.stm32cube.common.mx_6.11.1.202404110753\\db\/plugins/boardmanager/
2024-07-14 10:24:32,225 [WARN] ApiDb:259 - Overriding images path with different value:  => C:\ST\STM32CubeIDE_1.15.1\STM32CubeIDE\plugins\com.st.stm32cube.common.mx_6.11.1.202404110753\\db\/plugins/mcufinder/images/
2024-07-14 10:24:32,242 [INFO] ApiDb:250 - Set database path to: C:\Users\dbank\.stmcufinder\plugins\mcufinder//mcu/
2024-07-14 10:24:32,244 [INFO] DbMcusAds:125 - Set database path to: C:\Users\dbank\.stmcufinder\plugins\mcufinder//mcu/
2024-07-14 10:24:32,247 [INFO] CrossReferenceDbSqlite:203 - Set database path to: C:\Users\dbank\.stmcufinder\plugins\mcufinder//mcu/cs/
2024-07-14 10:24:32,435 [INFO] RulesReader:64 - Compatibility file has been processed (297 Rules)
2024-07-14 10:24:32,586 [INFO] DbMcusXml:78 - Set database path to: C:\ST\STM32CubeIDE_1.15.1\STM32CubeIDE\plugins\com.st.stm32cube.common.mx_6.11.1.202404110753\\db\/mcu/
2024-07-14 10:24:32,586 [INFO] ApiDb:274 - Set plugin database path to: C:\ST\STM32CubeIDE_1.15.1\STM32CubeIDE\plugins\com.st.stm32cube.common.mx_6.11.1.202404110753\\db\/plugins/boardmanager/
2024-07-14 10:24:32,586 [INFO] ApiDb:261 - Set plugin images path to: C:\ST\STM32CubeIDE_1.15.1\STM32CubeIDE\plugins\com.st.stm32cube.common.mx_6.11.1.202404110753\\db\/plugins/mcufinder/images/
2024-07-14 10:24:32,586 [WARN] DbFile:41 - Overriding database path with different value: C:\Users\dbank\.stmcufinder\plugins\mcufinder/ => C:\Users\dbank\.stmcufinder\plugins\mcufinder
2024-07-14 10:24:32,586 [INFO] ApiDb:250 - Set database path to: C:\Users\dbank\.stmcufinder\plugins\mcufinder//mcu/
2024-07-14 10:24:32,586 [WARN] DbFile:41 - Overriding database path with different value: C:\Users\dbank\.stmcufinder\plugins\mcufinder/ => C:\Users\dbank\.stmcufinder\plugins\mcufinder
2024-07-14 10:24:32,586 [INFO] DbMcusAds:125 - Set database path to: C:\Users\dbank\.stmcufinder\plugins\mcufinder//mcu/
2024-07-14 10:24:32,587 [WARN] DbFile:41 - Overriding database path with different value: C:\Users\dbank\.stmcufinder\plugins\mcufinder/ => C:\Users\dbank\.stmcufinder\plugins\mcufinder
2024-07-14 10:24:32,587 [WARN] DbFile:41 - Overriding database path with different value: C:\Users\dbank\.stmcufinder\plugins\mcufinder/ => C:\Users\dbank\.stmcufinder\plugins\mcufinder
2024-07-14 10:24:32,587 [INFO] CrossReferenceDbSqlite:203 - Set database path to: C:\Users\dbank\.stmcufinder\plugins\mcufinder//mcu/cs/
2024-07-14 10:24:32,704 [INFO] MainPanel:264 - HeapMemory: 268435456
2024-07-14 10:24:32,861 [INFO] DbMcusXml:78 - Set database path to: C:\ST\STM32CubeIDE_1.15.1\STM32CubeIDE\plugins\com.st.stm32cube.common.mx_6.11.1.202404110753\\db\/mcu/
2024-07-14 10:24:32,861 [INFO] ApiDb:274 - Set plugin database path to: C:\ST\STM32CubeIDE_1.15.1\STM32CubeIDE\plugins\com.st.stm32cube.common.mx_6.11.1.202404110753\\db\/plugins/boardmanager/
2024-07-14 10:24:32,861 [INFO] ApiDb:261 - Set plugin images path to: C:\ST\STM32CubeIDE_1.15.1\STM32CubeIDE\plugins\com.st.stm32cube.common.mx_6.11.1.202404110753\\db\/plugins/mcufinder/images/
2024-07-14 10:24:32,862 [WARN] DbFile:41 - Overriding database path with different value: C:\Users\dbank\.stmcufinder\plugins\mcufinder/ => C:\Users\dbank\.stmcufinder\plugins\mcufinder
2024-07-14 10:24:32,862 [INFO] ApiDb:250 - Set database path to: C:\Users\dbank\.stmcufinder\plugins\mcufinder//mcu/
2024-07-14 10:24:32,862 [WARN] DbFile:41 - Overriding database path with different value: C:\Users\dbank\.stmcufinder\plugins\mcufinder/ => C:\Users\dbank\.stmcufinder\plugins\mcufinder
2024-07-14 10:24:32,862 [INFO] DbMcusAds:125 - Set database path to: C:\Users\dbank\.stmcufinder\plugins\mcufinder//mcu/
2024-07-14 10:24:32,862 [WARN] DbFile:41 - Overriding database path with different value: C:\Users\dbank\.stmcufinder\plugins\mcufinder/ => C:\Users\dbank\.stmcufinder\plugins\mcufinder
2024-07-14 10:24:32,863 [WARN] DbFile:41 - Overriding database path with different value: C:\Users\dbank\.stmcufinder\plugins\mcufinder/ => C:\Users\dbank\.stmcufinder\plugins\mcufinder
2024-07-14 10:24:32,863 [INFO] CrossReferenceDbSqlite:203 - Set database path to: C:\Users\dbank\.stmcufinder\plugins\mcufinder//mcu/cs/
2024-07-14 10:24:32,896 [INFO] ApplicationProperties:184 - Using Application install path: C:\ST\STM32CubeIDE_1.15.1\STM32CubeIDE\plugins\com.st.stm32cube.common.mx_6.11.1.202404110753
2024-07-14 10:24:32,900 [INFO] PluginManage:196 - Search for loadable plugins [exclusion list=, ]
2024-07-14 10:24:32,903 [INFO] PluginManage:310 - Check plugin analytics
2024-07-14 10:24:33,304 [INFO] AnalyticsPlugin:253 - Accepted Software Licenses: STM32CubeMX.6.11.1
2024-07-14 10:24:33,304 [INFO] AnalyticsPlugin:255 - Accepted CMSIS Pack Licenses: 
2024-07-14 10:24:33,304 [INFO] AnalyticsPlugin:257 - Accepted Firmware Licenses: FW.H7.1.11.0,FW.H7.1.10.0,FW.L4.1.18.0
2024-07-14 10:24:33,308 [INFO] PluginManage:359 - Loaded plugin analytics (category:tool,tabindex:-1)
2024-07-14 10:24:33,308 [INFO] PluginManage:310 - Check plugin cadmodel
2024-07-14 10:24:33,331 [INFO] CADModel:105 - Init CAD model plugin
2024-07-14 10:24:33,331 [INFO] PluginManage:359 - Loaded plugin cadmodel (category:power,tabindex:5)
2024-07-14 10:24:33,333 [INFO] PluginManage:310 - Check plugin clock
2024-07-14 10:24:33,363 [INFO] PluginManage:359 - Loaded plugin clock (category:base,tabindex:2)
2024-07-14 10:24:33,363 [INFO] PluginManage:310 - Check plugin ddr
2024-07-14 10:24:33,366 [INFO] PluginManage:359 - Loaded plugin ddr (category:tool,tabindex:6)
2024-07-14 10:24:33,367 [INFO] PluginManage:310 - Check plugin filemanager
2024-07-14 10:24:33,595 [INFO] PluginManage:359 - Loaded plugin filemanager (category:base,tabindex:10)
2024-07-14 10:24:33,595 [INFO] PluginManage:310 - Check plugin ipmanager
2024-07-14 10:24:33,606 [INFO] PluginManage:359 - Loaded plugin ipmanager (category:base,tabindex:5)
2024-07-14 10:24:33,606 [INFO] PluginManage:310 - Check plugin lpbam
2024-07-14 10:24:33,636 [INFO] PluginManage:359 - Loaded plugin lpbam (category:base,tabindex:0)
2024-07-14 10:24:33,636 [INFO] PluginManage:310 - Check plugin memorymap
2024-07-14 10:24:33,682 [INFO] PluginManage:359 - Loaded plugin memorymap (category:base,tabindex:4)
2024-07-14 10:24:33,682 [INFO] PluginManage:310 - Check plugin pinoutandconfiguration
2024-07-14 10:24:33,706 [INFO] PluginManage:359 - Loaded plugin pinoutandconfiguration (category:base,tabindex:1)
2024-07-14 10:24:33,706 [INFO] PluginManage:310 - Check plugin pinoutconfig
2024-07-14 10:24:33,849 [WARN] SupportedApi:132 - Cannot load RTOS API schema: s4s-elt-must-match.1: The content of 'definitions' must match (annotation?, (simpleType | complexType)?, (unique | key | keyref)*)). A problem was found starting at: attribute.
2024-07-14 10:24:34,040 [INFO] PluginManage:359 - Loaded plugin pinoutconfig (category:base,tabindex:0)
2024-07-14 10:24:34,040 [INFO] PluginManage:310 - Check plugin power
2024-07-14 10:24:34,065 [INFO] PluginManage:359 - Loaded plugin power (category:power,tabindex:4)
2024-07-14 10:24:34,066 [INFO] PluginManage:310 - Check plugin projectmanager
2024-07-14 10:24:34,116 [INFO] PluginManage:359 - Loaded plugin projectmanager (category:projectmanager,tabindex:3)
2024-07-14 10:24:34,116 [INFO] PluginManage:310 - Check plugin thirdparty
2024-07-14 10:24:34,560 [INFO] PluginManage:359 - Loaded plugin thirdparty (category:base,tabindex:-1)
2024-07-14 10:24:34,560 [WARN] IntegrityCheckThread:84 - waiting for thirdparty lock release [integrity check]
2024-07-14 10:24:34,560 [INFO] PluginManage:310 - Check plugin tools
2024-07-14 10:24:34,560 [INFO] IntegrityCheckThread:86 - entering critical section [integrity check]
2024-07-14 10:24:34,560 [INFO] ThirdPartyUpdaterWithRetryManager:70 - Updater plugin not ready yet. [1/15]
2024-07-14 10:24:34,604 [INFO] PluginManage:359 - Loaded plugin tools (category:base,tabindex:7)
2024-07-14 10:24:34,604 [INFO] PluginManage:310 - Check plugin tutovideos
2024-07-14 10:24:34,832 [INFO] PluginManage:359 - Loaded plugin tutovideos (category:base,tabindex:-1)
2024-07-14 10:24:34,832 [INFO] PluginManage:310 - Check plugin updater
2024-07-14 10:24:34,848 [INFO] PluginManage:359 - Loaded plugin updater (category:base,tabindex:12)
2024-07-14 10:24:34,849 [INFO] PluginManage:310 - Check plugin userauth
2024-07-14 10:24:34,857 [INFO] UserAuth:114 - Init User Auth plugin
2024-07-14 10:24:34,857 [INFO] PluginManage:359 - Loaded plugin userauth (category:base,tabindex:14)
2024-07-14 10:24:34,858 [INFO] PluginManage:283 - PluginManage : Loaded plugins [17]
2024-07-14 10:24:35,191 [INFO] PinOutPanel:1561 - setPackage(No Configuration,No Configuration)
2024-07-14 10:24:35,332 [INFO] CADModel:165 - CPN selected for project level
2024-07-14 10:24:35,332 [INFO] CADModel:114 - Register for checkConnection events
2024-07-14 10:24:35,381 [INFO] IPUIPlugin:80 - create IPUIPlugin
2024-07-14 10:24:35,381 [INFO] PluginManager:220 - loadIPPluginJar : add adc
2024-07-14 10:24:35,447 [INFO] IPUIPlugin:80 - create IPUIPlugin
2024-07-14 10:24:35,447 [INFO] PluginManager:220 - loadIPPluginJar : add aes
2024-07-14 10:24:35,524 [INFO] IPUIPlugin:80 - create IPUIPlugin
2024-07-14 10:24:35,524 [INFO] PluginManager:220 - loadIPPluginJar : add can
2024-07-14 10:24:35,566 [INFO] IPUIPlugin:80 - create IPUIPlugin
2024-07-14 10:24:35,567 [INFO] PluginManager:220 - loadIPPluginJar : add comp
2024-07-14 10:24:35,621 [INFO] IPUIPlugin:80 - create IPUIPlugin
2024-07-14 10:24:35,622 [INFO] PluginManager:220 - loadIPPluginJar : add cryp
2024-07-14 10:24:35,678 [INFO] IPUIPlugin:80 - create IPUIPlugin
2024-07-14 10:24:35,679 [INFO] PluginManager:220 - loadIPPluginJar : add dfsdm
2024-07-14 10:24:35,703 [INFO] IPUIPlugin:80 - create IPUIPlugin
2024-07-14 10:24:35,704 [INFO] PluginManager:220 - loadIPPluginJar : add dma
2024-07-14 10:24:35,789 [INFO] IPUIPlugin:80 - create IPUIPlugin
2024-07-14 10:24:35,790 [INFO] PluginManager:220 - loadIPPluginJar : add dma3
2024-07-14 10:24:35,869 [INFO] IPUIPlugin:80 - create IPUIPlugin
2024-07-14 10:24:35,869 [INFO] PluginManager:220 - loadIPPluginJar : add extmemmanager
2024-07-14 10:24:35,910 [INFO] IPUIPlugin:80 - create IPUIPlugin
2024-07-14 10:24:35,910 [INFO] PluginManager:220 - loadIPPluginJar : add fatfs
2024-07-14 10:24:35,993 [INFO] IPUIPlugin:80 - create IPUIPlugin
2024-07-14 10:24:35,994 [INFO] PluginManager:220 - loadIPPluginJar : add fmc
2024-07-14 10:24:36,016 [INFO] IPUIPlugin:80 - create IPUIPlugin
2024-07-14 10:24:36,016 [INFO] PluginManager:220 - loadIPPluginJar : add freertos
2024-07-14 10:24:36,048 [INFO] IPUIPlugin:80 - create IPUIPlugin
2024-07-14 10:24:36,048 [INFO] PluginManager:220 - loadIPPluginJar : add genericplugin
2024-07-14 10:24:36,195 [INFO] IPUIPlugin:80 - create IPUIPlugin
2024-07-14 10:24:36,195 [INFO] PluginManager:220 - loadIPPluginJar : add gfxmmu
2024-07-14 10:24:36,403 [INFO] IPUIPlugin:80 - create IPUIPlugin
2024-07-14 10:24:36,403 [INFO] PluginManager:220 - loadIPPluginJar : add gic
2024-07-14 10:24:36,418 [INFO] IPUIPlugin:80 - create IPUIPlugin
2024-07-14 10:24:36,418 [INFO] PluginManager:220 - loadIPPluginJar : add gpio
2024-07-14 10:24:36,526 [INFO] IPUIPlugin:80 - create IPUIPlugin
2024-07-14 10:24:36,526 [INFO] PluginManager:220 - loadIPPluginJar : add gtzc
2024-07-14 10:24:36,561 [INFO] IPUIPlugin:80 - create IPUIPlugin
2024-07-14 10:24:36,561 [INFO] PluginManager:220 - loadIPPluginJar : add hash
2024-07-14 10:24:36,628 [INFO] IPUIPlugin:80 - create IPUIPlugin
2024-07-14 10:24:36,628 [INFO] PluginManager:220 - loadIPPluginJar : add i2c
2024-07-14 10:24:36,684 [INFO] IPUIPlugin:80 - create IPUIPlugin
2024-07-14 10:24:36,684 [INFO] PluginManager:220 - loadIPPluginJar : add i2s
2024-07-14 10:24:36,742 [INFO] IPUIPlugin:80 - create IPUIPlugin
2024-07-14 10:24:36,742 [INFO] PluginManager:220 - loadIPPluginJar : add i3c
2024-07-14 10:24:36,942 [INFO] IPUIPlugin:80 - create IPUIPlugin
2024-07-14 10:24:36,943 [INFO] PluginManager:220 - loadIPPluginJar : add ipddr
2024-07-14 10:24:37,149 [INFO] IPUIPlugin:80 - create IPUIPlugin
2024-07-14 10:24:37,150 [INFO] PluginManager:220 - loadIPPluginJar : add linkedlist
2024-07-14 10:24:37,227 [INFO] IPUIPlugin:80 - create IPUIPlugin
2024-07-14 10:24:37,227 [INFO] PluginManager:220 - loadIPPluginJar : add lorawan
2024-07-14 10:24:37,295 [INFO] IPUIPlugin:80 - create IPUIPlugin
2024-07-14 10:24:37,295 [INFO] PluginManager:220 - loadIPPluginJar : add ltdc
2024-07-14 10:24:37,319 [INFO] IPUIPlugin:80 - create IPUIPlugin
2024-07-14 10:24:37,319 [INFO] PluginManager:220 - loadIPPluginJar : add mdma
2024-07-14 10:24:37,346 [INFO] IPUIPlugin:80 - create IPUIPlugin
2024-07-14 10:24:37,346 [INFO] PluginManager:220 - loadIPPluginJar : add nvic
2024-07-14 10:24:37,422 [INFO] IPUIPlugin:80 - create IPUIPlugin
2024-07-14 10:24:37,422 [INFO] PluginManager:220 - loadIPPluginJar : add opamp
2024-07-14 10:24:37,560 [INFO] IPUIPlugin:80 - create IPUIPlugin
2024-07-14 10:24:37,560 [INFO] PluginManager:220 - loadIPPluginJar : add openamp
2024-07-14 10:24:37,562 [INFO] ThirdPartyUpdaterWithRetryManager:70 - Updater plugin not ready yet. [2/15]
2024-07-14 10:24:37,646 [INFO] IPUIPlugin:80 - create IPUIPlugin
2024-07-14 10:24:37,646 [INFO] PluginManager:220 - loadIPPluginJar : add pdm2pcm
2024-07-14 10:24:37,674 [INFO] IPUIPlugin:80 - create IPUIPlugin
2024-07-14 10:24:37,679 [INFO] PluginManager:220 - loadIPPluginJar : add plateformsettings
2024-07-14 10:24:37,727 [INFO] IPUIPlugin:80 - create IPUIPlugin
2024-07-14 10:24:37,727 [INFO] PluginManager:220 - loadIPPluginJar : add quadspi
2024-07-14 10:24:37,749 [INFO] IPUIPlugin:80 - create IPUIPlugin
2024-07-14 10:24:37,749 [INFO] PluginManager:220 - loadIPPluginJar : add resmgrutility
2024-07-14 10:24:37,840 [INFO] IPUIPlugin:80 - create IPUIPlugin
2024-07-14 10:24:37,840 [INFO] PluginManager:220 - loadIPPluginJar : add sai
2024-07-14 10:24:37,911 [INFO] IPUIPlugin:80 - create IPUIPlugin
2024-07-14 10:24:37,912 [INFO] PluginManager:220 - loadIPPluginJar : add spi
2024-07-14 10:24:38,037 [INFO] IPUIPlugin:80 - create IPUIPlugin
2024-07-14 10:24:38,037 [INFO] PluginManager:220 - loadIPPluginJar : add stm32_wpan
2024-07-14 10:24:38,081 [INFO] IPUIPlugin:80 - create IPUIPlugin
2024-07-14 10:24:38,082 [INFO] PluginManager:220 - loadIPPluginJar : add tim
2024-07-14 10:24:38,185 [INFO] IPUIPlugin:80 - create IPUIPlugin
2024-07-14 10:24:38,185 [INFO] PluginManager:220 - loadIPPluginJar : add touchsensing
2024-07-14 10:24:38,224 [INFO] IPUIPlugin:80 - create IPUIPlugin
2024-07-14 10:24:38,225 [INFO] PluginManager:220 - loadIPPluginJar : add tracer_emb
2024-07-14 10:24:38,263 [INFO] IPUIPlugin:80 - create IPUIPlugin
2024-07-14 10:24:38,263 [INFO] PluginManager:220 - loadIPPluginJar : add ts
2024-07-14 10:24:38,293 [INFO] IPUIPlugin:80 - create IPUIPlugin
2024-07-14 10:24:38,294 [INFO] PluginManager:220 - loadIPPluginJar : add tsc
2024-07-14 10:24:38,326 [INFO] IPUIPlugin:80 - create IPUIPlugin
2024-07-14 10:24:38,326 [INFO] PluginManager:220 - loadIPPluginJar : add ucpd
2024-07-14 10:24:38,403 [INFO] IPUIPlugin:80 - create IPUIPlugin
2024-07-14 10:24:38,403 [INFO] PluginManager:220 - loadIPPluginJar : add usart
2024-07-14 10:24:38,485 [INFO] IPUIPlugin:80 - create IPUIPlugin
2024-07-14 10:24:38,485 [INFO] PluginManager:220 - loadIPPluginJar : add usbx
2024-07-14 10:24:38,635 [INFO] CADModel:165 - CPN selected for project level
2024-07-14 10:24:38,635 [INFO] CADModel:114 - Register for checkConnection events
2024-07-14 10:24:38,636 [FATAL] Updater:308 - Updater called before beeing initialized
2024-07-14 10:24:38,636 [ERROR] CADModel:125 - Updater not yet initialized, retry later 
2024-07-14 10:24:38,852 [INFO] CADModel:165 - CPN selected for project level
2024-07-14 10:24:38,852 [INFO] CADModel:114 - Register for checkConnection events
2024-07-14 10:24:38,852 [FATAL] Updater:308 - Updater called before beeing initialized
2024-07-14 10:24:38,852 [ERROR] CADModel:125 - Updater not yet initialized, retry later 
2024-07-14 10:24:38,856 [FATAL] Updater:308 - Updater called before beeing initialized
2024-07-14 10:24:39,013 [FATAL] Updater:308 - Updater called before beeing initialized
2024-07-14 10:24:39,033 [INFO] DbMcusAds:53 - JSON generation date=Thu May 16 11:22:01 CEST 2024 (1715851321109)
2024-07-14 10:24:39,033 [FATAL] Updater:308 - Updater called before beeing initialized
2024-07-14 10:24:39,133 [WARN] DetailPanel:346 - Failed to get advertising image, set to default
2024-07-14 10:24:39,234 [FATAL] Updater:308 - Updater called before beeing initialized
2024-07-14 10:24:39,236 [FATAL] Updater:308 - Updater called before beeing initialized
2024-07-14 10:24:39,236 [FATAL] Updater:308 - Updater called before beeing initialized
2024-07-14 10:24:39,236 [WARN] DetailPanel:346 - Failed to get advertising image, set to default
2024-07-14 10:24:39,236 [FATAL] Updater:308 - Updater called before beeing initialized
2024-07-14 10:24:39,299 [ERROR] Updater:1120 - MainUpdater not yet initialized. External WinMGr cannot be set.
2024-07-14 10:24:39,309 [INFO] Updater:1056 - Updater Version found : 6.11.1
2024-07-14 10:24:39,324 [INFO] ApplicationProperties:184 - Using Application install path: C:\ST\STM32CubeIDE_1.15.1\STM32CubeIDE\plugins\com.st.stm32cube.common.mx_6.11.1.202404110753
2024-07-14 10:24:40,564 [INFO] ThirdPartyUpdaterWithRetryManager:70 - Updater plugin not ready yet. [3/15]
2024-07-14 10:24:40,900 [ERROR] LogOutputStream:75 - [STDERR_REDIRECT] Jul 14, 2024 10:24:40 AM java.util.prefs.WindowsPreferences <init>
2024-07-14 10:24:40,903 [ERROR] LogOutputStream:75 - [STDERR_REDIRECT] WARNING: Could not open/create prefs root node Software\JavaSoft\Prefs at root 0xffffffff80000002. Windows RegCreateKeyEx(...) returned error code 5.
2024-07-14 10:24:40,903 [ERROR] LogOutputStream:75 - [STDERR_REDIRECT] 
2024-07-14 10:24:41,327 [INFO] MainUpdater:2873 - connection check result : 10
2024-07-14 10:24:41,328 [INFO] MainUpdater:290 - Updater Check For Update Now.
2024-07-14 10:24:41,329 [INFO] MicroXplorer:498 - Change Database Version : DB.6.0.111
2024-07-14 10:24:41,343 [INFO] McuFinderGlobals:63 - Set McuFinder mode to 2 (CubeIDE integrated)
2024-07-14 10:24:41,356 [INFO] UserAuth:415 - Internet connection configuration mode: 1
2024-07-14 10:24:41,395 [INFO] JxBrowserEngine:152 - Initiate JxBrowser Engine with user profile folder
2024-07-14 10:24:41,551 [INFO] CheckServerUpdateThread:120 - End of CheckServer Thread
2024-07-14 10:24:43,779 [WARN] PackLoader:240 - Cannot read IP mode file for STMicroelectronics.FP-SNS-MOTENVWB1.1.4.0
2024-07-14 10:24:43,795 [WARN] PackLoader:240 - Cannot read IP mode file for STMicroelectronics.X-CUBE-SMBUS.2.1.0
2024-07-14 10:24:43,810 [WARN] PackLoader:240 - Cannot read IP mode file for STMicroelectronics.X-CUBE-TOUCHGFX.4.23.2
2024-07-14 10:24:43,849 [WARN] PackLoader:240 - Cannot read IP mode file for STMicroelectronics.X-CUBE-AZRTOS-F7.1.1.0
2024-07-14 10:24:43,868 [WARN] PackLoader:240 - Cannot read IP mode file for STMicroelectronics.FP-SNS-FLIGHT1.5.0.2
2024-07-14 10:24:43,887 [WARN] PackLoader:240 - Cannot read IP mode file for STMicroelectronics.X-CUBE-DISPLAY.3.0.0
2024-07-14 10:24:43,908 [WARN] PackLoader:240 - Cannot read IP mode file for STMicroelectronics.X-CUBE-BLE1.7.0.0
2024-07-14 10:24:43,923 [WARN] PackLoader:240 - Cannot read IP mode file for emotas.I-CUBE-CANOPEN.1.3.0
2024-07-14 10:24:43,943 [WARN] PackLoader:240 - Cannot read IP mode file for STMicroelectronics.X-CUBE-BLEMGR.3.1.0
2024-07-14 10:24:43,959 [WARN] PackLoader:240 - Cannot read IP mode file for STMicroelectronics.FP-SNS-SMARTAG2.1.2.0
2024-07-14 10:24:43,979 [INFO] LogOutputStream:77 - [STDOUT_REDIRECT] 1 : Invalid condition id : UX_CORESTACK_Condition cause : null
2024-07-14 10:24:43,980 [INFO] LogOutputStream:77 - [STDOUT_REDIRECT] 1 : Invalid condition id : UX_CORESTACK_Condition cause : null
2024-07-14 10:24:43,982 [INFO] LogOutputStream:77 - [STDOUT_REDIRECT] 1 : Invalid condition id : UX_CORESTACK_Condition cause : null
2024-07-14 10:24:43,983 [INFO] LogOutputStream:77 - [STDOUT_REDIRECT] 1 : Invalid condition id : UX_CORESTACK_Condition cause : null
2024-07-14 10:24:43,984 [INFO] LogOutputStream:77 - [STDOUT_REDIRECT] 1 : Invalid condition id : UX_CORESTACK_Condition cause : null
2024-07-14 10:24:43,987 [WARN] PackLoader:240 - Cannot read IP mode file for STMicroelectronics.X-CUBE-AZRTOS-WL.2.0.0
2024-07-14 10:24:44,017 [WARN] PackLoader:240 - Cannot read IP mode file for STMicroelectronics.FP-SNS-MOTENV1.5.0.0
2024-07-14 10:24:44,030 [WARN] PackLoader:240 - Cannot read IP mode file for wolfSSL.I-CUBE-wolfMQTT.1.19.0
2024-07-14 10:24:44,051 [WARN] PackLoader:240 - Cannot read IP mode file for WES.I-CUBE-Cesium.1.3.0
2024-07-14 10:24:44,066 [WARN] PackLoader:240 - Cannot read IP mode file for STMicroelectronics.X-CUBE-BLE2.3.3.0
2024-07-14 10:24:44,082 [WARN] PackLoader:240 - Cannot read IP mode file for STMicroelectronics.X-CUBE-TCPP.4.1.0
2024-07-14 10:24:44,099 [WARN] PackLoader:240 - Cannot read IP mode file for STMicroelectronics.X-CUBE-ALGOBUILD.1.3.0
2024-07-14 10:24:44,132 [WARN] PackLoader:240 - Cannot read IP mode file for STMicroelectronics.X-CUBE-AZRTOS-G0.1.1.0
2024-07-14 10:24:44,151 [WARN] PackLoader:240 - Cannot read IP mode file for STMicroelectronics.X-CUBE-SAFEA1.1.2.2
2024-07-14 10:24:44,167 [WARN] PackLoader:240 - Cannot read IP mode file for STMicroelectronics.X-CUBE-NFC4.3.0.0
2024-07-14 10:24:44,191 [WARN] PackLoader:240 - Cannot read IP mode file for EmbeddedOffice.I-CUBE-FS-RTOS.1.0.1
2024-07-14 10:24:44,192 [ERROR] ConditionMgr:805 - Attr not supported : Dmpu
2024-07-14 10:24:44,192 [ERROR] ConditionMgr:805 - Attr not supported : Dmpu
2024-07-14 10:24:44,192 [ERROR] ConditionMgr:805 - Attr not supported : Dmpu
2024-07-14 10:24:44,192 [ERROR] ConditionMgr:805 - Attr not supported : Dmpu
2024-07-14 10:24:44,192 [ERROR] ConditionMgr:805 - Attr not supported : Dmpu
2024-07-14 10:24:44,192 [ERROR] ConditionMgr:805 - Attr not supported : Dmpu
2024-07-14 10:24:44,192 [ERROR] ConditionMgr:805 - Attr not supported : Dmpu
2024-07-14 10:24:44,192 [ERROR] ConditionMgr:805 - Attr not supported : Dmpu
2024-07-14 10:24:44,192 [ERROR] ConditionMgr:805 - Attr not supported : Dmpu
2024-07-14 10:24:44,192 [ERROR] ConditionMgr:805 - Attr not supported : Dmpu
2024-07-14 10:24:44,193 [ERROR] ConditionMgr:805 - Attr not supported : Dmpu
2024-07-14 10:24:44,193 [ERROR] ConditionMgr:805 - Attr not supported : Dmpu
2024-07-14 10:24:44,193 [ERROR] ConditionMgr:805 - Attr not supported : Dmpu
2024-07-14 10:24:44,193 [ERROR] ConditionMgr:805 - Attr not supported : Dmpu
2024-07-14 10:24:44,193 [ERROR] ConditionMgr:805 - Attr not supported : Dmpu
2024-07-14 10:24:44,193 [ERROR] ConditionMgr:805 - Attr not supported : Dmpu
2024-07-14 10:24:44,193 [ERROR] ConditionMgr:805 - Attr not supported : Dmpu
2024-07-14 10:24:44,193 [ERROR] ConditionMgr:805 - Attr not supported : Dmpu
2024-07-14 10:24:44,193 [ERROR] ConditionMgr:805 - Attr not supported : Dmpu
2024-07-14 10:24:44,193 [ERROR] ConditionMgr:805 - Attr not supported : Dmpu
2024-07-14 10:24:44,193 [ERROR] ConditionMgr:805 - Attr not supported : Dmpu
2024-07-14 10:24:44,193 [ERROR] ConditionMgr:805 - Attr not supported : Dmpu
2024-07-14 10:24:44,193 [ERROR] ConditionMgr:805 - Attr not supported : Dmpu
2024-07-14 10:24:44,193 [ERROR] ConditionMgr:805 - Attr not supported : Dmpu
2024-07-14 10:24:44,194 [ERROR] ConditionMgr:805 - Attr not supported : Dmpu
2024-07-14 10:24:44,194 [ERROR] ConditionMgr:805 - Attr not supported : Dmpu
2024-07-14 10:24:44,194 [ERROR] ConditionMgr:805 - Attr not supported : Dmpu
2024-07-14 10:24:44,194 [ERROR] ConditionMgr:805 - Attr not supported : Dmpu
2024-07-14 10:24:44,194 [ERROR] ConditionMgr:805 - Attr not supported : Dmpu
2024-07-14 10:24:44,194 [ERROR] ConditionMgr:805 - Attr not supported : Dmpu
2024-07-14 10:24:44,194 [ERROR] ConditionMgr:805 - Attr not supported : Dmpu
2024-07-14 10:24:44,194 [ERROR] ConditionMgr:805 - Attr not supported : Dmpu
2024-07-14 10:24:44,194 [ERROR] ConditionMgr:805 - Attr not supported : Dmpu
2024-07-14 10:24:44,194 [ERROR] ConditionMgr:805 - Attr not supported : Dmpu
2024-07-14 10:24:44,194 [ERROR] ConditionMgr:805 - Attr not supported : Dmpu
2024-07-14 10:24:44,195 [ERROR] ConditionMgr:805 - Attr not supported : Dmpu
2024-07-14 10:24:44,195 [ERROR] ConditionMgr:805 - Attr not supported : Dmpu
2024-07-14 10:24:44,195 [ERROR] ConditionMgr:805 - Attr not supported : Dmpu
2024-07-14 10:24:44,195 [ERROR] ConditionMgr:805 - Attr not supported : Dmpu
2024-07-14 10:24:44,195 [ERROR] ConditionMgr:805 - Attr not supported : Dmpu
2024-07-14 10:24:44,195 [ERROR] ConditionMgr:805 - Attr not supported : Dmpu
2024-07-14 10:24:44,195 [ERROR] ConditionMgr:805 - Attr not supported : Dmpu
2024-07-14 10:24:44,195 [ERROR] ConditionMgr:805 - Attr not supported : Dmpu
2024-07-14 10:24:44,195 [ERROR] ConditionMgr:805 - Attr not supported : Dmpu
2024-07-14 10:24:44,195 [ERROR] ConditionMgr:805 - Attr not supported : Dmpu
2024-07-14 10:24:44,195 [ERROR] ConditionMgr:805 - Attr not supported : Dmpu
2024-07-14 10:24:44,195 [ERROR] ConditionMgr:805 - Attr not supported : Dmpu
2024-07-14 10:24:44,196 [ERROR] ConditionMgr:805 - Attr not supported : Dmpu
2024-07-14 10:24:44,196 [ERROR] ConditionMgr:805 - Attr not supported : Dmpu
2024-07-14 10:24:44,196 [ERROR] ConditionMgr:805 - Attr not supported : Dmpu
2024-07-14 10:24:44,196 [ERROR] ConditionMgr:805 - Attr not supported : Dmpu
2024-07-14 10:24:44,196 [ERROR] ConditionMgr:805 - Attr not supported : Dmpu
2024-07-14 10:24:44,196 [ERROR] ConditionMgr:805 - Attr not supported : Dmpu
2024-07-14 10:24:44,196 [ERROR] ConditionMgr:805 - Attr not supported : Dmpu
2024-07-14 10:24:44,196 [ERROR] ConditionMgr:805 - Attr not supported : Dmpu
2024-07-14 10:24:44,196 [ERROR] ConditionMgr:805 - Attr not supported : Dmpu
2024-07-14 10:24:44,196 [ERROR] ConditionMgr:805 - Attr not supported : Dmpu
2024-07-14 10:24:44,197 [ERROR] ConditionMgr:805 - Attr not supported : Dmpu
2024-07-14 10:24:44,197 [ERROR] ConditionMgr:805 - Attr not supported : Dmpu
2024-07-14 10:24:44,197 [ERROR] ConditionMgr:805 - Attr not supported : Dmpu
2024-07-14 10:24:44,197 [ERROR] ConditionMgr:805 - Attr not supported : Dmpu
2024-07-14 10:24:44,197 [ERROR] ConditionMgr:805 - Attr not supported : Dmpu
2024-07-14 10:24:44,197 [ERROR] ConditionMgr:805 - Attr not supported : Dmpu
2024-07-14 10:24:44,197 [ERROR] ConditionMgr:805 - Attr not supported : Dmpu
2024-07-14 10:24:44,215 [WARN] PackLoader:240 - Cannot read IP mode file for RealThread.X-CUBE-RT-Thread_Nano.4.1.1
2024-07-14 10:24:44,232 [WARN] PackLoader:240 - Cannot read IP mode file for wolfSSL.I-CUBE-wolfSSL.5.7.0
2024-07-14 10:24:44,250 [WARN] PackLoader:240 - Cannot read IP mode file for STMicroelectronics.FP-ATR-SIGFOX1.3.2.0
2024-07-14 10:24:44,270 [WARN] PackLoader:240 - Cannot read IP mode file for STMicroelectronics.X-CUBE-EEPRMA1.5.1.0
2024-07-14 10:24:44,289 [WARN] PackLoader:240 - Cannot read IP mode file for ITTIA_DB.I-CUBE-ITTIADB.8.9.0
2024-07-14 10:24:44,332 [WARN] PackLoader:240 - Cannot read IP mode file for SEGGER.I-CUBE-embOS.1.3.1
2024-07-14 10:24:44,399 [WARN] PackLoader:240 - Cannot read IP mode file for STMicroelectronics.X-CUBE-ALGOBUILD.1.4.0
2024-07-14 10:24:44,419 [WARN] PackLoader:240 - Cannot read IP mode file for STMicroelectronics.X-CUBE-GNSS1.6.0.0
2024-07-14 10:24:44,459 [WARN] PackLoader:240 - Cannot read IP mode file for STMicroelectronics.X-CUBE-AZRTOS-F4.1.1.0
2024-07-14 10:24:44,480 [WARN] PackLoader:240 - Cannot read IP mode file for STMicroelectronics.X-CUBE-FREERTOS.1.2.0
2024-07-14 10:24:44,516 [WARN] PackLoader:240 - Cannot read IP mode file for STMicroelectronics.X-CUBE-AZRTOS-L5.2.0.0
2024-07-14 10:24:44,536 [WARN] PackLoader:240 - Cannot read IP mode file for STMicroelectronics.X-CUBE-NFC6.3.1.0
2024-07-14 10:24:44,557 [WARN] PackLoader:240 - Cannot read IP mode file for STMicroelectronics.X-CUBE-DPower.1.2.0
2024-07-14 10:24:44,575 [WARN] PackLoader:240 - Cannot read IP mode file for STMicroelectronics.X-CUBE-AI.9.0.0
2024-07-14 10:24:44,598 [WARN] PackLoader:240 - Cannot read IP mode file for STMicroelectronics.X-CUBE-NFC7.1.0.1
2024-07-14 10:24:44,618 [WARN] PackLoader:240 - Cannot read IP mode file for wolfSSL.I-CUBE-wolfTPM.3.2.0
2024-07-14 10:24:44,661 [WARN] ConditionMgr:438 - getConditionDescription Invalid condition id : LAN8742 Phy interface Condition cause : null
2024-07-14 10:24:44,661 [WARN] PackLoader:240 - Cannot read IP mode file for STMicroelectronics.X-CUBE-AZRTOS-L4.2.0.0
2024-07-14 10:24:44,663 [WARN] ConditionMgr:1039 - genDependencies : Invalid condition id : LAN8742 Phy interface Condition cause : null
2024-07-14 10:24:44,664 [WARN] ConditionMgr:1039 - genDependencies : Invalid condition id : LAN8742 Phy interface Condition cause : null
2024-07-14 10:24:44,664 [WARN] ConditionMgr:1039 - genDependencies : Invalid condition id : LAN8742 Phy interface Condition cause : null
2024-07-14 10:24:44,687 [WARN] PackLoader:240 - Cannot read IP mode file for STMicroelectronics.X-CUBE-SFXS2LP1.4.0.0
2024-07-14 10:24:44,723 [WARN] ConditionMgr:438 - getConditionDescription Invalid condition id : UX DEVICE CLASS RTOS Condition cause : null
2024-07-14 10:24:44,723 [WARN] ConditionMgr:438 - getConditionDescription Invalid condition id : UX DEVICE CLASS RTOS Condition cause : null
2024-07-14 10:24:44,725 [WARN] PackLoader:240 - Cannot read IP mode file for STMicroelectronics.X-CUBE-AZRTOS-WB.2.0.0
2024-07-14 10:24:44,726 [WARN] ConditionMgr:1039 - genDependencies : Invalid condition id : UX DEVICE CLASS RTOS Condition cause : null
2024-07-14 10:24:44,726 [WARN] ConditionMgr:1039 - genDependencies : Invalid condition id : UX DEVICE CLASS RTOS Condition cause : null
2024-07-14 10:24:44,727 [WARN] ConditionMgr:1039 - genDependencies : Invalid condition id : UX DEVICE CLASS RTOS Condition cause : null
2024-07-14 10:24:44,727 [WARN] ConditionMgr:1039 - genDependencies : Invalid condition id : UX DEVICE CLASS RTOS Condition cause : null
2024-07-14 10:24:44,727 [WARN] ConditionMgr:1039 - genDependencies : Invalid condition id : UX DEVICE CLASS RTOS Condition cause : null
2024-07-14 10:24:44,755 [WARN] PackLoader:240 - Cannot read IP mode file for STMicroelectronics.X-CUBE-SUBG2.5.0.0
2024-07-14 10:24:44,794 [WARN] PackLoader:240 - Cannot read IP mode file for STMicroelectronics.X-CUBE-AZRTOS-G4.2.0.0
2024-07-14 10:24:44,815 [WARN] PackLoader:240 - Cannot read IP mode file for STMicroelectronics.X-CUBE-ISPU.2.0.0
2024-07-14 10:24:44,853 [WARN] PackLoader:240 - Cannot read IP mode file for STMicroelectronics.X-CUBE-ALS.1.0.2
2024-07-14 10:24:44,908 [WARN] PackLoader:240 - Cannot read IP mode file for STMicroelectronics.X-CUBE-MEMS1.10.0.0
2024-07-14 10:24:45,018 [WARN] PackLoader:240 - Cannot read IP mode file for STMicroelectronics.X-CUBE-TOUCHGFX.4.24.0
2024-07-14 10:24:45,037 [WARN] PackLoader:240 - Cannot read IP mode file for portGmbH.I-Cube-SoM-uGOAL.1.1.0
2024-07-14 10:24:45,057 [WARN] PackLoader:240 - Cannot read IP mode file for STMicroelectronics.X-CUBE-ALS.1.0.1
2024-07-14 10:24:45,098 [WARN] PackLoader:240 - Cannot read IP mode file for STMicroelectronics.X-CUBE-AZRTOS-H7RS.1.0.0
2024-07-14 10:24:45,116 [WARN] PackLoader:240 - Cannot read IP mode file for STMicroelectronics.FP-ATR-ASTRA1.2.0.0
2024-07-14 10:24:45,144 [WARN] PackLoader:240 - Cannot read IP mode file for STMicroelectronics.X-CUBE-TOF1.3.4.1
2024-07-14 10:24:45,196 [WARN] PackLoader:240 - Cannot read IP mode file for STMicroelectronics.X-CUBE-AZRTOS-H7.3.2.0
2024-07-14 10:24:45,227 [WARN] PackLoader:240 - Cannot read IP mode file for Infineon.AIROC-Wi-Fi-Bluetooth-STM32.1.6.0
2024-07-14 10:24:45,248 [WARN] PackLoader:240 - Cannot read IP mode file for wolfSSL.I-CUBE-wolfSSH.1.4.17
2024-07-14 10:24:45,250 [INFO] ThirdParty:978 - Integrity check success = true
2024-07-14 10:24:45,250 [INFO] IntegrityCheckThread:100 - exiting critical section [integrity check]
2024-07-14 10:24:45,250 [INFO] IntegrityCheckThread:103 - End integrity checks thread
2024-07-14 10:24:46,288 [INFO] WebApp:161 - Instantiating new browser for Auth
2024-07-14 10:24:46,849 [INFO] WebApp:779 - Register for checkConnection events
2024-07-14 10:24:46,849 [INFO] WebApp:414 - Apply proxy settings
2024-07-14 10:24:46,849 [INFO] WebApp:499 - Chromium requires no authentication
2024-07-14 10:24:46,857 [INFO] WebApp:442 - Direct internet connection detected
2024-07-14 10:24:47,007 [INFO] WebApp:192 - Starting web application
2024-07-14 10:24:47,007 [INFO] WebApp:544 - Web application path used C:\ST\STM32CubeIDE_1.15.1\STM32CubeIDE\plugins\com.st.stm32cube.common.mx_6.11.1.202404110753\db\plugins\mcufinder\reactClient1\index.html
2024-07-14 10:28:19,041 [ERROR] LogOutputStream:75 - [STDERR_REDIRECT] 
2024-07-14 10:28:19,042 [ERROR] LogOutputStream:75 - [STDERR_REDIRECT] 
2024-07-14 10:30:31,321 [INFO] Activator:176 - 


2024-07-14 10:30:31,323 [INFO] Activator:177 - !SESSION log4j initialized
2024-07-14 10:30:35,853 [INFO] LogOutputStream:77 - [STDOUT_REDIRECT] 
2024-07-14 10:30:36,856 [INFO] ApplicationProperties:184 - Using Application install path: C:\ST\STM32CubeIDE_1.15.1\STM32CubeIDE\plugins\com.st.stm32cube.common.mx_6.11.1.202404110753
2024-07-14 10:30:36,885 [INFO] DbMcusXml:78 - Set database path to: C:\ST\STM32CubeIDE_1.15.1\STM32CubeIDE\plugins\com.st.stm32cube.common.mx_6.11.1.202404110753\\db\/mcu/
2024-07-14 10:30:36,885 [INFO] ApiDb:274 - Set plugin database path to: C:\ST\STM32CubeIDE_1.15.1\STM32CubeIDE\plugins\com.st.stm32cube.common.mx_6.11.1.202404110753\\db\/plugins/boardmanager/
2024-07-14 10:30:36,886 [WARN] ApiDb:259 - Overriding images path with different value:  => C:\ST\STM32CubeIDE_1.15.1\STM32CubeIDE\plugins\com.st.stm32cube.common.mx_6.11.1.202404110753\\db\/plugins/mcufinder/images/
2024-07-14 10:30:36,894 [INFO] ApiDb:250 - Set database path to: C:\Users\dbank\.stmcufinder\plugins\mcufinder//mcu/
2024-07-14 10:30:36,896 [INFO] DbMcusAds:125 - Set database path to: C:\Users\dbank\.stmcufinder\plugins\mcufinder//mcu/
2024-07-14 10:30:36,901 [INFO] CrossReferenceDbSqlite:203 - Set database path to: C:\Users\dbank\.stmcufinder\plugins\mcufinder//mcu/cs/
2024-07-14 10:30:37,055 [INFO] RulesReader:64 - Compatibility file has been processed (297 Rules)
2024-07-14 10:30:37,196 [INFO] DbMcusXml:78 - Set database path to: C:\ST\STM32CubeIDE_1.15.1\STM32CubeIDE\plugins\com.st.stm32cube.common.mx_6.11.1.202404110753\\db\/mcu/
2024-07-14 10:30:37,196 [INFO] ApiDb:274 - Set plugin database path to: C:\ST\STM32CubeIDE_1.15.1\STM32CubeIDE\plugins\com.st.stm32cube.common.mx_6.11.1.202404110753\\db\/plugins/boardmanager/
2024-07-14 10:30:37,196 [INFO] ApiDb:261 - Set plugin images path to: C:\ST\STM32CubeIDE_1.15.1\STM32CubeIDE\plugins\com.st.stm32cube.common.mx_6.11.1.202404110753\\db\/plugins/mcufinder/images/
2024-07-14 10:30:37,196 [WARN] DbFile:41 - Overriding database path with different value: C:\Users\dbank\.stmcufinder\plugins\mcufinder/ => C:\Users\dbank\.stmcufinder\plugins\mcufinder
2024-07-14 10:30:37,197 [INFO] ApiDb:250 - Set database path to: C:\Users\dbank\.stmcufinder\plugins\mcufinder//mcu/
2024-07-14 10:30:37,197 [WARN] DbFile:41 - Overriding database path with different value: C:\Users\dbank\.stmcufinder\plugins\mcufinder/ => C:\Users\dbank\.stmcufinder\plugins\mcufinder
2024-07-14 10:30:37,197 [INFO] DbMcusAds:125 - Set database path to: C:\Users\dbank\.stmcufinder\plugins\mcufinder//mcu/
2024-07-14 10:30:37,197 [WARN] DbFile:41 - Overriding database path with different value: C:\Users\dbank\.stmcufinder\plugins\mcufinder/ => C:\Users\dbank\.stmcufinder\plugins\mcufinder
2024-07-14 10:30:37,197 [WARN] DbFile:41 - Overriding database path with different value: C:\Users\dbank\.stmcufinder\plugins\mcufinder/ => C:\Users\dbank\.stmcufinder\plugins\mcufinder
2024-07-14 10:30:37,197 [INFO] CrossReferenceDbSqlite:203 - Set database path to: C:\Users\dbank\.stmcufinder\plugins\mcufinder//mcu/cs/
2024-07-14 10:30:37,306 [INFO] MainPanel:264 - HeapMemory: 268435456
2024-07-14 10:30:37,404 [INFO] DbMcusXml:78 - Set database path to: C:\ST\STM32CubeIDE_1.15.1\STM32CubeIDE\plugins\com.st.stm32cube.common.mx_6.11.1.202404110753\\db\/mcu/
2024-07-14 10:30:37,404 [INFO] ApiDb:274 - Set plugin database path to: C:\ST\STM32CubeIDE_1.15.1\STM32CubeIDE\plugins\com.st.stm32cube.common.mx_6.11.1.202404110753\\db\/plugins/boardmanager/
2024-07-14 10:30:37,404 [INFO] ApiDb:261 - Set plugin images path to: C:\ST\STM32CubeIDE_1.15.1\STM32CubeIDE\plugins\com.st.stm32cube.common.mx_6.11.1.202404110753\\db\/plugins/mcufinder/images/
2024-07-14 10:30:37,405 [WARN] DbFile:41 - Overriding database path with different value: C:\Users\dbank\.stmcufinder\plugins\mcufinder/ => C:\Users\dbank\.stmcufinder\plugins\mcufinder
2024-07-14 10:30:37,405 [INFO] ApiDb:250 - Set database path to: C:\Users\dbank\.stmcufinder\plugins\mcufinder//mcu/
2024-07-14 10:30:37,405 [WARN] DbFile:41 - Overriding database path with different value: C:\Users\dbank\.stmcufinder\plugins\mcufinder/ => C:\Users\dbank\.stmcufinder\plugins\mcufinder
2024-07-14 10:30:37,405 [INFO] DbMcusAds:125 - Set database path to: C:\Users\dbank\.stmcufinder\plugins\mcufinder//mcu/
2024-07-14 10:30:37,405 [WARN] DbFile:41 - Overriding database path with different value: C:\Users\dbank\.stmcufinder\plugins\mcufinder/ => C:\Users\dbank\.stmcufinder\plugins\mcufinder
2024-07-14 10:30:37,405 [WARN] DbFile:41 - Overriding database path with different value: C:\Users\dbank\.stmcufinder\plugins\mcufinder/ => C:\Users\dbank\.stmcufinder\plugins\mcufinder
2024-07-14 10:30:37,405 [INFO] CrossReferenceDbSqlite:203 - Set database path to: C:\Users\dbank\.stmcufinder\plugins\mcufinder//mcu/cs/
2024-07-14 10:30:37,425 [INFO] ApplicationProperties:184 - Using Application install path: C:\ST\STM32CubeIDE_1.15.1\STM32CubeIDE\plugins\com.st.stm32cube.common.mx_6.11.1.202404110753
2024-07-14 10:30:37,427 [INFO] PluginManage:196 - Search for loadable plugins [exclusion list=, ]
2024-07-14 10:30:37,429 [INFO] PluginManage:310 - Check plugin analytics
2024-07-14 10:30:37,718 [INFO] AnalyticsPlugin:253 - Accepted Software Licenses: STM32CubeMX.6.11.1
2024-07-14 10:30:37,719 [INFO] AnalyticsPlugin:255 - Accepted CMSIS Pack Licenses: 
2024-07-14 10:30:37,719 [INFO] AnalyticsPlugin:257 - Accepted Firmware Licenses: FW.H7.1.11.0,FW.H7.1.10.0,FW.L4.1.18.0
2024-07-14 10:30:37,723 [INFO] PluginManage:359 - Loaded plugin analytics (category:tool,tabindex:-1)
2024-07-14 10:30:37,724 [INFO] PluginManage:310 - Check plugin cadmodel
2024-07-14 10:30:37,730 [INFO] CADModel:105 - Init CAD model plugin
2024-07-14 10:30:37,731 [INFO] PluginManage:359 - Loaded plugin cadmodel (category:power,tabindex:5)
2024-07-14 10:30:37,731 [INFO] PluginManage:310 - Check plugin clock
2024-07-14 10:30:37,742 [INFO] PluginManage:359 - Loaded plugin clock (category:base,tabindex:2)
2024-07-14 10:30:37,742 [INFO] PluginManage:310 - Check plugin ddr
2024-07-14 10:30:37,744 [INFO] PluginManage:359 - Loaded plugin ddr (category:tool,tabindex:6)
2024-07-14 10:30:37,744 [INFO] PluginManage:310 - Check plugin filemanager
2024-07-14 10:30:37,981 [INFO] PluginManage:359 - Loaded plugin filemanager (category:base,tabindex:10)
2024-07-14 10:30:37,982 [INFO] PluginManage:310 - Check plugin ipmanager
2024-07-14 10:30:37,995 [INFO] PluginManage:359 - Loaded plugin ipmanager (category:base,tabindex:5)
2024-07-14 10:30:37,996 [INFO] PluginManage:310 - Check plugin lpbam
2024-07-14 10:30:38,004 [INFO] PluginManage:359 - Loaded plugin lpbam (category:base,tabindex:0)
2024-07-14 10:30:38,004 [INFO] PluginManage:310 - Check plugin memorymap
2024-07-14 10:30:38,028 [INFO] PluginManage:359 - Loaded plugin memorymap (category:base,tabindex:4)
2024-07-14 10:30:38,028 [INFO] PluginManage:310 - Check plugin pinoutandconfiguration
2024-07-14 10:30:38,062 [INFO] PluginManage:359 - Loaded plugin pinoutandconfiguration (category:base,tabindex:1)
2024-07-14 10:30:38,063 [INFO] PluginManage:310 - Check plugin pinoutconfig
2024-07-14 10:30:38,251 [WARN] SupportedApi:132 - Cannot load RTOS API schema: s4s-elt-must-match.1: The content of 'definitions' must match (annotation?, (simpleType | complexType)?, (unique | key | keyref)*)). A problem was found starting at: attribute.
2024-07-14 10:30:38,559 [INFO] PluginManage:359 - Loaded plugin pinoutconfig (category:base,tabindex:0)
2024-07-14 10:30:38,559 [INFO] PluginManage:310 - Check plugin power
2024-07-14 10:30:38,572 [INFO] PluginManage:359 - Loaded plugin power (category:power,tabindex:4)
2024-07-14 10:30:38,572 [INFO] PluginManage:310 - Check plugin projectmanager
2024-07-14 10:30:38,597 [INFO] PluginManage:359 - Loaded plugin projectmanager (category:projectmanager,tabindex:3)
2024-07-14 10:30:38,597 [INFO] PluginManage:310 - Check plugin thirdparty
2024-07-14 10:30:38,817 [INFO] PluginManage:359 - Loaded plugin thirdparty (category:base,tabindex:-1)
2024-07-14 10:30:38,817 [WARN] IntegrityCheckThread:84 - waiting for thirdparty lock release [integrity check]
2024-07-14 10:30:38,817 [INFO] PluginManage:310 - Check plugin tools
2024-07-14 10:30:38,817 [INFO] IntegrityCheckThread:86 - entering critical section [integrity check]
2024-07-14 10:30:38,818 [INFO] ThirdPartyUpdaterWithRetryManager:70 - Updater plugin not ready yet. [1/15]
2024-07-14 10:30:38,822 [INFO] PluginManage:359 - Loaded plugin tools (category:base,tabindex:7)
2024-07-14 10:30:38,822 [INFO] PluginManage:310 - Check plugin tutovideos
2024-07-14 10:30:39,169 [INFO] PluginManage:359 - Loaded plugin tutovideos (category:base,tabindex:-1)
2024-07-14 10:30:39,169 [INFO] PluginManage:310 - Check plugin updater
2024-07-14 10:30:39,190 [INFO] PluginManage:359 - Loaded plugin updater (category:base,tabindex:12)
2024-07-14 10:30:39,190 [INFO] PluginManage:310 - Check plugin userauth
2024-07-14 10:30:39,204 [INFO] UserAuth:114 - Init User Auth plugin
2024-07-14 10:30:39,204 [INFO] PluginManage:359 - Loaded plugin userauth (category:base,tabindex:14)
2024-07-14 10:30:39,205 [INFO] PluginManage:283 - PluginManage : Loaded plugins [17]
2024-07-14 10:30:39,606 [INFO] PinOutPanel:1561 - setPackage(No Configuration,No Configuration)
2024-07-14 10:30:39,737 [INFO] CADModel:165 - CPN selected for project level
2024-07-14 10:30:39,737 [INFO] CADModel:114 - Register for checkConnection events
2024-07-14 10:30:39,766 [INFO] IPUIPlugin:80 - create IPUIPlugin
2024-07-14 10:30:39,766 [INFO] PluginManager:220 - loadIPPluginJar : add adc
2024-07-14 10:30:39,770 [INFO] IPUIPlugin:80 - create IPUIPlugin
2024-07-14 10:30:39,770 [INFO] PluginManager:220 - loadIPPluginJar : add aes
2024-07-14 10:30:39,774 [INFO] IPUIPlugin:80 - create IPUIPlugin
2024-07-14 10:30:39,774 [INFO] PluginManager:220 - loadIPPluginJar : add can
2024-07-14 10:30:39,776 [INFO] IPUIPlugin:80 - create IPUIPlugin
2024-07-14 10:30:39,776 [INFO] PluginManager:220 - loadIPPluginJar : add comp
2024-07-14 10:30:39,779 [INFO] IPUIPlugin:80 - create IPUIPlugin
2024-07-14 10:30:39,779 [INFO] PluginManager:220 - loadIPPluginJar : add cryp
2024-07-14 10:30:39,783 [INFO] IPUIPlugin:80 - create IPUIPlugin
2024-07-14 10:30:39,784 [INFO] PluginManager:220 - loadIPPluginJar : add dfsdm
2024-07-14 10:30:39,791 [INFO] IPUIPlugin:80 - create IPUIPlugin
2024-07-14 10:30:39,793 [INFO] PluginManager:220 - loadIPPluginJar : add dma
2024-07-14 10:30:39,797 [INFO] IPUIPlugin:80 - create IPUIPlugin
2024-07-14 10:30:39,798 [INFO] PluginManager:220 - loadIPPluginJar : add dma3
2024-07-14 10:30:39,801 [INFO] IPUIPlugin:80 - create IPUIPlugin
2024-07-14 10:30:39,802 [INFO] PluginManager:220 - loadIPPluginJar : add extmemmanager
2024-07-14 10:30:39,804 [INFO] IPUIPlugin:80 - create IPUIPlugin
2024-07-14 10:30:39,805 [INFO] PluginManager:220 - loadIPPluginJar : add fatfs
2024-07-14 10:30:39,811 [INFO] IPUIPlugin:80 - create IPUIPlugin
2024-07-14 10:30:39,811 [INFO] PluginManager:220 - loadIPPluginJar : add fmc
2024-07-14 10:30:39,826 [INFO] IPUIPlugin:80 - create IPUIPlugin
2024-07-14 10:30:39,827 [INFO] PluginManager:220 - loadIPPluginJar : add freertos
2024-07-14 10:30:39,829 [INFO] IPUIPlugin:80 - create IPUIPlugin
2024-07-14 10:30:39,829 [INFO] PluginManager:220 - loadIPPluginJar : add genericplugin
2024-07-14 10:30:39,832 [INFO] IPUIPlugin:80 - create IPUIPlugin
2024-07-14 10:30:39,832 [INFO] PluginManager:220 - loadIPPluginJar : add gfxmmu
2024-07-14 10:30:39,839 [INFO] IPUIPlugin:80 - create IPUIPlugin
2024-07-14 10:30:39,840 [INFO] PluginManager:220 - loadIPPluginJar : add gic
2024-07-14 10:30:39,846 [INFO] IPUIPlugin:80 - create IPUIPlugin
2024-07-14 10:30:39,846 [INFO] PluginManager:220 - loadIPPluginJar : add gpio
2024-07-14 10:30:39,851 [INFO] IPUIPlugin:80 - create IPUIPlugin
2024-07-14 10:30:39,852 [INFO] PluginManager:220 - loadIPPluginJar : add gtzc
2024-07-14 10:30:39,856 [INFO] IPUIPlugin:80 - create IPUIPlugin
2024-07-14 10:30:39,856 [INFO] PluginManager:220 - loadIPPluginJar : add hash
2024-07-14 10:30:39,860 [INFO] IPUIPlugin:80 - create IPUIPlugin
2024-07-14 10:30:39,860 [INFO] PluginManager:220 - loadIPPluginJar : add i2c
2024-07-14 10:30:39,864 [INFO] IPUIPlugin:80 - create IPUIPlugin
2024-07-14 10:30:39,865 [INFO] PluginManager:220 - loadIPPluginJar : add i2s
2024-07-14 10:30:39,869 [INFO] IPUIPlugin:80 - create IPUIPlugin
2024-07-14 10:30:39,869 [INFO] PluginManager:220 - loadIPPluginJar : add i3c
2024-07-14 10:30:39,873 [INFO] IPUIPlugin:80 - create IPUIPlugin
2024-07-14 10:30:39,873 [INFO] PluginManager:220 - loadIPPluginJar : add ipddr
2024-07-14 10:30:39,880 [INFO] IPUIPlugin:80 - create IPUIPlugin
2024-07-14 10:30:39,880 [INFO] PluginManager:220 - loadIPPluginJar : add linkedlist
2024-07-14 10:30:39,883 [INFO] IPUIPlugin:80 - create IPUIPlugin
2024-07-14 10:30:39,884 [INFO] PluginManager:220 - loadIPPluginJar : add lorawan
2024-07-14 10:30:39,885 [INFO] IPUIPlugin:80 - create IPUIPlugin
2024-07-14 10:30:39,886 [INFO] PluginManager:220 - loadIPPluginJar : add ltdc
2024-07-14 10:30:39,894 [INFO] IPUIPlugin:80 - create IPUIPlugin
2024-07-14 10:30:39,895 [INFO] PluginManager:220 - loadIPPluginJar : add mdma
2024-07-14 10:30:39,899 [INFO] IPUIPlugin:80 - create IPUIPlugin
2024-07-14 10:30:39,899 [INFO] PluginManager:220 - loadIPPluginJar : add nvic
2024-07-14 10:30:39,903 [INFO] IPUIPlugin:80 - create IPUIPlugin
2024-07-14 10:30:39,903 [INFO] PluginManager:220 - loadIPPluginJar : add opamp
2024-07-14 10:30:39,906 [INFO] IPUIPlugin:80 - create IPUIPlugin
2024-07-14 10:30:39,906 [INFO] PluginManager:220 - loadIPPluginJar : add openamp
2024-07-14 10:30:39,910 [INFO] IPUIPlugin:80 - create IPUIPlugin
2024-07-14 10:30:39,910 [INFO] PluginManager:220 - loadIPPluginJar : add pdm2pcm
2024-07-14 10:30:39,917 [INFO] IPUIPlugin:80 - create IPUIPlugin
2024-07-14 10:30:39,923 [INFO] PluginManager:220 - loadIPPluginJar : add plateformsettings
2024-07-14 10:30:39,925 [INFO] IPUIPlugin:80 - create IPUIPlugin
2024-07-14 10:30:39,926 [INFO] PluginManager:220 - loadIPPluginJar : add quadspi
2024-07-14 10:30:39,931 [INFO] IPUIPlugin:80 - create IPUIPlugin
2024-07-14 10:30:39,931 [INFO] PluginManager:220 - loadIPPluginJar : add resmgrutility
2024-07-14 10:30:39,935 [INFO] IPUIPlugin:80 - create IPUIPlugin
2024-07-14 10:30:39,935 [INFO] PluginManager:220 - loadIPPluginJar : add sai
2024-07-14 10:30:39,939 [INFO] IPUIPlugin:80 - create IPUIPlugin
2024-07-14 10:30:39,939 [INFO] PluginManager:220 - loadIPPluginJar : add spi
2024-07-14 10:30:39,948 [INFO] IPUIPlugin:80 - create IPUIPlugin
2024-07-14 10:30:39,948 [INFO] PluginManager:220 - loadIPPluginJar : add stm32_wpan
2024-07-14 10:30:39,952 [INFO] IPUIPlugin:80 - create IPUIPlugin
2024-07-14 10:30:39,952 [INFO] PluginManager:220 - loadIPPluginJar : add tim
2024-07-14 10:30:39,957 [INFO] IPUIPlugin:80 - create IPUIPlugin
2024-07-14 10:30:39,958 [INFO] PluginManager:220 - loadIPPluginJar : add touchsensing
2024-07-14 10:30:39,961 [INFO] IPUIPlugin:80 - create IPUIPlugin
2024-07-14 10:30:39,961 [INFO] PluginManager:220 - loadIPPluginJar : add tracer_emb
2024-07-14 10:30:39,963 [INFO] IPUIPlugin:80 - create IPUIPlugin
2024-07-14 10:30:39,963 [INFO] PluginManager:220 - loadIPPluginJar : add ts
2024-07-14 10:30:39,966 [INFO] IPUIPlugin:80 - create IPUIPlugin
2024-07-14 10:30:39,966 [INFO] PluginManager:220 - loadIPPluginJar : add tsc
2024-07-14 10:30:39,969 [INFO] IPUIPlugin:80 - create IPUIPlugin
2024-07-14 10:30:39,969 [INFO] PluginManager:220 - loadIPPluginJar : add ucpd
2024-07-14 10:30:39,974 [INFO] IPUIPlugin:80 - create IPUIPlugin
2024-07-14 10:30:39,974 [INFO] PluginManager:220 - loadIPPluginJar : add usart
2024-07-14 10:30:39,979 [INFO] IPUIPlugin:80 - create IPUIPlugin
2024-07-14 10:30:39,979 [INFO] PluginManager:220 - loadIPPluginJar : add usbx
2024-07-14 10:30:40,135 [INFO] CADModel:165 - CPN selected for project level
2024-07-14 10:30:40,135 [INFO] CADModel:114 - Register for checkConnection events
2024-07-14 10:30:40,135 [FATAL] Updater:308 - Updater called before beeing initialized
2024-07-14 10:30:40,136 [ERROR] CADModel:125 - Updater not yet initialized, retry later 
2024-07-14 10:30:40,323 [INFO] CADModel:165 - CPN selected for project level
2024-07-14 10:30:40,324 [INFO] CADModel:114 - Register for checkConnection events
2024-07-14 10:30:40,324 [FATAL] Updater:308 - Updater called before beeing initialized
2024-07-14 10:30:40,324 [ERROR] CADModel:125 - Updater not yet initialized, retry later 
2024-07-14 10:30:40,328 [FATAL] Updater:308 - Updater called before beeing initialized
2024-07-14 10:30:40,488 [FATAL] Updater:308 - Updater called before beeing initialized
2024-07-14 10:30:40,500 [INFO] DbMcusAds:53 - JSON generation date=Thu May 16 11:22:01 CEST 2024 (1715851321109)
2024-07-14 10:30:40,500 [FATAL] Updater:308 - Updater called before beeing initialized
2024-07-14 10:30:40,545 [WARN] DetailPanel:346 - Failed to get advertising image, set to default
2024-07-14 10:30:40,709 [FATAL] Updater:308 - Updater called before beeing initialized
2024-07-14 10:30:40,712 [FATAL] Updater:308 - Updater called before beeing initialized
2024-07-14 10:30:40,712 [FATAL] Updater:308 - Updater called before beeing initialized
2024-07-14 10:30:40,712 [WARN] DetailPanel:346 - Failed to get advertising image, set to default
2024-07-14 10:30:40,713 [FATAL] Updater:308 - Updater called before beeing initialized
2024-07-14 10:30:40,787 [ERROR] Updater:1120 - MainUpdater not yet initialized. External WinMGr cannot be set.
2024-07-14 10:30:40,790 [INFO] Updater:1056 - Updater Version found : 6.11.1
2024-07-14 10:30:40,819 [INFO] ApplicationProperties:184 - Using Application install path: C:\ST\STM32CubeIDE_1.15.1\STM32CubeIDE\plugins\com.st.stm32cube.common.mx_6.11.1.202404110753
2024-07-14 10:30:41,820 [INFO] ThirdPartyUpdaterWithRetryManager:70 - Updater plugin not ready yet. [2/15]
2024-07-14 10:30:42,405 [ERROR] LogOutputStream:75 - [STDERR_REDIRECT] Jul 14, 2024 10:30:42 AM java.util.prefs.WindowsPreferences <init>
2024-07-14 10:30:42,407 [ERROR] LogOutputStream:75 - [STDERR_REDIRECT] WARNING: Could not open/create prefs root node Software\JavaSoft\Prefs at root 0xffffffff80000002. Windows RegCreateKeyEx(...) returned error code 5.
2024-07-14 10:30:42,407 [ERROR] LogOutputStream:75 - [STDERR_REDIRECT] 
2024-07-14 10:30:42,860 [INFO] MainUpdater:2873 - connection check result : 10
2024-07-14 10:30:42,861 [INFO] MainUpdater:290 - Updater Check For Update Now.
2024-07-14 10:30:42,861 [INFO] MicroXplorer:498 - Change Database Version : DB.6.0.111
2024-07-14 10:30:42,869 [INFO] McuFinderGlobals:63 - Set McuFinder mode to 2 (CubeIDE integrated)
2024-07-14 10:30:42,878 [INFO] UserAuth:415 - Internet connection configuration mode: 1
2024-07-14 10:30:42,905 [INFO] JxBrowserEngine:152 - Initiate JxBrowser Engine with user profile folder
2024-07-14 10:30:43,047 [INFO] CheckServerUpdateThread:120 - End of CheckServer Thread
2024-07-14 10:30:43,489 [INFO] WebApp:161 - Instantiating new browser for Auth
2024-07-14 10:30:43,931 [INFO] WebApp:779 - Register for checkConnection events
2024-07-14 10:30:43,931 [INFO] WebApp:414 - Apply proxy settings
2024-07-14 10:30:43,931 [INFO] WebApp:499 - Chromium requires no authentication
2024-07-14 10:30:43,936 [INFO] WebApp:442 - Direct internet connection detected
2024-07-14 10:30:44,058 [INFO] WebApp:192 - Starting web application
2024-07-14 10:30:44,059 [INFO] WebApp:544 - Web application path used C:\ST\STM32CubeIDE_1.15.1\STM32CubeIDE\plugins\com.st.stm32cube.common.mx_6.11.1.202404110753\db\plugins\mcufinder\reactClient1\index.html
2024-07-14 10:30:44,999 [WARN] PackLoader:240 - Cannot read IP mode file for STMicroelectronics.FP-SNS-MOTENVWB1.1.4.0
2024-07-14 10:30:45,008 [WARN] PackLoader:240 - Cannot read IP mode file for STMicroelectronics.X-CUBE-SMBUS.2.1.0
2024-07-14 10:30:45,014 [WARN] PackLoader:240 - Cannot read IP mode file for STMicroelectronics.X-CUBE-TOUCHGFX.4.23.2
2024-07-14 10:30:45,041 [WARN] PackLoader:240 - Cannot read IP mode file for STMicroelectronics.X-CUBE-AZRTOS-F7.1.1.0
2024-07-14 10:30:45,051 [WARN] PackLoader:240 - Cannot read IP mode file for STMicroelectronics.FP-SNS-FLIGHT1.5.0.2
2024-07-14 10:30:45,060 [WARN] PackLoader:240 - Cannot read IP mode file for STMicroelectronics.X-CUBE-DISPLAY.3.0.0
2024-07-14 10:30:45,074 [WARN] PackLoader:240 - Cannot read IP mode file for STMicroelectronics.X-CUBE-BLE1.7.0.0
2024-07-14 10:30:45,081 [WARN] PackLoader:240 - Cannot read IP mode file for emotas.I-CUBE-CANOPEN.1.3.0
2024-07-14 10:30:45,091 [WARN] PackLoader:240 - Cannot read IP mode file for STMicroelectronics.X-CUBE-BLEMGR.3.1.0
2024-07-14 10:30:45,098 [WARN] PackLoader:240 - Cannot read IP mode file for STMicroelectronics.FP-SNS-SMARTAG2.1.2.0
2024-07-14 10:30:45,107 [INFO] LogOutputStream:77 - [STDOUT_REDIRECT] 1 : Invalid condition id : UX_CORESTACK_Condition cause : null
2024-07-14 10:30:45,108 [INFO] LogOutputStream:77 - [STDOUT_REDIRECT] 1 : Invalid condition id : UX_CORESTACK_Condition cause : null
2024-07-14 10:30:45,109 [INFO] LogOutputStream:77 - [STDOUT_REDIRECT] 1 : Invalid condition id : UX_CORESTACK_Condition cause : null
2024-07-14 10:30:45,110 [INFO] LogOutputStream:77 - [STDOUT_REDIRECT] 1 : Invalid condition id : UX_CORESTACK_Condition cause : null
2024-07-14 10:30:45,111 [INFO] LogOutputStream:77 - [STDOUT_REDIRECT] 1 : Invalid condition id : UX_CORESTACK_Condition cause : null
2024-07-14 10:30:45,113 [WARN] PackLoader:240 - Cannot read IP mode file for STMicroelectronics.X-CUBE-AZRTOS-WL.2.0.0
2024-07-14 10:30:45,119 [WARN] PackLoader:240 - Cannot read IP mode file for STMicroelectronics.FP-SNS-MOTENV1.5.0.0
2024-07-14 10:30:45,124 [WARN] PackLoader:240 - Cannot read IP mode file for wolfSSL.I-CUBE-wolfMQTT.1.19.0
2024-07-14 10:30:45,132 [WARN] PackLoader:240 - Cannot read IP mode file for WES.I-CUBE-Cesium.1.3.0
2024-07-14 10:30:45,136 [WARN] PackLoader:240 - Cannot read IP mode file for STMicroelectronics.X-CUBE-BLE2.3.3.0
2024-07-14 10:30:45,142 [WARN] PackLoader:240 - Cannot read IP mode file for STMicroelectronics.X-CUBE-TCPP.4.1.0
2024-07-14 10:30:45,150 [WARN] PackLoader:240 - Cannot read IP mode file for STMicroelectronics.X-CUBE-ALGOBUILD.1.3.0
2024-07-14 10:30:45,166 [WARN] PackLoader:240 - Cannot read IP mode file for STMicroelectronics.X-CUBE-AZRTOS-G0.1.1.0
2024-07-14 10:30:45,175 [WARN] PackLoader:240 - Cannot read IP mode file for STMicroelectronics.X-CUBE-SAFEA1.1.2.2
2024-07-14 10:30:45,181 [WARN] PackLoader:240 - Cannot read IP mode file for STMicroelectronics.X-CUBE-NFC4.3.0.0
2024-07-14 10:30:45,234 [WARN] PackLoader:240 - Cannot read IP mode file for EmbeddedOffice.I-CUBE-FS-RTOS.1.0.1
2024-07-14 10:30:45,235 [ERROR] ConditionMgr:805 - Attr not supported : Dmpu
2024-07-14 10:30:45,235 [ERROR] ConditionMgr:805 - Attr not supported : Dmpu
2024-07-14 10:30:45,235 [ERROR] ConditionMgr:805 - Attr not supported : Dmpu
2024-07-14 10:30:45,235 [ERROR] ConditionMgr:805 - Attr not supported : Dmpu
2024-07-14 10:30:45,235 [ERROR] ConditionMgr:805 - Attr not supported : Dmpu
2024-07-14 10:30:45,235 [ERROR] ConditionMgr:805 - Attr not supported : Dmpu
2024-07-14 10:30:45,235 [ERROR] ConditionMgr:805 - Attr not supported : Dmpu
2024-07-14 10:30:45,235 [ERROR] ConditionMgr:805 - Attr not supported : Dmpu
2024-07-14 10:30:45,236 [ERROR] ConditionMgr:805 - Attr not supported : Dmpu
2024-07-14 10:30:45,236 [ERROR] ConditionMgr:805 - Attr not supported : Dmpu
2024-07-14 10:30:45,236 [ERROR] ConditionMgr:805 - Attr not supported : Dmpu
2024-07-14 10:30:45,236 [ERROR] ConditionMgr:805 - Attr not supported : Dmpu
2024-07-14 10:30:45,236 [ERROR] ConditionMgr:805 - Attr not supported : Dmpu
2024-07-14 10:30:45,236 [ERROR] ConditionMgr:805 - Attr not supported : Dmpu
2024-07-14 10:30:45,236 [ERROR] ConditionMgr:805 - Attr not supported : Dmpu
2024-07-14 10:30:45,236 [ERROR] ConditionMgr:805 - Attr not supported : Dmpu
2024-07-14 10:30:45,236 [ERROR] ConditionMgr:805 - Attr not supported : Dmpu
2024-07-14 10:30:45,236 [ERROR] ConditionMgr:805 - Attr not supported : Dmpu
2024-07-14 10:30:45,236 [ERROR] ConditionMgr:805 - Attr not supported : Dmpu
2024-07-14 10:30:45,236 [ERROR] ConditionMgr:805 - Attr not supported : Dmpu
2024-07-14 10:30:45,236 [ERROR] ConditionMgr:805 - Attr not supported : Dmpu
2024-07-14 10:30:45,237 [ERROR] ConditionMgr:805 - Attr not supported : Dmpu
2024-07-14 10:30:45,237 [ERROR] ConditionMgr:805 - Attr not supported : Dmpu
2024-07-14 10:30:45,237 [ERROR] ConditionMgr:805 - Attr not supported : Dmpu
2024-07-14 10:30:45,237 [ERROR] ConditionMgr:805 - Attr not supported : Dmpu
2024-07-14 10:30:45,237 [ERROR] ConditionMgr:805 - Attr not supported : Dmpu
2024-07-14 10:30:45,237 [ERROR] ConditionMgr:805 - Attr not supported : Dmpu
2024-07-14 10:30:45,237 [ERROR] ConditionMgr:805 - Attr not supported : Dmpu
2024-07-14 10:30:45,237 [ERROR] ConditionMgr:805 - Attr not supported : Dmpu
2024-07-14 10:30:45,237 [ERROR] ConditionMgr:805 - Attr not supported : Dmpu
2024-07-14 10:30:45,237 [ERROR] ConditionMgr:805 - Attr not supported : Dmpu
2024-07-14 10:30:45,238 [ERROR] ConditionMgr:805 - Attr not supported : Dmpu
2024-07-14 10:30:45,238 [ERROR] ConditionMgr:805 - Attr not supported : Dmpu
2024-07-14 10:30:45,238 [ERROR] ConditionMgr:805 - Attr not supported : Dmpu
2024-07-14 10:30:45,238 [ERROR] ConditionMgr:805 - Attr not supported : Dmpu
2024-07-14 10:30:45,238 [ERROR] ConditionMgr:805 - Attr not supported : Dmpu
2024-07-14 10:30:45,238 [ERROR] ConditionMgr:805 - Attr not supported : Dmpu
2024-07-14 10:30:45,238 [ERROR] ConditionMgr:805 - Attr not supported : Dmpu
2024-07-14 10:30:45,238 [ERROR] ConditionMgr:805 - Attr not supported : Dmpu
2024-07-14 10:30:45,239 [ERROR] ConditionMgr:805 - Attr not supported : Dmpu
2024-07-14 10:30:45,239 [ERROR] ConditionMgr:805 - Attr not supported : Dmpu
2024-07-14 10:30:45,239 [ERROR] ConditionMgr:805 - Attr not supported : Dmpu
2024-07-14 10:30:45,239 [ERROR] ConditionMgr:805 - Attr not supported : Dmpu
2024-07-14 10:30:45,239 [ERROR] ConditionMgr:805 - Attr not supported : Dmpu
2024-07-14 10:30:45,239 [ERROR] ConditionMgr:805 - Attr not supported : Dmpu
2024-07-14 10:30:45,239 [ERROR] ConditionMgr:805 - Attr not supported : Dmpu
2024-07-14 10:30:45,239 [ERROR] ConditionMgr:805 - Attr not supported : Dmpu
2024-07-14 10:30:45,239 [ERROR] ConditionMgr:805 - Attr not supported : Dmpu
2024-07-14 10:30:45,239 [ERROR] ConditionMgr:805 - Attr not supported : Dmpu
2024-07-14 10:30:45,239 [ERROR] ConditionMgr:805 - Attr not supported : Dmpu
2024-07-14 10:30:45,240 [ERROR] ConditionMgr:805 - Attr not supported : Dmpu
2024-07-14 10:30:45,240 [ERROR] ConditionMgr:805 - Attr not supported : Dmpu
2024-07-14 10:30:45,240 [ERROR] ConditionMgr:805 - Attr not supported : Dmpu
2024-07-14 10:30:45,240 [ERROR] ConditionMgr:805 - Attr not supported : Dmpu
2024-07-14 10:30:45,240 [ERROR] ConditionMgr:805 - Attr not supported : Dmpu
2024-07-14 10:30:45,240 [ERROR] ConditionMgr:805 - Attr not supported : Dmpu
2024-07-14 10:30:45,240 [ERROR] ConditionMgr:805 - Attr not supported : Dmpu
2024-07-14 10:30:45,240 [ERROR] ConditionMgr:805 - Attr not supported : Dmpu
2024-07-14 10:30:45,240 [ERROR] ConditionMgr:805 - Attr not supported : Dmpu
2024-07-14 10:30:45,240 [ERROR] ConditionMgr:805 - Attr not supported : Dmpu
2024-07-14 10:30:45,240 [ERROR] ConditionMgr:805 - Attr not supported : Dmpu
2024-07-14 10:30:45,240 [ERROR] ConditionMgr:805 - Attr not supported : Dmpu
2024-07-14 10:30:45,240 [ERROR] ConditionMgr:805 - Attr not supported : Dmpu
2024-07-14 10:30:45,240 [ERROR] ConditionMgr:805 - Attr not supported : Dmpu
2024-07-14 10:30:45,246 [WARN] PackLoader:240 - Cannot read IP mode file for RealThread.X-CUBE-RT-Thread_Nano.4.1.1
2024-07-14 10:30:45,252 [WARN] PackLoader:240 - Cannot read IP mode file for wolfSSL.I-CUBE-wolfSSL.5.7.0
2024-07-14 10:30:45,257 [WARN] PackLoader:240 - Cannot read IP mode file for STMicroelectronics.FP-ATR-SIGFOX1.3.2.0
2024-07-14 10:30:45,264 [WARN] PackLoader:240 - Cannot read IP mode file for STMicroelectronics.X-CUBE-EEPRMA1.5.1.0
2024-07-14 10:30:45,271 [WARN] PackLoader:240 - Cannot read IP mode file for ITTIA_DB.I-CUBE-ITTIADB.8.9.0
2024-07-14 10:30:45,297 [WARN] PackLoader:240 - Cannot read IP mode file for SEGGER.I-CUBE-embOS.1.3.1
2024-07-14 10:30:45,334 [WARN] PackLoader:240 - Cannot read IP mode file for STMicroelectronics.X-CUBE-ALGOBUILD.1.4.0
2024-07-14 10:30:45,342 [WARN] PackLoader:240 - Cannot read IP mode file for STMicroelectronics.X-CUBE-GNSS1.6.0.0
2024-07-14 10:30:45,359 [WARN] PackLoader:240 - Cannot read IP mode file for STMicroelectronics.X-CUBE-AZRTOS-F4.1.1.0
2024-07-14 10:30:45,370 [WARN] PackLoader:240 - Cannot read IP mode file for STMicroelectronics.X-CUBE-FREERTOS.1.2.0
2024-07-14 10:30:45,386 [WARN] PackLoader:240 - Cannot read IP mode file for STMicroelectronics.X-CUBE-AZRTOS-L5.2.0.0
2024-07-14 10:30:45,395 [WARN] PackLoader:240 - Cannot read IP mode file for STMicroelectronics.X-CUBE-NFC6.3.1.0
2024-07-14 10:30:45,402 [WARN] PackLoader:240 - Cannot read IP mode file for STMicroelectronics.X-CUBE-DPower.1.2.0
2024-07-14 10:30:45,405 [WARN] PackLoader:240 - Cannot read IP mode file for STMicroelectronics.X-CUBE-AI.9.0.0
2024-07-14 10:30:45,410 [WARN] PackLoader:240 - Cannot read IP mode file for STMicroelectronics.X-CUBE-NFC7.1.0.1
2024-07-14 10:30:45,414 [WARN] PackLoader:240 - Cannot read IP mode file for wolfSSL.I-CUBE-wolfTPM.3.2.0
2024-07-14 10:30:45,429 [WARN] ConditionMgr:438 - getConditionDescription Invalid condition id : LAN8742 Phy interface Condition cause : null
2024-07-14 10:30:45,429 [WARN] PackLoader:240 - Cannot read IP mode file for STMicroelectronics.X-CUBE-AZRTOS-L4.2.0.0
2024-07-14 10:30:45,431 [WARN] ConditionMgr:1039 - genDependencies : Invalid condition id : LAN8742 Phy interface Condition cause : null
2024-07-14 10:30:45,431 [WARN] ConditionMgr:1039 - genDependencies : Invalid condition id : LAN8742 Phy interface Condition cause : null
2024-07-14 10:30:45,432 [WARN] ConditionMgr:1039 - genDependencies : Invalid condition id : LAN8742 Phy interface Condition cause : null
2024-07-14 10:30:45,440 [WARN] PackLoader:240 - Cannot read IP mode file for STMicroelectronics.X-CUBE-SFXS2LP1.4.0.0
2024-07-14 10:30:45,452 [WARN] ConditionMgr:438 - getConditionDescription Invalid condition id : UX DEVICE CLASS RTOS Condition cause : null
2024-07-14 10:30:45,452 [WARN] ConditionMgr:438 - getConditionDescription Invalid condition id : UX DEVICE CLASS RTOS Condition cause : null
2024-07-14 10:30:45,454 [WARN] PackLoader:240 - Cannot read IP mode file for STMicroelectronics.X-CUBE-AZRTOS-WB.2.0.0
2024-07-14 10:30:45,454 [WARN] ConditionMgr:1039 - genDependencies : Invalid condition id : UX DEVICE CLASS RTOS Condition cause : null
2024-07-14 10:30:45,454 [WARN] ConditionMgr:1039 - genDependencies : Invalid condition id : UX DEVICE CLASS RTOS Condition cause : null
2024-07-14 10:30:45,455 [WARN] ConditionMgr:1039 - genDependencies : Invalid condition id : UX DEVICE CLASS RTOS Condition cause : null
2024-07-14 10:30:45,455 [WARN] ConditionMgr:1039 - genDependencies : Invalid condition id : UX DEVICE CLASS RTOS Condition cause : null
2024-07-14 10:30:45,455 [WARN] ConditionMgr:1039 - genDependencies : Invalid condition id : UX DEVICE CLASS RTOS Condition cause : null
2024-07-14 10:30:45,464 [WARN] PackLoader:240 - Cannot read IP mode file for STMicroelectronics.X-CUBE-SUBG2.5.0.0
2024-07-14 10:30:45,480 [WARN] PackLoader:240 - Cannot read IP mode file for STMicroelectronics.X-CUBE-AZRTOS-G4.2.0.0
2024-07-14 10:30:45,486 [WARN] PackLoader:240 - Cannot read IP mode file for STMicroelectronics.X-CUBE-ISPU.2.0.0
2024-07-14 10:30:45,491 [WARN] PackLoader:240 - Cannot read IP mode file for STMicroelectronics.X-CUBE-ALS.1.0.2
2024-07-14 10:30:45,522 [WARN] PackLoader:240 - Cannot read IP mode file for STMicroelectronics.X-CUBE-MEMS1.10.0.0
2024-07-14 10:30:45,616 [WARN] PackLoader:240 - Cannot read IP mode file for STMicroelectronics.X-CUBE-TOUCHGFX.4.24.0
2024-07-14 10:30:45,622 [WARN] PackLoader:240 - Cannot read IP mode file for portGmbH.I-Cube-SoM-uGOAL.1.1.0
2024-07-14 10:30:45,627 [WARN] PackLoader:240 - Cannot read IP mode file for STMicroelectronics.X-CUBE-ALS.1.0.1
2024-07-14 10:30:45,644 [WARN] PackLoader:240 - Cannot read IP mode file for STMicroelectronics.X-CUBE-AZRTOS-H7RS.1.0.0
2024-07-14 10:30:45,652 [WARN] PackLoader:240 - Cannot read IP mode file for STMicroelectronics.FP-ATR-ASTRA1.2.0.0
2024-07-14 10:30:45,665 [WARN] PackLoader:240 - Cannot read IP mode file for STMicroelectronics.X-CUBE-TOF1.3.4.1
2024-07-14 10:30:45,700 [WARN] PackLoader:240 - Cannot read IP mode file for STMicroelectronics.X-CUBE-AZRTOS-H7.3.2.0
2024-07-14 10:30:45,716 [WARN] PackLoader:240 - Cannot read IP mode file for Infineon.AIROC-Wi-Fi-Bluetooth-STM32.1.6.0
2024-07-14 10:30:45,726 [WARN] PackLoader:240 - Cannot read IP mode file for wolfSSL.I-CUBE-wolfSSH.1.4.17
2024-07-14 10:30:45,726 [INFO] ThirdParty:978 - Integrity check success = true
2024-07-14 10:30:45,726 [INFO] IntegrityCheckThread:100 - exiting critical section [integrity check]
2024-07-14 10:30:45,726 [INFO] IntegrityCheckThread:103 - End integrity checks thread
2024-07-14 10:35:00,926 [ERROR] LogOutputStream:75 - [STDERR_REDIRECT] 
2024-07-14 10:35:00,927 [ERROR] LogOutputStream:75 - [STDERR_REDIRECT] 
