2025-06-16 21:04:22,860 [INFO] Activator:176 - 


2025-06-16 21:04:22,868 [INFO] Activator:177 - !SESSION log4j initialized
2025-06-16 21:04:31,053 [INFO] LogOutputStream:77 - [STDOUT_REDIRECT] 
2025-06-16 21:04:36,522 [INFO] ApplicationProperties:184 - Using Application install path: C:\ST\STM32CubeIDE_1.15.1\STM32CubeIDE\plugins\com.st.stm32cube.common.mx_6.11.1.202404110753
2025-06-16 21:04:36,560 [INFO] DbMcusXml:78 - Set database path to: C:\ST\STM32CubeIDE_1.15.1\STM32CubeIDE\plugins\com.st.stm32cube.common.mx_6.11.1.202404110753\\db\/mcu/
2025-06-16 21:04:36,561 [INFO] ApiDb:274 - Set plugin database path to: C:\ST\STM32CubeIDE_1.15.1\STM32CubeIDE\plugins\com.st.stm32cube.common.mx_6.11.1.202404110753\\db\/plugins/boardmanager/
2025-06-16 21:04:36,561 [WARN] ApiDb:259 - Overriding images path with different value:  => C:\ST\STM32CubeIDE_1.15.1\STM32CubeIDE\plugins\com.st.stm32cube.common.mx_6.11.1.202404110753\\db\/plugins/mcufinder/images/
2025-06-16 21:04:36,592 [INFO] ApiDb:250 - Set database path to: C:\Users\dbank\.stmcufinder\plugins\mcufinder//mcu/
2025-06-16 21:04:36,595 [INFO] DbMcusAds:125 - Set database path to: C:\Users\dbank\.stmcufinder\plugins\mcufinder//mcu/
2025-06-16 21:04:36,605 [INFO] CrossReferenceDbSqlite:203 - Set database path to: C:\Users\dbank\.stmcufinder\plugins\mcufinder//mcu/cs/
2025-06-16 21:04:37,050 [INFO] RulesReader:64 - Compatibility file has been processed (297 Rules)
2025-06-16 21:04:37,318 [INFO] DbMcusXml:78 - Set database path to: C:\ST\STM32CubeIDE_1.15.1\STM32CubeIDE\plugins\com.st.stm32cube.common.mx_6.11.1.202404110753\\db\/mcu/
2025-06-16 21:04:37,318 [INFO] ApiDb:274 - Set plugin database path to: C:\ST\STM32CubeIDE_1.15.1\STM32CubeIDE\plugins\com.st.stm32cube.common.mx_6.11.1.202404110753\\db\/plugins/boardmanager/
2025-06-16 21:04:37,320 [INFO] ApiDb:261 - Set plugin images path to: C:\ST\STM32CubeIDE_1.15.1\STM32CubeIDE\plugins\com.st.stm32cube.common.mx_6.11.1.202404110753\\db\/plugins/mcufinder/images/
2025-06-16 21:04:37,320 [WARN] DbFile:41 - Overriding database path with different value: C:\Users\dbank\.stmcufinder\plugins\mcufinder/ => C:\Users\dbank\.stmcufinder\plugins\mcufinder
2025-06-16 21:04:37,320 [INFO] ApiDb:250 - Set database path to: C:\Users\dbank\.stmcufinder\plugins\mcufinder//mcu/
2025-06-16 21:04:37,320 [WARN] DbFile:41 - Overriding database path with different value: C:\Users\dbank\.stmcufinder\plugins\mcufinder/ => C:\Users\dbank\.stmcufinder\plugins\mcufinder
2025-06-16 21:04:37,320 [INFO] DbMcusAds:125 - Set database path to: C:\Users\dbank\.stmcufinder\plugins\mcufinder//mcu/
2025-06-16 21:04:37,320 [WARN] DbFile:41 - Overriding database path with different value: C:\Users\dbank\.stmcufinder\plugins\mcufinder/ => C:\Users\dbank\.stmcufinder\plugins\mcufinder
2025-06-16 21:04:37,320 [WARN] DbFile:41 - Overriding database path with different value: C:\Users\dbank\.stmcufinder\plugins\mcufinder/ => C:\Users\dbank\.stmcufinder\plugins\mcufinder
2025-06-16 21:04:37,320 [INFO] CrossReferenceDbSqlite:203 - Set database path to: C:\Users\dbank\.stmcufinder\plugins\mcufinder//mcu/cs/
2025-06-16 21:04:37,614 [INFO] MainPanel:264 - HeapMemory: 268435456
2025-06-16 21:04:37,966 [INFO] DbMcusXml:78 - Set database path to: C:\ST\STM32CubeIDE_1.15.1\STM32CubeIDE\plugins\com.st.stm32cube.common.mx_6.11.1.202404110753\\db\/mcu/
2025-06-16 21:04:37,966 [INFO] ApiDb:274 - Set plugin database path to: C:\ST\STM32CubeIDE_1.15.1\STM32CubeIDE\plugins\com.st.stm32cube.common.mx_6.11.1.202404110753\\db\/plugins/boardmanager/
2025-06-16 21:04:37,968 [INFO] ApiDb:261 - Set plugin images path to: C:\ST\STM32CubeIDE_1.15.1\STM32CubeIDE\plugins\com.st.stm32cube.common.mx_6.11.1.202404110753\\db\/plugins/mcufinder/images/
2025-06-16 21:04:37,970 [WARN] DbFile:41 - Overriding database path with different value: C:\Users\dbank\.stmcufinder\plugins\mcufinder/ => C:\Users\dbank\.stmcufinder\plugins\mcufinder
2025-06-16 21:04:37,970 [INFO] ApiDb:250 - Set database path to: C:\Users\dbank\.stmcufinder\plugins\mcufinder//mcu/
2025-06-16 21:04:37,970 [WARN] DbFile:41 - Overriding database path with different value: C:\Users\dbank\.stmcufinder\plugins\mcufinder/ => C:\Users\dbank\.stmcufinder\plugins\mcufinder
2025-06-16 21:04:37,970 [INFO] DbMcusAds:125 - Set database path to: C:\Users\dbank\.stmcufinder\plugins\mcufinder//mcu/
2025-06-16 21:04:37,970 [WARN] DbFile:41 - Overriding database path with different value: C:\Users\dbank\.stmcufinder\plugins\mcufinder/ => C:\Users\dbank\.stmcufinder\plugins\mcufinder
2025-06-16 21:04:37,970 [WARN] DbFile:41 - Overriding database path with different value: C:\Users\dbank\.stmcufinder\plugins\mcufinder/ => C:\Users\dbank\.stmcufinder\plugins\mcufinder
2025-06-16 21:04:37,970 [INFO] CrossReferenceDbSqlite:203 - Set database path to: C:\Users\dbank\.stmcufinder\plugins\mcufinder//mcu/cs/
2025-06-16 21:04:38,043 [INFO] ApplicationProperties:184 - Using Application install path: C:\ST\STM32CubeIDE_1.15.1\STM32CubeIDE\plugins\com.st.stm32cube.common.mx_6.11.1.202404110753
2025-06-16 21:04:38,053 [INFO] PluginManage:196 - Search for loadable plugins [exclusion list=, ]
2025-06-16 21:04:38,061 [INFO] PluginManage:310 - Check plugin analytics
2025-06-16 21:04:38,894 [INFO] AnalyticsPlugin:253 - Accepted Software Licenses: STM32CubeMX.6.11.1
2025-06-16 21:04:38,895 [INFO] AnalyticsPlugin:255 - Accepted CMSIS Pack Licenses: STMicroelectronics.X-CUBE-AZRTOS-H7.3.3.0
2025-06-16 21:04:38,895 [INFO] AnalyticsPlugin:257 - Accepted Firmware Licenses: FW.H7.1.11.0,FW.H7.1.10.0,FW.L4.1.18.0,FW.F4.1.28.0,FW.MP1.1.6.0,FW.F7.1.17.0
2025-06-16 21:04:38,901 [INFO] PluginManage:359 - Loaded plugin analytics (category:tool,tabindex:-1)
2025-06-16 21:04:38,903 [INFO] PluginManage:310 - Check plugin cadmodel
2025-06-16 21:04:38,938 [INFO] CADModel:105 - Init CAD model plugin
2025-06-16 21:04:38,938 [INFO] PluginManage:359 - Loaded plugin cadmodel (category:power,tabindex:5)
2025-06-16 21:04:38,939 [INFO] PluginManage:310 - Check plugin clock
2025-06-16 21:04:38,982 [INFO] PluginManage:359 - Loaded plugin clock (category:base,tabindex:2)
2025-06-16 21:04:38,982 [INFO] PluginManage:310 - Check plugin ddr
2025-06-16 21:04:38,987 [INFO] PluginManage:359 - Loaded plugin ddr (category:tool,tabindex:6)
2025-06-16 21:04:38,989 [INFO] PluginManage:310 - Check plugin filemanager
2025-06-16 21:04:39,314 [INFO] PluginManage:359 - Loaded plugin filemanager (category:base,tabindex:10)
2025-06-16 21:04:39,314 [INFO] PluginManage:310 - Check plugin ipmanager
2025-06-16 21:04:39,330 [INFO] PluginManage:359 - Loaded plugin ipmanager (category:base,tabindex:5)
2025-06-16 21:04:39,331 [INFO] PluginManage:310 - Check plugin lpbam
2025-06-16 21:04:39,378 [INFO] PluginManage:359 - Loaded plugin lpbam (category:base,tabindex:0)
2025-06-16 21:04:39,379 [INFO] PluginManage:310 - Check plugin memorymap
2025-06-16 21:04:39,456 [INFO] PluginManage:359 - Loaded plugin memorymap (category:base,tabindex:4)
2025-06-16 21:04:39,456 [INFO] PluginManage:310 - Check plugin pinoutandconfiguration
2025-06-16 21:04:39,517 [INFO] PluginManage:359 - Loaded plugin pinoutandconfiguration (category:base,tabindex:1)
2025-06-16 21:04:39,517 [INFO] PluginManage:310 - Check plugin pinoutconfig
2025-06-16 21:04:39,868 [WARN] SupportedApi:132 - Cannot load RTOS API schema: s4s-elt-must-match.1: The content of 'definitions' must match (annotation?, (simpleType | complexType)?, (unique | key | keyref)*)). A problem was found starting at: attribute.
2025-06-16 21:04:40,492 [INFO] PluginManage:359 - Loaded plugin pinoutconfig (category:base,tabindex:0)
2025-06-16 21:04:40,494 [INFO] PluginManage:310 - Check plugin power
2025-06-16 21:04:40,550 [INFO] PluginManage:359 - Loaded plugin power (category:power,tabindex:4)
2025-06-16 21:04:40,550 [INFO] PluginManage:310 - Check plugin projectmanager
2025-06-16 21:04:40,587 [INFO] PluginManage:359 - Loaded plugin projectmanager (category:projectmanager,tabindex:3)
2025-06-16 21:04:40,587 [INFO] PluginManage:310 - Check plugin thirdparty
2025-06-16 21:04:41,444 [INFO] PluginManage:359 - Loaded plugin thirdparty (category:base,tabindex:-1)
2025-06-16 21:04:41,443 [WARN] IntegrityCheckThread:84 - waiting for thirdparty lock release [integrity check]
2025-06-16 21:04:41,444 [INFO] IntegrityCheckThread:86 - entering critical section [integrity check]
2025-06-16 21:04:41,444 [INFO] PluginManage:310 - Check plugin tools
2025-06-16 21:04:41,446 [INFO] ThirdPartyUpdaterWithRetryManager:70 - Updater plugin not ready yet. [1/15]
2025-06-16 21:04:41,567 [INFO] PluginManage:359 - Loaded plugin tools (category:base,tabindex:7)
2025-06-16 21:04:41,567 [INFO] PluginManage:310 - Check plugin tutovideos
2025-06-16 21:04:42,434 [INFO] PluginManage:359 - Loaded plugin tutovideos (category:base,tabindex:-1)
2025-06-16 21:04:42,434 [INFO] PluginManage:310 - Check plugin updater
2025-06-16 21:04:42,473 [INFO] PluginManage:359 - Loaded plugin updater (category:base,tabindex:12)
2025-06-16 21:04:42,473 [INFO] PluginManage:310 - Check plugin userauth
2025-06-16 21:04:42,491 [INFO] UserAuth:114 - Init User Auth plugin
2025-06-16 21:04:42,491 [INFO] PluginManage:359 - Loaded plugin userauth (category:base,tabindex:14)
2025-06-16 21:04:42,494 [INFO] PluginManage:283 - PluginManage : Loaded plugins [17]
2025-06-16 21:04:43,253 [INFO] PinOutPanel:1561 - setPackage(No Configuration,No Configuration)
2025-06-16 21:04:43,510 [INFO] CADModel:165 - CPN selected for project level
2025-06-16 21:04:43,510 [INFO] CADModel:114 - Register for checkConnection events
2025-06-16 21:04:43,623 [INFO] IPUIPlugin:80 - create IPUIPlugin
2025-06-16 21:04:43,623 [INFO] PluginManager:220 - loadIPPluginJar : add adc
2025-06-16 21:04:43,752 [INFO] IPUIPlugin:80 - create IPUIPlugin
2025-06-16 21:04:43,752 [INFO] PluginManager:220 - loadIPPluginJar : add aes
2025-06-16 21:04:43,930 [INFO] IPUIPlugin:80 - create IPUIPlugin
2025-06-16 21:04:43,930 [INFO] PluginManager:220 - loadIPPluginJar : add can
2025-06-16 21:04:44,036 [INFO] IPUIPlugin:80 - create IPUIPlugin
2025-06-16 21:04:44,036 [INFO] PluginManager:220 - loadIPPluginJar : add comp
2025-06-16 21:04:44,168 [INFO] IPUIPlugin:80 - create IPUIPlugin
2025-06-16 21:04:44,169 [INFO] PluginManager:220 - loadIPPluginJar : add cryp
2025-06-16 21:04:44,281 [INFO] IPUIPlugin:80 - create IPUIPlugin
2025-06-16 21:04:44,281 [INFO] PluginManager:220 - loadIPPluginJar : add dfsdm
2025-06-16 21:04:44,328 [INFO] IPUIPlugin:80 - create IPUIPlugin
2025-06-16 21:04:44,330 [INFO] PluginManager:220 - loadIPPluginJar : add dma
2025-06-16 21:04:44,451 [INFO] ThirdPartyUpdaterWithRetryManager:70 - Updater plugin not ready yet. [2/15]
2025-06-16 21:04:44,488 [INFO] IPUIPlugin:80 - create IPUIPlugin
2025-06-16 21:04:44,488 [INFO] PluginManager:220 - loadIPPluginJar : add dma3
2025-06-16 21:04:44,699 [INFO] IPUIPlugin:80 - create IPUIPlugin
2025-06-16 21:04:44,699 [INFO] PluginManager:220 - loadIPPluginJar : add extmemmanager
2025-06-16 21:04:44,773 [INFO] IPUIPlugin:80 - create IPUIPlugin
2025-06-16 21:04:44,775 [INFO] PluginManager:220 - loadIPPluginJar : add fatfs
2025-06-16 21:04:44,934 [INFO] IPUIPlugin:80 - create IPUIPlugin
2025-06-16 21:04:44,934 [INFO] PluginManager:220 - loadIPPluginJar : add fmc
2025-06-16 21:04:44,996 [INFO] IPUIPlugin:80 - create IPUIPlugin
2025-06-16 21:04:44,998 [INFO] PluginManager:220 - loadIPPluginJar : add freertos
2025-06-16 21:04:45,081 [INFO] IPUIPlugin:80 - create IPUIPlugin
2025-06-16 21:04:45,081 [INFO] PluginManager:220 - loadIPPluginJar : add genericplugin
2025-06-16 21:04:45,406 [INFO] IPUIPlugin:80 - create IPUIPlugin
2025-06-16 21:04:45,408 [INFO] PluginManager:220 - loadIPPluginJar : add gfxmmu
2025-06-16 21:04:45,828 [INFO] IPUIPlugin:80 - create IPUIPlugin
2025-06-16 21:04:45,828 [INFO] PluginManager:220 - loadIPPluginJar : add gic
2025-06-16 21:04:45,866 [INFO] IPUIPlugin:80 - create IPUIPlugin
2025-06-16 21:04:45,866 [INFO] PluginManager:220 - loadIPPluginJar : add gpio
2025-06-16 21:04:46,122 [INFO] IPUIPlugin:80 - create IPUIPlugin
2025-06-16 21:04:46,122 [INFO] PluginManager:220 - loadIPPluginJar : add gtzc
2025-06-16 21:04:46,224 [INFO] IPUIPlugin:80 - create IPUIPlugin
2025-06-16 21:04:46,225 [INFO] PluginManager:220 - loadIPPluginJar : add hash
2025-06-16 21:04:46,409 [INFO] IPUIPlugin:80 - create IPUIPlugin
2025-06-16 21:04:46,409 [INFO] PluginManager:220 - loadIPPluginJar : add i2c
2025-06-16 21:04:46,537 [INFO] IPUIPlugin:80 - create IPUIPlugin
2025-06-16 21:04:46,538 [INFO] PluginManager:220 - loadIPPluginJar : add i2s
2025-06-16 21:04:46,666 [INFO] IPUIPlugin:80 - create IPUIPlugin
2025-06-16 21:04:46,668 [INFO] PluginManager:220 - loadIPPluginJar : add i3c
2025-06-16 21:04:46,988 [INFO] IPUIPlugin:80 - create IPUIPlugin
2025-06-16 21:04:46,988 [INFO] PluginManager:220 - loadIPPluginJar : add ipddr
2025-06-16 21:04:47,319 [INFO] IPUIPlugin:80 - create IPUIPlugin
2025-06-16 21:04:47,320 [INFO] PluginManager:220 - loadIPPluginJar : add linkedlist
2025-06-16 21:04:47,435 [INFO] IPUIPlugin:80 - create IPUIPlugin
2025-06-16 21:04:47,435 [INFO] PluginManager:220 - loadIPPluginJar : add lorawan
2025-06-16 21:04:47,452 [INFO] ThirdPartyUpdaterWithRetryManager:70 - Updater plugin not ready yet. [3/15]
2025-06-16 21:04:47,566 [INFO] IPUIPlugin:80 - create IPUIPlugin
2025-06-16 21:04:47,566 [INFO] PluginManager:220 - loadIPPluginJar : add ltdc
2025-06-16 21:04:47,612 [INFO] IPUIPlugin:80 - create IPUIPlugin
2025-06-16 21:04:47,613 [INFO] PluginManager:220 - loadIPPluginJar : add mdma
2025-06-16 21:04:47,654 [INFO] IPUIPlugin:80 - create IPUIPlugin
2025-06-16 21:04:47,654 [INFO] PluginManager:220 - loadIPPluginJar : add nvic
2025-06-16 21:04:47,776 [INFO] IPUIPlugin:80 - create IPUIPlugin
2025-06-16 21:04:47,776 [INFO] PluginManager:220 - loadIPPluginJar : add opamp
2025-06-16 21:04:48,011 [INFO] IPUIPlugin:80 - create IPUIPlugin
2025-06-16 21:04:48,012 [INFO] PluginManager:220 - loadIPPluginJar : add openamp
2025-06-16 21:04:48,163 [INFO] IPUIPlugin:80 - create IPUIPlugin
2025-06-16 21:04:48,163 [INFO] PluginManager:220 - loadIPPluginJar : add pdm2pcm
2025-06-16 21:04:48,202 [INFO] IPUIPlugin:80 - create IPUIPlugin
2025-06-16 21:04:48,210 [INFO] PluginManager:220 - loadIPPluginJar : add plateformsettings
2025-06-16 21:04:48,288 [INFO] IPUIPlugin:80 - create IPUIPlugin
2025-06-16 21:04:48,288 [INFO] PluginManager:220 - loadIPPluginJar : add quadspi
2025-06-16 21:04:48,329 [INFO] IPUIPlugin:80 - create IPUIPlugin
2025-06-16 21:04:48,329 [INFO] PluginManager:220 - loadIPPluginJar : add resmgrutility
2025-06-16 21:04:48,483 [INFO] IPUIPlugin:80 - create IPUIPlugin
2025-06-16 21:04:48,483 [INFO] PluginManager:220 - loadIPPluginJar : add sai
2025-06-16 21:04:48,599 [INFO] IPUIPlugin:80 - create IPUIPlugin
2025-06-16 21:04:48,599 [INFO] PluginManager:220 - loadIPPluginJar : add spi
2025-06-16 21:04:48,816 [INFO] IPUIPlugin:80 - create IPUIPlugin
2025-06-16 21:04:48,816 [INFO] PluginManager:220 - loadIPPluginJar : add stm32_wpan
2025-06-16 21:04:48,908 [INFO] IPUIPlugin:80 - create IPUIPlugin
2025-06-16 21:04:48,908 [INFO] PluginManager:220 - loadIPPluginJar : add tim
2025-06-16 21:04:49,109 [INFO] IPUIPlugin:80 - create IPUIPlugin
2025-06-16 21:04:49,109 [INFO] PluginManager:220 - loadIPPluginJar : add touchsensing
2025-06-16 21:04:49,190 [INFO] IPUIPlugin:80 - create IPUIPlugin
2025-06-16 21:04:49,190 [INFO] PluginManager:220 - loadIPPluginJar : add tracer_emb
2025-06-16 21:04:49,277 [INFO] IPUIPlugin:80 - create IPUIPlugin
2025-06-16 21:04:49,277 [INFO] PluginManager:220 - loadIPPluginJar : add ts
2025-06-16 21:04:49,364 [INFO] IPUIPlugin:80 - create IPUIPlugin
2025-06-16 21:04:49,364 [INFO] PluginManager:220 - loadIPPluginJar : add tsc
2025-06-16 21:04:49,449 [INFO] IPUIPlugin:80 - create IPUIPlugin
2025-06-16 21:04:49,449 [INFO] PluginManager:220 - loadIPPluginJar : add ucpd
2025-06-16 21:04:49,600 [INFO] IPUIPlugin:80 - create IPUIPlugin
2025-06-16 21:04:49,600 [INFO] PluginManager:220 - loadIPPluginJar : add usart
2025-06-16 21:04:49,741 [INFO] IPUIPlugin:80 - create IPUIPlugin
2025-06-16 21:04:49,741 [INFO] PluginManager:220 - loadIPPluginJar : add usbx
2025-06-16 21:04:50,025 [INFO] CADModel:165 - CPN selected for project level
2025-06-16 21:04:50,025 [INFO] CADModel:114 - Register for checkConnection events
2025-06-16 21:04:50,025 [FATAL] Updater:308 - Updater called before beeing initialized
2025-06-16 21:04:50,025 [ERROR] CADModel:125 - Updater not yet initialized, retry later 
2025-06-16 21:04:50,411 [INFO] CADModel:165 - CPN selected for project level
2025-06-16 21:04:50,411 [INFO] CADModel:114 - Register for checkConnection events
2025-06-16 21:04:50,411 [FATAL] Updater:308 - Updater called before beeing initialized
2025-06-16 21:04:50,411 [ERROR] CADModel:125 - Updater not yet initialized, retry later 
2025-06-16 21:04:50,422 [FATAL] Updater:308 - Updater called before beeing initialized
2025-06-16 21:04:50,455 [INFO] ThirdPartyUpdaterWithRetryManager:70 - Updater plugin not ready yet. [4/15]
2025-06-16 21:04:50,677 [FATAL] Updater:308 - Updater called before beeing initialized
2025-06-16 21:04:50,717 [INFO] DbMcusAds:53 - JSON generation date=Wed May 07 11:07:55 CEST 2025 (1746608875484)
2025-06-16 21:04:50,717 [FATAL] Updater:308 - Updater called before beeing initialized
2025-06-16 21:04:50,935 [WARN] DetailPanel:346 - Failed to get advertising image, set to default
2025-06-16 21:04:51,129 [FATAL] Updater:308 - Updater called before beeing initialized
2025-06-16 21:04:51,137 [FATAL] Updater:308 - Updater called before beeing initialized
2025-06-16 21:04:51,137 [FATAL] Updater:308 - Updater called before beeing initialized
2025-06-16 21:04:51,137 [WARN] DetailPanel:346 - Failed to get advertising image, set to default
2025-06-16 21:04:51,140 [FATAL] Updater:308 - Updater called before beeing initialized
2025-06-16 21:04:51,296 [ERROR] Updater:1120 - MainUpdater not yet initialized. External WinMGr cannot be set.
2025-06-16 21:04:51,321 [INFO] Updater:1056 - Updater Version found : 6.11.1
2025-06-16 21:04:51,383 [INFO] ApplicationProperties:184 - Using Application install path: C:\ST\STM32CubeIDE_1.15.1\STM32CubeIDE\plugins\com.st.stm32cube.common.mx_6.11.1.202404110753
2025-06-16 21:04:53,015 [ERROR] LogOutputStream:75 - [STDERR_REDIRECT] Jun 16, 2025 9:04:53 PM java.util.prefs.WindowsPreferences <init>
2025-06-16 21:04:53,017 [ERROR] LogOutputStream:75 - [STDERR_REDIRECT] WARNING: Could not open/create prefs root node Software\JavaSoft\Prefs at root 0xffffffff80000002. Windows RegCreateKeyEx(...) returned error code 5.
2025-06-16 21:04:53,019 [ERROR] LogOutputStream:75 - [STDERR_REDIRECT] 
2025-06-16 21:04:53,457 [FATAL] Updater:308 - Updater called before beeing initialized
2025-06-16 21:04:53,457 [ERROR] IntegrityCheckThread:130 - Cannot retrieve database content from updater: error 21
2025-06-16 21:04:53,458 [INFO] ThirdParty:978 - Integrity check success = false
2025-06-16 21:04:53,458 [INFO] IntegrityCheckThread:100 - exiting critical section [integrity check]
2025-06-16 21:04:53,458 [INFO] IntegrityCheckThread:103 - End integrity checks thread
2025-06-16 21:04:54,170 [INFO] MainUpdater:2873 - connection check result : 10
2025-06-16 21:04:54,171 [INFO] MainUpdater:290 - Updater Check For Update Now.
2025-06-16 21:04:54,171 [INFO] MicroXplorer:498 - Change Database Version : DB.6.0.111
2025-06-16 21:04:54,226 [INFO] McuFinderGlobals:63 - Set McuFinder mode to 2 (CubeIDE integrated)
2025-06-16 21:04:54,258 [INFO] UserAuth:415 - Internet connection configuration mode: 1
2025-06-16 21:04:54,334 [INFO] JxBrowserEngine:152 - Initiate JxBrowser Engine with user profile folder
2025-06-16 21:04:54,487 [INFO] CheckServerUpdateThread:120 - End of CheckServer Thread
2025-06-16 21:05:03,986 [INFO] WebApp:161 - Instantiating new browser for Auth
2025-06-16 21:05:05,134 [INFO] WebApp:779 - Register for checkConnection events
2025-06-16 21:05:05,134 [INFO] WebApp:414 - Apply proxy settings
2025-06-16 21:05:05,134 [INFO] WebApp:499 - Chromium requires no authentication
2025-06-16 21:05:05,150 [INFO] WebApp:442 - Direct internet connection detected
2025-06-16 21:05:05,322 [INFO] WebApp:192 - Starting web application
2025-06-16 21:05:05,322 [INFO] WebApp:544 - Web application path used C:\ST\STM32CubeIDE_1.15.1\STM32CubeIDE\plugins\com.st.stm32cube.common.mx_6.11.1.202404110753\db\plugins\mcufinder\reactClient1\index.html
2025-06-16 22:00:58,805 [ERROR] LogOutputStream:75 - [STDERR_REDIRECT] 
