2024-11-15 22:19:55,741 [INFO] Activator:176 - 


2024-11-15 22:19:55,747 [INFO] Activator:177 - !SESSION log4j initialized
2024-11-15 22:20:01,881 [INFO] LogOutputStream:77 - [STDOUT_REDIRECT] 
2024-11-15 22:20:05,706 [INFO] ApplicationProperties:184 - Using Application install path: C:\ST\STM32CubeIDE_1.15.1\STM32CubeIDE\plugins\com.st.stm32cube.common.mx_6.11.1.202404110753
2024-11-15 22:20:05,738 [INFO] DbMcusXml:78 - Set database path to: C:\ST\STM32CubeIDE_1.15.1\STM32CubeIDE\plugins\com.st.stm32cube.common.mx_6.11.1.202404110753\\db\/mcu/
2024-11-15 22:20:05,739 [INFO] ApiDb:274 - Set plugin database path to: C:\ST\STM32CubeIDE_1.15.1\STM32CubeIDE\plugins\com.st.stm32cube.common.mx_6.11.1.202404110753\\db\/plugins/boardmanager/
2024-11-15 22:20:05,740 [WARN] ApiDb:259 - Overriding images path with different value:  => C:\ST\STM32CubeIDE_1.15.1\STM32CubeIDE\plugins\com.st.stm32cube.common.mx_6.11.1.202404110753\\db\/plugins/mcufinder/images/
2024-11-15 22:20:05,763 [INFO] ApiDb:250 - Set database path to: C:\Users\dbank\.stmcufinder\plugins\mcufinder//mcu/
2024-11-15 22:20:05,765 [INFO] DbMcusAds:125 - Set database path to: C:\Users\dbank\.stmcufinder\plugins\mcufinder//mcu/
2024-11-15 22:20:05,767 [INFO] CrossReferenceDbSqlite:203 - Set database path to: C:\Users\dbank\.stmcufinder\plugins\mcufinder//mcu/cs/
2024-11-15 22:20:05,925 [INFO] RulesReader:64 - Compatibility file has been processed (297 Rules)
2024-11-15 22:20:06,043 [INFO] DbMcusXml:78 - Set database path to: C:\ST\STM32CubeIDE_1.15.1\STM32CubeIDE\plugins\com.st.stm32cube.common.mx_6.11.1.202404110753\\db\/mcu/
2024-11-15 22:20:06,043 [INFO] ApiDb:274 - Set plugin database path to: C:\ST\STM32CubeIDE_1.15.1\STM32CubeIDE\plugins\com.st.stm32cube.common.mx_6.11.1.202404110753\\db\/plugins/boardmanager/
2024-11-15 22:20:06,043 [INFO] ApiDb:261 - Set plugin images path to: C:\ST\STM32CubeIDE_1.15.1\STM32CubeIDE\plugins\com.st.stm32cube.common.mx_6.11.1.202404110753\\db\/plugins/mcufinder/images/
2024-11-15 22:20:06,043 [WARN] DbFile:41 - Overriding database path with different value: C:\Users\dbank\.stmcufinder\plugins\mcufinder/ => C:\Users\dbank\.stmcufinder\plugins\mcufinder
2024-11-15 22:20:06,043 [INFO] ApiDb:250 - Set database path to: C:\Users\dbank\.stmcufinder\plugins\mcufinder//mcu/
2024-11-15 22:20:06,043 [WARN] DbFile:41 - Overriding database path with different value: C:\Users\dbank\.stmcufinder\plugins\mcufinder/ => C:\Users\dbank\.stmcufinder\plugins\mcufinder
2024-11-15 22:20:06,043 [INFO] DbMcusAds:125 - Set database path to: C:\Users\dbank\.stmcufinder\plugins\mcufinder//mcu/
2024-11-15 22:20:06,044 [WARN] DbFile:41 - Overriding database path with different value: C:\Users\dbank\.stmcufinder\plugins\mcufinder/ => C:\Users\dbank\.stmcufinder\plugins\mcufinder
2024-11-15 22:20:06,044 [WARN] DbFile:41 - Overriding database path with different value: C:\Users\dbank\.stmcufinder\plugins\mcufinder/ => C:\Users\dbank\.stmcufinder\plugins\mcufinder
2024-11-15 22:20:06,044 [INFO] CrossReferenceDbSqlite:203 - Set database path to: C:\Users\dbank\.stmcufinder\plugins\mcufinder//mcu/cs/
2024-11-15 22:20:06,142 [INFO] MainPanel:264 - HeapMemory: 268435456
2024-11-15 22:20:06,269 [INFO] DbMcusXml:78 - Set database path to: C:\ST\STM32CubeIDE_1.15.1\STM32CubeIDE\plugins\com.st.stm32cube.common.mx_6.11.1.202404110753\\db\/mcu/
2024-11-15 22:20:06,270 [INFO] ApiDb:274 - Set plugin database path to: C:\ST\STM32CubeIDE_1.15.1\STM32CubeIDE\plugins\com.st.stm32cube.common.mx_6.11.1.202404110753\\db\/plugins/boardmanager/
2024-11-15 22:20:06,270 [INFO] ApiDb:261 - Set plugin images path to: C:\ST\STM32CubeIDE_1.15.1\STM32CubeIDE\plugins\com.st.stm32cube.common.mx_6.11.1.202404110753\\db\/plugins/mcufinder/images/
2024-11-15 22:20:06,270 [WARN] DbFile:41 - Overriding database path with different value: C:\Users\dbank\.stmcufinder\plugins\mcufinder/ => C:\Users\dbank\.stmcufinder\plugins\mcufinder
2024-11-15 22:20:06,270 [INFO] ApiDb:250 - Set database path to: C:\Users\dbank\.stmcufinder\plugins\mcufinder//mcu/
2024-11-15 22:20:06,270 [WARN] DbFile:41 - Overriding database path with different value: C:\Users\dbank\.stmcufinder\plugins\mcufinder/ => C:\Users\dbank\.stmcufinder\plugins\mcufinder
2024-11-15 22:20:06,271 [INFO] DbMcusAds:125 - Set database path to: C:\Users\dbank\.stmcufinder\plugins\mcufinder//mcu/
2024-11-15 22:20:06,271 [WARN] DbFile:41 - Overriding database path with different value: C:\Users\dbank\.stmcufinder\plugins\mcufinder/ => C:\Users\dbank\.stmcufinder\plugins\mcufinder
2024-11-15 22:20:06,271 [WARN] DbFile:41 - Overriding database path with different value: C:\Users\dbank\.stmcufinder\plugins\mcufinder/ => C:\Users\dbank\.stmcufinder\plugins\mcufinder
2024-11-15 22:20:06,271 [INFO] CrossReferenceDbSqlite:203 - Set database path to: C:\Users\dbank\.stmcufinder\plugins\mcufinder//mcu/cs/
2024-11-15 22:20:06,304 [INFO] ApplicationProperties:184 - Using Application install path: C:\ST\STM32CubeIDE_1.15.1\STM32CubeIDE\plugins\com.st.stm32cube.common.mx_6.11.1.202404110753
2024-11-15 22:20:06,308 [INFO] PluginManage:196 - Search for loadable plugins [exclusion list=, ]
2024-11-15 22:20:06,311 [INFO] PluginManage:310 - Check plugin analytics
2024-11-15 22:20:06,720 [INFO] AnalyticsPlugin:253 - Accepted Software Licenses: STM32CubeMX.6.11.1
2024-11-15 22:20:06,720 [INFO] AnalyticsPlugin:255 - Accepted CMSIS Pack Licenses: STMicroelectronics.X-CUBE-AZRTOS-H7.3.3.0
2024-11-15 22:20:06,720 [INFO] AnalyticsPlugin:257 - Accepted Firmware Licenses: FW.H7.1.11.0,FW.H7.1.10.0,FW.L4.1.18.0,FW.F4.1.28.0
2024-11-15 22:20:06,725 [INFO] PluginManage:359 - Loaded plugin analytics (category:tool,tabindex:-1)
2024-11-15 22:20:06,725 [INFO] PluginManage:310 - Check plugin cadmodel
2024-11-15 22:20:06,752 [INFO] CADModel:105 - Init CAD model plugin
2024-11-15 22:20:06,752 [INFO] PluginManage:359 - Loaded plugin cadmodel (category:power,tabindex:5)
2024-11-15 22:20:06,752 [INFO] PluginManage:310 - Check plugin clock
2024-11-15 22:20:06,789 [INFO] PluginManage:359 - Loaded plugin clock (category:base,tabindex:2)
2024-11-15 22:20:06,790 [INFO] PluginManage:310 - Check plugin ddr
2024-11-15 22:20:06,794 [INFO] PluginManage:359 - Loaded plugin ddr (category:tool,tabindex:6)
2024-11-15 22:20:06,794 [INFO] PluginManage:310 - Check plugin filemanager
2024-11-15 22:20:07,122 [INFO] PluginManage:359 - Loaded plugin filemanager (category:base,tabindex:10)
2024-11-15 22:20:07,122 [INFO] PluginManage:310 - Check plugin ipmanager
2024-11-15 22:20:07,136 [INFO] PluginManage:359 - Loaded plugin ipmanager (category:base,tabindex:5)
2024-11-15 22:20:07,137 [INFO] PluginManage:310 - Check plugin lpbam
2024-11-15 22:20:07,173 [INFO] PluginManage:359 - Loaded plugin lpbam (category:base,tabindex:0)
2024-11-15 22:20:07,174 [INFO] PluginManage:310 - Check plugin memorymap
2024-11-15 22:20:07,217 [INFO] PluginManage:359 - Loaded plugin memorymap (category:base,tabindex:4)
2024-11-15 22:20:07,217 [INFO] PluginManage:310 - Check plugin pinoutandconfiguration
2024-11-15 22:20:07,254 [INFO] PluginManage:359 - Loaded plugin pinoutandconfiguration (category:base,tabindex:1)
2024-11-15 22:20:07,254 [INFO] PluginManage:310 - Check plugin pinoutconfig
2024-11-15 22:20:07,462 [WARN] SupportedApi:132 - Cannot load RTOS API schema: s4s-elt-must-match.1: The content of 'definitions' must match (annotation?, (simpleType | complexType)?, (unique | key | keyref)*)). A problem was found starting at: attribute.
2024-11-15 22:20:07,703 [INFO] PluginManage:359 - Loaded plugin pinoutconfig (category:base,tabindex:0)
2024-11-15 22:20:07,703 [INFO] PluginManage:310 - Check plugin power
2024-11-15 22:20:07,735 [INFO] PluginManage:359 - Loaded plugin power (category:power,tabindex:4)
2024-11-15 22:20:07,736 [INFO] PluginManage:310 - Check plugin projectmanager
2024-11-15 22:20:07,761 [INFO] PluginManage:359 - Loaded plugin projectmanager (category:projectmanager,tabindex:3)
2024-11-15 22:20:07,761 [INFO] PluginManage:310 - Check plugin thirdparty
2024-11-15 22:20:08,290 [INFO] PluginManage:359 - Loaded plugin thirdparty (category:base,tabindex:-1)
2024-11-15 22:20:08,290 [WARN] IntegrityCheckThread:84 - waiting for thirdparty lock release [integrity check]
2024-11-15 22:20:08,291 [INFO] PluginManage:310 - Check plugin tools
2024-11-15 22:20:08,291 [INFO] IntegrityCheckThread:86 - entering critical section [integrity check]
2024-11-15 22:20:08,292 [INFO] ThirdPartyUpdaterWithRetryManager:70 - Updater plugin not ready yet. [1/15]
2024-11-15 22:20:08,365 [INFO] PluginManage:359 - Loaded plugin tools (category:base,tabindex:7)
2024-11-15 22:20:08,365 [INFO] PluginManage:310 - Check plugin tutovideos
2024-11-15 22:20:08,607 [INFO] PluginManage:359 - Loaded plugin tutovideos (category:base,tabindex:-1)
2024-11-15 22:20:08,607 [INFO] PluginManage:310 - Check plugin updater
2024-11-15 22:20:08,633 [INFO] PluginManage:359 - Loaded plugin updater (category:base,tabindex:12)
2024-11-15 22:20:08,633 [INFO] PluginManage:310 - Check plugin userauth
2024-11-15 22:20:08,641 [INFO] UserAuth:114 - Init User Auth plugin
2024-11-15 22:20:08,641 [INFO] PluginManage:359 - Loaded plugin userauth (category:base,tabindex:14)
2024-11-15 22:20:08,642 [INFO] PluginManage:283 - PluginManage : Loaded plugins [17]
2024-11-15 22:20:09,012 [INFO] PinOutPanel:1561 - setPackage(No Configuration,No Configuration)
2024-11-15 22:20:09,143 [INFO] CADModel:165 - CPN selected for project level
2024-11-15 22:20:09,143 [INFO] CADModel:114 - Register for checkConnection events
2024-11-15 22:20:09,192 [INFO] IPUIPlugin:80 - create IPUIPlugin
2024-11-15 22:20:09,192 [INFO] PluginManager:220 - loadIPPluginJar : add adc
2024-11-15 22:20:09,273 [INFO] IPUIPlugin:80 - create IPUIPlugin
2024-11-15 22:20:09,273 [INFO] PluginManager:220 - loadIPPluginJar : add aes
2024-11-15 22:20:09,361 [INFO] IPUIPlugin:80 - create IPUIPlugin
2024-11-15 22:20:09,361 [INFO] PluginManager:220 - loadIPPluginJar : add can
2024-11-15 22:20:09,403 [INFO] IPUIPlugin:80 - create IPUIPlugin
2024-11-15 22:20:09,403 [INFO] PluginManager:220 - loadIPPluginJar : add comp
2024-11-15 22:20:09,479 [INFO] IPUIPlugin:80 - create IPUIPlugin
2024-11-15 22:20:09,480 [INFO] PluginManager:220 - loadIPPluginJar : add cryp
2024-11-15 22:20:09,539 [INFO] IPUIPlugin:80 - create IPUIPlugin
2024-11-15 22:20:09,539 [INFO] PluginManager:220 - loadIPPluginJar : add dfsdm
2024-11-15 22:20:09,563 [INFO] IPUIPlugin:80 - create IPUIPlugin
2024-11-15 22:20:09,564 [INFO] PluginManager:220 - loadIPPluginJar : add dma
2024-11-15 22:20:09,650 [INFO] IPUIPlugin:80 - create IPUIPlugin
2024-11-15 22:20:09,650 [INFO] PluginManager:220 - loadIPPluginJar : add dma3
2024-11-15 22:20:09,740 [INFO] IPUIPlugin:80 - create IPUIPlugin
2024-11-15 22:20:09,740 [INFO] PluginManager:220 - loadIPPluginJar : add extmemmanager
2024-11-15 22:20:09,788 [INFO] IPUIPlugin:80 - create IPUIPlugin
2024-11-15 22:20:09,788 [INFO] PluginManager:220 - loadIPPluginJar : add fatfs
2024-11-15 22:20:09,867 [INFO] IPUIPlugin:80 - create IPUIPlugin
2024-11-15 22:20:09,867 [INFO] PluginManager:220 - loadIPPluginJar : add fmc
2024-11-15 22:20:09,900 [INFO] IPUIPlugin:80 - create IPUIPlugin
2024-11-15 22:20:09,901 [INFO] PluginManager:220 - loadIPPluginJar : add freertos
2024-11-15 22:20:09,949 [INFO] IPUIPlugin:80 - create IPUIPlugin
2024-11-15 22:20:09,949 [INFO] PluginManager:220 - loadIPPluginJar : add genericplugin
2024-11-15 22:20:10,120 [INFO] IPUIPlugin:80 - create IPUIPlugin
2024-11-15 22:20:10,120 [INFO] PluginManager:220 - loadIPPluginJar : add gfxmmu
2024-11-15 22:20:10,351 [INFO] IPUIPlugin:80 - create IPUIPlugin
2024-11-15 22:20:10,352 [INFO] PluginManager:220 - loadIPPluginJar : add gic
2024-11-15 22:20:10,375 [INFO] IPUIPlugin:80 - create IPUIPlugin
2024-11-15 22:20:10,375 [INFO] PluginManager:220 - loadIPPluginJar : add gpio
2024-11-15 22:20:10,522 [INFO] IPUIPlugin:80 - create IPUIPlugin
2024-11-15 22:20:10,522 [INFO] PluginManager:220 - loadIPPluginJar : add gtzc
2024-11-15 22:20:10,593 [INFO] IPUIPlugin:80 - create IPUIPlugin
2024-11-15 22:20:10,593 [INFO] PluginManager:220 - loadIPPluginJar : add hash
2024-11-15 22:20:10,679 [INFO] IPUIPlugin:80 - create IPUIPlugin
2024-11-15 22:20:10,680 [INFO] PluginManager:220 - loadIPPluginJar : add i2c
2024-11-15 22:20:10,739 [INFO] IPUIPlugin:80 - create IPUIPlugin
2024-11-15 22:20:10,739 [INFO] PluginManager:220 - loadIPPluginJar : add i2s
2024-11-15 22:20:10,803 [INFO] IPUIPlugin:80 - create IPUIPlugin
2024-11-15 22:20:10,803 [INFO] PluginManager:220 - loadIPPluginJar : add i3c
2024-11-15 22:20:10,975 [INFO] IPUIPlugin:80 - create IPUIPlugin
2024-11-15 22:20:10,975 [INFO] PluginManager:220 - loadIPPluginJar : add ipddr
2024-11-15 22:20:11,131 [INFO] IPUIPlugin:80 - create IPUIPlugin
2024-11-15 22:20:11,132 [INFO] PluginManager:220 - loadIPPluginJar : add linkedlist
2024-11-15 22:20:11,202 [INFO] IPUIPlugin:80 - create IPUIPlugin
2024-11-15 22:20:11,202 [INFO] PluginManager:220 - loadIPPluginJar : add lorawan
2024-11-15 22:20:11,263 [INFO] IPUIPlugin:80 - create IPUIPlugin
2024-11-15 22:20:11,263 [INFO] PluginManager:220 - loadIPPluginJar : add ltdc
2024-11-15 22:20:11,283 [INFO] IPUIPlugin:80 - create IPUIPlugin
2024-11-15 22:20:11,283 [INFO] PluginManager:220 - loadIPPluginJar : add mdma
2024-11-15 22:20:11,293 [INFO] ThirdPartyUpdaterWithRetryManager:70 - Updater plugin not ready yet. [2/15]
2024-11-15 22:20:11,301 [INFO] IPUIPlugin:80 - create IPUIPlugin
2024-11-15 22:20:11,301 [INFO] PluginManager:220 - loadIPPluginJar : add nvic
2024-11-15 22:20:11,359 [INFO] IPUIPlugin:80 - create IPUIPlugin
2024-11-15 22:20:11,359 [INFO] PluginManager:220 - loadIPPluginJar : add opamp
2024-11-15 22:20:11,446 [INFO] IPUIPlugin:80 - create IPUIPlugin
2024-11-15 22:20:11,446 [INFO] PluginManager:220 - loadIPPluginJar : add openamp
2024-11-15 22:20:11,496 [INFO] IPUIPlugin:80 - create IPUIPlugin
2024-11-15 22:20:11,496 [INFO] PluginManager:220 - loadIPPluginJar : add pdm2pcm
2024-11-15 22:20:11,514 [INFO] IPUIPlugin:80 - create IPUIPlugin
2024-11-15 22:20:11,516 [INFO] PluginManager:220 - loadIPPluginJar : add plateformsettings
2024-11-15 22:20:11,546 [INFO] IPUIPlugin:80 - create IPUIPlugin
2024-11-15 22:20:11,546 [INFO] PluginManager:220 - loadIPPluginJar : add quadspi
2024-11-15 22:20:11,561 [INFO] IPUIPlugin:80 - create IPUIPlugin
2024-11-15 22:20:11,562 [INFO] PluginManager:220 - loadIPPluginJar : add resmgrutility
2024-11-15 22:20:11,623 [INFO] IPUIPlugin:80 - create IPUIPlugin
2024-11-15 22:20:11,623 [INFO] PluginManager:220 - loadIPPluginJar : add sai
2024-11-15 22:20:11,689 [INFO] IPUIPlugin:80 - create IPUIPlugin
2024-11-15 22:20:11,689 [INFO] PluginManager:220 - loadIPPluginJar : add spi
2024-11-15 22:20:11,799 [INFO] IPUIPlugin:80 - create IPUIPlugin
2024-11-15 22:20:11,799 [INFO] PluginManager:220 - loadIPPluginJar : add stm32_wpan
2024-11-15 22:20:11,843 [INFO] IPUIPlugin:80 - create IPUIPlugin
2024-11-15 22:20:11,843 [INFO] PluginManager:220 - loadIPPluginJar : add tim
2024-11-15 22:20:11,953 [INFO] IPUIPlugin:80 - create IPUIPlugin
2024-11-15 22:20:11,954 [INFO] PluginManager:220 - loadIPPluginJar : add touchsensing
2024-11-15 22:20:11,996 [INFO] IPUIPlugin:80 - create IPUIPlugin
2024-11-15 22:20:11,996 [INFO] PluginManager:220 - loadIPPluginJar : add tracer_emb
2024-11-15 22:20:12,050 [INFO] IPUIPlugin:80 - create IPUIPlugin
2024-11-15 22:20:12,050 [INFO] PluginManager:220 - loadIPPluginJar : add ts
2024-11-15 22:20:12,096 [INFO] IPUIPlugin:80 - create IPUIPlugin
2024-11-15 22:20:12,096 [INFO] PluginManager:220 - loadIPPluginJar : add tsc
2024-11-15 22:20:12,146 [INFO] IPUIPlugin:80 - create IPUIPlugin
2024-11-15 22:20:12,146 [INFO] PluginManager:220 - loadIPPluginJar : add ucpd
2024-11-15 22:20:12,232 [INFO] IPUIPlugin:80 - create IPUIPlugin
2024-11-15 22:20:12,232 [INFO] PluginManager:220 - loadIPPluginJar : add usart
2024-11-15 22:20:12,326 [INFO] IPUIPlugin:80 - create IPUIPlugin
2024-11-15 22:20:12,326 [INFO] PluginManager:220 - loadIPPluginJar : add usbx
2024-11-15 22:20:12,499 [INFO] CADModel:165 - CPN selected for project level
2024-11-15 22:20:12,499 [INFO] CADModel:114 - Register for checkConnection events
2024-11-15 22:20:12,499 [FATAL] Updater:308 - Updater called before beeing initialized
2024-11-15 22:20:12,499 [ERROR] CADModel:125 - Updater not yet initialized, retry later 
2024-11-15 22:20:12,745 [INFO] CADModel:165 - CPN selected for project level
2024-11-15 22:20:12,745 [INFO] CADModel:114 - Register for checkConnection events
2024-11-15 22:20:12,745 [FATAL] Updater:308 - Updater called before beeing initialized
2024-11-15 22:20:12,745 [ERROR] CADModel:125 - Updater not yet initialized, retry later 
2024-11-15 22:20:12,751 [FATAL] Updater:308 - Updater called before beeing initialized
2024-11-15 22:20:12,943 [FATAL] Updater:308 - Updater called before beeing initialized
2024-11-15 22:20:12,960 [INFO] DbMcusAds:53 - JSON generation date=Fri Sep 20 15:04:23 CEST 2024 (1726837463113)
2024-11-15 22:20:12,960 [FATAL] Updater:308 - Updater called before beeing initialized
2024-11-15 22:20:13,091 [WARN] DetailPanel:346 - Failed to get advertising image, set to default
2024-11-15 22:20:13,249 [FATAL] Updater:308 - Updater called before beeing initialized
2024-11-15 22:20:13,251 [FATAL] Updater:308 - Updater called before beeing initialized
2024-11-15 22:20:13,251 [FATAL] Updater:308 - Updater called before beeing initialized
2024-11-15 22:20:13,252 [WARN] DetailPanel:346 - Failed to get advertising image, set to default
2024-11-15 22:20:13,253 [FATAL] Updater:308 - Updater called before beeing initialized
2024-11-15 22:20:13,349 [ERROR] Updater:1120 - MainUpdater not yet initialized. External WinMGr cannot be set.
2024-11-15 22:20:13,367 [INFO] Updater:1056 - Updater Version found : 6.11.1
2024-11-15 22:20:13,407 [INFO] ApplicationProperties:184 - Using Application install path: C:\ST\STM32CubeIDE_1.15.1\STM32CubeIDE\plugins\com.st.stm32cube.common.mx_6.11.1.202404110753
2024-11-15 22:20:14,294 [INFO] ThirdPartyUpdaterWithRetryManager:70 - Updater plugin not ready yet. [3/15]
2024-11-15 22:20:15,005 [ERROR] LogOutputStream:75 - [STDERR_REDIRECT] Nov 15, 2024 10:20:15 PM java.util.prefs.WindowsPreferences <init>
2024-11-15 22:20:15,008 [ERROR] LogOutputStream:75 - [STDERR_REDIRECT] WARNING: Could not open/create prefs root node Software\JavaSoft\Prefs at root 0xffffffff80000002. Windows RegCreateKeyEx(...) returned error code 5.
2024-11-15 22:20:15,008 [ERROR] LogOutputStream:75 - [STDERR_REDIRECT] 
2024-11-15 22:20:15,628 [INFO] MainUpdater:2873 - connection check result : 10
2024-11-15 22:20:15,629 [INFO] MainUpdater:290 - Updater Check For Update Now.
2024-11-15 22:20:15,630 [INFO] MicroXplorer:498 - Change Database Version : DB.6.0.111
2024-11-15 22:20:15,655 [INFO] McuFinderGlobals:63 - Set McuFinder mode to 2 (CubeIDE integrated)
2024-11-15 22:20:15,675 [INFO] UserAuth:415 - Internet connection configuration mode: 1
2024-11-15 22:20:15,718 [INFO] JxBrowserEngine:152 - Initiate JxBrowser Engine with user profile folder
2024-11-15 22:20:15,939 [INFO] CheckServerUpdateThread:120 - End of CheckServer Thread
2024-11-15 22:20:17,694 [WARN] PackLoader:240 - Cannot read IP mode file for STMicroelectronics.FP-SNS-MOTENVWB1.1.4.0
2024-11-15 22:20:17,720 [WARN] PackLoader:240 - Cannot read IP mode file for STMicroelectronics.FP-ATR-ASTRA1.2.0.1
2024-11-15 22:20:17,749 [WARN] PackLoader:240 - Cannot read IP mode file for STMicroelectronics.X-CUBE-SMBUS.2.1.0
2024-11-15 22:20:17,779 [WARN] PackLoader:240 - Cannot read IP mode file for STMicroelectronics.X-CUBE-WB05N.1.1.0
2024-11-15 22:20:17,805 [WARN] PackLoader:240 - Cannot read IP mode file for STMicroelectronics.X-CUBE-TOUCHGFX.4.23.2
2024-11-15 22:20:17,863 [WARN] PackLoader:240 - Cannot read IP mode file for STMicroelectronics.X-CUBE-AZRTOS-F7.1.1.0
2024-11-15 22:20:18,003 [WARN] PackLoader:240 - Cannot read IP mode file for STMicroelectronics.X-CUBE-MEMS1.11.0.0
2024-11-15 22:20:18,313 [WARN] PackLoader:240 - Cannot read IP mode file for STMicroelectronics.FP-SNS-FLIGHT1.5.0.2
2024-11-15 22:20:18,345 [WARN] PackLoader:240 - Cannot read IP mode file for STMicroelectronics.X-CUBE-DISPLAY.3.0.0
2024-11-15 22:20:18,375 [WARN] PackLoader:240 - Cannot read IP mode file for STMicroelectronics.X-CUBE-BLE1.7.0.0
2024-11-15 22:20:18,400 [WARN] PackLoader:240 - Cannot read IP mode file for STMicroelectronics.X-CUBE-NFC10.1.0.0
2024-11-15 22:20:18,425 [WARN] PackLoader:240 - Cannot read IP mode file for emotas.I-CUBE-CANOPEN.1.3.0
2024-11-15 22:20:18,458 [WARN] PackLoader:240 - Cannot read IP mode file for STMicroelectronics.X-CUBE-BLEMGR.3.1.0
2024-11-15 22:20:18,483 [WARN] PackLoader:240 - Cannot read IP mode file for STMicroelectronics.FP-SNS-SMARTAG2.1.2.0
2024-11-15 22:20:18,511 [INFO] LogOutputStream:77 - [STDOUT_REDIRECT] 1 : Invalid condition id : UX_CORESTACK_Condition cause : null
2024-11-15 22:20:18,512 [INFO] LogOutputStream:77 - [STDOUT_REDIRECT] 1 : Invalid condition id : UX_CORESTACK_Condition cause : null
2024-11-15 22:20:18,514 [INFO] LogOutputStream:77 - [STDOUT_REDIRECT] 1 : Invalid condition id : UX_CORESTACK_Condition cause : null
2024-11-15 22:20:18,516 [INFO] LogOutputStream:77 - [STDOUT_REDIRECT] 1 : Invalid condition id : UX_CORESTACK_Condition cause : null
2024-11-15 22:20:18,518 [INFO] LogOutputStream:77 - [STDOUT_REDIRECT] 1 : Invalid condition id : UX_CORESTACK_Condition cause : null
2024-11-15 22:20:18,521 [WARN] PackLoader:240 - Cannot read IP mode file for STMicroelectronics.X-CUBE-AZRTOS-WL.2.0.0
2024-11-15 22:20:18,544 [WARN] PackLoader:240 - Cannot read IP mode file for STMicroelectronics.FP-SNS-MOTENV1.5.0.0
2024-11-15 22:20:18,563 [WARN] PackLoader:240 - Cannot read IP mode file for wolfSSL.I-CUBE-wolfMQTT.1.19.0
2024-11-15 22:20:18,587 [WARN] PackLoader:240 - Cannot read IP mode file for WES.I-CUBE-Cesium.1.3.0
2024-11-15 22:20:18,614 [WARN] PackLoader:240 - Cannot read IP mode file for STMicroelectronics.X-CUBE-BLE2.3.3.0
2024-11-15 22:20:18,635 [WARN] PackLoader:240 - Cannot read IP mode file for STMicroelectronics.X-CUBE-NFC9.1.0.0
2024-11-15 22:20:18,658 [WARN] PackLoader:240 - Cannot read IP mode file for STMicroelectronics.X-CUBE-TCPP.4.1.0
2024-11-15 22:20:18,686 [WARN] PackLoader:240 - Cannot read IP mode file for STMicroelectronics.X-CUBE-ALGOBUILD.1.3.0
2024-11-15 22:20:18,729 [WARN] PackLoader:240 - Cannot read IP mode file for STMicroelectronics.X-CUBE-AZRTOS-G0.1.1.0
2024-11-15 22:20:18,758 [WARN] PackLoader:240 - Cannot read IP mode file for STMicroelectronics.X-CUBE-SAFEA1.1.2.2
2024-11-15 22:20:18,782 [WARN] PackLoader:240 - Cannot read IP mode file for STMicroelectronics.X-CUBE-NFC4.3.0.0
2024-11-15 22:20:18,813 [WARN] PackLoader:240 - Cannot read IP mode file for EmbeddedOffice.I-CUBE-FS-RTOS.1.0.1
2024-11-15 22:20:18,814 [ERROR] ConditionMgr:805 - Attr not supported : Dmpu
2024-11-15 22:20:18,814 [ERROR] ConditionMgr:805 - Attr not supported : Dmpu
2024-11-15 22:20:18,814 [ERROR] ConditionMgr:805 - Attr not supported : Dmpu
2024-11-15 22:20:18,814 [ERROR] ConditionMgr:805 - Attr not supported : Dmpu
2024-11-15 22:20:18,814 [ERROR] ConditionMgr:805 - Attr not supported : Dmpu
2024-11-15 22:20:18,814 [ERROR] ConditionMgr:805 - Attr not supported : Dmpu
2024-11-15 22:20:18,814 [ERROR] ConditionMgr:805 - Attr not supported : Dmpu
2024-11-15 22:20:18,814 [ERROR] ConditionMgr:805 - Attr not supported : Dmpu
2024-11-15 22:20:18,814 [ERROR] ConditionMgr:805 - Attr not supported : Dmpu
2024-11-15 22:20:18,814 [ERROR] ConditionMgr:805 - Attr not supported : Dmpu
2024-11-15 22:20:18,814 [ERROR] ConditionMgr:805 - Attr not supported : Dmpu
2024-11-15 22:20:18,814 [ERROR] ConditionMgr:805 - Attr not supported : Dmpu
2024-11-15 22:20:18,816 [ERROR] ConditionMgr:805 - Attr not supported : Dmpu
2024-11-15 22:20:18,816 [ERROR] ConditionMgr:805 - Attr not supported : Dmpu
2024-11-15 22:20:18,816 [ERROR] ConditionMgr:805 - Attr not supported : Dmpu
2024-11-15 22:20:18,816 [ERROR] ConditionMgr:805 - Attr not supported : Dmpu
2024-11-15 22:20:18,816 [ERROR] ConditionMgr:805 - Attr not supported : Dmpu
2024-11-15 22:20:18,816 [ERROR] ConditionMgr:805 - Attr not supported : Dmpu
2024-11-15 22:20:18,816 [ERROR] ConditionMgr:805 - Attr not supported : Dmpu
2024-11-15 22:20:18,816 [ERROR] ConditionMgr:805 - Attr not supported : Dmpu
2024-11-15 22:20:18,816 [ERROR] ConditionMgr:805 - Attr not supported : Dmpu
2024-11-15 22:20:18,817 [ERROR] ConditionMgr:805 - Attr not supported : Dmpu
2024-11-15 22:20:18,817 [ERROR] ConditionMgr:805 - Attr not supported : Dmpu
2024-11-15 22:20:18,817 [ERROR] ConditionMgr:805 - Attr not supported : Dmpu
2024-11-15 22:20:18,817 [ERROR] ConditionMgr:805 - Attr not supported : Dmpu
2024-11-15 22:20:18,817 [ERROR] ConditionMgr:805 - Attr not supported : Dmpu
2024-11-15 22:20:18,817 [ERROR] ConditionMgr:805 - Attr not supported : Dmpu
2024-11-15 22:20:18,817 [ERROR] ConditionMgr:805 - Attr not supported : Dmpu
2024-11-15 22:20:18,818 [ERROR] ConditionMgr:805 - Attr not supported : Dmpu
2024-11-15 22:20:18,818 [ERROR] ConditionMgr:805 - Attr not supported : Dmpu
2024-11-15 22:20:18,818 [ERROR] ConditionMgr:805 - Attr not supported : Dmpu
2024-11-15 22:20:18,818 [ERROR] ConditionMgr:805 - Attr not supported : Dmpu
2024-11-15 22:20:18,818 [ERROR] ConditionMgr:805 - Attr not supported : Dmpu
2024-11-15 22:20:18,818 [ERROR] ConditionMgr:805 - Attr not supported : Dmpu
2024-11-15 22:20:18,818 [ERROR] ConditionMgr:805 - Attr not supported : Dmpu
2024-11-15 22:20:18,819 [ERROR] ConditionMgr:805 - Attr not supported : Dmpu
2024-11-15 22:20:18,819 [ERROR] ConditionMgr:805 - Attr not supported : Dmpu
2024-11-15 22:20:18,819 [ERROR] ConditionMgr:805 - Attr not supported : Dmpu
2024-11-15 22:20:18,819 [ERROR] ConditionMgr:805 - Attr not supported : Dmpu
2024-11-15 22:20:18,819 [ERROR] ConditionMgr:805 - Attr not supported : Dmpu
2024-11-15 22:20:18,820 [ERROR] ConditionMgr:805 - Attr not supported : Dmpu
2024-11-15 22:20:18,820 [ERROR] ConditionMgr:805 - Attr not supported : Dmpu
2024-11-15 22:20:18,820 [ERROR] ConditionMgr:805 - Attr not supported : Dmpu
2024-11-15 22:20:18,820 [ERROR] ConditionMgr:805 - Attr not supported : Dmpu
2024-11-15 22:20:18,820 [ERROR] ConditionMgr:805 - Attr not supported : Dmpu
2024-11-15 22:20:18,820 [ERROR] ConditionMgr:805 - Attr not supported : Dmpu
2024-11-15 22:20:18,821 [ERROR] ConditionMgr:805 - Attr not supported : Dmpu
2024-11-15 22:20:18,821 [ERROR] ConditionMgr:805 - Attr not supported : Dmpu
2024-11-15 22:20:18,821 [ERROR] ConditionMgr:805 - Attr not supported : Dmpu
2024-11-15 22:20:18,821 [ERROR] ConditionMgr:805 - Attr not supported : Dmpu
2024-11-15 22:20:18,821 [ERROR] ConditionMgr:805 - Attr not supported : Dmpu
2024-11-15 22:20:18,821 [ERROR] ConditionMgr:805 - Attr not supported : Dmpu
2024-11-15 22:20:18,821 [ERROR] ConditionMgr:805 - Attr not supported : Dmpu
2024-11-15 22:20:18,821 [ERROR] ConditionMgr:805 - Attr not supported : Dmpu
2024-11-15 22:20:18,821 [ERROR] ConditionMgr:805 - Attr not supported : Dmpu
2024-11-15 22:20:18,821 [ERROR] ConditionMgr:805 - Attr not supported : Dmpu
2024-11-15 22:20:18,821 [ERROR] ConditionMgr:805 - Attr not supported : Dmpu
2024-11-15 22:20:18,822 [ERROR] ConditionMgr:805 - Attr not supported : Dmpu
2024-11-15 22:20:18,822 [ERROR] ConditionMgr:805 - Attr not supported : Dmpu
2024-11-15 22:20:18,822 [ERROR] ConditionMgr:805 - Attr not supported : Dmpu
2024-11-15 22:20:18,822 [ERROR] ConditionMgr:805 - Attr not supported : Dmpu
2024-11-15 22:20:18,822 [ERROR] ConditionMgr:805 - Attr not supported : Dmpu
2024-11-15 22:20:18,822 [ERROR] ConditionMgr:805 - Attr not supported : Dmpu
2024-11-15 22:20:18,822 [ERROR] ConditionMgr:805 - Attr not supported : Dmpu
2024-11-15 22:20:18,845 [WARN] PackLoader:240 - Cannot read IP mode file for RealThread.X-CUBE-RT-Thread_Nano.4.1.1
2024-11-15 22:20:18,867 [WARN] PackLoader:240 - Cannot read IP mode file for wolfSSL.I-CUBE-wolfSSL.5.7.0
2024-11-15 22:20:18,887 [WARN] PackLoader:240 - Cannot read IP mode file for STMicroelectronics.FP-ATR-SIGFOX1.3.2.0
2024-11-15 22:20:18,909 [WARN] ConditionMgr:438 - getConditionDescription Invalid condition id : Cortex-A Device cause : null
2024-11-15 22:20:18,940 [WARN] ConditionMgr:1039 - genDependencies : Invalid condition id : Cortex-A Device cause : null
2024-11-15 22:20:18,942 [WARN] ConditionMgr:1039 - genDependencies : Invalid condition id : Cortex-A Device cause : null
2024-11-15 22:20:18,942 [WARN] ConditionMgr:1039 - genDependencies : Invalid condition id : Cortex-A Device cause : null
2024-11-15 22:20:18,967 [WARN] PackLoader:240 - Cannot read IP mode file for STMicroelectronics.X-CUBE-EEPRMA1.5.1.0
2024-11-15 22:20:19,001 [WARN] PackLoader:240 - Cannot read IP mode file for ITTIA_DB.I-CUBE-ITTIADB.8.9.0
2024-11-15 22:20:19,061 [WARN] PackLoader:240 - Cannot read IP mode file for SEGGER.I-CUBE-embOS.1.3.1
2024-11-15 22:20:19,126 [WARN] PackLoader:240 - Cannot read IP mode file for STMicroelectronics.X-CUBE-ALGOBUILD.1.4.0
2024-11-15 22:20:19,159 [WARN] PackLoader:240 - Cannot read IP mode file for STMicroelectronics.X-CUBE-AI.9.1.0
2024-11-15 22:20:19,184 [WARN] PackLoader:240 - Cannot read IP mode file for STMicroelectronics.X-CUBE-GNSS1.6.0.0
2024-11-15 22:20:19,226 [WARN] PackLoader:240 - Cannot read IP mode file for STMicroelectronics.X-CUBE-AZRTOS-F4.1.1.0
2024-11-15 22:20:19,254 [WARN] PackLoader:240 - Cannot read IP mode file for STMicroelectronics.X-CUBE-ISPU.2.1.0
2024-11-15 22:20:19,277 [WARN] PackLoader:240 - Cannot read IP mode file for STMicroelectronics.X-CUBE-FREERTOS.1.2.0
2024-11-15 22:20:19,320 [WARN] PackLoader:240 - Cannot read IP mode file for STMicroelectronics.X-CUBE-AZRTOS-L5.2.0.0
2024-11-15 22:20:19,347 [WARN] PackLoader:240 - Cannot read IP mode file for STMicroelectronics.X-CUBE-NFC6.3.1.0
2024-11-15 22:20:19,366 [WARN] PackLoader:240 - Cannot read IP mode file for STMicroelectronics.X-CUBE-DPower.1.2.0
2024-11-15 22:20:19,387 [WARN] PackLoader:240 - Cannot read IP mode file for STMicroelectronics.X-CUBE-AI.9.0.0
2024-11-15 22:20:19,407 [WARN] PackLoader:240 - Cannot read IP mode file for STMicroelectronics.X-CUBE-NFC7.1.0.1
2024-11-15 22:20:19,429 [WARN] PackLoader:240 - Cannot read IP mode file for wolfSSL.I-CUBE-wolfTPM.3.2.0
2024-11-15 22:20:19,474 [WARN] ConditionMgr:438 - getConditionDescription Invalid condition id : LAN8742 Phy interface Condition cause : null
2024-11-15 22:20:19,475 [WARN] PackLoader:240 - Cannot read IP mode file for STMicroelectronics.X-CUBE-AZRTOS-L4.2.0.0
2024-11-15 22:20:19,476 [WARN] ConditionMgr:1039 - genDependencies : Invalid condition id : LAN8742 Phy interface Condition cause : null
2024-11-15 22:20:19,477 [WARN] ConditionMgr:1039 - genDependencies : Invalid condition id : LAN8742 Phy interface Condition cause : null
2024-11-15 22:20:19,478 [WARN] ConditionMgr:1039 - genDependencies : Invalid condition id : LAN8742 Phy interface Condition cause : null
2024-11-15 22:20:19,505 [WARN] PackLoader:240 - Cannot read IP mode file for STMicroelectronics.X-CUBE-SFXS2LP1.4.0.0
2024-11-15 22:20:19,563 [WARN] PackLoader:240 - Cannot read IP mode file for STMicroelectronics.X-CUBE-AZRTOS-H7.3.3.0
2024-11-15 22:20:19,990 [WARN] PackLoader:240 - Cannot read IP mode file for STMicroelectronics.X-CUBE-IPS.3.0.0
2024-11-15 22:20:20,029 [WARN] ConditionMgr:438 - getConditionDescription Invalid condition id : UX DEVICE CLASS RTOS Condition cause : null
2024-11-15 22:20:20,030 [WARN] ConditionMgr:438 - getConditionDescription Invalid condition id : UX DEVICE CLASS RTOS Condition cause : null
2024-11-15 22:20:20,032 [WARN] PackLoader:240 - Cannot read IP mode file for STMicroelectronics.X-CUBE-AZRTOS-WB.2.0.0
2024-11-15 22:20:20,032 [WARN] ConditionMgr:1039 - genDependencies : Invalid condition id : UX DEVICE CLASS RTOS Condition cause : null
2024-11-15 22:20:20,033 [WARN] ConditionMgr:1039 - genDependencies : Invalid condition id : UX DEVICE CLASS RTOS Condition cause : null
2024-11-15 22:20:20,033 [WARN] ConditionMgr:1039 - genDependencies : Invalid condition id : UX DEVICE CLASS RTOS Condition cause : null
2024-11-15 22:20:20,033 [WARN] ConditionMgr:1039 - genDependencies : Invalid condition id : UX DEVICE CLASS RTOS Condition cause : null
2024-11-15 22:20:20,033 [WARN] ConditionMgr:1039 - genDependencies : Invalid condition id : UX DEVICE CLASS RTOS Condition cause : null
2024-11-15 22:20:20,059 [WARN] PackLoader:240 - Cannot read IP mode file for STMicroelectronics.X-CUBE-GNSS1.7.0.0
2024-11-15 22:20:20,080 [WARN] PackLoader:240 - Cannot read IP mode file for STMicroelectronics.FP-SNS-STBOX1.2.0.0
2024-11-15 22:20:20,104 [WARN] PackLoader:240 - Cannot read IP mode file for STMicroelectronics.X-CUBE-SUBG2.5.0.0
2024-11-15 22:20:20,141 [WARN] PackLoader:240 - Cannot read IP mode file for STMicroelectronics.X-CUBE-AZRTOS-G4.2.0.0
2024-11-15 22:20:20,158 [WARN] PackLoader:240 - Cannot read IP mode file for STMicroelectronics.X-CUBE-ISPU.2.0.0
2024-11-15 22:20:20,175 [WARN] PackLoader:240 - Cannot read IP mode file for STMicroelectronics.X-CUBE-ALS.1.0.2
2024-11-15 22:20:20,249 [WARN] PackLoader:240 - Cannot read IP mode file for STMicroelectronics.X-CUBE-MEMS1.10.0.0
2024-11-15 22:20:20,405 [WARN] PackLoader:240 - Cannot read IP mode file for STMicroelectronics.X-CUBE-TOUCHGFX.4.24.0
2024-11-15 22:20:20,427 [WARN] PackLoader:240 - Cannot read IP mode file for STMicroelectronics.X-CUBE-TOUCHGFX.4.24.1
2024-11-15 22:20:20,450 [WARN] PackLoader:240 - Cannot read IP mode file for portGmbH.I-Cube-SoM-uGOAL.1.1.0
2024-11-15 22:20:20,473 [WARN] PackLoader:240 - Cannot read IP mode file for STMicroelectronics.X-CUBE-ALS.1.0.1
2024-11-15 22:20:20,528 [WARN] PackLoader:240 - Cannot read IP mode file for STMicroelectronics.X-CUBE-AZRTOS-H7RS.1.0.0
2024-11-15 22:20:20,551 [WARN] PackLoader:240 - Cannot read IP mode file for STMicroelectronics.FP-ATR-ASTRA1.2.0.0
2024-11-15 22:20:20,583 [WARN] PackLoader:240 - Cannot read IP mode file for STMicroelectronics.X-CUBE-TOF1.3.4.2
2024-11-15 22:20:20,620 [WARN] PackLoader:240 - Cannot read IP mode file for STMicroelectronics.X-CUBE-TOF1.3.4.1
2024-11-15 22:20:20,683 [WARN] PackLoader:240 - Cannot read IP mode file for STMicroelectronics.X-CUBE-AZRTOS-H7.3.2.0
2024-11-15 22:20:20,729 [WARN] PackLoader:240 - Cannot read IP mode file for Infineon.AIROC-Wi-Fi-Bluetooth-STM32.1.6.0
2024-11-15 22:20:20,754 [WARN] PackLoader:240 - Cannot read IP mode file for wolfSSL.I-CUBE-wolfSSH.1.4.17
2024-11-15 22:20:20,754 [INFO] ThirdParty:978 - Integrity check success = true
2024-11-15 22:20:20,754 [INFO] IntegrityCheckThread:100 - exiting critical section [integrity check]
2024-11-15 22:20:20,754 [INFO] IntegrityCheckThread:103 - End integrity checks thread
2024-11-15 22:20:26,223 [INFO] WebApp:161 - Instantiating new browser for Auth
2024-11-15 22:20:26,790 [INFO] WebApp:779 - Register for checkConnection events
2024-11-15 22:20:26,790 [INFO] WebApp:414 - Apply proxy settings
2024-11-15 22:20:26,791 [INFO] WebApp:499 - Chromium requires no authentication
2024-11-15 22:20:26,797 [INFO] WebApp:442 - Direct internet connection detected
2024-11-15 22:20:26,965 [INFO] WebApp:192 - Starting web application
2024-11-15 22:20:26,966 [INFO] WebApp:544 - Web application path used C:\ST\STM32CubeIDE_1.15.1\STM32CubeIDE\plugins\com.st.stm32cube.common.mx_6.11.1.202404110753\db\plugins\mcufinder\reactClient1\index.html
2024-11-15 22:25:10,656 [ERROR] LogOutputStream:75 - [STDERR_REDIRECT] 
