2024-05-26 21:30:26,254 [INFO] Activator:176 - 


2024-05-26 21:30:26,260 [INFO] Activator:177 - !SESSION log4j initialized
2024-05-26 21:30:32,771 [INFO] LogOutputStream:77 - [STDOUT_REDIRECT] 
2024-05-26 21:30:35,139 [INFO] ApplicationProperties:184 - Using Application install path: C:\ST\STM32CubeIDE_1.15.1\STM32CubeIDE\plugins\com.st.stm32cube.common.mx_6.11.1.202404110753
2024-05-26 21:30:35,168 [INFO] DbMcusXml:78 - Set database path to: C:\ST\STM32CubeIDE_1.15.1\STM32CubeIDE\plugins\com.st.stm32cube.common.mx_6.11.1.202404110753\\db\/mcu/
2024-05-26 21:30:35,168 [INFO] ApiDb:274 - Set plugin database path to: C:\ST\STM32CubeIDE_1.15.1\STM32CubeIDE\plugins\com.st.stm32cube.common.mx_6.11.1.202404110753\\db\/plugins/boardmanager/
2024-05-26 21:30:35,169 [WARN] ApiDb:259 - Overriding images path with different value:  => C:\ST\STM32CubeIDE_1.15.1\STM32CubeIDE\plugins\com.st.stm32cube.common.mx_6.11.1.202404110753\\db\/plugins/mcufinder/images/
2024-05-26 21:30:35,189 [INFO] ApiDb:250 - Set database path to: C:\Users\dbank\.stmcufinder\plugins\mcufinder//mcu/
2024-05-26 21:30:35,191 [INFO] DbMcusAds:125 - Set database path to: C:\Users\dbank\.stmcufinder\plugins\mcufinder//mcu/
2024-05-26 21:30:35,194 [INFO] CrossReferenceDbSqlite:203 - Set database path to: C:\Users\dbank\.stmcufinder\plugins\mcufinder//mcu/cs/
2024-05-26 21:30:35,356 [INFO] RulesReader:64 - Compatibility file has been processed (297 Rules)
2024-05-26 21:30:35,479 [INFO] DbMcusXml:78 - Set database path to: C:\ST\STM32CubeIDE_1.15.1\STM32CubeIDE\plugins\com.st.stm32cube.common.mx_6.11.1.202404110753\\db\/mcu/
2024-05-26 21:30:35,479 [INFO] ApiDb:274 - Set plugin database path to: C:\ST\STM32CubeIDE_1.15.1\STM32CubeIDE\plugins\com.st.stm32cube.common.mx_6.11.1.202404110753\\db\/plugins/boardmanager/
2024-05-26 21:30:35,479 [INFO] ApiDb:261 - Set plugin images path to: C:\ST\STM32CubeIDE_1.15.1\STM32CubeIDE\plugins\com.st.stm32cube.common.mx_6.11.1.202404110753\\db\/plugins/mcufinder/images/
2024-05-26 21:30:35,480 [WARN] DbFile:41 - Overriding database path with different value: C:\Users\dbank\.stmcufinder\plugins\mcufinder/ => C:\Users\dbank\.stmcufinder\plugins\mcufinder
2024-05-26 21:30:35,480 [INFO] ApiDb:250 - Set database path to: C:\Users\dbank\.stmcufinder\plugins\mcufinder//mcu/
2024-05-26 21:30:35,480 [WARN] DbFile:41 - Overriding database path with different value: C:\Users\dbank\.stmcufinder\plugins\mcufinder/ => C:\Users\dbank\.stmcufinder\plugins\mcufinder
2024-05-26 21:30:35,480 [INFO] DbMcusAds:125 - Set database path to: C:\Users\dbank\.stmcufinder\plugins\mcufinder//mcu/
2024-05-26 21:30:35,480 [WARN] DbFile:41 - Overriding database path with different value: C:\Users\dbank\.stmcufinder\plugins\mcufinder/ => C:\Users\dbank\.stmcufinder\plugins\mcufinder
2024-05-26 21:30:35,480 [WARN] DbFile:41 - Overriding database path with different value: C:\Users\dbank\.stmcufinder\plugins\mcufinder/ => C:\Users\dbank\.stmcufinder\plugins\mcufinder
2024-05-26 21:30:35,480 [INFO] CrossReferenceDbSqlite:203 - Set database path to: C:\Users\dbank\.stmcufinder\plugins\mcufinder//mcu/cs/
2024-05-26 21:30:35,605 [INFO] MainPanel:264 - HeapMemory: 268435456
2024-05-26 21:30:35,769 [INFO] DbMcusXml:78 - Set database path to: C:\ST\STM32CubeIDE_1.15.1\STM32CubeIDE\plugins\com.st.stm32cube.common.mx_6.11.1.202404110753\\db\/mcu/
2024-05-26 21:30:35,769 [INFO] ApiDb:274 - Set plugin database path to: C:\ST\STM32CubeIDE_1.15.1\STM32CubeIDE\plugins\com.st.stm32cube.common.mx_6.11.1.202404110753\\db\/plugins/boardmanager/
2024-05-26 21:30:35,769 [INFO] ApiDb:261 - Set plugin images path to: C:\ST\STM32CubeIDE_1.15.1\STM32CubeIDE\plugins\com.st.stm32cube.common.mx_6.11.1.202404110753\\db\/plugins/mcufinder/images/
2024-05-26 21:30:35,770 [WARN] DbFile:41 - Overriding database path with different value: C:\Users\dbank\.stmcufinder\plugins\mcufinder/ => C:\Users\dbank\.stmcufinder\plugins\mcufinder
2024-05-26 21:30:35,770 [INFO] ApiDb:250 - Set database path to: C:\Users\dbank\.stmcufinder\plugins\mcufinder//mcu/
2024-05-26 21:30:35,770 [WARN] DbFile:41 - Overriding database path with different value: C:\Users\dbank\.stmcufinder\plugins\mcufinder/ => C:\Users\dbank\.stmcufinder\plugins\mcufinder
2024-05-26 21:30:35,771 [INFO] DbMcusAds:125 - Set database path to: C:\Users\dbank\.stmcufinder\plugins\mcufinder//mcu/
2024-05-26 21:30:35,771 [WARN] DbFile:41 - Overriding database path with different value: C:\Users\dbank\.stmcufinder\plugins\mcufinder/ => C:\Users\dbank\.stmcufinder\plugins\mcufinder
2024-05-26 21:30:35,771 [WARN] DbFile:41 - Overriding database path with different value: C:\Users\dbank\.stmcufinder\plugins\mcufinder/ => C:\Users\dbank\.stmcufinder\plugins\mcufinder
2024-05-26 21:30:35,771 [INFO] CrossReferenceDbSqlite:203 - Set database path to: C:\Users\dbank\.stmcufinder\plugins\mcufinder//mcu/cs/
2024-05-26 21:30:35,805 [INFO] ApplicationProperties:184 - Using Application install path: C:\ST\STM32CubeIDE_1.15.1\STM32CubeIDE\plugins\com.st.stm32cube.common.mx_6.11.1.202404110753
2024-05-26 21:30:35,810 [INFO] PluginManage:196 - Search for loadable plugins [exclusion list=, ]
2024-05-26 21:30:35,814 [INFO] PluginManage:310 - Check plugin analytics
2024-05-26 21:30:36,217 [INFO] AnalyticsPlugin:253 - Accepted Software Licenses: STM32CubeMX.6.11.1
2024-05-26 21:30:36,217 [INFO] AnalyticsPlugin:255 - Accepted CMSIS Pack Licenses: 
2024-05-26 21:30:36,217 [INFO] AnalyticsPlugin:257 - Accepted Firmware Licenses: FW.H7.1.11.0,FW.H7.1.10.0,FW.L4.1.18.0
2024-05-26 21:30:36,222 [INFO] PluginManage:359 - Loaded plugin analytics (category:tool,tabindex:-1)
2024-05-26 21:30:36,222 [INFO] PluginManage:310 - Check plugin cadmodel
2024-05-26 21:30:36,241 [INFO] CADModel:105 - Init CAD model plugin
2024-05-26 21:30:36,242 [INFO] PluginManage:359 - Loaded plugin cadmodel (category:power,tabindex:5)
2024-05-26 21:30:36,242 [INFO] PluginManage:310 - Check plugin clock
2024-05-26 21:30:36,276 [INFO] PluginManage:359 - Loaded plugin clock (category:base,tabindex:2)
2024-05-26 21:30:36,276 [INFO] PluginManage:310 - Check plugin ddr
2024-05-26 21:30:36,282 [INFO] PluginManage:359 - Loaded plugin ddr (category:tool,tabindex:6)
2024-05-26 21:30:36,282 [INFO] PluginManage:310 - Check plugin filemanager
2024-05-26 21:30:36,543 [INFO] PluginManage:359 - Loaded plugin filemanager (category:base,tabindex:10)
2024-05-26 21:30:36,543 [INFO] PluginManage:310 - Check plugin ipmanager
2024-05-26 21:30:36,553 [INFO] PluginManage:359 - Loaded plugin ipmanager (category:base,tabindex:5)
2024-05-26 21:30:36,553 [INFO] PluginManage:310 - Check plugin lpbam
2024-05-26 21:30:36,591 [INFO] PluginManage:359 - Loaded plugin lpbam (category:base,tabindex:0)
2024-05-26 21:30:36,594 [INFO] PluginManage:310 - Check plugin memorymap
2024-05-26 21:30:36,640 [INFO] PluginManage:359 - Loaded plugin memorymap (category:base,tabindex:4)
2024-05-26 21:30:36,641 [INFO] PluginManage:310 - Check plugin pinoutandconfiguration
2024-05-26 21:30:36,666 [INFO] PluginManage:359 - Loaded plugin pinoutandconfiguration (category:base,tabindex:1)
2024-05-26 21:30:36,667 [INFO] PluginManage:310 - Check plugin pinoutconfig
2024-05-26 21:30:36,817 [WARN] SupportedApi:132 - Cannot load RTOS API schema: s4s-elt-must-match.1: The content of 'definitions' must match (annotation?, (simpleType | complexType)?, (unique | key | keyref)*)). A problem was found starting at: attribute.
2024-05-26 21:30:37,015 [INFO] PluginManage:359 - Loaded plugin pinoutconfig (category:base,tabindex:0)
2024-05-26 21:30:37,015 [INFO] PluginManage:310 - Check plugin power
2024-05-26 21:30:37,044 [INFO] PluginManage:359 - Loaded plugin power (category:power,tabindex:4)
2024-05-26 21:30:37,044 [INFO] PluginManage:310 - Check plugin projectmanager
2024-05-26 21:30:37,068 [INFO] PluginManage:359 - Loaded plugin projectmanager (category:projectmanager,tabindex:3)
2024-05-26 21:30:37,069 [INFO] PluginManage:310 - Check plugin thirdparty
2024-05-26 21:30:37,502 [INFO] PluginManage:359 - Loaded plugin thirdparty (category:base,tabindex:-1)
2024-05-26 21:30:37,502 [WARN] IntegrityCheckThread:84 - waiting for thirdparty lock release [integrity check]
2024-05-26 21:30:37,503 [INFO] PluginManage:310 - Check plugin tools
2024-05-26 21:30:37,503 [INFO] IntegrityCheckThread:86 - entering critical section [integrity check]
2024-05-26 21:30:37,503 [INFO] ThirdPartyUpdaterWithRetryManager:70 - Updater plugin not ready yet. [1/15]
2024-05-26 21:30:37,545 [INFO] PluginManage:359 - Loaded plugin tools (category:base,tabindex:7)
2024-05-26 21:30:37,545 [INFO] PluginManage:310 - Check plugin tutovideos
2024-05-26 21:30:37,900 [INFO] PluginManage:359 - Loaded plugin tutovideos (category:base,tabindex:-1)
2024-05-26 21:30:37,902 [INFO] PluginManage:310 - Check plugin updater
2024-05-26 21:30:37,916 [INFO] PluginManage:359 - Loaded plugin updater (category:base,tabindex:12)
2024-05-26 21:30:37,916 [INFO] PluginManage:310 - Check plugin userauth
2024-05-26 21:30:37,925 [INFO] UserAuth:114 - Init User Auth plugin
2024-05-26 21:30:37,925 [INFO] PluginManage:359 - Loaded plugin userauth (category:base,tabindex:14)
2024-05-26 21:30:37,925 [INFO] PluginManage:283 - PluginManage : Loaded plugins [17]
2024-05-26 21:30:38,347 [INFO] PinOutPanel:1561 - setPackage(No Configuration,No Configuration)
2024-05-26 21:30:38,488 [INFO] CADModel:165 - CPN selected for project level
2024-05-26 21:30:38,488 [INFO] CADModel:114 - Register for checkConnection events
2024-05-26 21:30:38,531 [INFO] IPUIPlugin:80 - create IPUIPlugin
2024-05-26 21:30:38,531 [INFO] PluginManager:220 - loadIPPluginJar : add adc
2024-05-26 21:30:38,593 [INFO] IPUIPlugin:80 - create IPUIPlugin
2024-05-26 21:30:38,593 [INFO] PluginManager:220 - loadIPPluginJar : add aes
2024-05-26 21:30:38,660 [INFO] IPUIPlugin:80 - create IPUIPlugin
2024-05-26 21:30:38,660 [INFO] PluginManager:220 - loadIPPluginJar : add can
2024-05-26 21:30:38,701 [INFO] IPUIPlugin:80 - create IPUIPlugin
2024-05-26 21:30:38,702 [INFO] PluginManager:220 - loadIPPluginJar : add comp
2024-05-26 21:30:38,769 [INFO] IPUIPlugin:80 - create IPUIPlugin
2024-05-26 21:30:38,770 [INFO] PluginManager:220 - loadIPPluginJar : add cryp
2024-05-26 21:30:38,833 [INFO] IPUIPlugin:80 - create IPUIPlugin
2024-05-26 21:30:38,834 [INFO] PluginManager:220 - loadIPPluginJar : add dfsdm
2024-05-26 21:30:38,855 [INFO] IPUIPlugin:80 - create IPUIPlugin
2024-05-26 21:30:38,857 [INFO] PluginManager:220 - loadIPPluginJar : add dma
2024-05-26 21:30:38,929 [INFO] IPUIPlugin:80 - create IPUIPlugin
2024-05-26 21:30:38,929 [INFO] PluginManager:220 - loadIPPluginJar : add dma3
2024-05-26 21:30:39,018 [INFO] IPUIPlugin:80 - create IPUIPlugin
2024-05-26 21:30:39,018 [INFO] PluginManager:220 - loadIPPluginJar : add extmemmanager
2024-05-26 21:30:39,051 [INFO] IPUIPlugin:80 - create IPUIPlugin
2024-05-26 21:30:39,051 [INFO] PluginManager:220 - loadIPPluginJar : add fatfs
2024-05-26 21:30:39,129 [INFO] IPUIPlugin:80 - create IPUIPlugin
2024-05-26 21:30:39,129 [INFO] PluginManager:220 - loadIPPluginJar : add fmc
2024-05-26 21:30:39,153 [INFO] IPUIPlugin:80 - create IPUIPlugin
2024-05-26 21:30:39,153 [INFO] PluginManager:220 - loadIPPluginJar : add freertos
2024-05-26 21:30:39,195 [INFO] IPUIPlugin:80 - create IPUIPlugin
2024-05-26 21:30:39,195 [INFO] PluginManager:220 - loadIPPluginJar : add genericplugin
2024-05-26 21:30:39,375 [INFO] IPUIPlugin:80 - create IPUIPlugin
2024-05-26 21:30:39,375 [INFO] PluginManager:220 - loadIPPluginJar : add gfxmmu
2024-05-26 21:30:39,573 [INFO] IPUIPlugin:80 - create IPUIPlugin
2024-05-26 21:30:39,573 [INFO] PluginManager:220 - loadIPPluginJar : add gic
2024-05-26 21:30:39,595 [INFO] IPUIPlugin:80 - create IPUIPlugin
2024-05-26 21:30:39,595 [INFO] PluginManager:220 - loadIPPluginJar : add gpio
2024-05-26 21:30:39,751 [INFO] IPUIPlugin:80 - create IPUIPlugin
2024-05-26 21:30:39,751 [INFO] PluginManager:220 - loadIPPluginJar : add gtzc
2024-05-26 21:30:39,812 [INFO] IPUIPlugin:80 - create IPUIPlugin
2024-05-26 21:30:39,812 [INFO] PluginManager:220 - loadIPPluginJar : add hash
2024-05-26 21:30:39,916 [INFO] IPUIPlugin:80 - create IPUIPlugin
2024-05-26 21:30:39,916 [INFO] PluginManager:220 - loadIPPluginJar : add i2c
2024-05-26 21:30:39,988 [INFO] IPUIPlugin:80 - create IPUIPlugin
2024-05-26 21:30:39,988 [INFO] PluginManager:220 - loadIPPluginJar : add i2s
2024-05-26 21:30:40,068 [INFO] IPUIPlugin:80 - create IPUIPlugin
2024-05-26 21:30:40,068 [INFO] PluginManager:220 - loadIPPluginJar : add i3c
2024-05-26 21:30:40,254 [INFO] IPUIPlugin:80 - create IPUIPlugin
2024-05-26 21:30:40,255 [INFO] PluginManager:220 - loadIPPluginJar : add ipddr
2024-05-26 21:30:40,378 [INFO] IPUIPlugin:80 - create IPUIPlugin
2024-05-26 21:30:40,378 [INFO] PluginManager:220 - loadIPPluginJar : add linkedlist
2024-05-26 21:30:40,439 [INFO] IPUIPlugin:80 - create IPUIPlugin
2024-05-26 21:30:40,440 [INFO] PluginManager:220 - loadIPPluginJar : add lorawan
2024-05-26 21:30:40,506 [INFO] IPUIPlugin:80 - create IPUIPlugin
2024-05-26 21:30:40,506 [INFO] PluginManager:220 - loadIPPluginJar : add ltdc
2024-05-26 21:30:40,506 [INFO] ThirdPartyUpdaterWithRetryManager:70 - Updater plugin not ready yet. [2/15]
2024-05-26 21:30:40,526 [INFO] IPUIPlugin:80 - create IPUIPlugin
2024-05-26 21:30:40,526 [INFO] PluginManager:220 - loadIPPluginJar : add mdma
2024-05-26 21:30:40,546 [INFO] IPUIPlugin:80 - create IPUIPlugin
2024-05-26 21:30:40,546 [INFO] PluginManager:220 - loadIPPluginJar : add nvic
2024-05-26 21:30:40,608 [INFO] IPUIPlugin:80 - create IPUIPlugin
2024-05-26 21:30:40,609 [INFO] PluginManager:220 - loadIPPluginJar : add opamp
2024-05-26 21:30:40,705 [INFO] IPUIPlugin:80 - create IPUIPlugin
2024-05-26 21:30:40,706 [INFO] PluginManager:220 - loadIPPluginJar : add openamp
2024-05-26 21:30:40,772 [INFO] IPUIPlugin:80 - create IPUIPlugin
2024-05-26 21:30:40,772 [INFO] PluginManager:220 - loadIPPluginJar : add pdm2pcm
2024-05-26 21:30:40,793 [INFO] IPUIPlugin:80 - create IPUIPlugin
2024-05-26 21:30:40,803 [INFO] PluginManager:220 - loadIPPluginJar : add plateformsettings
2024-05-26 21:30:40,837 [INFO] IPUIPlugin:80 - create IPUIPlugin
2024-05-26 21:30:40,841 [INFO] PluginManager:220 - loadIPPluginJar : add quadspi
2024-05-26 21:30:40,858 [INFO] IPUIPlugin:80 - create IPUIPlugin
2024-05-26 21:30:40,858 [INFO] PluginManager:220 - loadIPPluginJar : add resmgrutility
2024-05-26 21:30:40,933 [INFO] IPUIPlugin:80 - create IPUIPlugin
2024-05-26 21:30:40,934 [INFO] PluginManager:220 - loadIPPluginJar : add sai
2024-05-26 21:30:41,002 [INFO] IPUIPlugin:80 - create IPUIPlugin
2024-05-26 21:30:41,002 [INFO] PluginManager:220 - loadIPPluginJar : add spi
2024-05-26 21:30:41,117 [INFO] IPUIPlugin:80 - create IPUIPlugin
2024-05-26 21:30:41,117 [INFO] PluginManager:220 - loadIPPluginJar : add stm32_wpan
2024-05-26 21:30:41,156 [INFO] IPUIPlugin:80 - create IPUIPlugin
2024-05-26 21:30:41,157 [INFO] PluginManager:220 - loadIPPluginJar : add tim
2024-05-26 21:30:41,252 [INFO] IPUIPlugin:80 - create IPUIPlugin
2024-05-26 21:30:41,252 [INFO] PluginManager:220 - loadIPPluginJar : add touchsensing
2024-05-26 21:30:41,287 [INFO] IPUIPlugin:80 - create IPUIPlugin
2024-05-26 21:30:41,287 [INFO] PluginManager:220 - loadIPPluginJar : add tracer_emb
2024-05-26 21:30:41,317 [INFO] IPUIPlugin:80 - create IPUIPlugin
2024-05-26 21:30:41,317 [INFO] PluginManager:220 - loadIPPluginJar : add ts
2024-05-26 21:30:41,345 [INFO] IPUIPlugin:80 - create IPUIPlugin
2024-05-26 21:30:41,348 [INFO] PluginManager:220 - loadIPPluginJar : add tsc
2024-05-26 21:30:41,386 [INFO] IPUIPlugin:80 - create IPUIPlugin
2024-05-26 21:30:41,389 [INFO] PluginManager:220 - loadIPPluginJar : add ucpd
2024-05-26 21:30:41,460 [INFO] IPUIPlugin:80 - create IPUIPlugin
2024-05-26 21:30:41,460 [INFO] PluginManager:220 - loadIPPluginJar : add usart
2024-05-26 21:30:41,546 [INFO] IPUIPlugin:80 - create IPUIPlugin
2024-05-26 21:30:41,546 [INFO] PluginManager:220 - loadIPPluginJar : add usbx
2024-05-26 21:30:41,722 [INFO] CADModel:165 - CPN selected for project level
2024-05-26 21:30:41,722 [INFO] CADModel:114 - Register for checkConnection events
2024-05-26 21:30:41,722 [FATAL] Updater:308 - Updater called before beeing initialized
2024-05-26 21:30:41,722 [ERROR] CADModel:125 - Updater not yet initialized, retry later 
2024-05-26 21:30:41,983 [INFO] CADModel:165 - CPN selected for project level
2024-05-26 21:30:41,983 [INFO] CADModel:114 - Register for checkConnection events
2024-05-26 21:30:41,983 [FATAL] Updater:308 - Updater called before beeing initialized
2024-05-26 21:30:41,983 [ERROR] CADModel:125 - Updater not yet initialized, retry later 
2024-05-26 21:30:41,987 [FATAL] Updater:308 - Updater called before beeing initialized
2024-05-26 21:30:42,173 [FATAL] Updater:308 - Updater called before beeing initialized
2024-05-26 21:30:42,189 [INFO] DbMcusAds:53 - JSON generation date=Thu May 16 11:22:01 CEST 2024 (1715851321109)
2024-05-26 21:30:42,189 [FATAL] Updater:308 - Updater called before beeing initialized
2024-05-26 21:30:42,331 [WARN] DetailPanel:346 - Failed to get advertising image, set to default
2024-05-26 21:30:42,526 [FATAL] Updater:308 - Updater called before beeing initialized
2024-05-26 21:30:42,548 [FATAL] Updater:308 - Updater called before beeing initialized
2024-05-26 21:30:42,548 [FATAL] Updater:308 - Updater called before beeing initialized
2024-05-26 21:30:42,548 [WARN] DetailPanel:346 - Failed to get advertising image, set to default
2024-05-26 21:30:42,548 [FATAL] Updater:308 - Updater called before beeing initialized
2024-05-26 21:30:42,681 [ERROR] Updater:1120 - MainUpdater not yet initialized. External WinMGr cannot be set.
2024-05-26 21:30:42,695 [INFO] Updater:1056 - Updater Version found : 6.11.1
2024-05-26 21:30:42,735 [INFO] ApplicationProperties:184 - Using Application install path: C:\ST\STM32CubeIDE_1.15.1\STM32CubeIDE\plugins\com.st.stm32cube.common.mx_6.11.1.202404110753
2024-05-26 21:30:43,506 [INFO] ThirdPartyUpdaterWithRetryManager:70 - Updater plugin not ready yet. [3/15]
2024-05-26 21:30:44,330 [ERROR] LogOutputStream:75 - [STDERR_REDIRECT] May 26, 2024 9:30:44 PM java.util.prefs.WindowsPreferences <init>
2024-05-26 21:30:44,330 [ERROR] LogOutputStream:75 - [STDERR_REDIRECT] WARNING: Could not open/create prefs root node Software\JavaSoft\Prefs at root 0xffffffff80000002. Windows RegCreateKeyEx(...) returned error code 5.
2024-05-26 21:30:44,330 [ERROR] LogOutputStream:75 - [STDERR_REDIRECT] 
2024-05-26 21:30:45,008 [INFO] MainUpdater:2873 - connection check result : 10
2024-05-26 21:30:45,008 [INFO] MainUpdater:3567 - Updater definition file requires update
2024-05-26 21:30:45,018 [INFO] MainUpdater:290 - Updater Check For Update Now.
2024-05-26 21:30:45,018 [INFO] MicroXplorer:498 - Change Database Version : DB.6.0.111
2024-05-26 21:30:45,053 [INFO] McuFinderGlobals:63 - Set McuFinder mode to 2 (CubeIDE integrated)
2024-05-26 21:30:45,077 [INFO] UserAuth:415 - Internet connection configuration mode: 1
2024-05-26 21:30:45,116 [INFO] JxBrowserEngine:152 - Initiate JxBrowser Engine with user profile folder
2024-05-26 21:30:45,208 [INFO] ServerAccessManage:473 - Download File updaters.zip
2024-05-26 21:30:45,378 [INFO] FileExtend:240 - Unzip File : updaters.zip
2024-05-26 21:30:45,378 [INFO] FileExtend:255 - Standard Zip Deflate
2024-05-26 21:30:46,088 [INFO] ServerAccessManage:473 - Download File PacksControlFlags.xml
2024-05-26 21:30:46,227 [INFO] ServerAccessManage:473 - Download File cubemx.pidx
2024-05-26 21:30:46,513 [WARN] MainUpdater:1194 - Updater busy. Cannot search thirdparties
2024-05-26 21:30:46,513 [INFO] ThirdPartyUpdaterWithRetryManager:96 - Updater plugin is busy. [1/15]
2024-05-26 21:30:46,674 [INFO] ServerAccessManage:473 - Download File STMicroelectronics.X-CUBE-ALS.pdsc
2024-05-26 21:30:47,993 [WARN] PackLoader:240 - Cannot read IP mode file for STMicroelectronics.X-CUBE-ALS.1.0.2
2024-05-26 21:30:47,997 [INFO] PopulateThirdPartyThread:66 - Ending populate Thread
2024-05-26 21:30:47,998 [INFO] ThirdParty:1030 - CMSIS Pack Vendor :STMicroelectronics X-CUBE-ALS 1.0.2
2024-05-26 21:30:47,999 [INFO] LoadServerUpdatesThread:375 - End of LoadServerUpdate Thread
2024-05-26 21:30:48,120 [INFO] CheckServerUpdateThread:120 - End of CheckServer Thread
2024-05-26 21:30:49,709 [WARN] PackLoader:240 - Cannot read IP mode file for STMicroelectronics.FP-SNS-MOTENVWB1.1.4.0
2024-05-26 21:30:49,725 [WARN] PackLoader:240 - Cannot read IP mode file for STMicroelectronics.X-CUBE-SMBUS.2.1.0
2024-05-26 21:30:49,738 [WARN] PackLoader:240 - Cannot read IP mode file for STMicroelectronics.X-CUBE-TOUCHGFX.4.23.2
2024-05-26 21:30:49,773 [WARN] PackLoader:240 - Cannot read IP mode file for STMicroelectronics.X-CUBE-AZRTOS-F7.1.1.0
2024-05-26 21:30:49,785 [WARN] PackLoader:240 - Cannot read IP mode file for STMicroelectronics.FP-SNS-FLIGHT1.5.0.2
2024-05-26 21:30:49,803 [WARN] PackLoader:240 - Cannot read IP mode file for STMicroelectronics.X-CUBE-DISPLAY.3.0.0
2024-05-26 21:30:49,829 [WARN] PackLoader:240 - Cannot read IP mode file for STMicroelectronics.X-CUBE-BLE1.7.0.0
2024-05-26 21:30:49,846 [WARN] PackLoader:240 - Cannot read IP mode file for emotas.I-CUBE-CANOPEN.1.3.0
2024-05-26 21:30:49,865 [WARN] PackLoader:240 - Cannot read IP mode file for STMicroelectronics.X-CUBE-BLEMGR.3.1.0
2024-05-26 21:30:49,881 [WARN] PackLoader:240 - Cannot read IP mode file for STMicroelectronics.FP-SNS-SMARTAG2.1.2.0
2024-05-26 21:30:49,905 [INFO] LogOutputStream:77 - [STDOUT_REDIRECT] 1 : Invalid condition id : UX_CORESTACK_Condition cause : null
2024-05-26 21:30:49,906 [INFO] LogOutputStream:77 - [STDOUT_REDIRECT] 1 : Invalid condition id : UX_CORESTACK_Condition cause : null
2024-05-26 21:30:49,907 [INFO] LogOutputStream:77 - [STDOUT_REDIRECT] 1 : Invalid condition id : UX_CORESTACK_Condition cause : null
2024-05-26 21:30:49,908 [INFO] LogOutputStream:77 - [STDOUT_REDIRECT] 1 : Invalid condition id : UX_CORESTACK_Condition cause : null
2024-05-26 21:30:49,909 [INFO] LogOutputStream:77 - [STDOUT_REDIRECT] 1 : Invalid condition id : UX_CORESTACK_Condition cause : null
2024-05-26 21:30:49,912 [WARN] PackLoader:240 - Cannot read IP mode file for STMicroelectronics.X-CUBE-AZRTOS-WL.2.0.0
2024-05-26 21:30:49,928 [WARN] PackLoader:240 - Cannot read IP mode file for STMicroelectronics.FP-SNS-MOTENV1.5.0.0
2024-05-26 21:30:49,943 [WARN] PackLoader:240 - Cannot read IP mode file for WES.I-CUBE-Cesium.1.3.0
2024-05-26 21:30:49,956 [WARN] PackLoader:240 - Cannot read IP mode file for STMicroelectronics.X-CUBE-BLE2.3.3.0
2024-05-26 21:30:49,969 [WARN] PackLoader:240 - Cannot read IP mode file for STMicroelectronics.X-CUBE-TCPP.4.1.0
2024-05-26 21:30:49,983 [WARN] PackLoader:240 - Cannot read IP mode file for STMicroelectronics.X-CUBE-ALGOBUILD.1.3.0
2024-05-26 21:30:50,009 [WARN] PackLoader:240 - Cannot read IP mode file for STMicroelectronics.X-CUBE-AZRTOS-G0.1.1.0
2024-05-26 21:30:50,029 [WARN] PackLoader:240 - Cannot read IP mode file for STMicroelectronics.X-CUBE-SAFEA1.1.2.2
2024-05-26 21:30:50,051 [WARN] PackLoader:240 - Cannot read IP mode file for STMicroelectronics.X-CUBE-NFC4.3.0.0
2024-05-26 21:30:50,076 [WARN] PackLoader:240 - Cannot read IP mode file for wolfSSL.I-CUBE-wolfSSL.5.7.0
2024-05-26 21:30:50,083 [WARN] PackLoader:240 - Cannot read IP mode file for STMicroelectronics.FP-ATR-SIGFOX1.3.2.0
2024-05-26 21:30:50,102 [WARN] PackLoader:240 - Cannot read IP mode file for STMicroelectronics.X-CUBE-EEPRMA1.5.1.0
2024-05-26 21:30:50,129 [WARN] PackLoader:240 - Cannot read IP mode file for ITTIA_DB.I-CUBE-ITTIADB.8.9.0
2024-05-26 21:30:50,183 [WARN] PackLoader:240 - Cannot read IP mode file for SEGGER.I-CUBE-embOS.1.3.1
2024-05-26 21:30:50,296 [WARN] PackLoader:240 - Cannot read IP mode file for STMicroelectronics.X-CUBE-ALGOBUILD.1.4.0
2024-05-26 21:30:50,365 [WARN] PackLoader:240 - Cannot read IP mode file for STMicroelectronics.X-CUBE-GNSS1.6.0.0
2024-05-26 21:30:50,407 [WARN] PackLoader:240 - Cannot read IP mode file for STMicroelectronics.X-CUBE-AZRTOS-F4.1.1.0
2024-05-26 21:30:50,432 [WARN] PackLoader:240 - Cannot read IP mode file for STMicroelectronics.X-CUBE-FREERTOS.1.2.0
2024-05-26 21:30:50,502 [WARN] PackLoader:240 - Cannot read IP mode file for STMicroelectronics.X-CUBE-AZRTOS-L5.2.0.0
2024-05-26 21:30:50,621 [WARN] PackLoader:240 - Cannot read IP mode file for STMicroelectronics.X-CUBE-NFC6.3.1.0
2024-05-26 21:30:50,744 [WARN] PackLoader:240 - Cannot read IP mode file for STMicroelectronics.X-CUBE-AI.9.0.0
2024-05-26 21:30:50,864 [WARN] PackLoader:240 - Cannot read IP mode file for STMicroelectronics.X-CUBE-NFC7.1.0.1
2024-05-26 21:30:50,956 [WARN] ConditionMgr:438 - getConditionDescription Invalid condition id : LAN8742 Phy interface Condition cause : null
2024-05-26 21:30:50,957 [WARN] PackLoader:240 - Cannot read IP mode file for STMicroelectronics.X-CUBE-AZRTOS-L4.2.0.0
2024-05-26 21:30:50,959 [WARN] ConditionMgr:1039 - genDependencies : Invalid condition id : LAN8742 Phy interface Condition cause : null
2024-05-26 21:30:50,960 [WARN] ConditionMgr:1039 - genDependencies : Invalid condition id : LAN8742 Phy interface Condition cause : null
2024-05-26 21:30:50,960 [WARN] ConditionMgr:1039 - genDependencies : Invalid condition id : LAN8742 Phy interface Condition cause : null
2024-05-26 21:30:51,015 [WARN] PackLoader:240 - Cannot read IP mode file for STMicroelectronics.X-CUBE-SFXS2LP1.4.0.0
2024-05-26 21:30:51,143 [WARN] ConditionMgr:438 - getConditionDescription Invalid condition id : UX DEVICE CLASS RTOS Condition cause : null
2024-05-26 21:30:51,144 [WARN] ConditionMgr:438 - getConditionDescription Invalid condition id : UX DEVICE CLASS RTOS Condition cause : null
2024-05-26 21:30:51,147 [WARN] PackLoader:240 - Cannot read IP mode file for STMicroelectronics.X-CUBE-AZRTOS-WB.2.0.0
2024-05-26 21:30:51,149 [WARN] ConditionMgr:1039 - genDependencies : Invalid condition id : UX DEVICE CLASS RTOS Condition cause : null
2024-05-26 21:30:51,150 [WARN] ConditionMgr:1039 - genDependencies : Invalid condition id : UX DEVICE CLASS RTOS Condition cause : null
2024-05-26 21:30:51,151 [WARN] ConditionMgr:1039 - genDependencies : Invalid condition id : UX DEVICE CLASS RTOS Condition cause : null
2024-05-26 21:30:51,151 [WARN] ConditionMgr:1039 - genDependencies : Invalid condition id : UX DEVICE CLASS RTOS Condition cause : null
2024-05-26 21:30:51,151 [WARN] ConditionMgr:1039 - genDependencies : Invalid condition id : UX DEVICE CLASS RTOS Condition cause : null
2024-05-26 21:30:51,203 [WARN] PackLoader:240 - Cannot read IP mode file for STMicroelectronics.X-CUBE-SUBG2.5.0.0
2024-05-26 21:30:51,300 [WARN] PackLoader:240 - Cannot read IP mode file for STMicroelectronics.X-CUBE-AZRTOS-G4.2.0.0
2024-05-26 21:30:51,342 [WARN] PackLoader:240 - Cannot read IP mode file for STMicroelectronics.X-CUBE-ISPU.2.0.0
2024-05-26 21:30:51,351 [WARN] PackLoader:240 - Cannot read IP mode file for STMicroelectronics.X-CUBE-ALS.1.0.2
2024-05-26 21:30:51,441 [WARN] PackLoader:240 - Cannot read IP mode file for STMicroelectronics.X-CUBE-MEMS1.10.0.0
2024-05-26 21:30:51,452 [INFO] WebApp:161 - Instantiating new browser for Auth
2024-05-26 21:30:51,653 [WARN] PackLoader:240 - Cannot read IP mode file for portGmbH.I-Cube-SoM-uGOAL.1.1.0
2024-05-26 21:30:51,681 [WARN] PackLoader:240 - Cannot read IP mode file for STMicroelectronics.X-CUBE-ALS.1.0.1
2024-05-26 21:30:51,763 [WARN] PackLoader:240 - Cannot read IP mode file for STMicroelectronics.X-CUBE-AZRTOS-H7RS.1.0.0
2024-05-26 21:30:51,798 [WARN] PackLoader:240 - Cannot read IP mode file for STMicroelectronics.FP-ATR-ASTRA1.2.0.0
2024-05-26 21:30:51,916 [WARN] PackLoader:240 - Cannot read IP mode file for STMicroelectronics.X-CUBE-TOF1.3.4.1
2024-05-26 21:30:52,007 [WARN] PackLoader:240 - Cannot read IP mode file for STMicroelectronics.X-CUBE-AZRTOS-H7.3.2.0
2024-05-26 21:30:52,074 [WARN] PackLoader:240 - Cannot read IP mode file for Infineon.AIROC-Wi-Fi-Bluetooth-STM32.1.6.0
2024-05-26 21:30:52,135 [INFO] ThirdParty:978 - Integrity check success = true
2024-05-26 21:30:52,137 [INFO] IntegrityCheckThread:100 - exiting critical section [integrity check]
2024-05-26 21:30:52,137 [INFO] IntegrityCheckThread:103 - End integrity checks thread
2024-05-26 21:30:53,682 [INFO] WebApp:779 - Register for checkConnection events
2024-05-26 21:30:53,683 [INFO] WebApp:414 - Apply proxy settings
2024-05-26 21:30:53,683 [INFO] WebApp:499 - Chromium requires no authentication
2024-05-26 21:30:53,711 [INFO] WebApp:442 - Direct internet connection detected
2024-05-26 21:30:54,116 [INFO] WebApp:192 - Starting web application
2024-05-26 21:30:54,117 [INFO] WebApp:544 - Web application path used C:\ST\STM32CubeIDE_1.15.1\STM32CubeIDE\plugins\com.st.stm32cube.common.mx_6.11.1.202404110753\db\plugins\mcufinder\reactClient1\index.html
2024-05-26 21:32:40,169 [ERROR] LogOutputStream:75 - [STDERR_REDIRECT] 
2024-05-26 21:32:40,169 [ERROR] LogOutputStream:75 - [STDERR_REDIRECT] 
