2024-08-07 17:26:10,831 [INFO] Activator:176 - 


2024-08-07 17:26:10,847 [INFO] Activator:177 - !SESSION log4j initialized
2024-08-07 17:26:21,442 [INFO] LogOutputStream:77 - [STDOUT_REDIRECT] 
2024-08-07 17:26:28,297 [INFO] ApplicationProperties:184 - Using Application install path: C:\ST\STM32CubeIDE_1.15.1\STM32CubeIDE\plugins\com.st.stm32cube.common.mx_6.11.1.202404110753
2024-08-07 17:26:28,363 [INFO] DbMcusXml:78 - Set database path to: C:\ST\STM32CubeIDE_1.15.1\STM32CubeIDE\plugins\com.st.stm32cube.common.mx_6.11.1.202404110753\\db\/mcu/
2024-08-07 17:26:28,364 [INFO] ApiDb:274 - Set plugin database path to: C:\ST\STM32CubeIDE_1.15.1\STM32CubeIDE\plugins\com.st.stm32cube.common.mx_6.11.1.202404110753\\db\/plugins/boardmanager/
2024-08-07 17:26:28,364 [WARN] ApiDb:259 - Overriding images path with different value:  => C:\ST\STM32CubeIDE_1.15.1\STM32CubeIDE\plugins\com.st.stm32cube.common.mx_6.11.1.202404110753\\db\/plugins/mcufinder/images/
2024-08-07 17:26:28,389 [INFO] ApiDb:250 - Set database path to: C:\Users\dbank\.stmcufinder\plugins\mcufinder//mcu/
2024-08-07 17:26:28,391 [INFO] DbMcusAds:125 - Set database path to: C:\Users\dbank\.stmcufinder\plugins\mcufinder//mcu/
2024-08-07 17:26:28,395 [INFO] CrossReferenceDbSqlite:203 - Set database path to: C:\Users\dbank\.stmcufinder\plugins\mcufinder//mcu/cs/
2024-08-07 17:26:28,720 [INFO] RulesReader:64 - Compatibility file has been processed (297 Rules)
2024-08-07 17:26:28,981 [INFO] DbMcusXml:78 - Set database path to: C:\ST\STM32CubeIDE_1.15.1\STM32CubeIDE\plugins\com.st.stm32cube.common.mx_6.11.1.202404110753\\db\/mcu/
2024-08-07 17:26:28,981 [INFO] ApiDb:274 - Set plugin database path to: C:\ST\STM32CubeIDE_1.15.1\STM32CubeIDE\plugins\com.st.stm32cube.common.mx_6.11.1.202404110753\\db\/plugins/boardmanager/
2024-08-07 17:26:28,982 [INFO] ApiDb:261 - Set plugin images path to: C:\ST\STM32CubeIDE_1.15.1\STM32CubeIDE\plugins\com.st.stm32cube.common.mx_6.11.1.202404110753\\db\/plugins/mcufinder/images/
2024-08-07 17:26:28,982 [WARN] DbFile:41 - Overriding database path with different value: C:\Users\dbank\.stmcufinder\plugins\mcufinder/ => C:\Users\dbank\.stmcufinder\plugins\mcufinder
2024-08-07 17:26:28,982 [INFO] ApiDb:250 - Set database path to: C:\Users\dbank\.stmcufinder\plugins\mcufinder//mcu/
2024-08-07 17:26:28,983 [WARN] DbFile:41 - Overriding database path with different value: C:\Users\dbank\.stmcufinder\plugins\mcufinder/ => C:\Users\dbank\.stmcufinder\plugins\mcufinder
2024-08-07 17:26:28,983 [INFO] DbMcusAds:125 - Set database path to: C:\Users\dbank\.stmcufinder\plugins\mcufinder//mcu/
2024-08-07 17:26:28,983 [WARN] DbFile:41 - Overriding database path with different value: C:\Users\dbank\.stmcufinder\plugins\mcufinder/ => C:\Users\dbank\.stmcufinder\plugins\mcufinder
2024-08-07 17:26:28,983 [WARN] DbFile:41 - Overriding database path with different value: C:\Users\dbank\.stmcufinder\plugins\mcufinder/ => C:\Users\dbank\.stmcufinder\plugins\mcufinder
2024-08-07 17:26:28,983 [INFO] CrossReferenceDbSqlite:203 - Set database path to: C:\Users\dbank\.stmcufinder\plugins\mcufinder//mcu/cs/
2024-08-07 17:26:29,189 [INFO] MainPanel:264 - HeapMemory: 276824064
2024-08-07 17:26:29,422 [INFO] DbMcusXml:78 - Set database path to: C:\ST\STM32CubeIDE_1.15.1\STM32CubeIDE\plugins\com.st.stm32cube.common.mx_6.11.1.202404110753\\db\/mcu/
2024-08-07 17:26:29,423 [INFO] ApiDb:274 - Set plugin database path to: C:\ST\STM32CubeIDE_1.15.1\STM32CubeIDE\plugins\com.st.stm32cube.common.mx_6.11.1.202404110753\\db\/plugins/boardmanager/
2024-08-07 17:26:29,423 [INFO] ApiDb:261 - Set plugin images path to: C:\ST\STM32CubeIDE_1.15.1\STM32CubeIDE\plugins\com.st.stm32cube.common.mx_6.11.1.202404110753\\db\/plugins/mcufinder/images/
2024-08-07 17:26:29,424 [WARN] DbFile:41 - Overriding database path with different value: C:\Users\dbank\.stmcufinder\plugins\mcufinder/ => C:\Users\dbank\.stmcufinder\plugins\mcufinder
2024-08-07 17:26:29,424 [INFO] ApiDb:250 - Set database path to: C:\Users\dbank\.stmcufinder\plugins\mcufinder//mcu/
2024-08-07 17:26:29,424 [WARN] DbFile:41 - Overriding database path with different value: C:\Users\dbank\.stmcufinder\plugins\mcufinder/ => C:\Users\dbank\.stmcufinder\plugins\mcufinder
2024-08-07 17:26:29,425 [INFO] DbMcusAds:125 - Set database path to: C:\Users\dbank\.stmcufinder\plugins\mcufinder//mcu/
2024-08-07 17:26:29,425 [WARN] DbFile:41 - Overriding database path with different value: C:\Users\dbank\.stmcufinder\plugins\mcufinder/ => C:\Users\dbank\.stmcufinder\plugins\mcufinder
2024-08-07 17:26:29,425 [WARN] DbFile:41 - Overriding database path with different value: C:\Users\dbank\.stmcufinder\plugins\mcufinder/ => C:\Users\dbank\.stmcufinder\plugins\mcufinder
2024-08-07 17:26:29,425 [INFO] CrossReferenceDbSqlite:203 - Set database path to: C:\Users\dbank\.stmcufinder\plugins\mcufinder//mcu/cs/
2024-08-07 17:26:29,514 [INFO] ApplicationProperties:184 - Using Application install path: C:\ST\STM32CubeIDE_1.15.1\STM32CubeIDE\plugins\com.st.stm32cube.common.mx_6.11.1.202404110753
2024-08-07 17:26:29,519 [INFO] PluginManage:196 - Search for loadable plugins [exclusion list=, ]
2024-08-07 17:26:29,523 [INFO] PluginManage:310 - Check plugin analytics
2024-08-07 17:26:30,135 [INFO] AnalyticsPlugin:253 - Accepted Software Licenses: 
2024-08-07 17:26:30,136 [INFO] AnalyticsPlugin:255 - Accepted CMSIS Pack Licenses: 
2024-08-07 17:26:30,136 [INFO] AnalyticsPlugin:257 - Accepted Firmware Licenses: FW.H7.1.11.0
2024-08-07 17:26:30,141 [INFO] PluginManage:359 - Loaded plugin analytics (category:tool,tabindex:-1)
2024-08-07 17:26:30,141 [INFO] PluginManage:310 - Check plugin cadmodel
2024-08-07 17:26:30,193 [INFO] CADModel:105 - Init CAD model plugin
2024-08-07 17:26:30,193 [INFO] PluginManage:359 - Loaded plugin cadmodel (category:power,tabindex:5)
2024-08-07 17:26:30,193 [INFO] PluginManage:310 - Check plugin clock
2024-08-07 17:26:30,239 [INFO] PluginManage:359 - Loaded plugin clock (category:base,tabindex:2)
2024-08-07 17:26:30,240 [INFO] PluginManage:310 - Check plugin ddr
2024-08-07 17:26:30,246 [INFO] PluginManage:359 - Loaded plugin ddr (category:tool,tabindex:6)
2024-08-07 17:26:30,247 [INFO] PluginManage:310 - Check plugin filemanager
2024-08-07 17:26:30,596 [INFO] PluginManage:359 - Loaded plugin filemanager (category:base,tabindex:10)
2024-08-07 17:26:30,598 [INFO] PluginManage:310 - Check plugin ipmanager
2024-08-07 17:26:30,619 [INFO] PluginManage:359 - Loaded plugin ipmanager (category:base,tabindex:5)
2024-08-07 17:26:30,620 [INFO] PluginManage:310 - Check plugin lpbam
2024-08-07 17:26:30,663 [INFO] PluginManage:359 - Loaded plugin lpbam (category:base,tabindex:0)
2024-08-07 17:26:30,664 [INFO] PluginManage:310 - Check plugin memorymap
2024-08-07 17:26:30,721 [INFO] PluginManage:359 - Loaded plugin memorymap (category:base,tabindex:4)
2024-08-07 17:26:30,722 [INFO] PluginManage:310 - Check plugin pinoutandconfiguration
2024-08-07 17:26:30,765 [INFO] PluginManage:359 - Loaded plugin pinoutandconfiguration (category:base,tabindex:1)
2024-08-07 17:26:30,766 [INFO] PluginManage:310 - Check plugin pinoutconfig
2024-08-07 17:26:31,051 [WARN] SupportedApi:132 - Cannot load RTOS API schema: s4s-elt-must-match.1: The content of 'definitions' must match (annotation?, (simpleType | complexType)?, (unique | key | keyref)*)). A problem was found starting at: attribute.
2024-08-07 17:26:31,914 [INFO] PluginManage:359 - Loaded plugin pinoutconfig (category:base,tabindex:0)
2024-08-07 17:26:31,914 [INFO] PluginManage:310 - Check plugin power
2024-08-07 17:26:31,992 [INFO] PluginManage:359 - Loaded plugin power (category:power,tabindex:4)
2024-08-07 17:26:31,992 [INFO] PluginManage:310 - Check plugin projectmanager
2024-08-07 17:26:32,048 [INFO] PluginManage:359 - Loaded plugin projectmanager (category:projectmanager,tabindex:3)
2024-08-07 17:26:32,048 [INFO] PluginManage:310 - Check plugin thirdparty
2024-08-07 17:26:33,252 [INFO] PluginManage:359 - Loaded plugin thirdparty (category:base,tabindex:-1)
2024-08-07 17:26:33,253 [INFO] PluginManage:310 - Check plugin tools
2024-08-07 17:26:33,265 [WARN] IntegrityCheckThread:84 - waiting for thirdparty lock release [integrity check]
2024-08-07 17:26:33,268 [INFO] IntegrityCheckThread:86 - entering critical section [integrity check]
2024-08-07 17:26:33,271 [INFO] ThirdPartyUpdaterWithRetryManager:70 - Updater plugin not ready yet. [1/15]
2024-08-07 17:26:33,362 [INFO] PluginManage:359 - Loaded plugin tools (category:base,tabindex:7)
2024-08-07 17:26:33,362 [INFO] PluginManage:310 - Check plugin tutovideos
2024-08-07 17:26:34,365 [INFO] PluginManage:359 - Loaded plugin tutovideos (category:base,tabindex:-1)
2024-08-07 17:26:34,365 [INFO] PluginManage:310 - Check plugin updater
2024-08-07 17:26:34,388 [INFO] PluginManage:359 - Loaded plugin updater (category:base,tabindex:12)
2024-08-07 17:26:34,389 [INFO] PluginManage:310 - Check plugin userauth
2024-08-07 17:26:34,399 [INFO] UserAuth:114 - Init User Auth plugin
2024-08-07 17:26:34,399 [INFO] PluginManage:359 - Loaded plugin userauth (category:base,tabindex:14)
2024-08-07 17:26:34,400 [INFO] PluginManage:283 - PluginManage : Loaded plugins [17]
2024-08-07 17:26:35,094 [INFO] PinOutPanel:1561 - setPackage(No Configuration,No Configuration)
2024-08-07 17:26:35,304 [INFO] CADModel:165 - CPN selected for project level
2024-08-07 17:26:35,305 [INFO] CADModel:114 - Register for checkConnection events
2024-08-07 17:26:35,499 [INFO] IPUIPlugin:80 - create IPUIPlugin
2024-08-07 17:26:35,499 [INFO] PluginManager:220 - loadIPPluginJar : add adc
2024-08-07 17:26:36,052 [INFO] IPUIPlugin:80 - create IPUIPlugin
2024-08-07 17:26:36,052 [INFO] PluginManager:220 - loadIPPluginJar : add aes
2024-08-07 17:26:36,171 [INFO] IPUIPlugin:80 - create IPUIPlugin
2024-08-07 17:26:36,172 [INFO] PluginManager:220 - loadIPPluginJar : add can
2024-08-07 17:26:36,226 [INFO] IPUIPlugin:80 - create IPUIPlugin
2024-08-07 17:26:36,226 [INFO] PluginManager:220 - loadIPPluginJar : add comp
2024-08-07 17:26:36,274 [INFO] ThirdPartyUpdaterWithRetryManager:70 - Updater plugin not ready yet. [2/15]
2024-08-07 17:26:36,307 [INFO] IPUIPlugin:80 - create IPUIPlugin
2024-08-07 17:26:36,307 [INFO] PluginManager:220 - loadIPPluginJar : add cryp
2024-08-07 17:26:36,413 [INFO] IPUIPlugin:80 - create IPUIPlugin
2024-08-07 17:26:36,414 [INFO] PluginManager:220 - loadIPPluginJar : add dfsdm
2024-08-07 17:26:36,455 [INFO] IPUIPlugin:80 - create IPUIPlugin
2024-08-07 17:26:36,456 [INFO] PluginManager:220 - loadIPPluginJar : add dma
2024-08-07 17:26:36,633 [INFO] IPUIPlugin:80 - create IPUIPlugin
2024-08-07 17:26:36,634 [INFO] PluginManager:220 - loadIPPluginJar : add dma3
2024-08-07 17:26:36,792 [INFO] IPUIPlugin:80 - create IPUIPlugin
2024-08-07 17:26:36,793 [INFO] PluginManager:220 - loadIPPluginJar : add extmemmanager
2024-08-07 17:26:36,859 [INFO] IPUIPlugin:80 - create IPUIPlugin
2024-08-07 17:26:36,859 [INFO] PluginManager:220 - loadIPPluginJar : add fatfs
2024-08-07 17:26:37,004 [INFO] IPUIPlugin:80 - create IPUIPlugin
2024-08-07 17:26:37,004 [INFO] PluginManager:220 - loadIPPluginJar : add fmc
2024-08-07 17:26:37,041 [INFO] IPUIPlugin:80 - create IPUIPlugin
2024-08-07 17:26:37,042 [INFO] PluginManager:220 - loadIPPluginJar : add freertos
2024-08-07 17:26:37,095 [INFO] IPUIPlugin:80 - create IPUIPlugin
2024-08-07 17:26:37,095 [INFO] PluginManager:220 - loadIPPluginJar : add genericplugin
2024-08-07 17:26:37,376 [INFO] IPUIPlugin:80 - create IPUIPlugin
2024-08-07 17:26:37,376 [INFO] PluginManager:220 - loadIPPluginJar : add gfxmmu
2024-08-07 17:26:37,767 [INFO] IPUIPlugin:80 - create IPUIPlugin
2024-08-07 17:26:37,768 [INFO] PluginManager:220 - loadIPPluginJar : add gic
2024-08-07 17:26:37,797 [INFO] IPUIPlugin:80 - create IPUIPlugin
2024-08-07 17:26:37,798 [INFO] PluginManager:220 - loadIPPluginJar : add gpio
2024-08-07 17:26:38,060 [INFO] IPUIPlugin:80 - create IPUIPlugin
2024-08-07 17:26:38,060 [INFO] PluginManager:220 - loadIPPluginJar : add gtzc
2024-08-07 17:26:38,148 [INFO] IPUIPlugin:80 - create IPUIPlugin
2024-08-07 17:26:38,149 [INFO] PluginManager:220 - loadIPPluginJar : add hash
2024-08-07 17:26:38,408 [INFO] IPUIPlugin:80 - create IPUIPlugin
2024-08-07 17:26:38,409 [INFO] PluginManager:220 - loadIPPluginJar : add i2c
2024-08-07 17:26:38,542 [INFO] IPUIPlugin:80 - create IPUIPlugin
2024-08-07 17:26:38,543 [INFO] PluginManager:220 - loadIPPluginJar : add i2s
2024-08-07 17:26:38,671 [INFO] IPUIPlugin:80 - create IPUIPlugin
2024-08-07 17:26:38,672 [INFO] PluginManager:220 - loadIPPluginJar : add i3c
2024-08-07 17:26:38,976 [INFO] IPUIPlugin:80 - create IPUIPlugin
2024-08-07 17:26:38,976 [INFO] PluginManager:220 - loadIPPluginJar : add ipddr
2024-08-07 17:26:39,239 [INFO] IPUIPlugin:80 - create IPUIPlugin
2024-08-07 17:26:39,240 [INFO] PluginManager:220 - loadIPPluginJar : add linkedlist
2024-08-07 17:26:39,278 [INFO] ThirdPartyUpdaterWithRetryManager:70 - Updater plugin not ready yet. [3/15]
2024-08-07 17:26:39,348 [INFO] IPUIPlugin:80 - create IPUIPlugin
2024-08-07 17:26:39,349 [INFO] PluginManager:220 - loadIPPluginJar : add lorawan
2024-08-07 17:26:39,464 [INFO] IPUIPlugin:80 - create IPUIPlugin
2024-08-07 17:26:39,464 [INFO] PluginManager:220 - loadIPPluginJar : add ltdc
2024-08-07 17:26:39,502 [INFO] IPUIPlugin:80 - create IPUIPlugin
2024-08-07 17:26:39,502 [INFO] PluginManager:220 - loadIPPluginJar : add mdma
2024-08-07 17:26:39,533 [INFO] IPUIPlugin:80 - create IPUIPlugin
2024-08-07 17:26:39,533 [INFO] PluginManager:220 - loadIPPluginJar : add nvic
2024-08-07 17:26:39,631 [INFO] IPUIPlugin:80 - create IPUIPlugin
2024-08-07 17:26:39,631 [INFO] PluginManager:220 - loadIPPluginJar : add opamp
2024-08-07 17:26:39,823 [INFO] IPUIPlugin:80 - create IPUIPlugin
2024-08-07 17:26:39,823 [INFO] PluginManager:220 - loadIPPluginJar : add openamp
2024-08-07 17:26:39,954 [INFO] IPUIPlugin:80 - create IPUIPlugin
2024-08-07 17:26:39,954 [INFO] PluginManager:220 - loadIPPluginJar : add pdm2pcm
2024-08-07 17:26:39,988 [INFO] IPUIPlugin:80 - create IPUIPlugin
2024-08-07 17:26:39,995 [INFO] PluginManager:220 - loadIPPluginJar : add plateformsettings
2024-08-07 17:26:40,070 [INFO] IPUIPlugin:80 - create IPUIPlugin
2024-08-07 17:26:40,071 [INFO] PluginManager:220 - loadIPPluginJar : add quadspi
2024-08-07 17:26:40,103 [INFO] IPUIPlugin:80 - create IPUIPlugin
2024-08-07 17:26:40,104 [INFO] PluginManager:220 - loadIPPluginJar : add resmgrutility
2024-08-07 17:26:40,254 [INFO] IPUIPlugin:80 - create IPUIPlugin
2024-08-07 17:26:40,254 [INFO] PluginManager:220 - loadIPPluginJar : add sai
2024-08-07 17:26:40,372 [INFO] IPUIPlugin:80 - create IPUIPlugin
2024-08-07 17:26:40,372 [INFO] PluginManager:220 - loadIPPluginJar : add spi
2024-08-07 17:26:40,569 [INFO] IPUIPlugin:80 - create IPUIPlugin
2024-08-07 17:26:40,569 [INFO] PluginManager:220 - loadIPPluginJar : add stm32_wpan
2024-08-07 17:26:40,636 [INFO] IPUIPlugin:80 - create IPUIPlugin
2024-08-07 17:26:40,636 [INFO] PluginManager:220 - loadIPPluginJar : add tim
2024-08-07 17:26:40,814 [INFO] IPUIPlugin:80 - create IPUIPlugin
2024-08-07 17:26:40,814 [INFO] PluginManager:220 - loadIPPluginJar : add touchsensing
2024-08-07 17:26:40,878 [INFO] IPUIPlugin:80 - create IPUIPlugin
2024-08-07 17:26:40,879 [INFO] PluginManager:220 - loadIPPluginJar : add tracer_emb
2024-08-07 17:26:40,942 [INFO] IPUIPlugin:80 - create IPUIPlugin
2024-08-07 17:26:40,943 [INFO] PluginManager:220 - loadIPPluginJar : add ts
2024-08-07 17:26:41,027 [INFO] IPUIPlugin:80 - create IPUIPlugin
2024-08-07 17:26:41,027 [INFO] PluginManager:220 - loadIPPluginJar : add tsc
2024-08-07 17:26:41,125 [INFO] IPUIPlugin:80 - create IPUIPlugin
2024-08-07 17:26:41,125 [INFO] PluginManager:220 - loadIPPluginJar : add ucpd
2024-08-07 17:26:41,258 [INFO] IPUIPlugin:80 - create IPUIPlugin
2024-08-07 17:26:41,258 [INFO] PluginManager:220 - loadIPPluginJar : add usart
2024-08-07 17:26:41,461 [INFO] IPUIPlugin:80 - create IPUIPlugin
2024-08-07 17:26:41,461 [INFO] PluginManager:220 - loadIPPluginJar : add usbx
2024-08-07 17:26:41,691 [INFO] CADModel:165 - CPN selected for project level
2024-08-07 17:26:41,691 [INFO] CADModel:114 - Register for checkConnection events
2024-08-07 17:26:41,691 [FATAL] Updater:308 - Updater called before beeing initialized
2024-08-07 17:26:41,692 [ERROR] CADModel:125 - Updater not yet initialized, retry later 
2024-08-07 17:26:42,075 [INFO] CADModel:165 - CPN selected for project level
2024-08-07 17:26:42,076 [INFO] CADModel:114 - Register for checkConnection events
2024-08-07 17:26:42,076 [FATAL] Updater:308 - Updater called before beeing initialized
2024-08-07 17:26:42,076 [ERROR] CADModel:125 - Updater not yet initialized, retry later 
2024-08-07 17:26:42,082 [FATAL] Updater:308 - Updater called before beeing initialized
2024-08-07 17:26:42,284 [INFO] ThirdPartyUpdaterWithRetryManager:70 - Updater plugin not ready yet. [4/15]
2024-08-07 17:26:42,625 [FATAL] Updater:308 - Updater called before beeing initialized
2024-08-07 17:26:42,664 [INFO] DbMcusAds:53 - JSON generation date=Thu May 16 11:22:01 CEST 2024 (1715851321109)
2024-08-07 17:26:42,664 [FATAL] Updater:308 - Updater called before beeing initialized
2024-08-07 17:26:42,953 [WARN] DetailPanel:346 - Failed to get advertising image, set to default
2024-08-07 17:26:43,354 [FATAL] Updater:308 - Updater called before beeing initialized
2024-08-07 17:26:43,358 [FATAL] Updater:308 - Updater called before beeing initialized
2024-08-07 17:26:43,359 [FATAL] Updater:308 - Updater called before beeing initialized
2024-08-07 17:26:43,359 [WARN] DetailPanel:346 - Failed to get advertising image, set to default
2024-08-07 17:26:43,360 [FATAL] Updater:308 - Updater called before beeing initialized
2024-08-07 17:26:43,523 [ERROR] Updater:1120 - MainUpdater not yet initialized. External WinMGr cannot be set.
2024-08-07 17:26:43,545 [INFO] Updater:1056 - Updater Version found : 6.11.1
2024-08-07 17:26:43,579 [INFO] ApplicationProperties:184 - Using Application install path: C:\ST\STM32CubeIDE_1.15.1\STM32CubeIDE\plugins\com.st.stm32cube.common.mx_6.11.1.202404110753
2024-08-07 17:26:45,184 [ERROR] LogOutputStream:75 - [STDERR_REDIRECT] Aug 07, 2024 5:26:45 PM java.util.prefs.WindowsPreferences <init>
2024-08-07 17:26:45,190 [ERROR] LogOutputStream:75 - [STDERR_REDIRECT] WARNING: Could not open/create prefs root node Software\JavaSoft\Prefs at root 0xffffffff80000002. Windows RegCreateKeyEx(...) returned error code 5.
2024-08-07 17:26:45,190 [ERROR] LogOutputStream:75 - [STDERR_REDIRECT] 
2024-08-07 17:26:45,291 [FATAL] Updater:308 - Updater called before beeing initialized
2024-08-07 17:26:45,292 [ERROR] IntegrityCheckThread:130 - Cannot retrieve database content from updater: error 21
2024-08-07 17:26:45,294 [INFO] ThirdParty:978 - Integrity check success = false
2024-08-07 17:26:45,294 [INFO] IntegrityCheckThread:100 - exiting critical section [integrity check]
2024-08-07 17:26:45,294 [INFO] IntegrityCheckThread:103 - End integrity checks thread
2024-08-07 17:26:46,005 [INFO] MainUpdater:2873 - connection check result : 10
2024-08-07 17:26:46,006 [INFO] MainUpdater:290 - Updater Check For Update Now.
2024-08-07 17:26:46,006 [INFO] MicroXplorer:498 - Change Database Version : DB.6.0.111
2024-08-07 17:26:46,269 [INFO] McuFinderGlobals:63 - Set McuFinder mode to 2 (CubeIDE integrated)
2024-08-07 17:26:46,294 [INFO] UserAuth:415 - Internet connection configuration mode: 1
2024-08-07 17:26:46,422 [INFO] JxBrowserEngine:152 - Initiate JxBrowser Engine with user profile folder
2024-08-07 17:26:46,707 [INFO] CheckServerUpdateThread:120 - End of CheckServer Thread
2024-08-07 17:26:59,600 [INFO] WebApp:161 - Instantiating new browser for Auth
2024-08-07 17:27:00,793 [INFO] WebApp:779 - Register for checkConnection events
2024-08-07 17:27:00,793 [INFO] WebApp:414 - Apply proxy settings
2024-08-07 17:27:00,794 [INFO] WebApp:499 - Chromium requires no authentication
2024-08-07 17:27:00,805 [INFO] WebApp:442 - Direct internet connection detected
2024-08-07 17:27:01,065 [INFO] WebApp:192 - Starting web application
2024-08-07 17:27:01,065 [INFO] WebApp:544 - Web application path used C:\ST\STM32CubeIDE_1.15.1\STM32CubeIDE\plugins\com.st.stm32cube.common.mx_6.11.1.202404110753\db\plugins\mcufinder\reactClient1\index.html
2024-08-07 19:04:22,513 [ERROR] LogOutputStream:75 - [STDERR_REDIRECT] 
2024-08-07 19:04:22,517 [ERROR] LogOutputStream:75 - [STDERR_REDIRECT] 
2024-08-07 19:04:39,914 [INFO] Activator:176 - 


2024-08-07 19:04:39,918 [INFO] Activator:177 - !SESSION log4j initialized
2024-08-07 19:04:50,215 [INFO] LogOutputStream:77 - [STDOUT_REDIRECT] 
2024-08-07 19:04:52,480 [INFO] ApplicationProperties:184 - Using Application install path: C:\ST\STM32CubeIDE_1.15.1\STM32CubeIDE\plugins\com.st.stm32cube.common.mx_6.11.1.202404110753
2024-08-07 19:04:52,604 [INFO] DbMcusXml:78 - Set database path to: C:\ST\STM32CubeIDE_1.15.1\STM32CubeIDE\plugins\com.st.stm32cube.common.mx_6.11.1.202404110753\\db\/mcu/
2024-08-07 19:04:52,604 [INFO] ApiDb:274 - Set plugin database path to: C:\ST\STM32CubeIDE_1.15.1\STM32CubeIDE\plugins\com.st.stm32cube.common.mx_6.11.1.202404110753\\db\/plugins/boardmanager/
2024-08-07 19:04:52,604 [WARN] ApiDb:259 - Overriding images path with different value:  => C:\ST\STM32CubeIDE_1.15.1\STM32CubeIDE\plugins\com.st.stm32cube.common.mx_6.11.1.202404110753\\db\/plugins/mcufinder/images/
2024-08-07 19:04:52,620 [INFO] ApiDb:250 - Set database path to: C:\Users\dbank\.stmcufinder\plugins\mcufinder//mcu/
2024-08-07 19:04:52,620 [INFO] DbMcusAds:125 - Set database path to: C:\Users\dbank\.stmcufinder\plugins\mcufinder//mcu/
2024-08-07 19:04:52,637 [INFO] CrossReferenceDbSqlite:203 - Set database path to: C:\Users\dbank\.stmcufinder\plugins\mcufinder//mcu/cs/
2024-08-07 19:04:53,260 [INFO] RulesReader:64 - Compatibility file has been processed (297 Rules)
2024-08-07 19:04:53,551 [INFO] DbMcusXml:78 - Set database path to: C:\ST\STM32CubeIDE_1.15.1\STM32CubeIDE\plugins\com.st.stm32cube.common.mx_6.11.1.202404110753\\db\/mcu/
2024-08-07 19:04:53,552 [INFO] ApiDb:274 - Set plugin database path to: C:\ST\STM32CubeIDE_1.15.1\STM32CubeIDE\plugins\com.st.stm32cube.common.mx_6.11.1.202404110753\\db\/plugins/boardmanager/
2024-08-07 19:04:53,552 [INFO] ApiDb:261 - Set plugin images path to: C:\ST\STM32CubeIDE_1.15.1\STM32CubeIDE\plugins\com.st.stm32cube.common.mx_6.11.1.202404110753\\db\/plugins/mcufinder/images/
2024-08-07 19:04:53,552 [WARN] DbFile:41 - Overriding database path with different value: C:\Users\dbank\.stmcufinder\plugins\mcufinder/ => C:\Users\dbank\.stmcufinder\plugins\mcufinder
2024-08-07 19:04:53,552 [INFO] ApiDb:250 - Set database path to: C:\Users\dbank\.stmcufinder\plugins\mcufinder//mcu/
2024-08-07 19:04:53,552 [WARN] DbFile:41 - Overriding database path with different value: C:\Users\dbank\.stmcufinder\plugins\mcufinder/ => C:\Users\dbank\.stmcufinder\plugins\mcufinder
2024-08-07 19:04:53,552 [INFO] DbMcusAds:125 - Set database path to: C:\Users\dbank\.stmcufinder\plugins\mcufinder//mcu/
2024-08-07 19:04:53,552 [WARN] DbFile:41 - Overriding database path with different value: C:\Users\dbank\.stmcufinder\plugins\mcufinder/ => C:\Users\dbank\.stmcufinder\plugins\mcufinder
2024-08-07 19:04:53,552 [WARN] DbFile:41 - Overriding database path with different value: C:\Users\dbank\.stmcufinder\plugins\mcufinder/ => C:\Users\dbank\.stmcufinder\plugins\mcufinder
2024-08-07 19:04:53,552 [INFO] CrossReferenceDbSqlite:203 - Set database path to: C:\Users\dbank\.stmcufinder\plugins\mcufinder//mcu/cs/
2024-08-07 19:04:54,118 [INFO] MainPanel:264 - HeapMemory: 268435456
2024-08-07 19:04:54,361 [INFO] DbMcusXml:78 - Set database path to: C:\ST\STM32CubeIDE_1.15.1\STM32CubeIDE\plugins\com.st.stm32cube.common.mx_6.11.1.202404110753\\db\/mcu/
2024-08-07 19:04:54,361 [INFO] ApiDb:274 - Set plugin database path to: C:\ST\STM32CubeIDE_1.15.1\STM32CubeIDE\plugins\com.st.stm32cube.common.mx_6.11.1.202404110753\\db\/plugins/boardmanager/
2024-08-07 19:04:54,361 [INFO] ApiDb:261 - Set plugin images path to: C:\ST\STM32CubeIDE_1.15.1\STM32CubeIDE\plugins\com.st.stm32cube.common.mx_6.11.1.202404110753\\db\/plugins/mcufinder/images/
2024-08-07 19:04:54,362 [WARN] DbFile:41 - Overriding database path with different value: C:\Users\dbank\.stmcufinder\plugins\mcufinder/ => C:\Users\dbank\.stmcufinder\plugins\mcufinder
2024-08-07 19:04:54,362 [INFO] ApiDb:250 - Set database path to: C:\Users\dbank\.stmcufinder\plugins\mcufinder//mcu/
2024-08-07 19:04:54,362 [WARN] DbFile:41 - Overriding database path with different value: C:\Users\dbank\.stmcufinder\plugins\mcufinder/ => C:\Users\dbank\.stmcufinder\plugins\mcufinder
2024-08-07 19:04:54,363 [INFO] DbMcusAds:125 - Set database path to: C:\Users\dbank\.stmcufinder\plugins\mcufinder//mcu/
2024-08-07 19:04:54,363 [WARN] DbFile:41 - Overriding database path with different value: C:\Users\dbank\.stmcufinder\plugins\mcufinder/ => C:\Users\dbank\.stmcufinder\plugins\mcufinder
2024-08-07 19:04:54,363 [WARN] DbFile:41 - Overriding database path with different value: C:\Users\dbank\.stmcufinder\plugins\mcufinder/ => C:\Users\dbank\.stmcufinder\plugins\mcufinder
2024-08-07 19:04:54,363 [INFO] CrossReferenceDbSqlite:203 - Set database path to: C:\Users\dbank\.stmcufinder\plugins\mcufinder//mcu/cs/
2024-08-07 19:04:54,404 [INFO] ApplicationProperties:184 - Using Application install path: C:\ST\STM32CubeIDE_1.15.1\STM32CubeIDE\plugins\com.st.stm32cube.common.mx_6.11.1.202404110753
2024-08-07 19:04:54,404 [INFO] PluginManage:196 - Search for loadable plugins [exclusion list=, ]
2024-08-07 19:04:54,404 [INFO] PluginManage:310 - Check plugin analytics
2024-08-07 19:04:55,790 [INFO] AnalyticsPlugin:253 - Accepted Software Licenses: 
2024-08-07 19:04:55,806 [INFO] AnalyticsPlugin:255 - Accepted CMSIS Pack Licenses: 
2024-08-07 19:04:55,806 [INFO] AnalyticsPlugin:257 - Accepted Firmware Licenses: FW.H7.1.11.0
2024-08-07 19:04:55,806 [INFO] PluginManage:359 - Loaded plugin analytics (category:tool,tabindex:-1)
2024-08-07 19:04:55,806 [INFO] PluginManage:310 - Check plugin cadmodel
2024-08-07 19:04:55,843 [INFO] CADModel:105 - Init CAD model plugin
2024-08-07 19:04:55,844 [INFO] PluginManage:359 - Loaded plugin cadmodel (category:power,tabindex:5)
2024-08-07 19:04:55,844 [INFO] PluginManage:310 - Check plugin clock
2024-08-07 19:04:55,915 [INFO] PluginManage:359 - Loaded plugin clock (category:base,tabindex:2)
2024-08-07 19:04:55,915 [INFO] PluginManage:310 - Check plugin ddr
2024-08-07 19:04:55,943 [INFO] PluginManage:359 - Loaded plugin ddr (category:tool,tabindex:6)
2024-08-07 19:04:55,944 [INFO] PluginManage:310 - Check plugin filemanager
2024-08-07 19:04:56,342 [INFO] PluginManage:359 - Loaded plugin filemanager (category:base,tabindex:10)
2024-08-07 19:04:56,342 [INFO] PluginManage:310 - Check plugin ipmanager
2024-08-07 19:04:56,355 [INFO] PluginManage:359 - Loaded plugin ipmanager (category:base,tabindex:5)
2024-08-07 19:04:56,355 [INFO] PluginManage:310 - Check plugin lpbam
2024-08-07 19:04:56,375 [INFO] PluginManage:359 - Loaded plugin lpbam (category:base,tabindex:0)
2024-08-07 19:04:56,376 [INFO] PluginManage:310 - Check plugin memorymap
2024-08-07 19:04:56,400 [INFO] PluginManage:359 - Loaded plugin memorymap (category:base,tabindex:4)
2024-08-07 19:04:56,400 [INFO] PluginManage:310 - Check plugin pinoutandconfiguration
2024-08-07 19:04:56,415 [INFO] PluginManage:359 - Loaded plugin pinoutandconfiguration (category:base,tabindex:1)
2024-08-07 19:04:56,415 [INFO] PluginManage:310 - Check plugin pinoutconfig
2024-08-07 19:04:56,763 [WARN] SupportedApi:132 - Cannot load RTOS API schema: s4s-elt-must-match.1: The content of 'definitions' must match (annotation?, (simpleType | complexType)?, (unique | key | keyref)*)). A problem was found starting at: attribute.
2024-08-07 19:04:57,162 [INFO] PluginManage:359 - Loaded plugin pinoutconfig (category:base,tabindex:0)
2024-08-07 19:04:57,163 [INFO] PluginManage:310 - Check plugin power
2024-08-07 19:04:57,188 [INFO] PluginManage:359 - Loaded plugin power (category:power,tabindex:4)
2024-08-07 19:04:57,188 [INFO] PluginManage:310 - Check plugin projectmanager
2024-08-07 19:04:57,238 [INFO] PluginManage:359 - Loaded plugin projectmanager (category:projectmanager,tabindex:3)
2024-08-07 19:04:57,239 [INFO] PluginManage:310 - Check plugin thirdparty
2024-08-07 19:04:57,657 [INFO] PluginManage:359 - Loaded plugin thirdparty (category:base,tabindex:-1)
2024-08-07 19:04:57,657 [INFO] PluginManage:310 - Check plugin tools
2024-08-07 19:04:57,661 [INFO] PluginManage:359 - Loaded plugin tools (category:base,tabindex:7)
2024-08-07 19:04:57,662 [INFO] PluginManage:310 - Check plugin tutovideos
2024-08-07 19:04:57,731 [WARN] IntegrityCheckThread:84 - waiting for thirdparty lock release [integrity check]
2024-08-07 19:04:57,731 [INFO] IntegrityCheckThread:86 - entering critical section [integrity check]
2024-08-07 19:04:57,732 [INFO] ThirdPartyUpdaterWithRetryManager:70 - Updater plugin not ready yet. [1/15]
2024-08-07 19:04:58,149 [INFO] PluginManage:359 - Loaded plugin tutovideos (category:base,tabindex:-1)
2024-08-07 19:04:58,165 [INFO] PluginManage:310 - Check plugin updater
2024-08-07 19:04:58,180 [INFO] PluginManage:359 - Loaded plugin updater (category:base,tabindex:12)
2024-08-07 19:04:58,180 [INFO] PluginManage:310 - Check plugin userauth
2024-08-07 19:04:58,196 [INFO] UserAuth:114 - Init User Auth plugin
2024-08-07 19:04:58,196 [INFO] PluginManage:359 - Loaded plugin userauth (category:base,tabindex:14)
2024-08-07 19:04:58,196 [INFO] PluginManage:283 - PluginManage : Loaded plugins [17]
2024-08-07 19:04:59,115 [INFO] PinOutPanel:1561 - setPackage(No Configuration,No Configuration)
2024-08-07 19:04:59,474 [INFO] CADModel:165 - CPN selected for project level
2024-08-07 19:04:59,474 [INFO] CADModel:114 - Register for checkConnection events
2024-08-07 19:04:59,527 [INFO] IPUIPlugin:80 - create IPUIPlugin
2024-08-07 19:04:59,527 [INFO] PluginManager:220 - loadIPPluginJar : add adc
2024-08-07 19:04:59,532 [INFO] IPUIPlugin:80 - create IPUIPlugin
2024-08-07 19:04:59,532 [INFO] PluginManager:220 - loadIPPluginJar : add aes
2024-08-07 19:04:59,539 [INFO] IPUIPlugin:80 - create IPUIPlugin
2024-08-07 19:04:59,539 [INFO] PluginManager:220 - loadIPPluginJar : add can
2024-08-07 19:04:59,544 [INFO] IPUIPlugin:80 - create IPUIPlugin
2024-08-07 19:04:59,546 [INFO] PluginManager:220 - loadIPPluginJar : add comp
2024-08-07 19:04:59,554 [INFO] IPUIPlugin:80 - create IPUIPlugin
2024-08-07 19:04:59,554 [INFO] PluginManager:220 - loadIPPluginJar : add cryp
2024-08-07 19:04:59,559 [INFO] IPUIPlugin:80 - create IPUIPlugin
2024-08-07 19:04:59,560 [INFO] PluginManager:220 - loadIPPluginJar : add dfsdm
2024-08-07 19:04:59,575 [INFO] IPUIPlugin:80 - create IPUIPlugin
2024-08-07 19:04:59,576 [INFO] PluginManager:220 - loadIPPluginJar : add dma
2024-08-07 19:04:59,604 [INFO] IPUIPlugin:80 - create IPUIPlugin
2024-08-07 19:04:59,605 [INFO] PluginManager:220 - loadIPPluginJar : add dma3
2024-08-07 19:04:59,610 [INFO] IPUIPlugin:80 - create IPUIPlugin
2024-08-07 19:04:59,610 [INFO] PluginManager:220 - loadIPPluginJar : add extmemmanager
2024-08-07 19:04:59,614 [INFO] IPUIPlugin:80 - create IPUIPlugin
2024-08-07 19:04:59,614 [INFO] PluginManager:220 - loadIPPluginJar : add fatfs
2024-08-07 19:04:59,623 [INFO] IPUIPlugin:80 - create IPUIPlugin
2024-08-07 19:04:59,623 [INFO] PluginManager:220 - loadIPPluginJar : add fmc
2024-08-07 19:04:59,633 [INFO] IPUIPlugin:80 - create IPUIPlugin
2024-08-07 19:04:59,634 [INFO] PluginManager:220 - loadIPPluginJar : add freertos
2024-08-07 19:04:59,637 [INFO] IPUIPlugin:80 - create IPUIPlugin
2024-08-07 19:04:59,637 [INFO] PluginManager:220 - loadIPPluginJar : add genericplugin
2024-08-07 19:04:59,642 [INFO] IPUIPlugin:80 - create IPUIPlugin
2024-08-07 19:04:59,642 [INFO] PluginManager:220 - loadIPPluginJar : add gfxmmu
2024-08-07 19:04:59,651 [INFO] IPUIPlugin:80 - create IPUIPlugin
2024-08-07 19:04:59,652 [INFO] PluginManager:220 - loadIPPluginJar : add gic
2024-08-07 19:04:59,659 [INFO] IPUIPlugin:80 - create IPUIPlugin
2024-08-07 19:04:59,660 [INFO] PluginManager:220 - loadIPPluginJar : add gpio
2024-08-07 19:04:59,673 [INFO] IPUIPlugin:80 - create IPUIPlugin
2024-08-07 19:04:59,673 [INFO] PluginManager:220 - loadIPPluginJar : add gtzc
2024-08-07 19:04:59,685 [INFO] IPUIPlugin:80 - create IPUIPlugin
2024-08-07 19:04:59,685 [INFO] PluginManager:220 - loadIPPluginJar : add hash
2024-08-07 19:04:59,696 [INFO] IPUIPlugin:80 - create IPUIPlugin
2024-08-07 19:04:59,696 [INFO] PluginManager:220 - loadIPPluginJar : add i2c
2024-08-07 19:04:59,711 [INFO] IPUIPlugin:80 - create IPUIPlugin
2024-08-07 19:04:59,711 [INFO] PluginManager:220 - loadIPPluginJar : add i2s
2024-08-07 19:04:59,726 [INFO] IPUIPlugin:80 - create IPUIPlugin
2024-08-07 19:04:59,726 [INFO] PluginManager:220 - loadIPPluginJar : add i3c
2024-08-07 19:04:59,742 [INFO] IPUIPlugin:80 - create IPUIPlugin
2024-08-07 19:04:59,742 [INFO] PluginManager:220 - loadIPPluginJar : add ipddr
2024-08-07 19:04:59,756 [INFO] IPUIPlugin:80 - create IPUIPlugin
2024-08-07 19:04:59,756 [INFO] PluginManager:220 - loadIPPluginJar : add linkedlist
2024-08-07 19:04:59,756 [INFO] IPUIPlugin:80 - create IPUIPlugin
2024-08-07 19:04:59,756 [INFO] PluginManager:220 - loadIPPluginJar : add lorawan
2024-08-07 19:04:59,768 [INFO] IPUIPlugin:80 - create IPUIPlugin
2024-08-07 19:04:59,768 [INFO] PluginManager:220 - loadIPPluginJar : add ltdc
2024-08-07 19:04:59,780 [INFO] IPUIPlugin:80 - create IPUIPlugin
2024-08-07 19:04:59,780 [INFO] PluginManager:220 - loadIPPluginJar : add mdma
2024-08-07 19:04:59,787 [INFO] IPUIPlugin:80 - create IPUIPlugin
2024-08-07 19:04:59,787 [INFO] PluginManager:220 - loadIPPluginJar : add nvic
2024-08-07 19:04:59,787 [INFO] IPUIPlugin:80 - create IPUIPlugin
2024-08-07 19:04:59,787 [INFO] PluginManager:220 - loadIPPluginJar : add opamp
2024-08-07 19:04:59,802 [INFO] IPUIPlugin:80 - create IPUIPlugin
2024-08-07 19:04:59,802 [INFO] PluginManager:220 - loadIPPluginJar : add openamp
2024-08-07 19:04:59,802 [INFO] IPUIPlugin:80 - create IPUIPlugin
2024-08-07 19:04:59,802 [INFO] PluginManager:220 - loadIPPluginJar : add pdm2pcm
2024-08-07 19:04:59,820 [INFO] IPUIPlugin:80 - create IPUIPlugin
2024-08-07 19:04:59,820 [INFO] PluginManager:220 - loadIPPluginJar : add plateformsettings
2024-08-07 19:04:59,820 [INFO] IPUIPlugin:80 - create IPUIPlugin
2024-08-07 19:04:59,820 [INFO] PluginManager:220 - loadIPPluginJar : add quadspi
2024-08-07 19:04:59,837 [INFO] IPUIPlugin:80 - create IPUIPlugin
2024-08-07 19:04:59,837 [INFO] PluginManager:220 - loadIPPluginJar : add resmgrutility
2024-08-07 19:04:59,843 [INFO] IPUIPlugin:80 - create IPUIPlugin
2024-08-07 19:04:59,843 [INFO] PluginManager:220 - loadIPPluginJar : add sai
2024-08-07 19:04:59,848 [INFO] IPUIPlugin:80 - create IPUIPlugin
2024-08-07 19:04:59,848 [INFO] PluginManager:220 - loadIPPluginJar : add spi
2024-08-07 19:04:59,855 [INFO] IPUIPlugin:80 - create IPUIPlugin
2024-08-07 19:04:59,855 [INFO] PluginManager:220 - loadIPPluginJar : add stm32_wpan
2024-08-07 19:04:59,855 [INFO] IPUIPlugin:80 - create IPUIPlugin
2024-08-07 19:04:59,855 [INFO] PluginManager:220 - loadIPPluginJar : add tim
2024-08-07 19:04:59,870 [INFO] IPUIPlugin:80 - create IPUIPlugin
2024-08-07 19:04:59,870 [INFO] PluginManager:220 - loadIPPluginJar : add touchsensing
2024-08-07 19:04:59,876 [INFO] IPUIPlugin:80 - create IPUIPlugin
2024-08-07 19:04:59,876 [INFO] PluginManager:220 - loadIPPluginJar : add tracer_emb
2024-08-07 19:04:59,885 [INFO] IPUIPlugin:80 - create IPUIPlugin
2024-08-07 19:04:59,886 [INFO] PluginManager:220 - loadIPPluginJar : add ts
2024-08-07 19:04:59,889 [INFO] IPUIPlugin:80 - create IPUIPlugin
2024-08-07 19:04:59,889 [INFO] PluginManager:220 - loadIPPluginJar : add tsc
2024-08-07 19:04:59,894 [INFO] IPUIPlugin:80 - create IPUIPlugin
2024-08-07 19:04:59,894 [INFO] PluginManager:220 - loadIPPluginJar : add ucpd
2024-08-07 19:04:59,894 [INFO] IPUIPlugin:80 - create IPUIPlugin
2024-08-07 19:04:59,894 [INFO] PluginManager:220 - loadIPPluginJar : add usart
2024-08-07 19:04:59,909 [INFO] IPUIPlugin:80 - create IPUIPlugin
2024-08-07 19:04:59,909 [INFO] PluginManager:220 - loadIPPluginJar : add usbx
2024-08-07 19:05:00,153 [INFO] CADModel:165 - CPN selected for project level
2024-08-07 19:05:00,153 [INFO] CADModel:114 - Register for checkConnection events
2024-08-07 19:05:00,153 [FATAL] Updater:308 - Updater called before beeing initialized
2024-08-07 19:05:00,153 [ERROR] CADModel:125 - Updater not yet initialized, retry later 
2024-08-07 19:05:00,622 [INFO] CADModel:165 - CPN selected for project level
2024-08-07 19:05:00,622 [INFO] CADModel:114 - Register for checkConnection events
2024-08-07 19:05:00,622 [FATAL] Updater:308 - Updater called before beeing initialized
2024-08-07 19:05:00,622 [ERROR] CADModel:125 - Updater not yet initialized, retry later 
2024-08-07 19:05:00,622 [FATAL] Updater:308 - Updater called before beeing initialized
2024-08-07 19:05:00,823 [INFO] ThirdPartyUpdaterWithRetryManager:70 - Updater plugin not ready yet. [2/15]
2024-08-07 19:05:01,129 [FATAL] Updater:308 - Updater called before beeing initialized
2024-08-07 19:05:01,143 [INFO] DbMcusAds:53 - JSON generation date=Thu May 16 11:22:01 CEST 2024 (1715851321109)
2024-08-07 19:05:01,143 [FATAL] Updater:308 - Updater called before beeing initialized
2024-08-07 19:05:01,235 [WARN] DetailPanel:346 - Failed to get advertising image, set to default
2024-08-07 19:05:01,596 [FATAL] Updater:308 - Updater called before beeing initialized
2024-08-07 19:05:01,599 [FATAL] Updater:308 - Updater called before beeing initialized
2024-08-07 19:05:01,600 [FATAL] Updater:308 - Updater called before beeing initialized
2024-08-07 19:05:01,600 [WARN] DetailPanel:346 - Failed to get advertising image, set to default
2024-08-07 19:05:01,603 [FATAL] Updater:308 - Updater called before beeing initialized
2024-08-07 19:05:01,722 [ERROR] Updater:1120 - MainUpdater not yet initialized. External WinMGr cannot be set.
2024-08-07 19:05:01,726 [INFO] Updater:1056 - Updater Version found : 6.11.1
2024-08-07 19:05:01,790 [INFO] ApplicationProperties:184 - Using Application install path: C:\ST\STM32CubeIDE_1.15.1\STM32CubeIDE\plugins\com.st.stm32cube.common.mx_6.11.1.202404110753
2024-08-07 19:05:03,511 [ERROR] LogOutputStream:75 - [STDERR_REDIRECT] Aug 07, 2024 7:05:03 PM java.util.prefs.WindowsPreferences <init>
2024-08-07 19:05:03,519 [ERROR] LogOutputStream:75 - [STDERR_REDIRECT] WARNING: Could not open/create prefs root node Software\JavaSoft\Prefs at root 0xffffffff80000002. Windows RegCreateKeyEx(...) returned error code 5.
2024-08-07 19:05:03,519 [ERROR] LogOutputStream:75 - [STDERR_REDIRECT] 
2024-08-07 19:05:03,867 [FATAL] Updater:308 - Updater called before beeing initialized
2024-08-07 19:05:03,900 [ERROR] IntegrityCheckThread:130 - Cannot retrieve database content from updater: error 21
2024-08-07 19:05:03,902 [INFO] ThirdParty:978 - Integrity check success = false
2024-08-07 19:05:03,902 [INFO] IntegrityCheckThread:100 - exiting critical section [integrity check]
2024-08-07 19:05:03,902 [INFO] IntegrityCheckThread:103 - End integrity checks thread
2024-08-07 19:05:06,180 [INFO] MainUpdater:2873 - connection check result : 10
2024-08-07 19:05:06,181 [INFO] MainUpdater:290 - Updater Check For Update Now.
2024-08-07 19:05:06,182 [INFO] MicroXplorer:498 - Change Database Version : DB.6.0.111
2024-08-07 19:05:06,191 [INFO] McuFinderGlobals:63 - Set McuFinder mode to 2 (CubeIDE integrated)
2024-08-07 19:05:06,201 [INFO] UserAuth:415 - Internet connection configuration mode: 1
2024-08-07 19:05:06,221 [INFO] JxBrowserEngine:152 - Initiate JxBrowser Engine with user profile folder
2024-08-07 19:05:06,841 [INFO] CheckServerUpdateThread:120 - End of CheckServer Thread
2024-08-07 19:05:09,496 [INFO] WebApp:161 - Instantiating new browser for Auth
2024-08-07 19:05:15,586 [INFO] WebApp:779 - Register for checkConnection events
2024-08-07 19:05:15,586 [INFO] WebApp:414 - Apply proxy settings
2024-08-07 19:05:15,588 [INFO] WebApp:499 - Chromium requires no authentication
2024-08-07 19:05:15,603 [INFO] WebApp:442 - Direct internet connection detected
2024-08-07 19:05:16,514 [INFO] WebApp:192 - Starting web application
2024-08-07 19:05:16,515 [INFO] WebApp:544 - Web application path used C:\ST\STM32CubeIDE_1.15.1\STM32CubeIDE\plugins\com.st.stm32cube.common.mx_6.11.1.202404110753\db\plugins\mcufinder\reactClient1\index.html
2024-08-07 19:24:56,839 [INFO] Activator:176 - 


2024-08-07 19:24:56,843 [INFO] Activator:177 - !SESSION log4j initialized
2024-08-07 19:25:07,475 [INFO] LogOutputStream:77 - [STDOUT_REDIRECT] 
2024-08-07 19:25:13,118 [INFO] ApplicationProperties:184 - Using Application install path: C:\ST\STM32CubeIDE_1.15.1\STM32CubeIDE\plugins\com.st.stm32cube.common.mx_6.11.1.202404110753
2024-08-07 19:25:13,155 [INFO] DbMcusXml:78 - Set database path to: C:\ST\STM32CubeIDE_1.15.1\STM32CubeIDE\plugins\com.st.stm32cube.common.mx_6.11.1.202404110753\\db\/mcu/
2024-08-07 19:25:13,156 [INFO] ApiDb:274 - Set plugin database path to: C:\ST\STM32CubeIDE_1.15.1\STM32CubeIDE\plugins\com.st.stm32cube.common.mx_6.11.1.202404110753\\db\/plugins/boardmanager/
2024-08-07 19:25:13,157 [WARN] ApiDb:259 - Overriding images path with different value:  => C:\ST\STM32CubeIDE_1.15.1\STM32CubeIDE\plugins\com.st.stm32cube.common.mx_6.11.1.202404110753\\db\/plugins/mcufinder/images/
2024-08-07 19:25:13,170 [INFO] ApiDb:250 - Set database path to: C:\Users\dbank\.stmcufinder\plugins\mcufinder//mcu/
2024-08-07 19:25:13,172 [INFO] DbMcusAds:125 - Set database path to: C:\Users\dbank\.stmcufinder\plugins\mcufinder//mcu/
2024-08-07 19:25:13,177 [INFO] CrossReferenceDbSqlite:203 - Set database path to: C:\Users\dbank\.stmcufinder\plugins\mcufinder//mcu/cs/
2024-08-07 19:25:13,518 [INFO] RulesReader:64 - Compatibility file has been processed (297 Rules)
2024-08-07 19:25:13,698 [INFO] DbMcusXml:78 - Set database path to: C:\ST\STM32CubeIDE_1.15.1\STM32CubeIDE\plugins\com.st.stm32cube.common.mx_6.11.1.202404110753\\db\/mcu/
2024-08-07 19:25:13,698 [INFO] ApiDb:274 - Set plugin database path to: C:\ST\STM32CubeIDE_1.15.1\STM32CubeIDE\plugins\com.st.stm32cube.common.mx_6.11.1.202404110753\\db\/plugins/boardmanager/
2024-08-07 19:25:13,698 [INFO] ApiDb:261 - Set plugin images path to: C:\ST\STM32CubeIDE_1.15.1\STM32CubeIDE\plugins\com.st.stm32cube.common.mx_6.11.1.202404110753\\db\/plugins/mcufinder/images/
2024-08-07 19:25:13,699 [WARN] DbFile:41 - Overriding database path with different value: C:\Users\dbank\.stmcufinder\plugins\mcufinder/ => C:\Users\dbank\.stmcufinder\plugins\mcufinder
2024-08-07 19:25:13,699 [INFO] ApiDb:250 - Set database path to: C:\Users\dbank\.stmcufinder\plugins\mcufinder//mcu/
2024-08-07 19:25:13,699 [WARN] DbFile:41 - Overriding database path with different value: C:\Users\dbank\.stmcufinder\plugins\mcufinder/ => C:\Users\dbank\.stmcufinder\plugins\mcufinder
2024-08-07 19:25:13,699 [INFO] DbMcusAds:125 - Set database path to: C:\Users\dbank\.stmcufinder\plugins\mcufinder//mcu/
2024-08-07 19:25:13,700 [WARN] DbFile:41 - Overriding database path with different value: C:\Users\dbank\.stmcufinder\plugins\mcufinder/ => C:\Users\dbank\.stmcufinder\plugins\mcufinder
2024-08-07 19:25:13,700 [WARN] DbFile:41 - Overriding database path with different value: C:\Users\dbank\.stmcufinder\plugins\mcufinder/ => C:\Users\dbank\.stmcufinder\plugins\mcufinder
2024-08-07 19:25:13,700 [INFO] CrossReferenceDbSqlite:203 - Set database path to: C:\Users\dbank\.stmcufinder\plugins\mcufinder//mcu/cs/
2024-08-07 19:25:13,913 [INFO] MainPanel:264 - HeapMemory: 287309824
2024-08-07 19:25:14,128 [INFO] DbMcusXml:78 - Set database path to: C:\ST\STM32CubeIDE_1.15.1\STM32CubeIDE\plugins\com.st.stm32cube.common.mx_6.11.1.202404110753\\db\/mcu/
2024-08-07 19:25:14,128 [INFO] ApiDb:274 - Set plugin database path to: C:\ST\STM32CubeIDE_1.15.1\STM32CubeIDE\plugins\com.st.stm32cube.common.mx_6.11.1.202404110753\\db\/plugins/boardmanager/
2024-08-07 19:25:14,129 [INFO] ApiDb:261 - Set plugin images path to: C:\ST\STM32CubeIDE_1.15.1\STM32CubeIDE\plugins\com.st.stm32cube.common.mx_6.11.1.202404110753\\db\/plugins/mcufinder/images/
2024-08-07 19:25:14,129 [WARN] DbFile:41 - Overriding database path with different value: C:\Users\dbank\.stmcufinder\plugins\mcufinder/ => C:\Users\dbank\.stmcufinder\plugins\mcufinder
2024-08-07 19:25:14,130 [INFO] ApiDb:250 - Set database path to: C:\Users\dbank\.stmcufinder\plugins\mcufinder//mcu/
2024-08-07 19:25:14,130 [WARN] DbFile:41 - Overriding database path with different value: C:\Users\dbank\.stmcufinder\plugins\mcufinder/ => C:\Users\dbank\.stmcufinder\plugins\mcufinder
2024-08-07 19:25:14,130 [INFO] DbMcusAds:125 - Set database path to: C:\Users\dbank\.stmcufinder\plugins\mcufinder//mcu/
2024-08-07 19:25:14,130 [WARN] DbFile:41 - Overriding database path with different value: C:\Users\dbank\.stmcufinder\plugins\mcufinder/ => C:\Users\dbank\.stmcufinder\plugins\mcufinder
2024-08-07 19:25:14,131 [WARN] DbFile:41 - Overriding database path with different value: C:\Users\dbank\.stmcufinder\plugins\mcufinder/ => C:\Users\dbank\.stmcufinder\plugins\mcufinder
2024-08-07 19:25:14,131 [INFO] CrossReferenceDbSqlite:203 - Set database path to: C:\Users\dbank\.stmcufinder\plugins\mcufinder//mcu/cs/
2024-08-07 19:25:14,164 [INFO] ApplicationProperties:184 - Using Application install path: C:\ST\STM32CubeIDE_1.15.1\STM32CubeIDE\plugins\com.st.stm32cube.common.mx_6.11.1.202404110753
2024-08-07 19:25:14,167 [INFO] PluginManage:196 - Search for loadable plugins [exclusion list=, ]
2024-08-07 19:25:14,170 [INFO] PluginManage:310 - Check plugin analytics
2024-08-07 19:25:14,802 [INFO] AnalyticsPlugin:253 - Accepted Software Licenses: 
2024-08-07 19:25:14,815 [INFO] AnalyticsPlugin:255 - Accepted CMSIS Pack Licenses: 
2024-08-07 19:25:14,816 [INFO] AnalyticsPlugin:257 - Accepted Firmware Licenses: FW.H7.1.11.0
2024-08-07 19:25:14,819 [INFO] PluginManage:359 - Loaded plugin analytics (category:tool,tabindex:-1)
2024-08-07 19:25:14,820 [INFO] PluginManage:310 - Check plugin cadmodel
2024-08-07 19:25:14,946 [INFO] CADModel:105 - Init CAD model plugin
2024-08-07 19:25:14,946 [INFO] PluginManage:359 - Loaded plugin cadmodel (category:power,tabindex:5)
2024-08-07 19:25:14,946 [INFO] PluginManage:310 - Check plugin clock
2024-08-07 19:25:15,086 [INFO] PluginManage:359 - Loaded plugin clock (category:base,tabindex:2)
2024-08-07 19:25:15,089 [INFO] PluginManage:310 - Check plugin ddr
2024-08-07 19:25:15,102 [INFO] PluginManage:359 - Loaded plugin ddr (category:tool,tabindex:6)
2024-08-07 19:25:15,103 [INFO] PluginManage:310 - Check plugin filemanager
2024-08-07 19:25:15,427 [INFO] PluginManage:359 - Loaded plugin filemanager (category:base,tabindex:10)
2024-08-07 19:25:15,428 [INFO] PluginManage:310 - Check plugin ipmanager
2024-08-07 19:25:15,445 [INFO] PluginManage:359 - Loaded plugin ipmanager (category:base,tabindex:5)
2024-08-07 19:25:15,445 [INFO] PluginManage:310 - Check plugin lpbam
2024-08-07 19:25:15,495 [INFO] PluginManage:359 - Loaded plugin lpbam (category:base,tabindex:0)
2024-08-07 19:25:15,496 [INFO] PluginManage:310 - Check plugin memorymap
2024-08-07 19:25:15,556 [INFO] PluginManage:359 - Loaded plugin memorymap (category:base,tabindex:4)
2024-08-07 19:25:15,556 [INFO] PluginManage:310 - Check plugin pinoutandconfiguration
2024-08-07 19:25:15,605 [INFO] PluginManage:359 - Loaded plugin pinoutandconfiguration (category:base,tabindex:1)
2024-08-07 19:25:15,606 [INFO] PluginManage:310 - Check plugin pinoutconfig
2024-08-07 19:25:15,814 [WARN] SupportedApi:132 - Cannot load RTOS API schema: s4s-elt-must-match.1: The content of 'definitions' must match (annotation?, (simpleType | complexType)?, (unique | key | keyref)*)). A problem was found starting at: attribute.
2024-08-07 19:25:16,203 [INFO] PluginManage:359 - Loaded plugin pinoutconfig (category:base,tabindex:0)
2024-08-07 19:25:16,203 [INFO] PluginManage:310 - Check plugin power
2024-08-07 19:25:16,276 [INFO] PluginManage:359 - Loaded plugin power (category:power,tabindex:4)
2024-08-07 19:25:16,276 [INFO] PluginManage:310 - Check plugin projectmanager
2024-08-07 19:25:16,328 [INFO] PluginManage:359 - Loaded plugin projectmanager (category:projectmanager,tabindex:3)
2024-08-07 19:25:16,328 [INFO] PluginManage:310 - Check plugin thirdparty
2024-08-07 19:25:18,589 [INFO] PluginManage:359 - Loaded plugin thirdparty (category:base,tabindex:-1)
2024-08-07 19:25:18,589 [INFO] PluginManage:310 - Check plugin tools
2024-08-07 19:25:18,613 [WARN] IntegrityCheckThread:84 - waiting for thirdparty lock release [integrity check]
2024-08-07 19:25:18,639 [INFO] IntegrityCheckThread:86 - entering critical section [integrity check]
2024-08-07 19:25:18,640 [INFO] ThirdPartyUpdaterWithRetryManager:70 - Updater plugin not ready yet. [1/15]
2024-08-07 19:25:19,364 [INFO] PluginManage:359 - Loaded plugin tools (category:base,tabindex:7)
2024-08-07 19:25:19,364 [INFO] PluginManage:310 - Check plugin tutovideos
2024-08-07 19:25:19,795 [INFO] PluginManage:359 - Loaded plugin tutovideos (category:base,tabindex:-1)
2024-08-07 19:25:19,795 [INFO] PluginManage:310 - Check plugin updater
2024-08-07 19:25:19,814 [INFO] PluginManage:359 - Loaded plugin updater (category:base,tabindex:12)
2024-08-07 19:25:19,814 [INFO] PluginManage:310 - Check plugin userauth
2024-08-07 19:25:19,822 [INFO] UserAuth:114 - Init User Auth plugin
2024-08-07 19:25:19,822 [INFO] PluginManage:359 - Loaded plugin userauth (category:base,tabindex:14)
2024-08-07 19:25:19,824 [INFO] PluginManage:283 - PluginManage : Loaded plugins [17]
2024-08-07 19:25:20,339 [INFO] PinOutPanel:1561 - setPackage(No Configuration,No Configuration)
2024-08-07 19:25:20,496 [INFO] CADModel:165 - CPN selected for project level
2024-08-07 19:25:20,496 [INFO] CADModel:114 - Register for checkConnection events
2024-08-07 19:25:20,674 [INFO] IPUIPlugin:80 - create IPUIPlugin
2024-08-07 19:25:20,674 [INFO] PluginManager:220 - loadIPPluginJar : add adc
2024-08-07 19:25:20,828 [INFO] IPUIPlugin:80 - create IPUIPlugin
2024-08-07 19:25:20,828 [INFO] PluginManager:220 - loadIPPluginJar : add aes
2024-08-07 19:25:20,947 [INFO] IPUIPlugin:80 - create IPUIPlugin
2024-08-07 19:25:20,947 [INFO] PluginManager:220 - loadIPPluginJar : add can
2024-08-07 19:25:21,042 [INFO] IPUIPlugin:80 - create IPUIPlugin
2024-08-07 19:25:21,042 [INFO] PluginManager:220 - loadIPPluginJar : add comp
2024-08-07 19:25:21,150 [INFO] IPUIPlugin:80 - create IPUIPlugin
2024-08-07 19:25:21,151 [INFO] PluginManager:220 - loadIPPluginJar : add cryp
2024-08-07 19:25:21,254 [INFO] IPUIPlugin:80 - create IPUIPlugin
2024-08-07 19:25:21,255 [INFO] PluginManager:220 - loadIPPluginJar : add dfsdm
2024-08-07 19:25:21,289 [INFO] IPUIPlugin:80 - create IPUIPlugin
2024-08-07 19:25:21,290 [INFO] PluginManager:220 - loadIPPluginJar : add dma
2024-08-07 19:25:21,667 [INFO] ThirdPartyUpdaterWithRetryManager:70 - Updater plugin not ready yet. [2/15]
2024-08-07 19:25:21,817 [INFO] IPUIPlugin:80 - create IPUIPlugin
2024-08-07 19:25:21,817 [INFO] PluginManager:220 - loadIPPluginJar : add dma3
2024-08-07 19:25:22,789 [INFO] IPUIPlugin:80 - create IPUIPlugin
2024-08-07 19:25:22,789 [INFO] PluginManager:220 - loadIPPluginJar : add extmemmanager
2024-08-07 19:25:22,893 [INFO] IPUIPlugin:80 - create IPUIPlugin
2024-08-07 19:25:22,894 [INFO] PluginManager:220 - loadIPPluginJar : add fatfs
2024-08-07 19:25:23,040 [INFO] IPUIPlugin:80 - create IPUIPlugin
2024-08-07 19:25:23,040 [INFO] PluginManager:220 - loadIPPluginJar : add fmc
2024-08-07 19:25:23,086 [INFO] IPUIPlugin:80 - create IPUIPlugin
2024-08-07 19:25:23,087 [INFO] PluginManager:220 - loadIPPluginJar : add freertos
2024-08-07 19:25:23,163 [INFO] IPUIPlugin:80 - create IPUIPlugin
2024-08-07 19:25:23,163 [INFO] PluginManager:220 - loadIPPluginJar : add genericplugin
2024-08-07 19:25:23,707 [INFO] IPUIPlugin:80 - create IPUIPlugin
2024-08-07 19:25:23,707 [INFO] PluginManager:220 - loadIPPluginJar : add gfxmmu
2024-08-07 19:25:24,301 [INFO] IPUIPlugin:80 - create IPUIPlugin
2024-08-07 19:25:24,302 [INFO] PluginManager:220 - loadIPPluginJar : add gic
2024-08-07 19:25:24,353 [INFO] IPUIPlugin:80 - create IPUIPlugin
2024-08-07 19:25:24,354 [INFO] PluginManager:220 - loadIPPluginJar : add gpio
2024-08-07 19:25:24,675 [INFO] ThirdPartyUpdaterWithRetryManager:70 - Updater plugin not ready yet. [3/15]
2024-08-07 19:25:24,813 [INFO] IPUIPlugin:80 - create IPUIPlugin
2024-08-07 19:25:24,813 [INFO] PluginManager:220 - loadIPPluginJar : add gtzc
2024-08-07 19:25:24,986 [INFO] IPUIPlugin:80 - create IPUIPlugin
2024-08-07 19:25:24,987 [INFO] PluginManager:220 - loadIPPluginJar : add hash
2024-08-07 19:25:25,174 [INFO] IPUIPlugin:80 - create IPUIPlugin
2024-08-07 19:25:25,174 [INFO] PluginManager:220 - loadIPPluginJar : add i2c
2024-08-07 19:25:25,825 [INFO] IPUIPlugin:80 - create IPUIPlugin
2024-08-07 19:25:25,826 [INFO] PluginManager:220 - loadIPPluginJar : add i2s
2024-08-07 19:25:26,326 [INFO] IPUIPlugin:80 - create IPUIPlugin
2024-08-07 19:25:26,326 [INFO] PluginManager:220 - loadIPPluginJar : add i3c
2024-08-07 19:25:26,657 [INFO] IPUIPlugin:80 - create IPUIPlugin
2024-08-07 19:25:26,658 [INFO] PluginManager:220 - loadIPPluginJar : add ipddr
2024-08-07 19:25:27,084 [INFO] IPUIPlugin:80 - create IPUIPlugin
2024-08-07 19:25:27,085 [INFO] PluginManager:220 - loadIPPluginJar : add linkedlist
2024-08-07 19:25:27,201 [INFO] IPUIPlugin:80 - create IPUIPlugin
2024-08-07 19:25:27,204 [INFO] PluginManager:220 - loadIPPluginJar : add lorawan
2024-08-07 19:25:27,336 [INFO] IPUIPlugin:80 - create IPUIPlugin
2024-08-07 19:25:27,337 [INFO] PluginManager:220 - loadIPPluginJar : add ltdc
2024-08-07 19:25:27,372 [INFO] IPUIPlugin:80 - create IPUIPlugin
2024-08-07 19:25:27,372 [INFO] PluginManager:220 - loadIPPluginJar : add mdma
2024-08-07 19:25:27,411 [INFO] IPUIPlugin:80 - create IPUIPlugin
2024-08-07 19:25:27,412 [INFO] PluginManager:220 - loadIPPluginJar : add nvic
2024-08-07 19:25:27,531 [INFO] IPUIPlugin:80 - create IPUIPlugin
2024-08-07 19:25:27,532 [INFO] PluginManager:220 - loadIPPluginJar : add opamp
2024-08-07 19:25:27,676 [INFO] ThirdPartyUpdaterWithRetryManager:70 - Updater plugin not ready yet. [4/15]
2024-08-07 19:25:28,700 [INFO] IPUIPlugin:80 - create IPUIPlugin
2024-08-07 19:25:28,700 [INFO] PluginManager:220 - loadIPPluginJar : add openamp
2024-08-07 19:25:28,847 [INFO] IPUIPlugin:80 - create IPUIPlugin
2024-08-07 19:25:28,848 [INFO] PluginManager:220 - loadIPPluginJar : add pdm2pcm
2024-08-07 19:25:28,885 [INFO] IPUIPlugin:80 - create IPUIPlugin
2024-08-07 19:25:28,892 [INFO] PluginManager:220 - loadIPPluginJar : add plateformsettings
2024-08-07 19:25:28,989 [INFO] IPUIPlugin:80 - create IPUIPlugin
2024-08-07 19:25:28,989 [INFO] PluginManager:220 - loadIPPluginJar : add quadspi
2024-08-07 19:25:29,020 [INFO] IPUIPlugin:80 - create IPUIPlugin
2024-08-07 19:25:29,020 [INFO] PluginManager:220 - loadIPPluginJar : add resmgrutility
2024-08-07 19:25:29,169 [INFO] IPUIPlugin:80 - create IPUIPlugin
2024-08-07 19:25:29,169 [INFO] PluginManager:220 - loadIPPluginJar : add sai
2024-08-07 19:25:29,307 [INFO] IPUIPlugin:80 - create IPUIPlugin
2024-08-07 19:25:29,307 [INFO] PluginManager:220 - loadIPPluginJar : add spi
2024-08-07 19:25:30,458 [INFO] IPUIPlugin:80 - create IPUIPlugin
2024-08-07 19:25:30,458 [INFO] PluginManager:220 - loadIPPluginJar : add stm32_wpan
2024-08-07 19:25:30,683 [INFO] IPUIPlugin:80 - create IPUIPlugin
2024-08-07 19:25:30,683 [INFO] PluginManager:220 - loadIPPluginJar : add tim
2024-08-07 19:25:30,685 [INFO] ThirdPartyUpdaterWithRetryManager:70 - Updater plugin not ready yet. [5/15]
2024-08-07 19:25:30,917 [INFO] IPUIPlugin:80 - create IPUIPlugin
2024-08-07 19:25:30,917 [INFO] PluginManager:220 - loadIPPluginJar : add touchsensing
2024-08-07 19:25:31,002 [INFO] IPUIPlugin:80 - create IPUIPlugin
2024-08-07 19:25:31,002 [INFO] PluginManager:220 - loadIPPluginJar : add tracer_emb
2024-08-07 19:25:31,075 [INFO] IPUIPlugin:80 - create IPUIPlugin
2024-08-07 19:25:31,075 [INFO] PluginManager:220 - loadIPPluginJar : add ts
2024-08-07 19:25:31,138 [INFO] IPUIPlugin:80 - create IPUIPlugin
2024-08-07 19:25:31,138 [INFO] PluginManager:220 - loadIPPluginJar : add tsc
2024-08-07 19:25:31,213 [INFO] IPUIPlugin:80 - create IPUIPlugin
2024-08-07 19:25:31,213 [INFO] PluginManager:220 - loadIPPluginJar : add ucpd
2024-08-07 19:25:31,358 [INFO] IPUIPlugin:80 - create IPUIPlugin
2024-08-07 19:25:31,358 [INFO] PluginManager:220 - loadIPPluginJar : add usart
2024-08-07 19:25:31,500 [INFO] IPUIPlugin:80 - create IPUIPlugin
2024-08-07 19:25:31,501 [INFO] PluginManager:220 - loadIPPluginJar : add usbx
2024-08-07 19:25:31,709 [INFO] CADModel:165 - CPN selected for project level
2024-08-07 19:25:31,710 [INFO] CADModel:114 - Register for checkConnection events
2024-08-07 19:25:31,710 [FATAL] Updater:308 - Updater called before beeing initialized
2024-08-07 19:25:31,710 [ERROR] CADModel:125 - Updater not yet initialized, retry later 
2024-08-07 19:25:31,954 [INFO] CADModel:165 - CPN selected for project level
2024-08-07 19:25:31,954 [INFO] CADModel:114 - Register for checkConnection events
2024-08-07 19:25:31,954 [FATAL] Updater:308 - Updater called before beeing initialized
2024-08-07 19:25:31,954 [ERROR] CADModel:125 - Updater not yet initialized, retry later 
2024-08-07 19:25:31,961 [FATAL] Updater:308 - Updater called before beeing initialized
2024-08-07 19:25:32,500 [FATAL] Updater:308 - Updater called before beeing initialized
2024-08-07 19:25:33,451 [INFO] DbMcusAds:53 - JSON generation date=Thu May 16 11:22:01 CEST 2024 (1715851321109)
2024-08-07 19:25:33,451 [FATAL] Updater:308 - Updater called before beeing initialized
2024-08-07 19:25:33,725 [WARN] DetailPanel:346 - Failed to get advertising image, set to default
2024-08-07 19:25:33,769 [INFO] ThirdPartyUpdaterWithRetryManager:70 - Updater plugin not ready yet. [6/15]
2024-08-07 19:25:34,036 [FATAL] Updater:308 - Updater called before beeing initialized
2024-08-07 19:25:34,039 [FATAL] Updater:308 - Updater called before beeing initialized
2024-08-07 19:25:34,040 [FATAL] Updater:308 - Updater called before beeing initialized
2024-08-07 19:25:34,040 [WARN] DetailPanel:346 - Failed to get advertising image, set to default
2024-08-07 19:25:34,042 [FATAL] Updater:308 - Updater called before beeing initialized
2024-08-07 19:25:34,228 [ERROR] Updater:1120 - MainUpdater not yet initialized. External WinMGr cannot be set.
2024-08-07 19:25:34,255 [INFO] Updater:1056 - Updater Version found : 6.11.1
2024-08-07 19:25:34,286 [INFO] ApplicationProperties:184 - Using Application install path: C:\ST\STM32CubeIDE_1.15.1\STM32CubeIDE\plugins\com.st.stm32cube.common.mx_6.11.1.202404110753
2024-08-07 19:25:35,895 [ERROR] LogOutputStream:75 - [STDERR_REDIRECT] Aug 07, 2024 7:25:35 PM java.util.prefs.WindowsPreferences <init>
2024-08-07 19:25:35,899 [ERROR] LogOutputStream:75 - [STDERR_REDIRECT] WARNING: Could not open/create prefs root node Software\JavaSoft\Prefs at root 0xffffffff80000002. Windows RegCreateKeyEx(...) returned error code 5.
2024-08-07 19:25:35,900 [ERROR] LogOutputStream:75 - [STDERR_REDIRECT] 
2024-08-07 19:25:36,439 [INFO] MainUpdater:2873 - connection check result : 10
2024-08-07 19:25:36,440 [INFO] MainUpdater:290 - Updater Check For Update Now.
2024-08-07 19:25:36,441 [INFO] MicroXplorer:498 - Change Database Version : DB.6.0.111
2024-08-07 19:25:36,508 [INFO] McuFinderGlobals:63 - Set McuFinder mode to 2 (CubeIDE integrated)
2024-08-07 19:25:36,544 [INFO] UserAuth:415 - Internet connection configuration mode: 1
2024-08-07 19:25:36,629 [INFO] JxBrowserEngine:152 - Initiate JxBrowser Engine with user profile folder
2024-08-07 19:25:36,773 [WARN] MainUpdater:1194 - Updater busy. Cannot search thirdparties
2024-08-07 19:25:36,774 [INFO] ThirdPartyUpdaterWithRetryManager:96 - Updater plugin is busy. [1/15]
2024-08-07 19:25:36,843 [INFO] CheckServerUpdateThread:120 - End of CheckServer Thread
2024-08-07 19:25:40,222 [WARN] PackLoader:240 - Cannot read IP mode file for STMicroelectronics.FP-SNS-MOTENVWB1.1.4.0
2024-08-07 19:25:40,276 [WARN] PackLoader:240 - Cannot read IP mode file for STMicroelectronics.X-CUBE-SMBUS.2.1.0
2024-08-07 19:25:40,309 [WARN] PackLoader:240 - Cannot read IP mode file for STMicroelectronics.X-CUBE-TOUCHGFX.4.23.2
2024-08-07 19:25:40,431 [WARN] PackLoader:240 - Cannot read IP mode file for STMicroelectronics.X-CUBE-AZRTOS-F7.1.1.0
2024-08-07 19:25:40,480 [WARN] PackLoader:240 - Cannot read IP mode file for STMicroelectronics.FP-SNS-FLIGHT1.5.0.2
2024-08-07 19:25:40,519 [WARN] PackLoader:240 - Cannot read IP mode file for STMicroelectronics.X-CUBE-DISPLAY.3.0.0
2024-08-07 19:25:40,569 [WARN] PackLoader:240 - Cannot read IP mode file for STMicroelectronics.X-CUBE-BLE1.7.0.0
2024-08-07 19:25:40,604 [WARN] PackLoader:240 - Cannot read IP mode file for emotas.I-CUBE-CANOPEN.1.3.0
2024-08-07 19:25:40,664 [WARN] PackLoader:240 - Cannot read IP mode file for STMicroelectronics.X-CUBE-BLEMGR.3.1.0
2024-08-07 19:25:40,702 [WARN] PackLoader:240 - Cannot read IP mode file for STMicroelectronics.FP-SNS-SMARTAG2.1.2.0
2024-08-07 19:25:40,755 [INFO] LogOutputStream:77 - [STDOUT_REDIRECT] 1 : Invalid condition id : UX_CORESTACK_Condition cause : null
2024-08-07 19:25:40,756 [INFO] LogOutputStream:77 - [STDOUT_REDIRECT] 1 : Invalid condition id : UX_CORESTACK_Condition cause : null
2024-08-07 19:25:40,760 [INFO] LogOutputStream:77 - [STDOUT_REDIRECT] 1 : Invalid condition id : UX_CORESTACK_Condition cause : null
2024-08-07 19:25:40,764 [INFO] LogOutputStream:77 - [STDOUT_REDIRECT] 1 : Invalid condition id : UX_CORESTACK_Condition cause : null
2024-08-07 19:25:40,766 [INFO] LogOutputStream:77 - [STDOUT_REDIRECT] 1 : Invalid condition id : UX_CORESTACK_Condition cause : null
2024-08-07 19:25:40,773 [WARN] PackLoader:240 - Cannot read IP mode file for STMicroelectronics.X-CUBE-AZRTOS-WL.2.0.0
2024-08-07 19:25:40,807 [WARN] PackLoader:240 - Cannot read IP mode file for STMicroelectronics.FP-SNS-MOTENV1.5.0.0
2024-08-07 19:25:40,841 [WARN] PackLoader:240 - Cannot read IP mode file for wolfSSL.I-CUBE-wolfMQTT.1.19.0
2024-08-07 19:25:40,879 [WARN] PackLoader:240 - Cannot read IP mode file for WES.I-CUBE-Cesium.1.3.0
2024-08-07 19:25:40,918 [WARN] PackLoader:240 - Cannot read IP mode file for STMicroelectronics.X-CUBE-BLE2.3.3.0
2024-08-07 19:25:40,949 [WARN] PackLoader:240 - Cannot read IP mode file for STMicroelectronics.X-CUBE-TCPP.4.1.0
2024-08-07 19:25:41,054 [WARN] PackLoader:240 - Cannot read IP mode file for STMicroelectronics.X-CUBE-AZRTOS-G0.1.1.0
2024-08-07 19:25:41,119 [WARN] PackLoader:240 - Cannot read IP mode file for STMicroelectronics.X-CUBE-SAFEA1.1.2.2
2024-08-07 19:25:41,161 [WARN] PackLoader:240 - Cannot read IP mode file for STMicroelectronics.X-CUBE-NFC4.3.0.0
2024-08-07 19:25:41,185 [WARN] PackLoader:240 - Cannot read IP mode file for wolfSSL.I-CUBE-wolfMQTT.1.18.0
2024-08-07 19:25:41,225 [WARN] PackLoader:240 - Cannot read IP mode file for EmbeddedOffice.I-CUBE-FS-RTOS.1.0.1
2024-08-07 19:25:41,226 [ERROR] ConditionMgr:805 - Attr not supported : Dmpu
2024-08-07 19:25:41,226 [ERROR] ConditionMgr:805 - Attr not supported : Dmpu
2024-08-07 19:25:41,226 [ERROR] ConditionMgr:805 - Attr not supported : Dmpu
2024-08-07 19:25:41,226 [ERROR] ConditionMgr:805 - Attr not supported : Dmpu
2024-08-07 19:25:41,226 [ERROR] ConditionMgr:805 - Attr not supported : Dmpu
2024-08-07 19:25:41,227 [ERROR] ConditionMgr:805 - Attr not supported : Dmpu
2024-08-07 19:25:41,227 [ERROR] ConditionMgr:805 - Attr not supported : Dmpu
2024-08-07 19:25:41,227 [ERROR] ConditionMgr:805 - Attr not supported : Dmpu
2024-08-07 19:25:41,227 [ERROR] ConditionMgr:805 - Attr not supported : Dmpu
2024-08-07 19:25:41,227 [ERROR] ConditionMgr:805 - Attr not supported : Dmpu
2024-08-07 19:25:41,227 [ERROR] ConditionMgr:805 - Attr not supported : Dmpu
2024-08-07 19:25:41,227 [ERROR] ConditionMgr:805 - Attr not supported : Dmpu
2024-08-07 19:25:41,227 [ERROR] ConditionMgr:805 - Attr not supported : Dmpu
2024-08-07 19:25:41,228 [ERROR] ConditionMgr:805 - Attr not supported : Dmpu
2024-08-07 19:25:41,228 [ERROR] ConditionMgr:805 - Attr not supported : Dmpu
2024-08-07 19:25:41,228 [ERROR] ConditionMgr:805 - Attr not supported : Dmpu
2024-08-07 19:25:41,228 [ERROR] ConditionMgr:805 - Attr not supported : Dmpu
2024-08-07 19:25:41,229 [ERROR] ConditionMgr:805 - Attr not supported : Dmpu
2024-08-07 19:25:41,229 [ERROR] ConditionMgr:805 - Attr not supported : Dmpu
2024-08-07 19:25:41,229 [ERROR] ConditionMgr:805 - Attr not supported : Dmpu
2024-08-07 19:25:41,229 [ERROR] ConditionMgr:805 - Attr not supported : Dmpu
2024-08-07 19:25:41,230 [ERROR] ConditionMgr:805 - Attr not supported : Dmpu
2024-08-07 19:25:41,230 [ERROR] ConditionMgr:805 - Attr not supported : Dmpu
2024-08-07 19:25:41,230 [ERROR] ConditionMgr:805 - Attr not supported : Dmpu
2024-08-07 19:25:41,230 [ERROR] ConditionMgr:805 - Attr not supported : Dmpu
2024-08-07 19:25:41,230 [ERROR] ConditionMgr:805 - Attr not supported : Dmpu
2024-08-07 19:25:41,230 [ERROR] ConditionMgr:805 - Attr not supported : Dmpu
2024-08-07 19:25:41,230 [ERROR] ConditionMgr:805 - Attr not supported : Dmpu
2024-08-07 19:25:41,231 [ERROR] ConditionMgr:805 - Attr not supported : Dmpu
2024-08-07 19:25:41,231 [ERROR] ConditionMgr:805 - Attr not supported : Dmpu
2024-08-07 19:25:41,231 [ERROR] ConditionMgr:805 - Attr not supported : Dmpu
2024-08-07 19:25:41,231 [ERROR] ConditionMgr:805 - Attr not supported : Dmpu
2024-08-07 19:25:41,231 [ERROR] ConditionMgr:805 - Attr not supported : Dmpu
2024-08-07 19:25:41,231 [ERROR] ConditionMgr:805 - Attr not supported : Dmpu
2024-08-07 19:25:41,231 [ERROR] ConditionMgr:805 - Attr not supported : Dmpu
2024-08-07 19:25:41,232 [ERROR] ConditionMgr:805 - Attr not supported : Dmpu
2024-08-07 19:25:41,232 [ERROR] ConditionMgr:805 - Attr not supported : Dmpu
2024-08-07 19:25:41,232 [ERROR] ConditionMgr:805 - Attr not supported : Dmpu
2024-08-07 19:25:41,232 [ERROR] ConditionMgr:805 - Attr not supported : Dmpu
2024-08-07 19:25:41,232 [ERROR] ConditionMgr:805 - Attr not supported : Dmpu
2024-08-07 19:25:41,232 [ERROR] ConditionMgr:805 - Attr not supported : Dmpu
2024-08-07 19:25:41,232 [ERROR] ConditionMgr:805 - Attr not supported : Dmpu
2024-08-07 19:25:41,233 [ERROR] ConditionMgr:805 - Attr not supported : Dmpu
2024-08-07 19:25:41,233 [ERROR] ConditionMgr:805 - Attr not supported : Dmpu
2024-08-07 19:25:41,233 [ERROR] ConditionMgr:805 - Attr not supported : Dmpu
2024-08-07 19:25:41,233 [ERROR] ConditionMgr:805 - Attr not supported : Dmpu
2024-08-07 19:25:41,233 [ERROR] ConditionMgr:805 - Attr not supported : Dmpu
2024-08-07 19:25:41,233 [ERROR] ConditionMgr:805 - Attr not supported : Dmpu
2024-08-07 19:25:41,233 [ERROR] ConditionMgr:805 - Attr not supported : Dmpu
2024-08-07 19:25:41,234 [ERROR] ConditionMgr:805 - Attr not supported : Dmpu
2024-08-07 19:25:41,234 [ERROR] ConditionMgr:805 - Attr not supported : Dmpu
2024-08-07 19:25:41,234 [ERROR] ConditionMgr:805 - Attr not supported : Dmpu
2024-08-07 19:25:41,234 [ERROR] ConditionMgr:805 - Attr not supported : Dmpu
2024-08-07 19:25:41,234 [ERROR] ConditionMgr:805 - Attr not supported : Dmpu
2024-08-07 19:25:41,234 [ERROR] ConditionMgr:805 - Attr not supported : Dmpu
2024-08-07 19:25:41,234 [ERROR] ConditionMgr:805 - Attr not supported : Dmpu
2024-08-07 19:25:41,234 [ERROR] ConditionMgr:805 - Attr not supported : Dmpu
2024-08-07 19:25:41,235 [ERROR] ConditionMgr:805 - Attr not supported : Dmpu
2024-08-07 19:25:41,235 [ERROR] ConditionMgr:805 - Attr not supported : Dmpu
2024-08-07 19:25:41,235 [ERROR] ConditionMgr:805 - Attr not supported : Dmpu
2024-08-07 19:25:41,235 [ERROR] ConditionMgr:805 - Attr not supported : Dmpu
2024-08-07 19:25:41,235 [ERROR] ConditionMgr:805 - Attr not supported : Dmpu
2024-08-07 19:25:41,236 [ERROR] ConditionMgr:805 - Attr not supported : Dmpu
2024-08-07 19:25:41,236 [ERROR] ConditionMgr:805 - Attr not supported : Dmpu
2024-08-07 19:25:41,325 [WARN] PackLoader:240 - Cannot read IP mode file for RealThread.X-CUBE-RT-Thread_Nano.4.1.1
2024-08-07 19:25:41,351 [WARN] PackLoader:240 - Cannot read IP mode file for wolfSSL.I-CUBE-wolfSSL.5.7.0
2024-08-07 19:25:41,390 [WARN] PackLoader:240 - Cannot read IP mode file for STMicroelectronics.FP-ATR-SIGFOX1.3.2.0
2024-08-07 19:25:41,417 [WARN] PackLoader:240 - Cannot read IP mode file for STMicroelectronics.X-CUBE-EEPRMA1.5.1.0
2024-08-07 19:25:41,446 [WARN] PackLoader:240 - Cannot read IP mode file for ITTIA_DB.I-CUBE-ITTIADB.8.9.0
2024-08-07 19:25:41,524 [WARN] PackLoader:240 - Cannot read IP mode file for SEGGER.I-CUBE-embOS.1.3.1
2024-08-07 19:25:41,669 [WARN] PackLoader:240 - Cannot read IP mode file for STMicroelectronics.X-CUBE-ALGOBUILD.1.4.0
2024-08-07 19:25:41,701 [WARN] PackLoader:240 - Cannot read IP mode file for STMicroelectronics.X-CUBE-GNSS1.6.0.0
2024-08-07 19:25:41,772 [WARN] PackLoader:240 - Cannot read IP mode file for STMicroelectronics.X-CUBE-AZRTOS-F4.1.1.0
2024-08-07 19:25:41,804 [WARN] PackLoader:240 - Cannot read IP mode file for STMicroelectronics.X-CUBE-FREERTOS.1.2.0
2024-08-07 19:25:41,869 [WARN] PackLoader:240 - Cannot read IP mode file for STMicroelectronics.X-CUBE-AZRTOS-L5.2.0.0
2024-08-07 19:25:41,903 [WARN] PackLoader:240 - Cannot read IP mode file for STMicroelectronics.X-CUBE-NFC6.3.1.0
2024-08-07 19:25:41,936 [WARN] PackLoader:240 - Cannot read IP mode file for STMicroelectronics.X-CUBE-DPower.1.2.0
2024-08-07 19:25:41,960 [WARN] PackLoader:240 - Cannot read IP mode file for STMicroelectronics.X-CUBE-AI.9.0.0
2024-08-07 19:25:41,987 [WARN] PackLoader:240 - Cannot read IP mode file for STMicroelectronics.X-CUBE-NFC7.1.0.1
2024-08-07 19:25:42,013 [WARN] PackLoader:240 - Cannot read IP mode file for wolfSSL.I-CUBE-wolfTPM.3.2.0
2024-08-07 19:25:42,080 [WARN] ConditionMgr:438 - getConditionDescription Invalid condition id : LAN8742 Phy interface Condition cause : null
2024-08-07 19:25:42,081 [WARN] PackLoader:240 - Cannot read IP mode file for STMicroelectronics.X-CUBE-AZRTOS-L4.2.0.0
2024-08-07 19:25:42,093 [WARN] ConditionMgr:1039 - genDependencies : Invalid condition id : LAN8742 Phy interface Condition cause : null
2024-08-07 19:25:42,094 [WARN] ConditionMgr:1039 - genDependencies : Invalid condition id : LAN8742 Phy interface Condition cause : null
2024-08-07 19:25:42,095 [WARN] ConditionMgr:1039 - genDependencies : Invalid condition id : LAN8742 Phy interface Condition cause : null
2024-08-07 19:25:42,139 [WARN] PackLoader:240 - Cannot read IP mode file for STMicroelectronics.X-CUBE-SFXS2LP1.4.0.0
2024-08-07 19:25:42,194 [WARN] ConditionMgr:438 - getConditionDescription Invalid condition id : UX DEVICE CLASS RTOS Condition cause : null
2024-08-07 19:25:42,194 [WARN] ConditionMgr:438 - getConditionDescription Invalid condition id : UX DEVICE CLASS RTOS Condition cause : null
2024-08-07 19:25:42,198 [WARN] PackLoader:240 - Cannot read IP mode file for STMicroelectronics.X-CUBE-AZRTOS-WB.2.0.0
2024-08-07 19:25:42,199 [WARN] ConditionMgr:1039 - genDependencies : Invalid condition id : UX DEVICE CLASS RTOS Condition cause : null
2024-08-07 19:25:42,199 [WARN] ConditionMgr:1039 - genDependencies : Invalid condition id : UX DEVICE CLASS RTOS Condition cause : null
2024-08-07 19:25:42,201 [WARN] ConditionMgr:1039 - genDependencies : Invalid condition id : UX DEVICE CLASS RTOS Condition cause : null
2024-08-07 19:25:42,201 [WARN] ConditionMgr:1039 - genDependencies : Invalid condition id : UX DEVICE CLASS RTOS Condition cause : null
2024-08-07 19:25:42,202 [WARN] ConditionMgr:1039 - genDependencies : Invalid condition id : UX DEVICE CLASS RTOS Condition cause : null
2024-08-07 19:25:42,238 [WARN] PackLoader:240 - Cannot read IP mode file for STMicroelectronics.FP-SNS-STBOX1.2.0.0
2024-08-07 19:25:42,286 [WARN] PackLoader:240 - Cannot read IP mode file for STMicroelectronics.X-CUBE-SUBG2.5.0.0
2024-08-07 19:25:42,334 [WARN] PackLoader:240 - Cannot read IP mode file for Cesanta.I-CUBE-Mongoose.7.13.0
2024-08-07 19:25:42,388 [WARN] PackLoader:240 - Cannot read IP mode file for STMicroelectronics.X-CUBE-AZRTOS-G4.2.0.0
2024-08-07 19:25:42,420 [WARN] PackLoader:240 - Cannot read IP mode file for STMicroelectronics.X-CUBE-ISPU.2.0.0
2024-08-07 19:25:42,449 [WARN] PackLoader:240 - Cannot read IP mode file for STMicroelectronics.X-CUBE-ALS.1.0.2
2024-08-07 19:25:42,581 [WARN] PackLoader:240 - Cannot read IP mode file for STMicroelectronics.X-CUBE-MEMS1.10.0.0
2024-08-07 19:25:42,899 [WARN] PackLoader:240 - Cannot read IP mode file for STMicroelectronics.X-CUBE-TOUCHGFX.4.24.0
2024-08-07 19:25:42,937 [WARN] PackLoader:240 - Cannot read IP mode file for portGmbH.I-Cube-SoM-uGOAL.1.1.0
2024-08-07 19:25:43,001 [WARN] PackLoader:240 - Cannot read IP mode file for STMicroelectronics.X-CUBE-AZRTOS-H7RS.1.0.0
2024-08-07 19:25:43,039 [WARN] PackLoader:240 - Cannot read IP mode file for STMicroelectronics.FP-ATR-ASTRA1.2.0.0
2024-08-07 19:25:43,084 [WARN] PackLoader:240 - Cannot read IP mode file for STMicroelectronics.X-CUBE-TOF1.3.4.2
2024-08-07 19:25:43,161 [WARN] PackLoader:240 - Cannot read IP mode file for STMicroelectronics.X-CUBE-TOF1.3.4.1
2024-08-07 19:25:43,261 [WARN] PackLoader:240 - Cannot read IP mode file for STMicroelectronics.X-CUBE-AZRTOS-H7.3.2.0
2024-08-07 19:25:43,317 [WARN] PackLoader:240 - Cannot read IP mode file for Infineon.AIROC-Wi-Fi-Bluetooth-STM32.1.6.0
2024-08-07 19:25:43,347 [WARN] PackLoader:240 - Cannot read IP mode file for wolfSSL.I-CUBE-wolfSSH.1.4.17
2024-08-07 19:25:43,348 [INFO] ThirdParty:978 - Integrity check success = true
2024-08-07 19:25:43,348 [INFO] IntegrityCheckThread:100 - exiting critical section [integrity check]
2024-08-07 19:25:43,348 [INFO] IntegrityCheckThread:103 - End integrity checks thread
2024-08-07 19:25:45,620 [INFO] WebApp:161 - Instantiating new browser for Auth
2024-08-07 19:25:47,129 [INFO] WebApp:779 - Register for checkConnection events
2024-08-07 19:25:47,130 [INFO] WebApp:414 - Apply proxy settings
2024-08-07 19:25:47,130 [INFO] WebApp:499 - Chromium requires no authentication
2024-08-07 19:25:47,144 [INFO] WebApp:442 - Direct internet connection detected
2024-08-07 19:25:47,607 [INFO] WebApp:192 - Starting web application
2024-08-07 19:25:47,608 [INFO] WebApp:544 - Web application path used C:\ST\STM32CubeIDE_1.15.1\STM32CubeIDE\plugins\com.st.stm32cube.common.mx_6.11.1.202404110753\db\plugins\mcufinder\reactClient1\index.html
2024-08-07 19:36:00,447 [ERROR] LogOutputStream:75 - [STDERR_REDIRECT] 
2024-08-07 19:36:00,448 [ERROR] LogOutputStream:75 - [STDERR_REDIRECT] 
2024-08-07 19:41:38,190 [INFO] Activator:176 - 


2024-08-07 19:41:38,195 [INFO] Activator:177 - !SESSION log4j initialized
2024-08-07 19:41:52,022 [INFO] LogOutputStream:77 - [STDOUT_REDIRECT] 
2024-08-07 19:41:58,466 [INFO] ApplicationProperties:184 - Using Application install path: C:\ST\STM32CubeIDE_1.15.1\STM32CubeIDE\plugins\com.st.stm32cube.common.mx_6.11.1.202404110753
2024-08-07 19:41:58,516 [INFO] DbMcusXml:78 - Set database path to: C:\ST\STM32CubeIDE_1.15.1\STM32CubeIDE\plugins\com.st.stm32cube.common.mx_6.11.1.202404110753\\db\/mcu/
2024-08-07 19:41:58,516 [INFO] ApiDb:274 - Set plugin database path to: C:\ST\STM32CubeIDE_1.15.1\STM32CubeIDE\plugins\com.st.stm32cube.common.mx_6.11.1.202404110753\\db\/plugins/boardmanager/
2024-08-07 19:41:58,517 [WARN] ApiDb:259 - Overriding images path with different value:  => C:\ST\STM32CubeIDE_1.15.1\STM32CubeIDE\plugins\com.st.stm32cube.common.mx_6.11.1.202404110753\\db\/plugins/mcufinder/images/
2024-08-07 19:41:59,213 [INFO] ApiDb:250 - Set database path to: C:\Users\dbank\.stmcufinder\plugins\mcufinder//mcu/
2024-08-07 19:41:59,216 [INFO] DbMcusAds:125 - Set database path to: C:\Users\dbank\.stmcufinder\plugins\mcufinder//mcu/
2024-08-07 19:41:59,247 [INFO] CrossReferenceDbSqlite:203 - Set database path to: C:\Users\dbank\.stmcufinder\plugins\mcufinder//mcu/cs/
2024-08-07 19:41:59,967 [INFO] RulesReader:64 - Compatibility file has been processed (297 Rules)
2024-08-07 19:42:00,556 [INFO] DbMcusXml:78 - Set database path to: C:\ST\STM32CubeIDE_1.15.1\STM32CubeIDE\plugins\com.st.stm32cube.common.mx_6.11.1.202404110753\\db\/mcu/
2024-08-07 19:42:00,556 [INFO] ApiDb:274 - Set plugin database path to: C:\ST\STM32CubeIDE_1.15.1\STM32CubeIDE\plugins\com.st.stm32cube.common.mx_6.11.1.202404110753\\db\/plugins/boardmanager/
2024-08-07 19:42:00,556 [INFO] ApiDb:261 - Set plugin images path to: C:\ST\STM32CubeIDE_1.15.1\STM32CubeIDE\plugins\com.st.stm32cube.common.mx_6.11.1.202404110753\\db\/plugins/mcufinder/images/
2024-08-07 19:42:00,556 [WARN] DbFile:41 - Overriding database path with different value: C:\Users\dbank\.stmcufinder\plugins\mcufinder/ => C:\Users\dbank\.stmcufinder\plugins\mcufinder
2024-08-07 19:42:00,556 [INFO] ApiDb:250 - Set database path to: C:\Users\dbank\.stmcufinder\plugins\mcufinder//mcu/
2024-08-07 19:42:00,556 [WARN] DbFile:41 - Overriding database path with different value: C:\Users\dbank\.stmcufinder\plugins\mcufinder/ => C:\Users\dbank\.stmcufinder\plugins\mcufinder
2024-08-07 19:42:00,556 [INFO] DbMcusAds:125 - Set database path to: C:\Users\dbank\.stmcufinder\plugins\mcufinder//mcu/
2024-08-07 19:42:00,556 [WARN] DbFile:41 - Overriding database path with different value: C:\Users\dbank\.stmcufinder\plugins\mcufinder/ => C:\Users\dbank\.stmcufinder\plugins\mcufinder
2024-08-07 19:42:00,556 [WARN] DbFile:41 - Overriding database path with different value: C:\Users\dbank\.stmcufinder\plugins\mcufinder/ => C:\Users\dbank\.stmcufinder\plugins\mcufinder
2024-08-07 19:42:00,556 [INFO] CrossReferenceDbSqlite:203 - Set database path to: C:\Users\dbank\.stmcufinder\plugins\mcufinder//mcu/cs/
2024-08-07 19:42:00,877 [INFO] MainPanel:264 - HeapMemory: 513802240
2024-08-07 19:42:01,345 [INFO] DbMcusXml:78 - Set database path to: C:\ST\STM32CubeIDE_1.15.1\STM32CubeIDE\plugins\com.st.stm32cube.common.mx_6.11.1.202404110753\\db\/mcu/
2024-08-07 19:42:01,346 [INFO] ApiDb:274 - Set plugin database path to: C:\ST\STM32CubeIDE_1.15.1\STM32CubeIDE\plugins\com.st.stm32cube.common.mx_6.11.1.202404110753\\db\/plugins/boardmanager/
2024-08-07 19:42:01,346 [INFO] ApiDb:261 - Set plugin images path to: C:\ST\STM32CubeIDE_1.15.1\STM32CubeIDE\plugins\com.st.stm32cube.common.mx_6.11.1.202404110753\\db\/plugins/mcufinder/images/
2024-08-07 19:42:01,347 [WARN] DbFile:41 - Overriding database path with different value: C:\Users\dbank\.stmcufinder\plugins\mcufinder/ => C:\Users\dbank\.stmcufinder\plugins\mcufinder
2024-08-07 19:42:01,347 [INFO] ApiDb:250 - Set database path to: C:\Users\dbank\.stmcufinder\plugins\mcufinder//mcu/
2024-08-07 19:42:01,347 [WARN] DbFile:41 - Overriding database path with different value: C:\Users\dbank\.stmcufinder\plugins\mcufinder/ => C:\Users\dbank\.stmcufinder\plugins\mcufinder
2024-08-07 19:42:01,347 [INFO] DbMcusAds:125 - Set database path to: C:\Users\dbank\.stmcufinder\plugins\mcufinder//mcu/
2024-08-07 19:42:01,347 [WARN] DbFile:41 - Overriding database path with different value: C:\Users\dbank\.stmcufinder\plugins\mcufinder/ => C:\Users\dbank\.stmcufinder\plugins\mcufinder
2024-08-07 19:42:01,348 [WARN] DbFile:41 - Overriding database path with different value: C:\Users\dbank\.stmcufinder\plugins\mcufinder/ => C:\Users\dbank\.stmcufinder\plugins\mcufinder
2024-08-07 19:42:01,348 [INFO] CrossReferenceDbSqlite:203 - Set database path to: C:\Users\dbank\.stmcufinder\plugins\mcufinder//mcu/cs/
2024-08-07 19:42:01,390 [INFO] ApplicationProperties:184 - Using Application install path: C:\ST\STM32CubeIDE_1.15.1\STM32CubeIDE\plugins\com.st.stm32cube.common.mx_6.11.1.202404110753
2024-08-07 19:42:01,393 [INFO] PluginManage:196 - Search for loadable plugins [exclusion list=, ]
2024-08-07 19:42:01,396 [INFO] PluginManage:310 - Check plugin analytics
2024-08-07 19:42:03,172 [INFO] AnalyticsPlugin:253 - Accepted Software Licenses: 
2024-08-07 19:42:03,173 [INFO] AnalyticsPlugin:255 - Accepted CMSIS Pack Licenses: 
2024-08-07 19:42:03,174 [INFO] AnalyticsPlugin:257 - Accepted Firmware Licenses: FW.H7.1.11.0
2024-08-07 19:42:03,185 [INFO] PluginManage:359 - Loaded plugin analytics (category:tool,tabindex:-1)
2024-08-07 19:42:03,187 [INFO] PluginManage:310 - Check plugin cadmodel
2024-08-07 19:42:03,196 [INFO] CADModel:105 - Init CAD model plugin
2024-08-07 19:42:03,196 [INFO] PluginManage:359 - Loaded plugin cadmodel (category:power,tabindex:5)
2024-08-07 19:42:03,197 [INFO] PluginManage:310 - Check plugin clock
2024-08-07 19:42:03,218 [INFO] PluginManage:359 - Loaded plugin clock (category:base,tabindex:2)
2024-08-07 19:42:03,218 [INFO] PluginManage:310 - Check plugin ddr
2024-08-07 19:42:03,223 [INFO] PluginManage:359 - Loaded plugin ddr (category:tool,tabindex:6)
2024-08-07 19:42:03,224 [INFO] PluginManage:310 - Check plugin filemanager
2024-08-07 19:42:03,576 [INFO] PluginManage:359 - Loaded plugin filemanager (category:base,tabindex:10)
2024-08-07 19:42:03,576 [INFO] PluginManage:310 - Check plugin ipmanager
2024-08-07 19:42:03,591 [INFO] PluginManage:359 - Loaded plugin ipmanager (category:base,tabindex:5)
2024-08-07 19:42:03,591 [INFO] PluginManage:310 - Check plugin lpbam
2024-08-07 19:42:03,609 [INFO] PluginManage:359 - Loaded plugin lpbam (category:base,tabindex:0)
2024-08-07 19:42:03,609 [INFO] PluginManage:310 - Check plugin memorymap
2024-08-07 19:42:03,645 [INFO] PluginManage:359 - Loaded plugin memorymap (category:base,tabindex:4)
2024-08-07 19:42:03,645 [INFO] PluginManage:310 - Check plugin pinoutandconfiguration
2024-08-07 19:42:03,659 [INFO] PluginManage:359 - Loaded plugin pinoutandconfiguration (category:base,tabindex:1)
2024-08-07 19:42:03,660 [INFO] PluginManage:310 - Check plugin pinoutconfig
2024-08-07 19:42:03,949 [WARN] SupportedApi:132 - Cannot load RTOS API schema: s4s-elt-must-match.1: The content of 'definitions' must match (annotation?, (simpleType | complexType)?, (unique | key | keyref)*)). A problem was found starting at: attribute.
2024-08-07 19:42:04,452 [INFO] PluginManage:359 - Loaded plugin pinoutconfig (category:base,tabindex:0)
2024-08-07 19:42:04,452 [INFO] PluginManage:310 - Check plugin power
2024-08-07 19:42:04,487 [INFO] PluginManage:359 - Loaded plugin power (category:power,tabindex:4)
2024-08-07 19:42:04,488 [INFO] PluginManage:310 - Check plugin projectmanager
2024-08-07 19:42:04,540 [INFO] PluginManage:359 - Loaded plugin projectmanager (category:projectmanager,tabindex:3)
2024-08-07 19:42:04,541 [INFO] PluginManage:310 - Check plugin thirdparty
2024-08-07 19:42:04,914 [INFO] PluginManage:359 - Loaded plugin thirdparty (category:base,tabindex:-1)
2024-08-07 19:42:04,915 [INFO] PluginManage:310 - Check plugin tools
2024-08-07 19:42:04,920 [INFO] PluginManage:359 - Loaded plugin tools (category:base,tabindex:7)
2024-08-07 19:42:04,921 [INFO] PluginManage:310 - Check plugin tutovideos
2024-08-07 19:42:04,914 [WARN] IntegrityCheckThread:84 - waiting for thirdparty lock release [integrity check]
2024-08-07 19:42:04,936 [INFO] IntegrityCheckThread:86 - entering critical section [integrity check]
2024-08-07 19:42:04,937 [INFO] ThirdPartyUpdaterWithRetryManager:70 - Updater plugin not ready yet. [1/15]
2024-08-07 19:42:05,742 [INFO] PluginManage:359 - Loaded plugin tutovideos (category:base,tabindex:-1)
2024-08-07 19:42:05,743 [INFO] PluginManage:310 - Check plugin updater
2024-08-07 19:42:05,775 [INFO] PluginManage:359 - Loaded plugin updater (category:base,tabindex:12)
2024-08-07 19:42:05,775 [INFO] PluginManage:310 - Check plugin userauth
2024-08-07 19:42:05,789 [INFO] UserAuth:114 - Init User Auth plugin
2024-08-07 19:42:05,789 [INFO] PluginManage:359 - Loaded plugin userauth (category:base,tabindex:14)
2024-08-07 19:42:05,790 [INFO] PluginManage:283 - PluginManage : Loaded plugins [17]
2024-08-07 19:42:06,670 [INFO] PinOutPanel:1561 - setPackage(No Configuration,No Configuration)
2024-08-07 19:42:07,117 [INFO] CADModel:165 - CPN selected for project level
2024-08-07 19:42:07,117 [INFO] CADModel:114 - Register for checkConnection events
2024-08-07 19:42:07,162 [INFO] IPUIPlugin:80 - create IPUIPlugin
2024-08-07 19:42:07,163 [INFO] PluginManager:220 - loadIPPluginJar : add adc
2024-08-07 19:42:07,168 [INFO] IPUIPlugin:80 - create IPUIPlugin
2024-08-07 19:42:07,168 [INFO] PluginManager:220 - loadIPPluginJar : add aes
2024-08-07 19:42:07,177 [INFO] IPUIPlugin:80 - create IPUIPlugin
2024-08-07 19:42:07,177 [INFO] PluginManager:220 - loadIPPluginJar : add can
2024-08-07 19:42:07,181 [INFO] IPUIPlugin:80 - create IPUIPlugin
2024-08-07 19:42:07,181 [INFO] PluginManager:220 - loadIPPluginJar : add comp
2024-08-07 19:42:07,186 [INFO] IPUIPlugin:80 - create IPUIPlugin
2024-08-07 19:42:07,186 [INFO] PluginManager:220 - loadIPPluginJar : add cryp
2024-08-07 19:42:07,234 [INFO] IPUIPlugin:80 - create IPUIPlugin
2024-08-07 19:42:07,241 [INFO] PluginManager:220 - loadIPPluginJar : add dfsdm
2024-08-07 19:42:07,266 [INFO] IPUIPlugin:80 - create IPUIPlugin
2024-08-07 19:42:07,269 [INFO] PluginManager:220 - loadIPPluginJar : add dma
2024-08-07 19:42:07,280 [INFO] IPUIPlugin:80 - create IPUIPlugin
2024-08-07 19:42:07,280 [INFO] PluginManager:220 - loadIPPluginJar : add dma3
2024-08-07 19:42:07,285 [INFO] IPUIPlugin:80 - create IPUIPlugin
2024-08-07 19:42:07,286 [INFO] PluginManager:220 - loadIPPluginJar : add extmemmanager
2024-08-07 19:42:07,291 [INFO] IPUIPlugin:80 - create IPUIPlugin
2024-08-07 19:42:07,292 [INFO] PluginManager:220 - loadIPPluginJar : add fatfs
2024-08-07 19:42:07,301 [INFO] IPUIPlugin:80 - create IPUIPlugin
2024-08-07 19:42:07,301 [INFO] PluginManager:220 - loadIPPluginJar : add fmc
2024-08-07 19:42:07,327 [INFO] IPUIPlugin:80 - create IPUIPlugin
2024-08-07 19:42:07,327 [INFO] PluginManager:220 - loadIPPluginJar : add freertos
2024-08-07 19:42:07,332 [INFO] IPUIPlugin:80 - create IPUIPlugin
2024-08-07 19:42:07,333 [INFO] PluginManager:220 - loadIPPluginJar : add genericplugin
2024-08-07 19:42:07,337 [INFO] IPUIPlugin:80 - create IPUIPlugin
2024-08-07 19:42:07,337 [INFO] PluginManager:220 - loadIPPluginJar : add gfxmmu
2024-08-07 19:42:07,347 [INFO] IPUIPlugin:80 - create IPUIPlugin
2024-08-07 19:42:07,347 [INFO] PluginManager:220 - loadIPPluginJar : add gic
2024-08-07 19:42:07,358 [INFO] IPUIPlugin:80 - create IPUIPlugin
2024-08-07 19:42:07,358 [INFO] PluginManager:220 - loadIPPluginJar : add gpio
2024-08-07 19:42:07,365 [INFO] IPUIPlugin:80 - create IPUIPlugin
2024-08-07 19:42:07,365 [INFO] PluginManager:220 - loadIPPluginJar : add gtzc
2024-08-07 19:42:07,371 [INFO] IPUIPlugin:80 - create IPUIPlugin
2024-08-07 19:42:07,371 [INFO] PluginManager:220 - loadIPPluginJar : add hash
2024-08-07 19:42:07,381 [INFO] IPUIPlugin:80 - create IPUIPlugin
2024-08-07 19:42:07,382 [INFO] PluginManager:220 - loadIPPluginJar : add i2c
2024-08-07 19:42:07,397 [INFO] IPUIPlugin:80 - create IPUIPlugin
2024-08-07 19:42:07,476 [INFO] PluginManager:220 - loadIPPluginJar : add i2s
2024-08-07 19:42:07,483 [INFO] IPUIPlugin:80 - create IPUIPlugin
2024-08-07 19:42:07,483 [INFO] PluginManager:220 - loadIPPluginJar : add i3c
2024-08-07 19:42:07,498 [INFO] IPUIPlugin:80 - create IPUIPlugin
2024-08-07 19:42:07,498 [INFO] PluginManager:220 - loadIPPluginJar : add ipddr
2024-08-07 19:42:07,514 [INFO] IPUIPlugin:80 - create IPUIPlugin
2024-08-07 19:42:07,514 [INFO] PluginManager:220 - loadIPPluginJar : add linkedlist
2024-08-07 19:42:07,520 [INFO] IPUIPlugin:80 - create IPUIPlugin
2024-08-07 19:42:07,523 [INFO] PluginManager:220 - loadIPPluginJar : add lorawan
2024-08-07 19:42:07,526 [INFO] IPUIPlugin:80 - create IPUIPlugin
2024-08-07 19:42:07,533 [INFO] PluginManager:220 - loadIPPluginJar : add ltdc
2024-08-07 19:42:07,550 [INFO] IPUIPlugin:80 - create IPUIPlugin
2024-08-07 19:42:07,550 [INFO] PluginManager:220 - loadIPPluginJar : add mdma
2024-08-07 19:42:07,564 [INFO] IPUIPlugin:80 - create IPUIPlugin
2024-08-07 19:42:07,565 [INFO] PluginManager:220 - loadIPPluginJar : add nvic
2024-08-07 19:42:07,570 [INFO] IPUIPlugin:80 - create IPUIPlugin
2024-08-07 19:42:07,573 [INFO] PluginManager:220 - loadIPPluginJar : add opamp
2024-08-07 19:42:07,579 [INFO] IPUIPlugin:80 - create IPUIPlugin
2024-08-07 19:42:07,579 [INFO] PluginManager:220 - loadIPPluginJar : add openamp
2024-08-07 19:42:07,589 [INFO] IPUIPlugin:80 - create IPUIPlugin
2024-08-07 19:42:07,589 [INFO] PluginManager:220 - loadIPPluginJar : add pdm2pcm
2024-08-07 19:42:07,600 [INFO] IPUIPlugin:80 - create IPUIPlugin
2024-08-07 19:42:07,609 [INFO] PluginManager:220 - loadIPPluginJar : add plateformsettings
2024-08-07 19:42:07,612 [INFO] IPUIPlugin:80 - create IPUIPlugin
2024-08-07 19:42:07,612 [INFO] PluginManager:220 - loadIPPluginJar : add quadspi
2024-08-07 19:42:07,625 [INFO] IPUIPlugin:80 - create IPUIPlugin
2024-08-07 19:42:07,625 [INFO] PluginManager:220 - loadIPPluginJar : add resmgrutility
2024-08-07 19:42:07,643 [INFO] IPUIPlugin:80 - create IPUIPlugin
2024-08-07 19:42:07,643 [INFO] PluginManager:220 - loadIPPluginJar : add sai
2024-08-07 19:42:07,649 [INFO] IPUIPlugin:80 - create IPUIPlugin
2024-08-07 19:42:07,649 [INFO] PluginManager:220 - loadIPPluginJar : add spi
2024-08-07 19:42:07,662 [INFO] IPUIPlugin:80 - create IPUIPlugin
2024-08-07 19:42:07,662 [INFO] PluginManager:220 - loadIPPluginJar : add stm32_wpan
2024-08-07 19:42:07,665 [INFO] IPUIPlugin:80 - create IPUIPlugin
2024-08-07 19:42:07,666 [INFO] PluginManager:220 - loadIPPluginJar : add tim
2024-08-07 19:42:07,672 [INFO] IPUIPlugin:80 - create IPUIPlugin
2024-08-07 19:42:07,673 [INFO] PluginManager:220 - loadIPPluginJar : add touchsensing
2024-08-07 19:42:07,677 [INFO] IPUIPlugin:80 - create IPUIPlugin
2024-08-07 19:42:07,677 [INFO] PluginManager:220 - loadIPPluginJar : add tracer_emb
2024-08-07 19:42:07,681 [INFO] IPUIPlugin:80 - create IPUIPlugin
2024-08-07 19:42:07,681 [INFO] PluginManager:220 - loadIPPluginJar : add ts
2024-08-07 19:42:07,685 [INFO] IPUIPlugin:80 - create IPUIPlugin
2024-08-07 19:42:07,685 [INFO] PluginManager:220 - loadIPPluginJar : add tsc
2024-08-07 19:42:07,692 [INFO] IPUIPlugin:80 - create IPUIPlugin
2024-08-07 19:42:07,693 [INFO] PluginManager:220 - loadIPPluginJar : add ucpd
2024-08-07 19:42:07,700 [INFO] IPUIPlugin:80 - create IPUIPlugin
2024-08-07 19:42:07,701 [INFO] PluginManager:220 - loadIPPluginJar : add usart
2024-08-07 19:42:07,708 [INFO] IPUIPlugin:80 - create IPUIPlugin
2024-08-07 19:42:07,708 [INFO] PluginManager:220 - loadIPPluginJar : add usbx
2024-08-07 19:42:07,940 [INFO] ThirdPartyUpdaterWithRetryManager:70 - Updater plugin not ready yet. [2/15]
2024-08-07 19:42:08,051 [INFO] CADModel:165 - CPN selected for project level
2024-08-07 19:42:08,051 [INFO] CADModel:114 - Register for checkConnection events
2024-08-07 19:42:08,051 [FATAL] Updater:308 - Updater called before beeing initialized
2024-08-07 19:42:08,051 [ERROR] CADModel:125 - Updater not yet initialized, retry later 
2024-08-07 19:42:08,414 [INFO] CADModel:165 - CPN selected for project level
2024-08-07 19:42:08,414 [INFO] CADModel:114 - Register for checkConnection events
2024-08-07 19:42:08,414 [FATAL] Updater:308 - Updater called before beeing initialized
2024-08-07 19:42:08,415 [ERROR] CADModel:125 - Updater not yet initialized, retry later 
2024-08-07 19:42:08,421 [FATAL] Updater:308 - Updater called before beeing initialized
2024-08-07 19:42:08,845 [FATAL] Updater:308 - Updater called before beeing initialized
2024-08-07 19:42:08,858 [INFO] DbMcusAds:53 - JSON generation date=Thu May 16 11:22:01 CEST 2024 (1715851321109)
2024-08-07 19:42:08,858 [FATAL] Updater:308 - Updater called before beeing initialized
2024-08-07 19:42:08,963 [WARN] DetailPanel:346 - Failed to get advertising image, set to default
2024-08-07 19:42:09,312 [FATAL] Updater:308 - Updater called before beeing initialized
2024-08-07 19:42:09,342 [FATAL] Updater:308 - Updater called before beeing initialized
2024-08-07 19:42:09,343 [FATAL] Updater:308 - Updater called before beeing initialized
2024-08-07 19:42:09,343 [WARN] DetailPanel:346 - Failed to get advertising image, set to default
2024-08-07 19:42:09,345 [FATAL] Updater:308 - Updater called before beeing initialized
2024-08-07 19:42:09,460 [ERROR] Updater:1120 - MainUpdater not yet initialized. External WinMGr cannot be set.
2024-08-07 19:42:09,464 [INFO] Updater:1056 - Updater Version found : 6.11.1
2024-08-07 19:42:09,513 [INFO] ApplicationProperties:184 - Using Application install path: C:\ST\STM32CubeIDE_1.15.1\STM32CubeIDE\plugins\com.st.stm32cube.common.mx_6.11.1.202404110753
2024-08-07 19:42:10,941 [FATAL] Updater:308 - Updater called before beeing initialized
2024-08-07 19:42:10,942 [ERROR] IntegrityCheckThread:130 - Cannot retrieve database content from updater: error 21
2024-08-07 19:42:10,942 [INFO] ThirdParty:978 - Integrity check success = false
2024-08-07 19:42:10,942 [INFO] IntegrityCheckThread:100 - exiting critical section [integrity check]
2024-08-07 19:42:10,942 [INFO] IntegrityCheckThread:103 - End integrity checks thread
2024-08-07 19:42:11,114 [ERROR] LogOutputStream:75 - [STDERR_REDIRECT] Aug 07, 2024 7:42:11 PM java.util.prefs.WindowsPreferences <init>
2024-08-07 19:42:11,118 [ERROR] LogOutputStream:75 - [STDERR_REDIRECT] WARNING: Could not open/create prefs root node Software\JavaSoft\Prefs at root 0xffffffff80000002. Windows RegCreateKeyEx(...) returned error code 5.
2024-08-07 19:42:11,118 [ERROR] LogOutputStream:75 - [STDERR_REDIRECT] 
2024-08-07 19:42:16,150 [INFO] MainUpdater:2873 - connection check result : 10
2024-08-07 19:42:16,161 [INFO] MainUpdater:290 - Updater Check For Update Now.
2024-08-07 19:42:16,162 [INFO] MicroXplorer:498 - Change Database Version : DB.6.0.111
2024-08-07 19:42:16,198 [INFO] McuFinderGlobals:63 - Set McuFinder mode to 2 (CubeIDE integrated)
2024-08-07 19:42:16,225 [INFO] UserAuth:415 - Internet connection configuration mode: 1
2024-08-07 19:42:16,449 [INFO] JxBrowserEngine:152 - Initiate JxBrowser Engine with user profile folder
2024-08-07 19:42:16,669 [INFO] CheckServerUpdateThread:120 - End of CheckServer Thread
2024-08-07 19:42:25,572 [INFO] WebApp:161 - Instantiating new browser for Auth
2024-08-07 19:42:31,287 [INFO] WebApp:779 - Register for checkConnection events
2024-08-07 19:42:31,288 [INFO] WebApp:414 - Apply proxy settings
2024-08-07 19:42:31,288 [INFO] WebApp:499 - Chromium requires no authentication
2024-08-07 19:42:31,313 [INFO] WebApp:442 - Direct internet connection detected
2024-08-07 19:42:31,893 [INFO] WebApp:192 - Starting web application
2024-08-07 19:42:31,893 [INFO] WebApp:544 - Web application path used C:\ST\STM32CubeIDE_1.15.1\STM32CubeIDE\plugins\com.st.stm32cube.common.mx_6.11.1.202404110753\db\plugins\mcufinder\reactClient1\index.html
