2024-05-10 09:07:53,197 [INFO] Activator:176 - 


2024-05-10 09:07:53,202 [INFO] Activator:177 - !SESSION log4j initialized
2024-05-10 09:07:59,515 [INFO] LogOutputStream:77 - [STDOUT_REDIRECT] 
2024-05-10 09:08:02,382 [INFO] ApplicationProperties:184 - Using Application install path: C:\ST\STM32CubeIDE_1.15.1\STM32CubeIDE\plugins\com.st.stm32cube.common.mx_6.11.1.202404110753
2024-05-10 09:08:02,414 [INFO] DbMcusXml:78 - Set database path to: C:\ST\STM32CubeIDE_1.15.1\STM32CubeIDE\plugins\com.st.stm32cube.common.mx_6.11.1.202404110753\\db\/mcu/
2024-05-10 09:08:02,415 [INFO] ApiDb:274 - Set plugin database path to: C:\ST\STM32CubeIDE_1.15.1\STM32CubeIDE\plugins\com.st.stm32cube.common.mx_6.11.1.202404110753\\db\/plugins/boardmanager/
2024-05-10 09:08:02,415 [WARN] ApiDb:259 - Overriding images path with different value:  => C:\ST\STM32CubeIDE_1.15.1\STM32CubeIDE\plugins\com.st.stm32cube.common.mx_6.11.1.202404110753\\db\/plugins/mcufinder/images/
2024-05-10 09:08:02,432 [INFO] ApiDb:250 - Set database path to: C:\Users\dbank\.stmcufinder\plugins\mcufinder//mcu/
2024-05-10 09:08:02,433 [INFO] DbMcusAds:125 - Set database path to: C:\Users\dbank\.stmcufinder\plugins\mcufinder//mcu/
2024-05-10 09:08:02,435 [INFO] CrossReferenceDbSqlite:203 - Set database path to: C:\Users\dbank\.stmcufinder\plugins\mcufinder//mcu/cs/
2024-05-10 09:08:02,598 [INFO] RulesReader:64 - Compatibility file has been processed (297 Rules)
2024-05-10 09:08:02,737 [INFO] DbMcusXml:78 - Set database path to: C:\ST\STM32CubeIDE_1.15.1\STM32CubeIDE\plugins\com.st.stm32cube.common.mx_6.11.1.202404110753\\db\/mcu/
2024-05-10 09:08:02,737 [INFO] ApiDb:274 - Set plugin database path to: C:\ST\STM32CubeIDE_1.15.1\STM32CubeIDE\plugins\com.st.stm32cube.common.mx_6.11.1.202404110753\\db\/plugins/boardmanager/
2024-05-10 09:08:02,737 [INFO] ApiDb:261 - Set plugin images path to: C:\ST\STM32CubeIDE_1.15.1\STM32CubeIDE\plugins\com.st.stm32cube.common.mx_6.11.1.202404110753\\db\/plugins/mcufinder/images/
2024-05-10 09:08:02,738 [WARN] DbFile:41 - Overriding database path with different value: C:\Users\dbank\.stmcufinder\plugins\mcufinder/ => C:\Users\dbank\.stmcufinder\plugins\mcufinder
2024-05-10 09:08:02,738 [INFO] ApiDb:250 - Set database path to: C:\Users\dbank\.stmcufinder\plugins\mcufinder//mcu/
2024-05-10 09:08:02,738 [WARN] DbFile:41 - Overriding database path with different value: C:\Users\dbank\.stmcufinder\plugins\mcufinder/ => C:\Users\dbank\.stmcufinder\plugins\mcufinder
2024-05-10 09:08:02,738 [INFO] DbMcusAds:125 - Set database path to: C:\Users\dbank\.stmcufinder\plugins\mcufinder//mcu/
2024-05-10 09:08:02,738 [WARN] DbFile:41 - Overriding database path with different value: C:\Users\dbank\.stmcufinder\plugins\mcufinder/ => C:\Users\dbank\.stmcufinder\plugins\mcufinder
2024-05-10 09:08:02,738 [WARN] DbFile:41 - Overriding database path with different value: C:\Users\dbank\.stmcufinder\plugins\mcufinder/ => C:\Users\dbank\.stmcufinder\plugins\mcufinder
2024-05-10 09:08:02,738 [INFO] CrossReferenceDbSqlite:203 - Set database path to: C:\Users\dbank\.stmcufinder\plugins\mcufinder//mcu/cs/
2024-05-10 09:08:02,859 [INFO] MainPanel:264 - HeapMemory: 573571072
2024-05-10 09:08:02,973 [INFO] DbMcusXml:78 - Set database path to: C:\ST\STM32CubeIDE_1.15.1\STM32CubeIDE\plugins\com.st.stm32cube.common.mx_6.11.1.202404110753\\db\/mcu/
2024-05-10 09:08:02,973 [INFO] ApiDb:274 - Set plugin database path to: C:\ST\STM32CubeIDE_1.15.1\STM32CubeIDE\plugins\com.st.stm32cube.common.mx_6.11.1.202404110753\\db\/plugins/boardmanager/
2024-05-10 09:08:02,973 [INFO] ApiDb:261 - Set plugin images path to: C:\ST\STM32CubeIDE_1.15.1\STM32CubeIDE\plugins\com.st.stm32cube.common.mx_6.11.1.202404110753\\db\/plugins/mcufinder/images/
2024-05-10 09:08:02,974 [WARN] DbFile:41 - Overriding database path with different value: C:\Users\dbank\.stmcufinder\plugins\mcufinder/ => C:\Users\dbank\.stmcufinder\plugins\mcufinder
2024-05-10 09:08:02,974 [INFO] ApiDb:250 - Set database path to: C:\Users\dbank\.stmcufinder\plugins\mcufinder//mcu/
2024-05-10 09:08:02,974 [WARN] DbFile:41 - Overriding database path with different value: C:\Users\dbank\.stmcufinder\plugins\mcufinder/ => C:\Users\dbank\.stmcufinder\plugins\mcufinder
2024-05-10 09:08:02,974 [INFO] DbMcusAds:125 - Set database path to: C:\Users\dbank\.stmcufinder\plugins\mcufinder//mcu/
2024-05-10 09:08:02,974 [WARN] DbFile:41 - Overriding database path with different value: C:\Users\dbank\.stmcufinder\plugins\mcufinder/ => C:\Users\dbank\.stmcufinder\plugins\mcufinder
2024-05-10 09:08:02,974 [WARN] DbFile:41 - Overriding database path with different value: C:\Users\dbank\.stmcufinder\plugins\mcufinder/ => C:\Users\dbank\.stmcufinder\plugins\mcufinder
2024-05-10 09:08:02,974 [INFO] CrossReferenceDbSqlite:203 - Set database path to: C:\Users\dbank\.stmcufinder\plugins\mcufinder//mcu/cs/
2024-05-10 09:08:03,000 [INFO] ApplicationProperties:184 - Using Application install path: C:\ST\STM32CubeIDE_1.15.1\STM32CubeIDE\plugins\com.st.stm32cube.common.mx_6.11.1.202404110753
2024-05-10 09:08:03,004 [INFO] PluginManage:196 - Search for loadable plugins [exclusion list=, ]
2024-05-10 09:08:03,007 [INFO] PluginManage:310 - Check plugin analytics
2024-05-10 09:08:03,288 [INFO] AnalyticsPlugin:253 - Accepted Software Licenses: STM32CubeMX.6.11.1
2024-05-10 09:08:03,288 [INFO] AnalyticsPlugin:255 - Accepted CMSIS Pack Licenses: 
2024-05-10 09:08:03,288 [INFO] AnalyticsPlugin:257 - Accepted Firmware Licenses: FW.H7.1.11.0,FW.H7.1.10.0,FW.L4.1.18.0
2024-05-10 09:08:03,293 [INFO] PluginManage:359 - Loaded plugin analytics (category:tool,tabindex:-1)
2024-05-10 09:08:03,293 [INFO] PluginManage:310 - Check plugin cadmodel
2024-05-10 09:08:03,313 [INFO] CADModel:105 - Init CAD model plugin
2024-05-10 09:08:03,313 [INFO] PluginManage:359 - Loaded plugin cadmodel (category:power,tabindex:5)
2024-05-10 09:08:03,313 [INFO] PluginManage:310 - Check plugin clock
2024-05-10 09:08:03,347 [INFO] PluginManage:359 - Loaded plugin clock (category:base,tabindex:2)
2024-05-10 09:08:03,347 [INFO] PluginManage:310 - Check plugin ddr
2024-05-10 09:08:03,353 [INFO] PluginManage:359 - Loaded plugin ddr (category:tool,tabindex:6)
2024-05-10 09:08:03,353 [INFO] PluginManage:310 - Check plugin filemanager
2024-05-10 09:08:03,595 [INFO] PluginManage:359 - Loaded plugin filemanager (category:base,tabindex:10)
2024-05-10 09:08:03,596 [INFO] PluginManage:310 - Check plugin ipmanager
2024-05-10 09:08:03,608 [INFO] PluginManage:359 - Loaded plugin ipmanager (category:base,tabindex:5)
2024-05-10 09:08:03,608 [INFO] PluginManage:310 - Check plugin lpbam
2024-05-10 09:08:03,637 [INFO] PluginManage:359 - Loaded plugin lpbam (category:base,tabindex:0)
2024-05-10 09:08:03,637 [INFO] PluginManage:310 - Check plugin memorymap
2024-05-10 09:08:03,674 [INFO] PluginManage:359 - Loaded plugin memorymap (category:base,tabindex:4)
2024-05-10 09:08:03,674 [INFO] PluginManage:310 - Check plugin pinoutandconfiguration
2024-05-10 09:08:03,704 [INFO] PluginManage:359 - Loaded plugin pinoutandconfiguration (category:base,tabindex:1)
2024-05-10 09:08:03,705 [INFO] PluginManage:310 - Check plugin pinoutconfig
2024-05-10 09:08:03,896 [WARN] SupportedApi:132 - Cannot load RTOS API schema: s4s-elt-must-match.1: The content of 'definitions' must match (annotation?, (simpleType | complexType)?, (unique | key | keyref)*)). A problem was found starting at: attribute.
2024-05-10 09:08:04,147 [INFO] PluginManage:359 - Loaded plugin pinoutconfig (category:base,tabindex:0)
2024-05-10 09:08:04,147 [INFO] PluginManage:310 - Check plugin power
2024-05-10 09:08:04,175 [INFO] PluginManage:359 - Loaded plugin power (category:power,tabindex:4)
2024-05-10 09:08:04,175 [INFO] PluginManage:310 - Check plugin projectmanager
2024-05-10 09:08:04,198 [INFO] PluginManage:359 - Loaded plugin projectmanager (category:projectmanager,tabindex:3)
2024-05-10 09:08:04,198 [INFO] PluginManage:310 - Check plugin thirdparty
2024-05-10 09:08:04,641 [INFO] PluginManage:359 - Loaded plugin thirdparty (category:base,tabindex:-1)
2024-05-10 09:08:04,641 [WARN] IntegrityCheckThread:84 - waiting for thirdparty lock release [integrity check]
2024-05-10 09:08:04,643 [INFO] PluginManage:310 - Check plugin tools
2024-05-10 09:08:04,643 [INFO] IntegrityCheckThread:86 - entering critical section [integrity check]
2024-05-10 09:08:04,643 [INFO] ThirdPartyUpdaterWithRetryManager:70 - Updater plugin not ready yet. [1/15]
2024-05-10 09:08:04,708 [INFO] PluginManage:359 - Loaded plugin tools (category:base,tabindex:7)
2024-05-10 09:08:04,709 [INFO] PluginManage:310 - Check plugin tutovideos
2024-05-10 09:08:05,103 [INFO] PluginManage:359 - Loaded plugin tutovideos (category:base,tabindex:-1)
2024-05-10 09:08:05,103 [INFO] PluginManage:310 - Check plugin updater
2024-05-10 09:08:05,118 [INFO] PluginManage:359 - Loaded plugin updater (category:base,tabindex:12)
2024-05-10 09:08:05,118 [INFO] PluginManage:310 - Check plugin userauth
2024-05-10 09:08:05,126 [INFO] UserAuth:114 - Init User Auth plugin
2024-05-10 09:08:05,126 [INFO] PluginManage:359 - Loaded plugin userauth (category:base,tabindex:14)
2024-05-10 09:08:05,126 [INFO] PluginManage:283 - PluginManage : Loaded plugins [17]
2024-05-10 09:08:05,526 [INFO] PinOutPanel:1561 - setPackage(No Configuration,No Configuration)
2024-05-10 09:08:05,644 [INFO] CADModel:165 - CPN selected for project level
2024-05-10 09:08:05,644 [INFO] CADModel:114 - Register for checkConnection events
2024-05-10 09:08:05,681 [INFO] IPUIPlugin:80 - create IPUIPlugin
2024-05-10 09:08:05,681 [INFO] PluginManager:220 - loadIPPluginJar : add adc
2024-05-10 09:08:05,745 [INFO] IPUIPlugin:80 - create IPUIPlugin
2024-05-10 09:08:05,745 [INFO] PluginManager:220 - loadIPPluginJar : add aes
2024-05-10 09:08:05,809 [INFO] IPUIPlugin:80 - create IPUIPlugin
2024-05-10 09:08:05,809 [INFO] PluginManager:220 - loadIPPluginJar : add can
2024-05-10 09:08:05,847 [INFO] IPUIPlugin:80 - create IPUIPlugin
2024-05-10 09:08:05,847 [INFO] PluginManager:220 - loadIPPluginJar : add comp
2024-05-10 09:08:05,889 [INFO] IPUIPlugin:80 - create IPUIPlugin
2024-05-10 09:08:05,889 [INFO] PluginManager:220 - loadIPPluginJar : add cryp
2024-05-10 09:08:05,935 [INFO] IPUIPlugin:80 - create IPUIPlugin
2024-05-10 09:08:05,935 [INFO] PluginManager:220 - loadIPPluginJar : add dfsdm
2024-05-10 09:08:05,953 [INFO] IPUIPlugin:80 - create IPUIPlugin
2024-05-10 09:08:05,955 [INFO] PluginManager:220 - loadIPPluginJar : add dma
2024-05-10 09:08:06,013 [INFO] IPUIPlugin:80 - create IPUIPlugin
2024-05-10 09:08:06,014 [INFO] PluginManager:220 - loadIPPluginJar : add dma3
2024-05-10 09:08:06,083 [INFO] IPUIPlugin:80 - create IPUIPlugin
2024-05-10 09:08:06,084 [INFO] PluginManager:220 - loadIPPluginJar : add extmemmanager
2024-05-10 09:08:06,113 [INFO] IPUIPlugin:80 - create IPUIPlugin
2024-05-10 09:08:06,113 [INFO] PluginManager:220 - loadIPPluginJar : add fatfs
2024-05-10 09:08:06,174 [INFO] IPUIPlugin:80 - create IPUIPlugin
2024-05-10 09:08:06,175 [INFO] PluginManager:220 - loadIPPluginJar : add fmc
2024-05-10 09:08:06,194 [INFO] IPUIPlugin:80 - create IPUIPlugin
2024-05-10 09:08:06,194 [INFO] PluginManager:220 - loadIPPluginJar : add freertos
2024-05-10 09:08:06,230 [INFO] IPUIPlugin:80 - create IPUIPlugin
2024-05-10 09:08:06,230 [INFO] PluginManager:220 - loadIPPluginJar : add genericplugin
2024-05-10 09:08:06,379 [INFO] IPUIPlugin:80 - create IPUIPlugin
2024-05-10 09:08:06,379 [INFO] PluginManager:220 - loadIPPluginJar : add gfxmmu
2024-05-10 09:08:06,546 [INFO] IPUIPlugin:80 - create IPUIPlugin
2024-05-10 09:08:06,546 [INFO] PluginManager:220 - loadIPPluginJar : add gic
2024-05-10 09:08:06,560 [INFO] IPUIPlugin:80 - create IPUIPlugin
2024-05-10 09:08:06,560 [INFO] PluginManager:220 - loadIPPluginJar : add gpio
2024-05-10 09:08:06,697 [INFO] IPUIPlugin:80 - create IPUIPlugin
2024-05-10 09:08:06,697 [INFO] PluginManager:220 - loadIPPluginJar : add gtzc
2024-05-10 09:08:06,746 [INFO] IPUIPlugin:80 - create IPUIPlugin
2024-05-10 09:08:06,746 [INFO] PluginManager:220 - loadIPPluginJar : add hash
2024-05-10 09:08:06,823 [INFO] IPUIPlugin:80 - create IPUIPlugin
2024-05-10 09:08:06,823 [INFO] PluginManager:220 - loadIPPluginJar : add i2c
2024-05-10 09:08:06,887 [INFO] IPUIPlugin:80 - create IPUIPlugin
2024-05-10 09:08:06,888 [INFO] PluginManager:220 - loadIPPluginJar : add i2s
2024-05-10 09:08:06,948 [INFO] IPUIPlugin:80 - create IPUIPlugin
2024-05-10 09:08:06,949 [INFO] PluginManager:220 - loadIPPluginJar : add i3c
2024-05-10 09:08:07,090 [INFO] IPUIPlugin:80 - create IPUIPlugin
2024-05-10 09:08:07,090 [INFO] PluginManager:220 - loadIPPluginJar : add ipddr
2024-05-10 09:08:07,215 [INFO] IPUIPlugin:80 - create IPUIPlugin
2024-05-10 09:08:07,215 [INFO] PluginManager:220 - loadIPPluginJar : add linkedlist
2024-05-10 09:08:07,256 [INFO] IPUIPlugin:80 - create IPUIPlugin
2024-05-10 09:08:07,257 [INFO] PluginManager:220 - loadIPPluginJar : add lorawan
2024-05-10 09:08:07,296 [INFO] IPUIPlugin:80 - create IPUIPlugin
2024-05-10 09:08:07,297 [INFO] PluginManager:220 - loadIPPluginJar : add ltdc
2024-05-10 09:08:07,312 [INFO] IPUIPlugin:80 - create IPUIPlugin
2024-05-10 09:08:07,312 [INFO] PluginManager:220 - loadIPPluginJar : add mdma
2024-05-10 09:08:07,325 [INFO] IPUIPlugin:80 - create IPUIPlugin
2024-05-10 09:08:07,326 [INFO] PluginManager:220 - loadIPPluginJar : add nvic
2024-05-10 09:08:07,366 [INFO] IPUIPlugin:80 - create IPUIPlugin
2024-05-10 09:08:07,366 [INFO] PluginManager:220 - loadIPPluginJar : add opamp
2024-05-10 09:08:07,437 [INFO] IPUIPlugin:80 - create IPUIPlugin
2024-05-10 09:08:07,437 [INFO] PluginManager:220 - loadIPPluginJar : add openamp
2024-05-10 09:08:07,482 [INFO] IPUIPlugin:80 - create IPUIPlugin
2024-05-10 09:08:07,482 [INFO] PluginManager:220 - loadIPPluginJar : add pdm2pcm
2024-05-10 09:08:07,497 [INFO] IPUIPlugin:80 - create IPUIPlugin
2024-05-10 09:08:07,500 [INFO] PluginManager:220 - loadIPPluginJar : add plateformsettings
2024-05-10 09:08:07,525 [INFO] IPUIPlugin:80 - create IPUIPlugin
2024-05-10 09:08:07,525 [INFO] PluginManager:220 - loadIPPluginJar : add quadspi
2024-05-10 09:08:07,539 [INFO] IPUIPlugin:80 - create IPUIPlugin
2024-05-10 09:08:07,540 [INFO] PluginManager:220 - loadIPPluginJar : add resmgrutility
2024-05-10 09:08:07,595 [INFO] IPUIPlugin:80 - create IPUIPlugin
2024-05-10 09:08:07,595 [INFO] PluginManager:220 - loadIPPluginJar : add sai
2024-05-10 09:08:07,637 [INFO] IPUIPlugin:80 - create IPUIPlugin
2024-05-10 09:08:07,637 [INFO] PluginManager:220 - loadIPPluginJar : add spi
2024-05-10 09:08:07,646 [INFO] ThirdPartyUpdaterWithRetryManager:70 - Updater plugin not ready yet. [2/15]
2024-05-10 09:08:07,711 [INFO] IPUIPlugin:80 - create IPUIPlugin
2024-05-10 09:08:07,711 [INFO] PluginManager:220 - loadIPPluginJar : add stm32_wpan
2024-05-10 09:08:07,734 [INFO] IPUIPlugin:80 - create IPUIPlugin
2024-05-10 09:08:07,734 [INFO] PluginManager:220 - loadIPPluginJar : add tim
2024-05-10 09:08:07,797 [INFO] IPUIPlugin:80 - create IPUIPlugin
2024-05-10 09:08:07,797 [INFO] PluginManager:220 - loadIPPluginJar : add touchsensing
2024-05-10 09:08:07,818 [INFO] IPUIPlugin:80 - create IPUIPlugin
2024-05-10 09:08:07,818 [INFO] PluginManager:220 - loadIPPluginJar : add tracer_emb
2024-05-10 09:08:07,842 [INFO] IPUIPlugin:80 - create IPUIPlugin
2024-05-10 09:08:07,843 [INFO] PluginManager:220 - loadIPPluginJar : add ts
2024-05-10 09:08:07,864 [INFO] IPUIPlugin:80 - create IPUIPlugin
2024-05-10 09:08:07,864 [INFO] PluginManager:220 - loadIPPluginJar : add tsc
2024-05-10 09:08:07,885 [INFO] IPUIPlugin:80 - create IPUIPlugin
2024-05-10 09:08:07,885 [INFO] PluginManager:220 - loadIPPluginJar : add ucpd
2024-05-10 09:08:07,927 [INFO] IPUIPlugin:80 - create IPUIPlugin
2024-05-10 09:08:07,927 [INFO] PluginManager:220 - loadIPPluginJar : add usart
2024-05-10 09:08:07,980 [INFO] IPUIPlugin:80 - create IPUIPlugin
2024-05-10 09:08:07,981 [INFO] PluginManager:220 - loadIPPluginJar : add usbx
2024-05-10 09:08:08,125 [INFO] CADModel:165 - CPN selected for project level
2024-05-10 09:08:08,125 [INFO] CADModel:114 - Register for checkConnection events
2024-05-10 09:08:08,126 [FATAL] Updater:308 - Updater called before beeing initialized
2024-05-10 09:08:08,126 [ERROR] CADModel:125 - Updater not yet initialized, retry later 
2024-05-10 09:08:08,272 [INFO] CADModel:165 - CPN selected for project level
2024-05-10 09:08:08,272 [INFO] CADModel:114 - Register for checkConnection events
2024-05-10 09:08:08,272 [FATAL] Updater:308 - Updater called before beeing initialized
2024-05-10 09:08:08,272 [ERROR] CADModel:125 - Updater not yet initialized, retry later 
2024-05-10 09:08:08,275 [FATAL] Updater:308 - Updater called before beeing initialized
2024-05-10 09:08:08,406 [FATAL] Updater:308 - Updater called before beeing initialized
2024-05-10 09:08:08,419 [INFO] DbMcusAds:53 - JSON generation date=Thu May 02 10:37:29 CEST 2024 (1714639049318)
2024-05-10 09:08:08,419 [FATAL] Updater:308 - Updater called before beeing initialized
2024-05-10 09:08:08,509 [WARN] DetailPanel:346 - Failed to get advertising image, set to default
2024-05-10 09:08:08,636 [FATAL] Updater:308 - Updater called before beeing initialized
2024-05-10 09:08:08,640 [FATAL] Updater:308 - Updater called before beeing initialized
2024-05-10 09:08:08,640 [FATAL] Updater:308 - Updater called before beeing initialized
2024-05-10 09:08:08,640 [WARN] DetailPanel:346 - Failed to get advertising image, set to default
2024-05-10 09:08:08,641 [FATAL] Updater:308 - Updater called before beeing initialized
2024-05-10 09:08:08,718 [ERROR] Updater:1120 - MainUpdater not yet initialized. External WinMGr cannot be set.
2024-05-10 09:08:08,730 [INFO] Updater:1056 - Updater Version found : 6.11.1
2024-05-10 09:08:08,748 [INFO] ApplicationProperties:184 - Using Application install path: C:\ST\STM32CubeIDE_1.15.1\STM32CubeIDE\plugins\com.st.stm32cube.common.mx_6.11.1.202404110753
2024-05-10 09:08:10,330 [ERROR] LogOutputStream:75 - [STDERR_REDIRECT] May 10, 2024 9:08:10 AM java.util.prefs.WindowsPreferences <init>
2024-05-10 09:08:10,332 [ERROR] LogOutputStream:75 - [STDERR_REDIRECT] WARNING: Could not open/create prefs root node Software\JavaSoft\Prefs at root 0xffffffff80000002. Windows RegCreateKeyEx(...) returned error code 5.
2024-05-10 09:08:10,333 [ERROR] LogOutputStream:75 - [STDERR_REDIRECT] 
2024-05-10 09:08:10,646 [INFO] ThirdPartyUpdaterWithRetryManager:70 - Updater plugin not ready yet. [3/15]
2024-05-10 09:08:10,940 [INFO] MainUpdater:2873 - connection check result : 10
2024-05-10 09:08:10,941 [INFO] MainUpdater:290 - Updater Check For Update Now.
2024-05-10 09:08:10,941 [INFO] MicroXplorer:498 - Change Database Version : DB.6.0.111
2024-05-10 09:08:10,966 [INFO] McuFinderGlobals:63 - Set McuFinder mode to 2 (CubeIDE integrated)
2024-05-10 09:08:10,989 [INFO] UserAuth:415 - Internet connection configuration mode: 1
2024-05-10 09:08:11,030 [INFO] JxBrowserEngine:152 - Initiate JxBrowser Engine with user profile folder
2024-05-10 09:08:11,178 [INFO] CheckServerUpdateThread:120 - End of CheckServer Thread
2024-05-10 09:08:13,898 [WARN] PackLoader:240 - Cannot read IP mode file for STMicroelectronics.FP-SNS-MOTENVWB1.1.4.0
2024-05-10 09:08:13,923 [WARN] PackLoader:240 - Cannot read IP mode file for STMicroelectronics.X-CUBE-SMBUS.2.1.0
2024-05-10 09:08:13,943 [WARN] PackLoader:240 - Cannot read IP mode file for STMicroelectronics.X-CUBE-TOUCHGFX.4.23.2
2024-05-10 09:08:14,010 [WARN] PackLoader:240 - Cannot read IP mode file for STMicroelectronics.X-CUBE-AZRTOS-F7.1.1.0
2024-05-10 09:08:14,037 [WARN] PackLoader:240 - Cannot read IP mode file for STMicroelectronics.FP-SNS-FLIGHT1.5.0.2
2024-05-10 09:08:14,060 [WARN] PackLoader:240 - Cannot read IP mode file for STMicroelectronics.X-CUBE-DISPLAY.3.0.0
2024-05-10 09:08:14,088 [WARN] PackLoader:240 - Cannot read IP mode file for STMicroelectronics.X-CUBE-BLE1.7.0.0
2024-05-10 09:08:14,111 [WARN] PackLoader:240 - Cannot read IP mode file for emotas.I-CUBE-CANOPEN.1.3.0
2024-05-10 09:08:14,143 [WARN] PackLoader:240 - Cannot read IP mode file for STMicroelectronics.X-CUBE-BLEMGR.3.1.0
2024-05-10 09:08:14,164 [WARN] PackLoader:240 - Cannot read IP mode file for STMicroelectronics.FP-SNS-SMARTAG2.1.2.0
2024-05-10 09:08:14,194 [INFO] LogOutputStream:77 - [STDOUT_REDIRECT] 1 : Invalid condition id : UX_CORESTACK_Condition cause : null
2024-05-10 09:08:14,195 [INFO] LogOutputStream:77 - [STDOUT_REDIRECT] 1 : Invalid condition id : UX_CORESTACK_Condition cause : null
2024-05-10 09:08:14,197 [INFO] LogOutputStream:77 - [STDOUT_REDIRECT] 1 : Invalid condition id : UX_CORESTACK_Condition cause : null
2024-05-10 09:08:14,199 [INFO] LogOutputStream:77 - [STDOUT_REDIRECT] 1 : Invalid condition id : UX_CORESTACK_Condition cause : null
2024-05-10 09:08:14,200 [INFO] LogOutputStream:77 - [STDOUT_REDIRECT] 1 : Invalid condition id : UX_CORESTACK_Condition cause : null
2024-05-10 09:08:14,205 [WARN] PackLoader:240 - Cannot read IP mode file for STMicroelectronics.X-CUBE-AZRTOS-WL.2.0.0
2024-05-10 09:08:14,225 [WARN] PackLoader:240 - Cannot read IP mode file for STMicroelectronics.FP-SNS-MOTENV1.5.0.0
2024-05-10 09:08:14,251 [WARN] PackLoader:240 - Cannot read IP mode file for WES.I-CUBE-Cesium.1.3.0
2024-05-10 09:08:14,267 [WARN] PackLoader:240 - Cannot read IP mode file for STMicroelectronics.X-CUBE-BLE2.3.3.0
2024-05-10 09:08:14,286 [WARN] PackLoader:240 - Cannot read IP mode file for STMicroelectronics.X-CUBE-TCPP.4.1.0
2024-05-10 09:08:14,316 [WARN] PackLoader:240 - Cannot read IP mode file for STMicroelectronics.X-CUBE-ALGOBUILD.1.3.0
2024-05-10 09:08:14,357 [WARN] PackLoader:240 - Cannot read IP mode file for STMicroelectronics.X-CUBE-AZRTOS-G0.1.1.0
2024-05-10 09:08:14,381 [WARN] PackLoader:240 - Cannot read IP mode file for STMicroelectronics.X-CUBE-SAFEA1.1.2.2
2024-05-10 09:08:14,403 [WARN] PackLoader:240 - Cannot read IP mode file for STMicroelectronics.X-CUBE-NFC4.3.0.0
2024-05-10 09:08:14,423 [WARN] PackLoader:240 - Cannot read IP mode file for wolfSSL.I-CUBE-wolfSSL.5.7.0
2024-05-10 09:08:14,439 [WARN] PackLoader:240 - Cannot read IP mode file for STMicroelectronics.FP-ATR-SIGFOX1.3.2.0
2024-05-10 09:08:14,457 [WARN] PackLoader:240 - Cannot read IP mode file for STMicroelectronics.X-CUBE-EEPRMA1.5.1.0
2024-05-10 09:08:14,487 [WARN] PackLoader:240 - Cannot read IP mode file for ITTIA_DB.I-CUBE-ITTIADB.8.9.0
2024-05-10 09:08:14,561 [WARN] PackLoader:240 - Cannot read IP mode file for SEGGER.I-CUBE-embOS.1.3.1
2024-05-10 09:08:14,650 [WARN] PackLoader:240 - Cannot read IP mode file for STMicroelectronics.X-CUBE-GNSS1.6.0.0
2024-05-10 09:08:14,717 [WARN] PackLoader:240 - Cannot read IP mode file for STMicroelectronics.X-CUBE-AZRTOS-F4.1.1.0
2024-05-10 09:08:14,745 [WARN] PackLoader:240 - Cannot read IP mode file for STMicroelectronics.X-CUBE-FREERTOS.1.2.0
2024-05-10 09:08:14,799 [WARN] PackLoader:240 - Cannot read IP mode file for STMicroelectronics.X-CUBE-AZRTOS-L5.2.0.0
2024-05-10 09:08:14,825 [WARN] PackLoader:240 - Cannot read IP mode file for STMicroelectronics.X-CUBE-NFC6.3.1.0
2024-05-10 09:08:14,841 [WARN] PackLoader:240 - Cannot read IP mode file for STMicroelectronics.X-CUBE-AI.9.0.0
2024-05-10 09:08:14,858 [WARN] PackLoader:240 - Cannot read IP mode file for STMicroelectronics.X-CUBE-NFC7.1.0.1
2024-05-10 09:08:14,902 [WARN] ConditionMgr:438 - getConditionDescription Invalid condition id : LAN8742 Phy interface Condition cause : null
2024-05-10 09:08:14,903 [WARN] PackLoader:240 - Cannot read IP mode file for STMicroelectronics.X-CUBE-AZRTOS-L4.2.0.0
2024-05-10 09:08:14,905 [WARN] ConditionMgr:1039 - genDependencies : Invalid condition id : LAN8742 Phy interface Condition cause : null
2024-05-10 09:08:14,906 [WARN] ConditionMgr:1039 - genDependencies : Invalid condition id : LAN8742 Phy interface Condition cause : null
2024-05-10 09:08:14,907 [WARN] ConditionMgr:1039 - genDependencies : Invalid condition id : LAN8742 Phy interface Condition cause : null
2024-05-10 09:08:14,928 [WARN] PackLoader:240 - Cannot read IP mode file for STMicroelectronics.X-CUBE-SFXS2LP1.4.0.0
2024-05-10 09:08:14,959 [WARN] ConditionMgr:438 - getConditionDescription Invalid condition id : UX DEVICE CLASS RTOS Condition cause : null
2024-05-10 09:08:14,959 [WARN] ConditionMgr:438 - getConditionDescription Invalid condition id : UX DEVICE CLASS RTOS Condition cause : null
2024-05-10 09:08:14,962 [WARN] PackLoader:240 - Cannot read IP mode file for STMicroelectronics.X-CUBE-AZRTOS-WB.2.0.0
2024-05-10 09:08:14,962 [WARN] ConditionMgr:1039 - genDependencies : Invalid condition id : UX DEVICE CLASS RTOS Condition cause : null
2024-05-10 09:08:14,962 [WARN] ConditionMgr:1039 - genDependencies : Invalid condition id : UX DEVICE CLASS RTOS Condition cause : null
2024-05-10 09:08:14,963 [WARN] ConditionMgr:1039 - genDependencies : Invalid condition id : UX DEVICE CLASS RTOS Condition cause : null
2024-05-10 09:08:14,963 [WARN] ConditionMgr:1039 - genDependencies : Invalid condition id : UX DEVICE CLASS RTOS Condition cause : null
2024-05-10 09:08:14,963 [WARN] ConditionMgr:1039 - genDependencies : Invalid condition id : UX DEVICE CLASS RTOS Condition cause : null
2024-05-10 09:08:14,991 [WARN] PackLoader:240 - Cannot read IP mode file for STMicroelectronics.X-CUBE-SUBG2.5.0.0
2024-05-10 09:08:15,035 [WARN] PackLoader:240 - Cannot read IP mode file for STMicroelectronics.X-CUBE-AZRTOS-G4.2.0.0
2024-05-10 09:08:15,065 [WARN] PackLoader:240 - Cannot read IP mode file for STMicroelectronics.X-CUBE-ISPU.2.0.0
2024-05-10 09:08:15,136 [WARN] PackLoader:240 - Cannot read IP mode file for STMicroelectronics.X-CUBE-MEMS1.10.0.0
2024-05-10 09:08:15,280 [WARN] PackLoader:240 - Cannot read IP mode file for portGmbH.I-Cube-SoM-uGOAL.1.1.0
2024-05-10 09:08:15,298 [WARN] PackLoader:240 - Cannot read IP mode file for STMicroelectronics.X-CUBE-ALS.1.0.1
2024-05-10 09:08:15,339 [WARN] PackLoader:240 - Cannot read IP mode file for STMicroelectronics.X-CUBE-AZRTOS-H7RS.1.0.0
2024-05-10 09:08:15,356 [WARN] PackLoader:240 - Cannot read IP mode file for STMicroelectronics.FP-ATR-ASTRA1.2.0.0
2024-05-10 09:08:15,376 [WARN] PackLoader:240 - Cannot read IP mode file for STMicroelectronics.X-CUBE-TOF1.3.4.1
2024-05-10 09:08:15,446 [WARN] PackLoader:240 - Cannot read IP mode file for STMicroelectronics.X-CUBE-AZRTOS-H7.3.2.0
2024-05-10 09:08:15,484 [WARN] PackLoader:240 - Cannot read IP mode file for Infineon.AIROC-Wi-Fi-Bluetooth-STM32.1.6.0
2024-05-10 09:08:15,488 [INFO] ThirdParty:978 - Integrity check success = true
2024-05-10 09:08:15,488 [INFO] IntegrityCheckThread:100 - exiting critical section [integrity check]
2024-05-10 09:08:15,488 [INFO] IntegrityCheckThread:103 - End integrity checks thread
2024-05-10 09:08:17,271 [INFO] WebApp:161 - Instantiating new browser for Auth
2024-05-10 09:08:17,792 [INFO] WebApp:779 - Register for checkConnection events
2024-05-10 09:08:17,792 [INFO] WebApp:414 - Apply proxy settings
2024-05-10 09:08:17,792 [INFO] WebApp:499 - Chromium requires no authentication
2024-05-10 09:08:17,800 [INFO] WebApp:442 - Direct internet connection detected
2024-05-10 09:08:17,971 [INFO] WebApp:192 - Starting web application
2024-05-10 09:08:17,971 [INFO] WebApp:544 - Web application path used C:\ST\STM32CubeIDE_1.15.1\STM32CubeIDE\plugins\com.st.stm32cube.common.mx_6.11.1.202404110753\db\plugins\mcufinder\reactClient1\index.html
2024-05-10 10:02:44,231 [ERROR] LogOutputStream:75 - [STDERR_REDIRECT] 
2024-05-10 17:35:39,007 [INFO] Activator:176 - 


2024-05-10 17:35:39,009 [INFO] Activator:177 - !SESSION log4j initialized
2024-05-10 17:35:44,323 [INFO] LogOutputStream:77 - [STDOUT_REDIRECT] 
2024-05-10 17:35:46,411 [INFO] ApplicationProperties:184 - Using Application install path: C:\ST\STM32CubeIDE_1.15.1\STM32CubeIDE\plugins\com.st.stm32cube.common.mx_6.11.1.202404110753
2024-05-10 17:35:46,438 [INFO] DbMcusXml:78 - Set database path to: C:\ST\STM32CubeIDE_1.15.1\STM32CubeIDE\plugins\com.st.stm32cube.common.mx_6.11.1.202404110753\\db\/mcu/
2024-05-10 17:35:46,438 [INFO] ApiDb:274 - Set plugin database path to: C:\ST\STM32CubeIDE_1.15.1\STM32CubeIDE\plugins\com.st.stm32cube.common.mx_6.11.1.202404110753\\db\/plugins/boardmanager/
2024-05-10 17:35:46,439 [WARN] ApiDb:259 - Overriding images path with different value:  => C:\ST\STM32CubeIDE_1.15.1\STM32CubeIDE\plugins\com.st.stm32cube.common.mx_6.11.1.202404110753\\db\/plugins/mcufinder/images/
2024-05-10 17:35:46,448 [INFO] ApiDb:250 - Set database path to: C:\Users\dbank\.stmcufinder\plugins\mcufinder//mcu/
2024-05-10 17:35:46,450 [INFO] DbMcusAds:125 - Set database path to: C:\Users\dbank\.stmcufinder\plugins\mcufinder//mcu/
2024-05-10 17:35:46,452 [INFO] CrossReferenceDbSqlite:203 - Set database path to: C:\Users\dbank\.stmcufinder\plugins\mcufinder//mcu/cs/
2024-05-10 17:35:46,596 [INFO] RulesReader:64 - Compatibility file has been processed (297 Rules)
2024-05-10 17:35:46,769 [INFO] DbMcusXml:78 - Set database path to: C:\ST\STM32CubeIDE_1.15.1\STM32CubeIDE\plugins\com.st.stm32cube.common.mx_6.11.1.202404110753\\db\/mcu/
2024-05-10 17:35:46,769 [INFO] ApiDb:274 - Set plugin database path to: C:\ST\STM32CubeIDE_1.15.1\STM32CubeIDE\plugins\com.st.stm32cube.common.mx_6.11.1.202404110753\\db\/plugins/boardmanager/
2024-05-10 17:35:46,769 [INFO] ApiDb:261 - Set plugin images path to: C:\ST\STM32CubeIDE_1.15.1\STM32CubeIDE\plugins\com.st.stm32cube.common.mx_6.11.1.202404110753\\db\/plugins/mcufinder/images/
2024-05-10 17:35:46,769 [WARN] DbFile:41 - Overriding database path with different value: C:\Users\dbank\.stmcufinder\plugins\mcufinder/ => C:\Users\dbank\.stmcufinder\plugins\mcufinder
2024-05-10 17:35:46,770 [INFO] ApiDb:250 - Set database path to: C:\Users\dbank\.stmcufinder\plugins\mcufinder//mcu/
2024-05-10 17:35:46,770 [WARN] DbFile:41 - Overriding database path with different value: C:\Users\dbank\.stmcufinder\plugins\mcufinder/ => C:\Users\dbank\.stmcufinder\plugins\mcufinder
2024-05-10 17:35:46,770 [INFO] DbMcusAds:125 - Set database path to: C:\Users\dbank\.stmcufinder\plugins\mcufinder//mcu/
2024-05-10 17:35:46,770 [WARN] DbFile:41 - Overriding database path with different value: C:\Users\dbank\.stmcufinder\plugins\mcufinder/ => C:\Users\dbank\.stmcufinder\plugins\mcufinder
2024-05-10 17:35:46,770 [WARN] DbFile:41 - Overriding database path with different value: C:\Users\dbank\.stmcufinder\plugins\mcufinder/ => C:\Users\dbank\.stmcufinder\plugins\mcufinder
2024-05-10 17:35:46,771 [INFO] CrossReferenceDbSqlite:203 - Set database path to: C:\Users\dbank\.stmcufinder\plugins\mcufinder//mcu/cs/
2024-05-10 17:35:46,891 [INFO] MainPanel:264 - HeapMemory: 268435456
2024-05-10 17:35:47,042 [INFO] DbMcusXml:78 - Set database path to: C:\ST\STM32CubeIDE_1.15.1\STM32CubeIDE\plugins\com.st.stm32cube.common.mx_6.11.1.202404110753\\db\/mcu/
2024-05-10 17:35:47,043 [INFO] ApiDb:274 - Set plugin database path to: C:\ST\STM32CubeIDE_1.15.1\STM32CubeIDE\plugins\com.st.stm32cube.common.mx_6.11.1.202404110753\\db\/plugins/boardmanager/
2024-05-10 17:35:47,043 [INFO] ApiDb:261 - Set plugin images path to: C:\ST\STM32CubeIDE_1.15.1\STM32CubeIDE\plugins\com.st.stm32cube.common.mx_6.11.1.202404110753\\db\/plugins/mcufinder/images/
2024-05-10 17:35:47,044 [WARN] DbFile:41 - Overriding database path with different value: C:\Users\dbank\.stmcufinder\plugins\mcufinder/ => C:\Users\dbank\.stmcufinder\plugins\mcufinder
2024-05-10 17:35:47,044 [INFO] ApiDb:250 - Set database path to: C:\Users\dbank\.stmcufinder\plugins\mcufinder//mcu/
2024-05-10 17:35:47,044 [WARN] DbFile:41 - Overriding database path with different value: C:\Users\dbank\.stmcufinder\plugins\mcufinder/ => C:\Users\dbank\.stmcufinder\plugins\mcufinder
2024-05-10 17:35:47,044 [INFO] DbMcusAds:125 - Set database path to: C:\Users\dbank\.stmcufinder\plugins\mcufinder//mcu/
2024-05-10 17:35:47,044 [WARN] DbFile:41 - Overriding database path with different value: C:\Users\dbank\.stmcufinder\plugins\mcufinder/ => C:\Users\dbank\.stmcufinder\plugins\mcufinder
2024-05-10 17:35:47,044 [WARN] DbFile:41 - Overriding database path with different value: C:\Users\dbank\.stmcufinder\plugins\mcufinder/ => C:\Users\dbank\.stmcufinder\plugins\mcufinder
2024-05-10 17:35:47,044 [INFO] CrossReferenceDbSqlite:203 - Set database path to: C:\Users\dbank\.stmcufinder\plugins\mcufinder//mcu/cs/
2024-05-10 17:35:47,087 [INFO] ApplicationProperties:184 - Using Application install path: C:\ST\STM32CubeIDE_1.15.1\STM32CubeIDE\plugins\com.st.stm32cube.common.mx_6.11.1.202404110753
2024-05-10 17:35:47,090 [INFO] PluginManage:196 - Search for loadable plugins [exclusion list=, ]
2024-05-10 17:35:47,090 [INFO] PluginManage:310 - Check plugin analytics
2024-05-10 17:35:47,418 [INFO] AnalyticsPlugin:253 - Accepted Software Licenses: STM32CubeMX.6.11.1
2024-05-10 17:35:47,418 [INFO] AnalyticsPlugin:255 - Accepted CMSIS Pack Licenses: 
2024-05-10 17:35:47,419 [INFO] AnalyticsPlugin:257 - Accepted Firmware Licenses: FW.H7.1.11.0,FW.H7.1.10.0,FW.L4.1.18.0
2024-05-10 17:35:47,423 [INFO] PluginManage:359 - Loaded plugin analytics (category:tool,tabindex:-1)
2024-05-10 17:35:47,423 [INFO] PluginManage:310 - Check plugin cadmodel
2024-05-10 17:35:47,429 [INFO] CADModel:105 - Init CAD model plugin
2024-05-10 17:35:47,429 [INFO] PluginManage:359 - Loaded plugin cadmodel (category:power,tabindex:5)
2024-05-10 17:35:47,431 [INFO] PluginManage:310 - Check plugin clock
2024-05-10 17:35:47,447 [INFO] PluginManage:359 - Loaded plugin clock (category:base,tabindex:2)
2024-05-10 17:35:47,447 [INFO] PluginManage:310 - Check plugin ddr
2024-05-10 17:35:47,454 [INFO] PluginManage:359 - Loaded plugin ddr (category:tool,tabindex:6)
2024-05-10 17:35:47,454 [INFO] PluginManage:310 - Check plugin filemanager
2024-05-10 17:35:47,770 [INFO] PluginManage:359 - Loaded plugin filemanager (category:base,tabindex:10)
2024-05-10 17:35:47,770 [INFO] PluginManage:310 - Check plugin ipmanager
2024-05-10 17:35:47,790 [INFO] PluginManage:359 - Loaded plugin ipmanager (category:base,tabindex:5)
2024-05-10 17:35:47,790 [INFO] PluginManage:310 - Check plugin lpbam
2024-05-10 17:35:47,800 [INFO] PluginManage:359 - Loaded plugin lpbam (category:base,tabindex:0)
2024-05-10 17:35:47,800 [INFO] PluginManage:310 - Check plugin memorymap
2024-05-10 17:35:47,846 [INFO] PluginManage:359 - Loaded plugin memorymap (category:base,tabindex:4)
2024-05-10 17:35:47,847 [INFO] PluginManage:310 - Check plugin pinoutandconfiguration
2024-05-10 17:35:47,864 [INFO] PluginManage:359 - Loaded plugin pinoutandconfiguration (category:base,tabindex:1)
2024-05-10 17:35:47,865 [INFO] PluginManage:310 - Check plugin pinoutconfig
2024-05-10 17:35:48,051 [WARN] SupportedApi:132 - Cannot load RTOS API schema: s4s-elt-must-match.1: The content of 'definitions' must match (annotation?, (simpleType | complexType)?, (unique | key | keyref)*)). A problem was found starting at: attribute.
2024-05-10 17:35:48,274 [INFO] PluginManage:359 - Loaded plugin pinoutconfig (category:base,tabindex:0)
2024-05-10 17:35:48,274 [INFO] PluginManage:310 - Check plugin power
2024-05-10 17:35:48,320 [INFO] PluginManage:359 - Loaded plugin power (category:power,tabindex:4)
2024-05-10 17:35:48,320 [INFO] PluginManage:310 - Check plugin projectmanager
2024-05-10 17:35:48,356 [INFO] PluginManage:359 - Loaded plugin projectmanager (category:projectmanager,tabindex:3)
2024-05-10 17:35:48,356 [INFO] PluginManage:310 - Check plugin thirdparty
2024-05-10 17:35:48,552 [WARN] IntegrityCheckThread:84 - waiting for thirdparty lock release [integrity check]
2024-05-10 17:35:48,553 [INFO] IntegrityCheckThread:86 - entering critical section [integrity check]
2024-05-10 17:35:48,553 [INFO] PluginManage:359 - Loaded plugin thirdparty (category:base,tabindex:-1)
2024-05-10 17:35:48,553 [INFO] PluginManage:310 - Check plugin tools
2024-05-10 17:35:48,553 [INFO] ThirdPartyUpdaterWithRetryManager:70 - Updater plugin not ready yet. [1/15]
2024-05-10 17:35:48,558 [INFO] PluginManage:359 - Loaded plugin tools (category:base,tabindex:7)
2024-05-10 17:35:48,558 [INFO] PluginManage:310 - Check plugin tutovideos
2024-05-10 17:35:48,897 [INFO] PluginManage:359 - Loaded plugin tutovideos (category:base,tabindex:-1)
2024-05-10 17:35:48,897 [INFO] PluginManage:310 - Check plugin updater
2024-05-10 17:35:48,905 [INFO] PluginManage:359 - Loaded plugin updater (category:base,tabindex:12)
2024-05-10 17:35:48,905 [INFO] PluginManage:310 - Check plugin userauth
2024-05-10 17:35:48,912 [INFO] UserAuth:114 - Init User Auth plugin
2024-05-10 17:35:48,912 [INFO] PluginManage:359 - Loaded plugin userauth (category:base,tabindex:14)
2024-05-10 17:35:48,913 [INFO] PluginManage:283 - PluginManage : Loaded plugins [17]
2024-05-10 17:35:49,286 [INFO] PinOutPanel:1561 - setPackage(No Configuration,No Configuration)
2024-05-10 17:35:49,419 [INFO] CADModel:165 - CPN selected for project level
2024-05-10 17:35:49,419 [INFO] CADModel:114 - Register for checkConnection events
2024-05-10 17:35:49,444 [INFO] IPUIPlugin:80 - create IPUIPlugin
2024-05-10 17:35:49,444 [INFO] PluginManager:220 - loadIPPluginJar : add adc
2024-05-10 17:35:49,448 [INFO] IPUIPlugin:80 - create IPUIPlugin
2024-05-10 17:35:49,448 [INFO] PluginManager:220 - loadIPPluginJar : add aes
2024-05-10 17:35:49,454 [INFO] IPUIPlugin:80 - create IPUIPlugin
2024-05-10 17:35:49,454 [INFO] PluginManager:220 - loadIPPluginJar : add can
2024-05-10 17:35:49,457 [INFO] IPUIPlugin:80 - create IPUIPlugin
2024-05-10 17:35:49,457 [INFO] PluginManager:220 - loadIPPluginJar : add comp
2024-05-10 17:35:49,462 [INFO] IPUIPlugin:80 - create IPUIPlugin
2024-05-10 17:35:49,462 [INFO] PluginManager:220 - loadIPPluginJar : add cryp
2024-05-10 17:35:49,468 [INFO] IPUIPlugin:80 - create IPUIPlugin
2024-05-10 17:35:49,468 [INFO] PluginManager:220 - loadIPPluginJar : add dfsdm
2024-05-10 17:35:49,478 [INFO] IPUIPlugin:80 - create IPUIPlugin
2024-05-10 17:35:49,479 [INFO] PluginManager:220 - loadIPPluginJar : add dma
2024-05-10 17:35:49,482 [INFO] IPUIPlugin:80 - create IPUIPlugin
2024-05-10 17:35:49,482 [INFO] PluginManager:220 - loadIPPluginJar : add dma3
2024-05-10 17:35:49,488 [INFO] IPUIPlugin:80 - create IPUIPlugin
2024-05-10 17:35:49,488 [INFO] PluginManager:220 - loadIPPluginJar : add extmemmanager
2024-05-10 17:35:49,490 [INFO] IPUIPlugin:80 - create IPUIPlugin
2024-05-10 17:35:49,490 [INFO] PluginManager:220 - loadIPPluginJar : add fatfs
2024-05-10 17:35:49,497 [INFO] IPUIPlugin:80 - create IPUIPlugin
2024-05-10 17:35:49,497 [INFO] PluginManager:220 - loadIPPluginJar : add fmc
2024-05-10 17:35:49,504 [INFO] IPUIPlugin:80 - create IPUIPlugin
2024-05-10 17:35:49,505 [INFO] PluginManager:220 - loadIPPluginJar : add freertos
2024-05-10 17:35:49,506 [INFO] IPUIPlugin:80 - create IPUIPlugin
2024-05-10 17:35:49,506 [INFO] PluginManager:220 - loadIPPluginJar : add genericplugin
2024-05-10 17:35:49,510 [INFO] IPUIPlugin:80 - create IPUIPlugin
2024-05-10 17:35:49,510 [INFO] PluginManager:220 - loadIPPluginJar : add gfxmmu
2024-05-10 17:35:49,517 [INFO] IPUIPlugin:80 - create IPUIPlugin
2024-05-10 17:35:49,517 [INFO] PluginManager:220 - loadIPPluginJar : add gic
2024-05-10 17:35:49,522 [INFO] IPUIPlugin:80 - create IPUIPlugin
2024-05-10 17:35:49,522 [INFO] PluginManager:220 - loadIPPluginJar : add gpio
2024-05-10 17:35:49,526 [INFO] IPUIPlugin:80 - create IPUIPlugin
2024-05-10 17:35:49,527 [INFO] PluginManager:220 - loadIPPluginJar : add gtzc
2024-05-10 17:35:49,532 [INFO] IPUIPlugin:80 - create IPUIPlugin
2024-05-10 17:35:49,532 [INFO] PluginManager:220 - loadIPPluginJar : add hash
2024-05-10 17:35:49,537 [INFO] IPUIPlugin:80 - create IPUIPlugin
2024-05-10 17:35:49,537 [INFO] PluginManager:220 - loadIPPluginJar : add i2c
2024-05-10 17:35:49,542 [INFO] IPUIPlugin:80 - create IPUIPlugin
2024-05-10 17:35:49,542 [INFO] PluginManager:220 - loadIPPluginJar : add i2s
2024-05-10 17:35:49,547 [INFO] IPUIPlugin:80 - create IPUIPlugin
2024-05-10 17:35:49,548 [INFO] PluginManager:220 - loadIPPluginJar : add i3c
2024-05-10 17:35:49,552 [INFO] IPUIPlugin:80 - create IPUIPlugin
2024-05-10 17:35:49,553 [INFO] PluginManager:220 - loadIPPluginJar : add ipddr
2024-05-10 17:35:49,563 [INFO] IPUIPlugin:80 - create IPUIPlugin
2024-05-10 17:35:49,564 [INFO] PluginManager:220 - loadIPPluginJar : add linkedlist
2024-05-10 17:35:49,567 [INFO] IPUIPlugin:80 - create IPUIPlugin
2024-05-10 17:35:49,567 [INFO] PluginManager:220 - loadIPPluginJar : add lorawan
2024-05-10 17:35:49,569 [INFO] IPUIPlugin:80 - create IPUIPlugin
2024-05-10 17:35:49,570 [INFO] PluginManager:220 - loadIPPluginJar : add ltdc
2024-05-10 17:35:49,577 [INFO] IPUIPlugin:80 - create IPUIPlugin
2024-05-10 17:35:49,577 [INFO] PluginManager:220 - loadIPPluginJar : add mdma
2024-05-10 17:35:49,581 [INFO] IPUIPlugin:80 - create IPUIPlugin
2024-05-10 17:35:49,581 [INFO] PluginManager:220 - loadIPPluginJar : add nvic
2024-05-10 17:35:49,584 [INFO] IPUIPlugin:80 - create IPUIPlugin
2024-05-10 17:35:49,585 [INFO] PluginManager:220 - loadIPPluginJar : add opamp
2024-05-10 17:35:49,589 [INFO] IPUIPlugin:80 - create IPUIPlugin
2024-05-10 17:35:49,589 [INFO] PluginManager:220 - loadIPPluginJar : add openamp
2024-05-10 17:35:49,593 [INFO] IPUIPlugin:80 - create IPUIPlugin
2024-05-10 17:35:49,594 [INFO] PluginManager:220 - loadIPPluginJar : add pdm2pcm
2024-05-10 17:35:49,602 [INFO] IPUIPlugin:80 - create IPUIPlugin
2024-05-10 17:35:49,604 [INFO] PluginManager:220 - loadIPPluginJar : add plateformsettings
2024-05-10 17:35:49,608 [INFO] IPUIPlugin:80 - create IPUIPlugin
2024-05-10 17:35:49,608 [INFO] PluginManager:220 - loadIPPluginJar : add quadspi
2024-05-10 17:35:49,613 [INFO] IPUIPlugin:80 - create IPUIPlugin
2024-05-10 17:35:49,613 [INFO] PluginManager:220 - loadIPPluginJar : add resmgrutility
2024-05-10 17:35:49,617 [INFO] IPUIPlugin:80 - create IPUIPlugin
2024-05-10 17:35:49,617 [INFO] PluginManager:220 - loadIPPluginJar : add sai
2024-05-10 17:35:49,621 [INFO] IPUIPlugin:80 - create IPUIPlugin
2024-05-10 17:35:49,621 [INFO] PluginManager:220 - loadIPPluginJar : add spi
2024-05-10 17:35:49,628 [INFO] IPUIPlugin:80 - create IPUIPlugin
2024-05-10 17:35:49,628 [INFO] PluginManager:220 - loadIPPluginJar : add stm32_wpan
2024-05-10 17:35:49,631 [INFO] IPUIPlugin:80 - create IPUIPlugin
2024-05-10 17:35:49,631 [INFO] PluginManager:220 - loadIPPluginJar : add tim
2024-05-10 17:35:49,637 [INFO] IPUIPlugin:80 - create IPUIPlugin
2024-05-10 17:35:49,638 [INFO] PluginManager:220 - loadIPPluginJar : add touchsensing
2024-05-10 17:35:49,640 [INFO] IPUIPlugin:80 - create IPUIPlugin
2024-05-10 17:35:49,641 [INFO] PluginManager:220 - loadIPPluginJar : add tracer_emb
2024-05-10 17:35:49,643 [INFO] IPUIPlugin:80 - create IPUIPlugin
2024-05-10 17:35:49,644 [INFO] PluginManager:220 - loadIPPluginJar : add ts
2024-05-10 17:35:49,648 [INFO] IPUIPlugin:80 - create IPUIPlugin
2024-05-10 17:35:49,648 [INFO] PluginManager:220 - loadIPPluginJar : add tsc
2024-05-10 17:35:49,648 [INFO] IPUIPlugin:80 - create IPUIPlugin
2024-05-10 17:35:49,648 [INFO] PluginManager:220 - loadIPPluginJar : add ucpd
2024-05-10 17:35:49,648 [INFO] IPUIPlugin:80 - create IPUIPlugin
2024-05-10 17:35:49,648 [INFO] PluginManager:220 - loadIPPluginJar : add usart
2024-05-10 17:35:49,658 [INFO] IPUIPlugin:80 - create IPUIPlugin
2024-05-10 17:35:49,658 [INFO] PluginManager:220 - loadIPPluginJar : add usbx
2024-05-10 17:35:49,836 [INFO] CADModel:165 - CPN selected for project level
2024-05-10 17:35:49,837 [INFO] CADModel:114 - Register for checkConnection events
2024-05-10 17:35:49,837 [FATAL] Updater:308 - Updater called before beeing initialized
2024-05-10 17:35:49,837 [ERROR] CADModel:125 - Updater not yet initialized, retry later 
2024-05-10 17:35:50,064 [INFO] CADModel:165 - CPN selected for project level
2024-05-10 17:35:50,064 [INFO] CADModel:114 - Register for checkConnection events
2024-05-10 17:35:50,064 [FATAL] Updater:308 - Updater called before beeing initialized
2024-05-10 17:35:50,064 [ERROR] CADModel:125 - Updater not yet initialized, retry later 
2024-05-10 17:35:50,069 [FATAL] Updater:308 - Updater called before beeing initialized
2024-05-10 17:35:50,212 [FATAL] Updater:308 - Updater called before beeing initialized
2024-05-10 17:35:50,232 [INFO] DbMcusAds:53 - JSON generation date=Thu May 02 10:37:29 CEST 2024 (1714639049318)
2024-05-10 17:35:50,232 [FATAL] Updater:308 - Updater called before beeing initialized
2024-05-10 17:35:50,289 [WARN] DetailPanel:346 - Failed to get advertising image, set to default
2024-05-10 17:35:50,416 [FATAL] Updater:308 - Updater called before beeing initialized
2024-05-10 17:35:50,421 [FATAL] Updater:308 - Updater called before beeing initialized
2024-05-10 17:35:50,422 [FATAL] Updater:308 - Updater called before beeing initialized
2024-05-10 17:35:50,422 [WARN] DetailPanel:346 - Failed to get advertising image, set to default
2024-05-10 17:35:50,423 [FATAL] Updater:308 - Updater called before beeing initialized
2024-05-10 17:35:50,497 [ERROR] Updater:1120 - MainUpdater not yet initialized. External WinMGr cannot be set.
2024-05-10 17:35:50,501 [INFO] Updater:1056 - Updater Version found : 6.11.1
2024-05-10 17:35:50,532 [INFO] ApplicationProperties:184 - Using Application install path: C:\ST\STM32CubeIDE_1.15.1\STM32CubeIDE\plugins\com.st.stm32cube.common.mx_6.11.1.202404110753
2024-05-10 17:35:51,556 [INFO] ThirdPartyUpdaterWithRetryManager:70 - Updater plugin not ready yet. [2/15]
2024-05-10 17:35:52,124 [ERROR] LogOutputStream:75 - [STDERR_REDIRECT] May 10, 2024 5:35:52 PM java.util.prefs.WindowsPreferences <init>
2024-05-10 17:35:52,124 [ERROR] LogOutputStream:75 - [STDERR_REDIRECT] WARNING: Could not open/create prefs root node Software\JavaSoft\Prefs at root 0xffffffff80000002. Windows RegCreateKeyEx(...) returned error code 5.
2024-05-10 17:35:52,124 [ERROR] LogOutputStream:75 - [STDERR_REDIRECT] 
2024-05-10 17:35:52,606 [INFO] MainUpdater:2873 - connection check result : 10
2024-05-10 17:35:52,607 [INFO] MainUpdater:290 - Updater Check For Update Now.
2024-05-10 17:35:52,607 [INFO] MicroXplorer:498 - Change Database Version : DB.6.0.111
2024-05-10 17:35:52,624 [INFO] McuFinderGlobals:63 - Set McuFinder mode to 2 (CubeIDE integrated)
2024-05-10 17:35:52,636 [INFO] UserAuth:415 - Internet connection configuration mode: 1
2024-05-10 17:35:52,681 [INFO] JxBrowserEngine:152 - Initiate JxBrowser Engine with user profile folder
2024-05-10 17:35:52,834 [INFO] CheckServerUpdateThread:120 - End of CheckServer Thread
2024-05-10 17:35:54,520 [INFO] WebApp:161 - Instantiating new browser for Auth
2024-05-10 17:35:54,876 [WARN] PackLoader:240 - Cannot read IP mode file for STMicroelectronics.FP-SNS-MOTENVWB1.1.4.0
2024-05-10 17:35:54,892 [WARN] PackLoader:240 - Cannot read IP mode file for STMicroelectronics.X-CUBE-SMBUS.2.1.0
2024-05-10 17:35:54,907 [WARN] PackLoader:240 - Cannot read IP mode file for STMicroelectronics.X-CUBE-TOUCHGFX.4.23.2
2024-05-10 17:35:54,973 [WARN] PackLoader:240 - Cannot read IP mode file for STMicroelectronics.X-CUBE-AZRTOS-F7.1.1.0
2024-05-10 17:35:54,983 [WARN] PackLoader:240 - Cannot read IP mode file for STMicroelectronics.FP-SNS-FLIGHT1.5.0.2
2024-05-10 17:35:54,999 [WARN] PackLoader:240 - Cannot read IP mode file for STMicroelectronics.X-CUBE-DISPLAY.3.0.0
2024-05-10 17:35:55,019 [WARN] PackLoader:240 - Cannot read IP mode file for STMicroelectronics.X-CUBE-BLE1.7.0.0
2024-05-10 17:35:55,031 [WARN] PackLoader:240 - Cannot read IP mode file for emotas.I-CUBE-CANOPEN.1.3.0
2024-05-10 17:35:55,063 [WARN] PackLoader:240 - Cannot read IP mode file for STMicroelectronics.X-CUBE-BLEMGR.3.1.0
2024-05-10 17:35:55,069 [WARN] PackLoader:240 - Cannot read IP mode file for STMicroelectronics.FP-SNS-SMARTAG2.1.2.0
2024-05-10 17:35:55,089 [INFO] LogOutputStream:77 - [STDOUT_REDIRECT] 1 : Invalid condition id : UX_CORESTACK_Condition cause : null
2024-05-10 17:35:55,089 [INFO] LogOutputStream:77 - [STDOUT_REDIRECT] 1 : Invalid condition id : UX_CORESTACK_Condition cause : null
2024-05-10 17:35:55,095 [INFO] LogOutputStream:77 - [STDOUT_REDIRECT] 1 : Invalid condition id : UX_CORESTACK_Condition cause : null
2024-05-10 17:35:55,095 [INFO] LogOutputStream:77 - [STDOUT_REDIRECT] 1 : Invalid condition id : UX_CORESTACK_Condition cause : null
2024-05-10 17:35:55,100 [INFO] LogOutputStream:77 - [STDOUT_REDIRECT] 1 : Invalid condition id : UX_CORESTACK_Condition cause : null
2024-05-10 17:35:55,100 [WARN] PackLoader:240 - Cannot read IP mode file for STMicroelectronics.X-CUBE-AZRTOS-WL.2.0.0
2024-05-10 17:35:55,120 [WARN] PackLoader:240 - Cannot read IP mode file for STMicroelectronics.FP-SNS-MOTENV1.5.0.0
2024-05-10 17:35:55,140 [WARN] PackLoader:240 - Cannot read IP mode file for WES.I-CUBE-Cesium.1.3.0
2024-05-10 17:35:55,143 [WARN] PackLoader:240 - Cannot read IP mode file for STMicroelectronics.X-CUBE-BLE2.3.3.0
2024-05-10 17:35:55,159 [WARN] PackLoader:240 - Cannot read IP mode file for STMicroelectronics.X-CUBE-TCPP.4.1.0
2024-05-10 17:35:55,180 [WARN] PackLoader:240 - Cannot read IP mode file for STMicroelectronics.X-CUBE-ALGOBUILD.1.3.0
2024-05-10 17:35:55,222 [WARN] PackLoader:240 - Cannot read IP mode file for STMicroelectronics.X-CUBE-AZRTOS-G0.1.1.0
2024-05-10 17:35:55,242 [WARN] PackLoader:240 - Cannot read IP mode file for STMicroelectronics.X-CUBE-SAFEA1.1.2.2
2024-05-10 17:35:55,253 [WARN] PackLoader:240 - Cannot read IP mode file for STMicroelectronics.X-CUBE-NFC4.3.0.0
2024-05-10 17:35:55,262 [WARN] PackLoader:240 - Cannot read IP mode file for wolfSSL.I-CUBE-wolfSSL.5.7.0
2024-05-10 17:35:55,272 [WARN] PackLoader:240 - Cannot read IP mode file for STMicroelectronics.FP-ATR-SIGFOX1.3.2.0
2024-05-10 17:35:55,286 [WARN] PackLoader:240 - Cannot read IP mode file for STMicroelectronics.X-CUBE-EEPRMA1.5.1.0
2024-05-10 17:35:55,298 [WARN] PackLoader:240 - Cannot read IP mode file for ITTIA_DB.I-CUBE-ITTIADB.8.9.0
2024-05-10 17:35:55,365 [WARN] PackLoader:240 - Cannot read IP mode file for SEGGER.I-CUBE-embOS.1.3.1
2024-05-10 17:35:55,431 [WARN] PackLoader:240 - Cannot read IP mode file for STMicroelectronics.X-CUBE-GNSS1.6.0.0
2024-05-10 17:35:55,469 [WARN] PackLoader:240 - Cannot read IP mode file for STMicroelectronics.X-CUBE-AZRTOS-F4.1.1.0
2024-05-10 17:35:55,483 [WARN] PackLoader:240 - Cannot read IP mode file for STMicroelectronics.X-CUBE-FREERTOS.1.2.0
2024-05-10 17:35:55,511 [WARN] PackLoader:240 - Cannot read IP mode file for STMicroelectronics.X-CUBE-AZRTOS-L5.2.0.0
2024-05-10 17:35:55,529 [WARN] PackLoader:240 - Cannot read IP mode file for STMicroelectronics.X-CUBE-NFC6.3.1.0
2024-05-10 17:35:55,537 [WARN] PackLoader:240 - Cannot read IP mode file for STMicroelectronics.X-CUBE-AI.9.0.0
2024-05-10 17:35:55,550 [WARN] PackLoader:240 - Cannot read IP mode file for STMicroelectronics.X-CUBE-NFC7.1.0.1
2024-05-10 17:35:55,582 [WARN] ConditionMgr:438 - getConditionDescription Invalid condition id : LAN8742 Phy interface Condition cause : null
2024-05-10 17:35:55,582 [WARN] PackLoader:240 - Cannot read IP mode file for STMicroelectronics.X-CUBE-AZRTOS-L4.2.0.0
2024-05-10 17:35:55,588 [WARN] ConditionMgr:1039 - genDependencies : Invalid condition id : LAN8742 Phy interface Condition cause : null
2024-05-10 17:35:55,588 [WARN] ConditionMgr:1039 - genDependencies : Invalid condition id : LAN8742 Phy interface Condition cause : null
2024-05-10 17:35:55,588 [WARN] ConditionMgr:1039 - genDependencies : Invalid condition id : LAN8742 Phy interface Condition cause : null
2024-05-10 17:35:55,615 [WARN] PackLoader:240 - Cannot read IP mode file for STMicroelectronics.X-CUBE-SFXS2LP1.4.0.0
2024-05-10 17:35:55,630 [WARN] ConditionMgr:438 - getConditionDescription Invalid condition id : UX DEVICE CLASS RTOS Condition cause : null
2024-05-10 17:35:55,630 [WARN] ConditionMgr:438 - getConditionDescription Invalid condition id : UX DEVICE CLASS RTOS Condition cause : null
2024-05-10 17:35:55,635 [WARN] PackLoader:240 - Cannot read IP mode file for STMicroelectronics.X-CUBE-AZRTOS-WB.2.0.0
2024-05-10 17:35:55,635 [WARN] ConditionMgr:1039 - genDependencies : Invalid condition id : UX DEVICE CLASS RTOS Condition cause : null
2024-05-10 17:35:55,635 [WARN] ConditionMgr:1039 - genDependencies : Invalid condition id : UX DEVICE CLASS RTOS Condition cause : null
2024-05-10 17:35:55,635 [WARN] ConditionMgr:1039 - genDependencies : Invalid condition id : UX DEVICE CLASS RTOS Condition cause : null
2024-05-10 17:35:55,635 [WARN] ConditionMgr:1039 - genDependencies : Invalid condition id : UX DEVICE CLASS RTOS Condition cause : null
2024-05-10 17:35:55,635 [WARN] ConditionMgr:1039 - genDependencies : Invalid condition id : UX DEVICE CLASS RTOS Condition cause : null
2024-05-10 17:35:55,649 [WARN] PackLoader:240 - Cannot read IP mode file for STMicroelectronics.X-CUBE-SUBG2.5.0.0
2024-05-10 17:35:55,669 [WARN] PackLoader:240 - Cannot read IP mode file for STMicroelectronics.X-CUBE-AZRTOS-G4.2.0.0
2024-05-10 17:35:55,680 [WARN] PackLoader:240 - Cannot read IP mode file for STMicroelectronics.X-CUBE-ISPU.2.0.0
2024-05-10 17:35:55,726 [WARN] PackLoader:240 - Cannot read IP mode file for STMicroelectronics.X-CUBE-MEMS1.10.0.0
2024-05-10 17:35:56,001 [WARN] PackLoader:240 - Cannot read IP mode file for portGmbH.I-Cube-SoM-uGOAL.1.1.0
2024-05-10 17:35:56,014 [WARN] PackLoader:240 - Cannot read IP mode file for STMicroelectronics.X-CUBE-ALS.1.0.1
2024-05-10 17:35:56,023 [INFO] WebApp:779 - Register for checkConnection events
2024-05-10 17:35:56,023 [INFO] WebApp:414 - Apply proxy settings
2024-05-10 17:35:56,023 [INFO] WebApp:499 - Chromium requires no authentication
2024-05-10 17:35:56,043 [INFO] WebApp:442 - Direct internet connection detected
2024-05-10 17:35:56,067 [WARN] PackLoader:240 - Cannot read IP mode file for STMicroelectronics.X-CUBE-AZRTOS-H7RS.1.0.0
2024-05-10 17:35:56,078 [WARN] PackLoader:240 - Cannot read IP mode file for STMicroelectronics.FP-ATR-ASTRA1.2.0.0
2024-05-10 17:35:56,104 [WARN] PackLoader:240 - Cannot read IP mode file for STMicroelectronics.X-CUBE-TOF1.3.4.1
2024-05-10 17:35:56,146 [WARN] PackLoader:240 - Cannot read IP mode file for STMicroelectronics.X-CUBE-AZRTOS-H7.3.2.0
2024-05-10 17:35:56,168 [WARN] PackLoader:240 - Cannot read IP mode file for Infineon.AIROC-Wi-Fi-Bluetooth-STM32.1.6.0
2024-05-10 17:35:56,174 [INFO] ThirdParty:978 - Integrity check success = true
2024-05-10 17:35:56,174 [INFO] IntegrityCheckThread:100 - exiting critical section [integrity check]
2024-05-10 17:35:56,174 [INFO] IntegrityCheckThread:103 - End integrity checks thread
2024-05-10 17:35:56,539 [INFO] WebApp:192 - Starting web application
2024-05-10 17:35:56,539 [INFO] WebApp:544 - Web application path used C:\ST\STM32CubeIDE_1.15.1\STM32CubeIDE\plugins\com.st.stm32cube.common.mx_6.11.1.202404110753\db\plugins\mcufinder\reactClient1\index.html
2024-05-10 18:36:12,195 [ERROR] LogOutputStream:75 - [STDERR_REDIRECT] 
2024-05-10 18:36:12,196 [ERROR] LogOutputStream:75 - [STDERR_REDIRECT] 
