2024-10-09 21:11:23,188 [INFO] Activator:176 - 


2024-10-09 21:11:23,194 [INFO] Activator:177 - !SESSION log4j initialized
2024-10-09 21:11:29,362 [INFO] LogOutputStream:77 - [STDOUT_REDIRECT] 
2024-10-09 21:11:33,150 [INFO] ApplicationProperties:184 - Using Application install path: C:\ST\STM32CubeIDE_1.15.1\STM32CubeIDE\plugins\com.st.stm32cube.common.mx_6.11.1.202404110753
2024-10-09 21:11:33,198 [INFO] DbMcusXml:78 - Set database path to: C:\ST\STM32CubeIDE_1.15.1\STM32CubeIDE\plugins\com.st.stm32cube.common.mx_6.11.1.202404110753\\db\/mcu/
2024-10-09 21:11:33,199 [INFO] ApiDb:274 - Set plugin database path to: C:\ST\STM32CubeIDE_1.15.1\STM32CubeIDE\plugins\com.st.stm32cube.common.mx_6.11.1.202404110753\\db\/plugins/boardmanager/
2024-10-09 21:11:33,200 [WARN] ApiDb:259 - Overriding images path with different value:  => C:\ST\STM32CubeIDE_1.15.1\STM32CubeIDE\plugins\com.st.stm32cube.common.mx_6.11.1.202404110753\\db\/plugins/mcufinder/images/
2024-10-09 21:11:33,226 [INFO] ApiDb:250 - Set database path to: C:\Users\dbank\.stmcufinder\plugins\mcufinder//mcu/
2024-10-09 21:11:33,228 [INFO] DbMcusAds:125 - Set database path to: C:\Users\dbank\.stmcufinder\plugins\mcufinder//mcu/
2024-10-09 21:11:33,234 [INFO] CrossReferenceDbSqlite:203 - Set database path to: C:\Users\dbank\.stmcufinder\plugins\mcufinder//mcu/cs/
2024-10-09 21:11:33,449 [INFO] RulesReader:64 - Compatibility file has been processed (297 Rules)
2024-10-09 21:11:33,598 [INFO] DbMcusXml:78 - Set database path to: C:\ST\STM32CubeIDE_1.15.1\STM32CubeIDE\plugins\com.st.stm32cube.common.mx_6.11.1.202404110753\\db\/mcu/
2024-10-09 21:11:33,598 [INFO] ApiDb:274 - Set plugin database path to: C:\ST\STM32CubeIDE_1.15.1\STM32CubeIDE\plugins\com.st.stm32cube.common.mx_6.11.1.202404110753\\db\/plugins/boardmanager/
2024-10-09 21:11:33,599 [INFO] ApiDb:261 - Set plugin images path to: C:\ST\STM32CubeIDE_1.15.1\STM32CubeIDE\plugins\com.st.stm32cube.common.mx_6.11.1.202404110753\\db\/plugins/mcufinder/images/
2024-10-09 21:11:33,599 [WARN] DbFile:41 - Overriding database path with different value: C:\Users\dbank\.stmcufinder\plugins\mcufinder/ => C:\Users\dbank\.stmcufinder\plugins\mcufinder
2024-10-09 21:11:33,599 [INFO] ApiDb:250 - Set database path to: C:\Users\dbank\.stmcufinder\plugins\mcufinder//mcu/
2024-10-09 21:11:33,599 [WARN] DbFile:41 - Overriding database path with different value: C:\Users\dbank\.stmcufinder\plugins\mcufinder/ => C:\Users\dbank\.stmcufinder\plugins\mcufinder
2024-10-09 21:11:33,600 [INFO] DbMcusAds:125 - Set database path to: C:\Users\dbank\.stmcufinder\plugins\mcufinder//mcu/
2024-10-09 21:11:33,600 [WARN] DbFile:41 - Overriding database path with different value: C:\Users\dbank\.stmcufinder\plugins\mcufinder/ => C:\Users\dbank\.stmcufinder\plugins\mcufinder
2024-10-09 21:11:33,600 [WARN] DbFile:41 - Overriding database path with different value: C:\Users\dbank\.stmcufinder\plugins\mcufinder/ => C:\Users\dbank\.stmcufinder\plugins\mcufinder
2024-10-09 21:11:33,600 [INFO] CrossReferenceDbSqlite:203 - Set database path to: C:\Users\dbank\.stmcufinder\plugins\mcufinder//mcu/cs/
2024-10-09 21:11:33,719 [INFO] MainPanel:264 - HeapMemory: 268435456
2024-10-09 21:11:33,877 [INFO] DbMcusXml:78 - Set database path to: C:\ST\STM32CubeIDE_1.15.1\STM32CubeIDE\plugins\com.st.stm32cube.common.mx_6.11.1.202404110753\\db\/mcu/
2024-10-09 21:11:33,878 [INFO] ApiDb:274 - Set plugin database path to: C:\ST\STM32CubeIDE_1.15.1\STM32CubeIDE\plugins\com.st.stm32cube.common.mx_6.11.1.202404110753\\db\/plugins/boardmanager/
2024-10-09 21:11:33,878 [INFO] ApiDb:261 - Set plugin images path to: C:\ST\STM32CubeIDE_1.15.1\STM32CubeIDE\plugins\com.st.stm32cube.common.mx_6.11.1.202404110753\\db\/plugins/mcufinder/images/
2024-10-09 21:11:33,878 [WARN] DbFile:41 - Overriding database path with different value: C:\Users\dbank\.stmcufinder\plugins\mcufinder/ => C:\Users\dbank\.stmcufinder\plugins\mcufinder
2024-10-09 21:11:33,878 [INFO] ApiDb:250 - Set database path to: C:\Users\dbank\.stmcufinder\plugins\mcufinder//mcu/
2024-10-09 21:11:33,879 [WARN] DbFile:41 - Overriding database path with different value: C:\Users\dbank\.stmcufinder\plugins\mcufinder/ => C:\Users\dbank\.stmcufinder\plugins\mcufinder
2024-10-09 21:11:33,879 [INFO] DbMcusAds:125 - Set database path to: C:\Users\dbank\.stmcufinder\plugins\mcufinder//mcu/
2024-10-09 21:11:33,879 [WARN] DbFile:41 - Overriding database path with different value: C:\Users\dbank\.stmcufinder\plugins\mcufinder/ => C:\Users\dbank\.stmcufinder\plugins\mcufinder
2024-10-09 21:11:33,879 [WARN] DbFile:41 - Overriding database path with different value: C:\Users\dbank\.stmcufinder\plugins\mcufinder/ => C:\Users\dbank\.stmcufinder\plugins\mcufinder
2024-10-09 21:11:33,879 [INFO] CrossReferenceDbSqlite:203 - Set database path to: C:\Users\dbank\.stmcufinder\plugins\mcufinder//mcu/cs/
2024-10-09 21:11:33,912 [INFO] ApplicationProperties:184 - Using Application install path: C:\ST\STM32CubeIDE_1.15.1\STM32CubeIDE\plugins\com.st.stm32cube.common.mx_6.11.1.202404110753
2024-10-09 21:11:33,914 [INFO] PluginManage:196 - Search for loadable plugins [exclusion list=, ]
2024-10-09 21:11:33,917 [INFO] PluginManage:310 - Check plugin analytics
2024-10-09 21:11:34,321 [INFO] AnalyticsPlugin:253 - Accepted Software Licenses: STM32CubeMX.6.11.1
2024-10-09 21:11:34,321 [INFO] AnalyticsPlugin:255 - Accepted CMSIS Pack Licenses: STMicroelectronics.X-CUBE-AZRTOS-H7.3.3.0
2024-10-09 21:11:34,321 [INFO] AnalyticsPlugin:257 - Accepted Firmware Licenses: FW.H7.1.11.0,FW.H7.1.10.0,FW.L4.1.18.0,FW.F4.1.28.0
2024-10-09 21:11:34,326 [INFO] PluginManage:359 - Loaded plugin analytics (category:tool,tabindex:-1)
2024-10-09 21:11:34,326 [INFO] PluginManage:310 - Check plugin cadmodel
2024-10-09 21:11:34,350 [INFO] CADModel:105 - Init CAD model plugin
2024-10-09 21:11:34,350 [INFO] PluginManage:359 - Loaded plugin cadmodel (category:power,tabindex:5)
2024-10-09 21:11:34,350 [INFO] PluginManage:310 - Check plugin clock
2024-10-09 21:11:34,389 [INFO] PluginManage:359 - Loaded plugin clock (category:base,tabindex:2)
2024-10-09 21:11:34,389 [INFO] PluginManage:310 - Check plugin ddr
2024-10-09 21:11:34,393 [INFO] PluginManage:359 - Loaded plugin ddr (category:tool,tabindex:6)
2024-10-09 21:11:34,393 [INFO] PluginManage:310 - Check plugin filemanager
2024-10-09 21:11:34,624 [INFO] PluginManage:359 - Loaded plugin filemanager (category:base,tabindex:10)
2024-10-09 21:11:34,624 [INFO] PluginManage:310 - Check plugin ipmanager
2024-10-09 21:11:34,635 [INFO] PluginManage:359 - Loaded plugin ipmanager (category:base,tabindex:5)
2024-10-09 21:11:34,635 [INFO] PluginManage:310 - Check plugin lpbam
2024-10-09 21:11:34,661 [INFO] PluginManage:359 - Loaded plugin lpbam (category:base,tabindex:0)
2024-10-09 21:11:34,662 [INFO] PluginManage:310 - Check plugin memorymap
2024-10-09 21:11:34,712 [INFO] PluginManage:359 - Loaded plugin memorymap (category:base,tabindex:4)
2024-10-09 21:11:34,712 [INFO] PluginManage:310 - Check plugin pinoutandconfiguration
2024-10-09 21:11:34,746 [INFO] PluginManage:359 - Loaded plugin pinoutandconfiguration (category:base,tabindex:1)
2024-10-09 21:11:34,747 [INFO] PluginManage:310 - Check plugin pinoutconfig
2024-10-09 21:11:34,906 [WARN] SupportedApi:132 - Cannot load RTOS API schema: s4s-elt-must-match.1: The content of 'definitions' must match (annotation?, (simpleType | complexType)?, (unique | key | keyref)*)). A problem was found starting at: attribute.
2024-10-09 21:11:35,143 [INFO] PluginManage:359 - Loaded plugin pinoutconfig (category:base,tabindex:0)
2024-10-09 21:11:35,143 [INFO] PluginManage:310 - Check plugin power
2024-10-09 21:11:35,172 [INFO] PluginManage:359 - Loaded plugin power (category:power,tabindex:4)
2024-10-09 21:11:35,172 [INFO] PluginManage:310 - Check plugin projectmanager
2024-10-09 21:11:35,200 [INFO] PluginManage:359 - Loaded plugin projectmanager (category:projectmanager,tabindex:3)
2024-10-09 21:11:35,200 [INFO] PluginManage:310 - Check plugin thirdparty
2024-10-09 21:11:35,633 [INFO] PluginManage:359 - Loaded plugin thirdparty (category:base,tabindex:-1)
2024-10-09 21:11:35,633 [WARN] IntegrityCheckThread:84 - waiting for thirdparty lock release [integrity check]
2024-10-09 21:11:35,633 [INFO] PluginManage:310 - Check plugin tools
2024-10-09 21:11:35,633 [INFO] IntegrityCheckThread:86 - entering critical section [integrity check]
2024-10-09 21:11:35,636 [INFO] ThirdPartyUpdaterWithRetryManager:70 - Updater plugin not ready yet. [1/15]
2024-10-09 21:11:35,702 [INFO] PluginManage:359 - Loaded plugin tools (category:base,tabindex:7)
2024-10-09 21:11:35,702 [INFO] PluginManage:310 - Check plugin tutovideos
2024-10-09 21:11:35,995 [INFO] PluginManage:359 - Loaded plugin tutovideos (category:base,tabindex:-1)
2024-10-09 21:11:35,996 [INFO] PluginManage:310 - Check plugin updater
2024-10-09 21:11:36,010 [INFO] PluginManage:359 - Loaded plugin updater (category:base,tabindex:12)
2024-10-09 21:11:36,011 [INFO] PluginManage:310 - Check plugin userauth
2024-10-09 21:11:36,016 [INFO] UserAuth:114 - Init User Auth plugin
2024-10-09 21:11:36,016 [INFO] PluginManage:359 - Loaded plugin userauth (category:base,tabindex:14)
2024-10-09 21:11:36,016 [INFO] PluginManage:283 - PluginManage : Loaded plugins [17]
2024-10-09 21:11:36,327 [INFO] PinOutPanel:1561 - setPackage(No Configuration,No Configuration)
2024-10-09 21:11:36,472 [INFO] CADModel:165 - CPN selected for project level
2024-10-09 21:11:36,472 [INFO] CADModel:114 - Register for checkConnection events
2024-10-09 21:11:36,521 [INFO] IPUIPlugin:80 - create IPUIPlugin
2024-10-09 21:11:36,521 [INFO] PluginManager:220 - loadIPPluginJar : add adc
2024-10-09 21:11:36,596 [INFO] IPUIPlugin:80 - create IPUIPlugin
2024-10-09 21:11:36,596 [INFO] PluginManager:220 - loadIPPluginJar : add aes
2024-10-09 21:11:36,684 [INFO] IPUIPlugin:80 - create IPUIPlugin
2024-10-09 21:11:36,684 [INFO] PluginManager:220 - loadIPPluginJar : add can
2024-10-09 21:11:36,732 [INFO] IPUIPlugin:80 - create IPUIPlugin
2024-10-09 21:11:36,733 [INFO] PluginManager:220 - loadIPPluginJar : add comp
2024-10-09 21:11:36,807 [INFO] IPUIPlugin:80 - create IPUIPlugin
2024-10-09 21:11:36,808 [INFO] PluginManager:220 - loadIPPluginJar : add cryp
2024-10-09 21:11:36,877 [INFO] IPUIPlugin:80 - create IPUIPlugin
2024-10-09 21:11:36,877 [INFO] PluginManager:220 - loadIPPluginJar : add dfsdm
2024-10-09 21:11:36,902 [INFO] IPUIPlugin:80 - create IPUIPlugin
2024-10-09 21:11:36,903 [INFO] PluginManager:220 - loadIPPluginJar : add dma
2024-10-09 21:11:36,999 [INFO] IPUIPlugin:80 - create IPUIPlugin
2024-10-09 21:11:36,999 [INFO] PluginManager:220 - loadIPPluginJar : add dma3
2024-10-09 21:11:37,095 [INFO] IPUIPlugin:80 - create IPUIPlugin
2024-10-09 21:11:37,095 [INFO] PluginManager:220 - loadIPPluginJar : add extmemmanager
2024-10-09 21:11:37,143 [INFO] IPUIPlugin:80 - create IPUIPlugin
2024-10-09 21:11:37,143 [INFO] PluginManager:220 - loadIPPluginJar : add fatfs
2024-10-09 21:11:37,232 [INFO] IPUIPlugin:80 - create IPUIPlugin
2024-10-09 21:11:37,232 [INFO] PluginManager:220 - loadIPPluginJar : add fmc
2024-10-09 21:11:37,255 [INFO] IPUIPlugin:80 - create IPUIPlugin
2024-10-09 21:11:37,256 [INFO] PluginManager:220 - loadIPPluginJar : add freertos
2024-10-09 21:11:37,294 [INFO] IPUIPlugin:80 - create IPUIPlugin
2024-10-09 21:11:37,294 [INFO] PluginManager:220 - loadIPPluginJar : add genericplugin
2024-10-09 21:11:37,482 [INFO] IPUIPlugin:80 - create IPUIPlugin
2024-10-09 21:11:37,482 [INFO] PluginManager:220 - loadIPPluginJar : add gfxmmu
2024-10-09 21:11:37,691 [INFO] IPUIPlugin:80 - create IPUIPlugin
2024-10-09 21:11:37,692 [INFO] PluginManager:220 - loadIPPluginJar : add gic
2024-10-09 21:11:37,716 [INFO] IPUIPlugin:80 - create IPUIPlugin
2024-10-09 21:11:37,716 [INFO] PluginManager:220 - loadIPPluginJar : add gpio
2024-10-09 21:11:37,874 [INFO] IPUIPlugin:80 - create IPUIPlugin
2024-10-09 21:11:37,874 [INFO] PluginManager:220 - loadIPPluginJar : add gtzc
2024-10-09 21:11:37,940 [INFO] IPUIPlugin:80 - create IPUIPlugin
2024-10-09 21:11:37,940 [INFO] PluginManager:220 - loadIPPluginJar : add hash
2024-10-09 21:11:38,036 [INFO] IPUIPlugin:80 - create IPUIPlugin
2024-10-09 21:11:38,036 [INFO] PluginManager:220 - loadIPPluginJar : add i2c
2024-10-09 21:11:38,118 [INFO] IPUIPlugin:80 - create IPUIPlugin
2024-10-09 21:11:38,118 [INFO] PluginManager:220 - loadIPPluginJar : add i2s
2024-10-09 21:11:38,195 [INFO] IPUIPlugin:80 - create IPUIPlugin
2024-10-09 21:11:38,195 [INFO] PluginManager:220 - loadIPPluginJar : add i3c
2024-10-09 21:11:38,361 [INFO] IPUIPlugin:80 - create IPUIPlugin
2024-10-09 21:11:38,362 [INFO] PluginManager:220 - loadIPPluginJar : add ipddr
2024-10-09 21:11:38,534 [INFO] IPUIPlugin:80 - create IPUIPlugin
2024-10-09 21:11:38,535 [INFO] PluginManager:220 - loadIPPluginJar : add linkedlist
2024-10-09 21:11:38,596 [INFO] IPUIPlugin:80 - create IPUIPlugin
2024-10-09 21:11:38,596 [INFO] PluginManager:220 - loadIPPluginJar : add lorawan
2024-10-09 21:11:38,637 [INFO] ThirdPartyUpdaterWithRetryManager:70 - Updater plugin not ready yet. [2/15]
2024-10-09 21:11:38,656 [INFO] IPUIPlugin:80 - create IPUIPlugin
2024-10-09 21:11:38,656 [INFO] PluginManager:220 - loadIPPluginJar : add ltdc
2024-10-09 21:11:38,674 [INFO] IPUIPlugin:80 - create IPUIPlugin
2024-10-09 21:11:38,674 [INFO] PluginManager:220 - loadIPPluginJar : add mdma
2024-10-09 21:11:38,688 [INFO] IPUIPlugin:80 - create IPUIPlugin
2024-10-09 21:11:38,688 [INFO] PluginManager:220 - loadIPPluginJar : add nvic
2024-10-09 21:11:38,727 [INFO] IPUIPlugin:80 - create IPUIPlugin
2024-10-09 21:11:38,727 [INFO] PluginManager:220 - loadIPPluginJar : add opamp
2024-10-09 21:11:38,789 [INFO] IPUIPlugin:80 - create IPUIPlugin
2024-10-09 21:11:38,789 [INFO] PluginManager:220 - loadIPPluginJar : add openamp
2024-10-09 21:11:38,830 [INFO] IPUIPlugin:80 - create IPUIPlugin
2024-10-09 21:11:38,830 [INFO] PluginManager:220 - loadIPPluginJar : add pdm2pcm
2024-10-09 21:11:38,843 [INFO] IPUIPlugin:80 - create IPUIPlugin
2024-10-09 21:11:38,845 [INFO] PluginManager:220 - loadIPPluginJar : add plateformsettings
2024-10-09 21:11:38,867 [INFO] IPUIPlugin:80 - create IPUIPlugin
2024-10-09 21:11:38,867 [INFO] PluginManager:220 - loadIPPluginJar : add quadspi
2024-10-09 21:11:38,879 [INFO] IPUIPlugin:80 - create IPUIPlugin
2024-10-09 21:11:38,879 [INFO] PluginManager:220 - loadIPPluginJar : add resmgrutility
2024-10-09 21:11:38,928 [INFO] IPUIPlugin:80 - create IPUIPlugin
2024-10-09 21:11:38,928 [INFO] PluginManager:220 - loadIPPluginJar : add sai
2024-10-09 21:11:38,967 [INFO] IPUIPlugin:80 - create IPUIPlugin
2024-10-09 21:11:38,967 [INFO] PluginManager:220 - loadIPPluginJar : add spi
2024-10-09 21:11:39,036 [INFO] IPUIPlugin:80 - create IPUIPlugin
2024-10-09 21:11:39,036 [INFO] PluginManager:220 - loadIPPluginJar : add stm32_wpan
2024-10-09 21:11:39,059 [INFO] IPUIPlugin:80 - create IPUIPlugin
2024-10-09 21:11:39,059 [INFO] PluginManager:220 - loadIPPluginJar : add tim
2024-10-09 21:11:39,119 [INFO] IPUIPlugin:80 - create IPUIPlugin
2024-10-09 21:11:39,120 [INFO] PluginManager:220 - loadIPPluginJar : add touchsensing
2024-10-09 21:11:39,147 [INFO] IPUIPlugin:80 - create IPUIPlugin
2024-10-09 21:11:39,147 [INFO] PluginManager:220 - loadIPPluginJar : add tracer_emb
2024-10-09 21:11:39,171 [INFO] IPUIPlugin:80 - create IPUIPlugin
2024-10-09 21:11:39,172 [INFO] PluginManager:220 - loadIPPluginJar : add ts
2024-10-09 21:11:39,197 [INFO] IPUIPlugin:80 - create IPUIPlugin
2024-10-09 21:11:39,197 [INFO] PluginManager:220 - loadIPPluginJar : add tsc
2024-10-09 21:11:39,227 [INFO] IPUIPlugin:80 - create IPUIPlugin
2024-10-09 21:11:39,227 [INFO] PluginManager:220 - loadIPPluginJar : add ucpd
2024-10-09 21:11:39,298 [INFO] IPUIPlugin:80 - create IPUIPlugin
2024-10-09 21:11:39,298 [INFO] PluginManager:220 - loadIPPluginJar : add usart
2024-10-09 21:11:39,362 [INFO] IPUIPlugin:80 - create IPUIPlugin
2024-10-09 21:11:39,362 [INFO] PluginManager:220 - loadIPPluginJar : add usbx
2024-10-09 21:11:39,505 [INFO] CADModel:165 - CPN selected for project level
2024-10-09 21:11:39,506 [INFO] CADModel:114 - Register for checkConnection events
2024-10-09 21:11:39,506 [FATAL] Updater:308 - Updater called before beeing initialized
2024-10-09 21:11:39,506 [ERROR] CADModel:125 - Updater not yet initialized, retry later 
2024-10-09 21:11:39,649 [INFO] CADModel:165 - CPN selected for project level
2024-10-09 21:11:39,649 [INFO] CADModel:114 - Register for checkConnection events
2024-10-09 21:11:39,649 [FATAL] Updater:308 - Updater called before beeing initialized
2024-10-09 21:11:39,649 [ERROR] CADModel:125 - Updater not yet initialized, retry later 
2024-10-09 21:11:39,652 [FATAL] Updater:308 - Updater called before beeing initialized
2024-10-09 21:11:39,790 [FATAL] Updater:308 - Updater called before beeing initialized
2024-10-09 21:11:39,800 [INFO] DbMcusAds:53 - JSON generation date=Fri Sep 20 15:04:38 CEST 2024 (1726837478367)
2024-10-09 21:11:39,800 [FATAL] Updater:308 - Updater called before beeing initialized
2024-10-09 21:11:39,891 [WARN] DetailPanel:346 - Failed to get advertising image, set to default
2024-10-09 21:11:39,992 [FATAL] Updater:308 - Updater called before beeing initialized
2024-10-09 21:11:39,995 [FATAL] Updater:308 - Updater called before beeing initialized
2024-10-09 21:11:39,996 [FATAL] Updater:308 - Updater called before beeing initialized
2024-10-09 21:11:39,996 [WARN] DetailPanel:346 - Failed to get advertising image, set to default
2024-10-09 21:11:39,997 [FATAL] Updater:308 - Updater called before beeing initialized
2024-10-09 21:11:40,087 [ERROR] Updater:1120 - MainUpdater not yet initialized. External WinMGr cannot be set.
2024-10-09 21:11:40,103 [INFO] Updater:1056 - Updater Version found : 6.11.1
2024-10-09 21:11:40,127 [INFO] ApplicationProperties:184 - Using Application install path: C:\ST\STM32CubeIDE_1.15.1\STM32CubeIDE\plugins\com.st.stm32cube.common.mx_6.11.1.202404110753
2024-10-09 21:11:41,638 [INFO] ThirdPartyUpdaterWithRetryManager:70 - Updater plugin not ready yet. [3/15]
2024-10-09 21:11:41,711 [ERROR] LogOutputStream:75 - [STDERR_REDIRECT] Oct 09, 2024 9:11:41 PM java.util.prefs.WindowsPreferences <init>
2024-10-09 21:11:41,713 [ERROR] LogOutputStream:75 - [STDERR_REDIRECT] WARNING: Could not open/create prefs root node Software\JavaSoft\Prefs at root 0xffffffff80000002. Windows RegCreateKeyEx(...) returned error code 5.
2024-10-09 21:11:41,713 [ERROR] LogOutputStream:75 - [STDERR_REDIRECT] 
2024-10-09 21:11:42,148 [INFO] MainUpdater:2873 - connection check result : 10
2024-10-09 21:11:42,149 [INFO] MainUpdater:290 - Updater Check For Update Now.
2024-10-09 21:11:42,149 [INFO] MicroXplorer:498 - Change Database Version : DB.6.0.111
2024-10-09 21:11:42,171 [INFO] McuFinderGlobals:63 - Set McuFinder mode to 2 (CubeIDE integrated)
2024-10-09 21:11:42,188 [INFO] UserAuth:415 - Internet connection configuration mode: 1
2024-10-09 21:11:42,215 [INFO] JxBrowserEngine:152 - Initiate JxBrowser Engine with user profile folder
2024-10-09 21:11:42,405 [INFO] CheckServerUpdateThread:120 - End of CheckServer Thread
2024-10-09 21:11:44,938 [WARN] PackLoader:240 - Cannot read IP mode file for STMicroelectronics.FP-SNS-MOTENVWB1.1.4.0
2024-10-09 21:11:44,958 [WARN] PackLoader:240 - Cannot read IP mode file for STMicroelectronics.X-CUBE-SMBUS.2.1.0
2024-10-09 21:11:44,993 [WARN] PackLoader:240 - Cannot read IP mode file for STMicroelectronics.X-CUBE-WB05N.1.1.0
2024-10-09 21:11:45,012 [WARN] PackLoader:240 - Cannot read IP mode file for STMicroelectronics.X-CUBE-TOUCHGFX.4.23.2
2024-10-09 21:11:45,057 [WARN] PackLoader:240 - Cannot read IP mode file for STMicroelectronics.X-CUBE-AZRTOS-F7.1.1.0
2024-10-09 21:11:45,159 [WARN] PackLoader:240 - Cannot read IP mode file for STMicroelectronics.X-CUBE-MEMS1.11.0.0
2024-10-09 21:11:45,353 [WARN] PackLoader:240 - Cannot read IP mode file for STMicroelectronics.FP-SNS-FLIGHT1.5.0.2
2024-10-09 21:11:45,378 [WARN] PackLoader:240 - Cannot read IP mode file for STMicroelectronics.X-CUBE-DISPLAY.3.0.0
2024-10-09 21:11:45,407 [WARN] PackLoader:240 - Cannot read IP mode file for STMicroelectronics.X-CUBE-BLE1.7.0.0
2024-10-09 21:11:45,430 [WARN] PackLoader:240 - Cannot read IP mode file for STMicroelectronics.X-CUBE-NFC10.1.0.0
2024-10-09 21:11:45,450 [WARN] PackLoader:240 - Cannot read IP mode file for emotas.I-CUBE-CANOPEN.1.3.0
2024-10-09 21:11:45,473 [WARN] PackLoader:240 - Cannot read IP mode file for STMicroelectronics.X-CUBE-BLEMGR.3.1.0
2024-10-09 21:11:45,496 [WARN] PackLoader:240 - Cannot read IP mode file for STMicroelectronics.FP-SNS-SMARTAG2.1.2.0
2024-10-09 21:11:45,522 [INFO] LogOutputStream:77 - [STDOUT_REDIRECT] 1 : Invalid condition id : UX_CORESTACK_Condition cause : null
2024-10-09 21:11:45,523 [INFO] LogOutputStream:77 - [STDOUT_REDIRECT] 1 : Invalid condition id : UX_CORESTACK_Condition cause : null
2024-10-09 21:11:45,524 [INFO] LogOutputStream:77 - [STDOUT_REDIRECT] 1 : Invalid condition id : UX_CORESTACK_Condition cause : null
2024-10-09 21:11:45,525 [INFO] LogOutputStream:77 - [STDOUT_REDIRECT] 1 : Invalid condition id : UX_CORESTACK_Condition cause : null
2024-10-09 21:11:45,526 [INFO] LogOutputStream:77 - [STDOUT_REDIRECT] 1 : Invalid condition id : UX_CORESTACK_Condition cause : null
2024-10-09 21:11:45,530 [WARN] PackLoader:240 - Cannot read IP mode file for STMicroelectronics.X-CUBE-AZRTOS-WL.2.0.0
2024-10-09 21:11:45,549 [WARN] PackLoader:240 - Cannot read IP mode file for STMicroelectronics.FP-SNS-MOTENV1.5.0.0
2024-10-09 21:11:45,566 [WARN] PackLoader:240 - Cannot read IP mode file for wolfSSL.I-CUBE-wolfMQTT.1.19.0
2024-10-09 21:11:45,587 [WARN] PackLoader:240 - Cannot read IP mode file for WES.I-CUBE-Cesium.1.3.0
2024-10-09 21:11:45,608 [WARN] PackLoader:240 - Cannot read IP mode file for STMicroelectronics.X-CUBE-BLE2.3.3.0
2024-10-09 21:11:45,629 [WARN] PackLoader:240 - Cannot read IP mode file for STMicroelectronics.X-CUBE-NFC9.1.0.0
2024-10-09 21:11:45,650 [WARN] PackLoader:240 - Cannot read IP mode file for STMicroelectronics.X-CUBE-TCPP.4.1.0
2024-10-09 21:11:45,675 [WARN] PackLoader:240 - Cannot read IP mode file for STMicroelectronics.X-CUBE-ALGOBUILD.1.3.0
2024-10-09 21:11:45,708 [WARN] PackLoader:240 - Cannot read IP mode file for STMicroelectronics.X-CUBE-AZRTOS-G0.1.1.0
2024-10-09 21:11:45,732 [WARN] PackLoader:240 - Cannot read IP mode file for STMicroelectronics.X-CUBE-SAFEA1.1.2.2
2024-10-09 21:11:45,750 [WARN] PackLoader:240 - Cannot read IP mode file for STMicroelectronics.X-CUBE-NFC4.3.0.0
2024-10-09 21:11:45,776 [WARN] PackLoader:240 - Cannot read IP mode file for EmbeddedOffice.I-CUBE-FS-RTOS.1.0.1
2024-10-09 21:11:45,777 [ERROR] ConditionMgr:805 - Attr not supported : Dmpu
2024-10-09 21:11:45,777 [ERROR] ConditionMgr:805 - Attr not supported : Dmpu
2024-10-09 21:11:45,777 [ERROR] ConditionMgr:805 - Attr not supported : Dmpu
2024-10-09 21:11:45,777 [ERROR] ConditionMgr:805 - Attr not supported : Dmpu
2024-10-09 21:11:45,777 [ERROR] ConditionMgr:805 - Attr not supported : Dmpu
2024-10-09 21:11:45,777 [ERROR] ConditionMgr:805 - Attr not supported : Dmpu
2024-10-09 21:11:45,777 [ERROR] ConditionMgr:805 - Attr not supported : Dmpu
2024-10-09 21:11:45,777 [ERROR] ConditionMgr:805 - Attr not supported : Dmpu
2024-10-09 21:11:45,777 [ERROR] ConditionMgr:805 - Attr not supported : Dmpu
2024-10-09 21:11:45,777 [ERROR] ConditionMgr:805 - Attr not supported : Dmpu
2024-10-09 21:11:45,777 [ERROR] ConditionMgr:805 - Attr not supported : Dmpu
2024-10-09 21:11:45,777 [ERROR] ConditionMgr:805 - Attr not supported : Dmpu
2024-10-09 21:11:45,777 [ERROR] ConditionMgr:805 - Attr not supported : Dmpu
2024-10-09 21:11:45,777 [ERROR] ConditionMgr:805 - Attr not supported : Dmpu
2024-10-09 21:11:45,777 [ERROR] ConditionMgr:805 - Attr not supported : Dmpu
2024-10-09 21:11:45,777 [ERROR] ConditionMgr:805 - Attr not supported : Dmpu
2024-10-09 21:11:45,778 [ERROR] ConditionMgr:805 - Attr not supported : Dmpu
2024-10-09 21:11:45,778 [ERROR] ConditionMgr:805 - Attr not supported : Dmpu
2024-10-09 21:11:45,778 [ERROR] ConditionMgr:805 - Attr not supported : Dmpu
2024-10-09 21:11:45,778 [ERROR] ConditionMgr:805 - Attr not supported : Dmpu
2024-10-09 21:11:45,778 [ERROR] ConditionMgr:805 - Attr not supported : Dmpu
2024-10-09 21:11:45,778 [ERROR] ConditionMgr:805 - Attr not supported : Dmpu
2024-10-09 21:11:45,778 [ERROR] ConditionMgr:805 - Attr not supported : Dmpu
2024-10-09 21:11:45,778 [ERROR] ConditionMgr:805 - Attr not supported : Dmpu
2024-10-09 21:11:45,778 [ERROR] ConditionMgr:805 - Attr not supported : Dmpu
2024-10-09 21:11:45,778 [ERROR] ConditionMgr:805 - Attr not supported : Dmpu
2024-10-09 21:11:45,778 [ERROR] ConditionMgr:805 - Attr not supported : Dmpu
2024-10-09 21:11:45,778 [ERROR] ConditionMgr:805 - Attr not supported : Dmpu
2024-10-09 21:11:45,778 [ERROR] ConditionMgr:805 - Attr not supported : Dmpu
2024-10-09 21:11:45,779 [ERROR] ConditionMgr:805 - Attr not supported : Dmpu
2024-10-09 21:11:45,779 [ERROR] ConditionMgr:805 - Attr not supported : Dmpu
2024-10-09 21:11:45,779 [ERROR] ConditionMgr:805 - Attr not supported : Dmpu
2024-10-09 21:11:45,779 [ERROR] ConditionMgr:805 - Attr not supported : Dmpu
2024-10-09 21:11:45,779 [ERROR] ConditionMgr:805 - Attr not supported : Dmpu
2024-10-09 21:11:45,779 [ERROR] ConditionMgr:805 - Attr not supported : Dmpu
2024-10-09 21:11:45,779 [ERROR] ConditionMgr:805 - Attr not supported : Dmpu
2024-10-09 21:11:45,779 [ERROR] ConditionMgr:805 - Attr not supported : Dmpu
2024-10-09 21:11:45,780 [ERROR] ConditionMgr:805 - Attr not supported : Dmpu
2024-10-09 21:11:45,780 [ERROR] ConditionMgr:805 - Attr not supported : Dmpu
2024-10-09 21:11:45,780 [ERROR] ConditionMgr:805 - Attr not supported : Dmpu
2024-10-09 21:11:45,780 [ERROR] ConditionMgr:805 - Attr not supported : Dmpu
2024-10-09 21:11:45,780 [ERROR] ConditionMgr:805 - Attr not supported : Dmpu
2024-10-09 21:11:45,780 [ERROR] ConditionMgr:805 - Attr not supported : Dmpu
2024-10-09 21:11:45,780 [ERROR] ConditionMgr:805 - Attr not supported : Dmpu
2024-10-09 21:11:45,780 [ERROR] ConditionMgr:805 - Attr not supported : Dmpu
2024-10-09 21:11:45,780 [ERROR] ConditionMgr:805 - Attr not supported : Dmpu
2024-10-09 21:11:45,780 [ERROR] ConditionMgr:805 - Attr not supported : Dmpu
2024-10-09 21:11:45,781 [ERROR] ConditionMgr:805 - Attr not supported : Dmpu
2024-10-09 21:11:45,781 [ERROR] ConditionMgr:805 - Attr not supported : Dmpu
2024-10-09 21:11:45,781 [ERROR] ConditionMgr:805 - Attr not supported : Dmpu
2024-10-09 21:11:45,781 [ERROR] ConditionMgr:805 - Attr not supported : Dmpu
2024-10-09 21:11:45,781 [ERROR] ConditionMgr:805 - Attr not supported : Dmpu
2024-10-09 21:11:45,781 [ERROR] ConditionMgr:805 - Attr not supported : Dmpu
2024-10-09 21:11:45,781 [ERROR] ConditionMgr:805 - Attr not supported : Dmpu
2024-10-09 21:11:45,781 [ERROR] ConditionMgr:805 - Attr not supported : Dmpu
2024-10-09 21:11:45,781 [ERROR] ConditionMgr:805 - Attr not supported : Dmpu
2024-10-09 21:11:45,781 [ERROR] ConditionMgr:805 - Attr not supported : Dmpu
2024-10-09 21:11:45,781 [ERROR] ConditionMgr:805 - Attr not supported : Dmpu
2024-10-09 21:11:45,781 [ERROR] ConditionMgr:805 - Attr not supported : Dmpu
2024-10-09 21:11:45,781 [ERROR] ConditionMgr:805 - Attr not supported : Dmpu
2024-10-09 21:11:45,781 [ERROR] ConditionMgr:805 - Attr not supported : Dmpu
2024-10-09 21:11:45,781 [ERROR] ConditionMgr:805 - Attr not supported : Dmpu
2024-10-09 21:11:45,781 [ERROR] ConditionMgr:805 - Attr not supported : Dmpu
2024-10-09 21:11:45,781 [ERROR] ConditionMgr:805 - Attr not supported : Dmpu
2024-10-09 21:11:45,800 [WARN] PackLoader:240 - Cannot read IP mode file for RealThread.X-CUBE-RT-Thread_Nano.4.1.1
2024-10-09 21:11:45,817 [WARN] PackLoader:240 - Cannot read IP mode file for wolfSSL.I-CUBE-wolfSSL.5.7.0
2024-10-09 21:11:45,833 [WARN] PackLoader:240 - Cannot read IP mode file for STMicroelectronics.FP-ATR-SIGFOX1.3.2.0
2024-10-09 21:11:45,854 [WARN] PackLoader:240 - Cannot read IP mode file for STMicroelectronics.X-CUBE-EEPRMA1.5.1.0
2024-10-09 21:11:45,874 [WARN] PackLoader:240 - Cannot read IP mode file for ITTIA_DB.I-CUBE-ITTIADB.8.9.0
2024-10-09 21:11:45,910 [WARN] PackLoader:240 - Cannot read IP mode file for SEGGER.I-CUBE-embOS.1.3.1
2024-10-09 21:11:45,961 [WARN] PackLoader:240 - Cannot read IP mode file for STMicroelectronics.X-CUBE-ALGOBUILD.1.4.0
2024-10-09 21:11:45,983 [WARN] PackLoader:240 - Cannot read IP mode file for STMicroelectronics.X-CUBE-AI.9.1.0
2024-10-09 21:11:46,004 [WARN] PackLoader:240 - Cannot read IP mode file for STMicroelectronics.X-CUBE-GNSS1.6.0.0
2024-10-09 21:11:46,038 [WARN] PackLoader:240 - Cannot read IP mode file for STMicroelectronics.X-CUBE-AZRTOS-F4.1.1.0
2024-10-09 21:11:46,060 [WARN] PackLoader:240 - Cannot read IP mode file for STMicroelectronics.X-CUBE-ISPU.2.1.0
2024-10-09 21:11:46,074 [WARN] PackLoader:240 - Cannot read IP mode file for STMicroelectronics.X-CUBE-FREERTOS.1.2.0
2024-10-09 21:11:46,104 [WARN] PackLoader:240 - Cannot read IP mode file for STMicroelectronics.X-CUBE-AZRTOS-L5.2.0.0
2024-10-09 21:11:46,127 [WARN] PackLoader:240 - Cannot read IP mode file for STMicroelectronics.X-CUBE-NFC6.3.1.0
2024-10-09 21:11:46,147 [WARN] PackLoader:240 - Cannot read IP mode file for STMicroelectronics.X-CUBE-DPower.1.2.0
2024-10-09 21:11:46,163 [WARN] PackLoader:240 - Cannot read IP mode file for STMicroelectronics.X-CUBE-AI.9.0.0
2024-10-09 21:11:46,181 [WARN] PackLoader:240 - Cannot read IP mode file for STMicroelectronics.X-CUBE-NFC7.1.0.1
2024-10-09 21:11:46,197 [WARN] PackLoader:240 - Cannot read IP mode file for wolfSSL.I-CUBE-wolfTPM.3.2.0
2024-10-09 21:11:46,227 [WARN] ConditionMgr:438 - getConditionDescription Invalid condition id : LAN8742 Phy interface Condition cause : null
2024-10-09 21:11:46,228 [WARN] PackLoader:240 - Cannot read IP mode file for STMicroelectronics.X-CUBE-AZRTOS-L4.2.0.0
2024-10-09 21:11:46,229 [WARN] ConditionMgr:1039 - genDependencies : Invalid condition id : LAN8742 Phy interface Condition cause : null
2024-10-09 21:11:46,229 [WARN] ConditionMgr:1039 - genDependencies : Invalid condition id : LAN8742 Phy interface Condition cause : null
2024-10-09 21:11:46,230 [WARN] ConditionMgr:1039 - genDependencies : Invalid condition id : LAN8742 Phy interface Condition cause : null
2024-10-09 21:11:46,253 [WARN] PackLoader:240 - Cannot read IP mode file for STMicroelectronics.X-CUBE-SFXS2LP1.4.0.0
2024-10-09 21:11:46,294 [WARN] PackLoader:240 - Cannot read IP mode file for STMicroelectronics.X-CUBE-AZRTOS-H7.3.3.0
2024-10-09 21:11:46,546 [WARN] PackLoader:240 - Cannot read IP mode file for STMicroelectronics.X-CUBE-IPS.3.0.0
2024-10-09 21:11:46,576 [WARN] ConditionMgr:438 - getConditionDescription Invalid condition id : UX DEVICE CLASS RTOS Condition cause : null
2024-10-09 21:11:46,576 [WARN] ConditionMgr:438 - getConditionDescription Invalid condition id : UX DEVICE CLASS RTOS Condition cause : null
2024-10-09 21:11:46,578 [WARN] PackLoader:240 - Cannot read IP mode file for STMicroelectronics.X-CUBE-AZRTOS-WB.2.0.0
2024-10-09 21:11:46,578 [WARN] ConditionMgr:1039 - genDependencies : Invalid condition id : UX DEVICE CLASS RTOS Condition cause : null
2024-10-09 21:11:46,578 [WARN] ConditionMgr:1039 - genDependencies : Invalid condition id : UX DEVICE CLASS RTOS Condition cause : null
2024-10-09 21:11:46,579 [WARN] ConditionMgr:1039 - genDependencies : Invalid condition id : UX DEVICE CLASS RTOS Condition cause : null
2024-10-09 21:11:46,579 [WARN] ConditionMgr:1039 - genDependencies : Invalid condition id : UX DEVICE CLASS RTOS Condition cause : null
2024-10-09 21:11:46,579 [WARN] ConditionMgr:1039 - genDependencies : Invalid condition id : UX DEVICE CLASS RTOS Condition cause : null
2024-10-09 21:11:46,602 [WARN] PackLoader:240 - Cannot read IP mode file for STMicroelectronics.X-CUBE-GNSS1.7.0.0
2024-10-09 21:11:46,620 [WARN] PackLoader:240 - Cannot read IP mode file for STMicroelectronics.FP-SNS-STBOX1.2.0.0
2024-10-09 21:11:46,638 [WARN] PackLoader:240 - Cannot read IP mode file for STMicroelectronics.X-CUBE-SUBG2.5.0.0
2024-10-09 21:11:46,667 [WARN] PackLoader:240 - Cannot read IP mode file for STMicroelectronics.X-CUBE-AZRTOS-G4.2.0.0
2024-10-09 21:11:46,679 [WARN] PackLoader:240 - Cannot read IP mode file for STMicroelectronics.X-CUBE-ISPU.2.0.0
2024-10-09 21:11:46,695 [WARN] PackLoader:240 - Cannot read IP mode file for STMicroelectronics.X-CUBE-ALS.1.0.2
2024-10-09 21:11:46,748 [WARN] PackLoader:240 - Cannot read IP mode file for STMicroelectronics.X-CUBE-MEMS1.10.0.0
2024-10-09 21:11:46,832 [WARN] PackLoader:240 - Cannot read IP mode file for STMicroelectronics.X-CUBE-TOUCHGFX.4.24.0
2024-10-09 21:11:46,849 [WARN] PackLoader:240 - Cannot read IP mode file for STMicroelectronics.X-CUBE-TOUCHGFX.4.24.1
2024-10-09 21:11:46,865 [WARN] PackLoader:240 - Cannot read IP mode file for portGmbH.I-Cube-SoM-uGOAL.1.1.0
2024-10-09 21:11:46,880 [WARN] PackLoader:240 - Cannot read IP mode file for STMicroelectronics.X-CUBE-ALS.1.0.1
2024-10-09 21:11:46,909 [WARN] PackLoader:240 - Cannot read IP mode file for STMicroelectronics.X-CUBE-AZRTOS-H7RS.1.0.0
2024-10-09 21:11:46,944 [WARN] PackLoader:240 - Cannot read IP mode file for STMicroelectronics.FP-ATR-ASTRA1.2.0.0
2024-10-09 21:11:46,964 [WARN] PackLoader:240 - Cannot read IP mode file for STMicroelectronics.X-CUBE-TOF1.3.4.2
2024-10-09 21:11:46,991 [WARN] PackLoader:240 - Cannot read IP mode file for STMicroelectronics.X-CUBE-TOF1.3.4.1
2024-10-09 21:11:47,037 [WARN] PackLoader:240 - Cannot read IP mode file for STMicroelectronics.X-CUBE-AZRTOS-H7.3.2.0
2024-10-09 21:11:47,073 [WARN] PackLoader:240 - Cannot read IP mode file for Infineon.AIROC-Wi-Fi-Bluetooth-STM32.1.6.0
2024-10-09 21:11:47,091 [WARN] PackLoader:240 - Cannot read IP mode file for wolfSSL.I-CUBE-wolfSSH.1.4.17
2024-10-09 21:11:47,091 [INFO] ThirdParty:978 - Integrity check success = true
2024-10-09 21:11:47,091 [INFO] IntegrityCheckThread:100 - exiting critical section [integrity check]
2024-10-09 21:11:47,092 [INFO] IntegrityCheckThread:103 - End integrity checks thread
2024-10-09 21:11:50,940 [INFO] WebApp:161 - Instantiating new browser for Auth
2024-10-09 21:11:51,511 [INFO] WebApp:779 - Register for checkConnection events
2024-10-09 21:11:51,511 [INFO] WebApp:414 - Apply proxy settings
2024-10-09 21:11:51,512 [INFO] WebApp:499 - Chromium requires no authentication
2024-10-09 21:11:51,519 [INFO] WebApp:442 - Direct internet connection detected
2024-10-09 21:11:51,687 [INFO] WebApp:192 - Starting web application
2024-10-09 21:11:51,688 [INFO] WebApp:544 - Web application path used C:\ST\STM32CubeIDE_1.15.1\STM32CubeIDE\plugins\com.st.stm32cube.common.mx_6.11.1.202404110753\db\plugins\mcufinder\reactClient1\index.html
2024-10-09 21:51:49,710 [ERROR] LogOutputStream:75 - [STDERR_REDIRECT] 
2024-10-09 21:51:49,711 [ERROR] LogOutputStream:75 - [STDERR_REDIRECT] 
