2025-04-25 22:13:32,047 [INFO] Activator:176 - 


2025-04-25 22:13:32,054 [INFO] Activator:177 - !SESSION log4j initialized
2025-04-25 22:13:38,811 [INFO] LogOutputStream:77 - [STDOUT_REDIRECT] 
2025-04-25 22:13:42,882 [INFO] ApplicationProperties:184 - Using Application install path: C:\ST\STM32CubeIDE_1.15.1\STM32CubeIDE\plugins\com.st.stm32cube.common.mx_6.11.1.202404110753
2025-04-25 22:13:42,922 [INFO] DbMcusXml:78 - Set database path to: C:\ST\STM32CubeIDE_1.15.1\STM32CubeIDE\plugins\com.st.stm32cube.common.mx_6.11.1.202404110753\\db\/mcu/
2025-04-25 22:13:42,924 [INFO] ApiDb:274 - Set plugin database path to: C:\ST\STM32CubeIDE_1.15.1\STM32CubeIDE\plugins\com.st.stm32cube.common.mx_6.11.1.202404110753\\db\/plugins/boardmanager/
2025-04-25 22:13:42,924 [WARN] ApiDb:259 - Overriding images path with different value:  => C:\ST\STM32CubeIDE_1.15.1\STM32CubeIDE\plugins\com.st.stm32cube.common.mx_6.11.1.202404110753\\db\/plugins/mcufinder/images/
2025-04-25 22:13:42,946 [INFO] ApiDb:250 - Set database path to: C:\Users\dbank\.stmcufinder\plugins\mcufinder//mcu/
2025-04-25 22:13:42,949 [INFO] DbMcusAds:125 - Set database path to: C:\Users\dbank\.stmcufinder\plugins\mcufinder//mcu/
2025-04-25 22:13:42,953 [INFO] CrossReferenceDbSqlite:203 - Set database path to: C:\Users\dbank\.stmcufinder\plugins\mcufinder//mcu/cs/
2025-04-25 22:13:43,136 [INFO] RulesReader:64 - Compatibility file has been processed (297 Rules)
2025-04-25 22:13:43,251 [INFO] DbMcusXml:78 - Set database path to: C:\ST\STM32CubeIDE_1.15.1\STM32CubeIDE\plugins\com.st.stm32cube.common.mx_6.11.1.202404110753\\db\/mcu/
2025-04-25 22:13:43,251 [INFO] ApiDb:274 - Set plugin database path to: C:\ST\STM32CubeIDE_1.15.1\STM32CubeIDE\plugins\com.st.stm32cube.common.mx_6.11.1.202404110753\\db\/plugins/boardmanager/
2025-04-25 22:13:43,251 [INFO] ApiDb:261 - Set plugin images path to: C:\ST\STM32CubeIDE_1.15.1\STM32CubeIDE\plugins\com.st.stm32cube.common.mx_6.11.1.202404110753\\db\/plugins/mcufinder/images/
2025-04-25 22:13:43,253 [WARN] DbFile:41 - Overriding database path with different value: C:\Users\dbank\.stmcufinder\plugins\mcufinder/ => C:\Users\dbank\.stmcufinder\plugins\mcufinder
2025-04-25 22:13:43,253 [INFO] ApiDb:250 - Set database path to: C:\Users\dbank\.stmcufinder\plugins\mcufinder//mcu/
2025-04-25 22:13:43,253 [WARN] DbFile:41 - Overriding database path with different value: C:\Users\dbank\.stmcufinder\plugins\mcufinder/ => C:\Users\dbank\.stmcufinder\plugins\mcufinder
2025-04-25 22:13:43,253 [INFO] DbMcusAds:125 - Set database path to: C:\Users\dbank\.stmcufinder\plugins\mcufinder//mcu/
2025-04-25 22:13:43,253 [WARN] DbFile:41 - Overriding database path with different value: C:\Users\dbank\.stmcufinder\plugins\mcufinder/ => C:\Users\dbank\.stmcufinder\plugins\mcufinder
2025-04-25 22:13:43,253 [WARN] DbFile:41 - Overriding database path with different value: C:\Users\dbank\.stmcufinder\plugins\mcufinder/ => C:\Users\dbank\.stmcufinder\plugins\mcufinder
2025-04-25 22:13:43,253 [INFO] CrossReferenceDbSqlite:203 - Set database path to: C:\Users\dbank\.stmcufinder\plugins\mcufinder//mcu/cs/
2025-04-25 22:13:43,353 [INFO] MainPanel:264 - HeapMemory: 268435456
2025-04-25 22:13:43,506 [INFO] DbMcusXml:78 - Set database path to: C:\ST\STM32CubeIDE_1.15.1\STM32CubeIDE\plugins\com.st.stm32cube.common.mx_6.11.1.202404110753\\db\/mcu/
2025-04-25 22:13:43,506 [INFO] ApiDb:274 - Set plugin database path to: C:\ST\STM32CubeIDE_1.15.1\STM32CubeIDE\plugins\com.st.stm32cube.common.mx_6.11.1.202404110753\\db\/plugins/boardmanager/
2025-04-25 22:13:43,506 [INFO] ApiDb:261 - Set plugin images path to: C:\ST\STM32CubeIDE_1.15.1\STM32CubeIDE\plugins\com.st.stm32cube.common.mx_6.11.1.202404110753\\db\/plugins/mcufinder/images/
2025-04-25 22:13:43,508 [WARN] DbFile:41 - Overriding database path with different value: C:\Users\dbank\.stmcufinder\plugins\mcufinder/ => C:\Users\dbank\.stmcufinder\plugins\mcufinder
2025-04-25 22:13:43,508 [INFO] ApiDb:250 - Set database path to: C:\Users\dbank\.stmcufinder\plugins\mcufinder//mcu/
2025-04-25 22:13:43,509 [WARN] DbFile:41 - Overriding database path with different value: C:\Users\dbank\.stmcufinder\plugins\mcufinder/ => C:\Users\dbank\.stmcufinder\plugins\mcufinder
2025-04-25 22:13:43,509 [INFO] DbMcusAds:125 - Set database path to: C:\Users\dbank\.stmcufinder\plugins\mcufinder//mcu/
2025-04-25 22:13:43,509 [WARN] DbFile:41 - Overriding database path with different value: C:\Users\dbank\.stmcufinder\plugins\mcufinder/ => C:\Users\dbank\.stmcufinder\plugins\mcufinder
2025-04-25 22:13:43,509 [WARN] DbFile:41 - Overriding database path with different value: C:\Users\dbank\.stmcufinder\plugins\mcufinder/ => C:\Users\dbank\.stmcufinder\plugins\mcufinder
2025-04-25 22:13:43,509 [INFO] CrossReferenceDbSqlite:203 - Set database path to: C:\Users\dbank\.stmcufinder\plugins\mcufinder//mcu/cs/
2025-04-25 22:13:43,542 [INFO] ApplicationProperties:184 - Using Application install path: C:\ST\STM32CubeIDE_1.15.1\STM32CubeIDE\plugins\com.st.stm32cube.common.mx_6.11.1.202404110753
2025-04-25 22:13:43,545 [INFO] PluginManage:196 - Search for loadable plugins [exclusion list=, ]
2025-04-25 22:13:43,548 [INFO] PluginManage:310 - Check plugin analytics
2025-04-25 22:13:43,958 [INFO] AnalyticsPlugin:253 - Accepted Software Licenses: STM32CubeMX.6.11.1
2025-04-25 22:13:43,959 [INFO] AnalyticsPlugin:255 - Accepted CMSIS Pack Licenses: STMicroelectronics.X-CUBE-AZRTOS-H7.3.3.0
2025-04-25 22:13:43,959 [INFO] AnalyticsPlugin:257 - Accepted Firmware Licenses: FW.H7.1.11.0,FW.H7.1.10.0,FW.L4.1.18.0,FW.F4.1.28.0
2025-04-25 22:13:43,962 [INFO] PluginManage:359 - Loaded plugin analytics (category:tool,tabindex:-1)
2025-04-25 22:13:43,962 [INFO] PluginManage:310 - Check plugin cadmodel
2025-04-25 22:13:43,995 [INFO] CADModel:105 - Init CAD model plugin
2025-04-25 22:13:43,995 [INFO] PluginManage:359 - Loaded plugin cadmodel (category:power,tabindex:5)
2025-04-25 22:13:43,996 [INFO] PluginManage:310 - Check plugin clock
2025-04-25 22:13:44,039 [INFO] PluginManage:359 - Loaded plugin clock (category:base,tabindex:2)
2025-04-25 22:13:44,040 [INFO] PluginManage:310 - Check plugin ddr
2025-04-25 22:13:44,043 [INFO] PluginManage:359 - Loaded plugin ddr (category:tool,tabindex:6)
2025-04-25 22:13:44,043 [INFO] PluginManage:310 - Check plugin filemanager
2025-04-25 22:13:44,317 [INFO] PluginManage:359 - Loaded plugin filemanager (category:base,tabindex:10)
2025-04-25 22:13:44,317 [INFO] PluginManage:310 - Check plugin ipmanager
2025-04-25 22:13:44,329 [INFO] PluginManage:359 - Loaded plugin ipmanager (category:base,tabindex:5)
2025-04-25 22:13:44,331 [INFO] PluginManage:310 - Check plugin lpbam
2025-04-25 22:13:44,364 [INFO] PluginManage:359 - Loaded plugin lpbam (category:base,tabindex:0)
2025-04-25 22:13:44,364 [INFO] PluginManage:310 - Check plugin memorymap
2025-04-25 22:13:44,412 [INFO] PluginManage:359 - Loaded plugin memorymap (category:base,tabindex:4)
2025-04-25 22:13:44,412 [INFO] PluginManage:310 - Check plugin pinoutandconfiguration
2025-04-25 22:13:44,447 [INFO] PluginManage:359 - Loaded plugin pinoutandconfiguration (category:base,tabindex:1)
2025-04-25 22:13:44,447 [INFO] PluginManage:310 - Check plugin pinoutconfig
2025-04-25 22:13:44,631 [WARN] SupportedApi:132 - Cannot load RTOS API schema: s4s-elt-must-match.1: The content of 'definitions' must match (annotation?, (simpleType | complexType)?, (unique | key | keyref)*)). A problem was found starting at: attribute.
2025-04-25 22:13:44,835 [INFO] PluginManage:359 - Loaded plugin pinoutconfig (category:base,tabindex:0)
2025-04-25 22:13:44,835 [INFO] PluginManage:310 - Check plugin power
2025-04-25 22:13:44,869 [INFO] PluginManage:359 - Loaded plugin power (category:power,tabindex:4)
2025-04-25 22:13:44,869 [INFO] PluginManage:310 - Check plugin projectmanager
2025-04-25 22:13:44,904 [INFO] PluginManage:359 - Loaded plugin projectmanager (category:projectmanager,tabindex:3)
2025-04-25 22:13:44,905 [INFO] PluginManage:310 - Check plugin thirdparty
2025-04-25 22:13:45,524 [WARN] IntegrityCheckThread:84 - waiting for thirdparty lock release [integrity check]
2025-04-25 22:13:45,524 [INFO] PluginManage:359 - Loaded plugin thirdparty (category:base,tabindex:-1)
2025-04-25 22:13:45,524 [INFO] IntegrityCheckThread:86 - entering critical section [integrity check]
2025-04-25 22:13:45,524 [INFO] PluginManage:310 - Check plugin tools
2025-04-25 22:13:45,525 [INFO] ThirdPartyUpdaterWithRetryManager:70 - Updater plugin not ready yet. [1/15]
2025-04-25 22:13:45,598 [INFO] PluginManage:359 - Loaded plugin tools (category:base,tabindex:7)
2025-04-25 22:13:45,598 [INFO] PluginManage:310 - Check plugin tutovideos
2025-04-25 22:13:45,843 [INFO] PluginManage:359 - Loaded plugin tutovideos (category:base,tabindex:-1)
2025-04-25 22:13:45,843 [INFO] PluginManage:310 - Check plugin updater
2025-04-25 22:13:45,857 [INFO] PluginManage:359 - Loaded plugin updater (category:base,tabindex:12)
2025-04-25 22:13:45,857 [INFO] PluginManage:310 - Check plugin userauth
2025-04-25 22:13:45,863 [INFO] UserAuth:114 - Init User Auth plugin
2025-04-25 22:13:45,863 [INFO] PluginManage:359 - Loaded plugin userauth (category:base,tabindex:14)
2025-04-25 22:13:45,863 [INFO] PluginManage:283 - PluginManage : Loaded plugins [17]
2025-04-25 22:13:46,293 [INFO] PinOutPanel:1561 - setPackage(No Configuration,No Configuration)
2025-04-25 22:13:46,469 [INFO] CADModel:165 - CPN selected for project level
2025-04-25 22:13:46,470 [INFO] CADModel:114 - Register for checkConnection events
2025-04-25 22:13:46,521 [INFO] IPUIPlugin:80 - create IPUIPlugin
2025-04-25 22:13:46,521 [INFO] PluginManager:220 - loadIPPluginJar : add adc
2025-04-25 22:13:46,597 [INFO] IPUIPlugin:80 - create IPUIPlugin
2025-04-25 22:13:46,597 [INFO] PluginManager:220 - loadIPPluginJar : add aes
2025-04-25 22:13:46,702 [INFO] IPUIPlugin:80 - create IPUIPlugin
2025-04-25 22:13:46,702 [INFO] PluginManager:220 - loadIPPluginJar : add can
2025-04-25 22:13:46,758 [INFO] IPUIPlugin:80 - create IPUIPlugin
2025-04-25 22:13:46,758 [INFO] PluginManager:220 - loadIPPluginJar : add comp
2025-04-25 22:13:46,859 [INFO] IPUIPlugin:80 - create IPUIPlugin
2025-04-25 22:13:46,859 [INFO] PluginManager:220 - loadIPPluginJar : add cryp
2025-04-25 22:13:46,938 [INFO] IPUIPlugin:80 - create IPUIPlugin
2025-04-25 22:13:46,938 [INFO] PluginManager:220 - loadIPPluginJar : add dfsdm
2025-04-25 22:13:46,968 [INFO] IPUIPlugin:80 - create IPUIPlugin
2025-04-25 22:13:46,968 [INFO] PluginManager:220 - loadIPPluginJar : add dma
2025-04-25 22:13:47,084 [INFO] IPUIPlugin:80 - create IPUIPlugin
2025-04-25 22:13:47,084 [INFO] PluginManager:220 - loadIPPluginJar : add dma3
2025-04-25 22:13:47,177 [INFO] IPUIPlugin:80 - create IPUIPlugin
2025-04-25 22:13:47,177 [INFO] PluginManager:220 - loadIPPluginJar : add extmemmanager
2025-04-25 22:13:47,218 [INFO] IPUIPlugin:80 - create IPUIPlugin
2025-04-25 22:13:47,218 [INFO] PluginManager:220 - loadIPPluginJar : add fatfs
2025-04-25 22:13:47,310 [INFO] IPUIPlugin:80 - create IPUIPlugin
2025-04-25 22:13:47,310 [INFO] PluginManager:220 - loadIPPluginJar : add fmc
2025-04-25 22:13:47,345 [INFO] IPUIPlugin:80 - create IPUIPlugin
2025-04-25 22:13:47,345 [INFO] PluginManager:220 - loadIPPluginJar : add freertos
2025-04-25 22:13:47,404 [INFO] IPUIPlugin:80 - create IPUIPlugin
2025-04-25 22:13:47,404 [INFO] PluginManager:220 - loadIPPluginJar : add genericplugin
2025-04-25 22:13:47,606 [INFO] IPUIPlugin:80 - create IPUIPlugin
2025-04-25 22:13:47,606 [INFO] PluginManager:220 - loadIPPluginJar : add gfxmmu
2025-04-25 22:13:47,865 [INFO] IPUIPlugin:80 - create IPUIPlugin
2025-04-25 22:13:47,865 [INFO] PluginManager:220 - loadIPPluginJar : add gic
2025-04-25 22:13:47,882 [INFO] IPUIPlugin:80 - create IPUIPlugin
2025-04-25 22:13:47,882 [INFO] PluginManager:220 - loadIPPluginJar : add gpio
2025-04-25 22:13:48,045 [INFO] IPUIPlugin:80 - create IPUIPlugin
2025-04-25 22:13:48,045 [INFO] PluginManager:220 - loadIPPluginJar : add gtzc
2025-04-25 22:13:48,114 [INFO] IPUIPlugin:80 - create IPUIPlugin
2025-04-25 22:13:48,114 [INFO] PluginManager:220 - loadIPPluginJar : add hash
2025-04-25 22:13:48,220 [INFO] IPUIPlugin:80 - create IPUIPlugin
2025-04-25 22:13:48,220 [INFO] PluginManager:220 - loadIPPluginJar : add i2c
2025-04-25 22:13:48,300 [INFO] IPUIPlugin:80 - create IPUIPlugin
2025-04-25 22:13:48,300 [INFO] PluginManager:220 - loadIPPluginJar : add i2s
2025-04-25 22:13:48,409 [INFO] IPUIPlugin:80 - create IPUIPlugin
2025-04-25 22:13:48,409 [INFO] PluginManager:220 - loadIPPluginJar : add i3c
2025-04-25 22:13:48,528 [INFO] ThirdPartyUpdaterWithRetryManager:70 - Updater plugin not ready yet. [2/15]
2025-04-25 22:13:48,634 [INFO] IPUIPlugin:80 - create IPUIPlugin
2025-04-25 22:13:48,634 [INFO] PluginManager:220 - loadIPPluginJar : add ipddr
2025-04-25 22:13:48,859 [INFO] IPUIPlugin:80 - create IPUIPlugin
2025-04-25 22:13:48,859 [INFO] PluginManager:220 - loadIPPluginJar : add linkedlist
2025-04-25 22:13:48,935 [INFO] IPUIPlugin:80 - create IPUIPlugin
2025-04-25 22:13:48,935 [INFO] PluginManager:220 - loadIPPluginJar : add lorawan
2025-04-25 22:13:49,026 [INFO] IPUIPlugin:80 - create IPUIPlugin
2025-04-25 22:13:49,028 [INFO] PluginManager:220 - loadIPPluginJar : add ltdc
2025-04-25 22:13:49,051 [INFO] IPUIPlugin:80 - create IPUIPlugin
2025-04-25 22:13:49,053 [INFO] PluginManager:220 - loadIPPluginJar : add mdma
2025-04-25 22:13:49,092 [INFO] IPUIPlugin:80 - create IPUIPlugin
2025-04-25 22:13:49,092 [INFO] PluginManager:220 - loadIPPluginJar : add nvic
2025-04-25 22:13:49,184 [INFO] IPUIPlugin:80 - create IPUIPlugin
2025-04-25 22:13:49,184 [INFO] PluginManager:220 - loadIPPluginJar : add opamp
2025-04-25 22:13:49,349 [INFO] IPUIPlugin:80 - create IPUIPlugin
2025-04-25 22:13:49,351 [INFO] PluginManager:220 - loadIPPluginJar : add openamp
2025-04-25 22:13:49,451 [INFO] IPUIPlugin:80 - create IPUIPlugin
2025-04-25 22:13:49,451 [INFO] PluginManager:220 - loadIPPluginJar : add pdm2pcm
2025-04-25 22:13:49,485 [INFO] IPUIPlugin:80 - create IPUIPlugin
2025-04-25 22:13:49,492 [INFO] PluginManager:220 - loadIPPluginJar : add plateformsettings
2025-04-25 22:13:49,558 [INFO] IPUIPlugin:80 - create IPUIPlugin
2025-04-25 22:13:49,560 [INFO] PluginManager:220 - loadIPPluginJar : add quadspi
2025-04-25 22:13:49,586 [INFO] IPUIPlugin:80 - create IPUIPlugin
2025-04-25 22:13:49,588 [INFO] PluginManager:220 - loadIPPluginJar : add resmgrutility
2025-04-25 22:13:49,708 [INFO] IPUIPlugin:80 - create IPUIPlugin
2025-04-25 22:13:49,708 [INFO] PluginManager:220 - loadIPPluginJar : add sai
2025-04-25 22:13:49,809 [INFO] IPUIPlugin:80 - create IPUIPlugin
2025-04-25 22:13:49,809 [INFO] PluginManager:220 - loadIPPluginJar : add spi
2025-04-25 22:13:49,957 [INFO] IPUIPlugin:80 - create IPUIPlugin
2025-04-25 22:13:49,957 [INFO] PluginManager:220 - loadIPPluginJar : add stm32_wpan
2025-04-25 22:13:50,022 [INFO] IPUIPlugin:80 - create IPUIPlugin
2025-04-25 22:13:50,022 [INFO] PluginManager:220 - loadIPPluginJar : add tim
2025-04-25 22:13:50,167 [INFO] IPUIPlugin:80 - create IPUIPlugin
2025-04-25 22:13:50,167 [INFO] PluginManager:220 - loadIPPluginJar : add touchsensing
2025-04-25 22:13:50,230 [INFO] IPUIPlugin:80 - create IPUIPlugin
2025-04-25 22:13:50,230 [INFO] PluginManager:220 - loadIPPluginJar : add tracer_emb
2025-04-25 22:13:50,298 [INFO] IPUIPlugin:80 - create IPUIPlugin
2025-04-25 22:13:50,298 [INFO] PluginManager:220 - loadIPPluginJar : add ts
2025-04-25 22:13:50,359 [INFO] IPUIPlugin:80 - create IPUIPlugin
2025-04-25 22:13:50,360 [INFO] PluginManager:220 - loadIPPluginJar : add tsc
2025-04-25 22:13:50,415 [INFO] IPUIPlugin:80 - create IPUIPlugin
2025-04-25 22:13:50,415 [INFO] PluginManager:220 - loadIPPluginJar : add ucpd
2025-04-25 22:13:50,509 [INFO] IPUIPlugin:80 - create IPUIPlugin
2025-04-25 22:13:50,509 [INFO] PluginManager:220 - loadIPPluginJar : add usart
2025-04-25 22:13:50,610 [INFO] IPUIPlugin:80 - create IPUIPlugin
2025-04-25 22:13:50,610 [INFO] PluginManager:220 - loadIPPluginJar : add usbx
2025-04-25 22:13:50,783 [INFO] CADModel:165 - CPN selected for project level
2025-04-25 22:13:50,783 [INFO] CADModel:114 - Register for checkConnection events
2025-04-25 22:13:50,784 [FATAL] Updater:308 - Updater called before beeing initialized
2025-04-25 22:13:50,784 [ERROR] CADModel:125 - Updater not yet initialized, retry later 
2025-04-25 22:13:51,018 [INFO] CADModel:165 - CPN selected for project level
2025-04-25 22:13:51,018 [INFO] CADModel:114 - Register for checkConnection events
2025-04-25 22:13:51,018 [FATAL] Updater:308 - Updater called before beeing initialized
2025-04-25 22:13:51,018 [ERROR] CADModel:125 - Updater not yet initialized, retry later 
2025-04-25 22:13:51,025 [FATAL] Updater:308 - Updater called before beeing initialized
2025-04-25 22:13:51,201 [FATAL] Updater:308 - Updater called before beeing initialized
2025-04-25 22:13:51,223 [INFO] DbMcusAds:53 - JSON generation date=Fri Sep 20 15:04:23 CEST 2024 (1726837463113)
2025-04-25 22:13:51,223 [FATAL] Updater:308 - Updater called before beeing initialized
2025-04-25 22:13:51,352 [WARN] DetailPanel:346 - Failed to get advertising image, set to default
2025-04-25 22:13:51,500 [FATAL] Updater:308 - Updater called before beeing initialized
2025-04-25 22:13:51,505 [FATAL] Updater:308 - Updater called before beeing initialized
2025-04-25 22:13:51,505 [FATAL] Updater:308 - Updater called before beeing initialized
2025-04-25 22:13:51,505 [WARN] DetailPanel:346 - Failed to get advertising image, set to default
2025-04-25 22:13:51,506 [FATAL] Updater:308 - Updater called before beeing initialized
2025-04-25 22:13:51,529 [INFO] ThirdPartyUpdaterWithRetryManager:70 - Updater plugin not ready yet. [3/15]
2025-04-25 22:13:51,601 [ERROR] Updater:1120 - MainUpdater not yet initialized. External WinMGr cannot be set.
2025-04-25 22:13:51,616 [INFO] Updater:1056 - Updater Version found : 6.11.1
2025-04-25 22:13:51,634 [INFO] ApplicationProperties:184 - Using Application install path: C:\ST\STM32CubeIDE_1.15.1\STM32CubeIDE\plugins\com.st.stm32cube.common.mx_6.11.1.202404110753
2025-04-25 22:13:53,220 [ERROR] LogOutputStream:75 - [STDERR_REDIRECT] Apr 25, 2025 10:13:53 PM java.util.prefs.WindowsPreferences <init>
2025-04-25 22:13:53,222 [ERROR] LogOutputStream:75 - [STDERR_REDIRECT] WARNING: Could not open/create prefs root node Software\JavaSoft\Prefs at root 0xffffffff80000002. Windows RegCreateKeyEx(...) returned error code 5.
2025-04-25 22:13:53,222 [ERROR] LogOutputStream:75 - [STDERR_REDIRECT] 
2025-04-25 22:13:54,088 [INFO] MainUpdater:2873 - connection check result : 10
2025-04-25 22:13:54,089 [INFO] MainUpdater:290 - Updater Check For Update Now.
2025-04-25 22:13:54,089 [INFO] MicroXplorer:498 - Change Database Version : DB.6.0.111
2025-04-25 22:13:54,124 [INFO] McuFinderGlobals:63 - Set McuFinder mode to 2 (CubeIDE integrated)
2025-04-25 22:13:54,146 [INFO] UserAuth:415 - Internet connection configuration mode: 1
2025-04-25 22:13:54,193 [INFO] JxBrowserEngine:152 - Initiate JxBrowser Engine with user profile folder
2025-04-25 22:13:54,384 [INFO] CheckServerUpdateThread:120 - End of CheckServer Thread
2025-04-25 22:13:55,019 [WARN] PackLoader:240 - Cannot read IP mode file for STMicroelectronics.FP-SNS-MOTENVWB1.1.4.0
2025-04-25 22:13:55,055 [WARN] PackLoader:240 - Cannot read IP mode file for STMicroelectronics.FP-ATR-ASTRA1.2.0.2
2025-04-25 22:13:55,090 [WARN] PackLoader:240 - Cannot read IP mode file for STMicroelectronics.FP-ATR-ASTRA1.2.0.1
2025-04-25 22:13:55,129 [WARN] PackLoader:240 - Cannot read IP mode file for STMicroelectronics.X-CUBE-SMBUS.2.1.0
2025-04-25 22:13:55,185 [WARN] PackLoader:240 - Cannot read IP mode file for STMicroelectronics.X-CUBE-WB05N.1.1.0
2025-04-25 22:13:55,219 [WARN] PackLoader:240 - Cannot read IP mode file for STMicroelectronics.X-CUBE-TOUCHGFX.4.23.2
2025-04-25 22:13:55,299 [WARN] PackLoader:240 - Cannot read IP mode file for STMicroelectronics.X-CUBE-AZRTOS-F7.1.1.0
2025-04-25 22:13:55,444 [WARN] PackLoader:240 - Cannot read IP mode file for STMicroelectronics.X-CUBE-MEMS1.11.0.0
2025-04-25 22:13:55,685 [WARN] PackLoader:240 - Cannot read IP mode file for STMicroelectronics.FP-SNS-FLIGHT1.5.0.2
2025-04-25 22:13:55,717 [WARN] PackLoader:240 - Cannot read IP mode file for STMicroelectronics.X-CUBE-DISPLAY.3.0.0
2025-04-25 22:13:55,755 [WARN] PackLoader:240 - Cannot read IP mode file for STMicroelectronics.X-CUBE-BLE1.7.0.0
2025-04-25 22:13:55,785 [WARN] PackLoader:240 - Cannot read IP mode file for STMicroelectronics.X-CUBE-NFC10.1.0.0
2025-04-25 22:13:55,835 [WARN] PackLoader:240 - Cannot read IP mode file for STMicroelectronics.X-CUBE-BLEMGR.4.0.0
2025-04-25 22:13:55,869 [WARN] PackLoader:240 - Cannot read IP mode file for emotas.I-CUBE-CANOPEN.1.3.0
2025-04-25 22:13:55,898 [WARN] PackLoader:240 - Cannot read IP mode file for STMicroelectronics.X-CUBE-BLEMGR.3.1.0
2025-04-25 22:13:55,924 [WARN] PackLoader:240 - Cannot read IP mode file for STMicroelectronics.X-CUBE-AI.10.0.0
2025-04-25 22:13:55,950 [WARN] PackLoader:240 - Cannot read IP mode file for STMicroelectronics.FP-SNS-SMARTAG2.1.2.0
2025-04-25 22:13:55,975 [ERROR] Engine:466 - C:\Users\dbank\.stm32cubemx\thirdparties\pdsc\STMicroelectronics.FP-SNS-FLIGHT1.5.1.0.pdsc: PDSC version is not supported
2025-04-25 22:13:56,013 [INFO] LogOutputStream:77 - [STDOUT_REDIRECT] 1 : Invalid condition id : UX_CORESTACK_Condition cause : null
2025-04-25 22:13:56,015 [INFO] LogOutputStream:77 - [STDOUT_REDIRECT] 1 : Invalid condition id : UX_CORESTACK_Condition cause : null
2025-04-25 22:13:56,017 [INFO] LogOutputStream:77 - [STDOUT_REDIRECT] 1 : Invalid condition id : UX_CORESTACK_Condition cause : null
2025-04-25 22:13:56,020 [INFO] LogOutputStream:77 - [STDOUT_REDIRECT] 1 : Invalid condition id : UX_CORESTACK_Condition cause : null
2025-04-25 22:13:56,021 [INFO] LogOutputStream:77 - [STDOUT_REDIRECT] 1 : Invalid condition id : UX_CORESTACK_Condition cause : null
2025-04-25 22:13:56,024 [WARN] PackLoader:240 - Cannot read IP mode file for STMicroelectronics.X-CUBE-AZRTOS-WL.2.0.0
2025-04-25 22:13:56,055 [WARN] PackLoader:240 - Cannot read IP mode file for STMicroelectronics.FP-SNS-MOTENV1.5.0.0
2025-04-25 22:13:56,084 [WARN] PackLoader:240 - Cannot read IP mode file for wolfSSL.I-CUBE-wolfMQTT.1.19.0
2025-04-25 22:13:56,115 [WARN] PackLoader:240 - Cannot read IP mode file for WES.I-CUBE-Cesium.1.3.0
2025-04-25 22:13:56,145 [WARN] PackLoader:240 - Cannot read IP mode file for STMicroelectronics.X-CUBE-BLE2.3.3.0
2025-04-25 22:13:56,172 [WARN] PackLoader:240 - Cannot read IP mode file for STMicroelectronics.X-CUBE-NFC9.1.0.0
2025-04-25 22:13:56,198 [WARN] PackLoader:240 - Cannot read IP mode file for STMicroelectronics.X-CUBE-BLE1.7.1.0
2025-04-25 22:13:56,220 [WARN] PackLoader:240 - Cannot read IP mode file for STMicroelectronics.X-CUBE-TCPP.4.1.0
2025-04-25 22:13:56,243 [WARN] PackLoader:240 - Cannot read IP mode file for STMicroelectronics.X-CUBE-ALGOBUILD.1.3.0
2025-04-25 22:13:56,349 [WARN] PackLoader:240 - Cannot read IP mode file for STMicroelectronics.X-CUBE-MEMS1.11.2.0
2025-04-25 22:13:56,537 [WARN] PackLoader:240 - Cannot read IP mode file for STMicroelectronics.X-CUBE-AZRTOS-G0.1.1.0
2025-04-25 22:13:56,570 [WARN] PackLoader:240 - Cannot read IP mode file for STMicroelectronics.X-CUBE-SAFEA1.1.2.2
2025-04-25 22:13:56,594 [WARN] PackLoader:240 - Cannot read IP mode file for STMicroelectronics.X-CUBE-NFC4.3.0.0
2025-04-25 22:13:56,627 [WARN] PackLoader:240 - Cannot read IP mode file for EmbeddedOffice.I-CUBE-FS-RTOS.1.0.1
2025-04-25 22:13:56,629 [ERROR] ConditionMgr:805 - Attr not supported : Dmpu
2025-04-25 22:13:56,629 [ERROR] ConditionMgr:805 - Attr not supported : Dmpu
2025-04-25 22:13:56,629 [ERROR] ConditionMgr:805 - Attr not supported : Dmpu
2025-04-25 22:13:56,629 [ERROR] ConditionMgr:805 - Attr not supported : Dmpu
2025-04-25 22:13:56,629 [ERROR] ConditionMgr:805 - Attr not supported : Dmpu
2025-04-25 22:13:56,629 [ERROR] ConditionMgr:805 - Attr not supported : Dmpu
2025-04-25 22:13:56,629 [ERROR] ConditionMgr:805 - Attr not supported : Dmpu
2025-04-25 22:13:56,629 [ERROR] ConditionMgr:805 - Attr not supported : Dmpu
2025-04-25 22:13:56,629 [ERROR] ConditionMgr:805 - Attr not supported : Dmpu
2025-04-25 22:13:56,629 [ERROR] ConditionMgr:805 - Attr not supported : Dmpu
2025-04-25 22:13:56,629 [ERROR] ConditionMgr:805 - Attr not supported : Dmpu
2025-04-25 22:13:56,629 [ERROR] ConditionMgr:805 - Attr not supported : Dmpu
2025-04-25 22:13:56,629 [ERROR] ConditionMgr:805 - Attr not supported : Dmpu
2025-04-25 22:13:56,629 [ERROR] ConditionMgr:805 - Attr not supported : Dmpu
2025-04-25 22:13:56,629 [ERROR] ConditionMgr:805 - Attr not supported : Dmpu
2025-04-25 22:13:56,629 [ERROR] ConditionMgr:805 - Attr not supported : Dmpu
2025-04-25 22:13:56,629 [ERROR] ConditionMgr:805 - Attr not supported : Dmpu
2025-04-25 22:13:56,629 [ERROR] ConditionMgr:805 - Attr not supported : Dmpu
2025-04-25 22:13:56,629 [ERROR] ConditionMgr:805 - Attr not supported : Dmpu
2025-04-25 22:13:56,630 [ERROR] ConditionMgr:805 - Attr not supported : Dmpu
2025-04-25 22:13:56,630 [ERROR] ConditionMgr:805 - Attr not supported : Dmpu
2025-04-25 22:13:56,630 [ERROR] ConditionMgr:805 - Attr not supported : Dmpu
2025-04-25 22:13:56,630 [ERROR] ConditionMgr:805 - Attr not supported : Dmpu
2025-04-25 22:13:56,630 [ERROR] ConditionMgr:805 - Attr not supported : Dmpu
2025-04-25 22:13:56,630 [ERROR] ConditionMgr:805 - Attr not supported : Dmpu
2025-04-25 22:13:56,630 [ERROR] ConditionMgr:805 - Attr not supported : Dmpu
2025-04-25 22:13:56,630 [ERROR] ConditionMgr:805 - Attr not supported : Dmpu
2025-04-25 22:13:56,630 [ERROR] ConditionMgr:805 - Attr not supported : Dmpu
2025-04-25 22:13:56,630 [ERROR] ConditionMgr:805 - Attr not supported : Dmpu
2025-04-25 22:13:56,630 [ERROR] ConditionMgr:805 - Attr not supported : Dmpu
2025-04-25 22:13:56,630 [ERROR] ConditionMgr:805 - Attr not supported : Dmpu
2025-04-25 22:13:56,630 [ERROR] ConditionMgr:805 - Attr not supported : Dmpu
2025-04-25 22:13:56,630 [ERROR] ConditionMgr:805 - Attr not supported : Dmpu
2025-04-25 22:13:56,630 [ERROR] ConditionMgr:805 - Attr not supported : Dmpu
2025-04-25 22:13:56,630 [ERROR] ConditionMgr:805 - Attr not supported : Dmpu
2025-04-25 22:13:56,630 [ERROR] ConditionMgr:805 - Attr not supported : Dmpu
2025-04-25 22:13:56,630 [ERROR] ConditionMgr:805 - Attr not supported : Dmpu
2025-04-25 22:13:56,632 [ERROR] ConditionMgr:805 - Attr not supported : Dmpu
2025-04-25 22:13:56,632 [ERROR] ConditionMgr:805 - Attr not supported : Dmpu
2025-04-25 22:13:56,632 [ERROR] ConditionMgr:805 - Attr not supported : Dmpu
2025-04-25 22:13:56,632 [ERROR] ConditionMgr:805 - Attr not supported : Dmpu
2025-04-25 22:13:56,632 [ERROR] ConditionMgr:805 - Attr not supported : Dmpu
2025-04-25 22:13:56,632 [ERROR] ConditionMgr:805 - Attr not supported : Dmpu
2025-04-25 22:13:56,632 [ERROR] ConditionMgr:805 - Attr not supported : Dmpu
2025-04-25 22:13:56,632 [ERROR] ConditionMgr:805 - Attr not supported : Dmpu
2025-04-25 22:13:56,632 [ERROR] ConditionMgr:805 - Attr not supported : Dmpu
2025-04-25 22:13:56,632 [ERROR] ConditionMgr:805 - Attr not supported : Dmpu
2025-04-25 22:13:56,632 [ERROR] ConditionMgr:805 - Attr not supported : Dmpu
2025-04-25 22:13:56,632 [ERROR] ConditionMgr:805 - Attr not supported : Dmpu
2025-04-25 22:13:56,632 [ERROR] ConditionMgr:805 - Attr not supported : Dmpu
2025-04-25 22:13:56,632 [ERROR] ConditionMgr:805 - Attr not supported : Dmpu
2025-04-25 22:13:56,632 [ERROR] ConditionMgr:805 - Attr not supported : Dmpu
2025-04-25 22:13:56,632 [ERROR] ConditionMgr:805 - Attr not supported : Dmpu
2025-04-25 22:13:56,632 [ERROR] ConditionMgr:805 - Attr not supported : Dmpu
2025-04-25 22:13:56,634 [ERROR] ConditionMgr:805 - Attr not supported : Dmpu
2025-04-25 22:13:56,634 [ERROR] ConditionMgr:805 - Attr not supported : Dmpu
2025-04-25 22:13:56,634 [ERROR] ConditionMgr:805 - Attr not supported : Dmpu
2025-04-25 22:13:56,634 [ERROR] ConditionMgr:805 - Attr not supported : Dmpu
2025-04-25 22:13:56,634 [ERROR] ConditionMgr:805 - Attr not supported : Dmpu
2025-04-25 22:13:56,634 [ERROR] ConditionMgr:805 - Attr not supported : Dmpu
2025-04-25 22:13:56,634 [ERROR] ConditionMgr:805 - Attr not supported : Dmpu
2025-04-25 22:13:56,634 [ERROR] ConditionMgr:805 - Attr not supported : Dmpu
2025-04-25 22:13:56,634 [ERROR] ConditionMgr:805 - Attr not supported : Dmpu
2025-04-25 22:13:56,634 [ERROR] ConditionMgr:805 - Attr not supported : Dmpu
2025-04-25 22:13:56,662 [WARN] PackLoader:240 - Cannot read IP mode file for STMicroelectronics.X-CUBE-WB05N.2.0.0
2025-04-25 22:13:56,684 [ERROR] Engine:466 - C:\Users\dbank\.stm32cubemx\thirdparties\pdsc\STMicroelectronics.X-CUBE-TCPP.4.2.0.pdsc: PDSC version is not supported
2025-04-25 22:13:56,717 [WARN] PackLoader:240 - Cannot read IP mode file for RealThread.X-CUBE-RT-Thread_Nano.4.1.1
2025-04-25 22:13:56,740 [WARN] PackLoader:240 - Cannot read IP mode file for wolfSSL.I-CUBE-wolfSSL.5.7.0
2025-04-25 22:13:56,765 [WARN] PackLoader:240 - Cannot read IP mode file for STMicroelectronics.FP-ATR-SIGFOX1.3.2.0
2025-04-25 22:13:56,787 [WARN] ConditionMgr:438 - getConditionDescription Invalid condition id : Cortex-A Device cause : null
2025-04-25 22:13:56,819 [WARN] ConditionMgr:1039 - genDependencies : Invalid condition id : Cortex-A Device cause : null
2025-04-25 22:13:56,819 [WARN] ConditionMgr:1039 - genDependencies : Invalid condition id : Cortex-A Device cause : null
2025-04-25 22:13:56,819 [WARN] ConditionMgr:1039 - genDependencies : Invalid condition id : Cortex-A Device cause : null
2025-04-25 22:13:56,845 [WARN] PackLoader:240 - Cannot read IP mode file for STMicroelectronics.X-CUBE-EEPRMA1.5.1.0
2025-04-25 22:13:56,875 [WARN] PackLoader:240 - Cannot read IP mode file for ITTIA_DB.I-CUBE-ITTIADB.8.9.0
2025-04-25 22:13:56,931 [WARN] PackLoader:240 - Cannot read IP mode file for SEGGER.I-CUBE-embOS.1.3.1
2025-04-25 22:13:56,989 [WARN] PackLoader:240 - Cannot read IP mode file for STMicroelectronics.X-CUBE-ALGOBUILD.1.4.0
2025-04-25 22:13:57,013 [WARN] PackLoader:240 - Cannot read IP mode file for STMicroelectronics.X-CUBE-AI.9.1.0
2025-04-25 22:13:57,035 [WARN] PackLoader:240 - Cannot read IP mode file for STMicroelectronics.X-CUBE-GNSS1.6.0.0
2025-04-25 22:13:57,082 [WARN] PackLoader:240 - Cannot read IP mode file for STMicroelectronics.X-CUBE-AZRTOS-F4.1.1.0
2025-04-25 22:13:57,105 [ERROR] Engine:466 - C:\Users\dbank\.stm32cubemx\thirdparties\pdsc\Avnet-IotConnect.X-CUBE-IoTC-DA16k-PMOD.1.0.0.pdsc: PDSC version is not supported
2025-04-25 22:13:57,139 [WARN] PackLoader:240 - Cannot read IP mode file for STMicroelectronics.X-CUBE-ISPU.2.1.0
2025-04-25 22:13:57,165 [WARN] PackLoader:240 - Cannot read IP mode file for STMicroelectronics.X-CUBE-FREERTOS.1.2.0
2025-04-25 22:13:57,206 [WARN] PackLoader:240 - Cannot read IP mode file for STMicroelectronics.X-CUBE-AZRTOS-L5.2.0.0
2025-04-25 22:13:57,240 [WARN] PackLoader:240 - Cannot read IP mode file for STMicroelectronics.X-CUBE-NFC6.3.1.0
2025-04-25 22:13:57,268 [WARN] PackLoader:240 - Cannot read IP mode file for STMicroelectronics.X-CUBE-DPower.1.2.0
2025-04-25 22:13:57,292 [WARN] PackLoader:240 - Cannot read IP mode file for STMicroelectronics.X-CUBE-AI.9.0.0
2025-04-25 22:13:57,317 [WARN] PackLoader:240 - Cannot read IP mode file for STMicroelectronics.X-CUBE-FREERTOS.1.3.0
2025-04-25 22:13:57,344 [WARN] PackLoader:240 - Cannot read IP mode file for STMicroelectronics.X-CUBE-NFC7.1.0.1
2025-04-25 22:13:57,369 [WARN] PackLoader:240 - Cannot read IP mode file for wolfSSL.I-CUBE-wolfTPM.3.2.0
2025-04-25 22:13:57,393 [WARN] PackLoader:240 - Cannot read IP mode file for STMicroelectronics.X-CUBE-DPower.1.3.0
2025-04-25 22:13:57,446 [WARN] ConditionMgr:438 - getConditionDescription Invalid condition id : LAN8742 Phy interface Condition cause : null
2025-04-25 22:13:57,448 [WARN] PackLoader:240 - Cannot read IP mode file for STMicroelectronics.X-CUBE-AZRTOS-L4.2.0.0
2025-04-25 22:13:57,451 [WARN] ConditionMgr:1039 - genDependencies : Invalid condition id : LAN8742 Phy interface Condition cause : null
2025-04-25 22:13:57,451 [WARN] ConditionMgr:1039 - genDependencies : Invalid condition id : LAN8742 Phy interface Condition cause : null
2025-04-25 22:13:57,453 [WARN] ConditionMgr:1039 - genDependencies : Invalid condition id : LAN8742 Phy interface Condition cause : null
2025-04-25 22:13:57,481 [WARN] PackLoader:240 - Cannot read IP mode file for STMicroelectronics.X-CUBE-SFXS2LP1.4.0.0
2025-04-25 22:13:57,537 [WARN] PackLoader:240 - Cannot read IP mode file for STMicroelectronics.X-CUBE-AZRTOS-H7.3.3.0
2025-04-25 22:13:57,871 [WARN] PackLoader:240 - Cannot read IP mode file for STMicroelectronics.X-CUBE-IPS.3.0.0
2025-04-25 22:13:57,924 [WARN] ConditionMgr:438 - getConditionDescription Invalid condition id : UX DEVICE CLASS RTOS Condition cause : null
2025-04-25 22:13:57,925 [WARN] ConditionMgr:438 - getConditionDescription Invalid condition id : UX DEVICE CLASS RTOS Condition cause : null
2025-04-25 22:13:57,929 [WARN] PackLoader:240 - Cannot read IP mode file for STMicroelectronics.X-CUBE-AZRTOS-WB.2.0.0
2025-04-25 22:13:57,929 [WARN] ConditionMgr:1039 - genDependencies : Invalid condition id : UX DEVICE CLASS RTOS Condition cause : null
2025-04-25 22:13:57,930 [WARN] ConditionMgr:1039 - genDependencies : Invalid condition id : UX DEVICE CLASS RTOS Condition cause : null
2025-04-25 22:13:57,930 [WARN] ConditionMgr:1039 - genDependencies : Invalid condition id : UX DEVICE CLASS RTOS Condition cause : null
2025-04-25 22:13:57,931 [WARN] ConditionMgr:1039 - genDependencies : Invalid condition id : UX DEVICE CLASS RTOS Condition cause : null
2025-04-25 22:13:57,931 [WARN] ConditionMgr:1039 - genDependencies : Invalid condition id : UX DEVICE CLASS RTOS Condition cause : null
2025-04-25 22:13:57,953 [WARN] PackLoader:240 - Cannot read IP mode file for STMicroelectronics.X-CUBE-GNSS1.7.0.0
2025-04-25 22:13:57,978 [WARN] PackLoader:240 - Cannot read IP mode file for STMicroelectronics.X-CUBE-GNSS1.7.0.1
2025-04-25 22:13:57,998 [WARN] PackLoader:240 - Cannot read IP mode file for STMicroelectronics.X-CUBE-TOUCHGFX.4.25.0
2025-04-25 22:13:58,022 [WARN] PackLoader:240 - Cannot read IP mode file for STMicroelectronics.FP-SNS-STBOX1.2.0.0
2025-04-25 22:13:58,056 [WARN] PackLoader:240 - Cannot read IP mode file for STMicroelectronics.X-CUBE-SUBG2.5.0.0
2025-04-25 22:13:58,106 [WARN] PackLoader:240 - Cannot read IP mode file for STMicroelectronics.X-CUBE-AZRTOS-H7RS.1.1.0
2025-04-25 22:13:58,152 [WARN] PackLoader:240 - Cannot read IP mode file for STMicroelectronics.X-CUBE-AZRTOS-G4.2.0.0
2025-04-25 22:13:58,177 [WARN] PackLoader:240 - Cannot read IP mode file for STMicroelectronics.X-CUBE-ISPU.2.0.0
2025-04-25 22:13:58,204 [ERROR] Engine:466 - C:\Users\dbank\.stm32cubemx\thirdparties\pdsc\STMicroelectronics.X-CUBE-IPS.3.1.0.pdsc: PDSC version is not supported
2025-04-25 22:13:58,230 [WARN] PackLoader:240 - Cannot read IP mode file for STMicroelectronics.X-CUBE-ALS.1.0.2
2025-04-25 22:13:58,295 [WARN] PackLoader:240 - Cannot read IP mode file for STMicroelectronics.X-CUBE-MEMS1.10.0.0
2025-04-25 22:13:58,469 [WARN] PackLoader:240 - Cannot read IP mode file for STMicroelectronics.X-CUBE-TOUCHGFX.4.24.0
2025-04-25 22:13:58,492 [WARN] PackLoader:240 - Cannot read IP mode file for STMicroelectronics.X-CUBE-TOUCHGFX.4.24.1
2025-04-25 22:13:58,519 [WARN] PackLoader:240 - Cannot read IP mode file for portGmbH.I-Cube-SoM-uGOAL.1.1.0
2025-04-25 22:13:58,542 [WARN] PackLoader:240 - Cannot read IP mode file for STMicroelectronics.X-CUBE-ALS.1.0.1
2025-04-25 22:13:58,589 [WARN] PackLoader:240 - Cannot read IP mode file for STMicroelectronics.X-CUBE-AZRTOS-H7RS.1.0.0
2025-04-25 22:13:58,614 [WARN] PackLoader:240 - Cannot read IP mode file for STMicroelectronics.FP-ATR-ASTRA1.2.0.0
2025-04-25 22:13:58,645 [WARN] PackLoader:240 - Cannot read IP mode file for STMicroelectronics.X-CUBE-TOF1.3.4.2
2025-04-25 22:13:58,688 [ERROR] Engine:466 - C:\Users\dbank\.stm32cubemx\thirdparties\pdsc\STMicroelectronics.X-CUBE-TOF1.3.4.3.pdsc: PDSC version is not supported
2025-04-25 22:13:58,725 [WARN] PackLoader:240 - Cannot read IP mode file for STMicroelectronics.X-CUBE-TOF1.3.4.1
2025-04-25 22:13:58,787 [WARN] PackLoader:240 - Cannot read IP mode file for STMicroelectronics.X-CUBE-AZRTOS-H7.3.2.0
2025-04-25 22:13:58,832 [WARN] PackLoader:240 - Cannot read IP mode file for Infineon.AIROC-Wi-Fi-Bluetooth-STM32.1.6.0
2025-04-25 22:13:58,863 [WARN] PackLoader:240 - Cannot read IP mode file for wolfSSL.I-CUBE-wolfSSH.1.4.17
2025-04-25 22:13:58,865 [INFO] ThirdParty:978 - Integrity check success = true
2025-04-25 22:13:58,865 [INFO] IntegrityCheckThread:100 - exiting critical section [integrity check]
2025-04-25 22:13:58,865 [INFO] IntegrityCheckThread:103 - End integrity checks thread
2025-04-25 22:14:01,640 [INFO] WebApp:161 - Instantiating new browser for Auth
2025-04-25 22:14:02,201 [INFO] WebApp:779 - Register for checkConnection events
2025-04-25 22:14:02,202 [INFO] WebApp:414 - Apply proxy settings
2025-04-25 22:14:02,202 [INFO] WebApp:499 - Chromium requires no authentication
2025-04-25 22:14:02,208 [INFO] WebApp:442 - Direct internet connection detected
2025-04-25 22:14:02,360 [INFO] WebApp:192 - Starting web application
2025-04-25 22:14:02,360 [INFO] WebApp:544 - Web application path used C:\ST\STM32CubeIDE_1.15.1\STM32CubeIDE\plugins\com.st.stm32cube.common.mx_6.11.1.202404110753\db\plugins\mcufinder\reactClient1\index.html
2025-04-25 23:10:40,979 [ERROR] LogOutputStream:75 - [STDERR_REDIRECT] 
2025-04-25 23:10:40,980 [ERROR] LogOutputStream:75 - [STDERR_REDIRECT] 
