2025-04-24 20:56:39,045 [INFO] Activator:176 - 


2025-04-24 20:56:39,051 [INFO] Activator:177 - !SESSION log4j initialized
2025-04-24 20:56:45,836 [INFO] LogOutputStream:77 - [STDOUT_REDIRECT] 
2025-04-24 20:56:50,867 [INFO] ApplicationProperties:184 - Using Application install path: C:\ST\STM32CubeIDE_1.15.1\STM32CubeIDE\plugins\com.st.stm32cube.common.mx_6.11.1.202404110753
2025-04-24 20:56:50,900 [INFO] DbMcusXml:78 - Set database path to: C:\ST\STM32CubeIDE_1.15.1\STM32CubeIDE\plugins\com.st.stm32cube.common.mx_6.11.1.202404110753\\db\/mcu/
2025-04-24 20:56:50,901 [INFO] ApiDb:274 - Set plugin database path to: C:\ST\STM32CubeIDE_1.15.1\STM32CubeIDE\plugins\com.st.stm32cube.common.mx_6.11.1.202404110753\\db\/plugins/boardmanager/
2025-04-24 20:56:50,901 [WARN] ApiDb:259 - Overriding images path with different value:  => C:\ST\STM32CubeIDE_1.15.1\STM32CubeIDE\plugins\com.st.stm32cube.common.mx_6.11.1.202404110753\\db\/plugins/mcufinder/images/
2025-04-24 20:56:50,932 [INFO] ApiDb:250 - Set database path to: C:\Users\dbank\.stmcufinder\plugins\mcufinder//mcu/
2025-04-24 20:56:50,934 [INFO] DbMcusAds:125 - Set database path to: C:\Users\dbank\.stmcufinder\plugins\mcufinder//mcu/
2025-04-24 20:56:50,937 [INFO] CrossReferenceDbSqlite:203 - Set database path to: C:\Users\dbank\.stmcufinder\plugins\mcufinder//mcu/cs/
2025-04-24 20:56:51,100 [INFO] RulesReader:64 - Compatibility file has been processed (297 Rules)
2025-04-24 20:56:51,212 [INFO] DbMcusXml:78 - Set database path to: C:\ST\STM32CubeIDE_1.15.1\STM32CubeIDE\plugins\com.st.stm32cube.common.mx_6.11.1.202404110753\\db\/mcu/
2025-04-24 20:56:51,212 [INFO] ApiDb:274 - Set plugin database path to: C:\ST\STM32CubeIDE_1.15.1\STM32CubeIDE\plugins\com.st.stm32cube.common.mx_6.11.1.202404110753\\db\/plugins/boardmanager/
2025-04-24 20:56:51,213 [INFO] ApiDb:261 - Set plugin images path to: C:\ST\STM32CubeIDE_1.15.1\STM32CubeIDE\plugins\com.st.stm32cube.common.mx_6.11.1.202404110753\\db\/plugins/mcufinder/images/
2025-04-24 20:56:51,213 [WARN] DbFile:41 - Overriding database path with different value: C:\Users\dbank\.stmcufinder\plugins\mcufinder/ => C:\Users\dbank\.stmcufinder\plugins\mcufinder
2025-04-24 20:56:51,213 [INFO] ApiDb:250 - Set database path to: C:\Users\dbank\.stmcufinder\plugins\mcufinder//mcu/
2025-04-24 20:56:51,213 [WARN] DbFile:41 - Overriding database path with different value: C:\Users\dbank\.stmcufinder\plugins\mcufinder/ => C:\Users\dbank\.stmcufinder\plugins\mcufinder
2025-04-24 20:56:51,213 [INFO] DbMcusAds:125 - Set database path to: C:\Users\dbank\.stmcufinder\plugins\mcufinder//mcu/
2025-04-24 20:56:51,213 [WARN] DbFile:41 - Overriding database path with different value: C:\Users\dbank\.stmcufinder\plugins\mcufinder/ => C:\Users\dbank\.stmcufinder\plugins\mcufinder
2025-04-24 20:56:51,213 [WARN] DbFile:41 - Overriding database path with different value: C:\Users\dbank\.stmcufinder\plugins\mcufinder/ => C:\Users\dbank\.stmcufinder\plugins\mcufinder
2025-04-24 20:56:51,213 [INFO] CrossReferenceDbSqlite:203 - Set database path to: C:\Users\dbank\.stmcufinder\plugins\mcufinder//mcu/cs/
2025-04-24 20:56:51,346 [INFO] MainPanel:264 - HeapMemory: 268435456
2025-04-24 20:56:51,503 [INFO] DbMcusXml:78 - Set database path to: C:\ST\STM32CubeIDE_1.15.1\STM32CubeIDE\plugins\com.st.stm32cube.common.mx_6.11.1.202404110753\\db\/mcu/
2025-04-24 20:56:51,505 [INFO] ApiDb:274 - Set plugin database path to: C:\ST\STM32CubeIDE_1.15.1\STM32CubeIDE\plugins\com.st.stm32cube.common.mx_6.11.1.202404110753\\db\/plugins/boardmanager/
2025-04-24 20:56:51,505 [INFO] ApiDb:261 - Set plugin images path to: C:\ST\STM32CubeIDE_1.15.1\STM32CubeIDE\plugins\com.st.stm32cube.common.mx_6.11.1.202404110753\\db\/plugins/mcufinder/images/
2025-04-24 20:56:51,505 [WARN] DbFile:41 - Overriding database path with different value: C:\Users\dbank\.stmcufinder\plugins\mcufinder/ => C:\Users\dbank\.stmcufinder\plugins\mcufinder
2025-04-24 20:56:51,505 [INFO] ApiDb:250 - Set database path to: C:\Users\dbank\.stmcufinder\plugins\mcufinder//mcu/
2025-04-24 20:56:51,505 [WARN] DbFile:41 - Overriding database path with different value: C:\Users\dbank\.stmcufinder\plugins\mcufinder/ => C:\Users\dbank\.stmcufinder\plugins\mcufinder
2025-04-24 20:56:51,505 [INFO] DbMcusAds:125 - Set database path to: C:\Users\dbank\.stmcufinder\plugins\mcufinder//mcu/
2025-04-24 20:56:51,505 [WARN] DbFile:41 - Overriding database path with different value: C:\Users\dbank\.stmcufinder\plugins\mcufinder/ => C:\Users\dbank\.stmcufinder\plugins\mcufinder
2025-04-24 20:56:51,505 [WARN] DbFile:41 - Overriding database path with different value: C:\Users\dbank\.stmcufinder\plugins\mcufinder/ => C:\Users\dbank\.stmcufinder\plugins\mcufinder
2025-04-24 20:56:51,507 [INFO] CrossReferenceDbSqlite:203 - Set database path to: C:\Users\dbank\.stmcufinder\plugins\mcufinder//mcu/cs/
2025-04-24 20:56:51,548 [INFO] ApplicationProperties:184 - Using Application install path: C:\ST\STM32CubeIDE_1.15.1\STM32CubeIDE\plugins\com.st.stm32cube.common.mx_6.11.1.202404110753
2025-04-24 20:56:51,553 [INFO] PluginManage:196 - Search for loadable plugins [exclusion list=, ]
2025-04-24 20:56:51,556 [INFO] PluginManage:310 - Check plugin analytics
2025-04-24 20:56:52,067 [INFO] AnalyticsPlugin:253 - Accepted Software Licenses: STM32CubeMX.6.11.1
2025-04-24 20:56:52,067 [INFO] AnalyticsPlugin:255 - Accepted CMSIS Pack Licenses: STMicroelectronics.X-CUBE-AZRTOS-H7.3.3.0
2025-04-24 20:56:52,067 [INFO] AnalyticsPlugin:257 - Accepted Firmware Licenses: FW.H7.1.11.0,FW.H7.1.10.0,FW.L4.1.18.0,FW.F4.1.28.0
2025-04-24 20:56:52,072 [INFO] PluginManage:359 - Loaded plugin analytics (category:tool,tabindex:-1)
2025-04-24 20:56:52,072 [INFO] PluginManage:310 - Check plugin cadmodel
2025-04-24 20:56:52,106 [INFO] CADModel:105 - Init CAD model plugin
2025-04-24 20:56:52,106 [INFO] PluginManage:359 - Loaded plugin cadmodel (category:power,tabindex:5)
2025-04-24 20:56:52,106 [INFO] PluginManage:310 - Check plugin clock
2025-04-24 20:56:52,160 [INFO] PluginManage:359 - Loaded plugin clock (category:base,tabindex:2)
2025-04-24 20:56:52,160 [INFO] PluginManage:310 - Check plugin ddr
2025-04-24 20:56:52,166 [INFO] PluginManage:359 - Loaded plugin ddr (category:tool,tabindex:6)
2025-04-24 20:56:52,166 [INFO] PluginManage:310 - Check plugin filemanager
2025-04-24 20:56:52,458 [INFO] PluginManage:359 - Loaded plugin filemanager (category:base,tabindex:10)
2025-04-24 20:56:52,458 [INFO] PluginManage:310 - Check plugin ipmanager
2025-04-24 20:56:52,469 [INFO] PluginManage:359 - Loaded plugin ipmanager (category:base,tabindex:5)
2025-04-24 20:56:52,470 [INFO] PluginManage:310 - Check plugin lpbam
2025-04-24 20:56:52,505 [INFO] PluginManage:359 - Loaded plugin lpbam (category:base,tabindex:0)
2025-04-24 20:56:52,505 [INFO] PluginManage:310 - Check plugin memorymap
2025-04-24 20:56:52,560 [INFO] PluginManage:359 - Loaded plugin memorymap (category:base,tabindex:4)
2025-04-24 20:56:52,560 [INFO] PluginManage:310 - Check plugin pinoutandconfiguration
2025-04-24 20:56:52,604 [INFO] PluginManage:359 - Loaded plugin pinoutandconfiguration (category:base,tabindex:1)
2025-04-24 20:56:52,604 [INFO] PluginManage:310 - Check plugin pinoutconfig
2025-04-24 20:56:52,871 [WARN] SupportedApi:132 - Cannot load RTOS API schema: s4s-elt-must-match.1: The content of 'definitions' must match (annotation?, (simpleType | complexType)?, (unique | key | keyref)*)). A problem was found starting at: attribute.
2025-04-24 20:56:53,100 [INFO] PluginManage:359 - Loaded plugin pinoutconfig (category:base,tabindex:0)
2025-04-24 20:56:53,100 [INFO] PluginManage:310 - Check plugin power
2025-04-24 20:56:53,144 [INFO] PluginManage:359 - Loaded plugin power (category:power,tabindex:4)
2025-04-24 20:56:53,144 [INFO] PluginManage:310 - Check plugin projectmanager
2025-04-24 20:56:53,182 [INFO] PluginManage:359 - Loaded plugin projectmanager (category:projectmanager,tabindex:3)
2025-04-24 20:56:53,182 [INFO] PluginManage:310 - Check plugin thirdparty
2025-04-24 20:56:53,825 [INFO] PluginManage:359 - Loaded plugin thirdparty (category:base,tabindex:-1)
2025-04-24 20:56:53,825 [INFO] PluginManage:310 - Check plugin tools
2025-04-24 20:56:53,825 [WARN] IntegrityCheckThread:84 - waiting for thirdparty lock release [integrity check]
2025-04-24 20:56:53,826 [INFO] IntegrityCheckThread:86 - entering critical section [integrity check]
2025-04-24 20:56:53,826 [INFO] ThirdPartyUpdaterWithRetryManager:70 - Updater plugin not ready yet. [1/15]
2025-04-24 20:56:53,919 [INFO] PluginManage:359 - Loaded plugin tools (category:base,tabindex:7)
2025-04-24 20:56:53,919 [INFO] PluginManage:310 - Check plugin tutovideos
2025-04-24 20:56:54,154 [INFO] PluginManage:359 - Loaded plugin tutovideos (category:base,tabindex:-1)
2025-04-24 20:56:54,154 [INFO] PluginManage:310 - Check plugin updater
2025-04-24 20:56:54,172 [INFO] PluginManage:359 - Loaded plugin updater (category:base,tabindex:12)
2025-04-24 20:56:54,172 [INFO] PluginManage:310 - Check plugin userauth
2025-04-24 20:56:54,179 [INFO] UserAuth:114 - Init User Auth plugin
2025-04-24 20:56:54,179 [INFO] PluginManage:359 - Loaded plugin userauth (category:base,tabindex:14)
2025-04-24 20:56:54,181 [INFO] PluginManage:283 - PluginManage : Loaded plugins [17]
2025-04-24 20:56:54,562 [INFO] PinOutPanel:1561 - setPackage(No Configuration,No Configuration)
2025-04-24 20:56:54,701 [INFO] CADModel:165 - CPN selected for project level
2025-04-24 20:56:54,701 [INFO] CADModel:114 - Register for checkConnection events
2025-04-24 20:56:54,762 [INFO] IPUIPlugin:80 - create IPUIPlugin
2025-04-24 20:56:54,762 [INFO] PluginManager:220 - loadIPPluginJar : add adc
2025-04-24 20:56:54,859 [INFO] IPUIPlugin:80 - create IPUIPlugin
2025-04-24 20:56:54,859 [INFO] PluginManager:220 - loadIPPluginJar : add aes
2025-04-24 20:56:54,974 [INFO] IPUIPlugin:80 - create IPUIPlugin
2025-04-24 20:56:54,974 [INFO] PluginManager:220 - loadIPPluginJar : add can
2025-04-24 20:56:55,047 [INFO] IPUIPlugin:80 - create IPUIPlugin
2025-04-24 20:56:55,047 [INFO] PluginManager:220 - loadIPPluginJar : add comp
2025-04-24 20:56:55,145 [INFO] IPUIPlugin:80 - create IPUIPlugin
2025-04-24 20:56:55,145 [INFO] PluginManager:220 - loadIPPluginJar : add cryp
2025-04-24 20:56:55,240 [INFO] IPUIPlugin:80 - create IPUIPlugin
2025-04-24 20:56:55,240 [INFO] PluginManager:220 - loadIPPluginJar : add dfsdm
2025-04-24 20:56:55,271 [INFO] IPUIPlugin:80 - create IPUIPlugin
2025-04-24 20:56:55,272 [INFO] PluginManager:220 - loadIPPluginJar : add dma
2025-04-24 20:56:55,400 [INFO] IPUIPlugin:80 - create IPUIPlugin
2025-04-24 20:56:55,400 [INFO] PluginManager:220 - loadIPPluginJar : add dma3
2025-04-24 20:56:55,523 [INFO] IPUIPlugin:80 - create IPUIPlugin
2025-04-24 20:56:55,523 [INFO] PluginManager:220 - loadIPPluginJar : add extmemmanager
2025-04-24 20:56:55,584 [INFO] IPUIPlugin:80 - create IPUIPlugin
2025-04-24 20:56:55,584 [INFO] PluginManager:220 - loadIPPluginJar : add fatfs
2025-04-24 20:56:55,710 [INFO] IPUIPlugin:80 - create IPUIPlugin
2025-04-24 20:56:55,710 [INFO] PluginManager:220 - loadIPPluginJar : add fmc
2025-04-24 20:56:55,745 [INFO] IPUIPlugin:80 - create IPUIPlugin
2025-04-24 20:56:55,746 [INFO] PluginManager:220 - loadIPPluginJar : add freertos
2025-04-24 20:56:55,820 [INFO] IPUIPlugin:80 - create IPUIPlugin
2025-04-24 20:56:55,820 [INFO] PluginManager:220 - loadIPPluginJar : add genericplugin
2025-04-24 20:56:56,105 [INFO] IPUIPlugin:80 - create IPUIPlugin
2025-04-24 20:56:56,105 [INFO] PluginManager:220 - loadIPPluginJar : add gfxmmu
2025-04-24 20:56:56,504 [INFO] IPUIPlugin:80 - create IPUIPlugin
2025-04-24 20:56:56,504 [INFO] PluginManager:220 - loadIPPluginJar : add gic
2025-04-24 20:56:56,534 [INFO] IPUIPlugin:80 - create IPUIPlugin
2025-04-24 20:56:56,534 [INFO] PluginManager:220 - loadIPPluginJar : add gpio
2025-04-24 20:56:56,760 [INFO] IPUIPlugin:80 - create IPUIPlugin
2025-04-24 20:56:56,760 [INFO] PluginManager:220 - loadIPPluginJar : add gtzc
2025-04-24 20:56:56,828 [INFO] ThirdPartyUpdaterWithRetryManager:70 - Updater plugin not ready yet. [2/15]
2025-04-24 20:56:56,837 [INFO] IPUIPlugin:80 - create IPUIPlugin
2025-04-24 20:56:56,837 [INFO] PluginManager:220 - loadIPPluginJar : add hash
2025-04-24 20:56:56,970 [INFO] IPUIPlugin:80 - create IPUIPlugin
2025-04-24 20:56:56,970 [INFO] PluginManager:220 - loadIPPluginJar : add i2c
2025-04-24 20:56:57,085 [INFO] IPUIPlugin:80 - create IPUIPlugin
2025-04-24 20:56:57,086 [INFO] PluginManager:220 - loadIPPluginJar : add i2s
2025-04-24 20:56:57,204 [INFO] IPUIPlugin:80 - create IPUIPlugin
2025-04-24 20:56:57,204 [INFO] PluginManager:220 - loadIPPluginJar : add i3c
2025-04-24 20:56:57,480 [INFO] IPUIPlugin:80 - create IPUIPlugin
2025-04-24 20:56:57,481 [INFO] PluginManager:220 - loadIPPluginJar : add ipddr
2025-04-24 20:56:57,670 [INFO] IPUIPlugin:80 - create IPUIPlugin
2025-04-24 20:56:57,670 [INFO] PluginManager:220 - loadIPPluginJar : add linkedlist
2025-04-24 20:56:57,766 [INFO] IPUIPlugin:80 - create IPUIPlugin
2025-04-24 20:56:57,766 [INFO] PluginManager:220 - loadIPPluginJar : add lorawan
2025-04-24 20:56:57,853 [INFO] IPUIPlugin:80 - create IPUIPlugin
2025-04-24 20:56:57,855 [INFO] PluginManager:220 - loadIPPluginJar : add ltdc
2025-04-24 20:56:57,876 [INFO] IPUIPlugin:80 - create IPUIPlugin
2025-04-24 20:56:57,876 [INFO] PluginManager:220 - loadIPPluginJar : add mdma
2025-04-24 20:56:57,895 [INFO] IPUIPlugin:80 - create IPUIPlugin
2025-04-24 20:56:57,897 [INFO] PluginManager:220 - loadIPPluginJar : add nvic
2025-04-24 20:56:57,956 [INFO] IPUIPlugin:80 - create IPUIPlugin
2025-04-24 20:56:57,956 [INFO] PluginManager:220 - loadIPPluginJar : add opamp
2025-04-24 20:56:58,091 [INFO] IPUIPlugin:80 - create IPUIPlugin
2025-04-24 20:56:58,091 [INFO] PluginManager:220 - loadIPPluginJar : add openamp
2025-04-24 20:56:58,191 [INFO] IPUIPlugin:80 - create IPUIPlugin
2025-04-24 20:56:58,191 [INFO] PluginManager:220 - loadIPPluginJar : add pdm2pcm
2025-04-24 20:56:58,216 [INFO] IPUIPlugin:80 - create IPUIPlugin
2025-04-24 20:56:58,220 [INFO] PluginManager:220 - loadIPPluginJar : add plateformsettings
2025-04-24 20:56:58,288 [INFO] IPUIPlugin:80 - create IPUIPlugin
2025-04-24 20:56:58,288 [INFO] PluginManager:220 - loadIPPluginJar : add quadspi
2025-04-24 20:56:58,316 [INFO] IPUIPlugin:80 - create IPUIPlugin
2025-04-24 20:56:58,316 [INFO] PluginManager:220 - loadIPPluginJar : add resmgrutility
2025-04-24 20:56:58,430 [INFO] IPUIPlugin:80 - create IPUIPlugin
2025-04-24 20:56:58,430 [INFO] PluginManager:220 - loadIPPluginJar : add sai
2025-04-24 20:56:58,530 [INFO] IPUIPlugin:80 - create IPUIPlugin
2025-04-24 20:56:58,532 [INFO] PluginManager:220 - loadIPPluginJar : add spi
2025-04-24 20:56:58,705 [INFO] IPUIPlugin:80 - create IPUIPlugin
2025-04-24 20:56:58,705 [INFO] PluginManager:220 - loadIPPluginJar : add stm32_wpan
2025-04-24 20:56:58,761 [INFO] IPUIPlugin:80 - create IPUIPlugin
2025-04-24 20:56:58,761 [INFO] PluginManager:220 - loadIPPluginJar : add tim
2025-04-24 20:56:58,927 [INFO] IPUIPlugin:80 - create IPUIPlugin
2025-04-24 20:56:58,928 [INFO] PluginManager:220 - loadIPPluginJar : add touchsensing
2025-04-24 20:56:59,004 [INFO] IPUIPlugin:80 - create IPUIPlugin
2025-04-24 20:56:59,004 [INFO] PluginManager:220 - loadIPPluginJar : add tracer_emb
2025-04-24 20:56:59,075 [INFO] IPUIPlugin:80 - create IPUIPlugin
2025-04-24 20:56:59,075 [INFO] PluginManager:220 - loadIPPluginJar : add ts
2025-04-24 20:56:59,141 [INFO] IPUIPlugin:80 - create IPUIPlugin
2025-04-24 20:56:59,141 [INFO] PluginManager:220 - loadIPPluginJar : add tsc
2025-04-24 20:56:59,195 [INFO] IPUIPlugin:80 - create IPUIPlugin
2025-04-24 20:56:59,195 [INFO] PluginManager:220 - loadIPPluginJar : add ucpd
2025-04-24 20:56:59,312 [INFO] IPUIPlugin:80 - create IPUIPlugin
2025-04-24 20:56:59,312 [INFO] PluginManager:220 - loadIPPluginJar : add usart
2025-04-24 20:56:59,436 [INFO] IPUIPlugin:80 - create IPUIPlugin
2025-04-24 20:56:59,436 [INFO] PluginManager:220 - loadIPPluginJar : add usbx
2025-04-24 20:56:59,641 [INFO] CADModel:165 - CPN selected for project level
2025-04-24 20:56:59,641 [INFO] CADModel:114 - Register for checkConnection events
2025-04-24 20:56:59,642 [FATAL] Updater:308 - Updater called before beeing initialized
2025-04-24 20:56:59,642 [ERROR] CADModel:125 - Updater not yet initialized, retry later 
2025-04-24 20:56:59,829 [INFO] ThirdPartyUpdaterWithRetryManager:70 - Updater plugin not ready yet. [3/15]
2025-04-24 20:56:59,943 [INFO] CADModel:165 - CPN selected for project level
2025-04-24 20:56:59,943 [INFO] CADModel:114 - Register for checkConnection events
2025-04-24 20:56:59,943 [FATAL] Updater:308 - Updater called before beeing initialized
2025-04-24 20:56:59,943 [ERROR] CADModel:125 - Updater not yet initialized, retry later 
2025-04-24 20:56:59,949 [FATAL] Updater:308 - Updater called before beeing initialized
2025-04-24 20:57:00,177 [FATAL] Updater:308 - Updater called before beeing initialized
2025-04-24 20:57:00,212 [INFO] DbMcusAds:53 - JSON generation date=Fri Sep 20 15:04:23 CEST 2024 (1726837463113)
2025-04-24 20:57:00,212 [FATAL] Updater:308 - Updater called before beeing initialized
2025-04-24 20:57:00,394 [WARN] DetailPanel:346 - Failed to get advertising image, set to default
2025-04-24 20:57:00,561 [FATAL] Updater:308 - Updater called before beeing initialized
2025-04-24 20:57:00,566 [FATAL] Updater:308 - Updater called before beeing initialized
2025-04-24 20:57:00,566 [FATAL] Updater:308 - Updater called before beeing initialized
2025-04-24 20:57:00,566 [WARN] DetailPanel:346 - Failed to get advertising image, set to default
2025-04-24 20:57:00,567 [FATAL] Updater:308 - Updater called before beeing initialized
2025-04-24 20:57:00,703 [ERROR] Updater:1120 - MainUpdater not yet initialized. External WinMGr cannot be set.
2025-04-24 20:57:00,732 [INFO] Updater:1056 - Updater Version found : 6.11.1
2025-04-24 20:57:00,764 [INFO] ApplicationProperties:184 - Using Application install path: C:\ST\STM32CubeIDE_1.15.1\STM32CubeIDE\plugins\com.st.stm32cube.common.mx_6.11.1.202404110753
2025-04-24 20:57:02,374 [ERROR] LogOutputStream:75 - [STDERR_REDIRECT] Apr 24, 2025 8:57:02 PM java.util.prefs.WindowsPreferences <init>
2025-04-24 20:57:02,376 [ERROR] LogOutputStream:75 - [STDERR_REDIRECT] WARNING: Could not open/create prefs root node Software\JavaSoft\Prefs at root 0xffffffff80000002. Windows RegCreateKeyEx(...) returned error code 5.
2025-04-24 20:57:02,377 [ERROR] LogOutputStream:75 - [STDERR_REDIRECT] 
2025-04-24 20:57:02,830 [FATAL] Updater:308 - Updater called before beeing initialized
2025-04-24 20:57:02,830 [ERROR] IntegrityCheckThread:130 - Cannot retrieve database content from updater: error 21
2025-04-24 20:57:02,830 [INFO] ThirdParty:978 - Integrity check success = false
2025-04-24 20:57:02,830 [INFO] IntegrityCheckThread:100 - exiting critical section [integrity check]
2025-04-24 20:57:02,832 [INFO] IntegrityCheckThread:103 - End integrity checks thread
2025-04-24 20:57:03,209 [INFO] MainUpdater:2873 - connection check result : 10
2025-04-24 20:57:03,211 [INFO] MainUpdater:290 - Updater Check For Update Now.
2025-04-24 20:57:03,211 [INFO] MicroXplorer:498 - Change Database Version : DB.6.0.111
2025-04-24 20:57:03,244 [INFO] McuFinderGlobals:63 - Set McuFinder mode to 2 (CubeIDE integrated)
2025-04-24 20:57:03,274 [INFO] UserAuth:415 - Internet connection configuration mode: 1
2025-04-24 20:57:03,337 [INFO] JxBrowserEngine:152 - Initiate JxBrowser Engine with user profile folder
2025-04-24 20:57:03,530 [INFO] CheckServerUpdateThread:120 - End of CheckServer Thread
2025-04-24 20:57:11,820 [INFO] WebApp:161 - Instantiating new browser for Auth
2025-04-24 20:57:12,438 [INFO] WebApp:779 - Register for checkConnection events
2025-04-24 20:57:12,439 [INFO] WebApp:414 - Apply proxy settings
2025-04-24 20:57:12,439 [INFO] WebApp:499 - Chromium requires no authentication
2025-04-24 20:57:12,445 [INFO] WebApp:442 - Direct internet connection detected
2025-04-24 20:57:12,611 [INFO] WebApp:192 - Starting web application
2025-04-24 20:57:12,611 [INFO] WebApp:544 - Web application path used C:\ST\STM32CubeIDE_1.15.1\STM32CubeIDE\plugins\com.st.stm32cube.common.mx_6.11.1.202404110753\db\plugins\mcufinder\reactClient1\index.html
2025-04-24 22:32:48,884 [ERROR] LogOutputStream:75 - [STDERR_REDIRECT] 
