2024-11-06 17:55:45,428 [INFO] Activator:176 - 


2024-11-06 17:55:45,433 [INFO] Activator:177 - !SESSION log4j initialized
2024-11-06 17:55:51,676 [INFO] LogOutputStream:77 - [STDOUT_REDIRECT] 
2024-11-06 17:55:54,386 [INFO] ApplicationProperties:184 - Using Application install path: C:\ST\STM32CubeIDE_1.15.1\STM32CubeIDE\plugins\com.st.stm32cube.common.mx_6.11.1.202404110753
2024-11-06 17:55:54,430 [INFO] DbMcusXml:78 - Set database path to: C:\ST\STM32CubeIDE_1.15.1\STM32CubeIDE\plugins\com.st.stm32cube.common.mx_6.11.1.202404110753\\db\/mcu/
2024-11-06 17:55:54,431 [INFO] ApiDb:274 - Set plugin database path to: C:\ST\STM32CubeIDE_1.15.1\STM32CubeIDE\plugins\com.st.stm32cube.common.mx_6.11.1.202404110753\\db\/plugins/boardmanager/
2024-11-06 17:55:54,431 [WARN] ApiDb:259 - Overriding images path with different value:  => C:\ST\STM32CubeIDE_1.15.1\STM32CubeIDE\plugins\com.st.stm32cube.common.mx_6.11.1.202404110753\\db\/plugins/mcufinder/images/
2024-11-06 17:55:54,452 [INFO] ApiDb:250 - Set database path to: C:\Users\dbank\.stmcufinder\plugins\mcufinder//mcu/
2024-11-06 17:55:54,455 [INFO] DbMcusAds:125 - Set database path to: C:\Users\dbank\.stmcufinder\plugins\mcufinder//mcu/
2024-11-06 17:55:54,458 [INFO] CrossReferenceDbSqlite:203 - Set database path to: C:\Users\dbank\.stmcufinder\plugins\mcufinder//mcu/cs/
2024-11-06 17:55:54,623 [INFO] RulesReader:64 - Compatibility file has been processed (297 Rules)
2024-11-06 17:55:54,752 [INFO] DbMcusXml:78 - Set database path to: C:\ST\STM32CubeIDE_1.15.1\STM32CubeIDE\plugins\com.st.stm32cube.common.mx_6.11.1.202404110753\\db\/mcu/
2024-11-06 17:55:54,753 [INFO] ApiDb:274 - Set plugin database path to: C:\ST\STM32CubeIDE_1.15.1\STM32CubeIDE\plugins\com.st.stm32cube.common.mx_6.11.1.202404110753\\db\/plugins/boardmanager/
2024-11-06 17:55:54,753 [INFO] ApiDb:261 - Set plugin images path to: C:\ST\STM32CubeIDE_1.15.1\STM32CubeIDE\plugins\com.st.stm32cube.common.mx_6.11.1.202404110753\\db\/plugins/mcufinder/images/
2024-11-06 17:55:54,754 [WARN] DbFile:41 - Overriding database path with different value: C:\Users\dbank\.stmcufinder\plugins\mcufinder/ => C:\Users\dbank\.stmcufinder\plugins\mcufinder
2024-11-06 17:55:54,754 [INFO] ApiDb:250 - Set database path to: C:\Users\dbank\.stmcufinder\plugins\mcufinder//mcu/
2024-11-06 17:55:54,754 [WARN] DbFile:41 - Overriding database path with different value: C:\Users\dbank\.stmcufinder\plugins\mcufinder/ => C:\Users\dbank\.stmcufinder\plugins\mcufinder
2024-11-06 17:55:54,754 [INFO] DbMcusAds:125 - Set database path to: C:\Users\dbank\.stmcufinder\plugins\mcufinder//mcu/
2024-11-06 17:55:54,754 [WARN] DbFile:41 - Overriding database path with different value: C:\Users\dbank\.stmcufinder\plugins\mcufinder/ => C:\Users\dbank\.stmcufinder\plugins\mcufinder
2024-11-06 17:55:54,754 [WARN] DbFile:41 - Overriding database path with different value: C:\Users\dbank\.stmcufinder\plugins\mcufinder/ => C:\Users\dbank\.stmcufinder\plugins\mcufinder
2024-11-06 17:55:54,754 [INFO] CrossReferenceDbSqlite:203 - Set database path to: C:\Users\dbank\.stmcufinder\plugins\mcufinder//mcu/cs/
2024-11-06 17:55:54,868 [INFO] MainPanel:264 - HeapMemory: 268435456
2024-11-06 17:55:55,036 [INFO] DbMcusXml:78 - Set database path to: C:\ST\STM32CubeIDE_1.15.1\STM32CubeIDE\plugins\com.st.stm32cube.common.mx_6.11.1.202404110753\\db\/mcu/
2024-11-06 17:55:55,036 [INFO] ApiDb:274 - Set plugin database path to: C:\ST\STM32CubeIDE_1.15.1\STM32CubeIDE\plugins\com.st.stm32cube.common.mx_6.11.1.202404110753\\db\/plugins/boardmanager/
2024-11-06 17:55:55,036 [INFO] ApiDb:261 - Set plugin images path to: C:\ST\STM32CubeIDE_1.15.1\STM32CubeIDE\plugins\com.st.stm32cube.common.mx_6.11.1.202404110753\\db\/plugins/mcufinder/images/
2024-11-06 17:55:55,037 [WARN] DbFile:41 - Overriding database path with different value: C:\Users\dbank\.stmcufinder\plugins\mcufinder/ => C:\Users\dbank\.stmcufinder\plugins\mcufinder
2024-11-06 17:55:55,037 [INFO] ApiDb:250 - Set database path to: C:\Users\dbank\.stmcufinder\plugins\mcufinder//mcu/
2024-11-06 17:55:55,037 [WARN] DbFile:41 - Overriding database path with different value: C:\Users\dbank\.stmcufinder\plugins\mcufinder/ => C:\Users\dbank\.stmcufinder\plugins\mcufinder
2024-11-06 17:55:55,037 [INFO] DbMcusAds:125 - Set database path to: C:\Users\dbank\.stmcufinder\plugins\mcufinder//mcu/
2024-11-06 17:55:55,037 [WARN] DbFile:41 - Overriding database path with different value: C:\Users\dbank\.stmcufinder\plugins\mcufinder/ => C:\Users\dbank\.stmcufinder\plugins\mcufinder
2024-11-06 17:55:55,037 [WARN] DbFile:41 - Overriding database path with different value: C:\Users\dbank\.stmcufinder\plugins\mcufinder/ => C:\Users\dbank\.stmcufinder\plugins\mcufinder
2024-11-06 17:55:55,037 [INFO] CrossReferenceDbSqlite:203 - Set database path to: C:\Users\dbank\.stmcufinder\plugins\mcufinder//mcu/cs/
2024-11-06 17:55:55,072 [INFO] ApplicationProperties:184 - Using Application install path: C:\ST\STM32CubeIDE_1.15.1\STM32CubeIDE\plugins\com.st.stm32cube.common.mx_6.11.1.202404110753
2024-11-06 17:55:55,075 [INFO] PluginManage:196 - Search for loadable plugins [exclusion list=, ]
2024-11-06 17:55:55,078 [INFO] PluginManage:310 - Check plugin analytics
2024-11-06 17:55:55,442 [INFO] AnalyticsPlugin:253 - Accepted Software Licenses: STM32CubeMX.6.11.1
2024-11-06 17:55:55,442 [INFO] AnalyticsPlugin:255 - Accepted CMSIS Pack Licenses: STMicroelectronics.X-CUBE-AZRTOS-H7.3.3.0
2024-11-06 17:55:55,442 [INFO] AnalyticsPlugin:257 - Accepted Firmware Licenses: FW.H7.1.11.0,FW.H7.1.10.0,FW.L4.1.18.0,FW.F4.1.28.0
2024-11-06 17:55:55,447 [INFO] PluginManage:359 - Loaded plugin analytics (category:tool,tabindex:-1)
2024-11-06 17:55:55,447 [INFO] PluginManage:310 - Check plugin cadmodel
2024-11-06 17:55:55,475 [INFO] CADModel:105 - Init CAD model plugin
2024-11-06 17:55:55,475 [INFO] PluginManage:359 - Loaded plugin cadmodel (category:power,tabindex:5)
2024-11-06 17:55:55,475 [INFO] PluginManage:310 - Check plugin clock
2024-11-06 17:55:55,514 [INFO] PluginManage:359 - Loaded plugin clock (category:base,tabindex:2)
2024-11-06 17:55:55,515 [INFO] PluginManage:310 - Check plugin ddr
2024-11-06 17:55:55,517 [INFO] PluginManage:359 - Loaded plugin ddr (category:tool,tabindex:6)
2024-11-06 17:55:55,518 [INFO] PluginManage:310 - Check plugin filemanager
2024-11-06 17:55:55,813 [INFO] PluginManage:359 - Loaded plugin filemanager (category:base,tabindex:10)
2024-11-06 17:55:55,813 [INFO] PluginManage:310 - Check plugin ipmanager
2024-11-06 17:55:55,829 [INFO] PluginManage:359 - Loaded plugin ipmanager (category:base,tabindex:5)
2024-11-06 17:55:55,829 [INFO] PluginManage:310 - Check plugin lpbam
2024-11-06 17:55:55,866 [INFO] PluginManage:359 - Loaded plugin lpbam (category:base,tabindex:0)
2024-11-06 17:55:55,866 [INFO] PluginManage:310 - Check plugin memorymap
2024-11-06 17:55:55,905 [INFO] PluginManage:359 - Loaded plugin memorymap (category:base,tabindex:4)
2024-11-06 17:55:55,905 [INFO] PluginManage:310 - Check plugin pinoutandconfiguration
2024-11-06 17:55:55,942 [INFO] PluginManage:359 - Loaded plugin pinoutandconfiguration (category:base,tabindex:1)
2024-11-06 17:55:55,943 [INFO] PluginManage:310 - Check plugin pinoutconfig
2024-11-06 17:55:56,140 [WARN] SupportedApi:132 - Cannot load RTOS API schema: s4s-elt-must-match.1: The content of 'definitions' must match (annotation?, (simpleType | complexType)?, (unique | key | keyref)*)). A problem was found starting at: attribute.
2024-11-06 17:55:56,415 [INFO] PluginManage:359 - Loaded plugin pinoutconfig (category:base,tabindex:0)
2024-11-06 17:55:56,415 [INFO] PluginManage:310 - Check plugin power
2024-11-06 17:55:56,441 [INFO] PluginManage:359 - Loaded plugin power (category:power,tabindex:4)
2024-11-06 17:55:56,442 [INFO] PluginManage:310 - Check plugin projectmanager
2024-11-06 17:55:56,461 [INFO] PluginManage:359 - Loaded plugin projectmanager (category:projectmanager,tabindex:3)
2024-11-06 17:55:56,462 [INFO] PluginManage:310 - Check plugin thirdparty
2024-11-06 17:55:56,879 [INFO] PluginManage:359 - Loaded plugin thirdparty (category:base,tabindex:-1)
2024-11-06 17:55:56,878 [WARN] IntegrityCheckThread:84 - waiting for thirdparty lock release [integrity check]
2024-11-06 17:55:56,879 [INFO] PluginManage:310 - Check plugin tools
2024-11-06 17:55:56,879 [INFO] IntegrityCheckThread:86 - entering critical section [integrity check]
2024-11-06 17:55:56,879 [INFO] ThirdPartyUpdaterWithRetryManager:70 - Updater plugin not ready yet. [1/15]
2024-11-06 17:55:56,940 [INFO] PluginManage:359 - Loaded plugin tools (category:base,tabindex:7)
2024-11-06 17:55:56,941 [INFO] PluginManage:310 - Check plugin tutovideos
2024-11-06 17:55:57,237 [INFO] PluginManage:359 - Loaded plugin tutovideos (category:base,tabindex:-1)
2024-11-06 17:55:57,237 [INFO] PluginManage:310 - Check plugin updater
2024-11-06 17:55:57,254 [INFO] PluginManage:359 - Loaded plugin updater (category:base,tabindex:12)
2024-11-06 17:55:57,254 [INFO] PluginManage:310 - Check plugin userauth
2024-11-06 17:55:57,262 [INFO] UserAuth:114 - Init User Auth plugin
2024-11-06 17:55:57,262 [INFO] PluginManage:359 - Loaded plugin userauth (category:base,tabindex:14)
2024-11-06 17:55:57,263 [INFO] PluginManage:283 - PluginManage : Loaded plugins [17]
2024-11-06 17:55:57,631 [INFO] PinOutPanel:1561 - setPackage(No Configuration,No Configuration)
2024-11-06 17:55:57,757 [INFO] CADModel:165 - CPN selected for project level
2024-11-06 17:55:57,757 [INFO] CADModel:114 - Register for checkConnection events
2024-11-06 17:55:57,807 [INFO] IPUIPlugin:80 - create IPUIPlugin
2024-11-06 17:55:57,807 [INFO] PluginManager:220 - loadIPPluginJar : add adc
2024-11-06 17:55:57,861 [INFO] IPUIPlugin:80 - create IPUIPlugin
2024-11-06 17:55:57,861 [INFO] PluginManager:220 - loadIPPluginJar : add aes
2024-11-06 17:55:57,941 [INFO] IPUIPlugin:80 - create IPUIPlugin
2024-11-06 17:55:57,954 [INFO] PluginManager:220 - loadIPPluginJar : add can
2024-11-06 17:55:57,992 [INFO] IPUIPlugin:80 - create IPUIPlugin
2024-11-06 17:55:57,992 [INFO] PluginManager:220 - loadIPPluginJar : add comp
2024-11-06 17:55:58,044 [INFO] IPUIPlugin:80 - create IPUIPlugin
2024-11-06 17:55:58,044 [INFO] PluginManager:220 - loadIPPluginJar : add cryp
2024-11-06 17:55:58,098 [INFO] IPUIPlugin:80 - create IPUIPlugin
2024-11-06 17:55:58,098 [INFO] PluginManager:220 - loadIPPluginJar : add dfsdm
2024-11-06 17:55:58,119 [INFO] IPUIPlugin:80 - create IPUIPlugin
2024-11-06 17:55:58,120 [INFO] PluginManager:220 - loadIPPluginJar : add dma
2024-11-06 17:55:58,211 [INFO] IPUIPlugin:80 - create IPUIPlugin
2024-11-06 17:55:58,212 [INFO] PluginManager:220 - loadIPPluginJar : add dma3
2024-11-06 17:55:58,306 [INFO] IPUIPlugin:80 - create IPUIPlugin
2024-11-06 17:55:58,307 [INFO] PluginManager:220 - loadIPPluginJar : add extmemmanager
2024-11-06 17:55:58,350 [INFO] IPUIPlugin:80 - create IPUIPlugin
2024-11-06 17:55:58,350 [INFO] PluginManager:220 - loadIPPluginJar : add fatfs
2024-11-06 17:55:58,448 [INFO] IPUIPlugin:80 - create IPUIPlugin
2024-11-06 17:55:58,448 [INFO] PluginManager:220 - loadIPPluginJar : add fmc
2024-11-06 17:55:58,480 [INFO] IPUIPlugin:80 - create IPUIPlugin
2024-11-06 17:55:58,480 [INFO] PluginManager:220 - loadIPPluginJar : add freertos
2024-11-06 17:55:58,525 [INFO] IPUIPlugin:80 - create IPUIPlugin
2024-11-06 17:55:58,526 [INFO] PluginManager:220 - loadIPPluginJar : add genericplugin
2024-11-06 17:55:58,734 [INFO] IPUIPlugin:80 - create IPUIPlugin
2024-11-06 17:55:58,734 [INFO] PluginManager:220 - loadIPPluginJar : add gfxmmu
2024-11-06 17:55:59,009 [INFO] IPUIPlugin:80 - create IPUIPlugin
2024-11-06 17:55:59,010 [INFO] PluginManager:220 - loadIPPluginJar : add gic
2024-11-06 17:55:59,034 [INFO] IPUIPlugin:80 - create IPUIPlugin
2024-11-06 17:55:59,034 [INFO] PluginManager:220 - loadIPPluginJar : add gpio
2024-11-06 17:55:59,208 [INFO] IPUIPlugin:80 - create IPUIPlugin
2024-11-06 17:55:59,209 [INFO] PluginManager:220 - loadIPPluginJar : add gtzc
2024-11-06 17:55:59,255 [INFO] IPUIPlugin:80 - create IPUIPlugin
2024-11-06 17:55:59,256 [INFO] PluginManager:220 - loadIPPluginJar : add hash
2024-11-06 17:55:59,336 [INFO] IPUIPlugin:80 - create IPUIPlugin
2024-11-06 17:55:59,336 [INFO] PluginManager:220 - loadIPPluginJar : add i2c
2024-11-06 17:55:59,408 [INFO] IPUIPlugin:80 - create IPUIPlugin
2024-11-06 17:55:59,409 [INFO] PluginManager:220 - loadIPPluginJar : add i2s
2024-11-06 17:55:59,485 [INFO] IPUIPlugin:80 - create IPUIPlugin
2024-11-06 17:55:59,485 [INFO] PluginManager:220 - loadIPPluginJar : add i3c
2024-11-06 17:55:59,669 [INFO] IPUIPlugin:80 - create IPUIPlugin
2024-11-06 17:55:59,670 [INFO] PluginManager:220 - loadIPPluginJar : add ipddr
2024-11-06 17:55:59,804 [INFO] IPUIPlugin:80 - create IPUIPlugin
2024-11-06 17:55:59,804 [INFO] PluginManager:220 - loadIPPluginJar : add linkedlist
2024-11-06 17:55:59,869 [INFO] IPUIPlugin:80 - create IPUIPlugin
2024-11-06 17:55:59,870 [INFO] PluginManager:220 - loadIPPluginJar : add lorawan
2024-11-06 17:55:59,892 [INFO] ThirdPartyUpdaterWithRetryManager:70 - Updater plugin not ready yet. [2/15]
2024-11-06 17:55:59,938 [INFO] IPUIPlugin:80 - create IPUIPlugin
2024-11-06 17:55:59,938 [INFO] PluginManager:220 - loadIPPluginJar : add ltdc
2024-11-06 17:55:59,960 [INFO] IPUIPlugin:80 - create IPUIPlugin
2024-11-06 17:55:59,960 [INFO] PluginManager:220 - loadIPPluginJar : add mdma
2024-11-06 17:55:59,980 [INFO] IPUIPlugin:80 - create IPUIPlugin
2024-11-06 17:55:59,980 [INFO] PluginManager:220 - loadIPPluginJar : add nvic
2024-11-06 17:56:00,051 [INFO] IPUIPlugin:80 - create IPUIPlugin
2024-11-06 17:56:00,052 [INFO] PluginManager:220 - loadIPPluginJar : add opamp
2024-11-06 17:56:00,157 [INFO] IPUIPlugin:80 - create IPUIPlugin
2024-11-06 17:56:00,157 [INFO] PluginManager:220 - loadIPPluginJar : add openamp
2024-11-06 17:56:00,233 [INFO] IPUIPlugin:80 - create IPUIPlugin
2024-11-06 17:56:00,234 [INFO] PluginManager:220 - loadIPPluginJar : add pdm2pcm
2024-11-06 17:56:00,259 [INFO] IPUIPlugin:80 - create IPUIPlugin
2024-11-06 17:56:00,262 [INFO] PluginManager:220 - loadIPPluginJar : add plateformsettings
2024-11-06 17:56:00,311 [INFO] IPUIPlugin:80 - create IPUIPlugin
2024-11-06 17:56:00,311 [INFO] PluginManager:220 - loadIPPluginJar : add quadspi
2024-11-06 17:56:00,334 [INFO] IPUIPlugin:80 - create IPUIPlugin
2024-11-06 17:56:00,334 [INFO] PluginManager:220 - loadIPPluginJar : add resmgrutility
2024-11-06 17:56:00,443 [INFO] IPUIPlugin:80 - create IPUIPlugin
2024-11-06 17:56:00,443 [INFO] PluginManager:220 - loadIPPluginJar : add sai
2024-11-06 17:56:00,523 [INFO] IPUIPlugin:80 - create IPUIPlugin
2024-11-06 17:56:00,523 [INFO] PluginManager:220 - loadIPPluginJar : add spi
2024-11-06 17:56:00,658 [INFO] IPUIPlugin:80 - create IPUIPlugin
2024-11-06 17:56:00,658 [INFO] PluginManager:220 - loadIPPluginJar : add stm32_wpan
2024-11-06 17:56:00,700 [INFO] IPUIPlugin:80 - create IPUIPlugin
2024-11-06 17:56:00,700 [INFO] PluginManager:220 - loadIPPluginJar : add tim
2024-11-06 17:56:00,796 [INFO] IPUIPlugin:80 - create IPUIPlugin
2024-11-06 17:56:00,796 [INFO] PluginManager:220 - loadIPPluginJar : add touchsensing
2024-11-06 17:56:00,839 [INFO] IPUIPlugin:80 - create IPUIPlugin
2024-11-06 17:56:00,839 [INFO] PluginManager:220 - loadIPPluginJar : add tracer_emb
2024-11-06 17:56:00,878 [INFO] IPUIPlugin:80 - create IPUIPlugin
2024-11-06 17:56:00,878 [INFO] PluginManager:220 - loadIPPluginJar : add ts
2024-11-06 17:56:00,918 [INFO] IPUIPlugin:80 - create IPUIPlugin
2024-11-06 17:56:00,919 [INFO] PluginManager:220 - loadIPPluginJar : add tsc
2024-11-06 17:56:00,954 [INFO] IPUIPlugin:80 - create IPUIPlugin
2024-11-06 17:56:00,954 [INFO] PluginManager:220 - loadIPPluginJar : add ucpd
2024-11-06 17:56:01,034 [INFO] IPUIPlugin:80 - create IPUIPlugin
2024-11-06 17:56:01,034 [INFO] PluginManager:220 - loadIPPluginJar : add usart
2024-11-06 17:56:01,117 [INFO] IPUIPlugin:80 - create IPUIPlugin
2024-11-06 17:56:01,117 [INFO] PluginManager:220 - loadIPPluginJar : add usbx
2024-11-06 17:56:01,303 [INFO] CADModel:165 - CPN selected for project level
2024-11-06 17:56:01,303 [INFO] CADModel:114 - Register for checkConnection events
2024-11-06 17:56:01,304 [FATAL] Updater:308 - Updater called before beeing initialized
2024-11-06 17:56:01,304 [ERROR] CADModel:125 - Updater not yet initialized, retry later 
2024-11-06 17:56:01,486 [INFO] CADModel:165 - CPN selected for project level
2024-11-06 17:56:01,486 [INFO] CADModel:114 - Register for checkConnection events
2024-11-06 17:56:01,486 [FATAL] Updater:308 - Updater called before beeing initialized
2024-11-06 17:56:01,486 [ERROR] CADModel:125 - Updater not yet initialized, retry later 
2024-11-06 17:56:01,490 [FATAL] Updater:308 - Updater called before beeing initialized
2024-11-06 17:56:01,658 [FATAL] Updater:308 - Updater called before beeing initialized
2024-11-06 17:56:01,674 [INFO] DbMcusAds:53 - JSON generation date=Fri Sep 20 15:04:23 CEST 2024 (1726837463113)
2024-11-06 17:56:01,674 [FATAL] Updater:308 - Updater called before beeing initialized
2024-11-06 17:56:01,777 [WARN] DetailPanel:346 - Failed to get advertising image, set to default
2024-11-06 17:56:01,891 [FATAL] Updater:308 - Updater called before beeing initialized
2024-11-06 17:56:01,894 [FATAL] Updater:308 - Updater called before beeing initialized
2024-11-06 17:56:01,894 [FATAL] Updater:308 - Updater called before beeing initialized
2024-11-06 17:56:01,894 [WARN] DetailPanel:346 - Failed to get advertising image, set to default
2024-11-06 17:56:01,895 [FATAL] Updater:308 - Updater called before beeing initialized
2024-11-06 17:56:01,974 [ERROR] Updater:1120 - MainUpdater not yet initialized. External WinMGr cannot be set.
2024-11-06 17:56:01,988 [INFO] Updater:1056 - Updater Version found : 6.11.1
2024-11-06 17:56:02,013 [INFO] ApplicationProperties:184 - Using Application install path: C:\ST\STM32CubeIDE_1.15.1\STM32CubeIDE\plugins\com.st.stm32cube.common.mx_6.11.1.202404110753
2024-11-06 17:56:02,908 [INFO] ThirdPartyUpdaterWithRetryManager:70 - Updater plugin not ready yet. [3/15]
2024-11-06 17:56:03,633 [ERROR] LogOutputStream:75 - [STDERR_REDIRECT] Nov 06, 2024 5:56:03 PM java.util.prefs.WindowsPreferences <init>
2024-11-06 17:56:03,635 [ERROR] LogOutputStream:75 - [STDERR_REDIRECT] WARNING: Could not open/create prefs root node Software\JavaSoft\Prefs at root 0xffffffff80000002. Windows RegCreateKeyEx(...) returned error code 5.
2024-11-06 17:56:03,636 [ERROR] LogOutputStream:75 - [STDERR_REDIRECT] 
2024-11-06 17:56:04,153 [INFO] MainUpdater:2873 - connection check result : 10
2024-11-06 17:56:04,154 [INFO] MainUpdater:290 - Updater Check For Update Now.
2024-11-06 17:56:04,154 [INFO] MicroXplorer:498 - Change Database Version : DB.6.0.111
2024-11-06 17:56:04,172 [INFO] McuFinderGlobals:63 - Set McuFinder mode to 2 (CubeIDE integrated)
2024-11-06 17:56:04,192 [INFO] UserAuth:415 - Internet connection configuration mode: 1
2024-11-06 17:56:04,221 [INFO] JxBrowserEngine:152 - Initiate JxBrowser Engine with user profile folder
2024-11-06 17:56:04,441 [INFO] CheckServerUpdateThread:120 - End of CheckServer Thread
2024-11-06 17:56:06,200 [WARN] PackLoader:240 - Cannot read IP mode file for STMicroelectronics.FP-SNS-MOTENVWB1.1.4.0
2024-11-06 17:56:06,219 [WARN] PackLoader:240 - Cannot read IP mode file for STMicroelectronics.X-CUBE-SMBUS.2.1.0
2024-11-06 17:56:06,237 [WARN] PackLoader:240 - Cannot read IP mode file for STMicroelectronics.X-CUBE-WB05N.1.1.0
2024-11-06 17:56:06,252 [WARN] PackLoader:240 - Cannot read IP mode file for STMicroelectronics.X-CUBE-TOUCHGFX.4.23.2
2024-11-06 17:56:06,298 [WARN] PackLoader:240 - Cannot read IP mode file for STMicroelectronics.X-CUBE-AZRTOS-F7.1.1.0
2024-11-06 17:56:06,389 [WARN] PackLoader:240 - Cannot read IP mode file for STMicroelectronics.X-CUBE-MEMS1.11.0.0
2024-11-06 17:56:06,588 [WARN] PackLoader:240 - Cannot read IP mode file for STMicroelectronics.FP-SNS-FLIGHT1.5.0.2
2024-11-06 17:56:06,612 [WARN] PackLoader:240 - Cannot read IP mode file for STMicroelectronics.X-CUBE-DISPLAY.3.0.0
2024-11-06 17:56:06,633 [WARN] PackLoader:240 - Cannot read IP mode file for STMicroelectronics.X-CUBE-BLE1.7.0.0
2024-11-06 17:56:06,654 [WARN] PackLoader:240 - Cannot read IP mode file for STMicroelectronics.X-CUBE-NFC10.1.0.0
2024-11-06 17:56:06,675 [WARN] PackLoader:240 - Cannot read IP mode file for emotas.I-CUBE-CANOPEN.1.3.0
2024-11-06 17:56:06,697 [WARN] PackLoader:240 - Cannot read IP mode file for STMicroelectronics.X-CUBE-BLEMGR.3.1.0
2024-11-06 17:56:06,717 [WARN] PackLoader:240 - Cannot read IP mode file for STMicroelectronics.FP-SNS-SMARTAG2.1.2.0
2024-11-06 17:56:06,743 [INFO] LogOutputStream:77 - [STDOUT_REDIRECT] 1 : Invalid condition id : UX_CORESTACK_Condition cause : null
2024-11-06 17:56:06,743 [INFO] LogOutputStream:77 - [STDOUT_REDIRECT] 1 : Invalid condition id : UX_CORESTACK_Condition cause : null
2024-11-06 17:56:06,746 [INFO] LogOutputStream:77 - [STDOUT_REDIRECT] 1 : Invalid condition id : UX_CORESTACK_Condition cause : null
2024-11-06 17:56:06,747 [INFO] LogOutputStream:77 - [STDOUT_REDIRECT] 1 : Invalid condition id : UX_CORESTACK_Condition cause : null
2024-11-06 17:56:06,748 [INFO] LogOutputStream:77 - [STDOUT_REDIRECT] 1 : Invalid condition id : UX_CORESTACK_Condition cause : null
2024-11-06 17:56:06,752 [WARN] PackLoader:240 - Cannot read IP mode file for STMicroelectronics.X-CUBE-AZRTOS-WL.2.0.0
2024-11-06 17:56:06,772 [WARN] PackLoader:240 - Cannot read IP mode file for STMicroelectronics.FP-SNS-MOTENV1.5.0.0
2024-11-06 17:56:06,787 [WARN] PackLoader:240 - Cannot read IP mode file for wolfSSL.I-CUBE-wolfMQTT.1.19.0
2024-11-06 17:56:06,807 [WARN] PackLoader:240 - Cannot read IP mode file for WES.I-CUBE-Cesium.1.3.0
2024-11-06 17:56:06,827 [WARN] PackLoader:240 - Cannot read IP mode file for STMicroelectronics.X-CUBE-BLE2.3.3.0
2024-11-06 17:56:06,850 [WARN] PackLoader:240 - Cannot read IP mode file for STMicroelectronics.X-CUBE-NFC9.1.0.0
2024-11-06 17:56:06,877 [WARN] PackLoader:240 - Cannot read IP mode file for STMicroelectronics.X-CUBE-TCPP.4.1.0
2024-11-06 17:56:06,899 [WARN] PackLoader:240 - Cannot read IP mode file for STMicroelectronics.X-CUBE-ALGOBUILD.1.3.0
2024-11-06 17:56:06,938 [WARN] PackLoader:240 - Cannot read IP mode file for STMicroelectronics.X-CUBE-AZRTOS-G0.1.1.0
2024-11-06 17:56:06,961 [WARN] PackLoader:240 - Cannot read IP mode file for STMicroelectronics.X-CUBE-SAFEA1.1.2.2
2024-11-06 17:56:06,981 [WARN] PackLoader:240 - Cannot read IP mode file for STMicroelectronics.X-CUBE-NFC4.3.0.0
2024-11-06 17:56:07,004 [WARN] PackLoader:240 - Cannot read IP mode file for EmbeddedOffice.I-CUBE-FS-RTOS.1.0.1
2024-11-06 17:56:07,005 [ERROR] ConditionMgr:805 - Attr not supported : Dmpu
2024-11-06 17:56:07,005 [ERROR] ConditionMgr:805 - Attr not supported : Dmpu
2024-11-06 17:56:07,006 [ERROR] ConditionMgr:805 - Attr not supported : Dmpu
2024-11-06 17:56:07,006 [ERROR] ConditionMgr:805 - Attr not supported : Dmpu
2024-11-06 17:56:07,006 [ERROR] ConditionMgr:805 - Attr not supported : Dmpu
2024-11-06 17:56:07,006 [ERROR] ConditionMgr:805 - Attr not supported : Dmpu
2024-11-06 17:56:07,006 [ERROR] ConditionMgr:805 - Attr not supported : Dmpu
2024-11-06 17:56:07,006 [ERROR] ConditionMgr:805 - Attr not supported : Dmpu
2024-11-06 17:56:07,006 [ERROR] ConditionMgr:805 - Attr not supported : Dmpu
2024-11-06 17:56:07,006 [ERROR] ConditionMgr:805 - Attr not supported : Dmpu
2024-11-06 17:56:07,006 [ERROR] ConditionMgr:805 - Attr not supported : Dmpu
2024-11-06 17:56:07,006 [ERROR] ConditionMgr:805 - Attr not supported : Dmpu
2024-11-06 17:56:07,006 [ERROR] ConditionMgr:805 - Attr not supported : Dmpu
2024-11-06 17:56:07,006 [ERROR] ConditionMgr:805 - Attr not supported : Dmpu
2024-11-06 17:56:07,006 [ERROR] ConditionMgr:805 - Attr not supported : Dmpu
2024-11-06 17:56:07,007 [ERROR] ConditionMgr:805 - Attr not supported : Dmpu
2024-11-06 17:56:07,007 [ERROR] ConditionMgr:805 - Attr not supported : Dmpu
2024-11-06 17:56:07,007 [ERROR] ConditionMgr:805 - Attr not supported : Dmpu
2024-11-06 17:56:07,007 [ERROR] ConditionMgr:805 - Attr not supported : Dmpu
2024-11-06 17:56:07,007 [ERROR] ConditionMgr:805 - Attr not supported : Dmpu
2024-11-06 17:56:07,007 [ERROR] ConditionMgr:805 - Attr not supported : Dmpu
2024-11-06 17:56:07,007 [ERROR] ConditionMgr:805 - Attr not supported : Dmpu
2024-11-06 17:56:07,007 [ERROR] ConditionMgr:805 - Attr not supported : Dmpu
2024-11-06 17:56:07,007 [ERROR] ConditionMgr:805 - Attr not supported : Dmpu
2024-11-06 17:56:07,007 [ERROR] ConditionMgr:805 - Attr not supported : Dmpu
2024-11-06 17:56:07,007 [ERROR] ConditionMgr:805 - Attr not supported : Dmpu
2024-11-06 17:56:07,007 [ERROR] ConditionMgr:805 - Attr not supported : Dmpu
2024-11-06 17:56:07,008 [ERROR] ConditionMgr:805 - Attr not supported : Dmpu
2024-11-06 17:56:07,008 [ERROR] ConditionMgr:805 - Attr not supported : Dmpu
2024-11-06 17:56:07,008 [ERROR] ConditionMgr:805 - Attr not supported : Dmpu
2024-11-06 17:56:07,008 [ERROR] ConditionMgr:805 - Attr not supported : Dmpu
2024-11-06 17:56:07,008 [ERROR] ConditionMgr:805 - Attr not supported : Dmpu
2024-11-06 17:56:07,008 [ERROR] ConditionMgr:805 - Attr not supported : Dmpu
2024-11-06 17:56:07,008 [ERROR] ConditionMgr:805 - Attr not supported : Dmpu
2024-11-06 17:56:07,008 [ERROR] ConditionMgr:805 - Attr not supported : Dmpu
2024-11-06 17:56:07,008 [ERROR] ConditionMgr:805 - Attr not supported : Dmpu
2024-11-06 17:56:07,008 [ERROR] ConditionMgr:805 - Attr not supported : Dmpu
2024-11-06 17:56:07,008 [ERROR] ConditionMgr:805 - Attr not supported : Dmpu
2024-11-06 17:56:07,009 [ERROR] ConditionMgr:805 - Attr not supported : Dmpu
2024-11-06 17:56:07,009 [ERROR] ConditionMgr:805 - Attr not supported : Dmpu
2024-11-06 17:56:07,009 [ERROR] ConditionMgr:805 - Attr not supported : Dmpu
2024-11-06 17:56:07,009 [ERROR] ConditionMgr:805 - Attr not supported : Dmpu
2024-11-06 17:56:07,009 [ERROR] ConditionMgr:805 - Attr not supported : Dmpu
2024-11-06 17:56:07,009 [ERROR] ConditionMgr:805 - Attr not supported : Dmpu
2024-11-06 17:56:07,009 [ERROR] ConditionMgr:805 - Attr not supported : Dmpu
2024-11-06 17:56:07,009 [ERROR] ConditionMgr:805 - Attr not supported : Dmpu
2024-11-06 17:56:07,009 [ERROR] ConditionMgr:805 - Attr not supported : Dmpu
2024-11-06 17:56:07,009 [ERROR] ConditionMgr:805 - Attr not supported : Dmpu
2024-11-06 17:56:07,009 [ERROR] ConditionMgr:805 - Attr not supported : Dmpu
2024-11-06 17:56:07,009 [ERROR] ConditionMgr:805 - Attr not supported : Dmpu
2024-11-06 17:56:07,009 [ERROR] ConditionMgr:805 - Attr not supported : Dmpu
2024-11-06 17:56:07,010 [ERROR] ConditionMgr:805 - Attr not supported : Dmpu
2024-11-06 17:56:07,010 [ERROR] ConditionMgr:805 - Attr not supported : Dmpu
2024-11-06 17:56:07,010 [ERROR] ConditionMgr:805 - Attr not supported : Dmpu
2024-11-06 17:56:07,010 [ERROR] ConditionMgr:805 - Attr not supported : Dmpu
2024-11-06 17:56:07,010 [ERROR] ConditionMgr:805 - Attr not supported : Dmpu
2024-11-06 17:56:07,010 [ERROR] ConditionMgr:805 - Attr not supported : Dmpu
2024-11-06 17:56:07,010 [ERROR] ConditionMgr:805 - Attr not supported : Dmpu
2024-11-06 17:56:07,010 [ERROR] ConditionMgr:805 - Attr not supported : Dmpu
2024-11-06 17:56:07,010 [ERROR] ConditionMgr:805 - Attr not supported : Dmpu
2024-11-06 17:56:07,010 [ERROR] ConditionMgr:805 - Attr not supported : Dmpu
2024-11-06 17:56:07,010 [ERROR] ConditionMgr:805 - Attr not supported : Dmpu
2024-11-06 17:56:07,010 [ERROR] ConditionMgr:805 - Attr not supported : Dmpu
2024-11-06 17:56:07,010 [ERROR] ConditionMgr:805 - Attr not supported : Dmpu
2024-11-06 17:56:07,030 [WARN] PackLoader:240 - Cannot read IP mode file for RealThread.X-CUBE-RT-Thread_Nano.4.1.1
2024-11-06 17:56:07,044 [WARN] PackLoader:240 - Cannot read IP mode file for wolfSSL.I-CUBE-wolfSSL.5.7.0
2024-11-06 17:56:07,062 [WARN] PackLoader:240 - Cannot read IP mode file for STMicroelectronics.FP-ATR-SIGFOX1.3.2.0
2024-11-06 17:56:07,081 [WARN] PackLoader:240 - Cannot read IP mode file for STMicroelectronics.X-CUBE-EEPRMA1.5.1.0
2024-11-06 17:56:07,100 [WARN] PackLoader:240 - Cannot read IP mode file for ITTIA_DB.I-CUBE-ITTIADB.8.9.0
2024-11-06 17:56:07,135 [WARN] PackLoader:240 - Cannot read IP mode file for SEGGER.I-CUBE-embOS.1.3.1
2024-11-06 17:56:07,188 [WARN] PackLoader:240 - Cannot read IP mode file for STMicroelectronics.X-CUBE-ALGOBUILD.1.4.0
2024-11-06 17:56:07,206 [WARN] PackLoader:240 - Cannot read IP mode file for STMicroelectronics.X-CUBE-AI.9.1.0
2024-11-06 17:56:07,229 [WARN] PackLoader:240 - Cannot read IP mode file for STMicroelectronics.X-CUBE-GNSS1.6.0.0
2024-11-06 17:56:07,262 [WARN] PackLoader:240 - Cannot read IP mode file for STMicroelectronics.X-CUBE-AZRTOS-F4.1.1.0
2024-11-06 17:56:07,280 [WARN] PackLoader:240 - Cannot read IP mode file for STMicroelectronics.X-CUBE-ISPU.2.1.0
2024-11-06 17:56:07,296 [WARN] PackLoader:240 - Cannot read IP mode file for STMicroelectronics.X-CUBE-FREERTOS.1.2.0
2024-11-06 17:56:07,334 [WARN] PackLoader:240 - Cannot read IP mode file for STMicroelectronics.X-CUBE-AZRTOS-L5.2.0.0
2024-11-06 17:56:07,360 [WARN] PackLoader:240 - Cannot read IP mode file for STMicroelectronics.X-CUBE-NFC6.3.1.0
2024-11-06 17:56:07,379 [WARN] PackLoader:240 - Cannot read IP mode file for STMicroelectronics.X-CUBE-DPower.1.2.0
2024-11-06 17:56:07,398 [WARN] PackLoader:240 - Cannot read IP mode file for STMicroelectronics.X-CUBE-AI.9.0.0
2024-11-06 17:56:07,416 [WARN] PackLoader:240 - Cannot read IP mode file for STMicroelectronics.X-CUBE-NFC7.1.0.1
2024-11-06 17:56:07,432 [WARN] PackLoader:240 - Cannot read IP mode file for wolfSSL.I-CUBE-wolfTPM.3.2.0
2024-11-06 17:56:07,470 [WARN] ConditionMgr:438 - getConditionDescription Invalid condition id : LAN8742 Phy interface Condition cause : null
2024-11-06 17:56:07,470 [WARN] PackLoader:240 - Cannot read IP mode file for STMicroelectronics.X-CUBE-AZRTOS-L4.2.0.0
2024-11-06 17:56:07,472 [WARN] ConditionMgr:1039 - genDependencies : Invalid condition id : LAN8742 Phy interface Condition cause : null
2024-11-06 17:56:07,473 [WARN] ConditionMgr:1039 - genDependencies : Invalid condition id : LAN8742 Phy interface Condition cause : null
2024-11-06 17:56:07,473 [WARN] ConditionMgr:1039 - genDependencies : Invalid condition id : LAN8742 Phy interface Condition cause : null
2024-11-06 17:56:07,495 [WARN] PackLoader:240 - Cannot read IP mode file for STMicroelectronics.X-CUBE-SFXS2LP1.4.0.0
2024-11-06 17:56:07,543 [WARN] PackLoader:240 - Cannot read IP mode file for STMicroelectronics.X-CUBE-AZRTOS-H7.3.3.0
2024-11-06 17:56:07,868 [WARN] PackLoader:240 - Cannot read IP mode file for STMicroelectronics.X-CUBE-IPS.3.0.0
2024-11-06 17:56:07,905 [WARN] ConditionMgr:438 - getConditionDescription Invalid condition id : UX DEVICE CLASS RTOS Condition cause : null
2024-11-06 17:56:07,906 [WARN] ConditionMgr:438 - getConditionDescription Invalid condition id : UX DEVICE CLASS RTOS Condition cause : null
2024-11-06 17:56:07,907 [WARN] PackLoader:240 - Cannot read IP mode file for STMicroelectronics.X-CUBE-AZRTOS-WB.2.0.0
2024-11-06 17:56:07,908 [WARN] ConditionMgr:1039 - genDependencies : Invalid condition id : UX DEVICE CLASS RTOS Condition cause : null
2024-11-06 17:56:07,908 [WARN] ConditionMgr:1039 - genDependencies : Invalid condition id : UX DEVICE CLASS RTOS Condition cause : null
2024-11-06 17:56:07,908 [WARN] ConditionMgr:1039 - genDependencies : Invalid condition id : UX DEVICE CLASS RTOS Condition cause : null
2024-11-06 17:56:07,908 [WARN] ConditionMgr:1039 - genDependencies : Invalid condition id : UX DEVICE CLASS RTOS Condition cause : null
2024-11-06 17:56:07,908 [WARN] ConditionMgr:1039 - genDependencies : Invalid condition id : UX DEVICE CLASS RTOS Condition cause : null
2024-11-06 17:56:07,930 [WARN] PackLoader:240 - Cannot read IP mode file for STMicroelectronics.X-CUBE-GNSS1.7.0.0
2024-11-06 17:56:07,955 [WARN] PackLoader:240 - Cannot read IP mode file for STMicroelectronics.FP-SNS-STBOX1.2.0.0
2024-11-06 17:56:07,986 [WARN] PackLoader:240 - Cannot read IP mode file for STMicroelectronics.X-CUBE-SUBG2.5.0.0
2024-11-06 17:56:08,026 [WARN] PackLoader:240 - Cannot read IP mode file for STMicroelectronics.X-CUBE-AZRTOS-G4.2.0.0
2024-11-06 17:56:08,044 [WARN] PackLoader:240 - Cannot read IP mode file for STMicroelectronics.X-CUBE-ISPU.2.0.0
2024-11-06 17:56:08,059 [WARN] PackLoader:240 - Cannot read IP mode file for STMicroelectronics.X-CUBE-ALS.1.0.2
2024-11-06 17:56:08,128 [WARN] PackLoader:240 - Cannot read IP mode file for STMicroelectronics.X-CUBE-MEMS1.10.0.0
2024-11-06 17:56:08,246 [WARN] PackLoader:240 - Cannot read IP mode file for STMicroelectronics.X-CUBE-TOUCHGFX.4.24.0
2024-11-06 17:56:08,262 [WARN] PackLoader:240 - Cannot read IP mode file for STMicroelectronics.X-CUBE-TOUCHGFX.4.24.1
2024-11-06 17:56:08,279 [WARN] PackLoader:240 - Cannot read IP mode file for portGmbH.I-Cube-SoM-uGOAL.1.1.0
2024-11-06 17:56:08,295 [WARN] PackLoader:240 - Cannot read IP mode file for STMicroelectronics.X-CUBE-ALS.1.0.1
2024-11-06 17:56:08,329 [WARN] PackLoader:240 - Cannot read IP mode file for STMicroelectronics.X-CUBE-AZRTOS-H7RS.1.0.0
2024-11-06 17:56:08,344 [WARN] PackLoader:240 - Cannot read IP mode file for STMicroelectronics.FP-ATR-ASTRA1.2.0.0
2024-11-06 17:56:08,364 [WARN] PackLoader:240 - Cannot read IP mode file for STMicroelectronics.X-CUBE-TOF1.3.4.2
2024-11-06 17:56:08,392 [WARN] PackLoader:240 - Cannot read IP mode file for STMicroelectronics.X-CUBE-TOF1.3.4.1
2024-11-06 17:56:08,437 [WARN] PackLoader:240 - Cannot read IP mode file for STMicroelectronics.X-CUBE-AZRTOS-H7.3.2.0
2024-11-06 17:56:08,476 [WARN] PackLoader:240 - Cannot read IP mode file for Infineon.AIROC-Wi-Fi-Bluetooth-STM32.1.6.0
2024-11-06 17:56:08,494 [WARN] PackLoader:240 - Cannot read IP mode file for wolfSSL.I-CUBE-wolfSSH.1.4.17
2024-11-06 17:56:08,495 [INFO] ThirdParty:978 - Integrity check success = true
2024-11-06 17:56:08,495 [INFO] IntegrityCheckThread:100 - exiting critical section [integrity check]
2024-11-06 17:56:08,495 [INFO] IntegrityCheckThread:103 - End integrity checks thread
2024-11-06 17:56:13,181 [INFO] WebApp:161 - Instantiating new browser for Auth
2024-11-06 17:56:13,777 [INFO] WebApp:779 - Register for checkConnection events
2024-11-06 17:56:13,777 [INFO] WebApp:414 - Apply proxy settings
2024-11-06 17:56:13,777 [INFO] WebApp:499 - Chromium requires no authentication
2024-11-06 17:56:13,785 [INFO] WebApp:442 - Direct internet connection detected
2024-11-06 17:56:13,942 [INFO] WebApp:192 - Starting web application
2024-11-06 17:56:13,942 [INFO] WebApp:544 - Web application path used C:\ST\STM32CubeIDE_1.15.1\STM32CubeIDE\plugins\com.st.stm32cube.common.mx_6.11.1.202404110753\db\plugins\mcufinder\reactClient1\index.html
2024-11-06 18:25:46,867 [ERROR] LogOutputStream:75 - [STDERR_REDIRECT] 
2024-11-06 18:25:46,868 [ERROR] LogOutputStream:75 - [STDERR_REDIRECT] 
