2025-06-23 21:22:11,928 [INFO] Activator:176 - 


2025-06-23 21:22:11,935 [INFO] Activator:177 - !SESSION log4j initialized
2025-06-23 21:22:25,512 [INFO] LogOutputStream:77 - [STDOUT_REDIRECT] 
2025-06-23 21:22:32,267 [INFO] ApplicationProperties:184 - Using Application install path: C:\ST\STM32CubeIDE_1.15.1\STM32CubeIDE\plugins\com.st.stm32cube.common.mx_6.11.1.202404110753
2025-06-23 21:22:32,423 [INFO] DbMcusXml:78 - Set database path to: C:\ST\STM32CubeIDE_1.15.1\STM32CubeIDE\plugins\com.st.stm32cube.common.mx_6.11.1.202404110753\\db\/mcu/
2025-06-23 21:22:32,425 [INFO] ApiDb:274 - Set plugin database path to: C:\ST\STM32CubeIDE_1.15.1\STM32CubeIDE\plugins\com.st.stm32cube.common.mx_6.11.1.202404110753\\db\/plugins/boardmanager/
2025-06-23 21:22:32,425 [WARN] ApiDb:259 - Overriding images path with different value:  => C:\ST\STM32CubeIDE_1.15.1\STM32CubeIDE\plugins\com.st.stm32cube.common.mx_6.11.1.202404110753\\db\/plugins/mcufinder/images/
2025-06-23 21:22:32,468 [INFO] ApiDb:250 - Set database path to: C:\Users\dbank\.stmcufinder\plugins\mcufinder//mcu/
2025-06-23 21:22:32,475 [INFO] DbMcusAds:125 - Set database path to: C:\Users\dbank\.stmcufinder\plugins\mcufinder//mcu/
2025-06-23 21:22:32,491 [INFO] CrossReferenceDbSqlite:203 - Set database path to: C:\Users\dbank\.stmcufinder\plugins\mcufinder//mcu/cs/
2025-06-23 21:22:33,462 [INFO] RulesReader:64 - Compatibility file has been processed (297 Rules)
2025-06-23 21:22:34,064 [INFO] DbMcusXml:78 - Set database path to: C:\ST\STM32CubeIDE_1.15.1\STM32CubeIDE\plugins\com.st.stm32cube.common.mx_6.11.1.202404110753\\db\/mcu/
2025-06-23 21:22:34,066 [INFO] ApiDb:274 - Set plugin database path to: C:\ST\STM32CubeIDE_1.15.1\STM32CubeIDE\plugins\com.st.stm32cube.common.mx_6.11.1.202404110753\\db\/plugins/boardmanager/
2025-06-23 21:22:34,066 [INFO] ApiDb:261 - Set plugin images path to: C:\ST\STM32CubeIDE_1.15.1\STM32CubeIDE\plugins\com.st.stm32cube.common.mx_6.11.1.202404110753\\db\/plugins/mcufinder/images/
2025-06-23 21:22:34,066 [WARN] DbFile:41 - Overriding database path with different value: C:\Users\dbank\.stmcufinder\plugins\mcufinder/ => C:\Users\dbank\.stmcufinder\plugins\mcufinder
2025-06-23 21:22:34,066 [INFO] ApiDb:250 - Set database path to: C:\Users\dbank\.stmcufinder\plugins\mcufinder//mcu/
2025-06-23 21:22:34,066 [WARN] DbFile:41 - Overriding database path with different value: C:\Users\dbank\.stmcufinder\plugins\mcufinder/ => C:\Users\dbank\.stmcufinder\plugins\mcufinder
2025-06-23 21:22:34,067 [INFO] DbMcusAds:125 - Set database path to: C:\Users\dbank\.stmcufinder\plugins\mcufinder//mcu/
2025-06-23 21:22:34,067 [WARN] DbFile:41 - Overriding database path with different value: C:\Users\dbank\.stmcufinder\plugins\mcufinder/ => C:\Users\dbank\.stmcufinder\plugins\mcufinder
2025-06-23 21:22:34,067 [WARN] DbFile:41 - Overriding database path with different value: C:\Users\dbank\.stmcufinder\plugins\mcufinder/ => C:\Users\dbank\.stmcufinder\plugins\mcufinder
2025-06-23 21:22:34,067 [INFO] CrossReferenceDbSqlite:203 - Set database path to: C:\Users\dbank\.stmcufinder\plugins\mcufinder//mcu/cs/
2025-06-23 21:22:34,625 [INFO] MainPanel:264 - HeapMemory: 268435456
2025-06-23 21:22:35,296 [INFO] DbMcusXml:78 - Set database path to: C:\ST\STM32CubeIDE_1.15.1\STM32CubeIDE\plugins\com.st.stm32cube.common.mx_6.11.1.202404110753\\db\/mcu/
2025-06-23 21:22:35,296 [INFO] ApiDb:274 - Set plugin database path to: C:\ST\STM32CubeIDE_1.15.1\STM32CubeIDE\plugins\com.st.stm32cube.common.mx_6.11.1.202404110753\\db\/plugins/boardmanager/
2025-06-23 21:22:35,296 [INFO] ApiDb:261 - Set plugin images path to: C:\ST\STM32CubeIDE_1.15.1\STM32CubeIDE\plugins\com.st.stm32cube.common.mx_6.11.1.202404110753\\db\/plugins/mcufinder/images/
2025-06-23 21:22:35,299 [WARN] DbFile:41 - Overriding database path with different value: C:\Users\dbank\.stmcufinder\plugins\mcufinder/ => C:\Users\dbank\.stmcufinder\plugins\mcufinder
2025-06-23 21:22:35,299 [INFO] ApiDb:250 - Set database path to: C:\Users\dbank\.stmcufinder\plugins\mcufinder//mcu/
2025-06-23 21:22:35,299 [WARN] DbFile:41 - Overriding database path with different value: C:\Users\dbank\.stmcufinder\plugins\mcufinder/ => C:\Users\dbank\.stmcufinder\plugins\mcufinder
2025-06-23 21:22:35,299 [INFO] DbMcusAds:125 - Set database path to: C:\Users\dbank\.stmcufinder\plugins\mcufinder//mcu/
2025-06-23 21:22:35,299 [WARN] DbFile:41 - Overriding database path with different value: C:\Users\dbank\.stmcufinder\plugins\mcufinder/ => C:\Users\dbank\.stmcufinder\plugins\mcufinder
2025-06-23 21:22:35,301 [WARN] DbFile:41 - Overriding database path with different value: C:\Users\dbank\.stmcufinder\plugins\mcufinder/ => C:\Users\dbank\.stmcufinder\plugins\mcufinder
2025-06-23 21:22:35,301 [INFO] CrossReferenceDbSqlite:203 - Set database path to: C:\Users\dbank\.stmcufinder\plugins\mcufinder//mcu/cs/
2025-06-23 21:22:35,372 [INFO] ApplicationProperties:184 - Using Application install path: C:\ST\STM32CubeIDE_1.15.1\STM32CubeIDE\plugins\com.st.stm32cube.common.mx_6.11.1.202404110753
2025-06-23 21:22:35,381 [INFO] PluginManage:196 - Search for loadable plugins [exclusion list=, ]
2025-06-23 21:22:35,391 [INFO] PluginManage:310 - Check plugin analytics
2025-06-23 21:22:37,364 [INFO] AnalyticsPlugin:253 - Accepted Software Licenses: STM32CubeMX.6.11.1
2025-06-23 21:22:37,364 [INFO] AnalyticsPlugin:255 - Accepted CMSIS Pack Licenses: STMicroelectronics.X-CUBE-AZRTOS-H7.3.3.0
2025-06-23 21:22:37,364 [INFO] AnalyticsPlugin:257 - Accepted Firmware Licenses: FW.H7.1.11.0,FW.H7.1.10.0,FW.L4.1.18.0,FW.F4.1.28.0,FW.MP1.1.6.0,FW.F7.1.17.0
2025-06-23 21:22:37,380 [INFO] PluginManage:359 - Loaded plugin analytics (category:tool,tabindex:-1)
2025-06-23 21:22:37,380 [INFO] PluginManage:310 - Check plugin cadmodel
2025-06-23 21:22:37,424 [INFO] CADModel:105 - Init CAD model plugin
2025-06-23 21:22:37,424 [INFO] PluginManage:359 - Loaded plugin cadmodel (category:power,tabindex:5)
2025-06-23 21:22:37,426 [INFO] PluginManage:310 - Check plugin clock
2025-06-23 21:22:37,532 [INFO] PluginManage:359 - Loaded plugin clock (category:base,tabindex:2)
2025-06-23 21:22:37,532 [INFO] PluginManage:310 - Check plugin ddr
2025-06-23 21:22:37,556 [INFO] PluginManage:359 - Loaded plugin ddr (category:tool,tabindex:6)
2025-06-23 21:22:37,556 [INFO] PluginManage:310 - Check plugin filemanager
2025-06-23 21:22:38,841 [INFO] PluginManage:359 - Loaded plugin filemanager (category:base,tabindex:10)
2025-06-23 21:22:38,841 [INFO] PluginManage:310 - Check plugin ipmanager
2025-06-23 21:22:38,890 [INFO] PluginManage:359 - Loaded plugin ipmanager (category:base,tabindex:5)
2025-06-23 21:22:38,890 [INFO] PluginManage:310 - Check plugin lpbam
2025-06-23 21:22:38,947 [INFO] PluginManage:359 - Loaded plugin lpbam (category:base,tabindex:0)
2025-06-23 21:22:38,947 [INFO] PluginManage:310 - Check plugin memorymap
2025-06-23 21:22:39,204 [INFO] PluginManage:359 - Loaded plugin memorymap (category:base,tabindex:4)
2025-06-23 21:22:39,204 [INFO] PluginManage:310 - Check plugin pinoutandconfiguration
2025-06-23 21:22:39,328 [INFO] PluginManage:359 - Loaded plugin pinoutandconfiguration (category:base,tabindex:1)
2025-06-23 21:22:39,330 [INFO] PluginManage:310 - Check plugin pinoutconfig
2025-06-23 21:22:40,179 [WARN] SupportedApi:132 - Cannot load RTOS API schema: s4s-elt-must-match.1: The content of 'definitions' must match (annotation?, (simpleType | complexType)?, (unique | key | keyref)*)). A problem was found starting at: attribute.
2025-06-23 21:22:42,223 [INFO] PluginManage:359 - Loaded plugin pinoutconfig (category:base,tabindex:0)
2025-06-23 21:22:42,223 [INFO] PluginManage:310 - Check plugin power
2025-06-23 21:22:42,329 [INFO] PluginManage:359 - Loaded plugin power (category:power,tabindex:4)
2025-06-23 21:22:42,329 [INFO] PluginManage:310 - Check plugin projectmanager
2025-06-23 21:22:42,434 [INFO] PluginManage:359 - Loaded plugin projectmanager (category:projectmanager,tabindex:3)
2025-06-23 21:22:42,434 [INFO] PluginManage:310 - Check plugin thirdparty
2025-06-23 21:22:44,096 [WARN] IntegrityCheckThread:84 - waiting for thirdparty lock release [integrity check]
2025-06-23 21:22:44,096 [INFO] IntegrityCheckThread:86 - entering critical section [integrity check]
2025-06-23 21:22:44,099 [INFO] ThirdPartyUpdaterWithRetryManager:70 - Updater plugin not ready yet. [1/15]
2025-06-23 21:22:44,101 [INFO] PluginManage:359 - Loaded plugin thirdparty (category:base,tabindex:-1)
2025-06-23 21:22:44,101 [INFO] PluginManage:310 - Check plugin tools
2025-06-23 21:22:44,178 [INFO] PluginManage:359 - Loaded plugin tools (category:base,tabindex:7)
2025-06-23 21:22:44,178 [INFO] PluginManage:310 - Check plugin tutovideos
2025-06-23 21:22:46,484 [INFO] PluginManage:359 - Loaded plugin tutovideos (category:base,tabindex:-1)
2025-06-23 21:22:46,484 [INFO] PluginManage:310 - Check plugin updater
2025-06-23 21:22:46,554 [INFO] PluginManage:359 - Loaded plugin updater (category:base,tabindex:12)
2025-06-23 21:22:46,556 [INFO] PluginManage:310 - Check plugin userauth
2025-06-23 21:22:46,587 [INFO] UserAuth:114 - Init User Auth plugin
2025-06-23 21:22:46,587 [INFO] PluginManage:359 - Loaded plugin userauth (category:base,tabindex:14)
2025-06-23 21:22:46,594 [INFO] PluginManage:283 - PluginManage : Loaded plugins [17]
2025-06-23 21:22:47,109 [INFO] ThirdPartyUpdaterWithRetryManager:70 - Updater plugin not ready yet. [2/15]
2025-06-23 21:22:48,196 [INFO] PinOutPanel:1561 - setPackage(No Configuration,No Configuration)
2025-06-23 21:22:48,592 [INFO] CADModel:165 - CPN selected for project level
2025-06-23 21:22:48,594 [INFO] CADModel:114 - Register for checkConnection events
2025-06-23 21:22:48,699 [INFO] IPUIPlugin:80 - create IPUIPlugin
2025-06-23 21:22:48,699 [INFO] PluginManager:220 - loadIPPluginJar : add adc
2025-06-23 21:22:48,781 [INFO] IPUIPlugin:80 - create IPUIPlugin
2025-06-23 21:22:48,781 [INFO] PluginManager:220 - loadIPPluginJar : add aes
2025-06-23 21:22:48,870 [INFO] IPUIPlugin:80 - create IPUIPlugin
2025-06-23 21:22:48,870 [INFO] PluginManager:220 - loadIPPluginJar : add can
2025-06-23 21:22:48,915 [INFO] IPUIPlugin:80 - create IPUIPlugin
2025-06-23 21:22:48,915 [INFO] PluginManager:220 - loadIPPluginJar : add comp
2025-06-23 21:22:48,981 [INFO] IPUIPlugin:80 - create IPUIPlugin
2025-06-23 21:22:48,981 [INFO] PluginManager:220 - loadIPPluginJar : add cryp
2025-06-23 21:22:49,061 [INFO] IPUIPlugin:80 - create IPUIPlugin
2025-06-23 21:22:49,061 [INFO] PluginManager:220 - loadIPPluginJar : add dfsdm
2025-06-23 21:22:49,106 [INFO] IPUIPlugin:80 - create IPUIPlugin
2025-06-23 21:22:49,113 [INFO] PluginManager:220 - loadIPPluginJar : add dma
2025-06-23 21:22:49,208 [INFO] IPUIPlugin:80 - create IPUIPlugin
2025-06-23 21:22:49,208 [INFO] PluginManager:220 - loadIPPluginJar : add dma3
2025-06-23 21:22:49,289 [INFO] IPUIPlugin:80 - create IPUIPlugin
2025-06-23 21:22:49,289 [INFO] PluginManager:220 - loadIPPluginJar : add extmemmanager
2025-06-23 21:22:49,328 [INFO] IPUIPlugin:80 - create IPUIPlugin
2025-06-23 21:22:49,328 [INFO] PluginManager:220 - loadIPPluginJar : add fatfs
2025-06-23 21:22:49,428 [INFO] IPUIPlugin:80 - create IPUIPlugin
2025-06-23 21:22:49,428 [INFO] PluginManager:220 - loadIPPluginJar : add fmc
2025-06-23 21:22:49,521 [INFO] IPUIPlugin:80 - create IPUIPlugin
2025-06-23 21:22:49,521 [INFO] PluginManager:220 - loadIPPluginJar : add freertos
2025-06-23 21:22:49,560 [INFO] IPUIPlugin:80 - create IPUIPlugin
2025-06-23 21:22:49,560 [INFO] PluginManager:220 - loadIPPluginJar : add genericplugin
2025-06-23 21:22:49,762 [INFO] IPUIPlugin:80 - create IPUIPlugin
2025-06-23 21:22:49,762 [INFO] PluginManager:220 - loadIPPluginJar : add gfxmmu
2025-06-23 21:22:50,033 [INFO] IPUIPlugin:80 - create IPUIPlugin
2025-06-23 21:22:50,033 [INFO] PluginManager:220 - loadIPPluginJar : add gic
2025-06-23 21:22:50,062 [INFO] IPUIPlugin:80 - create IPUIPlugin
2025-06-23 21:22:50,062 [INFO] PluginManager:220 - loadIPPluginJar : add gpio
2025-06-23 21:22:50,116 [INFO] ThirdPartyUpdaterWithRetryManager:70 - Updater plugin not ready yet. [3/15]
2025-06-23 21:22:50,288 [INFO] IPUIPlugin:80 - create IPUIPlugin
2025-06-23 21:22:50,288 [INFO] PluginManager:220 - loadIPPluginJar : add gtzc
2025-06-23 21:22:50,353 [INFO] IPUIPlugin:80 - create IPUIPlugin
2025-06-23 21:22:50,355 [INFO] PluginManager:220 - loadIPPluginJar : add hash
2025-06-23 21:22:50,458 [INFO] IPUIPlugin:80 - create IPUIPlugin
2025-06-23 21:22:50,458 [INFO] PluginManager:220 - loadIPPluginJar : add i2c
2025-06-23 21:22:50,538 [INFO] IPUIPlugin:80 - create IPUIPlugin
2025-06-23 21:22:50,538 [INFO] PluginManager:220 - loadIPPluginJar : add i2s
2025-06-23 21:22:50,618 [INFO] IPUIPlugin:80 - create IPUIPlugin
2025-06-23 21:22:50,618 [INFO] PluginManager:220 - loadIPPluginJar : add i3c
2025-06-23 21:22:50,843 [INFO] IPUIPlugin:80 - create IPUIPlugin
2025-06-23 21:22:50,843 [INFO] PluginManager:220 - loadIPPluginJar : add ipddr
2025-06-23 21:22:51,048 [INFO] IPUIPlugin:80 - create IPUIPlugin
2025-06-23 21:22:51,048 [INFO] PluginManager:220 - loadIPPluginJar : add linkedlist
2025-06-23 21:22:51,135 [INFO] IPUIPlugin:80 - create IPUIPlugin
2025-06-23 21:22:51,135 [INFO] PluginManager:220 - loadIPPluginJar : add lorawan
2025-06-23 21:22:51,205 [INFO] IPUIPlugin:80 - create IPUIPlugin
2025-06-23 21:22:51,205 [INFO] PluginManager:220 - loadIPPluginJar : add ltdc
2025-06-23 21:22:51,236 [INFO] IPUIPlugin:80 - create IPUIPlugin
2025-06-23 21:22:51,236 [INFO] PluginManager:220 - loadIPPluginJar : add mdma
2025-06-23 21:22:51,266 [INFO] IPUIPlugin:80 - create IPUIPlugin
2025-06-23 21:22:51,267 [INFO] PluginManager:220 - loadIPPluginJar : add nvic
2025-06-23 21:22:51,336 [INFO] IPUIPlugin:80 - create IPUIPlugin
2025-06-23 21:22:51,336 [INFO] PluginManager:220 - loadIPPluginJar : add opamp
2025-06-23 21:22:51,465 [INFO] IPUIPlugin:80 - create IPUIPlugin
2025-06-23 21:22:51,465 [INFO] PluginManager:220 - loadIPPluginJar : add openamp
2025-06-23 21:22:51,551 [INFO] IPUIPlugin:80 - create IPUIPlugin
2025-06-23 21:22:51,552 [INFO] PluginManager:220 - loadIPPluginJar : add pdm2pcm
2025-06-23 21:22:51,605 [INFO] IPUIPlugin:80 - create IPUIPlugin
2025-06-23 21:22:51,637 [INFO] PluginManager:220 - loadIPPluginJar : add plateformsettings
2025-06-23 21:22:51,676 [INFO] IPUIPlugin:80 - create IPUIPlugin
2025-06-23 21:22:51,676 [INFO] PluginManager:220 - loadIPPluginJar : add quadspi
2025-06-23 21:22:51,709 [INFO] IPUIPlugin:80 - create IPUIPlugin
2025-06-23 21:22:51,709 [INFO] PluginManager:220 - loadIPPluginJar : add resmgrutility
2025-06-23 21:22:51,801 [INFO] IPUIPlugin:80 - create IPUIPlugin
2025-06-23 21:22:51,801 [INFO] PluginManager:220 - loadIPPluginJar : add sai
2025-06-23 21:22:51,878 [INFO] IPUIPlugin:80 - create IPUIPlugin
2025-06-23 21:22:51,878 [INFO] PluginManager:220 - loadIPPluginJar : add spi
2025-06-23 21:22:52,023 [INFO] IPUIPlugin:80 - create IPUIPlugin
2025-06-23 21:22:52,025 [INFO] PluginManager:220 - loadIPPluginJar : add stm32_wpan
2025-06-23 21:22:52,070 [INFO] IPUIPlugin:80 - create IPUIPlugin
2025-06-23 21:22:52,070 [INFO] PluginManager:220 - loadIPPluginJar : add tim
2025-06-23 21:22:52,179 [INFO] IPUIPlugin:80 - create IPUIPlugin
2025-06-23 21:22:52,179 [INFO] PluginManager:220 - loadIPPluginJar : add touchsensing
2025-06-23 21:22:52,227 [INFO] IPUIPlugin:80 - create IPUIPlugin
2025-06-23 21:22:52,227 [INFO] PluginManager:220 - loadIPPluginJar : add tracer_emb
2025-06-23 21:22:52,276 [INFO] IPUIPlugin:80 - create IPUIPlugin
2025-06-23 21:22:52,276 [INFO] PluginManager:220 - loadIPPluginJar : add ts
2025-06-23 21:22:52,316 [INFO] IPUIPlugin:80 - create IPUIPlugin
2025-06-23 21:22:52,316 [INFO] PluginManager:220 - loadIPPluginJar : add tsc
2025-06-23 21:22:52,369 [INFO] IPUIPlugin:80 - create IPUIPlugin
2025-06-23 21:22:52,369 [INFO] PluginManager:220 - loadIPPluginJar : add ucpd
2025-06-23 21:22:52,462 [INFO] IPUIPlugin:80 - create IPUIPlugin
2025-06-23 21:22:52,462 [INFO] PluginManager:220 - loadIPPluginJar : add usart
2025-06-23 21:22:52,551 [INFO] IPUIPlugin:80 - create IPUIPlugin
2025-06-23 21:22:52,552 [INFO] PluginManager:220 - loadIPPluginJar : add usbx
2025-06-23 21:22:52,817 [INFO] CADModel:165 - CPN selected for project level
2025-06-23 21:22:52,817 [INFO] CADModel:114 - Register for checkConnection events
2025-06-23 21:22:52,817 [FATAL] Updater:308 - Updater called before beeing initialized
2025-06-23 21:22:52,817 [ERROR] CADModel:125 - Updater not yet initialized, retry later 
2025-06-23 21:22:53,119 [INFO] ThirdPartyUpdaterWithRetryManager:70 - Updater plugin not ready yet. [4/15]
2025-06-23 21:22:53,797 [INFO] CADModel:165 - CPN selected for project level
2025-06-23 21:22:53,797 [INFO] CADModel:114 - Register for checkConnection events
2025-06-23 21:22:53,797 [FATAL] Updater:308 - Updater called before beeing initialized
2025-06-23 21:22:53,797 [ERROR] CADModel:125 - Updater not yet initialized, retry later 
2025-06-23 21:22:53,810 [FATAL] Updater:308 - Updater called before beeing initialized
2025-06-23 21:22:54,322 [FATAL] Updater:308 - Updater called before beeing initialized
2025-06-23 21:22:54,398 [INFO] DbMcusAds:53 - JSON generation date=Wed May 07 11:07:55 CEST 2025 (1746608875484)
2025-06-23 21:22:54,398 [FATAL] Updater:308 - Updater called before beeing initialized
2025-06-23 21:22:54,571 [WARN] DetailPanel:346 - Failed to get advertising image, set to default
2025-06-23 21:22:54,785 [FATAL] Updater:308 - Updater called before beeing initialized
2025-06-23 21:22:54,803 [FATAL] Updater:308 - Updater called before beeing initialized
2025-06-23 21:22:54,805 [FATAL] Updater:308 - Updater called before beeing initialized
2025-06-23 21:22:54,805 [WARN] DetailPanel:346 - Failed to get advertising image, set to default
2025-06-23 21:22:54,805 [FATAL] Updater:308 - Updater called before beeing initialized
2025-06-23 21:22:55,038 [ERROR] Updater:1120 - MainUpdater not yet initialized. External WinMGr cannot be set.
2025-06-23 21:22:55,073 [INFO] Updater:1056 - Updater Version found : 6.11.1
2025-06-23 21:22:55,206 [INFO] ApplicationProperties:184 - Using Application install path: C:\ST\STM32CubeIDE_1.15.1\STM32CubeIDE\plugins\com.st.stm32cube.common.mx_6.11.1.202404110753
2025-06-23 21:22:56,126 [FATAL] Updater:308 - Updater called before beeing initialized
2025-06-23 21:22:56,128 [ERROR] IntegrityCheckThread:130 - Cannot retrieve database content from updater: error 21
2025-06-23 21:22:56,130 [INFO] ThirdParty:978 - Integrity check success = false
2025-06-23 21:22:56,131 [INFO] IntegrityCheckThread:100 - exiting critical section [integrity check]
2025-06-23 21:22:56,131 [INFO] IntegrityCheckThread:103 - End integrity checks thread
2025-06-23 21:22:56,995 [ERROR] LogOutputStream:75 - [STDERR_REDIRECT] Jun 23, 2025 9:22:56 PM java.util.prefs.WindowsPreferences <init>
2025-06-23 21:22:57,001 [ERROR] LogOutputStream:75 - [STDERR_REDIRECT] WARNING: Could not open/create prefs root node Software\JavaSoft\Prefs at root 0xffffffff80000002. Windows RegCreateKeyEx(...) returned error code 5.
2025-06-23 21:22:57,004 [ERROR] LogOutputStream:75 - [STDERR_REDIRECT] 
2025-06-23 21:22:59,663 [INFO] MainUpdater:2873 - connection check result : 10
2025-06-23 21:22:59,663 [INFO] MainUpdater:3567 - Updater definition file requires update
2025-06-23 21:22:59,667 [INFO] MainUpdater:290 - Updater Check For Update Now.
2025-06-23 21:22:59,667 [INFO] MicroXplorer:498 - Change Database Version : DB.6.0.111
2025-06-23 21:22:59,734 [INFO] McuFinderGlobals:63 - Set McuFinder mode to 2 (CubeIDE integrated)
2025-06-23 21:22:59,762 [INFO] UserAuth:415 - Internet connection configuration mode: 1
2025-06-23 21:22:59,867 [INFO] JxBrowserEngine:152 - Initiate JxBrowser Engine with user profile folder
2025-06-23 21:23:00,064 [INFO] ServerAccessManage:473 - Download File updaters.zip
2025-06-23 21:23:00,530 [INFO] FileExtend:240 - Unzip File : updaters.zip
2025-06-23 21:23:00,530 [INFO] FileExtend:255 - Standard Zip Deflate
2025-06-23 21:23:01,754 [INFO] ServerAccessManage:473 - Download File PacksControlFlags.xml
2025-06-23 21:23:01,956 [INFO] ServerAccessManage:473 - Download File cubemx.pidx
2025-06-23 21:23:03,317 [INFO] ServerAccessManage:473 - Download File STMicroelectronics.FP-SNS-STAIOTCFT.pdsc
2025-06-23 21:23:04,207 [INFO] ServerAccessManage:473 - Download File STMicroelectronics.X-CUBE-FREERTOS.pdsc
2025-06-23 21:23:06,110 [INFO] ServerAccessManage:473 - Download File STMicroelectronics.X-CUBE-PM33A1.pdsc
2025-06-23 21:23:07,366 [WARN] PopulateThirdPartyThread:106 - Error when creating pack: C:/Users/dbank/.stm32cubemx/thirdparties/pdsc/STMicroelectronics.FP-SNS-STAIOTCFT.pdsc
2025-06-23 21:23:07,574 [INFO] CheckServerUpdateThread:120 - End of CheckServer Thread
2025-06-23 21:23:07,702 [WARN] PackLoader:240 - Cannot read IP mode file for STMicroelectronics.X-CUBE-FREERTOS.1.3.1
2025-06-23 21:23:07,736 [WARN] PackLoader:240 - Cannot read IP mode file for STMicroelectronics.X-CUBE-PM33A1.1.0.0
2025-06-23 21:23:07,739 [INFO] PopulateThirdPartyThread:66 - Ending populate Thread
2025-06-23 21:23:07,744 [INFO] ThirdParty:1030 - CMSIS Pack Vendor :STMicroelectronics X-CUBE-FREERTOS 1.3.1
2025-06-23 21:23:07,744 [INFO] ThirdParty:1030 - CMSIS Pack Vendor :STMicroelectronics X-CUBE-PM33A1 1.0.0
2025-06-23 21:23:07,744 [INFO] LoadServerUpdatesThread:375 - End of LoadServerUpdate Thread
2025-06-23 21:23:10,003 [INFO] WebApp:161 - Instantiating new browser for Auth
2025-06-23 21:23:10,663 [INFO] WebApp:779 - Register for checkConnection events
2025-06-23 21:23:10,665 [INFO] WebApp:414 - Apply proxy settings
2025-06-23 21:23:10,665 [INFO] WebApp:499 - Chromium requires no authentication
2025-06-23 21:23:10,679 [INFO] WebApp:442 - Direct internet connection detected
2025-06-23 21:23:10,862 [INFO] WebApp:192 - Starting web application
2025-06-23 21:23:10,862 [INFO] WebApp:544 - Web application path used C:\ST\STM32CubeIDE_1.15.1\STM32CubeIDE\plugins\com.st.stm32cube.common.mx_6.11.1.202404110753\db\plugins\mcufinder\reactClient1\index.html
2025-06-23 21:46:41,105 [ERROR] LogOutputStream:75 - [STDERR_REDIRECT] 
2025-06-23 21:46:41,110 [ERROR] LogOutputStream:75 - [STDERR_REDIRECT] 
