2025-04-23 21:19:00,482 [INFO] Activator:176 - 


2025-04-23 21:19:00,488 [INFO] Activator:177 - !SESSION log4j initialized
2025-04-23 21:19:07,215 [INFO] LogOutputStream:77 - [STDOUT_REDIRECT] 
2025-04-23 21:19:11,573 [INFO] ApplicationProperties:184 - Using Application install path: C:\ST\STM32CubeIDE_1.15.1\STM32CubeIDE\plugins\com.st.stm32cube.common.mx_6.11.1.202404110753
2025-04-23 21:19:11,613 [INFO] DbMcusXml:78 - Set database path to: C:\ST\STM32CubeIDE_1.15.1\STM32CubeIDE\plugins\com.st.stm32cube.common.mx_6.11.1.202404110753\\db\/mcu/
2025-04-23 21:19:11,615 [INFO] ApiDb:274 - Set plugin database path to: C:\ST\STM32CubeIDE_1.15.1\STM32CubeIDE\plugins\com.st.stm32cube.common.mx_6.11.1.202404110753\\db\/plugins/boardmanager/
2025-04-23 21:19:11,615 [WARN] ApiDb:259 - Overriding images path with different value:  => C:\ST\STM32CubeIDE_1.15.1\STM32CubeIDE\plugins\com.st.stm32cube.common.mx_6.11.1.202404110753\\db\/plugins/mcufinder/images/
2025-04-23 21:19:11,635 [INFO] ApiDb:250 - Set database path to: C:\Users\dbank\.stmcufinder\plugins\mcufinder//mcu/
2025-04-23 21:19:11,637 [INFO] DbMcusAds:125 - Set database path to: C:\Users\dbank\.stmcufinder\plugins\mcufinder//mcu/
2025-04-23 21:19:11,640 [INFO] CrossReferenceDbSqlite:203 - Set database path to: C:\Users\dbank\.stmcufinder\plugins\mcufinder//mcu/cs/
2025-04-23 21:19:11,776 [INFO] RulesReader:64 - Compatibility file has been processed (297 Rules)
2025-04-23 21:19:11,892 [INFO] DbMcusXml:78 - Set database path to: C:\ST\STM32CubeIDE_1.15.1\STM32CubeIDE\plugins\com.st.stm32cube.common.mx_6.11.1.202404110753\\db\/mcu/
2025-04-23 21:19:11,892 [INFO] ApiDb:274 - Set plugin database path to: C:\ST\STM32CubeIDE_1.15.1\STM32CubeIDE\plugins\com.st.stm32cube.common.mx_6.11.1.202404110753\\db\/plugins/boardmanager/
2025-04-23 21:19:11,892 [INFO] ApiDb:261 - Set plugin images path to: C:\ST\STM32CubeIDE_1.15.1\STM32CubeIDE\plugins\com.st.stm32cube.common.mx_6.11.1.202404110753\\db\/plugins/mcufinder/images/
2025-04-23 21:19:11,894 [WARN] DbFile:41 - Overriding database path with different value: C:\Users\dbank\.stmcufinder\plugins\mcufinder/ => C:\Users\dbank\.stmcufinder\plugins\mcufinder
2025-04-23 21:19:11,894 [INFO] ApiDb:250 - Set database path to: C:\Users\dbank\.stmcufinder\plugins\mcufinder//mcu/
2025-04-23 21:19:11,894 [WARN] DbFile:41 - Overriding database path with different value: C:\Users\dbank\.stmcufinder\plugins\mcufinder/ => C:\Users\dbank\.stmcufinder\plugins\mcufinder
2025-04-23 21:19:11,894 [INFO] DbMcusAds:125 - Set database path to: C:\Users\dbank\.stmcufinder\plugins\mcufinder//mcu/
2025-04-23 21:19:11,894 [WARN] DbFile:41 - Overriding database path with different value: C:\Users\dbank\.stmcufinder\plugins\mcufinder/ => C:\Users\dbank\.stmcufinder\plugins\mcufinder
2025-04-23 21:19:11,894 [WARN] DbFile:41 - Overriding database path with different value: C:\Users\dbank\.stmcufinder\plugins\mcufinder/ => C:\Users\dbank\.stmcufinder\plugins\mcufinder
2025-04-23 21:19:11,894 [INFO] CrossReferenceDbSqlite:203 - Set database path to: C:\Users\dbank\.stmcufinder\plugins\mcufinder//mcu/cs/
2025-04-23 21:19:12,018 [INFO] MainPanel:264 - HeapMemory: 268435456
2025-04-23 21:19:12,235 [INFO] DbMcusXml:78 - Set database path to: C:\ST\STM32CubeIDE_1.15.1\STM32CubeIDE\plugins\com.st.stm32cube.common.mx_6.11.1.202404110753\\db\/mcu/
2025-04-23 21:19:12,235 [INFO] ApiDb:274 - Set plugin database path to: C:\ST\STM32CubeIDE_1.15.1\STM32CubeIDE\plugins\com.st.stm32cube.common.mx_6.11.1.202404110753\\db\/plugins/boardmanager/
2025-04-23 21:19:12,235 [INFO] ApiDb:261 - Set plugin images path to: C:\ST\STM32CubeIDE_1.15.1\STM32CubeIDE\plugins\com.st.stm32cube.common.mx_6.11.1.202404110753\\db\/plugins/mcufinder/images/
2025-04-23 21:19:12,236 [WARN] DbFile:41 - Overriding database path with different value: C:\Users\dbank\.stmcufinder\plugins\mcufinder/ => C:\Users\dbank\.stmcufinder\plugins\mcufinder
2025-04-23 21:19:12,236 [INFO] ApiDb:250 - Set database path to: C:\Users\dbank\.stmcufinder\plugins\mcufinder//mcu/
2025-04-23 21:19:12,236 [WARN] DbFile:41 - Overriding database path with different value: C:\Users\dbank\.stmcufinder\plugins\mcufinder/ => C:\Users\dbank\.stmcufinder\plugins\mcufinder
2025-04-23 21:19:12,236 [INFO] DbMcusAds:125 - Set database path to: C:\Users\dbank\.stmcufinder\plugins\mcufinder//mcu/
2025-04-23 21:19:12,236 [WARN] DbFile:41 - Overriding database path with different value: C:\Users\dbank\.stmcufinder\plugins\mcufinder/ => C:\Users\dbank\.stmcufinder\plugins\mcufinder
2025-04-23 21:19:12,236 [WARN] DbFile:41 - Overriding database path with different value: C:\Users\dbank\.stmcufinder\plugins\mcufinder/ => C:\Users\dbank\.stmcufinder\plugins\mcufinder
2025-04-23 21:19:12,236 [INFO] CrossReferenceDbSqlite:203 - Set database path to: C:\Users\dbank\.stmcufinder\plugins\mcufinder//mcu/cs/
2025-04-23 21:19:12,272 [INFO] ApplicationProperties:184 - Using Application install path: C:\ST\STM32CubeIDE_1.15.1\STM32CubeIDE\plugins\com.st.stm32cube.common.mx_6.11.1.202404110753
2025-04-23 21:19:12,275 [INFO] PluginManage:196 - Search for loadable plugins [exclusion list=, ]
2025-04-23 21:19:12,280 [INFO] PluginManage:310 - Check plugin analytics
2025-04-23 21:19:12,698 [INFO] AnalyticsPlugin:253 - Accepted Software Licenses: STM32CubeMX.6.11.1
2025-04-23 21:19:12,699 [INFO] AnalyticsPlugin:255 - Accepted CMSIS Pack Licenses: STMicroelectronics.X-CUBE-AZRTOS-H7.3.3.0
2025-04-23 21:19:12,699 [INFO] AnalyticsPlugin:257 - Accepted Firmware Licenses: FW.H7.1.11.0,FW.H7.1.10.0,FW.L4.1.18.0,FW.F4.1.28.0
2025-04-23 21:19:12,703 [INFO] PluginManage:359 - Loaded plugin analytics (category:tool,tabindex:-1)
2025-04-23 21:19:12,703 [INFO] PluginManage:310 - Check plugin cadmodel
2025-04-23 21:19:12,732 [INFO] CADModel:105 - Init CAD model plugin
2025-04-23 21:19:12,732 [INFO] PluginManage:359 - Loaded plugin cadmodel (category:power,tabindex:5)
2025-04-23 21:19:12,732 [INFO] PluginManage:310 - Check plugin clock
2025-04-23 21:19:12,772 [INFO] PluginManage:359 - Loaded plugin clock (category:base,tabindex:2)
2025-04-23 21:19:12,774 [INFO] PluginManage:310 - Check plugin ddr
2025-04-23 21:19:12,781 [INFO] PluginManage:359 - Loaded plugin ddr (category:tool,tabindex:6)
2025-04-23 21:19:12,782 [INFO] PluginManage:310 - Check plugin filemanager
2025-04-23 21:19:13,091 [INFO] PluginManage:359 - Loaded plugin filemanager (category:base,tabindex:10)
2025-04-23 21:19:13,097 [INFO] PluginManage:310 - Check plugin ipmanager
2025-04-23 21:19:13,108 [INFO] PluginManage:359 - Loaded plugin ipmanager (category:base,tabindex:5)
2025-04-23 21:19:13,109 [INFO] PluginManage:310 - Check plugin lpbam
2025-04-23 21:19:13,144 [INFO] PluginManage:359 - Loaded plugin lpbam (category:base,tabindex:0)
2025-04-23 21:19:13,145 [INFO] PluginManage:310 - Check plugin memorymap
2025-04-23 21:19:13,181 [INFO] PluginManage:359 - Loaded plugin memorymap (category:base,tabindex:4)
2025-04-23 21:19:13,181 [INFO] PluginManage:310 - Check plugin pinoutandconfiguration
2025-04-23 21:19:13,209 [INFO] PluginManage:359 - Loaded plugin pinoutandconfiguration (category:base,tabindex:1)
2025-04-23 21:19:13,209 [INFO] PluginManage:310 - Check plugin pinoutconfig
2025-04-23 21:19:13,344 [WARN] SupportedApi:132 - Cannot load RTOS API schema: s4s-elt-must-match.1: The content of 'definitions' must match (annotation?, (simpleType | complexType)?, (unique | key | keyref)*)). A problem was found starting at: attribute.
2025-04-23 21:19:13,625 [INFO] PluginManage:359 - Loaded plugin pinoutconfig (category:base,tabindex:0)
2025-04-23 21:19:13,626 [INFO] PluginManage:310 - Check plugin power
2025-04-23 21:19:13,672 [INFO] PluginManage:359 - Loaded plugin power (category:power,tabindex:4)
2025-04-23 21:19:13,672 [INFO] PluginManage:310 - Check plugin projectmanager
2025-04-23 21:19:13,715 [INFO] PluginManage:359 - Loaded plugin projectmanager (category:projectmanager,tabindex:3)
2025-04-23 21:19:13,717 [INFO] PluginManage:310 - Check plugin thirdparty
2025-04-23 21:19:14,252 [INFO] PluginManage:359 - Loaded plugin thirdparty (category:base,tabindex:-1)
2025-04-23 21:19:14,252 [INFO] PluginManage:310 - Check plugin tools
2025-04-23 21:19:14,252 [WARN] IntegrityCheckThread:84 - waiting for thirdparty lock release [integrity check]
2025-04-23 21:19:14,252 [INFO] IntegrityCheckThread:86 - entering critical section [integrity check]
2025-04-23 21:19:14,252 [INFO] ThirdPartyUpdaterWithRetryManager:70 - Updater plugin not ready yet. [1/15]
2025-04-23 21:19:14,323 [INFO] PluginManage:359 - Loaded plugin tools (category:base,tabindex:7)
2025-04-23 21:19:14,323 [INFO] PluginManage:310 - Check plugin tutovideos
2025-04-23 21:19:14,775 [INFO] PluginManage:359 - Loaded plugin tutovideos (category:base,tabindex:-1)
2025-04-23 21:19:14,776 [INFO] PluginManage:310 - Check plugin updater
2025-04-23 21:19:14,798 [INFO] PluginManage:359 - Loaded plugin updater (category:base,tabindex:12)
2025-04-23 21:19:14,798 [INFO] PluginManage:310 - Check plugin userauth
2025-04-23 21:19:14,827 [INFO] UserAuth:114 - Init User Auth plugin
2025-04-23 21:19:14,827 [INFO] PluginManage:359 - Loaded plugin userauth (category:base,tabindex:14)
2025-04-23 21:19:14,828 [INFO] PluginManage:283 - PluginManage : Loaded plugins [17]
2025-04-23 21:19:15,249 [INFO] PinOutPanel:1561 - setPackage(No Configuration,No Configuration)
2025-04-23 21:19:15,378 [INFO] CADModel:165 - CPN selected for project level
2025-04-23 21:19:15,378 [INFO] CADModel:114 - Register for checkConnection events
2025-04-23 21:19:15,430 [INFO] IPUIPlugin:80 - create IPUIPlugin
2025-04-23 21:19:15,430 [INFO] PluginManager:220 - loadIPPluginJar : add adc
2025-04-23 21:19:15,512 [INFO] IPUIPlugin:80 - create IPUIPlugin
2025-04-23 21:19:15,512 [INFO] PluginManager:220 - loadIPPluginJar : add aes
2025-04-23 21:19:15,615 [INFO] IPUIPlugin:80 - create IPUIPlugin
2025-04-23 21:19:15,616 [INFO] PluginManager:220 - loadIPPluginJar : add can
2025-04-23 21:19:15,682 [INFO] IPUIPlugin:80 - create IPUIPlugin
2025-04-23 21:19:15,682 [INFO] PluginManager:220 - loadIPPluginJar : add comp
2025-04-23 21:19:15,749 [INFO] IPUIPlugin:80 - create IPUIPlugin
2025-04-23 21:19:15,750 [INFO] PluginManager:220 - loadIPPluginJar : add cryp
2025-04-23 21:19:15,819 [INFO] IPUIPlugin:80 - create IPUIPlugin
2025-04-23 21:19:15,819 [INFO] PluginManager:220 - loadIPPluginJar : add dfsdm
2025-04-23 21:19:15,845 [INFO] IPUIPlugin:80 - create IPUIPlugin
2025-04-23 21:19:15,847 [INFO] PluginManager:220 - loadIPPluginJar : add dma
2025-04-23 21:19:15,962 [INFO] IPUIPlugin:80 - create IPUIPlugin
2025-04-23 21:19:15,963 [INFO] PluginManager:220 - loadIPPluginJar : add dma3
2025-04-23 21:19:16,054 [INFO] IPUIPlugin:80 - create IPUIPlugin
2025-04-23 21:19:16,054 [INFO] PluginManager:220 - loadIPPluginJar : add extmemmanager
2025-04-23 21:19:16,102 [INFO] IPUIPlugin:80 - create IPUIPlugin
2025-04-23 21:19:16,102 [INFO] PluginManager:220 - loadIPPluginJar : add fatfs
2025-04-23 21:19:16,192 [INFO] IPUIPlugin:80 - create IPUIPlugin
2025-04-23 21:19:16,192 [INFO] PluginManager:220 - loadIPPluginJar : add fmc
2025-04-23 21:19:16,218 [INFO] IPUIPlugin:80 - create IPUIPlugin
2025-04-23 21:19:16,220 [INFO] PluginManager:220 - loadIPPluginJar : add freertos
2025-04-23 21:19:16,272 [INFO] IPUIPlugin:80 - create IPUIPlugin
2025-04-23 21:19:16,273 [INFO] PluginManager:220 - loadIPPluginJar : add genericplugin
2025-04-23 21:19:16,512 [INFO] IPUIPlugin:80 - create IPUIPlugin
2025-04-23 21:19:16,512 [INFO] PluginManager:220 - loadIPPluginJar : add gfxmmu
2025-04-23 21:19:16,820 [INFO] IPUIPlugin:80 - create IPUIPlugin
2025-04-23 21:19:16,820 [INFO] PluginManager:220 - loadIPPluginJar : add gic
2025-04-23 21:19:16,849 [INFO] IPUIPlugin:80 - create IPUIPlugin
2025-04-23 21:19:16,849 [INFO] PluginManager:220 - loadIPPluginJar : add gpio
2025-04-23 21:19:17,042 [INFO] IPUIPlugin:80 - create IPUIPlugin
2025-04-23 21:19:17,043 [INFO] PluginManager:220 - loadIPPluginJar : add gtzc
2025-04-23 21:19:17,106 [INFO] IPUIPlugin:80 - create IPUIPlugin
2025-04-23 21:19:17,106 [INFO] PluginManager:220 - loadIPPluginJar : add hash
2025-04-23 21:19:17,219 [INFO] IPUIPlugin:80 - create IPUIPlugin
2025-04-23 21:19:17,219 [INFO] PluginManager:220 - loadIPPluginJar : add i2c
2025-04-23 21:19:17,255 [INFO] ThirdPartyUpdaterWithRetryManager:70 - Updater plugin not ready yet. [2/15]
2025-04-23 21:19:17,282 [INFO] IPUIPlugin:80 - create IPUIPlugin
2025-04-23 21:19:17,282 [INFO] PluginManager:220 - loadIPPluginJar : add i2s
2025-04-23 21:19:17,354 [INFO] IPUIPlugin:80 - create IPUIPlugin
2025-04-23 21:19:17,354 [INFO] PluginManager:220 - loadIPPluginJar : add i3c
2025-04-23 21:19:17,544 [INFO] IPUIPlugin:80 - create IPUIPlugin
2025-04-23 21:19:17,544 [INFO] PluginManager:220 - loadIPPluginJar : add ipddr
2025-04-23 21:19:17,708 [INFO] IPUIPlugin:80 - create IPUIPlugin
2025-04-23 21:19:17,710 [INFO] PluginManager:220 - loadIPPluginJar : add linkedlist
2025-04-23 21:19:17,793 [INFO] IPUIPlugin:80 - create IPUIPlugin
2025-04-23 21:19:17,793 [INFO] PluginManager:220 - loadIPPluginJar : add lorawan
2025-04-23 21:19:17,874 [INFO] IPUIPlugin:80 - create IPUIPlugin
2025-04-23 21:19:17,874 [INFO] PluginManager:220 - loadIPPluginJar : add ltdc
2025-04-23 21:19:17,901 [INFO] IPUIPlugin:80 - create IPUIPlugin
2025-04-23 21:19:17,901 [INFO] PluginManager:220 - loadIPPluginJar : add mdma
2025-04-23 21:19:17,921 [INFO] IPUIPlugin:80 - create IPUIPlugin
2025-04-23 21:19:17,921 [INFO] PluginManager:220 - loadIPPluginJar : add nvic
2025-04-23 21:19:18,013 [INFO] IPUIPlugin:80 - create IPUIPlugin
2025-04-23 21:19:18,014 [INFO] PluginManager:220 - loadIPPluginJar : add opamp
2025-04-23 21:19:18,171 [INFO] IPUIPlugin:80 - create IPUIPlugin
2025-04-23 21:19:18,171 [INFO] PluginManager:220 - loadIPPluginJar : add openamp
2025-04-23 21:19:18,278 [INFO] IPUIPlugin:80 - create IPUIPlugin
2025-04-23 21:19:18,279 [INFO] PluginManager:220 - loadIPPluginJar : add pdm2pcm
2025-04-23 21:19:18,306 [INFO] IPUIPlugin:80 - create IPUIPlugin
2025-04-23 21:19:18,312 [INFO] PluginManager:220 - loadIPPluginJar : add plateformsettings
2025-04-23 21:19:18,377 [INFO] IPUIPlugin:80 - create IPUIPlugin
2025-04-23 21:19:18,377 [INFO] PluginManager:220 - loadIPPluginJar : add quadspi
2025-04-23 21:19:18,403 [INFO] IPUIPlugin:80 - create IPUIPlugin
2025-04-23 21:19:18,403 [INFO] PluginManager:220 - loadIPPluginJar : add resmgrutility
2025-04-23 21:19:18,536 [INFO] IPUIPlugin:80 - create IPUIPlugin
2025-04-23 21:19:18,536 [INFO] PluginManager:220 - loadIPPluginJar : add sai
2025-04-23 21:19:18,640 [INFO] IPUIPlugin:80 - create IPUIPlugin
2025-04-23 21:19:18,640 [INFO] PluginManager:220 - loadIPPluginJar : add spi
2025-04-23 21:19:18,812 [INFO] IPUIPlugin:80 - create IPUIPlugin
2025-04-23 21:19:18,812 [INFO] PluginManager:220 - loadIPPluginJar : add stm32_wpan
2025-04-23 21:19:18,872 [INFO] IPUIPlugin:80 - create IPUIPlugin
2025-04-23 21:19:18,876 [INFO] PluginManager:220 - loadIPPluginJar : add tim
2025-04-23 21:19:19,005 [INFO] IPUIPlugin:80 - create IPUIPlugin
2025-04-23 21:19:19,005 [INFO] PluginManager:220 - loadIPPluginJar : add touchsensing
2025-04-23 21:19:19,055 [INFO] IPUIPlugin:80 - create IPUIPlugin
2025-04-23 21:19:19,055 [INFO] PluginManager:220 - loadIPPluginJar : add tracer_emb
2025-04-23 21:19:19,106 [INFO] IPUIPlugin:80 - create IPUIPlugin
2025-04-23 21:19:19,106 [INFO] PluginManager:220 - loadIPPluginJar : add ts
2025-04-23 21:19:19,159 [INFO] IPUIPlugin:80 - create IPUIPlugin
2025-04-23 21:19:19,159 [INFO] PluginManager:220 - loadIPPluginJar : add tsc
2025-04-23 21:19:19,226 [INFO] IPUIPlugin:80 - create IPUIPlugin
2025-04-23 21:19:19,226 [INFO] PluginManager:220 - loadIPPluginJar : add ucpd
2025-04-23 21:19:19,327 [INFO] IPUIPlugin:80 - create IPUIPlugin
2025-04-23 21:19:19,327 [INFO] PluginManager:220 - loadIPPluginJar : add usart
2025-04-23 21:19:19,418 [INFO] IPUIPlugin:80 - create IPUIPlugin
2025-04-23 21:19:19,418 [INFO] PluginManager:220 - loadIPPluginJar : add usbx
2025-04-23 21:19:19,579 [INFO] CADModel:165 - CPN selected for project level
2025-04-23 21:19:19,579 [INFO] CADModel:114 - Register for checkConnection events
2025-04-23 21:19:19,579 [FATAL] Updater:308 - Updater called before beeing initialized
2025-04-23 21:19:19,581 [ERROR] CADModel:125 - Updater not yet initialized, retry later 
2025-04-23 21:19:19,812 [INFO] CADModel:165 - CPN selected for project level
2025-04-23 21:19:19,813 [INFO] CADModel:114 - Register for checkConnection events
2025-04-23 21:19:19,813 [FATAL] Updater:308 - Updater called before beeing initialized
2025-04-23 21:19:19,813 [ERROR] CADModel:125 - Updater not yet initialized, retry later 
2025-04-23 21:19:19,819 [FATAL] Updater:308 - Updater called before beeing initialized
2025-04-23 21:19:20,003 [FATAL] Updater:308 - Updater called before beeing initialized
2025-04-23 21:19:20,025 [INFO] DbMcusAds:53 - JSON generation date=Fri Sep 20 15:04:23 CEST 2024 (1726837463113)
2025-04-23 21:19:20,025 [FATAL] Updater:308 - Updater called before beeing initialized
2025-04-23 21:19:20,153 [WARN] DetailPanel:346 - Failed to get advertising image, set to default
2025-04-23 21:19:20,256 [INFO] ThirdPartyUpdaterWithRetryManager:70 - Updater plugin not ready yet. [3/15]
2025-04-23 21:19:20,265 [FATAL] Updater:308 - Updater called before beeing initialized
2025-04-23 21:19:20,266 [FATAL] Updater:308 - Updater called before beeing initialized
2025-04-23 21:19:20,266 [FATAL] Updater:308 - Updater called before beeing initialized
2025-04-23 21:19:20,266 [WARN] DetailPanel:346 - Failed to get advertising image, set to default
2025-04-23 21:19:20,268 [FATAL] Updater:308 - Updater called before beeing initialized
2025-04-23 21:19:20,399 [ERROR] Updater:1120 - MainUpdater not yet initialized. External WinMGr cannot be set.
2025-04-23 21:19:20,422 [INFO] Updater:1056 - Updater Version found : 6.11.1
2025-04-23 21:19:20,464 [INFO] ApplicationProperties:184 - Using Application install path: C:\ST\STM32CubeIDE_1.15.1\STM32CubeIDE\plugins\com.st.stm32cube.common.mx_6.11.1.202404110753
2025-04-23 21:19:22,060 [ERROR] LogOutputStream:75 - [STDERR_REDIRECT] Apr 23, 2025 9:19:22 PM java.util.prefs.WindowsPreferences <init>
2025-04-23 21:19:22,061 [ERROR] LogOutputStream:75 - [STDERR_REDIRECT] WARNING: Could not open/create prefs root node Software\JavaSoft\Prefs at root 0xffffffff80000002. Windows RegCreateKeyEx(...) returned error code 5.
2025-04-23 21:19:22,063 [ERROR] LogOutputStream:75 - [STDERR_REDIRECT] 
2025-04-23 21:19:23,040 [INFO] MainUpdater:2873 - connection check result : 10
2025-04-23 21:19:23,040 [INFO] MainUpdater:3567 - Updater definition file requires update
2025-04-23 21:19:23,042 [INFO] MainUpdater:290 - Updater Check For Update Now.
2025-04-23 21:19:23,042 [INFO] MicroXplorer:498 - Change Database Version : DB.6.0.111
2025-04-23 21:19:23,073 [INFO] McuFinderGlobals:63 - Set McuFinder mode to 2 (CubeIDE integrated)
2025-04-23 21:19:23,095 [INFO] UserAuth:415 - Internet connection configuration mode: 1
2025-04-23 21:19:23,143 [INFO] JxBrowserEngine:152 - Initiate JxBrowser Engine with user profile folder
2025-04-23 21:19:23,257 [WARN] MainUpdater:1194 - Updater busy. Cannot search thirdparties
2025-04-23 21:19:23,257 [INFO] ThirdPartyUpdaterWithRetryManager:96 - Updater plugin is busy. [1/15]
2025-04-23 21:19:23,359 [INFO] ServerAccessManage:473 - Download File updaters.zip
2025-04-23 21:19:23,747 [INFO] FileExtend:240 - Unzip File : updaters.zip
2025-04-23 21:19:23,747 [INFO] FileExtend:255 - Standard Zip Deflate
2025-04-23 21:19:25,859 [INFO] ServerAccessManage:473 - Download File PacksControlFlags.xml
2025-04-23 21:19:26,109 [INFO] ServerAccessManage:473 - Download File cubemx.pidx
2025-04-23 21:19:26,259 [WARN] MainUpdater:1194 - Updater busy. Cannot search thirdparties
2025-04-23 21:19:26,259 [INFO] ThirdPartyUpdaterWithRetryManager:96 - Updater plugin is busy. [2/15]
2025-04-23 21:19:26,748 [INFO] ServerAccessManage:473 - Download File STMicroelectronics.FP-ATR-ASTRA1.pdsc
2025-04-23 21:19:28,076 [INFO] ServerAccessManage:473 - Download File STMicroelectronics.FP-SNS-FLIGHT1.pdsc
2025-04-23 21:19:29,261 [WARN] MainUpdater:1194 - Updater busy. Cannot search thirdparties
2025-04-23 21:19:29,261 [INFO] ThirdPartyUpdaterWithRetryManager:96 - Updater plugin is busy. [3/15]
2025-04-23 21:19:29,269 [INFO] ServerAccessManage:473 - Download File STMicroelectronics.X-CUBE-AI.pdsc
2025-04-23 21:19:31,364 [INFO] WebApp:161 - Instantiating new browser for Auth
2025-04-23 21:19:31,950 [INFO] WebApp:779 - Register for checkConnection events
2025-04-23 21:19:31,951 [INFO] WebApp:414 - Apply proxy settings
2025-04-23 21:19:31,951 [INFO] WebApp:499 - Chromium requires no authentication
2025-04-23 21:19:31,958 [INFO] WebApp:442 - Direct internet connection detected
2025-04-23 21:19:32,121 [INFO] WebApp:192 - Starting web application
2025-04-23 21:19:32,122 [INFO] WebApp:544 - Web application path used C:\ST\STM32CubeIDE_1.15.1\STM32CubeIDE\plugins\com.st.stm32cube.common.mx_6.11.1.202404110753\db\plugins\mcufinder\reactClient1\index.html
2025-04-23 21:19:32,263 [WARN] MainUpdater:1194 - Updater busy. Cannot search thirdparties
2025-04-23 21:19:32,263 [INFO] ThirdPartyUpdaterWithRetryManager:96 - Updater plugin is busy. [4/15]
2025-04-23 21:19:33,472 [INFO] ServerAccessManage:473 - Download File STMicroelectronics.X-CUBE-BLE1.pdsc
2025-04-23 21:19:35,264 [WARN] MainUpdater:1194 - Updater busy. Cannot search thirdparties
2025-04-23 21:19:35,264 [INFO] ThirdPartyUpdaterWithRetryManager:96 - Updater plugin is busy. [5/15]
2025-04-23 21:19:36,107 [ERROR] ServerAccessManage:1089 - Problem, file not found on Server
2025-04-23 21:19:36,319 [INFO] ServerAccessManage:473 - Download File STMicroelectronics.X-CUBE-BLEMGR.pdsc
2025-04-23 21:19:36,710 [ERROR] ServerAccessManage:1089 - Problem, file not found on Server
2025-04-23 21:19:38,264 [WARN] MainUpdater:1194 - Updater busy. Cannot search thirdparties
2025-04-23 21:19:38,264 [INFO] ThirdPartyUpdaterWithRetryManager:96 - Updater plugin is busy. [6/15]
2025-04-23 21:19:38,334 [INFO] ServerAccessManage:473 - Download File STMicroelectronics.X-CUBE-DPOWER.pdsc
2025-04-23 21:19:39,022 [ERROR] ServerAccessManage:1089 - Problem, file not found on Server
2025-04-23 21:19:39,315 [ERROR] ServerAccessManage:1089 - Problem, file not found on Server
2025-04-23 21:19:39,555 [ERROR] ServerAccessManage:1089 - Problem, file not found on Server
2025-04-23 21:19:39,859 [ERROR] ServerAccessManage:1089 - Problem, file not found on Server
2025-04-23 21:19:40,094 [ERROR] ServerAccessManage:1089 - Problem, file not found on Server
2025-04-23 21:19:40,387 [ERROR] ServerAccessManage:1089 - Problem, file not found on Server
2025-04-23 21:19:40,680 [ERROR] ServerAccessManage:1089 - Problem, file not found on Server
2025-04-23 21:19:40,959 [ERROR] ServerAccessManage:1089 - Problem, file not found on Server
2025-04-23 21:19:41,232 [ERROR] ServerAccessManage:1089 - Problem, file not found on Server
2025-04-23 21:19:41,265 [WARN] MainUpdater:1194 - Updater busy. Cannot search thirdparties
2025-04-23 21:19:41,265 [INFO] ThirdPartyUpdaterWithRetryManager:96 - Updater plugin is busy. [7/15]
2025-04-23 21:19:41,455 [ERROR] ServerAccessManage:1089 - Problem, file not found on Server
2025-04-23 21:19:41,659 [ERROR] ServerAccessManage:1089 - Problem, file not found on Server
2025-04-23 21:19:41,881 [INFO] ServerAccessManage:473 - Download File STMicroelectronics.X-CUBE-FREERTOS.pdsc
2025-04-23 21:19:43,408 [INFO] ServerAccessManage:473 - Download File STMicroelectronics.X-CUBE-GNSS1.pdsc
2025-04-23 21:19:44,266 [WARN] MainUpdater:1194 - Updater busy. Cannot search thirdparties
2025-04-23 21:19:44,266 [INFO] ThirdPartyUpdaterWithRetryManager:96 - Updater plugin is busy. [8/15]
2025-04-23 21:19:45,938 [ERROR] ServerAccessManage:1089 - Problem, file not found on Server
2025-04-23 21:19:46,215 [ERROR] ServerAccessManage:1089 - Problem, file not found on Server
2025-04-23 21:19:46,492 [ERROR] ServerAccessManage:1089 - Problem, file not found on Server
2025-04-23 21:19:46,735 [ERROR] ServerAccessManage:1089 - Problem, file not found on Server
2025-04-23 21:19:47,008 [ERROR] ServerAccessManage:1089 - Problem, file not found on Server
2025-04-23 21:19:47,267 [WARN] MainUpdater:1194 - Updater busy. Cannot search thirdparties
2025-04-23 21:19:47,267 [INFO] ThirdPartyUpdaterWithRetryManager:96 - Updater plugin is busy. [9/15]
2025-04-23 21:19:47,287 [ERROR] ServerAccessManage:1089 - Problem, file not found on Server
2025-04-23 21:19:47,617 [INFO] ServerAccessManage:473 - Download File STMicroelectronics.X-CUBE-IPS.pdsc
2025-04-23 21:19:48,295 [INFO] ServerAccessManage:473 - Download File STMicroelectronics.X-CUBE-MEMS1.pdsc
2025-04-23 21:19:50,268 [WARN] MainUpdater:1194 - Updater busy. Cannot search thirdparties
2025-04-23 21:19:50,268 [INFO] ThirdPartyUpdaterWithRetryManager:96 - Updater plugin is busy. [10/15]
2025-04-23 21:19:52,974 [INFO] ServerAccessManage:473 - Download File STMicroelectronics.X-CUBE-TCPP.pdsc
2025-04-23 21:19:53,269 [WARN] MainUpdater:1194 - Updater busy. Cannot search thirdparties
2025-04-23 21:19:53,269 [INFO] ThirdPartyUpdaterWithRetryManager:96 - Updater plugin is busy. [11/15]
2025-04-23 21:19:53,521 [INFO] ServerAccessManage:473 - Download File STMicroelectronics.X-CUBE-TOF1.pdsc
2025-04-23 21:19:55,618 [ERROR] ServerAccessManage:1089 - Problem, file not found on Server
2025-04-23 21:19:56,050 [INFO] ServerAccessManage:473 - Download File STMicroelectronics.X-CUBE-TOUCHGFX.pdsc
2025-04-23 21:19:56,270 [WARN] MainUpdater:1194 - Updater busy. Cannot search thirdparties
2025-04-23 21:19:56,270 [INFO] ThirdPartyUpdaterWithRetryManager:96 - Updater plugin is busy. [12/15]
2025-04-23 21:19:59,272 [WARN] MainUpdater:1194 - Updater busy. Cannot search thirdparties
2025-04-23 21:19:59,272 [INFO] ThirdPartyUpdaterWithRetryManager:96 - Updater plugin is busy. [13/15]
2025-04-23 21:20:00,786 [INFO] ServerAccessManage:473 - Download File STMicroelectronics.X-CUBE-AZRTOS-H7RS.pdsc
2025-04-23 21:20:01,625 [INFO] ServerAccessManage:473 - Download File STMicroelectronics.X-CUBE-WB05N.pdsc
2025-04-23 21:20:02,273 [WARN] MainUpdater:1194 - Updater busy. Cannot search thirdparties
2025-04-23 21:20:02,273 [INFO] ThirdPartyUpdaterWithRetryManager:96 - Updater plugin is busy. [14/15]
2025-04-23 21:20:02,614 [INFO] ServerAccessManage:473 - Download File Avnet-IotConnect.X-CUBE-IoTC-DA16k-PMOD.pdsc
2025-04-23 21:20:02,796 [WARN] PackLoader:240 - Cannot read IP mode file for STMicroelectronics.FP-ATR-ASTRA1.2.0.2
2025-04-23 21:20:02,803 [WARN] PopulateThirdPartyThread:106 - Error when creating pack: C:/Users/dbank/.stm32cubemx/thirdparties/pdsc/STMicroelectronics.FP-SNS-FLIGHT1.pdsc
2025-04-23 21:20:02,811 [WARN] PackLoader:240 - Cannot read IP mode file for STMicroelectronics.X-CUBE-AI.10.0.0
2025-04-23 21:20:02,820 [WARN] PackLoader:240 - Cannot read IP mode file for STMicroelectronics.X-CUBE-BLE1.7.1.0
2025-04-23 21:20:02,835 [WARN] PackLoader:240 - Cannot read IP mode file for STMicroelectronics.X-CUBE-BLEMGR.4.0.0
2025-04-23 21:20:02,861 [WARN] PackLoader:240 - Cannot read IP mode file for STMicroelectronics.X-CUBE-DPower.1.3.0
2025-04-23 21:20:02,873 [WARN] PackLoader:240 - Cannot read IP mode file for STMicroelectronics.X-CUBE-FREERTOS.1.3.0
2025-04-23 21:20:02,882 [WARN] PackLoader:240 - Cannot read IP mode file for STMicroelectronics.X-CUBE-GNSS1.7.0.1
2025-04-23 21:20:02,888 [WARN] PopulateThirdPartyThread:106 - Error when creating pack: C:/Users/dbank/.stm32cubemx/thirdparties/pdsc/STMicroelectronics.X-CUBE-IPS.pdsc
2025-04-23 21:20:02,976 [WARN] PackLoader:240 - Cannot read IP mode file for STMicroelectronics.X-CUBE-MEMS1.11.2.0
2025-04-23 21:20:02,977 [INFO] CheckServerUpdateThread:120 - End of CheckServer Thread
2025-04-23 21:20:03,171 [WARN] PopulateThirdPartyThread:106 - Error when creating pack: C:/Users/dbank/.stm32cubemx/thirdparties/pdsc/STMicroelectronics.X-CUBE-TCPP.pdsc
2025-04-23 21:20:03,176 [WARN] PopulateThirdPartyThread:106 - Error when creating pack: C:/Users/dbank/.stm32cubemx/thirdparties/pdsc/STMicroelectronics.X-CUBE-TOF1.pdsc
2025-04-23 21:20:03,182 [WARN] PackLoader:240 - Cannot read IP mode file for STMicroelectronics.X-CUBE-TOUCHGFX.4.25.0
2025-04-23 21:20:03,204 [WARN] PackLoader:240 - Cannot read IP mode file for STMicroelectronics.X-CUBE-AZRTOS-H7RS.1.1.0
2025-04-23 21:20:03,214 [WARN] PackLoader:240 - Cannot read IP mode file for STMicroelectronics.X-CUBE-WB05N.2.0.0
2025-04-23 21:20:03,217 [WARN] PopulateThirdPartyThread:106 - Error when creating pack: C:/Users/dbank/.stm32cubemx/thirdparties/pdsc/Avnet-IotConnect.X-CUBE-IoTC-DA16k-PMOD.pdsc
2025-04-23 21:20:03,219 [INFO] PopulateThirdPartyThread:66 - Ending populate Thread
2025-04-23 21:20:03,221 [INFO] ThirdParty:1030 - CMSIS Pack Vendor :STMicroelectronics X-CUBE-BLEMGR 4.0.0
2025-04-23 21:20:03,221 [INFO] ThirdParty:1030 - CMSIS Pack Vendor :STMicroelectronics X-CUBE-AI 10.0.0
2025-04-23 21:20:03,221 [INFO] ThirdParty:1030 - CMSIS Pack Vendor :STMicroelectronics X-CUBE-FREERTOS 1.3.0
2025-04-23 21:20:03,221 [INFO] ThirdParty:1030 - CMSIS Pack Vendor :STMicroelectronics X-CUBE-GNSS1 7.0.1
2025-04-23 21:20:03,221 [INFO] ThirdParty:1030 - CMSIS Pack Vendor :STMicroelectronics X-CUBE-DPower 1.3.0
2025-04-23 21:20:03,221 [INFO] ThirdParty:1030 - CMSIS Pack Vendor :STMicroelectronics FP-ATR-ASTRA1 2.0.2
2025-04-23 21:20:03,221 [INFO] ThirdParty:1030 - CMSIS Pack Vendor :STMicroelectronics X-CUBE-BLE1 7.1.0
2025-04-23 21:20:03,221 [INFO] ThirdParty:1030 - CMSIS Pack Vendor :STMicroelectronics X-CUBE-MEMS1 11.2.0
2025-04-23 21:20:03,221 [INFO] ThirdParty:1030 - CMSIS Pack Vendor :STMicroelectronics X-CUBE-TOUCHGFX 4.25.0
2025-04-23 21:20:03,221 [INFO] ThirdParty:1030 - CMSIS Pack Vendor :STMicroelectronics X-CUBE-WB05N 2.0.0
2025-04-23 21:20:03,221 [INFO] ThirdParty:1030 - CMSIS Pack Vendor :STMicroelectronics X-CUBE-AZRTOS-H7RS 1.1.0
2025-04-23 21:20:03,222 [INFO] LoadServerUpdatesThread:375 - End of LoadServerUpdate Thread
2025-04-23 21:20:05,509 [WARN] PackLoader:240 - Cannot read IP mode file for STMicroelectronics.FP-SNS-MOTENVWB1.1.4.0
2025-04-23 21:20:05,512 [WARN] PackLoader:240 - Cannot read IP mode file for STMicroelectronics.FP-ATR-ASTRA1.2.0.2
2025-04-23 21:20:05,517 [WARN] PackLoader:240 - Cannot read IP mode file for STMicroelectronics.FP-ATR-ASTRA1.2.0.1
2025-04-23 21:20:05,529 [WARN] PackLoader:240 - Cannot read IP mode file for STMicroelectronics.X-CUBE-SMBUS.2.1.0
2025-04-23 21:20:05,544 [WARN] PackLoader:240 - Cannot read IP mode file for STMicroelectronics.X-CUBE-WB05N.1.1.0
2025-04-23 21:20:05,559 [WARN] PackLoader:240 - Cannot read IP mode file for STMicroelectronics.X-CUBE-TOUCHGFX.4.23.2
2025-04-23 21:20:05,588 [WARN] PackLoader:240 - Cannot read IP mode file for STMicroelectronics.X-CUBE-AZRTOS-F7.1.1.0
2025-04-23 21:20:05,643 [WARN] PackLoader:240 - Cannot read IP mode file for STMicroelectronics.X-CUBE-MEMS1.11.0.0
2025-04-23 21:20:05,732 [WARN] PackLoader:240 - Cannot read IP mode file for STMicroelectronics.FP-SNS-FLIGHT1.5.0.2
2025-04-23 21:20:05,750 [WARN] PackLoader:240 - Cannot read IP mode file for STMicroelectronics.X-CUBE-DISPLAY.3.0.0
2025-04-23 21:20:05,772 [WARN] PackLoader:240 - Cannot read IP mode file for STMicroelectronics.X-CUBE-BLE1.7.0.0
2025-04-23 21:20:05,791 [WARN] PackLoader:240 - Cannot read IP mode file for STMicroelectronics.X-CUBE-NFC10.1.0.0
2025-04-23 21:20:05,802 [WARN] PackLoader:240 - Cannot read IP mode file for STMicroelectronics.X-CUBE-BLEMGR.4.0.0
2025-04-23 21:20:05,828 [WARN] PackLoader:240 - Cannot read IP mode file for emotas.I-CUBE-CANOPEN.1.3.0
2025-04-23 21:20:05,852 [WARN] PackLoader:240 - Cannot read IP mode file for STMicroelectronics.X-CUBE-BLEMGR.3.1.0
2025-04-23 21:20:05,858 [WARN] PackLoader:240 - Cannot read IP mode file for STMicroelectronics.X-CUBE-AI.10.0.0
2025-04-23 21:20:05,874 [WARN] PackLoader:240 - Cannot read IP mode file for STMicroelectronics.FP-SNS-SMARTAG2.1.2.0
2025-04-23 21:20:05,882 [ERROR] Engine:466 - C:\Users\dbank\.stm32cubemx\thirdparties\pdsc\STMicroelectronics.FP-SNS-FLIGHT1.5.1.0.pdsc: PDSC version is not supported
2025-04-23 21:20:05,905 [INFO] LogOutputStream:77 - [STDOUT_REDIRECT] 1 : Invalid condition id : UX_CORESTACK_Condition cause : null
2025-04-23 21:20:05,906 [INFO] LogOutputStream:77 - [STDOUT_REDIRECT] 1 : Invalid condition id : UX_CORESTACK_Condition cause : null
2025-04-23 21:20:05,907 [INFO] LogOutputStream:77 - [STDOUT_REDIRECT] 1 : Invalid condition id : UX_CORESTACK_Condition cause : null
2025-04-23 21:20:05,908 [INFO] LogOutputStream:77 - [STDOUT_REDIRECT] 1 : Invalid condition id : UX_CORESTACK_Condition cause : null
2025-04-23 21:20:05,908 [INFO] LogOutputStream:77 - [STDOUT_REDIRECT] 1 : Invalid condition id : UX_CORESTACK_Condition cause : null
2025-04-23 21:20:05,911 [WARN] PackLoader:240 - Cannot read IP mode file for STMicroelectronics.X-CUBE-AZRTOS-WL.2.0.0
2025-04-23 21:20:05,928 [WARN] PackLoader:240 - Cannot read IP mode file for STMicroelectronics.FP-SNS-MOTENV1.5.0.0
2025-04-23 21:20:05,936 [WARN] PackLoader:240 - Cannot read IP mode file for wolfSSL.I-CUBE-wolfMQTT.1.19.0
2025-04-23 21:20:05,955 [WARN] PackLoader:240 - Cannot read IP mode file for WES.I-CUBE-Cesium.1.3.0
2025-04-23 21:20:05,970 [WARN] PackLoader:240 - Cannot read IP mode file for STMicroelectronics.X-CUBE-BLE2.3.3.0
2025-04-23 21:20:05,987 [WARN] PackLoader:240 - Cannot read IP mode file for STMicroelectronics.X-CUBE-NFC9.1.0.0
2025-04-23 21:20:05,990 [WARN] PackLoader:240 - Cannot read IP mode file for STMicroelectronics.X-CUBE-BLE1.7.1.0
2025-04-23 21:20:06,008 [WARN] PackLoader:240 - Cannot read IP mode file for STMicroelectronics.X-CUBE-TCPP.4.1.0
2025-04-23 21:20:06,021 [WARN] PackLoader:240 - Cannot read IP mode file for STMicroelectronics.X-CUBE-ALGOBUILD.1.3.0
2025-04-23 21:20:06,056 [WARN] PackLoader:240 - Cannot read IP mode file for STMicroelectronics.X-CUBE-MEMS1.11.2.0
2025-04-23 21:20:06,189 [WARN] PackLoader:240 - Cannot read IP mode file for STMicroelectronics.X-CUBE-AZRTOS-G0.1.1.0
2025-04-23 21:20:06,208 [WARN] PackLoader:240 - Cannot read IP mode file for STMicroelectronics.X-CUBE-SAFEA1.1.2.2
2025-04-23 21:20:06,228 [WARN] PackLoader:240 - Cannot read IP mode file for STMicroelectronics.X-CUBE-NFC4.3.0.0
2025-04-23 21:20:06,250 [WARN] PackLoader:240 - Cannot read IP mode file for EmbeddedOffice.I-CUBE-FS-RTOS.1.0.1
2025-04-23 21:20:06,250 [ERROR] ConditionMgr:805 - Attr not supported : Dmpu
2025-04-23 21:20:06,250 [ERROR] ConditionMgr:805 - Attr not supported : Dmpu
2025-04-23 21:20:06,250 [ERROR] ConditionMgr:805 - Attr not supported : Dmpu
2025-04-23 21:20:06,251 [ERROR] ConditionMgr:805 - Attr not supported : Dmpu
2025-04-23 21:20:06,251 [ERROR] ConditionMgr:805 - Attr not supported : Dmpu
2025-04-23 21:20:06,251 [ERROR] ConditionMgr:805 - Attr not supported : Dmpu
2025-04-23 21:20:06,251 [ERROR] ConditionMgr:805 - Attr not supported : Dmpu
2025-04-23 21:20:06,251 [ERROR] ConditionMgr:805 - Attr not supported : Dmpu
2025-04-23 21:20:06,251 [ERROR] ConditionMgr:805 - Attr not supported : Dmpu
2025-04-23 21:20:06,251 [ERROR] ConditionMgr:805 - Attr not supported : Dmpu
2025-04-23 21:20:06,251 [ERROR] ConditionMgr:805 - Attr not supported : Dmpu
2025-04-23 21:20:06,251 [ERROR] ConditionMgr:805 - Attr not supported : Dmpu
2025-04-23 21:20:06,251 [ERROR] ConditionMgr:805 - Attr not supported : Dmpu
2025-04-23 21:20:06,251 [ERROR] ConditionMgr:805 - Attr not supported : Dmpu
2025-04-23 21:20:06,251 [ERROR] ConditionMgr:805 - Attr not supported : Dmpu
2025-04-23 21:20:06,251 [ERROR] ConditionMgr:805 - Attr not supported : Dmpu
2025-04-23 21:20:06,251 [ERROR] ConditionMgr:805 - Attr not supported : Dmpu
2025-04-23 21:20:06,251 [ERROR] ConditionMgr:805 - Attr not supported : Dmpu
2025-04-23 21:20:06,251 [ERROR] ConditionMgr:805 - Attr not supported : Dmpu
2025-04-23 21:20:06,251 [ERROR] ConditionMgr:805 - Attr not supported : Dmpu
2025-04-23 21:20:06,251 [ERROR] ConditionMgr:805 - Attr not supported : Dmpu
2025-04-23 21:20:06,251 [ERROR] ConditionMgr:805 - Attr not supported : Dmpu
2025-04-23 21:20:06,251 [ERROR] ConditionMgr:805 - Attr not supported : Dmpu
2025-04-23 21:20:06,251 [ERROR] ConditionMgr:805 - Attr not supported : Dmpu
2025-04-23 21:20:06,251 [ERROR] ConditionMgr:805 - Attr not supported : Dmpu
2025-04-23 21:20:06,251 [ERROR] ConditionMgr:805 - Attr not supported : Dmpu
2025-04-23 21:20:06,251 [ERROR] ConditionMgr:805 - Attr not supported : Dmpu
2025-04-23 21:20:06,251 [ERROR] ConditionMgr:805 - Attr not supported : Dmpu
2025-04-23 21:20:06,251 [ERROR] ConditionMgr:805 - Attr not supported : Dmpu
2025-04-23 21:20:06,251 [ERROR] ConditionMgr:805 - Attr not supported : Dmpu
2025-04-23 21:20:06,251 [ERROR] ConditionMgr:805 - Attr not supported : Dmpu
2025-04-23 21:20:06,251 [ERROR] ConditionMgr:805 - Attr not supported : Dmpu
2025-04-23 21:20:06,251 [ERROR] ConditionMgr:805 - Attr not supported : Dmpu
2025-04-23 21:20:06,253 [ERROR] ConditionMgr:805 - Attr not supported : Dmpu
2025-04-23 21:20:06,253 [ERROR] ConditionMgr:805 - Attr not supported : Dmpu
2025-04-23 21:20:06,253 [ERROR] ConditionMgr:805 - Attr not supported : Dmpu
2025-04-23 21:20:06,253 [ERROR] ConditionMgr:805 - Attr not supported : Dmpu
2025-04-23 21:20:06,253 [ERROR] ConditionMgr:805 - Attr not supported : Dmpu
2025-04-23 21:20:06,253 [ERROR] ConditionMgr:805 - Attr not supported : Dmpu
2025-04-23 21:20:06,253 [ERROR] ConditionMgr:805 - Attr not supported : Dmpu
2025-04-23 21:20:06,253 [ERROR] ConditionMgr:805 - Attr not supported : Dmpu
2025-04-23 21:20:06,253 [ERROR] ConditionMgr:805 - Attr not supported : Dmpu
2025-04-23 21:20:06,253 [ERROR] ConditionMgr:805 - Attr not supported : Dmpu
2025-04-23 21:20:06,253 [ERROR] ConditionMgr:805 - Attr not supported : Dmpu
2025-04-23 21:20:06,253 [ERROR] ConditionMgr:805 - Attr not supported : Dmpu
2025-04-23 21:20:06,253 [ERROR] ConditionMgr:805 - Attr not supported : Dmpu
2025-04-23 21:20:06,253 [ERROR] ConditionMgr:805 - Attr not supported : Dmpu
2025-04-23 21:20:06,253 [ERROR] ConditionMgr:805 - Attr not supported : Dmpu
2025-04-23 21:20:06,253 [ERROR] ConditionMgr:805 - Attr not supported : Dmpu
2025-04-23 21:20:06,253 [ERROR] ConditionMgr:805 - Attr not supported : Dmpu
2025-04-23 21:20:06,254 [ERROR] ConditionMgr:805 - Attr not supported : Dmpu
2025-04-23 21:20:06,254 [ERROR] ConditionMgr:805 - Attr not supported : Dmpu
2025-04-23 21:20:06,254 [ERROR] ConditionMgr:805 - Attr not supported : Dmpu
2025-04-23 21:20:06,254 [ERROR] ConditionMgr:805 - Attr not supported : Dmpu
2025-04-23 21:20:06,254 [ERROR] ConditionMgr:805 - Attr not supported : Dmpu
2025-04-23 21:20:06,254 [ERROR] ConditionMgr:805 - Attr not supported : Dmpu
2025-04-23 21:20:06,254 [ERROR] ConditionMgr:805 - Attr not supported : Dmpu
2025-04-23 21:20:06,254 [ERROR] ConditionMgr:805 - Attr not supported : Dmpu
2025-04-23 21:20:06,254 [ERROR] ConditionMgr:805 - Attr not supported : Dmpu
2025-04-23 21:20:06,254 [ERROR] ConditionMgr:805 - Attr not supported : Dmpu
2025-04-23 21:20:06,254 [ERROR] ConditionMgr:805 - Attr not supported : Dmpu
2025-04-23 21:20:06,254 [ERROR] ConditionMgr:805 - Attr not supported : Dmpu
2025-04-23 21:20:06,254 [ERROR] ConditionMgr:805 - Attr not supported : Dmpu
2025-04-23 21:20:06,254 [ERROR] ConditionMgr:805 - Attr not supported : Dmpu
2025-04-23 21:20:06,259 [WARN] PackLoader:240 - Cannot read IP mode file for STMicroelectronics.X-CUBE-WB05N.2.0.0
2025-04-23 21:20:06,262 [ERROR] Engine:466 - C:\Users\dbank\.stm32cubemx\thirdparties\pdsc\STMicroelectronics.X-CUBE-TCPP.4.2.0.pdsc: PDSC version is not supported
2025-04-23 21:20:06,283 [WARN] PackLoader:240 - Cannot read IP mode file for RealThread.X-CUBE-RT-Thread_Nano.4.1.1
2025-04-23 21:20:06,302 [WARN] PackLoader:240 - Cannot read IP mode file for wolfSSL.I-CUBE-wolfSSL.5.7.0
2025-04-23 21:20:06,308 [WARN] PackLoader:240 - Cannot read IP mode file for STMicroelectronics.FP-ATR-SIGFOX1.3.2.0
2025-04-23 21:20:06,316 [WARN] ConditionMgr:438 - getConditionDescription Invalid condition id : Cortex-A Device cause : null
2025-04-23 21:20:06,350 [WARN] ConditionMgr:1039 - genDependencies : Invalid condition id : Cortex-A Device cause : null
2025-04-23 21:20:06,350 [WARN] ConditionMgr:1039 - genDependencies : Invalid condition id : Cortex-A Device cause : null
2025-04-23 21:20:06,350 [WARN] ConditionMgr:1039 - genDependencies : Invalid condition id : Cortex-A Device cause : null
2025-04-23 21:20:06,368 [WARN] PackLoader:240 - Cannot read IP mode file for STMicroelectronics.X-CUBE-EEPRMA1.5.1.0
2025-04-23 21:20:06,390 [WARN] PackLoader:240 - Cannot read IP mode file for ITTIA_DB.I-CUBE-ITTIADB.8.9.0
2025-04-23 21:20:06,428 [WARN] PackLoader:240 - Cannot read IP mode file for SEGGER.I-CUBE-embOS.1.3.1
2025-04-23 21:20:06,480 [WARN] PackLoader:240 - Cannot read IP mode file for STMicroelectronics.X-CUBE-ALGOBUILD.1.4.0
2025-04-23 21:20:06,497 [WARN] PackLoader:240 - Cannot read IP mode file for STMicroelectronics.X-CUBE-AI.9.1.0
2025-04-23 21:20:06,513 [WARN] PackLoader:240 - Cannot read IP mode file for STMicroelectronics.X-CUBE-GNSS1.6.0.0
2025-04-23 21:20:06,545 [WARN] PackLoader:240 - Cannot read IP mode file for STMicroelectronics.X-CUBE-AZRTOS-F4.1.1.0
2025-04-23 21:20:06,550 [ERROR] Engine:466 - C:\Users\dbank\.stm32cubemx\thirdparties\pdsc\Avnet-IotConnect.X-CUBE-IoTC-DA16k-PMOD.1.0.0.pdsc: PDSC version is not supported
2025-04-23 21:20:06,567 [WARN] PackLoader:240 - Cannot read IP mode file for STMicroelectronics.X-CUBE-ISPU.2.1.0
2025-04-23 21:20:06,584 [WARN] PackLoader:240 - Cannot read IP mode file for STMicroelectronics.X-CUBE-FREERTOS.1.2.0
2025-04-23 21:20:06,627 [WARN] PackLoader:240 - Cannot read IP mode file for STMicroelectronics.X-CUBE-AZRTOS-L5.2.0.0
2025-04-23 21:20:06,648 [WARN] PackLoader:240 - Cannot read IP mode file for STMicroelectronics.X-CUBE-NFC6.3.1.0
2025-04-23 21:20:06,667 [WARN] PackLoader:240 - Cannot read IP mode file for STMicroelectronics.X-CUBE-DPower.1.2.0
2025-04-23 21:20:06,683 [WARN] PackLoader:240 - Cannot read IP mode file for STMicroelectronics.X-CUBE-AI.9.0.0
2025-04-23 21:20:06,686 [WARN] PackLoader:240 - Cannot read IP mode file for STMicroelectronics.X-CUBE-FREERTOS.1.3.0
2025-04-23 21:20:06,704 [WARN] PackLoader:240 - Cannot read IP mode file for STMicroelectronics.X-CUBE-NFC7.1.0.1
2025-04-23 21:20:06,709 [WARN] PackLoader:240 - Cannot read IP mode file for wolfSSL.I-CUBE-wolfTPM.3.2.0
2025-04-23 21:20:06,714 [WARN] PackLoader:240 - Cannot read IP mode file for STMicroelectronics.X-CUBE-DPower.1.3.0
2025-04-23 21:20:06,746 [WARN] ConditionMgr:438 - getConditionDescription Invalid condition id : LAN8742 Phy interface Condition cause : null
2025-04-23 21:20:06,746 [WARN] PackLoader:240 - Cannot read IP mode file for STMicroelectronics.X-CUBE-AZRTOS-L4.2.0.0
2025-04-23 21:20:06,747 [WARN] ConditionMgr:1039 - genDependencies : Invalid condition id : LAN8742 Phy interface Condition cause : null
2025-04-23 21:20:06,747 [WARN] ConditionMgr:1039 - genDependencies : Invalid condition id : LAN8742 Phy interface Condition cause : null
2025-04-23 21:20:06,747 [WARN] ConditionMgr:1039 - genDependencies : Invalid condition id : LAN8742 Phy interface Condition cause : null
2025-04-23 21:20:06,764 [WARN] PackLoader:240 - Cannot read IP mode file for STMicroelectronics.X-CUBE-SFXS2LP1.4.0.0
2025-04-23 21:20:06,798 [WARN] PackLoader:240 - Cannot read IP mode file for STMicroelectronics.X-CUBE-AZRTOS-H7.3.3.0
2025-04-23 21:20:06,995 [WARN] PackLoader:240 - Cannot read IP mode file for STMicroelectronics.X-CUBE-IPS.3.0.0
2025-04-23 21:20:07,037 [WARN] ConditionMgr:438 - getConditionDescription Invalid condition id : UX DEVICE CLASS RTOS Condition cause : null
2025-04-23 21:20:07,037 [WARN] ConditionMgr:438 - getConditionDescription Invalid condition id : UX DEVICE CLASS RTOS Condition cause : null
2025-04-23 21:20:07,039 [WARN] PackLoader:240 - Cannot read IP mode file for STMicroelectronics.X-CUBE-AZRTOS-WB.2.0.0
2025-04-23 21:20:07,041 [WARN] ConditionMgr:1039 - genDependencies : Invalid condition id : UX DEVICE CLASS RTOS Condition cause : null
2025-04-23 21:20:07,041 [WARN] ConditionMgr:1039 - genDependencies : Invalid condition id : UX DEVICE CLASS RTOS Condition cause : null
2025-04-23 21:20:07,041 [WARN] ConditionMgr:1039 - genDependencies : Invalid condition id : UX DEVICE CLASS RTOS Condition cause : null
2025-04-23 21:20:07,041 [WARN] ConditionMgr:1039 - genDependencies : Invalid condition id : UX DEVICE CLASS RTOS Condition cause : null
2025-04-23 21:20:07,041 [WARN] ConditionMgr:1039 - genDependencies : Invalid condition id : UX DEVICE CLASS RTOS Condition cause : null
2025-04-23 21:20:07,068 [WARN] PackLoader:240 - Cannot read IP mode file for STMicroelectronics.X-CUBE-GNSS1.7.0.0
2025-04-23 21:20:07,086 [WARN] PackLoader:240 - Cannot read IP mode file for STMicroelectronics.X-CUBE-GNSS1.7.0.1
2025-04-23 21:20:07,090 [WARN] PackLoader:240 - Cannot read IP mode file for STMicroelectronics.X-CUBE-TOUCHGFX.4.25.0
2025-04-23 21:20:07,112 [WARN] PackLoader:240 - Cannot read IP mode file for STMicroelectronics.FP-SNS-STBOX1.2.0.0
2025-04-23 21:20:07,139 [WARN] PackLoader:240 - Cannot read IP mode file for STMicroelectronics.X-CUBE-SUBG2.5.0.0
2025-04-23 21:20:07,155 [WARN] PackLoader:240 - Cannot read IP mode file for STMicroelectronics.X-CUBE-AZRTOS-H7RS.1.1.0
2025-04-23 21:20:07,184 [WARN] PackLoader:240 - Cannot read IP mode file for STMicroelectronics.X-CUBE-AZRTOS-G4.2.0.0
2025-04-23 21:20:07,204 [WARN] PackLoader:240 - Cannot read IP mode file for STMicroelectronics.X-CUBE-ISPU.2.0.0
2025-04-23 21:20:07,207 [ERROR] Engine:466 - C:\Users\dbank\.stm32cubemx\thirdparties\pdsc\STMicroelectronics.X-CUBE-IPS.3.1.0.pdsc: PDSC version is not supported
2025-04-23 21:20:07,222 [WARN] PackLoader:240 - Cannot read IP mode file for STMicroelectronics.X-CUBE-ALS.1.0.2
2025-04-23 21:20:07,261 [WARN] PackLoader:240 - Cannot read IP mode file for STMicroelectronics.X-CUBE-MEMS1.10.0.0
2025-04-23 21:20:07,350 [WARN] PackLoader:240 - Cannot read IP mode file for STMicroelectronics.X-CUBE-TOUCHGFX.4.24.0
2025-04-23 21:20:07,367 [WARN] PackLoader:240 - Cannot read IP mode file for STMicroelectronics.X-CUBE-TOUCHGFX.4.24.1
2025-04-23 21:20:07,384 [WARN] PackLoader:240 - Cannot read IP mode file for portGmbH.I-Cube-SoM-uGOAL.1.1.0
2025-04-23 21:20:07,399 [WARN] PackLoader:240 - Cannot read IP mode file for STMicroelectronics.X-CUBE-ALS.1.0.1
2025-04-23 21:20:07,427 [WARN] PackLoader:240 - Cannot read IP mode file for STMicroelectronics.X-CUBE-AZRTOS-H7RS.1.0.0
2025-04-23 21:20:07,442 [WARN] PackLoader:240 - Cannot read IP mode file for STMicroelectronics.FP-ATR-ASTRA1.2.0.0
2025-04-23 21:20:07,466 [WARN] PackLoader:240 - Cannot read IP mode file for STMicroelectronics.X-CUBE-TOF1.3.4.2
2025-04-23 21:20:07,475 [ERROR] Engine:466 - C:\Users\dbank\.stm32cubemx\thirdparties\pdsc\STMicroelectronics.X-CUBE-TOF1.3.4.3.pdsc: PDSC version is not supported
2025-04-23 21:20:07,500 [WARN] PackLoader:240 - Cannot read IP mode file for STMicroelectronics.X-CUBE-TOF1.3.4.1
2025-04-23 21:20:07,538 [WARN] PackLoader:240 - Cannot read IP mode file for STMicroelectronics.X-CUBE-AZRTOS-H7.3.2.0
2025-04-23 21:20:07,561 [WARN] PackLoader:240 - Cannot read IP mode file for Infineon.AIROC-Wi-Fi-Bluetooth-STM32.1.6.0
2025-04-23 21:20:07,567 [WARN] PackLoader:240 - Cannot read IP mode file for wolfSSL.I-CUBE-wolfSSH.1.4.17
2025-04-23 21:20:07,569 [INFO] ThirdParty:978 - Integrity check success = true
2025-04-23 21:20:07,569 [INFO] IntegrityCheckThread:100 - exiting critical section [integrity check]
2025-04-23 21:20:07,569 [INFO] IntegrityCheckThread:103 - End integrity checks thread
2025-04-23 22:31:14,342 [ERROR] LogOutputStream:75 - [STDERR_REDIRECT] 
