2025-05-28 21:30:49,878 [INFO] Activator:176 - 


2025-05-28 21:30:49,885 [INFO] Activator:177 - !SESSION log4j initialized
2025-05-28 21:30:57,665 [INFO] LogOutputStream:77 - [STDOUT_REDIRECT] 
2025-05-28 21:31:02,214 [INFO] ApplicationProperties:184 - Using Application install path: C:\ST\STM32CubeIDE_1.15.1\STM32CubeIDE\plugins\com.st.stm32cube.common.mx_6.11.1.202404110753
2025-05-28 21:31:02,277 [INFO] DbMcusXml:78 - Set database path to: C:\ST\STM32CubeIDE_1.15.1\STM32CubeIDE\plugins\com.st.stm32cube.common.mx_6.11.1.202404110753\\db\/mcu/
2025-05-28 21:31:02,277 [INFO] ApiDb:274 - Set plugin database path to: C:\ST\STM32CubeIDE_1.15.1\STM32CubeIDE\plugins\com.st.stm32cube.common.mx_6.11.1.202404110753\\db\/plugins/boardmanager/
2025-05-28 21:31:02,277 [WARN] ApiDb:259 - Overriding images path with different value:  => C:\ST\STM32CubeIDE_1.15.1\STM32CubeIDE\plugins\com.st.stm32cube.common.mx_6.11.1.202404110753\\db\/plugins/mcufinder/images/
2025-05-28 21:31:02,308 [INFO] ApiDb:250 - Set database path to: C:\Users\dbank\.stmcufinder\plugins\mcufinder//mcu/
2025-05-28 21:31:02,308 [INFO] DbMcusAds:125 - Set database path to: C:\Users\dbank\.stmcufinder\plugins\mcufinder//mcu/
2025-05-28 21:31:02,324 [INFO] CrossReferenceDbSqlite:203 - Set database path to: C:\Users\dbank\.stmcufinder\plugins\mcufinder//mcu/cs/
2025-05-28 21:31:02,673 [INFO] RulesReader:64 - Compatibility file has been processed (297 Rules)
2025-05-28 21:31:02,908 [INFO] DbMcusXml:78 - Set database path to: C:\ST\STM32CubeIDE_1.15.1\STM32CubeIDE\plugins\com.st.stm32cube.common.mx_6.11.1.202404110753\\db\/mcu/
2025-05-28 21:31:02,908 [INFO] ApiDb:274 - Set plugin database path to: C:\ST\STM32CubeIDE_1.15.1\STM32CubeIDE\plugins\com.st.stm32cube.common.mx_6.11.1.202404110753\\db\/plugins/boardmanager/
2025-05-28 21:31:02,908 [INFO] ApiDb:261 - Set plugin images path to: C:\ST\STM32CubeIDE_1.15.1\STM32CubeIDE\plugins\com.st.stm32cube.common.mx_6.11.1.202404110753\\db\/plugins/mcufinder/images/
2025-05-28 21:31:02,908 [WARN] DbFile:41 - Overriding database path with different value: C:\Users\dbank\.stmcufinder\plugins\mcufinder/ => C:\Users\dbank\.stmcufinder\plugins\mcufinder
2025-05-28 21:31:02,908 [INFO] ApiDb:250 - Set database path to: C:\Users\dbank\.stmcufinder\plugins\mcufinder//mcu/
2025-05-28 21:31:02,908 [WARN] DbFile:41 - Overriding database path with different value: C:\Users\dbank\.stmcufinder\plugins\mcufinder/ => C:\Users\dbank\.stmcufinder\plugins\mcufinder
2025-05-28 21:31:02,908 [INFO] DbMcusAds:125 - Set database path to: C:\Users\dbank\.stmcufinder\plugins\mcufinder//mcu/
2025-05-28 21:31:02,908 [WARN] DbFile:41 - Overriding database path with different value: C:\Users\dbank\.stmcufinder\plugins\mcufinder/ => C:\Users\dbank\.stmcufinder\plugins\mcufinder
2025-05-28 21:31:02,908 [WARN] DbFile:41 - Overriding database path with different value: C:\Users\dbank\.stmcufinder\plugins\mcufinder/ => C:\Users\dbank\.stmcufinder\plugins\mcufinder
2025-05-28 21:31:02,908 [INFO] CrossReferenceDbSqlite:203 - Set database path to: C:\Users\dbank\.stmcufinder\plugins\mcufinder//mcu/cs/
2025-05-28 21:31:03,194 [INFO] MainPanel:264 - HeapMemory: 268435456
2025-05-28 21:31:03,461 [INFO] DbMcusXml:78 - Set database path to: C:\ST\STM32CubeIDE_1.15.1\STM32CubeIDE\plugins\com.st.stm32cube.common.mx_6.11.1.202404110753\\db\/mcu/
2025-05-28 21:31:03,461 [INFO] ApiDb:274 - Set plugin database path to: C:\ST\STM32CubeIDE_1.15.1\STM32CubeIDE\plugins\com.st.stm32cube.common.mx_6.11.1.202404110753\\db\/plugins/boardmanager/
2025-05-28 21:31:03,461 [INFO] ApiDb:261 - Set plugin images path to: C:\ST\STM32CubeIDE_1.15.1\STM32CubeIDE\plugins\com.st.stm32cube.common.mx_6.11.1.202404110753\\db\/plugins/mcufinder/images/
2025-05-28 21:31:03,461 [WARN] DbFile:41 - Overriding database path with different value: C:\Users\dbank\.stmcufinder\plugins\mcufinder/ => C:\Users\dbank\.stmcufinder\plugins\mcufinder
2025-05-28 21:31:03,461 [INFO] ApiDb:250 - Set database path to: C:\Users\dbank\.stmcufinder\plugins\mcufinder//mcu/
2025-05-28 21:31:03,461 [WARN] DbFile:41 - Overriding database path with different value: C:\Users\dbank\.stmcufinder\plugins\mcufinder/ => C:\Users\dbank\.stmcufinder\plugins\mcufinder
2025-05-28 21:31:03,461 [INFO] DbMcusAds:125 - Set database path to: C:\Users\dbank\.stmcufinder\plugins\mcufinder//mcu/
2025-05-28 21:31:03,461 [WARN] DbFile:41 - Overriding database path with different value: C:\Users\dbank\.stmcufinder\plugins\mcufinder/ => C:\Users\dbank\.stmcufinder\plugins\mcufinder
2025-05-28 21:31:03,461 [WARN] DbFile:41 - Overriding database path with different value: C:\Users\dbank\.stmcufinder\plugins\mcufinder/ => C:\Users\dbank\.stmcufinder\plugins\mcufinder
2025-05-28 21:31:03,461 [INFO] CrossReferenceDbSqlite:203 - Set database path to: C:\Users\dbank\.stmcufinder\plugins\mcufinder//mcu/cs/
2025-05-28 21:31:03,512 [INFO] ApplicationProperties:184 - Using Application install path: C:\ST\STM32CubeIDE_1.15.1\STM32CubeIDE\plugins\com.st.stm32cube.common.mx_6.11.1.202404110753
2025-05-28 21:31:03,512 [INFO] PluginManage:196 - Search for loadable plugins [exclusion list=, ]
2025-05-28 21:31:03,524 [INFO] PluginManage:310 - Check plugin analytics
2025-05-28 21:31:04,202 [INFO] AnalyticsPlugin:253 - Accepted Software Licenses: STM32CubeMX.6.11.1
2025-05-28 21:31:04,202 [INFO] AnalyticsPlugin:255 - Accepted CMSIS Pack Licenses: STMicroelectronics.X-CUBE-AZRTOS-H7.3.3.0
2025-05-28 21:31:04,202 [INFO] AnalyticsPlugin:257 - Accepted Firmware Licenses: FW.H7.1.11.0,FW.H7.1.10.0,FW.L4.1.18.0,FW.F4.1.28.0,FW.MP1.1.6.0,FW.F7.1.17.0
2025-05-28 21:31:04,202 [INFO] PluginManage:359 - Loaded plugin analytics (category:tool,tabindex:-1)
2025-05-28 21:31:04,202 [INFO] PluginManage:310 - Check plugin cadmodel
2025-05-28 21:31:04,249 [INFO] CADModel:105 - Init CAD model plugin
2025-05-28 21:31:04,249 [INFO] PluginManage:359 - Loaded plugin cadmodel (category:power,tabindex:5)
2025-05-28 21:31:04,249 [INFO] PluginManage:310 - Check plugin clock
2025-05-28 21:31:04,296 [INFO] PluginManage:359 - Loaded plugin clock (category:base,tabindex:2)
2025-05-28 21:31:04,296 [INFO] PluginManage:310 - Check plugin ddr
2025-05-28 21:31:04,296 [INFO] PluginManage:359 - Loaded plugin ddr (category:tool,tabindex:6)
2025-05-28 21:31:04,296 [INFO] PluginManage:310 - Check plugin filemanager
2025-05-28 21:31:04,737 [INFO] PluginManage:359 - Loaded plugin filemanager (category:base,tabindex:10)
2025-05-28 21:31:04,737 [INFO] PluginManage:310 - Check plugin ipmanager
2025-05-28 21:31:04,755 [INFO] PluginManage:359 - Loaded plugin ipmanager (category:base,tabindex:5)
2025-05-28 21:31:04,755 [INFO] PluginManage:310 - Check plugin lpbam
2025-05-28 21:31:04,785 [INFO] PluginManage:359 - Loaded plugin lpbam (category:base,tabindex:0)
2025-05-28 21:31:04,785 [INFO] PluginManage:310 - Check plugin memorymap
2025-05-28 21:31:04,848 [INFO] PluginManage:359 - Loaded plugin memorymap (category:base,tabindex:4)
2025-05-28 21:31:04,848 [INFO] PluginManage:310 - Check plugin pinoutandconfiguration
2025-05-28 21:31:04,880 [INFO] PluginManage:359 - Loaded plugin pinoutandconfiguration (category:base,tabindex:1)
2025-05-28 21:31:04,880 [INFO] PluginManage:310 - Check plugin pinoutconfig
2025-05-28 21:31:05,138 [WARN] SupportedApi:132 - Cannot load RTOS API schema: s4s-elt-must-match.1: The content of 'definitions' must match (annotation?, (simpleType | complexType)?, (unique | key | keyref)*)). A problem was found starting at: attribute.
2025-05-28 21:31:05,651 [INFO] PluginManage:359 - Loaded plugin pinoutconfig (category:base,tabindex:0)
2025-05-28 21:31:05,651 [INFO] PluginManage:310 - Check plugin power
2025-05-28 21:31:05,737 [INFO] PluginManage:359 - Loaded plugin power (category:power,tabindex:4)
2025-05-28 21:31:05,738 [INFO] PluginManage:310 - Check plugin projectmanager
2025-05-28 21:31:05,779 [INFO] PluginManage:359 - Loaded plugin projectmanager (category:projectmanager,tabindex:3)
2025-05-28 21:31:05,779 [INFO] PluginManage:310 - Check plugin thirdparty
2025-05-28 21:31:06,453 [WARN] IntegrityCheckThread:84 - waiting for thirdparty lock release [integrity check]
2025-05-28 21:31:06,454 [INFO] IntegrityCheckThread:86 - entering critical section [integrity check]
2025-05-28 21:31:06,455 [INFO] PluginManage:359 - Loaded plugin thirdparty (category:base,tabindex:-1)
2025-05-28 21:31:06,455 [INFO] ThirdPartyUpdaterWithRetryManager:70 - Updater plugin not ready yet. [1/15]
2025-05-28 21:31:06,455 [INFO] PluginManage:310 - Check plugin tools
2025-05-28 21:31:06,545 [INFO] PluginManage:359 - Loaded plugin tools (category:base,tabindex:7)
2025-05-28 21:31:06,545 [INFO] PluginManage:310 - Check plugin tutovideos
2025-05-28 21:31:07,174 [INFO] PluginManage:359 - Loaded plugin tutovideos (category:base,tabindex:-1)
2025-05-28 21:31:07,174 [INFO] PluginManage:310 - Check plugin updater
2025-05-28 21:31:07,194 [INFO] PluginManage:359 - Loaded plugin updater (category:base,tabindex:12)
2025-05-28 21:31:07,195 [INFO] PluginManage:310 - Check plugin userauth
2025-05-28 21:31:07,202 [INFO] UserAuth:114 - Init User Auth plugin
2025-05-28 21:31:07,203 [INFO] PluginManage:359 - Loaded plugin userauth (category:base,tabindex:14)
2025-05-28 21:31:07,203 [INFO] PluginManage:283 - PluginManage : Loaded plugins [17]
2025-05-28 21:31:07,687 [INFO] PinOutPanel:1561 - setPackage(No Configuration,No Configuration)
2025-05-28 21:31:07,884 [INFO] CADModel:165 - CPN selected for project level
2025-05-28 21:31:07,884 [INFO] CADModel:114 - Register for checkConnection events
2025-05-28 21:31:07,939 [INFO] IPUIPlugin:80 - create IPUIPlugin
2025-05-28 21:31:07,939 [INFO] PluginManager:220 - loadIPPluginJar : add adc
2025-05-28 21:31:08,011 [INFO] IPUIPlugin:80 - create IPUIPlugin
2025-05-28 21:31:08,011 [INFO] PluginManager:220 - loadIPPluginJar : add aes
2025-05-28 21:31:08,085 [INFO] IPUIPlugin:80 - create IPUIPlugin
2025-05-28 21:31:08,086 [INFO] PluginManager:220 - loadIPPluginJar : add can
2025-05-28 21:31:08,132 [INFO] IPUIPlugin:80 - create IPUIPlugin
2025-05-28 21:31:08,133 [INFO] PluginManager:220 - loadIPPluginJar : add comp
2025-05-28 21:31:08,190 [INFO] IPUIPlugin:80 - create IPUIPlugin
2025-05-28 21:31:08,190 [INFO] PluginManager:220 - loadIPPluginJar : add cryp
2025-05-28 21:31:08,265 [INFO] IPUIPlugin:80 - create IPUIPlugin
2025-05-28 21:31:08,265 [INFO] PluginManager:220 - loadIPPluginJar : add dfsdm
2025-05-28 21:31:08,291 [INFO] IPUIPlugin:80 - create IPUIPlugin
2025-05-28 21:31:08,291 [INFO] PluginManager:220 - loadIPPluginJar : add dma
2025-05-28 21:31:08,398 [INFO] IPUIPlugin:80 - create IPUIPlugin
2025-05-28 21:31:08,398 [INFO] PluginManager:220 - loadIPPluginJar : add dma3
2025-05-28 21:31:08,483 [INFO] IPUIPlugin:80 - create IPUIPlugin
2025-05-28 21:31:08,483 [INFO] PluginManager:220 - loadIPPluginJar : add extmemmanager
2025-05-28 21:31:08,527 [INFO] IPUIPlugin:80 - create IPUIPlugin
2025-05-28 21:31:08,528 [INFO] PluginManager:220 - loadIPPluginJar : add fatfs
2025-05-28 21:31:08,620 [INFO] IPUIPlugin:80 - create IPUIPlugin
2025-05-28 21:31:08,620 [INFO] PluginManager:220 - loadIPPluginJar : add fmc
2025-05-28 21:31:08,673 [INFO] IPUIPlugin:80 - create IPUIPlugin
2025-05-28 21:31:08,673 [INFO] PluginManager:220 - loadIPPluginJar : add freertos
2025-05-28 21:31:08,706 [INFO] IPUIPlugin:80 - create IPUIPlugin
2025-05-28 21:31:08,706 [INFO] PluginManager:220 - loadIPPluginJar : add genericplugin
2025-05-28 21:31:08,899 [INFO] IPUIPlugin:80 - create IPUIPlugin
2025-05-28 21:31:08,899 [INFO] PluginManager:220 - loadIPPluginJar : add gfxmmu
2025-05-28 21:31:09,150 [INFO] IPUIPlugin:80 - create IPUIPlugin
2025-05-28 21:31:09,150 [INFO] PluginManager:220 - loadIPPluginJar : add gic
2025-05-28 21:31:09,181 [INFO] IPUIPlugin:80 - create IPUIPlugin
2025-05-28 21:31:09,181 [INFO] PluginManager:220 - loadIPPluginJar : add gpio
2025-05-28 21:31:09,361 [INFO] IPUIPlugin:80 - create IPUIPlugin
2025-05-28 21:31:09,361 [INFO] PluginManager:220 - loadIPPluginJar : add gtzc
2025-05-28 21:31:09,430 [INFO] IPUIPlugin:80 - create IPUIPlugin
2025-05-28 21:31:09,430 [INFO] PluginManager:220 - loadIPPluginJar : add hash
2025-05-28 21:31:09,457 [INFO] ThirdPartyUpdaterWithRetryManager:70 - Updater plugin not ready yet. [2/15]
2025-05-28 21:31:09,530 [INFO] IPUIPlugin:80 - create IPUIPlugin
2025-05-28 21:31:09,530 [INFO] PluginManager:220 - loadIPPluginJar : add i2c
2025-05-28 21:31:09,633 [INFO] IPUIPlugin:80 - create IPUIPlugin
2025-05-28 21:31:09,633 [INFO] PluginManager:220 - loadIPPluginJar : add i2s
2025-05-28 21:31:09,704 [INFO] IPUIPlugin:80 - create IPUIPlugin
2025-05-28 21:31:09,704 [INFO] PluginManager:220 - loadIPPluginJar : add i3c
2025-05-28 21:31:09,885 [INFO] IPUIPlugin:80 - create IPUIPlugin
2025-05-28 21:31:09,885 [INFO] PluginManager:220 - loadIPPluginJar : add ipddr
2025-05-28 21:31:10,078 [INFO] IPUIPlugin:80 - create IPUIPlugin
2025-05-28 21:31:10,078 [INFO] PluginManager:220 - loadIPPluginJar : add linkedlist
2025-05-28 21:31:10,184 [INFO] IPUIPlugin:80 - create IPUIPlugin
2025-05-28 21:31:10,185 [INFO] PluginManager:220 - loadIPPluginJar : add lorawan
2025-05-28 21:31:10,275 [INFO] IPUIPlugin:80 - create IPUIPlugin
2025-05-28 21:31:10,275 [INFO] PluginManager:220 - loadIPPluginJar : add ltdc
2025-05-28 21:31:10,306 [INFO] IPUIPlugin:80 - create IPUIPlugin
2025-05-28 21:31:10,307 [INFO] PluginManager:220 - loadIPPluginJar : add mdma
2025-05-28 21:31:10,338 [INFO] IPUIPlugin:80 - create IPUIPlugin
2025-05-28 21:31:10,338 [INFO] PluginManager:220 - loadIPPluginJar : add nvic
2025-05-28 21:31:10,426 [INFO] IPUIPlugin:80 - create IPUIPlugin
2025-05-28 21:31:10,426 [INFO] PluginManager:220 - loadIPPluginJar : add opamp
2025-05-28 21:31:10,565 [INFO] IPUIPlugin:80 - create IPUIPlugin
2025-05-28 21:31:10,565 [INFO] PluginManager:220 - loadIPPluginJar : add openamp
2025-05-28 21:31:10,668 [INFO] IPUIPlugin:80 - create IPUIPlugin
2025-05-28 21:31:10,668 [INFO] PluginManager:220 - loadIPPluginJar : add pdm2pcm
2025-05-28 21:31:10,705 [INFO] IPUIPlugin:80 - create IPUIPlugin
2025-05-28 21:31:10,709 [INFO] PluginManager:220 - loadIPPluginJar : add plateformsettings
2025-05-28 21:31:10,762 [INFO] IPUIPlugin:80 - create IPUIPlugin
2025-05-28 21:31:10,762 [INFO] PluginManager:220 - loadIPPluginJar : add quadspi
2025-05-28 21:31:10,793 [INFO] IPUIPlugin:80 - create IPUIPlugin
2025-05-28 21:31:10,793 [INFO] PluginManager:220 - loadIPPluginJar : add resmgrutility
2025-05-28 21:31:10,894 [INFO] IPUIPlugin:80 - create IPUIPlugin
2025-05-28 21:31:10,894 [INFO] PluginManager:220 - loadIPPluginJar : add sai
2025-05-28 21:31:10,971 [INFO] IPUIPlugin:80 - create IPUIPlugin
2025-05-28 21:31:10,971 [INFO] PluginManager:220 - loadIPPluginJar : add spi
2025-05-28 21:31:11,085 [INFO] IPUIPlugin:80 - create IPUIPlugin
2025-05-28 21:31:11,085 [INFO] PluginManager:220 - loadIPPluginJar : add stm32_wpan
2025-05-28 21:31:11,132 [INFO] IPUIPlugin:80 - create IPUIPlugin
2025-05-28 21:31:11,132 [INFO] PluginManager:220 - loadIPPluginJar : add tim
2025-05-28 21:31:11,249 [INFO] IPUIPlugin:80 - create IPUIPlugin
2025-05-28 21:31:11,249 [INFO] PluginManager:220 - loadIPPluginJar : add touchsensing
2025-05-28 21:31:11,297 [INFO] IPUIPlugin:80 - create IPUIPlugin
2025-05-28 21:31:11,297 [INFO] PluginManager:220 - loadIPPluginJar : add tracer_emb
2025-05-28 21:31:11,350 [INFO] IPUIPlugin:80 - create IPUIPlugin
2025-05-28 21:31:11,350 [INFO] PluginManager:220 - loadIPPluginJar : add ts
2025-05-28 21:31:11,403 [INFO] IPUIPlugin:80 - create IPUIPlugin
2025-05-28 21:31:11,403 [INFO] PluginManager:220 - loadIPPluginJar : add tsc
2025-05-28 21:31:11,461 [INFO] IPUIPlugin:80 - create IPUIPlugin
2025-05-28 21:31:11,461 [INFO] PluginManager:220 - loadIPPluginJar : add ucpd
2025-05-28 21:31:11,580 [INFO] IPUIPlugin:80 - create IPUIPlugin
2025-05-28 21:31:11,580 [INFO] PluginManager:220 - loadIPPluginJar : add usart
2025-05-28 21:31:11,677 [INFO] IPUIPlugin:80 - create IPUIPlugin
2025-05-28 21:31:11,677 [INFO] PluginManager:220 - loadIPPluginJar : add usbx
2025-05-28 21:31:11,851 [INFO] CADModel:165 - CPN selected for project level
2025-05-28 21:31:11,851 [INFO] CADModel:114 - Register for checkConnection events
2025-05-28 21:31:11,852 [FATAL] Updater:308 - Updater called before beeing initialized
2025-05-28 21:31:11,852 [ERROR] CADModel:125 - Updater not yet initialized, retry later 
2025-05-28 21:31:12,120 [INFO] CADModel:165 - CPN selected for project level
2025-05-28 21:31:12,120 [INFO] CADModel:114 - Register for checkConnection events
2025-05-28 21:31:12,120 [FATAL] Updater:308 - Updater called before beeing initialized
2025-05-28 21:31:12,120 [ERROR] CADModel:125 - Updater not yet initialized, retry later 
2025-05-28 21:31:12,125 [FATAL] Updater:308 - Updater called before beeing initialized
2025-05-28 21:31:12,320 [FATAL] Updater:308 - Updater called before beeing initialized
2025-05-28 21:31:12,347 [INFO] DbMcusAds:53 - JSON generation date=Wed May 07 11:07:55 CEST 2025 (1746608875679)
2025-05-28 21:31:12,347 [FATAL] Updater:308 - Updater called before beeing initialized
2025-05-28 21:31:12,459 [INFO] ThirdPartyUpdaterWithRetryManager:70 - Updater plugin not ready yet. [3/15]
2025-05-28 21:31:12,466 [WARN] DetailPanel:346 - Failed to get advertising image, set to default
2025-05-28 21:31:12,600 [FATAL] Updater:308 - Updater called before beeing initialized
2025-05-28 21:31:12,606 [FATAL] Updater:308 - Updater called before beeing initialized
2025-05-28 21:31:12,606 [FATAL] Updater:308 - Updater called before beeing initialized
2025-05-28 21:31:12,606 [WARN] DetailPanel:346 - Failed to get advertising image, set to default
2025-05-28 21:31:12,607 [FATAL] Updater:308 - Updater called before beeing initialized
2025-05-28 21:31:12,736 [ERROR] Updater:1120 - MainUpdater not yet initialized. External WinMGr cannot be set.
2025-05-28 21:31:12,758 [INFO] Updater:1056 - Updater Version found : 6.11.1
2025-05-28 21:31:12,834 [INFO] ApplicationProperties:184 - Using Application install path: C:\ST\STM32CubeIDE_1.15.1\STM32CubeIDE\plugins\com.st.stm32cube.common.mx_6.11.1.202404110753
2025-05-28 21:31:14,479 [ERROR] LogOutputStream:75 - [STDERR_REDIRECT] May 28, 2025 9:31:14 PM java.util.prefs.WindowsPreferences <init>
2025-05-28 21:31:14,479 [ERROR] LogOutputStream:75 - [STDERR_REDIRECT] WARNING: Could not open/create prefs root node Software\JavaSoft\Prefs at root 0xffffffff80000002. Windows RegCreateKeyEx(...) returned error code 5.
2025-05-28 21:31:14,479 [ERROR] LogOutputStream:75 - [STDERR_REDIRECT] 
2025-05-28 21:31:15,398 [INFO] MainUpdater:2873 - connection check result : 10
2025-05-28 21:31:15,400 [INFO] MainUpdater:290 - Updater Check For Update Now.
2025-05-28 21:31:15,400 [INFO] MicroXplorer:498 - Change Database Version : DB.6.0.111
2025-05-28 21:31:15,441 [INFO] McuFinderGlobals:63 - Set McuFinder mode to 2 (CubeIDE integrated)
2025-05-28 21:31:15,473 [WARN] MainUpdater:1194 - Updater busy. Cannot search thirdparties
2025-05-28 21:31:15,473 [INFO] ThirdPartyUpdaterWithRetryManager:96 - Updater plugin is busy. [1/15]
2025-05-28 21:31:15,476 [INFO] UserAuth:415 - Internet connection configuration mode: 1
2025-05-28 21:31:15,537 [INFO] JxBrowserEngine:152 - Initiate JxBrowser Engine with user profile folder
2025-05-28 21:31:15,709 [INFO] CheckServerUpdateThread:120 - End of CheckServer Thread
2025-05-28 21:31:18,955 [WARN] PackLoader:240 - Cannot read IP mode file for STMicroelectronics.FP-SNS-MOTENVWB1.1.4.0
2025-05-28 21:31:18,985 [WARN] PackLoader:240 - Cannot read IP mode file for STMicroelectronics.FP-ATR-ASTRA1.2.0.2
2025-05-28 21:31:19,007 [WARN] PackLoader:240 - Cannot read IP mode file for STMicroelectronics.FP-ATR-ASTRA1.2.0.1
2025-05-28 21:31:19,057 [WARN] PackLoader:240 - Cannot read IP mode file for STMicroelectronics.X-CUBE-SMBUS.2.1.0
2025-05-28 21:31:19,091 [WARN] PackLoader:240 - Cannot read IP mode file for STMicroelectronics.X-CUBE-WB05N.1.1.0
2025-05-28 21:31:19,119 [WARN] PackLoader:240 - Cannot read IP mode file for STMicroelectronics.X-CUBE-TOUCHGFX.4.23.2
2025-05-28 21:31:19,190 [WARN] PackLoader:240 - Cannot read IP mode file for STMicroelectronics.X-CUBE-AZRTOS-F7.1.1.0
2025-05-28 21:31:19,294 [WARN] PackLoader:240 - Cannot read IP mode file for STMicroelectronics.X-CUBE-MEMS1.11.0.0
2025-05-28 21:31:19,454 [WARN] PackLoader:240 - Cannot read IP mode file for STMicroelectronics.FP-SNS-FLIGHT1.5.0.2
2025-05-28 21:31:19,485 [WARN] PackLoader:240 - Cannot read IP mode file for STMicroelectronics.X-CUBE-DISPLAY.3.0.0
2025-05-28 21:31:19,507 [WARN] PackLoader:240 - Cannot read IP mode file for STMicroelectronics.X-CUBE-BLE1.7.0.0
2025-05-28 21:31:19,532 [WARN] PackLoader:240 - Cannot read IP mode file for STMicroelectronics.X-CUBE-NFC10.1.0.0
2025-05-28 21:31:19,548 [WARN] PackLoader:240 - Cannot read IP mode file for STMicroelectronics.X-CUBE-BLEMGR.4.0.0
2025-05-28 21:31:19,579 [WARN] PackLoader:240 - Cannot read IP mode file for emotas.I-CUBE-CANOPEN.1.3.0
2025-05-28 21:31:19,597 [WARN] PackLoader:240 - Cannot read IP mode file for STMicroelectronics.X-CUBE-BLEMGR.3.1.0
2025-05-28 21:31:19,627 [WARN] PackLoader:240 - Cannot read IP mode file for STMicroelectronics.X-CUBE-AI.10.0.0
2025-05-28 21:31:19,642 [WARN] PackLoader:240 - Cannot read IP mode file for STMicroelectronics.FP-SNS-SMARTAG2.1.2.0
2025-05-28 21:31:19,658 [ERROR] Engine:466 - C:\Users\dbank\.stm32cubemx\thirdparties\pdsc\STMicroelectronics.FP-SNS-FLIGHT1.5.1.0.pdsc: PDSC version is not supported
2025-05-28 21:31:19,673 [INFO] LogOutputStream:77 - [STDOUT_REDIRECT] 1 : Invalid condition id : UX_CORESTACK_Condition cause : null
2025-05-28 21:31:19,673 [INFO] LogOutputStream:77 - [STDOUT_REDIRECT] 1 : Invalid condition id : UX_CORESTACK_Condition cause : null
2025-05-28 21:31:19,673 [INFO] LogOutputStream:77 - [STDOUT_REDIRECT] 1 : Invalid condition id : UX_CORESTACK_Condition cause : null
2025-05-28 21:31:19,673 [INFO] LogOutputStream:77 - [STDOUT_REDIRECT] 1 : Invalid condition id : UX_CORESTACK_Condition cause : null
2025-05-28 21:31:19,673 [INFO] LogOutputStream:77 - [STDOUT_REDIRECT] 1 : Invalid condition id : UX_CORESTACK_Condition cause : null
2025-05-28 21:31:19,689 [WARN] PackLoader:240 - Cannot read IP mode file for STMicroelectronics.X-CUBE-AZRTOS-WL.2.0.0
2025-05-28 21:31:19,705 [WARN] PackLoader:240 - Cannot read IP mode file for STMicroelectronics.FP-SNS-MOTENV1.5.0.0
2025-05-28 21:31:19,720 [WARN] PackLoader:240 - Cannot read IP mode file for wolfSSL.I-CUBE-wolfMQTT.1.19.0
2025-05-28 21:31:19,736 [WARN] PackLoader:240 - Cannot read IP mode file for WES.I-CUBE-Cesium.1.3.0
2025-05-28 21:31:19,752 [WARN] PackLoader:240 - Cannot read IP mode file for STMicroelectronics.X-CUBE-BLE2.3.3.0
2025-05-28 21:31:19,768 [WARN] PackLoader:240 - Cannot read IP mode file for STMicroelectronics.X-CUBE-NFC9.1.0.0
2025-05-28 21:31:19,784 [WARN] PackLoader:240 - Cannot read IP mode file for STMicroelectronics.X-CUBE-BLE1.7.1.0
2025-05-28 21:31:19,815 [WARN] PackLoader:240 - Cannot read IP mode file for STMicroelectronics.X-CUBE-TCPP.4.1.0
2025-05-28 21:31:19,831 [WARN] PackLoader:240 - Cannot read IP mode file for STMicroelectronics.X-CUBE-ALGOBUILD.1.3.0
2025-05-28 21:31:19,910 [WARN] PackLoader:240 - Cannot read IP mode file for STMicroelectronics.X-CUBE-MEMS1.11.2.0
2025-05-28 21:31:20,065 [WARN] PackLoader:240 - Cannot read IP mode file for STMicroelectronics.X-CUBE-AZRTOS-G0.1.1.0
2025-05-28 21:31:20,084 [WARN] PackLoader:240 - Cannot read IP mode file for STMicroelectronics.X-CUBE-SAFEA1.1.2.2
2025-05-28 21:31:20,100 [WARN] PackLoader:240 - Cannot read IP mode file for STMicroelectronics.X-CUBE-NFC4.3.0.0
2025-05-28 21:31:20,115 [WARN] PackLoader:240 - Cannot read IP mode file for EmbeddedOffice.I-CUBE-FS-RTOS.1.0.1
2025-05-28 21:31:20,115 [ERROR] ConditionMgr:805 - Attr not supported : Dmpu
2025-05-28 21:31:20,115 [ERROR] ConditionMgr:805 - Attr not supported : Dmpu
2025-05-28 21:31:20,115 [ERROR] ConditionMgr:805 - Attr not supported : Dmpu
2025-05-28 21:31:20,115 [ERROR] ConditionMgr:805 - Attr not supported : Dmpu
2025-05-28 21:31:20,115 [ERROR] ConditionMgr:805 - Attr not supported : Dmpu
2025-05-28 21:31:20,115 [ERROR] ConditionMgr:805 - Attr not supported : Dmpu
2025-05-28 21:31:20,115 [ERROR] ConditionMgr:805 - Attr not supported : Dmpu
2025-05-28 21:31:20,115 [ERROR] ConditionMgr:805 - Attr not supported : Dmpu
2025-05-28 21:31:20,115 [ERROR] ConditionMgr:805 - Attr not supported : Dmpu
2025-05-28 21:31:20,115 [ERROR] ConditionMgr:805 - Attr not supported : Dmpu
2025-05-28 21:31:20,115 [ERROR] ConditionMgr:805 - Attr not supported : Dmpu
2025-05-28 21:31:20,115 [ERROR] ConditionMgr:805 - Attr not supported : Dmpu
2025-05-28 21:31:20,115 [ERROR] ConditionMgr:805 - Attr not supported : Dmpu
2025-05-28 21:31:20,115 [ERROR] ConditionMgr:805 - Attr not supported : Dmpu
2025-05-28 21:31:20,115 [ERROR] ConditionMgr:805 - Attr not supported : Dmpu
2025-05-28 21:31:20,115 [ERROR] ConditionMgr:805 - Attr not supported : Dmpu
2025-05-28 21:31:20,131 [ERROR] ConditionMgr:805 - Attr not supported : Dmpu
2025-05-28 21:31:20,131 [ERROR] ConditionMgr:805 - Attr not supported : Dmpu
2025-05-28 21:31:20,131 [ERROR] ConditionMgr:805 - Attr not supported : Dmpu
2025-05-28 21:31:20,131 [ERROR] ConditionMgr:805 - Attr not supported : Dmpu
2025-05-28 21:31:20,131 [ERROR] ConditionMgr:805 - Attr not supported : Dmpu
2025-05-28 21:31:20,131 [ERROR] ConditionMgr:805 - Attr not supported : Dmpu
2025-05-28 21:31:20,131 [ERROR] ConditionMgr:805 - Attr not supported : Dmpu
2025-05-28 21:31:20,131 [ERROR] ConditionMgr:805 - Attr not supported : Dmpu
2025-05-28 21:31:20,131 [ERROR] ConditionMgr:805 - Attr not supported : Dmpu
2025-05-28 21:31:20,131 [ERROR] ConditionMgr:805 - Attr not supported : Dmpu
2025-05-28 21:31:20,131 [ERROR] ConditionMgr:805 - Attr not supported : Dmpu
2025-05-28 21:31:20,131 [ERROR] ConditionMgr:805 - Attr not supported : Dmpu
2025-05-28 21:31:20,131 [ERROR] ConditionMgr:805 - Attr not supported : Dmpu
2025-05-28 21:31:20,131 [ERROR] ConditionMgr:805 - Attr not supported : Dmpu
2025-05-28 21:31:20,131 [ERROR] ConditionMgr:805 - Attr not supported : Dmpu
2025-05-28 21:31:20,131 [ERROR] ConditionMgr:805 - Attr not supported : Dmpu
2025-05-28 21:31:20,131 [ERROR] ConditionMgr:805 - Attr not supported : Dmpu
2025-05-28 21:31:20,131 [ERROR] ConditionMgr:805 - Attr not supported : Dmpu
2025-05-28 21:31:20,131 [ERROR] ConditionMgr:805 - Attr not supported : Dmpu
2025-05-28 21:31:20,131 [ERROR] ConditionMgr:805 - Attr not supported : Dmpu
2025-05-28 21:31:20,131 [ERROR] ConditionMgr:805 - Attr not supported : Dmpu
2025-05-28 21:31:20,131 [ERROR] ConditionMgr:805 - Attr not supported : Dmpu
2025-05-28 21:31:20,131 [ERROR] ConditionMgr:805 - Attr not supported : Dmpu
2025-05-28 21:31:20,131 [ERROR] ConditionMgr:805 - Attr not supported : Dmpu
2025-05-28 21:31:20,131 [ERROR] ConditionMgr:805 - Attr not supported : Dmpu
2025-05-28 21:31:20,131 [ERROR] ConditionMgr:805 - Attr not supported : Dmpu
2025-05-28 21:31:20,131 [ERROR] ConditionMgr:805 - Attr not supported : Dmpu
2025-05-28 21:31:20,131 [ERROR] ConditionMgr:805 - Attr not supported : Dmpu
2025-05-28 21:31:20,131 [ERROR] ConditionMgr:805 - Attr not supported : Dmpu
2025-05-28 21:31:20,131 [ERROR] ConditionMgr:805 - Attr not supported : Dmpu
2025-05-28 21:31:20,131 [ERROR] ConditionMgr:805 - Attr not supported : Dmpu
2025-05-28 21:31:20,131 [ERROR] ConditionMgr:805 - Attr not supported : Dmpu
2025-05-28 21:31:20,131 [ERROR] ConditionMgr:805 - Attr not supported : Dmpu
2025-05-28 21:31:20,131 [ERROR] ConditionMgr:805 - Attr not supported : Dmpu
2025-05-28 21:31:20,131 [ERROR] ConditionMgr:805 - Attr not supported : Dmpu
2025-05-28 21:31:20,131 [ERROR] ConditionMgr:805 - Attr not supported : Dmpu
2025-05-28 21:31:20,131 [ERROR] ConditionMgr:805 - Attr not supported : Dmpu
2025-05-28 21:31:20,131 [ERROR] ConditionMgr:805 - Attr not supported : Dmpu
2025-05-28 21:31:20,131 [ERROR] ConditionMgr:805 - Attr not supported : Dmpu
2025-05-28 21:31:20,131 [ERROR] ConditionMgr:805 - Attr not supported : Dmpu
2025-05-28 21:31:20,131 [ERROR] ConditionMgr:805 - Attr not supported : Dmpu
2025-05-28 21:31:20,131 [ERROR] ConditionMgr:805 - Attr not supported : Dmpu
2025-05-28 21:31:20,131 [ERROR] ConditionMgr:805 - Attr not supported : Dmpu
2025-05-28 21:31:20,131 [ERROR] ConditionMgr:805 - Attr not supported : Dmpu
2025-05-28 21:31:20,131 [ERROR] ConditionMgr:805 - Attr not supported : Dmpu
2025-05-28 21:31:20,131 [ERROR] ConditionMgr:805 - Attr not supported : Dmpu
2025-05-28 21:31:20,131 [ERROR] ConditionMgr:805 - Attr not supported : Dmpu
2025-05-28 21:31:20,131 [ERROR] ConditionMgr:805 - Attr not supported : Dmpu
2025-05-28 21:31:20,147 [WARN] PackLoader:240 - Cannot read IP mode file for STMicroelectronics.X-CUBE-WB05N.2.0.0
2025-05-28 21:31:20,163 [ERROR] Engine:466 - C:\Users\dbank\.stm32cubemx\thirdparties\pdsc\STMicroelectronics.X-CUBE-TCPP.4.2.0.pdsc: PDSC version is not supported
2025-05-28 21:31:20,179 [WARN] PackLoader:240 - Cannot read IP mode file for RealThread.X-CUBE-RT-Thread_Nano.4.1.1
2025-05-28 21:31:20,195 [WARN] PackLoader:240 - Cannot read IP mode file for wolfSSL.I-CUBE-wolfSSL.5.7.0
2025-05-28 21:31:20,210 [WARN] PackLoader:240 - Cannot read IP mode file for STMicroelectronics.FP-ATR-SIGFOX1.3.2.0
2025-05-28 21:31:20,242 [WARN] ConditionMgr:438 - getConditionDescription Invalid condition id : Cortex-A Device cause : null
2025-05-28 21:31:20,274 [WARN] ConditionMgr:1039 - genDependencies : Invalid condition id : Cortex-A Device cause : null
2025-05-28 21:31:20,274 [WARN] ConditionMgr:1039 - genDependencies : Invalid condition id : Cortex-A Device cause : null
2025-05-28 21:31:20,274 [WARN] ConditionMgr:1039 - genDependencies : Invalid condition id : Cortex-A Device cause : null
2025-05-28 21:31:20,289 [WARN] PackLoader:240 - Cannot read IP mode file for STMicroelectronics.X-CUBE-EEPRMA1.5.1.0
2025-05-28 21:31:20,305 [WARN] PackLoader:240 - Cannot read IP mode file for ITTIA_DB.I-CUBE-ITTIADB.8.9.0
2025-05-28 21:31:20,352 [WARN] PackLoader:240 - Cannot read IP mode file for SEGGER.I-CUBE-embOS.1.3.1
2025-05-28 21:31:20,412 [WARN] PackLoader:240 - Cannot read IP mode file for STMicroelectronics.X-CUBE-ALGOBUILD.1.4.0
2025-05-28 21:31:20,415 [WARN] PackLoader:240 - Cannot read IP mode file for STMicroelectronics.X-CUBE-AI.9.1.0
2025-05-28 21:31:20,446 [WARN] PackLoader:240 - Cannot read IP mode file for STMicroelectronics.X-CUBE-GNSS1.6.0.0
2025-05-28 21:31:20,478 [WARN] PackLoader:240 - Cannot read IP mode file for STMicroelectronics.X-CUBE-AZRTOS-F4.1.1.0
2025-05-28 21:31:20,496 [ERROR] Engine:466 - C:\Users\dbank\.stm32cubemx\thirdparties\pdsc\Avnet-IotConnect.X-CUBE-IoTC-DA16k-PMOD.1.0.0.pdsc: PDSC version is not supported
2025-05-28 21:31:20,526 [WARN] PackLoader:240 - Cannot read IP mode file for STMicroelectronics.X-CUBE-ISPU.2.1.0
2025-05-28 21:31:20,555 [WARN] PackLoader:240 - Cannot read IP mode file for STMicroelectronics.X-CUBE-FREERTOS.1.2.0
2025-05-28 21:31:20,589 [WARN] PackLoader:240 - Cannot read IP mode file for STMicroelectronics.X-CUBE-AZRTOS-L5.2.0.0
2025-05-28 21:31:20,621 [WARN] PackLoader:240 - Cannot read IP mode file for STMicroelectronics.X-CUBE-NFC6.3.1.0
2025-05-28 21:31:20,636 [WARN] PackLoader:240 - Cannot read IP mode file for STMicroelectronics.X-CUBE-DPower.1.2.0
2025-05-28 21:31:20,652 [WARN] PackLoader:240 - Cannot read IP mode file for STMicroelectronics.X-CUBE-AI.9.0.0
2025-05-28 21:31:20,668 [WARN] PackLoader:240 - Cannot read IP mode file for STMicroelectronics.X-CUBE-FREERTOS.1.3.1
2025-05-28 21:31:20,695 [WARN] PackLoader:240 - Cannot read IP mode file for STMicroelectronics.X-CUBE-FREERTOS.1.3.0
2025-05-28 21:31:20,715 [WARN] PackLoader:240 - Cannot read IP mode file for STMicroelectronics.X-CUBE-NFC7.1.0.1
2025-05-28 21:31:20,731 [WARN] PackLoader:240 - Cannot read IP mode file for wolfSSL.I-CUBE-wolfTPM.3.2.0
2025-05-28 21:31:20,750 [WARN] PackLoader:240 - Cannot read IP mode file for STMicroelectronics.X-CUBE-DPower.1.3.0
2025-05-28 21:31:20,781 [WARN] ConditionMgr:438 - getConditionDescription Invalid condition id : LAN8742 Phy interface Condition cause : null
2025-05-28 21:31:20,781 [WARN] PackLoader:240 - Cannot read IP mode file for STMicroelectronics.X-CUBE-AZRTOS-L4.2.0.0
2025-05-28 21:31:20,781 [WARN] ConditionMgr:1039 - genDependencies : Invalid condition id : LAN8742 Phy interface Condition cause : null
2025-05-28 21:31:20,781 [WARN] ConditionMgr:1039 - genDependencies : Invalid condition id : LAN8742 Phy interface Condition cause : null
2025-05-28 21:31:20,781 [WARN] ConditionMgr:1039 - genDependencies : Invalid condition id : LAN8742 Phy interface Condition cause : null
2025-05-28 21:31:20,804 [WARN] PackLoader:240 - Cannot read IP mode file for STMicroelectronics.X-CUBE-SFXS2LP1.4.0.0
2025-05-28 21:31:20,843 [WARN] PackLoader:240 - Cannot read IP mode file for STMicroelectronics.X-CUBE-AZRTOS-H7.3.3.0
2025-05-28 21:31:21,204 [WARN] PackLoader:240 - Cannot read IP mode file for STMicroelectronics.X-CUBE-IPS.3.0.0
2025-05-28 21:31:21,235 [WARN] ConditionMgr:438 - getConditionDescription Invalid condition id : UX DEVICE CLASS RTOS Condition cause : null
2025-05-28 21:31:21,235 [WARN] ConditionMgr:438 - getConditionDescription Invalid condition id : UX DEVICE CLASS RTOS Condition cause : null
2025-05-28 21:31:21,235 [WARN] PackLoader:240 - Cannot read IP mode file for STMicroelectronics.X-CUBE-AZRTOS-WB.2.0.0
2025-05-28 21:31:21,235 [WARN] ConditionMgr:1039 - genDependencies : Invalid condition id : UX DEVICE CLASS RTOS Condition cause : null
2025-05-28 21:31:21,235 [WARN] ConditionMgr:1039 - genDependencies : Invalid condition id : UX DEVICE CLASS RTOS Condition cause : null
2025-05-28 21:31:21,235 [WARN] ConditionMgr:1039 - genDependencies : Invalid condition id : UX DEVICE CLASS RTOS Condition cause : null
2025-05-28 21:31:21,235 [WARN] ConditionMgr:1039 - genDependencies : Invalid condition id : UX DEVICE CLASS RTOS Condition cause : null
2025-05-28 21:31:21,235 [WARN] ConditionMgr:1039 - genDependencies : Invalid condition id : UX DEVICE CLASS RTOS Condition cause : null
2025-05-28 21:31:21,251 [WARN] PackLoader:240 - Cannot read IP mode file for STMicroelectronics.X-CUBE-GNSS1.7.0.0
2025-05-28 21:31:21,267 [WARN] PackLoader:240 - Cannot read IP mode file for STMicroelectronics.X-CUBE-GNSS1.7.0.1
2025-05-28 21:31:21,282 [WARN] PackLoader:240 - Cannot read IP mode file for STMicroelectronics.X-CUBE-TOUCHGFX.4.25.0
2025-05-28 21:31:21,309 [WARN] PackLoader:240 - Cannot read IP mode file for STMicroelectronics.FP-SNS-STBOX1.2.0.0
2025-05-28 21:31:21,330 [WARN] PackLoader:240 - Cannot read IP mode file for STMicroelectronics.X-CUBE-SUBG2.5.0.0
2025-05-28 21:31:21,361 [WARN] PackLoader:240 - Cannot read IP mode file for STMicroelectronics.X-CUBE-AZRTOS-H7RS.1.1.0
2025-05-28 21:31:21,393 [WARN] PackLoader:240 - Cannot read IP mode file for STMicroelectronics.X-CUBE-AZRTOS-G4.2.0.0
2025-05-28 21:31:21,417 [WARN] PackLoader:240 - Cannot read IP mode file for STMicroelectronics.X-CUBE-NFC7.2.0.0
2025-05-28 21:31:21,424 [WARN] PackLoader:240 - Cannot read IP mode file for STMicroelectronics.X-CUBE-ISPU.2.0.0
2025-05-28 21:31:21,456 [ERROR] Engine:466 - C:\Users\dbank\.stm32cubemx\thirdparties\pdsc\STMicroelectronics.X-CUBE-IPS.3.1.0.pdsc: PDSC version is not supported
2025-05-28 21:31:21,472 [WARN] PackLoader:240 - Cannot read IP mode file for STMicroelectronics.X-CUBE-ALS.1.0.2
2025-05-28 21:31:21,519 [WARN] PackLoader:240 - Cannot read IP mode file for STMicroelectronics.X-CUBE-MEMS1.10.0.0
2025-05-28 21:31:21,635 [WARN] PackLoader:240 - Cannot read IP mode file for STMicroelectronics.X-CUBE-TOUCHGFX.4.24.0
2025-05-28 21:31:21,665 [WARN] PackLoader:240 - Cannot read IP mode file for STMicroelectronics.X-CUBE-TOUCHGFX.4.24.1
2025-05-28 21:31:21,723 [WARN] PackLoader:240 - Cannot read IP mode file for portGmbH.I-Cube-SoM-uGOAL.1.1.0
2025-05-28 21:31:21,762 [WARN] PackLoader:240 - Cannot read IP mode file for STMicroelectronics.X-CUBE-ALS.1.0.1
2025-05-28 21:31:21,800 [WARN] PackLoader:240 - Cannot read IP mode file for STMicroelectronics.X-CUBE-AZRTOS-H7RS.1.0.0
2025-05-28 21:31:21,818 [WARN] PackLoader:240 - Cannot read IP mode file for STMicroelectronics.FP-ATR-ASTRA1.2.0.0
2025-05-28 21:31:21,850 [WARN] PackLoader:240 - Cannot read IP mode file for STMicroelectronics.X-CUBE-TOF1.3.4.2
2025-05-28 21:31:21,874 [ERROR] Engine:466 - C:\Users\dbank\.stm32cubemx\thirdparties\pdsc\STMicroelectronics.X-CUBE-TOF1.3.4.3.pdsc: PDSC version is not supported
2025-05-28 21:31:21,908 [WARN] PackLoader:240 - Cannot read IP mode file for STMicroelectronics.X-CUBE-TOF1.3.4.1
2025-05-28 21:31:21,991 [WARN] PackLoader:240 - Cannot read IP mode file for STMicroelectronics.X-CUBE-AZRTOS-H7.3.2.0
2025-05-28 21:31:22,047 [WARN] PackLoader:240 - Cannot read IP mode file for Infineon.AIROC-Wi-Fi-Bluetooth-STM32.1.6.0
2025-05-28 21:31:22,073 [WARN] PackLoader:240 - Cannot read IP mode file for wolfSSL.I-CUBE-wolfSSH.1.4.17
2025-05-28 21:31:22,073 [INFO] ThirdParty:978 - Integrity check success = true
2025-05-28 21:31:22,073 [INFO] IntegrityCheckThread:100 - exiting critical section [integrity check]
2025-05-28 21:31:22,073 [INFO] IntegrityCheckThread:103 - End integrity checks thread
2025-05-28 21:31:22,711 [INFO] WebApp:161 - Instantiating new browser for Auth
2025-05-28 21:31:23,288 [INFO] WebApp:779 - Register for checkConnection events
2025-05-28 21:31:23,288 [INFO] WebApp:414 - Apply proxy settings
2025-05-28 21:31:23,288 [INFO] WebApp:499 - Chromium requires no authentication
2025-05-28 21:31:23,309 [INFO] WebApp:442 - Direct internet connection detected
2025-05-28 21:31:23,463 [INFO] WebApp:192 - Starting web application
2025-05-28 21:31:23,463 [INFO] WebApp:544 - Web application path used C:\ST\STM32CubeIDE_1.15.1\STM32CubeIDE\plugins\com.st.stm32cube.common.mx_6.11.1.202404110753\db\plugins\mcufinder\reactClient1\index.html
2025-05-28 23:05:00,403 [ERROR] LogOutputStream:75 - [STDERR_REDIRECT] 
2025-05-28 23:05:00,403 [ERROR] LogOutputStream:75 - [STDERR_REDIRECT] 
