2025-07-19 21:30:07,625 [INFO] Activator:176 - 


2025-07-19 21:30:07,637 [INFO] Activator:177 - !SESSION log4j initialized
2025-07-19 21:30:21,886 [INFO] LogOutputStream:77 - [STDOUT_REDIRECT] 
2025-07-19 21:30:31,961 [INFO] ApplicationProperties:184 - Using Application install path: C:\ST\STM32CubeIDE_1.15.1\STM32CubeIDE\plugins\com.st.stm32cube.common.mx_6.11.1.202404110753
2025-07-19 21:30:32,326 [INFO] DbMcusXml:78 - Set database path to: C:\ST\STM32CubeIDE_1.15.1\STM32CubeIDE\plugins\com.st.stm32cube.common.mx_6.11.1.202404110753\\db\/mcu/
2025-07-19 21:30:32,332 [INFO] ApiDb:274 - Set plugin database path to: C:\ST\STM32CubeIDE_1.15.1\STM32CubeIDE\plugins\com.st.stm32cube.common.mx_6.11.1.202404110753\\db\/plugins/boardmanager/
2025-07-19 21:30:32,340 [WARN] ApiDb:259 - Overriding images path with different value:  => C:\ST\STM32CubeIDE_1.15.1\STM32CubeIDE\plugins\com.st.stm32cube.common.mx_6.11.1.202404110753\\db\/plugins/mcufinder/images/
2025-07-19 21:30:32,430 [INFO] ApiDb:250 - Set database path to: C:\Users\dbank\.stmcufinder\plugins\mcufinder//mcu/
2025-07-19 21:30:32,441 [INFO] DbMcusAds:125 - Set database path to: C:\Users\dbank\.stmcufinder\plugins\mcufinder//mcu/
2025-07-19 21:30:32,478 [INFO] CrossReferenceDbSqlite:203 - Set database path to: C:\Users\dbank\.stmcufinder\plugins\mcufinder//mcu/cs/
2025-07-19 21:30:34,095 [INFO] RulesReader:64 - Compatibility file has been processed (297 Rules)
2025-07-19 21:30:34,955 [INFO] DbMcusXml:78 - Set database path to: C:\ST\STM32CubeIDE_1.15.1\STM32CubeIDE\plugins\com.st.stm32cube.common.mx_6.11.1.202404110753\\db\/mcu/
2025-07-19 21:30:34,956 [INFO] ApiDb:274 - Set plugin database path to: C:\ST\STM32CubeIDE_1.15.1\STM32CubeIDE\plugins\com.st.stm32cube.common.mx_6.11.1.202404110753\\db\/plugins/boardmanager/
2025-07-19 21:30:34,956 [INFO] ApiDb:261 - Set plugin images path to: C:\ST\STM32CubeIDE_1.15.1\STM32CubeIDE\plugins\com.st.stm32cube.common.mx_6.11.1.202404110753\\db\/plugins/mcufinder/images/
2025-07-19 21:30:34,956 [WARN] DbFile:41 - Overriding database path with different value: C:\Users\dbank\.stmcufinder\plugins\mcufinder/ => C:\Users\dbank\.stmcufinder\plugins\mcufinder
2025-07-19 21:30:34,956 [INFO] ApiDb:250 - Set database path to: C:\Users\dbank\.stmcufinder\plugins\mcufinder//mcu/
2025-07-19 21:30:34,956 [WARN] DbFile:41 - Overriding database path with different value: C:\Users\dbank\.stmcufinder\plugins\mcufinder/ => C:\Users\dbank\.stmcufinder\plugins\mcufinder
2025-07-19 21:30:34,956 [INFO] DbMcusAds:125 - Set database path to: C:\Users\dbank\.stmcufinder\plugins\mcufinder//mcu/
2025-07-19 21:30:34,956 [WARN] DbFile:41 - Overriding database path with different value: C:\Users\dbank\.stmcufinder\plugins\mcufinder/ => C:\Users\dbank\.stmcufinder\plugins\mcufinder
2025-07-19 21:30:34,957 [WARN] DbFile:41 - Overriding database path with different value: C:\Users\dbank\.stmcufinder\plugins\mcufinder/ => C:\Users\dbank\.stmcufinder\plugins\mcufinder
2025-07-19 21:30:34,996 [INFO] CrossReferenceDbSqlite:203 - Set database path to: C:\Users\dbank\.stmcufinder\plugins\mcufinder//mcu/cs/
2025-07-19 21:30:35,800 [INFO] MainPanel:264 - HeapMemory: 268435456
2025-07-19 21:30:36,526 [INFO] DbMcusXml:78 - Set database path to: C:\ST\STM32CubeIDE_1.15.1\STM32CubeIDE\plugins\com.st.stm32cube.common.mx_6.11.1.202404110753\\db\/mcu/
2025-07-19 21:30:36,526 [INFO] ApiDb:274 - Set plugin database path to: C:\ST\STM32CubeIDE_1.15.1\STM32CubeIDE\plugins\com.st.stm32cube.common.mx_6.11.1.202404110753\\db\/plugins/boardmanager/
2025-07-19 21:30:36,526 [INFO] ApiDb:261 - Set plugin images path to: C:\ST\STM32CubeIDE_1.15.1\STM32CubeIDE\plugins\com.st.stm32cube.common.mx_6.11.1.202404110753\\db\/plugins/mcufinder/images/
2025-07-19 21:30:36,530 [WARN] DbFile:41 - Overriding database path with different value: C:\Users\dbank\.stmcufinder\plugins\mcufinder/ => C:\Users\dbank\.stmcufinder\plugins\mcufinder
2025-07-19 21:30:36,530 [INFO] ApiDb:250 - Set database path to: C:\Users\dbank\.stmcufinder\plugins\mcufinder//mcu/
2025-07-19 21:30:36,530 [WARN] DbFile:41 - Overriding database path with different value: C:\Users\dbank\.stmcufinder\plugins\mcufinder/ => C:\Users\dbank\.stmcufinder\plugins\mcufinder
2025-07-19 21:30:36,530 [INFO] DbMcusAds:125 - Set database path to: C:\Users\dbank\.stmcufinder\plugins\mcufinder//mcu/
2025-07-19 21:30:36,530 [WARN] DbFile:41 - Overriding database path with different value: C:\Users\dbank\.stmcufinder\plugins\mcufinder/ => C:\Users\dbank\.stmcufinder\plugins\mcufinder
2025-07-19 21:30:36,530 [WARN] DbFile:41 - Overriding database path with different value: C:\Users\dbank\.stmcufinder\plugins\mcufinder/ => C:\Users\dbank\.stmcufinder\plugins\mcufinder
2025-07-19 21:30:36,530 [INFO] CrossReferenceDbSqlite:203 - Set database path to: C:\Users\dbank\.stmcufinder\plugins\mcufinder//mcu/cs/
2025-07-19 21:30:36,601 [INFO] ApplicationProperties:184 - Using Application install path: C:\ST\STM32CubeIDE_1.15.1\STM32CubeIDE\plugins\com.st.stm32cube.common.mx_6.11.1.202404110753
2025-07-19 21:30:36,610 [INFO] PluginManage:196 - Search for loadable plugins [exclusion list=, ]
2025-07-19 21:30:36,620 [INFO] PluginManage:310 - Check plugin analytics
2025-07-19 21:30:38,760 [INFO] AnalyticsPlugin:253 - Accepted Software Licenses: STM32CubeMX.6.11.1
2025-07-19 21:30:38,760 [INFO] AnalyticsPlugin:255 - Accepted CMSIS Pack Licenses: STMicroelectronics.X-CUBE-AZRTOS-H7.3.3.0
2025-07-19 21:30:38,760 [INFO] AnalyticsPlugin:257 - Accepted Firmware Licenses: FW.H7.1.11.0,FW.H7.1.10.0,FW.L4.1.18.0,FW.F4.1.28.0,FW.MP1.1.6.0,FW.F7.1.17.0
2025-07-19 21:30:38,779 [INFO] PluginManage:359 - Loaded plugin analytics (category:tool,tabindex:-1)
2025-07-19 21:30:38,780 [INFO] PluginManage:310 - Check plugin cadmodel
2025-07-19 21:30:38,815 [INFO] CADModel:105 - Init CAD model plugin
2025-07-19 21:30:38,815 [INFO] PluginManage:359 - Loaded plugin cadmodel (category:power,tabindex:5)
2025-07-19 21:30:38,815 [INFO] PluginManage:310 - Check plugin clock
2025-07-19 21:30:38,895 [INFO] PluginManage:359 - Loaded plugin clock (category:base,tabindex:2)
2025-07-19 21:30:38,895 [INFO] PluginManage:310 - Check plugin ddr
2025-07-19 21:30:38,911 [INFO] PluginManage:359 - Loaded plugin ddr (category:tool,tabindex:6)
2025-07-19 21:30:38,911 [INFO] PluginManage:310 - Check plugin filemanager
2025-07-19 21:30:39,899 [INFO] PluginManage:359 - Loaded plugin filemanager (category:base,tabindex:10)
2025-07-19 21:30:39,899 [INFO] PluginManage:310 - Check plugin ipmanager
2025-07-19 21:30:39,938 [INFO] PluginManage:359 - Loaded plugin ipmanager (category:base,tabindex:5)
2025-07-19 21:30:39,938 [INFO] PluginManage:310 - Check plugin lpbam
2025-07-19 21:30:39,994 [INFO] PluginManage:359 - Loaded plugin lpbam (category:base,tabindex:0)
2025-07-19 21:30:39,994 [INFO] PluginManage:310 - Check plugin memorymap
2025-07-19 21:30:40,166 [INFO] PluginManage:359 - Loaded plugin memorymap (category:base,tabindex:4)
2025-07-19 21:30:40,167 [INFO] PluginManage:310 - Check plugin pinoutandconfiguration
2025-07-19 21:30:40,284 [INFO] PluginManage:359 - Loaded plugin pinoutandconfiguration (category:base,tabindex:1)
2025-07-19 21:30:40,285 [INFO] PluginManage:310 - Check plugin pinoutconfig
2025-07-19 21:30:41,058 [WARN] SupportedApi:132 - Cannot load RTOS API schema: s4s-elt-must-match.1: The content of 'definitions' must match (annotation?, (simpleType | complexType)?, (unique | key | keyref)*)). A problem was found starting at: attribute.
2025-07-19 21:30:42,876 [INFO] PluginManage:359 - Loaded plugin pinoutconfig (category:base,tabindex:0)
2025-07-19 21:30:42,876 [INFO] PluginManage:310 - Check plugin power
2025-07-19 21:30:42,969 [INFO] PluginManage:359 - Loaded plugin power (category:power,tabindex:4)
2025-07-19 21:30:42,969 [INFO] PluginManage:310 - Check plugin projectmanager
2025-07-19 21:30:43,066 [INFO] PluginManage:359 - Loaded plugin projectmanager (category:projectmanager,tabindex:3)
2025-07-19 21:30:43,066 [INFO] PluginManage:310 - Check plugin thirdparty
2025-07-19 21:30:44,357 [WARN] IntegrityCheckThread:84 - waiting for thirdparty lock release [integrity check]
2025-07-19 21:30:44,358 [INFO] IntegrityCheckThread:86 - entering critical section [integrity check]
2025-07-19 21:30:44,361 [INFO] PluginManage:359 - Loaded plugin thirdparty (category:base,tabindex:-1)
2025-07-19 21:30:44,361 [INFO] ThirdPartyUpdaterWithRetryManager:70 - Updater plugin not ready yet. [1/15]
2025-07-19 21:30:44,362 [INFO] PluginManage:310 - Check plugin tools
2025-07-19 21:30:44,452 [INFO] PluginManage:359 - Loaded plugin tools (category:base,tabindex:7)
2025-07-19 21:30:44,453 [INFO] PluginManage:310 - Check plugin tutovideos
2025-07-19 21:30:46,171 [INFO] PluginManage:359 - Loaded plugin tutovideos (category:base,tabindex:-1)
2025-07-19 21:30:46,172 [INFO] PluginManage:310 - Check plugin updater
2025-07-19 21:30:46,236 [INFO] PluginManage:359 - Loaded plugin updater (category:base,tabindex:12)
2025-07-19 21:30:46,236 [INFO] PluginManage:310 - Check plugin userauth
2025-07-19 21:30:46,260 [INFO] UserAuth:114 - Init User Auth plugin
2025-07-19 21:30:46,260 [INFO] PluginManage:359 - Loaded plugin userauth (category:base,tabindex:14)
2025-07-19 21:30:46,264 [INFO] PluginManage:283 - PluginManage : Loaded plugins [17]
2025-07-19 21:30:47,363 [INFO] ThirdPartyUpdaterWithRetryManager:70 - Updater plugin not ready yet. [2/15]
2025-07-19 21:30:47,552 [INFO] PinOutPanel:1561 - setPackage(No Configuration,No Configuration)
2025-07-19 21:30:47,898 [INFO] CADModel:165 - CPN selected for project level
2025-07-19 21:30:47,899 [INFO] CADModel:114 - Register for checkConnection events
2025-07-19 21:30:47,999 [INFO] IPUIPlugin:80 - create IPUIPlugin
2025-07-19 21:30:48,000 [INFO] PluginManager:220 - loadIPPluginJar : add adc
2025-07-19 21:30:48,064 [INFO] IPUIPlugin:80 - create IPUIPlugin
2025-07-19 21:30:48,064 [INFO] PluginManager:220 - loadIPPluginJar : add aes
2025-07-19 21:30:48,145 [INFO] IPUIPlugin:80 - create IPUIPlugin
2025-07-19 21:30:48,146 [INFO] PluginManager:220 - loadIPPluginJar : add can
2025-07-19 21:30:48,197 [INFO] IPUIPlugin:80 - create IPUIPlugin
2025-07-19 21:30:48,197 [INFO] PluginManager:220 - loadIPPluginJar : add comp
2025-07-19 21:30:48,290 [INFO] IPUIPlugin:80 - create IPUIPlugin
2025-07-19 21:30:48,290 [INFO] PluginManager:220 - loadIPPluginJar : add cryp
2025-07-19 21:30:48,377 [INFO] IPUIPlugin:80 - create IPUIPlugin
2025-07-19 21:30:48,377 [INFO] PluginManager:220 - loadIPPluginJar : add dfsdm
2025-07-19 21:30:48,479 [INFO] IPUIPlugin:80 - create IPUIPlugin
2025-07-19 21:30:48,487 [INFO] PluginManager:220 - loadIPPluginJar : add dma
2025-07-19 21:30:48,604 [INFO] IPUIPlugin:80 - create IPUIPlugin
2025-07-19 21:30:48,604 [INFO] PluginManager:220 - loadIPPluginJar : add dma3
2025-07-19 21:30:48,712 [INFO] IPUIPlugin:80 - create IPUIPlugin
2025-07-19 21:30:48,712 [INFO] PluginManager:220 - loadIPPluginJar : add extmemmanager
2025-07-19 21:30:48,765 [INFO] IPUIPlugin:80 - create IPUIPlugin
2025-07-19 21:30:48,765 [INFO] PluginManager:220 - loadIPPluginJar : add fatfs
2025-07-19 21:30:48,882 [INFO] IPUIPlugin:80 - create IPUIPlugin
2025-07-19 21:30:48,882 [INFO] PluginManager:220 - loadIPPluginJar : add fmc
2025-07-19 21:30:48,971 [INFO] IPUIPlugin:80 - create IPUIPlugin
2025-07-19 21:30:48,971 [INFO] PluginManager:220 - loadIPPluginJar : add freertos
2025-07-19 21:30:49,016 [INFO] IPUIPlugin:80 - create IPUIPlugin
2025-07-19 21:30:49,016 [INFO] PluginManager:220 - loadIPPluginJar : add genericplugin
2025-07-19 21:30:49,223 [INFO] IPUIPlugin:80 - create IPUIPlugin
2025-07-19 21:30:49,223 [INFO] PluginManager:220 - loadIPPluginJar : add gfxmmu
2025-07-19 21:30:49,523 [INFO] IPUIPlugin:80 - create IPUIPlugin
2025-07-19 21:30:49,523 [INFO] PluginManager:220 - loadIPPluginJar : add gic
2025-07-19 21:30:49,552 [INFO] IPUIPlugin:80 - create IPUIPlugin
2025-07-19 21:30:49,552 [INFO] PluginManager:220 - loadIPPluginJar : add gpio
2025-07-19 21:30:49,764 [INFO] IPUIPlugin:80 - create IPUIPlugin
2025-07-19 21:30:49,764 [INFO] PluginManager:220 - loadIPPluginJar : add gtzc
2025-07-19 21:30:49,852 [INFO] IPUIPlugin:80 - create IPUIPlugin
2025-07-19 21:30:49,852 [INFO] PluginManager:220 - loadIPPluginJar : add hash
2025-07-19 21:30:49,964 [INFO] IPUIPlugin:80 - create IPUIPlugin
2025-07-19 21:30:49,964 [INFO] PluginManager:220 - loadIPPluginJar : add i2c
2025-07-19 21:30:50,043 [INFO] IPUIPlugin:80 - create IPUIPlugin
2025-07-19 21:30:50,044 [INFO] PluginManager:220 - loadIPPluginJar : add i2s
2025-07-19 21:30:50,124 [INFO] IPUIPlugin:80 - create IPUIPlugin
2025-07-19 21:30:50,124 [INFO] PluginManager:220 - loadIPPluginJar : add i3c
2025-07-19 21:30:50,427 [INFO] ThirdPartyUpdaterWithRetryManager:70 - Updater plugin not ready yet. [3/15]
2025-07-19 21:30:50,427 [INFO] IPUIPlugin:80 - create IPUIPlugin
2025-07-19 21:30:50,429 [INFO] PluginManager:220 - loadIPPluginJar : add ipddr
2025-07-19 21:30:50,622 [INFO] IPUIPlugin:80 - create IPUIPlugin
2025-07-19 21:30:50,622 [INFO] PluginManager:220 - loadIPPluginJar : add linkedlist
2025-07-19 21:30:50,704 [INFO] IPUIPlugin:80 - create IPUIPlugin
2025-07-19 21:30:50,704 [INFO] PluginManager:220 - loadIPPluginJar : add lorawan
2025-07-19 21:30:50,780 [INFO] IPUIPlugin:80 - create IPUIPlugin
2025-07-19 21:30:50,780 [INFO] PluginManager:220 - loadIPPluginJar : add ltdc
2025-07-19 21:30:50,825 [INFO] IPUIPlugin:80 - create IPUIPlugin
2025-07-19 21:30:50,825 [INFO] PluginManager:220 - loadIPPluginJar : add mdma
2025-07-19 21:30:50,856 [INFO] IPUIPlugin:80 - create IPUIPlugin
2025-07-19 21:30:50,856 [INFO] PluginManager:220 - loadIPPluginJar : add nvic
2025-07-19 21:30:50,939 [INFO] IPUIPlugin:80 - create IPUIPlugin
2025-07-19 21:30:50,939 [INFO] PluginManager:220 - loadIPPluginJar : add opamp
2025-07-19 21:30:51,078 [INFO] IPUIPlugin:80 - create IPUIPlugin
2025-07-19 21:30:51,078 [INFO] PluginManager:220 - loadIPPluginJar : add openamp
2025-07-19 21:30:51,173 [INFO] IPUIPlugin:80 - create IPUIPlugin
2025-07-19 21:30:51,173 [INFO] PluginManager:220 - loadIPPluginJar : add pdm2pcm
2025-07-19 21:30:51,221 [INFO] IPUIPlugin:80 - create IPUIPlugin
2025-07-19 21:30:51,249 [INFO] PluginManager:220 - loadIPPluginJar : add plateformsettings
2025-07-19 21:30:51,297 [INFO] IPUIPlugin:80 - create IPUIPlugin
2025-07-19 21:30:51,298 [INFO] PluginManager:220 - loadIPPluginJar : add quadspi
2025-07-19 21:30:51,325 [INFO] IPUIPlugin:80 - create IPUIPlugin
2025-07-19 21:30:51,325 [INFO] PluginManager:220 - loadIPPluginJar : add resmgrutility
2025-07-19 21:30:51,410 [INFO] IPUIPlugin:80 - create IPUIPlugin
2025-07-19 21:30:51,410 [INFO] PluginManager:220 - loadIPPluginJar : add sai
2025-07-19 21:30:51,487 [INFO] IPUIPlugin:80 - create IPUIPlugin
2025-07-19 21:30:51,487 [INFO] PluginManager:220 - loadIPPluginJar : add spi
2025-07-19 21:30:51,619 [INFO] IPUIPlugin:80 - create IPUIPlugin
2025-07-19 21:30:51,620 [INFO] PluginManager:220 - loadIPPluginJar : add stm32_wpan
2025-07-19 21:30:51,668 [INFO] IPUIPlugin:80 - create IPUIPlugin
2025-07-19 21:30:51,668 [INFO] PluginManager:220 - loadIPPluginJar : add tim
2025-07-19 21:30:51,783 [INFO] IPUIPlugin:80 - create IPUIPlugin
2025-07-19 21:30:51,784 [INFO] PluginManager:220 - loadIPPluginJar : add touchsensing
2025-07-19 21:30:51,835 [INFO] IPUIPlugin:80 - create IPUIPlugin
2025-07-19 21:30:51,835 [INFO] PluginManager:220 - loadIPPluginJar : add tracer_emb
2025-07-19 21:30:51,905 [INFO] IPUIPlugin:80 - create IPUIPlugin
2025-07-19 21:30:51,906 [INFO] PluginManager:220 - loadIPPluginJar : add ts
2025-07-19 21:30:52,035 [INFO] IPUIPlugin:80 - create IPUIPlugin
2025-07-19 21:30:52,035 [INFO] PluginManager:220 - loadIPPluginJar : add tsc
2025-07-19 21:30:52,090 [INFO] IPUIPlugin:80 - create IPUIPlugin
2025-07-19 21:30:52,090 [INFO] PluginManager:220 - loadIPPluginJar : add ucpd
2025-07-19 21:30:52,186 [INFO] IPUIPlugin:80 - create IPUIPlugin
2025-07-19 21:30:52,187 [INFO] PluginManager:220 - loadIPPluginJar : add usart
2025-07-19 21:30:52,279 [INFO] IPUIPlugin:80 - create IPUIPlugin
2025-07-19 21:30:52,279 [INFO] PluginManager:220 - loadIPPluginJar : add usbx
2025-07-19 21:30:52,545 [INFO] CADModel:165 - CPN selected for project level
2025-07-19 21:30:52,545 [INFO] CADModel:114 - Register for checkConnection events
2025-07-19 21:30:52,546 [FATAL] Updater:308 - Updater called before beeing initialized
2025-07-19 21:30:52,546 [ERROR] CADModel:125 - Updater not yet initialized, retry later 
2025-07-19 21:30:53,110 [INFO] CADModel:165 - CPN selected for project level
2025-07-19 21:30:53,110 [INFO] CADModel:114 - Register for checkConnection events
2025-07-19 21:30:53,110 [FATAL] Updater:308 - Updater called before beeing initialized
2025-07-19 21:30:53,111 [ERROR] CADModel:125 - Updater not yet initialized, retry later 
2025-07-19 21:30:53,119 [FATAL] Updater:308 - Updater called before beeing initialized
2025-07-19 21:30:53,409 [FATAL] Updater:308 - Updater called before beeing initialized
2025-07-19 21:30:53,430 [INFO] ThirdPartyUpdaterWithRetryManager:70 - Updater plugin not ready yet. [4/15]
2025-07-19 21:30:53,459 [INFO] DbMcusAds:53 - JSON generation date=Wed May 07 11:07:55 CEST 2025 (1746608875484)
2025-07-19 21:30:53,459 [FATAL] Updater:308 - Updater called before beeing initialized
2025-07-19 21:30:53,616 [WARN] DetailPanel:346 - Failed to get advertising image, set to default
2025-07-19 21:30:53,746 [FATAL] Updater:308 - Updater called before beeing initialized
2025-07-19 21:30:53,763 [FATAL] Updater:308 - Updater called before beeing initialized
2025-07-19 21:30:53,763 [FATAL] Updater:308 - Updater called before beeing initialized
2025-07-19 21:30:53,764 [WARN] DetailPanel:346 - Failed to get advertising image, set to default
2025-07-19 21:30:53,764 [FATAL] Updater:308 - Updater called before beeing initialized
2025-07-19 21:30:53,968 [ERROR] Updater:1120 - MainUpdater not yet initialized. External WinMGr cannot be set.
2025-07-19 21:30:53,995 [INFO] Updater:1056 - Updater Version found : 6.11.1
2025-07-19 21:30:54,102 [INFO] ApplicationProperties:184 - Using Application install path: C:\ST\STM32CubeIDE_1.15.1\STM32CubeIDE\plugins\com.st.stm32cube.common.mx_6.11.1.202404110753
2025-07-19 21:30:55,803 [ERROR] LogOutputStream:75 - [STDERR_REDIRECT] Jul 19, 2025 9:30:55 PM java.util.prefs.WindowsPreferences <init>
2025-07-19 21:30:55,807 [ERROR] LogOutputStream:75 - [STDERR_REDIRECT] WARNING: Could not open/create prefs root node Software\JavaSoft\Prefs at root 0xffffffff80000002. Windows RegCreateKeyEx(...) returned error code 5.
2025-07-19 21:30:55,808 [ERROR] LogOutputStream:75 - [STDERR_REDIRECT] 
2025-07-19 21:30:56,433 [FATAL] Updater:308 - Updater called before beeing initialized
2025-07-19 21:30:56,435 [ERROR] IntegrityCheckThread:130 - Cannot retrieve database content from updater: error 21
2025-07-19 21:30:56,437 [INFO] ThirdParty:978 - Integrity check success = false
2025-07-19 21:30:56,437 [INFO] IntegrityCheckThread:100 - exiting critical section [integrity check]
2025-07-19 21:30:56,437 [INFO] IntegrityCheckThread:103 - End integrity checks thread
2025-07-19 21:30:57,635 [INFO] MainUpdater:2873 - connection check result : 10
2025-07-19 21:30:57,637 [INFO] MainUpdater:290 - Updater Check For Update Now.
2025-07-19 21:30:57,638 [INFO] MicroXplorer:498 - Change Database Version : DB.6.0.111
2025-07-19 21:30:57,706 [INFO] McuFinderGlobals:63 - Set McuFinder mode to 2 (CubeIDE integrated)
2025-07-19 21:30:57,738 [INFO] UserAuth:415 - Internet connection configuration mode: 1
2025-07-19 21:30:57,856 [INFO] JxBrowserEngine:152 - Initiate JxBrowser Engine with user profile folder
2025-07-19 21:30:57,941 [INFO] CheckServerUpdateThread:120 - End of CheckServer Thread
2025-07-19 21:31:03,696 [INFO] WebApp:161 - Instantiating new browser for Auth
2025-07-19 21:31:04,356 [INFO] WebApp:779 - Register for checkConnection events
2025-07-19 21:31:04,356 [INFO] WebApp:414 - Apply proxy settings
2025-07-19 21:31:04,357 [INFO] WebApp:499 - Chromium requires no authentication
2025-07-19 21:31:04,364 [INFO] WebApp:442 - Direct internet connection detected
2025-07-19 21:31:04,540 [INFO] WebApp:192 - Starting web application
2025-07-19 21:31:04,540 [INFO] WebApp:544 - Web application path used C:\ST\STM32CubeIDE_1.15.1\STM32CubeIDE\plugins\com.st.stm32cube.common.mx_6.11.1.202404110753\db\plugins\mcufinder\reactClient1\index.html
2025-07-19 22:42:09,623 [ERROR] LogOutputStream:75 - [STDERR_REDIRECT] 
2025-07-19 22:42:09,624 [ERROR] LogOutputStream:75 - [STDERR_REDIRECT] 
