2024-10-26 19:03:02,263 [INFO] Activator:176 - 


2024-10-26 19:03:02,270 [INFO] Activator:177 - !SESSION log4j initialized
2024-10-26 19:03:09,532 [INFO] LogOutputStream:77 - [STDOUT_REDIRECT] 
2024-10-26 19:03:13,599 [INFO] ApplicationProperties:184 - Using Application install path: C:\ST\STM32CubeIDE_1.15.1\STM32CubeIDE\plugins\com.st.stm32cube.common.mx_6.11.1.202404110753
2024-10-26 19:03:13,626 [INFO] DbMcusXml:78 - Set database path to: C:\ST\STM32CubeIDE_1.15.1\STM32CubeIDE\plugins\com.st.stm32cube.common.mx_6.11.1.202404110753\\db\/mcu/
2024-10-26 19:03:13,626 [INFO] ApiDb:274 - Set plugin database path to: C:\ST\STM32CubeIDE_1.15.1\STM32CubeIDE\plugins\com.st.stm32cube.common.mx_6.11.1.202404110753\\db\/plugins/boardmanager/
2024-10-26 19:03:13,634 [WARN] ApiDb:259 - Overriding images path with different value:  => C:\ST\STM32CubeIDE_1.15.1\STM32CubeIDE\plugins\com.st.stm32cube.common.mx_6.11.1.202404110753\\db\/plugins/mcufinder/images/
2024-10-26 19:03:13,649 [INFO] ApiDb:250 - Set database path to: C:\Users\dbank\.stmcufinder\plugins\mcufinder//mcu/
2024-10-26 19:03:13,650 [INFO] DbMcusAds:125 - Set database path to: C:\Users\dbank\.stmcufinder\plugins\mcufinder//mcu/
2024-10-26 19:03:13,653 [INFO] CrossReferenceDbSqlite:203 - Set database path to: C:\Users\dbank\.stmcufinder\plugins\mcufinder//mcu/cs/
2024-10-26 19:03:13,788 [INFO] RulesReader:64 - Compatibility file has been processed (297 Rules)
2024-10-26 19:03:13,910 [INFO] DbMcusXml:78 - Set database path to: C:\ST\STM32CubeIDE_1.15.1\STM32CubeIDE\plugins\com.st.stm32cube.common.mx_6.11.1.202404110753\\db\/mcu/
2024-10-26 19:03:13,910 [INFO] ApiDb:274 - Set plugin database path to: C:\ST\STM32CubeIDE_1.15.1\STM32CubeIDE\plugins\com.st.stm32cube.common.mx_6.11.1.202404110753\\db\/plugins/boardmanager/
2024-10-26 19:03:13,910 [INFO] ApiDb:261 - Set plugin images path to: C:\ST\STM32CubeIDE_1.15.1\STM32CubeIDE\plugins\com.st.stm32cube.common.mx_6.11.1.202404110753\\db\/plugins/mcufinder/images/
2024-10-26 19:03:13,910 [WARN] DbFile:41 - Overriding database path with different value: C:\Users\dbank\.stmcufinder\plugins\mcufinder/ => C:\Users\dbank\.stmcufinder\plugins\mcufinder
2024-10-26 19:03:13,911 [INFO] ApiDb:250 - Set database path to: C:\Users\dbank\.stmcufinder\plugins\mcufinder//mcu/
2024-10-26 19:03:13,911 [WARN] DbFile:41 - Overriding database path with different value: C:\Users\dbank\.stmcufinder\plugins\mcufinder/ => C:\Users\dbank\.stmcufinder\plugins\mcufinder
2024-10-26 19:03:13,911 [INFO] DbMcusAds:125 - Set database path to: C:\Users\dbank\.stmcufinder\plugins\mcufinder//mcu/
2024-10-26 19:03:13,911 [WARN] DbFile:41 - Overriding database path with different value: C:\Users\dbank\.stmcufinder\plugins\mcufinder/ => C:\Users\dbank\.stmcufinder\plugins\mcufinder
2024-10-26 19:03:13,911 [WARN] DbFile:41 - Overriding database path with different value: C:\Users\dbank\.stmcufinder\plugins\mcufinder/ => C:\Users\dbank\.stmcufinder\plugins\mcufinder
2024-10-26 19:03:13,911 [INFO] CrossReferenceDbSqlite:203 - Set database path to: C:\Users\dbank\.stmcufinder\plugins\mcufinder//mcu/cs/
2024-10-26 19:03:14,036 [INFO] MainPanel:264 - HeapMemory: 268435456
2024-10-26 19:03:14,230 [INFO] DbMcusXml:78 - Set database path to: C:\ST\STM32CubeIDE_1.15.1\STM32CubeIDE\plugins\com.st.stm32cube.common.mx_6.11.1.202404110753\\db\/mcu/
2024-10-26 19:03:14,230 [INFO] ApiDb:274 - Set plugin database path to: C:\ST\STM32CubeIDE_1.15.1\STM32CubeIDE\plugins\com.st.stm32cube.common.mx_6.11.1.202404110753\\db\/plugins/boardmanager/
2024-10-26 19:03:14,231 [INFO] ApiDb:261 - Set plugin images path to: C:\ST\STM32CubeIDE_1.15.1\STM32CubeIDE\plugins\com.st.stm32cube.common.mx_6.11.1.202404110753\\db\/plugins/mcufinder/images/
2024-10-26 19:03:14,231 [WARN] DbFile:41 - Overriding database path with different value: C:\Users\dbank\.stmcufinder\plugins\mcufinder/ => C:\Users\dbank\.stmcufinder\plugins\mcufinder
2024-10-26 19:03:14,232 [INFO] ApiDb:250 - Set database path to: C:\Users\dbank\.stmcufinder\plugins\mcufinder//mcu/
2024-10-26 19:03:14,232 [WARN] DbFile:41 - Overriding database path with different value: C:\Users\dbank\.stmcufinder\plugins\mcufinder/ => C:\Users\dbank\.stmcufinder\plugins\mcufinder
2024-10-26 19:03:14,232 [INFO] DbMcusAds:125 - Set database path to: C:\Users\dbank\.stmcufinder\plugins\mcufinder//mcu/
2024-10-26 19:03:14,232 [WARN] DbFile:41 - Overriding database path with different value: C:\Users\dbank\.stmcufinder\plugins\mcufinder/ => C:\Users\dbank\.stmcufinder\plugins\mcufinder
2024-10-26 19:03:14,232 [WARN] DbFile:41 - Overriding database path with different value: C:\Users\dbank\.stmcufinder\plugins\mcufinder/ => C:\Users\dbank\.stmcufinder\plugins\mcufinder
2024-10-26 19:03:14,232 [INFO] CrossReferenceDbSqlite:203 - Set database path to: C:\Users\dbank\.stmcufinder\plugins\mcufinder//mcu/cs/
2024-10-26 19:03:14,272 [INFO] ApplicationProperties:184 - Using Application install path: C:\ST\STM32CubeIDE_1.15.1\STM32CubeIDE\plugins\com.st.stm32cube.common.mx_6.11.1.202404110753
2024-10-26 19:03:14,276 [INFO] PluginManage:196 - Search for loadable plugins [exclusion list=, ]
2024-10-26 19:03:14,280 [INFO] PluginManage:310 - Check plugin analytics
2024-10-26 19:03:14,618 [INFO] AnalyticsPlugin:253 - Accepted Software Licenses: STM32CubeMX.6.11.1
2024-10-26 19:03:14,619 [INFO] AnalyticsPlugin:255 - Accepted CMSIS Pack Licenses: STMicroelectronics.X-CUBE-AZRTOS-H7.3.3.0
2024-10-26 19:03:14,619 [INFO] AnalyticsPlugin:257 - Accepted Firmware Licenses: FW.H7.1.11.0,FW.H7.1.10.0,FW.L4.1.18.0,FW.F4.1.28.0
2024-10-26 19:03:14,624 [INFO] PluginManage:359 - Loaded plugin analytics (category:tool,tabindex:-1)
2024-10-26 19:03:14,624 [INFO] PluginManage:310 - Check plugin cadmodel
2024-10-26 19:03:14,642 [INFO] CADModel:105 - Init CAD model plugin
2024-10-26 19:03:14,644 [INFO] PluginManage:359 - Loaded plugin cadmodel (category:power,tabindex:5)
2024-10-26 19:03:14,644 [INFO] PluginManage:310 - Check plugin clock
2024-10-26 19:03:14,673 [INFO] PluginManage:359 - Loaded plugin clock (category:base,tabindex:2)
2024-10-26 19:03:14,673 [INFO] PluginManage:310 - Check plugin ddr
2024-10-26 19:03:14,675 [INFO] PluginManage:359 - Loaded plugin ddr (category:tool,tabindex:6)
2024-10-26 19:03:14,675 [INFO] PluginManage:310 - Check plugin filemanager
2024-10-26 19:03:14,915 [INFO] PluginManage:359 - Loaded plugin filemanager (category:base,tabindex:10)
2024-10-26 19:03:14,915 [INFO] PluginManage:310 - Check plugin ipmanager
2024-10-26 19:03:14,927 [INFO] PluginManage:359 - Loaded plugin ipmanager (category:base,tabindex:5)
2024-10-26 19:03:14,927 [INFO] PluginManage:310 - Check plugin lpbam
2024-10-26 19:03:14,962 [INFO] PluginManage:359 - Loaded plugin lpbam (category:base,tabindex:0)
2024-10-26 19:03:14,963 [INFO] PluginManage:310 - Check plugin memorymap
2024-10-26 19:03:15,007 [INFO] PluginManage:359 - Loaded plugin memorymap (category:base,tabindex:4)
2024-10-26 19:03:15,008 [INFO] PluginManage:310 - Check plugin pinoutandconfiguration
2024-10-26 19:03:15,041 [INFO] PluginManage:359 - Loaded plugin pinoutandconfiguration (category:base,tabindex:1)
2024-10-26 19:03:15,041 [INFO] PluginManage:310 - Check plugin pinoutconfig
2024-10-26 19:03:15,236 [WARN] SupportedApi:132 - Cannot load RTOS API schema: s4s-elt-must-match.1: The content of 'definitions' must match (annotation?, (simpleType | complexType)?, (unique | key | keyref)*)). A problem was found starting at: attribute.
2024-10-26 19:03:15,431 [INFO] PluginManage:359 - Loaded plugin pinoutconfig (category:base,tabindex:0)
2024-10-26 19:03:15,431 [INFO] PluginManage:310 - Check plugin power
2024-10-26 19:03:15,452 [INFO] PluginManage:359 - Loaded plugin power (category:power,tabindex:4)
2024-10-26 19:03:15,453 [INFO] PluginManage:310 - Check plugin projectmanager
2024-10-26 19:03:15,484 [INFO] PluginManage:359 - Loaded plugin projectmanager (category:projectmanager,tabindex:3)
2024-10-26 19:03:15,484 [INFO] PluginManage:310 - Check plugin thirdparty
2024-10-26 19:03:15,983 [INFO] PluginManage:359 - Loaded plugin thirdparty (category:base,tabindex:-1)
2024-10-26 19:03:15,983 [WARN] IntegrityCheckThread:84 - waiting for thirdparty lock release [integrity check]
2024-10-26 19:03:15,984 [INFO] PluginManage:310 - Check plugin tools
2024-10-26 19:03:15,984 [INFO] IntegrityCheckThread:86 - entering critical section [integrity check]
2024-10-26 19:03:15,984 [INFO] ThirdPartyUpdaterWithRetryManager:70 - Updater plugin not ready yet. [1/15]
2024-10-26 19:03:16,042 [INFO] PluginManage:359 - Loaded plugin tools (category:base,tabindex:7)
2024-10-26 19:03:16,042 [INFO] PluginManage:310 - Check plugin tutovideos
2024-10-26 19:03:16,316 [INFO] PluginManage:359 - Loaded plugin tutovideos (category:base,tabindex:-1)
2024-10-26 19:03:16,317 [INFO] PluginManage:310 - Check plugin updater
2024-10-26 19:03:16,332 [INFO] PluginManage:359 - Loaded plugin updater (category:base,tabindex:12)
2024-10-26 19:03:16,333 [INFO] PluginManage:310 - Check plugin userauth
2024-10-26 19:03:16,339 [INFO] UserAuth:114 - Init User Auth plugin
2024-10-26 19:03:16,339 [INFO] PluginManage:359 - Loaded plugin userauth (category:base,tabindex:14)
2024-10-26 19:03:16,340 [INFO] PluginManage:283 - PluginManage : Loaded plugins [17]
2024-10-26 19:03:16,771 [INFO] PinOutPanel:1561 - setPackage(No Configuration,No Configuration)
2024-10-26 19:03:16,922 [INFO] CADModel:165 - CPN selected for project level
2024-10-26 19:03:16,923 [INFO] CADModel:114 - Register for checkConnection events
2024-10-26 19:03:16,997 [INFO] IPUIPlugin:80 - create IPUIPlugin
2024-10-26 19:03:16,997 [INFO] PluginManager:220 - loadIPPluginJar : add adc
2024-10-26 19:03:17,066 [INFO] IPUIPlugin:80 - create IPUIPlugin
2024-10-26 19:03:17,066 [INFO] PluginManager:220 - loadIPPluginJar : add aes
2024-10-26 19:03:17,146 [INFO] IPUIPlugin:80 - create IPUIPlugin
2024-10-26 19:03:17,146 [INFO] PluginManager:220 - loadIPPluginJar : add can
2024-10-26 19:03:17,192 [INFO] IPUIPlugin:80 - create IPUIPlugin
2024-10-26 19:03:17,192 [INFO] PluginManager:220 - loadIPPluginJar : add comp
2024-10-26 19:03:17,250 [INFO] IPUIPlugin:80 - create IPUIPlugin
2024-10-26 19:03:17,250 [INFO] PluginManager:220 - loadIPPluginJar : add cryp
2024-10-26 19:03:17,312 [INFO] IPUIPlugin:80 - create IPUIPlugin
2024-10-26 19:03:17,312 [INFO] PluginManager:220 - loadIPPluginJar : add dfsdm
2024-10-26 19:03:17,337 [INFO] IPUIPlugin:80 - create IPUIPlugin
2024-10-26 19:03:17,338 [INFO] PluginManager:220 - loadIPPluginJar : add dma
2024-10-26 19:03:17,424 [INFO] IPUIPlugin:80 - create IPUIPlugin
2024-10-26 19:03:17,425 [INFO] PluginManager:220 - loadIPPluginJar : add dma3
2024-10-26 19:03:17,506 [INFO] IPUIPlugin:80 - create IPUIPlugin
2024-10-26 19:03:17,506 [INFO] PluginManager:220 - loadIPPluginJar : add extmemmanager
2024-10-26 19:03:17,550 [INFO] IPUIPlugin:80 - create IPUIPlugin
2024-10-26 19:03:17,551 [INFO] PluginManager:220 - loadIPPluginJar : add fatfs
2024-10-26 19:03:17,631 [INFO] IPUIPlugin:80 - create IPUIPlugin
2024-10-26 19:03:17,631 [INFO] PluginManager:220 - loadIPPluginJar : add fmc
2024-10-26 19:03:17,662 [INFO] IPUIPlugin:80 - create IPUIPlugin
2024-10-26 19:03:17,662 [INFO] PluginManager:220 - loadIPPluginJar : add freertos
2024-10-26 19:03:17,705 [INFO] IPUIPlugin:80 - create IPUIPlugin
2024-10-26 19:03:17,705 [INFO] PluginManager:220 - loadIPPluginJar : add genericplugin
2024-10-26 19:03:17,851 [INFO] IPUIPlugin:80 - create IPUIPlugin
2024-10-26 19:03:17,851 [INFO] PluginManager:220 - loadIPPluginJar : add gfxmmu
2024-10-26 19:03:18,065 [INFO] IPUIPlugin:80 - create IPUIPlugin
2024-10-26 19:03:18,065 [INFO] PluginManager:220 - loadIPPluginJar : add gic
2024-10-26 19:03:18,088 [INFO] IPUIPlugin:80 - create IPUIPlugin
2024-10-26 19:03:18,089 [INFO] PluginManager:220 - loadIPPluginJar : add gpio
2024-10-26 19:03:18,217 [INFO] IPUIPlugin:80 - create IPUIPlugin
2024-10-26 19:03:18,217 [INFO] PluginManager:220 - loadIPPluginJar : add gtzc
2024-10-26 19:03:18,257 [INFO] IPUIPlugin:80 - create IPUIPlugin
2024-10-26 19:03:18,258 [INFO] PluginManager:220 - loadIPPluginJar : add hash
2024-10-26 19:03:18,326 [INFO] IPUIPlugin:80 - create IPUIPlugin
2024-10-26 19:03:18,327 [INFO] PluginManager:220 - loadIPPluginJar : add i2c
2024-10-26 19:03:18,385 [INFO] IPUIPlugin:80 - create IPUIPlugin
2024-10-26 19:03:18,385 [INFO] PluginManager:220 - loadIPPluginJar : add i2s
2024-10-26 19:03:18,448 [INFO] IPUIPlugin:80 - create IPUIPlugin
2024-10-26 19:03:18,449 [INFO] PluginManager:220 - loadIPPluginJar : add i3c
2024-10-26 19:03:18,607 [INFO] IPUIPlugin:80 - create IPUIPlugin
2024-10-26 19:03:18,607 [INFO] PluginManager:220 - loadIPPluginJar : add ipddr
2024-10-26 19:03:18,740 [INFO] IPUIPlugin:80 - create IPUIPlugin
2024-10-26 19:03:18,740 [INFO] PluginManager:220 - loadIPPluginJar : add linkedlist
2024-10-26 19:03:18,792 [INFO] IPUIPlugin:80 - create IPUIPlugin
2024-10-26 19:03:18,792 [INFO] PluginManager:220 - loadIPPluginJar : add lorawan
2024-10-26 19:03:18,851 [INFO] IPUIPlugin:80 - create IPUIPlugin
2024-10-26 19:03:18,851 [INFO] PluginManager:220 - loadIPPluginJar : add ltdc
2024-10-26 19:03:18,875 [INFO] IPUIPlugin:80 - create IPUIPlugin
2024-10-26 19:03:18,876 [INFO] PluginManager:220 - loadIPPluginJar : add mdma
2024-10-26 19:03:18,895 [INFO] IPUIPlugin:80 - create IPUIPlugin
2024-10-26 19:03:18,895 [INFO] PluginManager:220 - loadIPPluginJar : add nvic
2024-10-26 19:03:18,952 [INFO] IPUIPlugin:80 - create IPUIPlugin
2024-10-26 19:03:18,952 [INFO] PluginManager:220 - loadIPPluginJar : add opamp
2024-10-26 19:03:18,986 [INFO] ThirdPartyUpdaterWithRetryManager:70 - Updater plugin not ready yet. [2/15]
2024-10-26 19:03:19,058 [INFO] IPUIPlugin:80 - create IPUIPlugin
2024-10-26 19:03:19,058 [INFO] PluginManager:220 - loadIPPluginJar : add openamp
2024-10-26 19:03:19,136 [INFO] IPUIPlugin:80 - create IPUIPlugin
2024-10-26 19:03:19,136 [INFO] PluginManager:220 - loadIPPluginJar : add pdm2pcm
2024-10-26 19:03:19,160 [INFO] IPUIPlugin:80 - create IPUIPlugin
2024-10-26 19:03:19,163 [INFO] PluginManager:220 - loadIPPluginJar : add plateformsettings
2024-10-26 19:03:19,204 [INFO] IPUIPlugin:80 - create IPUIPlugin
2024-10-26 19:03:19,204 [INFO] PluginManager:220 - loadIPPluginJar : add quadspi
2024-10-26 19:03:19,222 [INFO] IPUIPlugin:80 - create IPUIPlugin
2024-10-26 19:03:19,223 [INFO] PluginManager:220 - loadIPPluginJar : add resmgrutility
2024-10-26 19:03:19,316 [INFO] IPUIPlugin:80 - create IPUIPlugin
2024-10-26 19:03:19,316 [INFO] PluginManager:220 - loadIPPluginJar : add sai
2024-10-26 19:03:19,385 [INFO] IPUIPlugin:80 - create IPUIPlugin
2024-10-26 19:03:19,385 [INFO] PluginManager:220 - loadIPPluginJar : add spi
2024-10-26 19:03:19,497 [INFO] IPUIPlugin:80 - create IPUIPlugin
2024-10-26 19:03:19,498 [INFO] PluginManager:220 - loadIPPluginJar : add stm32_wpan
2024-10-26 19:03:19,528 [INFO] IPUIPlugin:80 - create IPUIPlugin
2024-10-26 19:03:19,528 [INFO] PluginManager:220 - loadIPPluginJar : add tim
2024-10-26 19:03:19,610 [INFO] IPUIPlugin:80 - create IPUIPlugin
2024-10-26 19:03:19,610 [INFO] PluginManager:220 - loadIPPluginJar : add touchsensing
2024-10-26 19:03:19,651 [INFO] IPUIPlugin:80 - create IPUIPlugin
2024-10-26 19:03:19,651 [INFO] PluginManager:220 - loadIPPluginJar : add tracer_emb
2024-10-26 19:03:19,692 [INFO] IPUIPlugin:80 - create IPUIPlugin
2024-10-26 19:03:19,692 [INFO] PluginManager:220 - loadIPPluginJar : add ts
2024-10-26 19:03:19,729 [INFO] IPUIPlugin:80 - create IPUIPlugin
2024-10-26 19:03:19,729 [INFO] PluginManager:220 - loadIPPluginJar : add tsc
2024-10-26 19:03:19,765 [INFO] IPUIPlugin:80 - create IPUIPlugin
2024-10-26 19:03:19,765 [INFO] PluginManager:220 - loadIPPluginJar : add ucpd
2024-10-26 19:03:19,829 [INFO] IPUIPlugin:80 - create IPUIPlugin
2024-10-26 19:03:19,829 [INFO] PluginManager:220 - loadIPPluginJar : add usart
2024-10-26 19:03:19,895 [INFO] IPUIPlugin:80 - create IPUIPlugin
2024-10-26 19:03:19,896 [INFO] PluginManager:220 - loadIPPluginJar : add usbx
2024-10-26 19:03:20,068 [INFO] CADModel:165 - CPN selected for project level
2024-10-26 19:03:20,069 [INFO] CADModel:114 - Register for checkConnection events
2024-10-26 19:03:20,069 [FATAL] Updater:308 - Updater called before beeing initialized
2024-10-26 19:03:20,069 [ERROR] CADModel:125 - Updater not yet initialized, retry later 
2024-10-26 19:03:20,309 [INFO] CADModel:165 - CPN selected for project level
2024-10-26 19:03:20,309 [INFO] CADModel:114 - Register for checkConnection events
2024-10-26 19:03:20,309 [FATAL] Updater:308 - Updater called before beeing initialized
2024-10-26 19:03:20,309 [ERROR] CADModel:125 - Updater not yet initialized, retry later 
2024-10-26 19:03:20,316 [FATAL] Updater:308 - Updater called before beeing initialized
2024-10-26 19:03:20,500 [FATAL] Updater:308 - Updater called before beeing initialized
2024-10-26 19:03:20,519 [INFO] DbMcusAds:53 - JSON generation date=Fri Sep 20 15:04:38 CEST 2024 (1726837478367)
2024-10-26 19:03:20,520 [FATAL] Updater:308 - Updater called before beeing initialized
2024-10-26 19:03:20,668 [WARN] DetailPanel:346 - Failed to get advertising image, set to default
2024-10-26 19:03:20,917 [FATAL] Updater:308 - Updater called before beeing initialized
2024-10-26 19:03:20,920 [FATAL] Updater:308 - Updater called before beeing initialized
2024-10-26 19:03:20,920 [FATAL] Updater:308 - Updater called before beeing initialized
2024-10-26 19:03:20,920 [WARN] DetailPanel:346 - Failed to get advertising image, set to default
2024-10-26 19:03:20,921 [FATAL] Updater:308 - Updater called before beeing initialized
2024-10-26 19:03:21,044 [ERROR] Updater:1120 - MainUpdater not yet initialized. External WinMGr cannot be set.
2024-10-26 19:03:21,066 [INFO] Updater:1056 - Updater Version found : 6.11.1
2024-10-26 19:03:21,101 [INFO] ApplicationProperties:184 - Using Application install path: C:\ST\STM32CubeIDE_1.15.1\STM32CubeIDE\plugins\com.st.stm32cube.common.mx_6.11.1.202404110753
2024-10-26 19:03:21,989 [INFO] ThirdPartyUpdaterWithRetryManager:70 - Updater plugin not ready yet. [3/15]
2024-10-26 19:03:22,751 [ERROR] LogOutputStream:75 - [STDERR_REDIRECT] Oct 26, 2024 7:03:22 PM java.util.prefs.WindowsPreferences <init>
2024-10-26 19:03:22,755 [ERROR] LogOutputStream:75 - [STDERR_REDIRECT] WARNING: Could not open/create prefs root node Software\JavaSoft\Prefs at root 0xffffffff80000002. Windows RegCreateKeyEx(...) returned error code 5.
2024-10-26 19:03:22,756 [ERROR] LogOutputStream:75 - [STDERR_REDIRECT] 
2024-10-26 19:03:23,373 [INFO] MainUpdater:2873 - connection check result : 10
2024-10-26 19:03:23,375 [INFO] MainUpdater:290 - Updater Check For Update Now.
2024-10-26 19:03:23,376 [INFO] MicroXplorer:498 - Change Database Version : DB.6.0.111
2024-10-26 19:03:23,397 [INFO] McuFinderGlobals:63 - Set McuFinder mode to 2 (CubeIDE integrated)
2024-10-26 19:03:23,415 [INFO] UserAuth:415 - Internet connection configuration mode: 1
2024-10-26 19:03:23,456 [INFO] JxBrowserEngine:152 - Initiate JxBrowser Engine with user profile folder
2024-10-26 19:03:23,699 [INFO] CheckServerUpdateThread:120 - End of CheckServer Thread
2024-10-26 19:03:25,321 [WARN] PackLoader:240 - Cannot read IP mode file for STMicroelectronics.FP-SNS-MOTENVWB1.1.4.0
2024-10-26 19:03:25,349 [WARN] PackLoader:240 - Cannot read IP mode file for STMicroelectronics.X-CUBE-SMBUS.2.1.0
2024-10-26 19:03:25,377 [WARN] PackLoader:240 - Cannot read IP mode file for STMicroelectronics.X-CUBE-WB05N.1.1.0
2024-10-26 19:03:25,398 [WARN] PackLoader:240 - Cannot read IP mode file for STMicroelectronics.X-CUBE-TOUCHGFX.4.23.2
2024-10-26 19:03:25,484 [WARN] PackLoader:240 - Cannot read IP mode file for STMicroelectronics.X-CUBE-AZRTOS-F7.1.1.0
2024-10-26 19:03:25,652 [WARN] PackLoader:240 - Cannot read IP mode file for STMicroelectronics.X-CUBE-MEMS1.11.0.0
2024-10-26 19:03:25,835 [WARN] PackLoader:240 - Cannot read IP mode file for STMicroelectronics.FP-SNS-FLIGHT1.5.0.2
2024-10-26 19:03:25,860 [WARN] PackLoader:240 - Cannot read IP mode file for STMicroelectronics.X-CUBE-DISPLAY.3.0.0
2024-10-26 19:03:25,882 [WARN] PackLoader:240 - Cannot read IP mode file for STMicroelectronics.X-CUBE-BLE1.7.0.0
2024-10-26 19:03:25,903 [WARN] PackLoader:240 - Cannot read IP mode file for STMicroelectronics.X-CUBE-NFC10.1.0.0
2024-10-26 19:03:25,927 [WARN] PackLoader:240 - Cannot read IP mode file for emotas.I-CUBE-CANOPEN.1.3.0
2024-10-26 19:03:25,951 [WARN] PackLoader:240 - Cannot read IP mode file for STMicroelectronics.X-CUBE-BLEMGR.3.1.0
2024-10-26 19:03:25,972 [WARN] PackLoader:240 - Cannot read IP mode file for STMicroelectronics.FP-SNS-SMARTAG2.1.2.0
2024-10-26 19:03:25,998 [INFO] LogOutputStream:77 - [STDOUT_REDIRECT] 1 : Invalid condition id : UX_CORESTACK_Condition cause : null
2024-10-26 19:03:25,999 [INFO] LogOutputStream:77 - [STDOUT_REDIRECT] 1 : Invalid condition id : UX_CORESTACK_Condition cause : null
2024-10-26 19:03:26,001 [INFO] LogOutputStream:77 - [STDOUT_REDIRECT] 1 : Invalid condition id : UX_CORESTACK_Condition cause : null
2024-10-26 19:03:26,003 [INFO] LogOutputStream:77 - [STDOUT_REDIRECT] 1 : Invalid condition id : UX_CORESTACK_Condition cause : null
2024-10-26 19:03:26,005 [INFO] LogOutputStream:77 - [STDOUT_REDIRECT] 1 : Invalid condition id : UX_CORESTACK_Condition cause : null
2024-10-26 19:03:26,007 [WARN] PackLoader:240 - Cannot read IP mode file for STMicroelectronics.X-CUBE-AZRTOS-WL.2.0.0
2024-10-26 19:03:26,030 [WARN] PackLoader:240 - Cannot read IP mode file for STMicroelectronics.FP-SNS-MOTENV1.5.0.0
2024-10-26 19:03:26,053 [WARN] PackLoader:240 - Cannot read IP mode file for wolfSSL.I-CUBE-wolfMQTT.1.19.0
2024-10-26 19:03:26,076 [WARN] PackLoader:240 - Cannot read IP mode file for WES.I-CUBE-Cesium.1.3.0
2024-10-26 19:03:26,097 [WARN] PackLoader:240 - Cannot read IP mode file for STMicroelectronics.X-CUBE-BLE2.3.3.0
2024-10-26 19:03:26,119 [WARN] PackLoader:240 - Cannot read IP mode file for STMicroelectronics.X-CUBE-NFC9.1.0.0
2024-10-26 19:03:26,142 [WARN] PackLoader:240 - Cannot read IP mode file for STMicroelectronics.X-CUBE-TCPP.4.1.0
2024-10-26 19:03:26,163 [WARN] PackLoader:240 - Cannot read IP mode file for STMicroelectronics.X-CUBE-ALGOBUILD.1.3.0
2024-10-26 19:03:26,203 [WARN] PackLoader:240 - Cannot read IP mode file for STMicroelectronics.X-CUBE-AZRTOS-G0.1.1.0
2024-10-26 19:03:26,232 [WARN] PackLoader:240 - Cannot read IP mode file for STMicroelectronics.X-CUBE-SAFEA1.1.2.2
2024-10-26 19:03:26,259 [WARN] PackLoader:240 - Cannot read IP mode file for STMicroelectronics.X-CUBE-NFC4.3.0.0
2024-10-26 19:03:26,290 [WARN] PackLoader:240 - Cannot read IP mode file for EmbeddedOffice.I-CUBE-FS-RTOS.1.0.1
2024-10-26 19:03:26,291 [ERROR] ConditionMgr:805 - Attr not supported : Dmpu
2024-10-26 19:03:26,291 [ERROR] ConditionMgr:805 - Attr not supported : Dmpu
2024-10-26 19:03:26,291 [ERROR] ConditionMgr:805 - Attr not supported : Dmpu
2024-10-26 19:03:26,291 [ERROR] ConditionMgr:805 - Attr not supported : Dmpu
2024-10-26 19:03:26,291 [ERROR] ConditionMgr:805 - Attr not supported : Dmpu
2024-10-26 19:03:26,291 [ERROR] ConditionMgr:805 - Attr not supported : Dmpu
2024-10-26 19:03:26,291 [ERROR] ConditionMgr:805 - Attr not supported : Dmpu
2024-10-26 19:03:26,291 [ERROR] ConditionMgr:805 - Attr not supported : Dmpu
2024-10-26 19:03:26,291 [ERROR] ConditionMgr:805 - Attr not supported : Dmpu
2024-10-26 19:03:26,292 [ERROR] ConditionMgr:805 - Attr not supported : Dmpu
2024-10-26 19:03:26,292 [ERROR] ConditionMgr:805 - Attr not supported : Dmpu
2024-10-26 19:03:26,292 [ERROR] ConditionMgr:805 - Attr not supported : Dmpu
2024-10-26 19:03:26,292 [ERROR] ConditionMgr:805 - Attr not supported : Dmpu
2024-10-26 19:03:26,293 [ERROR] ConditionMgr:805 - Attr not supported : Dmpu
2024-10-26 19:03:26,293 [ERROR] ConditionMgr:805 - Attr not supported : Dmpu
2024-10-26 19:03:26,293 [ERROR] ConditionMgr:805 - Attr not supported : Dmpu
2024-10-26 19:03:26,293 [ERROR] ConditionMgr:805 - Attr not supported : Dmpu
2024-10-26 19:03:26,293 [ERROR] ConditionMgr:805 - Attr not supported : Dmpu
2024-10-26 19:03:26,293 [ERROR] ConditionMgr:805 - Attr not supported : Dmpu
2024-10-26 19:03:26,293 [ERROR] ConditionMgr:805 - Attr not supported : Dmpu
2024-10-26 19:03:26,293 [ERROR] ConditionMgr:805 - Attr not supported : Dmpu
2024-10-26 19:03:26,293 [ERROR] ConditionMgr:805 - Attr not supported : Dmpu
2024-10-26 19:03:26,294 [ERROR] ConditionMgr:805 - Attr not supported : Dmpu
2024-10-26 19:03:26,294 [ERROR] ConditionMgr:805 - Attr not supported : Dmpu
2024-10-26 19:03:26,294 [ERROR] ConditionMgr:805 - Attr not supported : Dmpu
2024-10-26 19:03:26,294 [ERROR] ConditionMgr:805 - Attr not supported : Dmpu
2024-10-26 19:03:26,294 [ERROR] ConditionMgr:805 - Attr not supported : Dmpu
2024-10-26 19:03:26,295 [ERROR] ConditionMgr:805 - Attr not supported : Dmpu
2024-10-26 19:03:26,295 [ERROR] ConditionMgr:805 - Attr not supported : Dmpu
2024-10-26 19:03:26,295 [ERROR] ConditionMgr:805 - Attr not supported : Dmpu
2024-10-26 19:03:26,295 [ERROR] ConditionMgr:805 - Attr not supported : Dmpu
2024-10-26 19:03:26,295 [ERROR] ConditionMgr:805 - Attr not supported : Dmpu
2024-10-26 19:03:26,295 [ERROR] ConditionMgr:805 - Attr not supported : Dmpu
2024-10-26 19:03:26,295 [ERROR] ConditionMgr:805 - Attr not supported : Dmpu
2024-10-26 19:03:26,296 [ERROR] ConditionMgr:805 - Attr not supported : Dmpu
2024-10-26 19:03:26,296 [ERROR] ConditionMgr:805 - Attr not supported : Dmpu
2024-10-26 19:03:26,296 [ERROR] ConditionMgr:805 - Attr not supported : Dmpu
2024-10-26 19:03:26,297 [ERROR] ConditionMgr:805 - Attr not supported : Dmpu
2024-10-26 19:03:26,297 [ERROR] ConditionMgr:805 - Attr not supported : Dmpu
2024-10-26 19:03:26,297 [ERROR] ConditionMgr:805 - Attr not supported : Dmpu
2024-10-26 19:03:26,297 [ERROR] ConditionMgr:805 - Attr not supported : Dmpu
2024-10-26 19:03:26,297 [ERROR] ConditionMgr:805 - Attr not supported : Dmpu
2024-10-26 19:03:26,298 [ERROR] ConditionMgr:805 - Attr not supported : Dmpu
2024-10-26 19:03:26,298 [ERROR] ConditionMgr:805 - Attr not supported : Dmpu
2024-10-26 19:03:26,298 [ERROR] ConditionMgr:805 - Attr not supported : Dmpu
2024-10-26 19:03:26,298 [ERROR] ConditionMgr:805 - Attr not supported : Dmpu
2024-10-26 19:03:26,298 [ERROR] ConditionMgr:805 - Attr not supported : Dmpu
2024-10-26 19:03:26,298 [ERROR] ConditionMgr:805 - Attr not supported : Dmpu
2024-10-26 19:03:26,298 [ERROR] ConditionMgr:805 - Attr not supported : Dmpu
2024-10-26 19:03:26,298 [ERROR] ConditionMgr:805 - Attr not supported : Dmpu
2024-10-26 19:03:26,298 [ERROR] ConditionMgr:805 - Attr not supported : Dmpu
2024-10-26 19:03:26,299 [ERROR] ConditionMgr:805 - Attr not supported : Dmpu
2024-10-26 19:03:26,299 [ERROR] ConditionMgr:805 - Attr not supported : Dmpu
2024-10-26 19:03:26,299 [ERROR] ConditionMgr:805 - Attr not supported : Dmpu
2024-10-26 19:03:26,299 [ERROR] ConditionMgr:805 - Attr not supported : Dmpu
2024-10-26 19:03:26,299 [ERROR] ConditionMgr:805 - Attr not supported : Dmpu
2024-10-26 19:03:26,299 [ERROR] ConditionMgr:805 - Attr not supported : Dmpu
2024-10-26 19:03:26,299 [ERROR] ConditionMgr:805 - Attr not supported : Dmpu
2024-10-26 19:03:26,299 [ERROR] ConditionMgr:805 - Attr not supported : Dmpu
2024-10-26 19:03:26,299 [ERROR] ConditionMgr:805 - Attr not supported : Dmpu
2024-10-26 19:03:26,300 [ERROR] ConditionMgr:805 - Attr not supported : Dmpu
2024-10-26 19:03:26,300 [ERROR] ConditionMgr:805 - Attr not supported : Dmpu
2024-10-26 19:03:26,300 [ERROR] ConditionMgr:805 - Attr not supported : Dmpu
2024-10-26 19:03:26,300 [ERROR] ConditionMgr:805 - Attr not supported : Dmpu
2024-10-26 19:03:26,322 [WARN] PackLoader:240 - Cannot read IP mode file for RealThread.X-CUBE-RT-Thread_Nano.4.1.1
2024-10-26 19:03:26,339 [WARN] PackLoader:240 - Cannot read IP mode file for wolfSSL.I-CUBE-wolfSSL.5.7.0
2024-10-26 19:03:26,358 [WARN] PackLoader:240 - Cannot read IP mode file for STMicroelectronics.FP-ATR-SIGFOX1.3.2.0
2024-10-26 19:03:26,379 [WARN] PackLoader:240 - Cannot read IP mode file for STMicroelectronics.X-CUBE-EEPRMA1.5.1.0
2024-10-26 19:03:26,403 [WARN] PackLoader:240 - Cannot read IP mode file for ITTIA_DB.I-CUBE-ITTIADB.8.9.0
2024-10-26 19:03:26,451 [WARN] PackLoader:240 - Cannot read IP mode file for SEGGER.I-CUBE-embOS.1.3.1
2024-10-26 19:03:26,514 [WARN] PackLoader:240 - Cannot read IP mode file for STMicroelectronics.X-CUBE-ALGOBUILD.1.4.0
2024-10-26 19:03:26,540 [WARN] PackLoader:240 - Cannot read IP mode file for STMicroelectronics.X-CUBE-AI.9.1.0
2024-10-26 19:03:26,560 [WARN] PackLoader:240 - Cannot read IP mode file for STMicroelectronics.X-CUBE-GNSS1.6.0.0
2024-10-26 19:03:26,590 [WARN] PackLoader:240 - Cannot read IP mode file for STMicroelectronics.X-CUBE-AZRTOS-F4.1.1.0
2024-10-26 19:03:26,610 [WARN] PackLoader:240 - Cannot read IP mode file for STMicroelectronics.X-CUBE-ISPU.2.1.0
2024-10-26 19:03:26,630 [WARN] PackLoader:240 - Cannot read IP mode file for STMicroelectronics.X-CUBE-FREERTOS.1.2.0
2024-10-26 19:03:26,671 [WARN] PackLoader:240 - Cannot read IP mode file for STMicroelectronics.X-CUBE-AZRTOS-L5.2.0.0
2024-10-26 19:03:26,693 [WARN] PackLoader:240 - Cannot read IP mode file for STMicroelectronics.X-CUBE-NFC6.3.1.0
2024-10-26 19:03:26,717 [WARN] PackLoader:240 - Cannot read IP mode file for STMicroelectronics.X-CUBE-DPower.1.2.0
2024-10-26 19:03:26,736 [WARN] PackLoader:240 - Cannot read IP mode file for STMicroelectronics.X-CUBE-AI.9.0.0
2024-10-26 19:03:26,757 [WARN] PackLoader:240 - Cannot read IP mode file for STMicroelectronics.X-CUBE-NFC7.1.0.1
2024-10-26 19:03:26,779 [WARN] PackLoader:240 - Cannot read IP mode file for wolfSSL.I-CUBE-wolfTPM.3.2.0
2024-10-26 19:03:26,829 [WARN] ConditionMgr:438 - getConditionDescription Invalid condition id : LAN8742 Phy interface Condition cause : null
2024-10-26 19:03:26,830 [WARN] PackLoader:240 - Cannot read IP mode file for STMicroelectronics.X-CUBE-AZRTOS-L4.2.0.0
2024-10-26 19:03:26,832 [WARN] ConditionMgr:1039 - genDependencies : Invalid condition id : LAN8742 Phy interface Condition cause : null
2024-10-26 19:03:26,833 [WARN] ConditionMgr:1039 - genDependencies : Invalid condition id : LAN8742 Phy interface Condition cause : null
2024-10-26 19:03:26,835 [WARN] ConditionMgr:1039 - genDependencies : Invalid condition id : LAN8742 Phy interface Condition cause : null
2024-10-26 19:03:26,863 [WARN] PackLoader:240 - Cannot read IP mode file for STMicroelectronics.X-CUBE-SFXS2LP1.4.0.0
2024-10-26 19:03:26,916 [WARN] PackLoader:240 - Cannot read IP mode file for STMicroelectronics.X-CUBE-AZRTOS-H7.3.3.0
2024-10-26 19:03:27,238 [WARN] PackLoader:240 - Cannot read IP mode file for STMicroelectronics.X-CUBE-IPS.3.0.0
2024-10-26 19:03:27,272 [WARN] ConditionMgr:438 - getConditionDescription Invalid condition id : UX DEVICE CLASS RTOS Condition cause : null
2024-10-26 19:03:27,272 [WARN] ConditionMgr:438 - getConditionDescription Invalid condition id : UX DEVICE CLASS RTOS Condition cause : null
2024-10-26 19:03:27,274 [WARN] PackLoader:240 - Cannot read IP mode file for STMicroelectronics.X-CUBE-AZRTOS-WB.2.0.0
2024-10-26 19:03:27,274 [WARN] ConditionMgr:1039 - genDependencies : Invalid condition id : UX DEVICE CLASS RTOS Condition cause : null
2024-10-26 19:03:27,274 [WARN] ConditionMgr:1039 - genDependencies : Invalid condition id : UX DEVICE CLASS RTOS Condition cause : null
2024-10-26 19:03:27,275 [WARN] ConditionMgr:1039 - genDependencies : Invalid condition id : UX DEVICE CLASS RTOS Condition cause : null
2024-10-26 19:03:27,275 [WARN] ConditionMgr:1039 - genDependencies : Invalid condition id : UX DEVICE CLASS RTOS Condition cause : null
2024-10-26 19:03:27,275 [WARN] ConditionMgr:1039 - genDependencies : Invalid condition id : UX DEVICE CLASS RTOS Condition cause : null
2024-10-26 19:03:27,295 [WARN] PackLoader:240 - Cannot read IP mode file for STMicroelectronics.X-CUBE-GNSS1.7.0.0
2024-10-26 19:03:27,317 [WARN] PackLoader:240 - Cannot read IP mode file for STMicroelectronics.FP-SNS-STBOX1.2.0.0
2024-10-26 19:03:27,343 [WARN] PackLoader:240 - Cannot read IP mode file for STMicroelectronics.X-CUBE-SUBG2.5.0.0
2024-10-26 19:03:27,377 [WARN] PackLoader:240 - Cannot read IP mode file for STMicroelectronics.X-CUBE-AZRTOS-G4.2.0.0
2024-10-26 19:03:27,398 [WARN] PackLoader:240 - Cannot read IP mode file for STMicroelectronics.X-CUBE-ISPU.2.0.0
2024-10-26 19:03:27,415 [WARN] PackLoader:240 - Cannot read IP mode file for STMicroelectronics.X-CUBE-ALS.1.0.2
2024-10-26 19:03:27,497 [WARN] PackLoader:240 - Cannot read IP mode file for STMicroelectronics.X-CUBE-MEMS1.10.0.0
2024-10-26 19:03:27,628 [WARN] PackLoader:240 - Cannot read IP mode file for STMicroelectronics.X-CUBE-TOUCHGFX.4.24.0
2024-10-26 19:03:27,646 [WARN] PackLoader:240 - Cannot read IP mode file for STMicroelectronics.X-CUBE-TOUCHGFX.4.24.1
2024-10-26 19:03:27,666 [WARN] PackLoader:240 - Cannot read IP mode file for portGmbH.I-Cube-SoM-uGOAL.1.1.0
2024-10-26 19:03:27,683 [WARN] PackLoader:240 - Cannot read IP mode file for STMicroelectronics.X-CUBE-ALS.1.0.1
2024-10-26 19:03:27,720 [WARN] PackLoader:240 - Cannot read IP mode file for STMicroelectronics.X-CUBE-AZRTOS-H7RS.1.0.0
2024-10-26 19:03:27,739 [WARN] PackLoader:240 - Cannot read IP mode file for STMicroelectronics.FP-ATR-ASTRA1.2.0.0
2024-10-26 19:03:27,761 [WARN] PackLoader:240 - Cannot read IP mode file for STMicroelectronics.X-CUBE-TOF1.3.4.2
2024-10-26 19:03:27,798 [WARN] PackLoader:240 - Cannot read IP mode file for STMicroelectronics.X-CUBE-TOF1.3.4.1
2024-10-26 19:03:27,843 [WARN] PackLoader:240 - Cannot read IP mode file for STMicroelectronics.X-CUBE-AZRTOS-H7.3.2.0
2024-10-26 19:03:27,885 [WARN] PackLoader:240 - Cannot read IP mode file for Infineon.AIROC-Wi-Fi-Bluetooth-STM32.1.6.0
2024-10-26 19:03:27,905 [WARN] PackLoader:240 - Cannot read IP mode file for wolfSSL.I-CUBE-wolfSSH.1.4.17
2024-10-26 19:03:27,905 [INFO] ThirdParty:978 - Integrity check success = true
2024-10-26 19:03:27,905 [INFO] IntegrityCheckThread:100 - exiting critical section [integrity check]
2024-10-26 19:03:27,906 [INFO] IntegrityCheckThread:103 - End integrity checks thread
2024-10-26 19:03:33,353 [INFO] WebApp:161 - Instantiating new browser for Auth
2024-10-26 19:03:33,883 [INFO] WebApp:779 - Register for checkConnection events
2024-10-26 19:03:33,883 [INFO] WebApp:414 - Apply proxy settings
2024-10-26 19:03:33,884 [INFO] WebApp:499 - Chromium requires no authentication
2024-10-26 19:03:33,891 [INFO] WebApp:442 - Direct internet connection detected
2024-10-26 19:03:34,047 [INFO] WebApp:192 - Starting web application
2024-10-26 19:03:34,047 [INFO] WebApp:544 - Web application path used C:\ST\STM32CubeIDE_1.15.1\STM32CubeIDE\plugins\com.st.stm32cube.common.mx_6.11.1.202404110753\db\plugins\mcufinder\reactClient1\index.html
