2025-04-26 21:36:36,750 [INFO] Activator:176 - 


2025-04-26 21:36:36,758 [INFO] Activator:177 - !SESSION log4j initialized
2025-04-26 21:36:44,713 [INFO] LogOutputStream:77 - [STDOUT_REDIRECT] 
2025-04-26 21:36:48,795 [INFO] ApplicationProperties:184 - Using Application install path: C:\ST\STM32CubeIDE_1.15.1\STM32CubeIDE\plugins\com.st.stm32cube.common.mx_6.11.1.202404110753
2025-04-26 21:36:48,824 [INFO] DbMcusXml:78 - Set database path to: C:\ST\STM32CubeIDE_1.15.1\STM32CubeIDE\plugins\com.st.stm32cube.common.mx_6.11.1.202404110753\\db\/mcu/
2025-04-26 21:36:48,824 [INFO] ApiDb:274 - Set plugin database path to: C:\ST\STM32CubeIDE_1.15.1\STM32CubeIDE\plugins\com.st.stm32cube.common.mx_6.11.1.202404110753\\db\/plugins/boardmanager/
2025-04-26 21:36:48,824 [WARN] ApiDb:259 - Overriding images path with different value:  => C:\ST\STM32CubeIDE_1.15.1\STM32CubeIDE\plugins\com.st.stm32cube.common.mx_6.11.1.202404110753\\db\/plugins/mcufinder/images/
2025-04-26 21:36:48,845 [INFO] ApiDb:250 - Set database path to: C:\Users\dbank\.stmcufinder\plugins\mcufinder//mcu/
2025-04-26 21:36:48,847 [INFO] DbMcusAds:125 - Set database path to: C:\Users\dbank\.stmcufinder\plugins\mcufinder//mcu/
2025-04-26 21:36:48,850 [INFO] CrossReferenceDbSqlite:203 - Set database path to: C:\Users\dbank\.stmcufinder\plugins\mcufinder//mcu/cs/
2025-04-26 21:36:48,990 [INFO] RulesReader:64 - Compatibility file has been processed (297 Rules)
2025-04-26 21:36:49,092 [INFO] DbMcusXml:78 - Set database path to: C:\ST\STM32CubeIDE_1.15.1\STM32CubeIDE\plugins\com.st.stm32cube.common.mx_6.11.1.202404110753\\db\/mcu/
2025-04-26 21:36:49,092 [INFO] ApiDb:274 - Set plugin database path to: C:\ST\STM32CubeIDE_1.15.1\STM32CubeIDE\plugins\com.st.stm32cube.common.mx_6.11.1.202404110753\\db\/plugins/boardmanager/
2025-04-26 21:36:49,094 [INFO] ApiDb:261 - Set plugin images path to: C:\ST\STM32CubeIDE_1.15.1\STM32CubeIDE\plugins\com.st.stm32cube.common.mx_6.11.1.202404110753\\db\/plugins/mcufinder/images/
2025-04-26 21:36:49,094 [WARN] DbFile:41 - Overriding database path with different value: C:\Users\dbank\.stmcufinder\plugins\mcufinder/ => C:\Users\dbank\.stmcufinder\plugins\mcufinder
2025-04-26 21:36:49,094 [INFO] ApiDb:250 - Set database path to: C:\Users\dbank\.stmcufinder\plugins\mcufinder//mcu/
2025-04-26 21:36:49,094 [WARN] DbFile:41 - Overriding database path with different value: C:\Users\dbank\.stmcufinder\plugins\mcufinder/ => C:\Users\dbank\.stmcufinder\plugins\mcufinder
2025-04-26 21:36:49,094 [INFO] DbMcusAds:125 - Set database path to: C:\Users\dbank\.stmcufinder\plugins\mcufinder//mcu/
2025-04-26 21:36:49,094 [WARN] DbFile:41 - Overriding database path with different value: C:\Users\dbank\.stmcufinder\plugins\mcufinder/ => C:\Users\dbank\.stmcufinder\plugins\mcufinder
2025-04-26 21:36:49,094 [WARN] DbFile:41 - Overriding database path with different value: C:\Users\dbank\.stmcufinder\plugins\mcufinder/ => C:\Users\dbank\.stmcufinder\plugins\mcufinder
2025-04-26 21:36:49,094 [INFO] CrossReferenceDbSqlite:203 - Set database path to: C:\Users\dbank\.stmcufinder\plugins\mcufinder//mcu/cs/
2025-04-26 21:36:49,199 [INFO] MainPanel:264 - HeapMemory: 268435456
2025-04-26 21:36:49,325 [INFO] DbMcusXml:78 - Set database path to: C:\ST\STM32CubeIDE_1.15.1\STM32CubeIDE\plugins\com.st.stm32cube.common.mx_6.11.1.202404110753\\db\/mcu/
2025-04-26 21:36:49,325 [INFO] ApiDb:274 - Set plugin database path to: C:\ST\STM32CubeIDE_1.15.1\STM32CubeIDE\plugins\com.st.stm32cube.common.mx_6.11.1.202404110753\\db\/plugins/boardmanager/
2025-04-26 21:36:49,325 [INFO] ApiDb:261 - Set plugin images path to: C:\ST\STM32CubeIDE_1.15.1\STM32CubeIDE\plugins\com.st.stm32cube.common.mx_6.11.1.202404110753\\db\/plugins/mcufinder/images/
2025-04-26 21:36:49,326 [WARN] DbFile:41 - Overriding database path with different value: C:\Users\dbank\.stmcufinder\plugins\mcufinder/ => C:\Users\dbank\.stmcufinder\plugins\mcufinder
2025-04-26 21:36:49,326 [INFO] ApiDb:250 - Set database path to: C:\Users\dbank\.stmcufinder\plugins\mcufinder//mcu/
2025-04-26 21:36:49,326 [WARN] DbFile:41 - Overriding database path with different value: C:\Users\dbank\.stmcufinder\plugins\mcufinder/ => C:\Users\dbank\.stmcufinder\plugins\mcufinder
2025-04-26 21:36:49,326 [INFO] DbMcusAds:125 - Set database path to: C:\Users\dbank\.stmcufinder\plugins\mcufinder//mcu/
2025-04-26 21:36:49,326 [WARN] DbFile:41 - Overriding database path with different value: C:\Users\dbank\.stmcufinder\plugins\mcufinder/ => C:\Users\dbank\.stmcufinder\plugins\mcufinder
2025-04-26 21:36:49,326 [WARN] DbFile:41 - Overriding database path with different value: C:\Users\dbank\.stmcufinder\plugins\mcufinder/ => C:\Users\dbank\.stmcufinder\plugins\mcufinder
2025-04-26 21:36:49,326 [INFO] CrossReferenceDbSqlite:203 - Set database path to: C:\Users\dbank\.stmcufinder\plugins\mcufinder//mcu/cs/
2025-04-26 21:36:49,353 [INFO] ApplicationProperties:184 - Using Application install path: C:\ST\STM32CubeIDE_1.15.1\STM32CubeIDE\plugins\com.st.stm32cube.common.mx_6.11.1.202404110753
2025-04-26 21:36:49,356 [INFO] PluginManage:196 - Search for loadable plugins [exclusion list=, ]
2025-04-26 21:36:49,357 [INFO] PluginManage:310 - Check plugin analytics
2025-04-26 21:36:49,791 [INFO] AnalyticsPlugin:253 - Accepted Software Licenses: STM32CubeMX.6.11.1
2025-04-26 21:36:49,791 [INFO] AnalyticsPlugin:255 - Accepted CMSIS Pack Licenses: STMicroelectronics.X-CUBE-AZRTOS-H7.3.3.0
2025-04-26 21:36:49,791 [INFO] AnalyticsPlugin:257 - Accepted Firmware Licenses: FW.H7.1.11.0,FW.H7.1.10.0,FW.L4.1.18.0,FW.F4.1.28.0
2025-04-26 21:36:49,794 [INFO] PluginManage:359 - Loaded plugin analytics (category:tool,tabindex:-1)
2025-04-26 21:36:49,795 [INFO] PluginManage:310 - Check plugin cadmodel
2025-04-26 21:36:49,820 [INFO] CADModel:105 - Init CAD model plugin
2025-04-26 21:36:49,820 [INFO] PluginManage:359 - Loaded plugin cadmodel (category:power,tabindex:5)
2025-04-26 21:36:49,820 [INFO] PluginManage:310 - Check plugin clock
2025-04-26 21:36:49,861 [INFO] PluginManage:359 - Loaded plugin clock (category:base,tabindex:2)
2025-04-26 21:36:49,861 [INFO] PluginManage:310 - Check plugin ddr
2025-04-26 21:36:49,865 [INFO] PluginManage:359 - Loaded plugin ddr (category:tool,tabindex:6)
2025-04-26 21:36:49,867 [INFO] PluginManage:310 - Check plugin filemanager
2025-04-26 21:36:50,146 [INFO] PluginManage:359 - Loaded plugin filemanager (category:base,tabindex:10)
2025-04-26 21:36:50,146 [INFO] PluginManage:310 - Check plugin ipmanager
2025-04-26 21:36:50,157 [INFO] PluginManage:359 - Loaded plugin ipmanager (category:base,tabindex:5)
2025-04-26 21:36:50,158 [INFO] PluginManage:310 - Check plugin lpbam
2025-04-26 21:36:50,195 [INFO] PluginManage:359 - Loaded plugin lpbam (category:base,tabindex:0)
2025-04-26 21:36:50,196 [INFO] PluginManage:310 - Check plugin memorymap
2025-04-26 21:36:50,256 [INFO] PluginManage:359 - Loaded plugin memorymap (category:base,tabindex:4)
2025-04-26 21:36:50,256 [INFO] PluginManage:310 - Check plugin pinoutandconfiguration
2025-04-26 21:36:50,299 [INFO] PluginManage:359 - Loaded plugin pinoutandconfiguration (category:base,tabindex:1)
2025-04-26 21:36:50,299 [INFO] PluginManage:310 - Check plugin pinoutconfig
2025-04-26 21:36:50,463 [WARN] SupportedApi:132 - Cannot load RTOS API schema: s4s-elt-must-match.1: The content of 'definitions' must match (annotation?, (simpleType | complexType)?, (unique | key | keyref)*)). A problem was found starting at: attribute.
2025-04-26 21:36:50,628 [INFO] PluginManage:359 - Loaded plugin pinoutconfig (category:base,tabindex:0)
2025-04-26 21:36:50,628 [INFO] PluginManage:310 - Check plugin power
2025-04-26 21:36:50,665 [INFO] PluginManage:359 - Loaded plugin power (category:power,tabindex:4)
2025-04-26 21:36:50,665 [INFO] PluginManage:310 - Check plugin projectmanager
2025-04-26 21:36:50,691 [INFO] PluginManage:359 - Loaded plugin projectmanager (category:projectmanager,tabindex:3)
2025-04-26 21:36:50,691 [INFO] PluginManage:310 - Check plugin thirdparty
2025-04-26 21:36:51,201 [INFO] PluginManage:359 - Loaded plugin thirdparty (category:base,tabindex:-1)
2025-04-26 21:36:51,201 [WARN] IntegrityCheckThread:84 - waiting for thirdparty lock release [integrity check]
2025-04-26 21:36:51,201 [INFO] IntegrityCheckThread:86 - entering critical section [integrity check]
2025-04-26 21:36:51,201 [INFO] PluginManage:310 - Check plugin tools
2025-04-26 21:36:51,201 [INFO] ThirdPartyUpdaterWithRetryManager:70 - Updater plugin not ready yet. [1/15]
2025-04-26 21:36:51,263 [INFO] PluginManage:359 - Loaded plugin tools (category:base,tabindex:7)
2025-04-26 21:36:51,263 [INFO] PluginManage:310 - Check plugin tutovideos
2025-04-26 21:36:51,555 [INFO] PluginManage:359 - Loaded plugin tutovideos (category:base,tabindex:-1)
2025-04-26 21:36:51,555 [INFO] PluginManage:310 - Check plugin updater
2025-04-26 21:36:51,575 [INFO] PluginManage:359 - Loaded plugin updater (category:base,tabindex:12)
2025-04-26 21:36:51,575 [INFO] PluginManage:310 - Check plugin userauth
2025-04-26 21:36:51,586 [INFO] UserAuth:114 - Init User Auth plugin
2025-04-26 21:36:51,586 [INFO] PluginManage:359 - Loaded plugin userauth (category:base,tabindex:14)
2025-04-26 21:36:51,587 [INFO] PluginManage:283 - PluginManage : Loaded plugins [17]
2025-04-26 21:36:52,018 [INFO] PinOutPanel:1561 - setPackage(No Configuration,No Configuration)
2025-04-26 21:36:52,164 [INFO] CADModel:165 - CPN selected for project level
2025-04-26 21:36:52,164 [INFO] CADModel:114 - Register for checkConnection events
2025-04-26 21:36:52,216 [INFO] IPUIPlugin:80 - create IPUIPlugin
2025-04-26 21:36:52,216 [INFO] PluginManager:220 - loadIPPluginJar : add adc
2025-04-26 21:36:52,303 [INFO] IPUIPlugin:80 - create IPUIPlugin
2025-04-26 21:36:52,303 [INFO] PluginManager:220 - loadIPPluginJar : add aes
2025-04-26 21:36:52,400 [INFO] IPUIPlugin:80 - create IPUIPlugin
2025-04-26 21:36:52,400 [INFO] PluginManager:220 - loadIPPluginJar : add can
2025-04-26 21:36:52,456 [INFO] IPUIPlugin:80 - create IPUIPlugin
2025-04-26 21:36:52,456 [INFO] PluginManager:220 - loadIPPluginJar : add comp
2025-04-26 21:36:52,535 [INFO] IPUIPlugin:80 - create IPUIPlugin
2025-04-26 21:36:52,536 [INFO] PluginManager:220 - loadIPPluginJar : add cryp
2025-04-26 21:36:52,616 [INFO] IPUIPlugin:80 - create IPUIPlugin
2025-04-26 21:36:52,616 [INFO] PluginManager:220 - loadIPPluginJar : add dfsdm
2025-04-26 21:36:52,650 [INFO] IPUIPlugin:80 - create IPUIPlugin
2025-04-26 21:36:52,651 [INFO] PluginManager:220 - loadIPPluginJar : add dma
2025-04-26 21:36:52,772 [INFO] IPUIPlugin:80 - create IPUIPlugin
2025-04-26 21:36:52,772 [INFO] PluginManager:220 - loadIPPluginJar : add dma3
2025-04-26 21:36:52,861 [INFO] IPUIPlugin:80 - create IPUIPlugin
2025-04-26 21:36:52,861 [INFO] PluginManager:220 - loadIPPluginJar : add extmemmanager
2025-04-26 21:36:52,906 [INFO] IPUIPlugin:80 - create IPUIPlugin
2025-04-26 21:36:52,906 [INFO] PluginManager:220 - loadIPPluginJar : add fatfs
2025-04-26 21:36:52,996 [INFO] IPUIPlugin:80 - create IPUIPlugin
2025-04-26 21:36:52,996 [INFO] PluginManager:220 - loadIPPluginJar : add fmc
2025-04-26 21:36:53,027 [INFO] IPUIPlugin:80 - create IPUIPlugin
2025-04-26 21:36:53,027 [INFO] PluginManager:220 - loadIPPluginJar : add freertos
2025-04-26 21:36:53,086 [INFO] IPUIPlugin:80 - create IPUIPlugin
2025-04-26 21:36:53,087 [INFO] PluginManager:220 - loadIPPluginJar : add genericplugin
2025-04-26 21:36:53,288 [INFO] IPUIPlugin:80 - create IPUIPlugin
2025-04-26 21:36:53,288 [INFO] PluginManager:220 - loadIPPluginJar : add gfxmmu
2025-04-26 21:36:53,539 [INFO] IPUIPlugin:80 - create IPUIPlugin
2025-04-26 21:36:53,539 [INFO] PluginManager:220 - loadIPPluginJar : add gic
2025-04-26 21:36:53,564 [INFO] IPUIPlugin:80 - create IPUIPlugin
2025-04-26 21:36:53,564 [INFO] PluginManager:220 - loadIPPluginJar : add gpio
2025-04-26 21:36:53,751 [INFO] IPUIPlugin:80 - create IPUIPlugin
2025-04-26 21:36:53,751 [INFO] PluginManager:220 - loadIPPluginJar : add gtzc
2025-04-26 21:36:53,829 [INFO] IPUIPlugin:80 - create IPUIPlugin
2025-04-26 21:36:53,829 [INFO] PluginManager:220 - loadIPPluginJar : add hash
2025-04-26 21:36:53,979 [INFO] IPUIPlugin:80 - create IPUIPlugin
2025-04-26 21:36:53,979 [INFO] PluginManager:220 - loadIPPluginJar : add i2c
2025-04-26 21:36:54,075 [INFO] IPUIPlugin:80 - create IPUIPlugin
2025-04-26 21:36:54,075 [INFO] PluginManager:220 - loadIPPluginJar : add i2s
2025-04-26 21:36:54,171 [INFO] IPUIPlugin:80 - create IPUIPlugin
2025-04-26 21:36:54,171 [INFO] PluginManager:220 - loadIPPluginJar : add i3c
2025-04-26 21:36:54,202 [INFO] ThirdPartyUpdaterWithRetryManager:70 - Updater plugin not ready yet. [2/15]
2025-04-26 21:36:54,343 [INFO] IPUIPlugin:80 - create IPUIPlugin
2025-04-26 21:36:54,343 [INFO] PluginManager:220 - loadIPPluginJar : add ipddr
2025-04-26 21:36:54,545 [INFO] IPUIPlugin:80 - create IPUIPlugin
2025-04-26 21:36:54,545 [INFO] PluginManager:220 - loadIPPluginJar : add linkedlist
2025-04-26 21:36:54,626 [INFO] IPUIPlugin:80 - create IPUIPlugin
2025-04-26 21:36:54,628 [INFO] PluginManager:220 - loadIPPluginJar : add lorawan
2025-04-26 21:36:54,711 [INFO] IPUIPlugin:80 - create IPUIPlugin
2025-04-26 21:36:54,711 [INFO] PluginManager:220 - loadIPPluginJar : add ltdc
2025-04-26 21:36:54,733 [INFO] IPUIPlugin:80 - create IPUIPlugin
2025-04-26 21:36:54,733 [INFO] PluginManager:220 - loadIPPluginJar : add mdma
2025-04-26 21:36:54,753 [INFO] IPUIPlugin:80 - create IPUIPlugin
2025-04-26 21:36:54,753 [INFO] PluginManager:220 - loadIPPluginJar : add nvic
2025-04-26 21:36:54,848 [INFO] IPUIPlugin:80 - create IPUIPlugin
2025-04-26 21:36:54,848 [INFO] PluginManager:220 - loadIPPluginJar : add opamp
2025-04-26 21:36:54,968 [INFO] IPUIPlugin:80 - create IPUIPlugin
2025-04-26 21:36:54,968 [INFO] PluginManager:220 - loadIPPluginJar : add openamp
2025-04-26 21:36:55,051 [INFO] IPUIPlugin:80 - create IPUIPlugin
2025-04-26 21:36:55,051 [INFO] PluginManager:220 - loadIPPluginJar : add pdm2pcm
2025-04-26 21:36:55,071 [INFO] IPUIPlugin:80 - create IPUIPlugin
2025-04-26 21:36:55,074 [INFO] PluginManager:220 - loadIPPluginJar : add plateformsettings
2025-04-26 21:36:55,113 [INFO] IPUIPlugin:80 - create IPUIPlugin
2025-04-26 21:36:55,113 [INFO] PluginManager:220 - loadIPPluginJar : add quadspi
2025-04-26 21:36:55,131 [INFO] IPUIPlugin:80 - create IPUIPlugin
2025-04-26 21:36:55,131 [INFO] PluginManager:220 - loadIPPluginJar : add resmgrutility
2025-04-26 21:36:55,213 [INFO] IPUIPlugin:80 - create IPUIPlugin
2025-04-26 21:36:55,215 [INFO] PluginManager:220 - loadIPPluginJar : add sai
2025-04-26 21:36:55,286 [INFO] IPUIPlugin:80 - create IPUIPlugin
2025-04-26 21:36:55,286 [INFO] PluginManager:220 - loadIPPluginJar : add spi
2025-04-26 21:36:55,390 [INFO] IPUIPlugin:80 - create IPUIPlugin
2025-04-26 21:36:55,390 [INFO] PluginManager:220 - loadIPPluginJar : add stm32_wpan
2025-04-26 21:36:55,428 [INFO] IPUIPlugin:80 - create IPUIPlugin
2025-04-26 21:36:55,428 [INFO] PluginManager:220 - loadIPPluginJar : add tim
2025-04-26 21:36:55,524 [INFO] IPUIPlugin:80 - create IPUIPlugin
2025-04-26 21:36:55,524 [INFO] PluginManager:220 - loadIPPluginJar : add touchsensing
2025-04-26 21:36:55,557 [INFO] IPUIPlugin:80 - create IPUIPlugin
2025-04-26 21:36:55,557 [INFO] PluginManager:220 - loadIPPluginJar : add tracer_emb
2025-04-26 21:36:55,592 [INFO] IPUIPlugin:80 - create IPUIPlugin
2025-04-26 21:36:55,592 [INFO] PluginManager:220 - loadIPPluginJar : add ts
2025-04-26 21:36:55,625 [INFO] IPUIPlugin:80 - create IPUIPlugin
2025-04-26 21:36:55,625 [INFO] PluginManager:220 - loadIPPluginJar : add tsc
2025-04-26 21:36:55,661 [INFO] IPUIPlugin:80 - create IPUIPlugin
2025-04-26 21:36:55,661 [INFO] PluginManager:220 - loadIPPluginJar : add ucpd
2025-04-26 21:36:55,725 [INFO] IPUIPlugin:80 - create IPUIPlugin
2025-04-26 21:36:55,725 [INFO] PluginManager:220 - loadIPPluginJar : add usart
2025-04-26 21:36:55,799 [INFO] IPUIPlugin:80 - create IPUIPlugin
2025-04-26 21:36:55,799 [INFO] PluginManager:220 - loadIPPluginJar : add usbx
2025-04-26 21:36:55,953 [INFO] CADModel:165 - CPN selected for project level
2025-04-26 21:36:55,953 [INFO] CADModel:114 - Register for checkConnection events
2025-04-26 21:36:55,954 [FATAL] Updater:308 - Updater called before beeing initialized
2025-04-26 21:36:55,954 [ERROR] CADModel:125 - Updater not yet initialized, retry later 
2025-04-26 21:36:56,162 [INFO] CADModel:165 - CPN selected for project level
2025-04-26 21:36:56,162 [INFO] CADModel:114 - Register for checkConnection events
2025-04-26 21:36:56,162 [FATAL] Updater:308 - Updater called before beeing initialized
2025-04-26 21:36:56,162 [ERROR] CADModel:125 - Updater not yet initialized, retry later 
2025-04-26 21:36:56,167 [FATAL] Updater:308 - Updater called before beeing initialized
2025-04-26 21:36:56,349 [FATAL] Updater:308 - Updater called before beeing initialized
2025-04-26 21:36:56,371 [INFO] DbMcusAds:53 - JSON generation date=Fri Sep 20 15:04:23 CEST 2024 (1726837463113)
2025-04-26 21:36:56,371 [FATAL] Updater:308 - Updater called before beeing initialized
2025-04-26 21:36:56,517 [WARN] DetailPanel:346 - Failed to get advertising image, set to default
2025-04-26 21:36:56,631 [FATAL] Updater:308 - Updater called before beeing initialized
2025-04-26 21:36:56,634 [FATAL] Updater:308 - Updater called before beeing initialized
2025-04-26 21:36:56,636 [FATAL] Updater:308 - Updater called before beeing initialized
2025-04-26 21:36:56,636 [WARN] DetailPanel:346 - Failed to get advertising image, set to default
2025-04-26 21:36:56,636 [FATAL] Updater:308 - Updater called before beeing initialized
2025-04-26 21:36:56,738 [ERROR] Updater:1120 - MainUpdater not yet initialized. External WinMGr cannot be set.
2025-04-26 21:36:56,763 [INFO] Updater:1056 - Updater Version found : 6.11.1
2025-04-26 21:36:56,799 [INFO] ApplicationProperties:184 - Using Application install path: C:\ST\STM32CubeIDE_1.15.1\STM32CubeIDE\plugins\com.st.stm32cube.common.mx_6.11.1.202404110753
2025-04-26 21:36:57,203 [INFO] ThirdPartyUpdaterWithRetryManager:70 - Updater plugin not ready yet. [3/15]
2025-04-26 21:36:58,401 [ERROR] LogOutputStream:75 - [STDERR_REDIRECT] Apr 26, 2025 9:36:58 PM java.util.prefs.WindowsPreferences <init>
2025-04-26 21:36:58,402 [ERROR] LogOutputStream:75 - [STDERR_REDIRECT] WARNING: Could not open/create prefs root node Software\JavaSoft\Prefs at root 0xffffffff80000002. Windows RegCreateKeyEx(...) returned error code 5.
2025-04-26 21:36:58,404 [ERROR] LogOutputStream:75 - [STDERR_REDIRECT] 
2025-04-26 21:36:59,364 [INFO] MainUpdater:2873 - connection check result : 10
2025-04-26 21:36:59,366 [INFO] MainUpdater:290 - Updater Check For Update Now.
2025-04-26 21:36:59,367 [INFO] MicroXplorer:498 - Change Database Version : DB.6.0.111
2025-04-26 21:36:59,396 [INFO] McuFinderGlobals:63 - Set McuFinder mode to 2 (CubeIDE integrated)
2025-04-26 21:36:59,419 [INFO] UserAuth:415 - Internet connection configuration mode: 1
2025-04-26 21:36:59,464 [INFO] JxBrowserEngine:152 - Initiate JxBrowser Engine with user profile folder
2025-04-26 21:36:59,651 [INFO] CheckServerUpdateThread:120 - End of CheckServer Thread
2025-04-26 21:37:00,623 [WARN] PackLoader:240 - Cannot read IP mode file for STMicroelectronics.FP-SNS-MOTENVWB1.1.4.0
2025-04-26 21:37:00,661 [WARN] PackLoader:240 - Cannot read IP mode file for STMicroelectronics.FP-ATR-ASTRA1.2.0.2
2025-04-26 21:37:00,689 [WARN] PackLoader:240 - Cannot read IP mode file for STMicroelectronics.FP-ATR-ASTRA1.2.0.1
2025-04-26 21:37:00,727 [WARN] PackLoader:240 - Cannot read IP mode file for STMicroelectronics.X-CUBE-SMBUS.2.1.0
2025-04-26 21:37:00,771 [WARN] PackLoader:240 - Cannot read IP mode file for STMicroelectronics.X-CUBE-WB05N.1.1.0
2025-04-26 21:37:00,799 [WARN] PackLoader:240 - Cannot read IP mode file for STMicroelectronics.X-CUBE-TOUCHGFX.4.23.2
2025-04-26 21:37:00,872 [WARN] PackLoader:240 - Cannot read IP mode file for STMicroelectronics.X-CUBE-AZRTOS-F7.1.1.0
2025-04-26 21:37:00,974 [WARN] PackLoader:240 - Cannot read IP mode file for STMicroelectronics.X-CUBE-MEMS1.11.0.0
2025-04-26 21:37:01,277 [WARN] PackLoader:240 - Cannot read IP mode file for STMicroelectronics.FP-SNS-FLIGHT1.5.0.2
2025-04-26 21:37:01,307 [WARN] PackLoader:240 - Cannot read IP mode file for STMicroelectronics.X-CUBE-DISPLAY.3.0.0
2025-04-26 21:37:01,334 [WARN] PackLoader:240 - Cannot read IP mode file for STMicroelectronics.X-CUBE-BLE1.7.0.0
2025-04-26 21:37:01,361 [WARN] PackLoader:240 - Cannot read IP mode file for STMicroelectronics.X-CUBE-NFC10.1.0.0
2025-04-26 21:37:01,387 [WARN] PackLoader:240 - Cannot read IP mode file for STMicroelectronics.X-CUBE-BLEMGR.4.0.0
2025-04-26 21:37:01,412 [WARN] PackLoader:240 - Cannot read IP mode file for emotas.I-CUBE-CANOPEN.1.3.0
2025-04-26 21:37:01,438 [WARN] PackLoader:240 - Cannot read IP mode file for STMicroelectronics.X-CUBE-BLEMGR.3.1.0
2025-04-26 21:37:01,462 [WARN] PackLoader:240 - Cannot read IP mode file for STMicroelectronics.X-CUBE-AI.10.0.0
2025-04-26 21:37:01,487 [WARN] PackLoader:240 - Cannot read IP mode file for STMicroelectronics.FP-SNS-SMARTAG2.1.2.0
2025-04-26 21:37:01,508 [ERROR] Engine:466 - C:\Users\dbank\.stm32cubemx\thirdparties\pdsc\STMicroelectronics.FP-SNS-FLIGHT1.5.1.0.pdsc: PDSC version is not supported
2025-04-26 21:37:01,536 [INFO] LogOutputStream:77 - [STDOUT_REDIRECT] 1 : Invalid condition id : UX_CORESTACK_Condition cause : null
2025-04-26 21:37:01,538 [INFO] LogOutputStream:77 - [STDOUT_REDIRECT] 1 : Invalid condition id : UX_CORESTACK_Condition cause : null
2025-04-26 21:37:01,539 [INFO] LogOutputStream:77 - [STDOUT_REDIRECT] 1 : Invalid condition id : UX_CORESTACK_Condition cause : null
2025-04-26 21:37:01,542 [INFO] LogOutputStream:77 - [STDOUT_REDIRECT] 1 : Invalid condition id : UX_CORESTACK_Condition cause : null
2025-04-26 21:37:01,544 [INFO] LogOutputStream:77 - [STDOUT_REDIRECT] 1 : Invalid condition id : UX_CORESTACK_Condition cause : null
2025-04-26 21:37:01,547 [WARN] PackLoader:240 - Cannot read IP mode file for STMicroelectronics.X-CUBE-AZRTOS-WL.2.0.0
2025-04-26 21:37:01,579 [WARN] PackLoader:240 - Cannot read IP mode file for STMicroelectronics.FP-SNS-MOTENV1.5.0.0
2025-04-26 21:37:01,601 [WARN] PackLoader:240 - Cannot read IP mode file for wolfSSL.I-CUBE-wolfMQTT.1.19.0
2025-04-26 21:37:01,627 [WARN] PackLoader:240 - Cannot read IP mode file for WES.I-CUBE-Cesium.1.3.0
2025-04-26 21:37:01,652 [WARN] PackLoader:240 - Cannot read IP mode file for STMicroelectronics.X-CUBE-BLE2.3.3.0
2025-04-26 21:37:01,685 [WARN] PackLoader:240 - Cannot read IP mode file for STMicroelectronics.X-CUBE-NFC9.1.0.0
2025-04-26 21:37:01,710 [WARN] PackLoader:240 - Cannot read IP mode file for STMicroelectronics.X-CUBE-BLE1.7.1.0
2025-04-26 21:37:01,737 [WARN] PackLoader:240 - Cannot read IP mode file for STMicroelectronics.X-CUBE-TCPP.4.1.0
2025-04-26 21:37:01,766 [WARN] PackLoader:240 - Cannot read IP mode file for STMicroelectronics.X-CUBE-ALGOBUILD.1.3.0
2025-04-26 21:37:01,861 [WARN] PackLoader:240 - Cannot read IP mode file for STMicroelectronics.X-CUBE-MEMS1.11.2.0
2025-04-26 21:37:02,067 [WARN] PackLoader:240 - Cannot read IP mode file for STMicroelectronics.X-CUBE-AZRTOS-G0.1.1.0
2025-04-26 21:37:02,095 [WARN] PackLoader:240 - Cannot read IP mode file for STMicroelectronics.X-CUBE-SAFEA1.1.2.2
2025-04-26 21:37:02,125 [WARN] PackLoader:240 - Cannot read IP mode file for STMicroelectronics.X-CUBE-NFC4.3.0.0
2025-04-26 21:37:02,158 [WARN] PackLoader:240 - Cannot read IP mode file for EmbeddedOffice.I-CUBE-FS-RTOS.1.0.1
2025-04-26 21:37:02,160 [ERROR] ConditionMgr:805 - Attr not supported : Dmpu
2025-04-26 21:37:02,160 [ERROR] ConditionMgr:805 - Attr not supported : Dmpu
2025-04-26 21:37:02,160 [ERROR] ConditionMgr:805 - Attr not supported : Dmpu
2025-04-26 21:37:02,160 [ERROR] ConditionMgr:805 - Attr not supported : Dmpu
2025-04-26 21:37:02,160 [ERROR] ConditionMgr:805 - Attr not supported : Dmpu
2025-04-26 21:37:02,160 [ERROR] ConditionMgr:805 - Attr not supported : Dmpu
2025-04-26 21:37:02,160 [ERROR] ConditionMgr:805 - Attr not supported : Dmpu
2025-04-26 21:37:02,160 [ERROR] ConditionMgr:805 - Attr not supported : Dmpu
2025-04-26 21:37:02,160 [ERROR] ConditionMgr:805 - Attr not supported : Dmpu
2025-04-26 21:37:02,160 [ERROR] ConditionMgr:805 - Attr not supported : Dmpu
2025-04-26 21:37:02,160 [ERROR] ConditionMgr:805 - Attr not supported : Dmpu
2025-04-26 21:37:02,160 [ERROR] ConditionMgr:805 - Attr not supported : Dmpu
2025-04-26 21:37:02,160 [ERROR] ConditionMgr:805 - Attr not supported : Dmpu
2025-04-26 21:37:02,161 [ERROR] ConditionMgr:805 - Attr not supported : Dmpu
2025-04-26 21:37:02,161 [ERROR] ConditionMgr:805 - Attr not supported : Dmpu
2025-04-26 21:37:02,161 [ERROR] ConditionMgr:805 - Attr not supported : Dmpu
2025-04-26 21:37:02,161 [ERROR] ConditionMgr:805 - Attr not supported : Dmpu
2025-04-26 21:37:02,161 [ERROR] ConditionMgr:805 - Attr not supported : Dmpu
2025-04-26 21:37:02,161 [ERROR] ConditionMgr:805 - Attr not supported : Dmpu
2025-04-26 21:37:02,161 [ERROR] ConditionMgr:805 - Attr not supported : Dmpu
2025-04-26 21:37:02,161 [ERROR] ConditionMgr:805 - Attr not supported : Dmpu
2025-04-26 21:37:02,161 [ERROR] ConditionMgr:805 - Attr not supported : Dmpu
2025-04-26 21:37:02,161 [ERROR] ConditionMgr:805 - Attr not supported : Dmpu
2025-04-26 21:37:02,161 [ERROR] ConditionMgr:805 - Attr not supported : Dmpu
2025-04-26 21:37:02,161 [ERROR] ConditionMgr:805 - Attr not supported : Dmpu
2025-04-26 21:37:02,161 [ERROR] ConditionMgr:805 - Attr not supported : Dmpu
2025-04-26 21:37:02,161 [ERROR] ConditionMgr:805 - Attr not supported : Dmpu
2025-04-26 21:37:02,161 [ERROR] ConditionMgr:805 - Attr not supported : Dmpu
2025-04-26 21:37:02,163 [ERROR] ConditionMgr:805 - Attr not supported : Dmpu
2025-04-26 21:37:02,163 [ERROR] ConditionMgr:805 - Attr not supported : Dmpu
2025-04-26 21:37:02,163 [ERROR] ConditionMgr:805 - Attr not supported : Dmpu
2025-04-26 21:37:02,163 [ERROR] ConditionMgr:805 - Attr not supported : Dmpu
2025-04-26 21:37:02,163 [ERROR] ConditionMgr:805 - Attr not supported : Dmpu
2025-04-26 21:37:02,163 [ERROR] ConditionMgr:805 - Attr not supported : Dmpu
2025-04-26 21:37:02,163 [ERROR] ConditionMgr:805 - Attr not supported : Dmpu
2025-04-26 21:37:02,165 [ERROR] ConditionMgr:805 - Attr not supported : Dmpu
2025-04-26 21:37:02,165 [ERROR] ConditionMgr:805 - Attr not supported : Dmpu
2025-04-26 21:37:02,165 [ERROR] ConditionMgr:805 - Attr not supported : Dmpu
2025-04-26 21:37:02,165 [ERROR] ConditionMgr:805 - Attr not supported : Dmpu
2025-04-26 21:37:02,165 [ERROR] ConditionMgr:805 - Attr not supported : Dmpu
2025-04-26 21:37:02,165 [ERROR] ConditionMgr:805 - Attr not supported : Dmpu
2025-04-26 21:37:02,165 [ERROR] ConditionMgr:805 - Attr not supported : Dmpu
2025-04-26 21:37:02,165 [ERROR] ConditionMgr:805 - Attr not supported : Dmpu
2025-04-26 21:37:02,165 [ERROR] ConditionMgr:805 - Attr not supported : Dmpu
2025-04-26 21:37:02,165 [ERROR] ConditionMgr:805 - Attr not supported : Dmpu
2025-04-26 21:37:02,165 [ERROR] ConditionMgr:805 - Attr not supported : Dmpu
2025-04-26 21:37:02,165 [ERROR] ConditionMgr:805 - Attr not supported : Dmpu
2025-04-26 21:37:02,165 [ERROR] ConditionMgr:805 - Attr not supported : Dmpu
2025-04-26 21:37:02,166 [ERROR] ConditionMgr:805 - Attr not supported : Dmpu
2025-04-26 21:37:02,166 [ERROR] ConditionMgr:805 - Attr not supported : Dmpu
2025-04-26 21:37:02,166 [ERROR] ConditionMgr:805 - Attr not supported : Dmpu
2025-04-26 21:37:02,166 [ERROR] ConditionMgr:805 - Attr not supported : Dmpu
2025-04-26 21:37:02,166 [ERROR] ConditionMgr:805 - Attr not supported : Dmpu
2025-04-26 21:37:02,166 [ERROR] ConditionMgr:805 - Attr not supported : Dmpu
2025-04-26 21:37:02,166 [ERROR] ConditionMgr:805 - Attr not supported : Dmpu
2025-04-26 21:37:02,166 [ERROR] ConditionMgr:805 - Attr not supported : Dmpu
2025-04-26 21:37:02,166 [ERROR] ConditionMgr:805 - Attr not supported : Dmpu
2025-04-26 21:37:02,166 [ERROR] ConditionMgr:805 - Attr not supported : Dmpu
2025-04-26 21:37:02,166 [ERROR] ConditionMgr:805 - Attr not supported : Dmpu
2025-04-26 21:37:02,166 [ERROR] ConditionMgr:805 - Attr not supported : Dmpu
2025-04-26 21:37:02,166 [ERROR] ConditionMgr:805 - Attr not supported : Dmpu
2025-04-26 21:37:02,168 [ERROR] ConditionMgr:805 - Attr not supported : Dmpu
2025-04-26 21:37:02,168 [ERROR] ConditionMgr:805 - Attr not supported : Dmpu
2025-04-26 21:37:02,168 [ERROR] ConditionMgr:805 - Attr not supported : Dmpu
2025-04-26 21:37:02,193 [WARN] PackLoader:240 - Cannot read IP mode file for STMicroelectronics.X-CUBE-WB05N.2.0.0
2025-04-26 21:37:02,218 [ERROR] Engine:466 - C:\Users\dbank\.stm32cubemx\thirdparties\pdsc\STMicroelectronics.X-CUBE-TCPP.4.2.0.pdsc: PDSC version is not supported
2025-04-26 21:37:02,255 [WARN] PackLoader:240 - Cannot read IP mode file for RealThread.X-CUBE-RT-Thread_Nano.4.1.1
2025-04-26 21:37:02,280 [WARN] PackLoader:240 - Cannot read IP mode file for wolfSSL.I-CUBE-wolfSSL.5.7.0
2025-04-26 21:37:02,304 [WARN] PackLoader:240 - Cannot read IP mode file for STMicroelectronics.FP-ATR-SIGFOX1.3.2.0
2025-04-26 21:37:02,327 [WARN] ConditionMgr:438 - getConditionDescription Invalid condition id : Cortex-A Device cause : null
2025-04-26 21:37:02,360 [WARN] ConditionMgr:1039 - genDependencies : Invalid condition id : Cortex-A Device cause : null
2025-04-26 21:37:02,360 [WARN] ConditionMgr:1039 - genDependencies : Invalid condition id : Cortex-A Device cause : null
2025-04-26 21:37:02,360 [WARN] ConditionMgr:1039 - genDependencies : Invalid condition id : Cortex-A Device cause : null
2025-04-26 21:37:02,388 [WARN] PackLoader:240 - Cannot read IP mode file for STMicroelectronics.X-CUBE-EEPRMA1.5.1.0
2025-04-26 21:37:02,416 [WARN] PackLoader:240 - Cannot read IP mode file for ITTIA_DB.I-CUBE-ITTIADB.8.9.0
2025-04-26 21:37:02,462 [WARN] PackLoader:240 - Cannot read IP mode file for SEGGER.I-CUBE-embOS.1.3.1
2025-04-26 21:37:02,522 [WARN] PackLoader:240 - Cannot read IP mode file for STMicroelectronics.X-CUBE-ALGOBUILD.1.4.0
2025-04-26 21:37:02,546 [WARN] PackLoader:240 - Cannot read IP mode file for STMicroelectronics.X-CUBE-AI.9.1.0
2025-04-26 21:37:02,572 [WARN] PackLoader:240 - Cannot read IP mode file for STMicroelectronics.X-CUBE-GNSS1.6.0.0
2025-04-26 21:37:02,627 [WARN] PackLoader:240 - Cannot read IP mode file for STMicroelectronics.X-CUBE-AZRTOS-F4.1.1.0
2025-04-26 21:37:02,653 [ERROR] Engine:466 - C:\Users\dbank\.stm32cubemx\thirdparties\pdsc\Avnet-IotConnect.X-CUBE-IoTC-DA16k-PMOD.1.0.0.pdsc: PDSC version is not supported
2025-04-26 21:37:02,678 [WARN] PackLoader:240 - Cannot read IP mode file for STMicroelectronics.X-CUBE-ISPU.2.1.0
2025-04-26 21:37:02,707 [WARN] PackLoader:240 - Cannot read IP mode file for STMicroelectronics.X-CUBE-FREERTOS.1.2.0
2025-04-26 21:37:02,755 [WARN] PackLoader:240 - Cannot read IP mode file for STMicroelectronics.X-CUBE-AZRTOS-L5.2.0.0
2025-04-26 21:37:02,786 [WARN] PackLoader:240 - Cannot read IP mode file for STMicroelectronics.X-CUBE-NFC6.3.1.0
2025-04-26 21:37:02,813 [WARN] PackLoader:240 - Cannot read IP mode file for STMicroelectronics.X-CUBE-DPower.1.2.0
2025-04-26 21:37:02,838 [WARN] PackLoader:240 - Cannot read IP mode file for STMicroelectronics.X-CUBE-AI.9.0.0
2025-04-26 21:37:02,863 [WARN] PackLoader:240 - Cannot read IP mode file for STMicroelectronics.X-CUBE-FREERTOS.1.3.0
2025-04-26 21:37:02,886 [WARN] PackLoader:240 - Cannot read IP mode file for STMicroelectronics.X-CUBE-NFC7.1.0.1
2025-04-26 21:37:02,908 [WARN] PackLoader:240 - Cannot read IP mode file for wolfSSL.I-CUBE-wolfTPM.3.2.0
2025-04-26 21:37:02,931 [WARN] PackLoader:240 - Cannot read IP mode file for STMicroelectronics.X-CUBE-DPower.1.3.0
2025-04-26 21:37:02,976 [WARN] ConditionMgr:438 - getConditionDescription Invalid condition id : LAN8742 Phy interface Condition cause : null
2025-04-26 21:37:02,976 [WARN] PackLoader:240 - Cannot read IP mode file for STMicroelectronics.X-CUBE-AZRTOS-L4.2.0.0
2025-04-26 21:37:02,978 [WARN] ConditionMgr:1039 - genDependencies : Invalid condition id : LAN8742 Phy interface Condition cause : null
2025-04-26 21:37:02,978 [WARN] ConditionMgr:1039 - genDependencies : Invalid condition id : LAN8742 Phy interface Condition cause : null
2025-04-26 21:37:02,980 [WARN] ConditionMgr:1039 - genDependencies : Invalid condition id : LAN8742 Phy interface Condition cause : null
2025-04-26 21:37:03,008 [WARN] PackLoader:240 - Cannot read IP mode file for STMicroelectronics.X-CUBE-SFXS2LP1.4.0.0
2025-04-26 21:37:03,080 [WARN] PackLoader:240 - Cannot read IP mode file for STMicroelectronics.X-CUBE-AZRTOS-H7.3.3.0
2025-04-26 21:37:03,462 [WARN] PackLoader:240 - Cannot read IP mode file for STMicroelectronics.X-CUBE-IPS.3.0.0
2025-04-26 21:37:03,507 [WARN] ConditionMgr:438 - getConditionDescription Invalid condition id : UX DEVICE CLASS RTOS Condition cause : null
2025-04-26 21:37:03,507 [WARN] ConditionMgr:438 - getConditionDescription Invalid condition id : UX DEVICE CLASS RTOS Condition cause : null
2025-04-26 21:37:03,510 [WARN] PackLoader:240 - Cannot read IP mode file for STMicroelectronics.X-CUBE-AZRTOS-WB.2.0.0
2025-04-26 21:37:03,510 [WARN] ConditionMgr:1039 - genDependencies : Invalid condition id : UX DEVICE CLASS RTOS Condition cause : null
2025-04-26 21:37:03,510 [WARN] ConditionMgr:1039 - genDependencies : Invalid condition id : UX DEVICE CLASS RTOS Condition cause : null
2025-04-26 21:37:03,511 [WARN] ConditionMgr:1039 - genDependencies : Invalid condition id : UX DEVICE CLASS RTOS Condition cause : null
2025-04-26 21:37:03,511 [WARN] ConditionMgr:1039 - genDependencies : Invalid condition id : UX DEVICE CLASS RTOS Condition cause : null
2025-04-26 21:37:03,511 [WARN] ConditionMgr:1039 - genDependencies : Invalid condition id : UX DEVICE CLASS RTOS Condition cause : null
2025-04-26 21:37:03,533 [WARN] PackLoader:240 - Cannot read IP mode file for STMicroelectronics.X-CUBE-GNSS1.7.0.0
2025-04-26 21:37:03,560 [WARN] PackLoader:240 - Cannot read IP mode file for STMicroelectronics.X-CUBE-GNSS1.7.0.1
2025-04-26 21:37:03,582 [WARN] PackLoader:240 - Cannot read IP mode file for STMicroelectronics.X-CUBE-TOUCHGFX.4.25.0
2025-04-26 21:37:03,609 [WARN] PackLoader:240 - Cannot read IP mode file for STMicroelectronics.FP-SNS-STBOX1.2.0.0
2025-04-26 21:37:03,647 [WARN] PackLoader:240 - Cannot read IP mode file for STMicroelectronics.X-CUBE-SUBG2.5.0.0
2025-04-26 21:37:03,710 [WARN] PackLoader:240 - Cannot read IP mode file for STMicroelectronics.X-CUBE-AZRTOS-H7RS.1.1.0
2025-04-26 21:37:03,757 [WARN] PackLoader:240 - Cannot read IP mode file for STMicroelectronics.X-CUBE-AZRTOS-G4.2.0.0
2025-04-26 21:37:03,776 [WARN] PackLoader:240 - Cannot read IP mode file for STMicroelectronics.X-CUBE-ISPU.2.0.0
2025-04-26 21:37:03,803 [ERROR] Engine:466 - C:\Users\dbank\.stm32cubemx\thirdparties\pdsc\STMicroelectronics.X-CUBE-IPS.3.1.0.pdsc: PDSC version is not supported
2025-04-26 21:37:03,829 [WARN] PackLoader:240 - Cannot read IP mode file for STMicroelectronics.X-CUBE-ALS.1.0.2
2025-04-26 21:37:03,897 [WARN] PackLoader:240 - Cannot read IP mode file for STMicroelectronics.X-CUBE-MEMS1.10.0.0
2025-04-26 21:37:04,052 [WARN] PackLoader:240 - Cannot read IP mode file for STMicroelectronics.X-CUBE-TOUCHGFX.4.24.0
2025-04-26 21:37:04,070 [WARN] PackLoader:240 - Cannot read IP mode file for STMicroelectronics.X-CUBE-TOUCHGFX.4.24.1
2025-04-26 21:37:04,095 [WARN] PackLoader:240 - Cannot read IP mode file for portGmbH.I-Cube-SoM-uGOAL.1.1.0
2025-04-26 21:37:04,118 [WARN] PackLoader:240 - Cannot read IP mode file for STMicroelectronics.X-CUBE-ALS.1.0.1
2025-04-26 21:37:04,159 [WARN] PackLoader:240 - Cannot read IP mode file for STMicroelectronics.X-CUBE-AZRTOS-H7RS.1.0.0
2025-04-26 21:37:04,186 [WARN] PackLoader:240 - Cannot read IP mode file for STMicroelectronics.FP-ATR-ASTRA1.2.0.0
2025-04-26 21:37:04,219 [WARN] PackLoader:240 - Cannot read IP mode file for STMicroelectronics.X-CUBE-TOF1.3.4.2
2025-04-26 21:37:04,254 [ERROR] Engine:466 - C:\Users\dbank\.stm32cubemx\thirdparties\pdsc\STMicroelectronics.X-CUBE-TOF1.3.4.3.pdsc: PDSC version is not supported
2025-04-26 21:37:04,287 [WARN] PackLoader:240 - Cannot read IP mode file for STMicroelectronics.X-CUBE-TOF1.3.4.1
2025-04-26 21:37:04,336 [WARN] PackLoader:240 - Cannot read IP mode file for STMicroelectronics.X-CUBE-AZRTOS-H7.3.2.0
2025-04-26 21:37:04,372 [WARN] PackLoader:240 - Cannot read IP mode file for Infineon.AIROC-Wi-Fi-Bluetooth-STM32.1.6.0
2025-04-26 21:37:04,397 [WARN] PackLoader:240 - Cannot read IP mode file for wolfSSL.I-CUBE-wolfSSH.1.4.17
2025-04-26 21:37:04,399 [INFO] ThirdParty:978 - Integrity check success = true
2025-04-26 21:37:04,399 [INFO] IntegrityCheckThread:100 - exiting critical section [integrity check]
2025-04-26 21:37:04,399 [INFO] IntegrityCheckThread:103 - End integrity checks thread
2025-04-26 21:37:07,428 [INFO] WebApp:161 - Instantiating new browser for Auth
2025-04-26 21:37:08,378 [INFO] WebApp:779 - Register for checkConnection events
2025-04-26 21:37:08,378 [INFO] WebApp:414 - Apply proxy settings
2025-04-26 21:37:08,378 [INFO] WebApp:499 - Chromium requires no authentication
2025-04-26 21:37:08,391 [INFO] WebApp:442 - Direct internet connection detected
2025-04-26 21:37:08,562 [INFO] WebApp:192 - Starting web application
2025-04-26 21:37:08,562 [INFO] WebApp:544 - Web application path used C:\ST\STM32CubeIDE_1.15.1\STM32CubeIDE\plugins\com.st.stm32cube.common.mx_6.11.1.202404110753\db\plugins\mcufinder\reactClient1\index.html
2025-04-26 22:45:23,613 [ERROR] LogOutputStream:75 - [STDERR_REDIRECT] 
