2024-11-07 15:37:00,614 [INFO] Activator:176 - 


2024-11-07 15:37:00,621 [INFO] Activator:177 - !SESSION log4j initialized
2024-11-07 15:37:08,043 [INFO] LogOutputStream:77 - [STDOUT_REDIRECT] 
2024-11-07 15:37:11,266 [INFO] ApplicationProperties:184 - Using Application install path: C:\ST\STM32CubeIDE_1.15.1\STM32CubeIDE\plugins\com.st.stm32cube.common.mx_6.11.1.202404110753
2024-11-07 15:37:11,295 [INFO] DbMcusXml:78 - Set database path to: C:\ST\STM32CubeIDE_1.15.1\STM32CubeIDE\plugins\com.st.stm32cube.common.mx_6.11.1.202404110753\\db\/mcu/
2024-11-07 15:37:11,295 [INFO] ApiDb:274 - Set plugin database path to: C:\ST\STM32CubeIDE_1.15.1\STM32CubeIDE\plugins\com.st.stm32cube.common.mx_6.11.1.202404110753\\db\/plugins/boardmanager/
2024-11-07 15:37:11,296 [WARN] ApiDb:259 - Overriding images path with different value:  => C:\ST\STM32CubeIDE_1.15.1\STM32CubeIDE\plugins\com.st.stm32cube.common.mx_6.11.1.202404110753\\db\/plugins/mcufinder/images/
2024-11-07 15:37:11,315 [INFO] ApiDb:250 - Set database path to: C:\Users\dbank\.stmcufinder\plugins\mcufinder//mcu/
2024-11-07 15:37:11,317 [INFO] DbMcusAds:125 - Set database path to: C:\Users\dbank\.stmcufinder\plugins\mcufinder//mcu/
2024-11-07 15:37:11,320 [INFO] CrossReferenceDbSqlite:203 - Set database path to: C:\Users\dbank\.stmcufinder\plugins\mcufinder//mcu/cs/
2024-11-07 15:37:11,544 [INFO] RulesReader:64 - Compatibility file has been processed (297 Rules)
2024-11-07 15:37:11,660 [INFO] DbMcusXml:78 - Set database path to: C:\ST\STM32CubeIDE_1.15.1\STM32CubeIDE\plugins\com.st.stm32cube.common.mx_6.11.1.202404110753\\db\/mcu/
2024-11-07 15:37:11,660 [INFO] ApiDb:274 - Set plugin database path to: C:\ST\STM32CubeIDE_1.15.1\STM32CubeIDE\plugins\com.st.stm32cube.common.mx_6.11.1.202404110753\\db\/plugins/boardmanager/
2024-11-07 15:37:11,660 [INFO] ApiDb:261 - Set plugin images path to: C:\ST\STM32CubeIDE_1.15.1\STM32CubeIDE\plugins\com.st.stm32cube.common.mx_6.11.1.202404110753\\db\/plugins/mcufinder/images/
2024-11-07 15:37:11,661 [WARN] DbFile:41 - Overriding database path with different value: C:\Users\dbank\.stmcufinder\plugins\mcufinder/ => C:\Users\dbank\.stmcufinder\plugins\mcufinder
2024-11-07 15:37:11,661 [INFO] ApiDb:250 - Set database path to: C:\Users\dbank\.stmcufinder\plugins\mcufinder//mcu/
2024-11-07 15:37:11,661 [WARN] DbFile:41 - Overriding database path with different value: C:\Users\dbank\.stmcufinder\plugins\mcufinder/ => C:\Users\dbank\.stmcufinder\plugins\mcufinder
2024-11-07 15:37:11,661 [INFO] DbMcusAds:125 - Set database path to: C:\Users\dbank\.stmcufinder\plugins\mcufinder//mcu/
2024-11-07 15:37:11,661 [WARN] DbFile:41 - Overriding database path with different value: C:\Users\dbank\.stmcufinder\plugins\mcufinder/ => C:\Users\dbank\.stmcufinder\plugins\mcufinder
2024-11-07 15:37:11,662 [WARN] DbFile:41 - Overriding database path with different value: C:\Users\dbank\.stmcufinder\plugins\mcufinder/ => C:\Users\dbank\.stmcufinder\plugins\mcufinder
2024-11-07 15:37:11,662 [INFO] CrossReferenceDbSqlite:203 - Set database path to: C:\Users\dbank\.stmcufinder\plugins\mcufinder//mcu/cs/
2024-11-07 15:37:11,800 [INFO] MainPanel:264 - HeapMemory: 268435456
2024-11-07 15:37:12,051 [INFO] DbMcusXml:78 - Set database path to: C:\ST\STM32CubeIDE_1.15.1\STM32CubeIDE\plugins\com.st.stm32cube.common.mx_6.11.1.202404110753\\db\/mcu/
2024-11-07 15:37:12,051 [INFO] ApiDb:274 - Set plugin database path to: C:\ST\STM32CubeIDE_1.15.1\STM32CubeIDE\plugins\com.st.stm32cube.common.mx_6.11.1.202404110753\\db\/plugins/boardmanager/
2024-11-07 15:37:12,052 [INFO] ApiDb:261 - Set plugin images path to: C:\ST\STM32CubeIDE_1.15.1\STM32CubeIDE\plugins\com.st.stm32cube.common.mx_6.11.1.202404110753\\db\/plugins/mcufinder/images/
2024-11-07 15:37:12,054 [WARN] DbFile:41 - Overriding database path with different value: C:\Users\dbank\.stmcufinder\plugins\mcufinder/ => C:\Users\dbank\.stmcufinder\plugins\mcufinder
2024-11-07 15:37:12,054 [INFO] ApiDb:250 - Set database path to: C:\Users\dbank\.stmcufinder\plugins\mcufinder//mcu/
2024-11-07 15:37:12,054 [WARN] DbFile:41 - Overriding database path with different value: C:\Users\dbank\.stmcufinder\plugins\mcufinder/ => C:\Users\dbank\.stmcufinder\plugins\mcufinder
2024-11-07 15:37:12,054 [INFO] DbMcusAds:125 - Set database path to: C:\Users\dbank\.stmcufinder\plugins\mcufinder//mcu/
2024-11-07 15:37:12,055 [WARN] DbFile:41 - Overriding database path with different value: C:\Users\dbank\.stmcufinder\plugins\mcufinder/ => C:\Users\dbank\.stmcufinder\plugins\mcufinder
2024-11-07 15:37:12,055 [WARN] DbFile:41 - Overriding database path with different value: C:\Users\dbank\.stmcufinder\plugins\mcufinder/ => C:\Users\dbank\.stmcufinder\plugins\mcufinder
2024-11-07 15:37:12,055 [INFO] CrossReferenceDbSqlite:203 - Set database path to: C:\Users\dbank\.stmcufinder\plugins\mcufinder//mcu/cs/
2024-11-07 15:37:12,097 [INFO] ApplicationProperties:184 - Using Application install path: C:\ST\STM32CubeIDE_1.15.1\STM32CubeIDE\plugins\com.st.stm32cube.common.mx_6.11.1.202404110753
2024-11-07 15:37:12,101 [INFO] PluginManage:196 - Search for loadable plugins [exclusion list=, ]
2024-11-07 15:37:12,105 [INFO] PluginManage:310 - Check plugin analytics
2024-11-07 15:37:12,510 [INFO] AnalyticsPlugin:253 - Accepted Software Licenses: STM32CubeMX.6.11.1
2024-11-07 15:37:12,511 [INFO] AnalyticsPlugin:255 - Accepted CMSIS Pack Licenses: STMicroelectronics.X-CUBE-AZRTOS-H7.3.3.0
2024-11-07 15:37:12,511 [INFO] AnalyticsPlugin:257 - Accepted Firmware Licenses: FW.H7.1.11.0,FW.H7.1.10.0,FW.L4.1.18.0,FW.F4.1.28.0
2024-11-07 15:37:12,517 [INFO] PluginManage:359 - Loaded plugin analytics (category:tool,tabindex:-1)
2024-11-07 15:37:12,518 [INFO] PluginManage:310 - Check plugin cadmodel
2024-11-07 15:37:12,545 [INFO] CADModel:105 - Init CAD model plugin
2024-11-07 15:37:12,545 [INFO] PluginManage:359 - Loaded plugin cadmodel (category:power,tabindex:5)
2024-11-07 15:37:12,546 [INFO] PluginManage:310 - Check plugin clock
2024-11-07 15:37:12,583 [INFO] PluginManage:359 - Loaded plugin clock (category:base,tabindex:2)
2024-11-07 15:37:12,584 [INFO] PluginManage:310 - Check plugin ddr
2024-11-07 15:37:12,587 [INFO] PluginManage:359 - Loaded plugin ddr (category:tool,tabindex:6)
2024-11-07 15:37:12,588 [INFO] PluginManage:310 - Check plugin filemanager
2024-11-07 15:37:12,847 [INFO] PluginManage:359 - Loaded plugin filemanager (category:base,tabindex:10)
2024-11-07 15:37:12,848 [INFO] PluginManage:310 - Check plugin ipmanager
2024-11-07 15:37:12,864 [INFO] PluginManage:359 - Loaded plugin ipmanager (category:base,tabindex:5)
2024-11-07 15:37:12,864 [INFO] PluginManage:310 - Check plugin lpbam
2024-11-07 15:37:12,911 [INFO] PluginManage:359 - Loaded plugin lpbam (category:base,tabindex:0)
2024-11-07 15:37:12,911 [INFO] PluginManage:310 - Check plugin memorymap
2024-11-07 15:37:12,965 [INFO] PluginManage:359 - Loaded plugin memorymap (category:base,tabindex:4)
2024-11-07 15:37:12,966 [INFO] PluginManage:310 - Check plugin pinoutandconfiguration
2024-11-07 15:37:13,009 [INFO] PluginManage:359 - Loaded plugin pinoutandconfiguration (category:base,tabindex:1)
2024-11-07 15:37:13,009 [INFO] PluginManage:310 - Check plugin pinoutconfig
2024-11-07 15:37:13,200 [WARN] SupportedApi:132 - Cannot load RTOS API schema: s4s-elt-must-match.1: The content of 'definitions' must match (annotation?, (simpleType | complexType)?, (unique | key | keyref)*)). A problem was found starting at: attribute.
2024-11-07 15:37:13,377 [INFO] PluginManage:359 - Loaded plugin pinoutconfig (category:base,tabindex:0)
2024-11-07 15:37:13,377 [INFO] PluginManage:310 - Check plugin power
2024-11-07 15:37:13,398 [INFO] PluginManage:359 - Loaded plugin power (category:power,tabindex:4)
2024-11-07 15:37:13,398 [INFO] PluginManage:310 - Check plugin projectmanager
2024-11-07 15:37:13,413 [INFO] PluginManage:359 - Loaded plugin projectmanager (category:projectmanager,tabindex:3)
2024-11-07 15:37:13,414 [INFO] PluginManage:310 - Check plugin thirdparty
2024-11-07 15:37:13,921 [INFO] PluginManage:359 - Loaded plugin thirdparty (category:base,tabindex:-1)
2024-11-07 15:37:13,922 [INFO] PluginManage:310 - Check plugin tools
2024-11-07 15:37:13,921 [WARN] IntegrityCheckThread:84 - waiting for thirdparty lock release [integrity check]
2024-11-07 15:37:13,922 [INFO] IntegrityCheckThread:86 - entering critical section [integrity check]
2024-11-07 15:37:13,923 [INFO] ThirdPartyUpdaterWithRetryManager:70 - Updater plugin not ready yet. [1/15]
2024-11-07 15:37:13,979 [INFO] PluginManage:359 - Loaded plugin tools (category:base,tabindex:7)
2024-11-07 15:37:13,979 [INFO] PluginManage:310 - Check plugin tutovideos
2024-11-07 15:37:14,297 [INFO] PluginManage:359 - Loaded plugin tutovideos (category:base,tabindex:-1)
2024-11-07 15:37:14,297 [INFO] PluginManage:310 - Check plugin updater
2024-11-07 15:37:14,314 [INFO] PluginManage:359 - Loaded plugin updater (category:base,tabindex:12)
2024-11-07 15:37:14,314 [INFO] PluginManage:310 - Check plugin userauth
2024-11-07 15:37:14,331 [INFO] UserAuth:114 - Init User Auth plugin
2024-11-07 15:37:14,332 [INFO] PluginManage:359 - Loaded plugin userauth (category:base,tabindex:14)
2024-11-07 15:37:14,333 [INFO] PluginManage:283 - PluginManage : Loaded plugins [17]
2024-11-07 15:37:14,677 [INFO] PinOutPanel:1561 - setPackage(No Configuration,No Configuration)
2024-11-07 15:37:14,807 [INFO] CADModel:165 - CPN selected for project level
2024-11-07 15:37:14,807 [INFO] CADModel:114 - Register for checkConnection events
2024-11-07 15:37:14,848 [INFO] IPUIPlugin:80 - create IPUIPlugin
2024-11-07 15:37:14,848 [INFO] PluginManager:220 - loadIPPluginJar : add adc
2024-11-07 15:37:14,918 [INFO] IPUIPlugin:80 - create IPUIPlugin
2024-11-07 15:37:14,918 [INFO] PluginManager:220 - loadIPPluginJar : add aes
2024-11-07 15:37:14,990 [INFO] IPUIPlugin:80 - create IPUIPlugin
2024-11-07 15:37:14,991 [INFO] PluginManager:220 - loadIPPluginJar : add can
2024-11-07 15:37:15,038 [INFO] IPUIPlugin:80 - create IPUIPlugin
2024-11-07 15:37:15,038 [INFO] PluginManager:220 - loadIPPluginJar : add comp
2024-11-07 15:37:15,107 [INFO] IPUIPlugin:80 - create IPUIPlugin
2024-11-07 15:37:15,108 [INFO] PluginManager:220 - loadIPPluginJar : add cryp
2024-11-07 15:37:15,163 [INFO] IPUIPlugin:80 - create IPUIPlugin
2024-11-07 15:37:15,163 [INFO] PluginManager:220 - loadIPPluginJar : add dfsdm
2024-11-07 15:37:15,186 [INFO] IPUIPlugin:80 - create IPUIPlugin
2024-11-07 15:37:15,187 [INFO] PluginManager:220 - loadIPPluginJar : add dma
2024-11-07 15:37:15,282 [INFO] IPUIPlugin:80 - create IPUIPlugin
2024-11-07 15:37:15,282 [INFO] PluginManager:220 - loadIPPluginJar : add dma3
2024-11-07 15:37:15,366 [INFO] IPUIPlugin:80 - create IPUIPlugin
2024-11-07 15:37:15,366 [INFO] PluginManager:220 - loadIPPluginJar : add extmemmanager
2024-11-07 15:37:15,408 [INFO] IPUIPlugin:80 - create IPUIPlugin
2024-11-07 15:37:15,408 [INFO] PluginManager:220 - loadIPPluginJar : add fatfs
2024-11-07 15:37:15,489 [INFO] IPUIPlugin:80 - create IPUIPlugin
2024-11-07 15:37:15,489 [INFO] PluginManager:220 - loadIPPluginJar : add fmc
2024-11-07 15:37:15,519 [INFO] IPUIPlugin:80 - create IPUIPlugin
2024-11-07 15:37:15,520 [INFO] PluginManager:220 - loadIPPluginJar : add freertos
2024-11-07 15:37:15,567 [INFO] IPUIPlugin:80 - create IPUIPlugin
2024-11-07 15:37:15,567 [INFO] PluginManager:220 - loadIPPluginJar : add genericplugin
2024-11-07 15:37:15,718 [INFO] IPUIPlugin:80 - create IPUIPlugin
2024-11-07 15:37:15,718 [INFO] PluginManager:220 - loadIPPluginJar : add gfxmmu
2024-11-07 15:37:15,953 [INFO] IPUIPlugin:80 - create IPUIPlugin
2024-11-07 15:37:15,953 [INFO] PluginManager:220 - loadIPPluginJar : add gic
2024-11-07 15:37:15,971 [INFO] IPUIPlugin:80 - create IPUIPlugin
2024-11-07 15:37:15,971 [INFO] PluginManager:220 - loadIPPluginJar : add gpio
2024-11-07 15:37:16,124 [INFO] IPUIPlugin:80 - create IPUIPlugin
2024-11-07 15:37:16,124 [INFO] PluginManager:220 - loadIPPluginJar : add gtzc
2024-11-07 15:37:16,184 [INFO] IPUIPlugin:80 - create IPUIPlugin
2024-11-07 15:37:16,184 [INFO] PluginManager:220 - loadIPPluginJar : add hash
2024-11-07 15:37:16,287 [INFO] IPUIPlugin:80 - create IPUIPlugin
2024-11-07 15:37:16,287 [INFO] PluginManager:220 - loadIPPluginJar : add i2c
2024-11-07 15:37:16,359 [INFO] IPUIPlugin:80 - create IPUIPlugin
2024-11-07 15:37:16,359 [INFO] PluginManager:220 - loadIPPluginJar : add i2s
2024-11-07 15:37:16,437 [INFO] IPUIPlugin:80 - create IPUIPlugin
2024-11-07 15:37:16,437 [INFO] PluginManager:220 - loadIPPluginJar : add i3c
2024-11-07 15:37:16,608 [INFO] IPUIPlugin:80 - create IPUIPlugin
2024-11-07 15:37:16,608 [INFO] PluginManager:220 - loadIPPluginJar : add ipddr
2024-11-07 15:37:16,753 [INFO] IPUIPlugin:80 - create IPUIPlugin
2024-11-07 15:37:16,753 [INFO] PluginManager:220 - loadIPPluginJar : add linkedlist
2024-11-07 15:37:16,810 [INFO] IPUIPlugin:80 - create IPUIPlugin
2024-11-07 15:37:16,810 [INFO] PluginManager:220 - loadIPPluginJar : add lorawan
2024-11-07 15:37:16,858 [INFO] IPUIPlugin:80 - create IPUIPlugin
2024-11-07 15:37:16,858 [INFO] PluginManager:220 - loadIPPluginJar : add ltdc
2024-11-07 15:37:16,877 [INFO] IPUIPlugin:80 - create IPUIPlugin
2024-11-07 15:37:16,877 [INFO] PluginManager:220 - loadIPPluginJar : add mdma
2024-11-07 15:37:16,892 [INFO] IPUIPlugin:80 - create IPUIPlugin
2024-11-07 15:37:16,892 [INFO] PluginManager:220 - loadIPPluginJar : add nvic
2024-11-07 15:37:16,924 [INFO] ThirdPartyUpdaterWithRetryManager:70 - Updater plugin not ready yet. [2/15]
2024-11-07 15:37:16,944 [INFO] IPUIPlugin:80 - create IPUIPlugin
2024-11-07 15:37:16,944 [INFO] PluginManager:220 - loadIPPluginJar : add opamp
2024-11-07 15:37:17,051 [INFO] IPUIPlugin:80 - create IPUIPlugin
2024-11-07 15:37:17,052 [INFO] PluginManager:220 - loadIPPluginJar : add openamp
2024-11-07 15:37:17,120 [INFO] IPUIPlugin:80 - create IPUIPlugin
2024-11-07 15:37:17,120 [INFO] PluginManager:220 - loadIPPluginJar : add pdm2pcm
2024-11-07 15:37:17,138 [INFO] IPUIPlugin:80 - create IPUIPlugin
2024-11-07 15:37:17,141 [INFO] PluginManager:220 - loadIPPluginJar : add plateformsettings
2024-11-07 15:37:17,175 [INFO] IPUIPlugin:80 - create IPUIPlugin
2024-11-07 15:37:17,175 [INFO] PluginManager:220 - loadIPPluginJar : add quadspi
2024-11-07 15:37:17,195 [INFO] IPUIPlugin:80 - create IPUIPlugin
2024-11-07 15:37:17,195 [INFO] PluginManager:220 - loadIPPluginJar : add resmgrutility
2024-11-07 15:37:17,279 [INFO] IPUIPlugin:80 - create IPUIPlugin
2024-11-07 15:37:17,280 [INFO] PluginManager:220 - loadIPPluginJar : add sai
2024-11-07 15:37:17,344 [INFO] IPUIPlugin:80 - create IPUIPlugin
2024-11-07 15:37:17,344 [INFO] PluginManager:220 - loadIPPluginJar : add spi
2024-11-07 15:37:17,456 [INFO] IPUIPlugin:80 - create IPUIPlugin
2024-11-07 15:37:17,456 [INFO] PluginManager:220 - loadIPPluginJar : add stm32_wpan
2024-11-07 15:37:17,497 [INFO] IPUIPlugin:80 - create IPUIPlugin
2024-11-07 15:37:17,497 [INFO] PluginManager:220 - loadIPPluginJar : add tim
2024-11-07 15:37:17,602 [INFO] IPUIPlugin:80 - create IPUIPlugin
2024-11-07 15:37:17,602 [INFO] PluginManager:220 - loadIPPluginJar : add touchsensing
2024-11-07 15:37:17,637 [INFO] IPUIPlugin:80 - create IPUIPlugin
2024-11-07 15:37:17,638 [INFO] PluginManager:220 - loadIPPluginJar : add tracer_emb
2024-11-07 15:37:17,679 [INFO] IPUIPlugin:80 - create IPUIPlugin
2024-11-07 15:37:17,679 [INFO] PluginManager:220 - loadIPPluginJar : add ts
2024-11-07 15:37:17,717 [INFO] IPUIPlugin:80 - create IPUIPlugin
2024-11-07 15:37:17,717 [INFO] PluginManager:220 - loadIPPluginJar : add tsc
2024-11-07 15:37:17,756 [INFO] IPUIPlugin:80 - create IPUIPlugin
2024-11-07 15:37:17,757 [INFO] PluginManager:220 - loadIPPluginJar : add ucpd
2024-11-07 15:37:17,837 [INFO] IPUIPlugin:80 - create IPUIPlugin
2024-11-07 15:37:17,837 [INFO] PluginManager:220 - loadIPPluginJar : add usart
2024-11-07 15:37:17,905 [INFO] IPUIPlugin:80 - create IPUIPlugin
2024-11-07 15:37:17,905 [INFO] PluginManager:220 - loadIPPluginJar : add usbx
2024-11-07 15:37:18,062 [INFO] CADModel:165 - CPN selected for project level
2024-11-07 15:37:18,062 [INFO] CADModel:114 - Register for checkConnection events
2024-11-07 15:37:18,063 [FATAL] Updater:308 - Updater called before beeing initialized
2024-11-07 15:37:18,063 [ERROR] CADModel:125 - Updater not yet initialized, retry later 
2024-11-07 15:37:18,251 [INFO] CADModel:165 - CPN selected for project level
2024-11-07 15:37:18,251 [INFO] CADModel:114 - Register for checkConnection events
2024-11-07 15:37:18,251 [FATAL] Updater:308 - Updater called before beeing initialized
2024-11-07 15:37:18,251 [ERROR] CADModel:125 - Updater not yet initialized, retry later 
2024-11-07 15:37:18,255 [FATAL] Updater:308 - Updater called before beeing initialized
2024-11-07 15:37:18,436 [FATAL] Updater:308 - Updater called before beeing initialized
2024-11-07 15:37:18,449 [INFO] DbMcusAds:53 - JSON generation date=Fri Sep 20 15:04:23 CEST 2024 (1726837463113)
2024-11-07 15:37:18,449 [FATAL] Updater:308 - Updater called before beeing initialized
2024-11-07 15:37:18,542 [WARN] DetailPanel:346 - Failed to get advertising image, set to default
2024-11-07 15:37:18,673 [FATAL] Updater:308 - Updater called before beeing initialized
2024-11-07 15:37:18,675 [FATAL] Updater:308 - Updater called before beeing initialized
2024-11-07 15:37:18,675 [FATAL] Updater:308 - Updater called before beeing initialized
2024-11-07 15:37:18,675 [WARN] DetailPanel:346 - Failed to get advertising image, set to default
2024-11-07 15:37:18,675 [FATAL] Updater:308 - Updater called before beeing initialized
2024-11-07 15:37:18,755 [ERROR] Updater:1120 - MainUpdater not yet initialized. External WinMGr cannot be set.
2024-11-07 15:37:18,773 [INFO] Updater:1056 - Updater Version found : 6.11.1
2024-11-07 15:37:18,802 [INFO] ApplicationProperties:184 - Using Application install path: C:\ST\STM32CubeIDE_1.15.1\STM32CubeIDE\plugins\com.st.stm32cube.common.mx_6.11.1.202404110753
2024-11-07 15:37:19,926 [INFO] ThirdPartyUpdaterWithRetryManager:70 - Updater plugin not ready yet. [3/15]
2024-11-07 15:37:20,391 [ERROR] LogOutputStream:75 - [STDERR_REDIRECT] Nov 07, 2024 3:37:20 PM java.util.prefs.WindowsPreferences <init>
2024-11-07 15:37:20,393 [ERROR] LogOutputStream:75 - [STDERR_REDIRECT] WARNING: Could not open/create prefs root node Software\JavaSoft\Prefs at root 0xffffffff80000002. Windows RegCreateKeyEx(...) returned error code 5.
2024-11-07 15:37:20,394 [ERROR] LogOutputStream:75 - [STDERR_REDIRECT] 
2024-11-07 15:37:20,873 [INFO] MainUpdater:2873 - connection check result : 10
2024-11-07 15:37:20,874 [INFO] MainUpdater:3567 - Updater definition file requires update
2024-11-07 15:37:20,874 [INFO] MainUpdater:290 - Updater Check For Update Now.
2024-11-07 15:37:20,875 [INFO] MicroXplorer:498 - Change Database Version : DB.6.0.111
2024-11-07 15:37:20,891 [INFO] McuFinderGlobals:63 - Set McuFinder mode to 2 (CubeIDE integrated)
2024-11-07 15:37:20,901 [INFO] UserAuth:415 - Internet connection configuration mode: 1
2024-11-07 15:37:20,923 [INFO] JxBrowserEngine:152 - Initiate JxBrowser Engine with user profile folder
2024-11-07 15:37:21,001 [INFO] ServerAccessManage:473 - Download File updaters.zip
2024-11-07 15:37:21,075 [INFO] FileExtend:240 - Unzip File : updaters.zip
2024-11-07 15:37:21,075 [INFO] FileExtend:255 - Standard Zip Deflate
2024-11-07 15:37:21,793 [INFO] ServerAccessManage:473 - Download File PacksControlFlags.xml
2024-11-07 15:37:21,959 [INFO] ServerAccessManage:473 - Download File cubemx.pidx
2024-11-07 15:37:22,075 [INFO] LoadServerUpdatesThread:375 - End of LoadServerUpdate Thread
2024-11-07 15:37:22,303 [INFO] CheckServerUpdateThread:120 - End of CheckServer Thread
2024-11-07 15:37:23,216 [WARN] PackLoader:240 - Cannot read IP mode file for STMicroelectronics.FP-SNS-MOTENVWB1.1.4.0
2024-11-07 15:37:23,237 [WARN] PackLoader:240 - Cannot read IP mode file for STMicroelectronics.X-CUBE-SMBUS.2.1.0
2024-11-07 15:37:23,259 [WARN] PackLoader:240 - Cannot read IP mode file for STMicroelectronics.X-CUBE-WB05N.1.1.0
2024-11-07 15:37:23,274 [WARN] PackLoader:240 - Cannot read IP mode file for STMicroelectronics.X-CUBE-TOUCHGFX.4.23.2
2024-11-07 15:37:23,322 [WARN] PackLoader:240 - Cannot read IP mode file for STMicroelectronics.X-CUBE-AZRTOS-F7.1.1.0
2024-11-07 15:37:23,410 [WARN] PackLoader:240 - Cannot read IP mode file for STMicroelectronics.X-CUBE-MEMS1.11.0.0
2024-11-07 15:37:23,617 [WARN] PackLoader:240 - Cannot read IP mode file for STMicroelectronics.FP-SNS-FLIGHT1.5.0.2
2024-11-07 15:37:23,639 [WARN] PackLoader:240 - Cannot read IP mode file for STMicroelectronics.X-CUBE-DISPLAY.3.0.0
2024-11-07 15:37:23,662 [WARN] PackLoader:240 - Cannot read IP mode file for STMicroelectronics.X-CUBE-BLE1.7.0.0
2024-11-07 15:37:23,683 [WARN] PackLoader:240 - Cannot read IP mode file for STMicroelectronics.X-CUBE-NFC10.1.0.0
2024-11-07 15:37:23,705 [WARN] PackLoader:240 - Cannot read IP mode file for emotas.I-CUBE-CANOPEN.1.3.0
2024-11-07 15:37:23,727 [WARN] PackLoader:240 - Cannot read IP mode file for STMicroelectronics.X-CUBE-BLEMGR.3.1.0
2024-11-07 15:37:23,748 [WARN] PackLoader:240 - Cannot read IP mode file for STMicroelectronics.FP-SNS-SMARTAG2.1.2.0
2024-11-07 15:37:23,775 [INFO] LogOutputStream:77 - [STDOUT_REDIRECT] 1 : Invalid condition id : UX_CORESTACK_Condition cause : null
2024-11-07 15:37:23,776 [INFO] LogOutputStream:77 - [STDOUT_REDIRECT] 1 : Invalid condition id : UX_CORESTACK_Condition cause : null
2024-11-07 15:37:23,777 [INFO] LogOutputStream:77 - [STDOUT_REDIRECT] 1 : Invalid condition id : UX_CORESTACK_Condition cause : null
2024-11-07 15:37:23,779 [INFO] LogOutputStream:77 - [STDOUT_REDIRECT] 1 : Invalid condition id : UX_CORESTACK_Condition cause : null
2024-11-07 15:37:23,781 [INFO] LogOutputStream:77 - [STDOUT_REDIRECT] 1 : Invalid condition id : UX_CORESTACK_Condition cause : null
2024-11-07 15:37:23,784 [WARN] PackLoader:240 - Cannot read IP mode file for STMicroelectronics.X-CUBE-AZRTOS-WL.2.0.0
2024-11-07 15:37:23,801 [WARN] PackLoader:240 - Cannot read IP mode file for STMicroelectronics.FP-SNS-MOTENV1.5.0.0
2024-11-07 15:37:23,818 [WARN] PackLoader:240 - Cannot read IP mode file for wolfSSL.I-CUBE-wolfMQTT.1.19.0
2024-11-07 15:37:23,837 [WARN] PackLoader:240 - Cannot read IP mode file for WES.I-CUBE-Cesium.1.3.0
2024-11-07 15:37:23,857 [WARN] PackLoader:240 - Cannot read IP mode file for STMicroelectronics.X-CUBE-BLE2.3.3.0
2024-11-07 15:37:23,880 [WARN] PackLoader:240 - Cannot read IP mode file for STMicroelectronics.X-CUBE-NFC9.1.0.0
2024-11-07 15:37:23,900 [WARN] PackLoader:240 - Cannot read IP mode file for STMicroelectronics.X-CUBE-TCPP.4.1.0
2024-11-07 15:37:23,924 [WARN] PackLoader:240 - Cannot read IP mode file for STMicroelectronics.X-CUBE-ALGOBUILD.1.3.0
2024-11-07 15:37:23,961 [WARN] PackLoader:240 - Cannot read IP mode file for STMicroelectronics.X-CUBE-AZRTOS-G0.1.1.0
2024-11-07 15:37:23,986 [WARN] PackLoader:240 - Cannot read IP mode file for STMicroelectronics.X-CUBE-SAFEA1.1.2.2
2024-11-07 15:37:24,007 [WARN] PackLoader:240 - Cannot read IP mode file for STMicroelectronics.X-CUBE-NFC4.3.0.0
2024-11-07 15:37:24,032 [WARN] PackLoader:240 - Cannot read IP mode file for EmbeddedOffice.I-CUBE-FS-RTOS.1.0.1
2024-11-07 15:37:24,033 [ERROR] ConditionMgr:805 - Attr not supported : Dmpu
2024-11-07 15:37:24,033 [ERROR] ConditionMgr:805 - Attr not supported : Dmpu
2024-11-07 15:37:24,033 [ERROR] ConditionMgr:805 - Attr not supported : Dmpu
2024-11-07 15:37:24,033 [ERROR] ConditionMgr:805 - Attr not supported : Dmpu
2024-11-07 15:37:24,033 [ERROR] ConditionMgr:805 - Attr not supported : Dmpu
2024-11-07 15:37:24,033 [ERROR] ConditionMgr:805 - Attr not supported : Dmpu
2024-11-07 15:37:24,033 [ERROR] ConditionMgr:805 - Attr not supported : Dmpu
2024-11-07 15:37:24,033 [ERROR] ConditionMgr:805 - Attr not supported : Dmpu
2024-11-07 15:37:24,033 [ERROR] ConditionMgr:805 - Attr not supported : Dmpu
2024-11-07 15:37:24,033 [ERROR] ConditionMgr:805 - Attr not supported : Dmpu
2024-11-07 15:37:24,033 [ERROR] ConditionMgr:805 - Attr not supported : Dmpu
2024-11-07 15:37:24,033 [ERROR] ConditionMgr:805 - Attr not supported : Dmpu
2024-11-07 15:37:24,033 [ERROR] ConditionMgr:805 - Attr not supported : Dmpu
2024-11-07 15:37:24,033 [ERROR] ConditionMgr:805 - Attr not supported : Dmpu
2024-11-07 15:37:24,033 [ERROR] ConditionMgr:805 - Attr not supported : Dmpu
2024-11-07 15:37:24,034 [ERROR] ConditionMgr:805 - Attr not supported : Dmpu
2024-11-07 15:37:24,034 [ERROR] ConditionMgr:805 - Attr not supported : Dmpu
2024-11-07 15:37:24,034 [ERROR] ConditionMgr:805 - Attr not supported : Dmpu
2024-11-07 15:37:24,034 [ERROR] ConditionMgr:805 - Attr not supported : Dmpu
2024-11-07 15:37:24,034 [ERROR] ConditionMgr:805 - Attr not supported : Dmpu
2024-11-07 15:37:24,034 [ERROR] ConditionMgr:805 - Attr not supported : Dmpu
2024-11-07 15:37:24,034 [ERROR] ConditionMgr:805 - Attr not supported : Dmpu
2024-11-07 15:37:24,034 [ERROR] ConditionMgr:805 - Attr not supported : Dmpu
2024-11-07 15:37:24,034 [ERROR] ConditionMgr:805 - Attr not supported : Dmpu
2024-11-07 15:37:24,034 [ERROR] ConditionMgr:805 - Attr not supported : Dmpu
2024-11-07 15:37:24,034 [ERROR] ConditionMgr:805 - Attr not supported : Dmpu
2024-11-07 15:37:24,034 [ERROR] ConditionMgr:805 - Attr not supported : Dmpu
2024-11-07 15:37:24,035 [ERROR] ConditionMgr:805 - Attr not supported : Dmpu
2024-11-07 15:37:24,035 [ERROR] ConditionMgr:805 - Attr not supported : Dmpu
2024-11-07 15:37:24,035 [ERROR] ConditionMgr:805 - Attr not supported : Dmpu
2024-11-07 15:37:24,035 [ERROR] ConditionMgr:805 - Attr not supported : Dmpu
2024-11-07 15:37:24,035 [ERROR] ConditionMgr:805 - Attr not supported : Dmpu
2024-11-07 15:37:24,035 [ERROR] ConditionMgr:805 - Attr not supported : Dmpu
2024-11-07 15:37:24,035 [ERROR] ConditionMgr:805 - Attr not supported : Dmpu
2024-11-07 15:37:24,035 [ERROR] ConditionMgr:805 - Attr not supported : Dmpu
2024-11-07 15:37:24,035 [ERROR] ConditionMgr:805 - Attr not supported : Dmpu
2024-11-07 15:37:24,035 [ERROR] ConditionMgr:805 - Attr not supported : Dmpu
2024-11-07 15:37:24,036 [ERROR] ConditionMgr:805 - Attr not supported : Dmpu
2024-11-07 15:37:24,036 [ERROR] ConditionMgr:805 - Attr not supported : Dmpu
2024-11-07 15:37:24,036 [ERROR] ConditionMgr:805 - Attr not supported : Dmpu
2024-11-07 15:37:24,036 [ERROR] ConditionMgr:805 - Attr not supported : Dmpu
2024-11-07 15:37:24,036 [ERROR] ConditionMgr:805 - Attr not supported : Dmpu
2024-11-07 15:37:24,036 [ERROR] ConditionMgr:805 - Attr not supported : Dmpu
2024-11-07 15:37:24,036 [ERROR] ConditionMgr:805 - Attr not supported : Dmpu
2024-11-07 15:37:24,036 [ERROR] ConditionMgr:805 - Attr not supported : Dmpu
2024-11-07 15:37:24,037 [ERROR] ConditionMgr:805 - Attr not supported : Dmpu
2024-11-07 15:37:24,037 [ERROR] ConditionMgr:805 - Attr not supported : Dmpu
2024-11-07 15:37:24,037 [ERROR] ConditionMgr:805 - Attr not supported : Dmpu
2024-11-07 15:37:24,037 [ERROR] ConditionMgr:805 - Attr not supported : Dmpu
2024-11-07 15:37:24,037 [ERROR] ConditionMgr:805 - Attr not supported : Dmpu
2024-11-07 15:37:24,037 [ERROR] ConditionMgr:805 - Attr not supported : Dmpu
2024-11-07 15:37:24,037 [ERROR] ConditionMgr:805 - Attr not supported : Dmpu
2024-11-07 15:37:24,037 [ERROR] ConditionMgr:805 - Attr not supported : Dmpu
2024-11-07 15:37:24,037 [ERROR] ConditionMgr:805 - Attr not supported : Dmpu
2024-11-07 15:37:24,037 [ERROR] ConditionMgr:805 - Attr not supported : Dmpu
2024-11-07 15:37:24,037 [ERROR] ConditionMgr:805 - Attr not supported : Dmpu
2024-11-07 15:37:24,038 [ERROR] ConditionMgr:805 - Attr not supported : Dmpu
2024-11-07 15:37:24,038 [ERROR] ConditionMgr:805 - Attr not supported : Dmpu
2024-11-07 15:37:24,038 [ERROR] ConditionMgr:805 - Attr not supported : Dmpu
2024-11-07 15:37:24,038 [ERROR] ConditionMgr:805 - Attr not supported : Dmpu
2024-11-07 15:37:24,038 [ERROR] ConditionMgr:805 - Attr not supported : Dmpu
2024-11-07 15:37:24,038 [ERROR] ConditionMgr:805 - Attr not supported : Dmpu
2024-11-07 15:37:24,038 [ERROR] ConditionMgr:805 - Attr not supported : Dmpu
2024-11-07 15:37:24,038 [ERROR] ConditionMgr:805 - Attr not supported : Dmpu
2024-11-07 15:37:24,060 [WARN] PackLoader:240 - Cannot read IP mode file for RealThread.X-CUBE-RT-Thread_Nano.4.1.1
2024-11-07 15:37:24,076 [WARN] PackLoader:240 - Cannot read IP mode file for wolfSSL.I-CUBE-wolfSSL.5.7.0
2024-11-07 15:37:24,093 [WARN] PackLoader:240 - Cannot read IP mode file for STMicroelectronics.FP-ATR-SIGFOX1.3.2.0
2024-11-07 15:37:24,114 [WARN] PackLoader:240 - Cannot read IP mode file for STMicroelectronics.X-CUBE-EEPRMA1.5.1.0
2024-11-07 15:37:24,138 [WARN] PackLoader:240 - Cannot read IP mode file for ITTIA_DB.I-CUBE-ITTIADB.8.9.0
2024-11-07 15:37:24,192 [WARN] PackLoader:240 - Cannot read IP mode file for SEGGER.I-CUBE-embOS.1.3.1
2024-11-07 15:37:24,250 [WARN] PackLoader:240 - Cannot read IP mode file for STMicroelectronics.X-CUBE-ALGOBUILD.1.4.0
2024-11-07 15:37:24,268 [WARN] PackLoader:240 - Cannot read IP mode file for STMicroelectronics.X-CUBE-AI.9.1.0
2024-11-07 15:37:24,287 [WARN] PackLoader:240 - Cannot read IP mode file for STMicroelectronics.X-CUBE-GNSS1.6.0.0
2024-11-07 15:37:24,318 [WARN] PackLoader:240 - Cannot read IP mode file for STMicroelectronics.X-CUBE-AZRTOS-F4.1.1.0
2024-11-07 15:37:24,337 [WARN] PackLoader:240 - Cannot read IP mode file for STMicroelectronics.X-CUBE-ISPU.2.1.0
2024-11-07 15:37:24,353 [WARN] PackLoader:240 - Cannot read IP mode file for STMicroelectronics.X-CUBE-FREERTOS.1.2.0
2024-11-07 15:37:24,389 [WARN] PackLoader:240 - Cannot read IP mode file for STMicroelectronics.X-CUBE-AZRTOS-L5.2.0.0
2024-11-07 15:37:24,414 [WARN] PackLoader:240 - Cannot read IP mode file for STMicroelectronics.X-CUBE-NFC6.3.1.0
2024-11-07 15:37:24,434 [WARN] PackLoader:240 - Cannot read IP mode file for STMicroelectronics.X-CUBE-DPower.1.2.0
2024-11-07 15:37:24,448 [WARN] PackLoader:240 - Cannot read IP mode file for STMicroelectronics.X-CUBE-AI.9.0.0
2024-11-07 15:37:24,463 [WARN] PackLoader:240 - Cannot read IP mode file for STMicroelectronics.X-CUBE-NFC7.1.0.1
2024-11-07 15:37:24,481 [WARN] PackLoader:240 - Cannot read IP mode file for wolfSSL.I-CUBE-wolfTPM.3.2.0
2024-11-07 15:37:24,517 [WARN] ConditionMgr:438 - getConditionDescription Invalid condition id : LAN8742 Phy interface Condition cause : null
2024-11-07 15:37:24,518 [WARN] PackLoader:240 - Cannot read IP mode file for STMicroelectronics.X-CUBE-AZRTOS-L4.2.0.0
2024-11-07 15:37:24,520 [WARN] ConditionMgr:1039 - genDependencies : Invalid condition id : LAN8742 Phy interface Condition cause : null
2024-11-07 15:37:24,520 [WARN] ConditionMgr:1039 - genDependencies : Invalid condition id : LAN8742 Phy interface Condition cause : null
2024-11-07 15:37:24,521 [WARN] ConditionMgr:1039 - genDependencies : Invalid condition id : LAN8742 Phy interface Condition cause : null
2024-11-07 15:37:24,542 [WARN] PackLoader:240 - Cannot read IP mode file for STMicroelectronics.X-CUBE-SFXS2LP1.4.0.0
2024-11-07 15:37:24,585 [WARN] PackLoader:240 - Cannot read IP mode file for STMicroelectronics.X-CUBE-AZRTOS-H7.3.3.0
2024-11-07 15:37:24,859 [WARN] PackLoader:240 - Cannot read IP mode file for STMicroelectronics.X-CUBE-IPS.3.0.0
2024-11-07 15:37:24,889 [WARN] ConditionMgr:438 - getConditionDescription Invalid condition id : UX DEVICE CLASS RTOS Condition cause : null
2024-11-07 15:37:24,889 [WARN] ConditionMgr:438 - getConditionDescription Invalid condition id : UX DEVICE CLASS RTOS Condition cause : null
2024-11-07 15:37:24,891 [WARN] PackLoader:240 - Cannot read IP mode file for STMicroelectronics.X-CUBE-AZRTOS-WB.2.0.0
2024-11-07 15:37:24,891 [WARN] ConditionMgr:1039 - genDependencies : Invalid condition id : UX DEVICE CLASS RTOS Condition cause : null
2024-11-07 15:37:24,891 [WARN] ConditionMgr:1039 - genDependencies : Invalid condition id : UX DEVICE CLASS RTOS Condition cause : null
2024-11-07 15:37:24,892 [WARN] ConditionMgr:1039 - genDependencies : Invalid condition id : UX DEVICE CLASS RTOS Condition cause : null
2024-11-07 15:37:24,892 [WARN] ConditionMgr:1039 - genDependencies : Invalid condition id : UX DEVICE CLASS RTOS Condition cause : null
2024-11-07 15:37:24,892 [WARN] ConditionMgr:1039 - genDependencies : Invalid condition id : UX DEVICE CLASS RTOS Condition cause : null
2024-11-07 15:37:24,914 [WARN] PackLoader:240 - Cannot read IP mode file for STMicroelectronics.X-CUBE-GNSS1.7.0.0
2024-11-07 15:37:24,937 [WARN] PackLoader:240 - Cannot read IP mode file for STMicroelectronics.FP-SNS-STBOX1.2.0.0
2024-11-07 15:37:24,964 [WARN] PackLoader:240 - Cannot read IP mode file for STMicroelectronics.X-CUBE-SUBG2.5.0.0
2024-11-07 15:37:25,000 [WARN] PackLoader:240 - Cannot read IP mode file for STMicroelectronics.X-CUBE-AZRTOS-G4.2.0.0
2024-11-07 15:37:25,017 [WARN] PackLoader:240 - Cannot read IP mode file for STMicroelectronics.X-CUBE-ISPU.2.0.0
2024-11-07 15:37:25,034 [WARN] PackLoader:240 - Cannot read IP mode file for STMicroelectronics.X-CUBE-ALS.1.0.2
2024-11-07 15:37:25,094 [WARN] PackLoader:240 - Cannot read IP mode file for STMicroelectronics.X-CUBE-MEMS1.10.0.0
2024-11-07 15:37:25,203 [WARN] PackLoader:240 - Cannot read IP mode file for STMicroelectronics.X-CUBE-TOUCHGFX.4.24.0
2024-11-07 15:37:25,216 [WARN] PackLoader:240 - Cannot read IP mode file for STMicroelectronics.X-CUBE-TOUCHGFX.4.24.1
2024-11-07 15:37:25,233 [WARN] PackLoader:240 - Cannot read IP mode file for portGmbH.I-Cube-SoM-uGOAL.1.1.0
2024-11-07 15:37:25,245 [WARN] PackLoader:240 - Cannot read IP mode file for STMicroelectronics.X-CUBE-ALS.1.0.1
2024-11-07 15:37:25,272 [WARN] PackLoader:240 - Cannot read IP mode file for STMicroelectronics.X-CUBE-AZRTOS-H7RS.1.0.0
2024-11-07 15:37:25,289 [WARN] PackLoader:240 - Cannot read IP mode file for STMicroelectronics.FP-ATR-ASTRA1.2.0.0
2024-11-07 15:37:25,309 [WARN] PackLoader:240 - Cannot read IP mode file for STMicroelectronics.X-CUBE-TOF1.3.4.2
2024-11-07 15:37:25,337 [WARN] PackLoader:240 - Cannot read IP mode file for STMicroelectronics.X-CUBE-TOF1.3.4.1
2024-11-07 15:37:25,380 [WARN] PackLoader:240 - Cannot read IP mode file for STMicroelectronics.X-CUBE-AZRTOS-H7.3.2.0
2024-11-07 15:37:25,424 [WARN] PackLoader:240 - Cannot read IP mode file for Infineon.AIROC-Wi-Fi-Bluetooth-STM32.1.6.0
2024-11-07 15:37:25,443 [WARN] PackLoader:240 - Cannot read IP mode file for wolfSSL.I-CUBE-wolfSSH.1.4.17
2024-11-07 15:37:25,444 [INFO] ThirdParty:978 - Integrity check success = true
2024-11-07 15:37:25,444 [INFO] IntegrityCheckThread:100 - exiting critical section [integrity check]
2024-11-07 15:37:25,444 [INFO] IntegrityCheckThread:103 - End integrity checks thread
2024-11-07 15:37:30,543 [INFO] WebApp:161 - Instantiating new browser for Auth
2024-11-07 15:37:31,151 [INFO] WebApp:779 - Register for checkConnection events
2024-11-07 15:37:31,151 [INFO] WebApp:414 - Apply proxy settings
2024-11-07 15:37:31,151 [INFO] WebApp:499 - Chromium requires no authentication
2024-11-07 15:37:31,158 [INFO] WebApp:442 - Direct internet connection detected
2024-11-07 15:37:31,336 [INFO] WebApp:192 - Starting web application
2024-11-07 15:37:31,336 [INFO] WebApp:544 - Web application path used C:\ST\STM32CubeIDE_1.15.1\STM32CubeIDE\plugins\com.st.stm32cube.common.mx_6.11.1.202404110753\db\plugins\mcufinder\reactClient1\index.html
2024-11-07 16:51:51,711 [ERROR] LogOutputStream:75 - [STDERR_REDIRECT] 
2024-11-07 16:51:51,712 [ERROR] LogOutputStream:75 - [STDERR_REDIRECT] 
2024-11-07 20:13:10,708 [INFO] Activator:176 - 


2024-11-07 20:13:10,710 [INFO] Activator:177 - !SESSION log4j initialized
2024-11-07 20:13:17,158 [INFO] LogOutputStream:77 - [STDOUT_REDIRECT] 
2024-11-07 20:13:20,349 [INFO] ApplicationProperties:184 - Using Application install path: C:\ST\STM32CubeIDE_1.15.1\STM32CubeIDE\plugins\com.st.stm32cube.common.mx_6.11.1.202404110753
2024-11-07 20:13:20,376 [INFO] DbMcusXml:78 - Set database path to: C:\ST\STM32CubeIDE_1.15.1\STM32CubeIDE\plugins\com.st.stm32cube.common.mx_6.11.1.202404110753\\db\/mcu/
2024-11-07 20:13:20,376 [INFO] ApiDb:274 - Set plugin database path to: C:\ST\STM32CubeIDE_1.15.1\STM32CubeIDE\plugins\com.st.stm32cube.common.mx_6.11.1.202404110753\\db\/plugins/boardmanager/
2024-11-07 20:13:20,376 [WARN] ApiDb:259 - Overriding images path with different value:  => C:\ST\STM32CubeIDE_1.15.1\STM32CubeIDE\plugins\com.st.stm32cube.common.mx_6.11.1.202404110753\\db\/plugins/mcufinder/images/
2024-11-07 20:13:20,395 [INFO] ApiDb:250 - Set database path to: C:\Users\dbank\.stmcufinder\plugins\mcufinder//mcu/
2024-11-07 20:13:20,397 [INFO] DbMcusAds:125 - Set database path to: C:\Users\dbank\.stmcufinder\plugins\mcufinder//mcu/
2024-11-07 20:13:20,400 [INFO] CrossReferenceDbSqlite:203 - Set database path to: C:\Users\dbank\.stmcufinder\plugins\mcufinder//mcu/cs/
2024-11-07 20:13:20,577 [INFO] RulesReader:64 - Compatibility file has been processed (297 Rules)
2024-11-07 20:13:20,729 [INFO] DbMcusXml:78 - Set database path to: C:\ST\STM32CubeIDE_1.15.1\STM32CubeIDE\plugins\com.st.stm32cube.common.mx_6.11.1.202404110753\\db\/mcu/
2024-11-07 20:13:20,729 [INFO] ApiDb:274 - Set plugin database path to: C:\ST\STM32CubeIDE_1.15.1\STM32CubeIDE\plugins\com.st.stm32cube.common.mx_6.11.1.202404110753\\db\/plugins/boardmanager/
2024-11-07 20:13:20,729 [INFO] ApiDb:261 - Set plugin images path to: C:\ST\STM32CubeIDE_1.15.1\STM32CubeIDE\plugins\com.st.stm32cube.common.mx_6.11.1.202404110753\\db\/plugins/mcufinder/images/
2024-11-07 20:13:20,729 [WARN] DbFile:41 - Overriding database path with different value: C:\Users\dbank\.stmcufinder\plugins\mcufinder/ => C:\Users\dbank\.stmcufinder\plugins\mcufinder
2024-11-07 20:13:20,729 [INFO] ApiDb:250 - Set database path to: C:\Users\dbank\.stmcufinder\plugins\mcufinder//mcu/
2024-11-07 20:13:20,730 [WARN] DbFile:41 - Overriding database path with different value: C:\Users\dbank\.stmcufinder\plugins\mcufinder/ => C:\Users\dbank\.stmcufinder\plugins\mcufinder
2024-11-07 20:13:20,730 [INFO] DbMcusAds:125 - Set database path to: C:\Users\dbank\.stmcufinder\plugins\mcufinder//mcu/
2024-11-07 20:13:20,730 [WARN] DbFile:41 - Overriding database path with different value: C:\Users\dbank\.stmcufinder\plugins\mcufinder/ => C:\Users\dbank\.stmcufinder\plugins\mcufinder
2024-11-07 20:13:20,730 [WARN] DbFile:41 - Overriding database path with different value: C:\Users\dbank\.stmcufinder\plugins\mcufinder/ => C:\Users\dbank\.stmcufinder\plugins\mcufinder
2024-11-07 20:13:20,730 [INFO] CrossReferenceDbSqlite:203 - Set database path to: C:\Users\dbank\.stmcufinder\plugins\mcufinder//mcu/cs/
2024-11-07 20:13:20,843 [INFO] MainPanel:264 - HeapMemory: 268435456
2024-11-07 20:13:20,953 [INFO] DbMcusXml:78 - Set database path to: C:\ST\STM32CubeIDE_1.15.1\STM32CubeIDE\plugins\com.st.stm32cube.common.mx_6.11.1.202404110753\\db\/mcu/
2024-11-07 20:13:20,953 [INFO] ApiDb:274 - Set plugin database path to: C:\ST\STM32CubeIDE_1.15.1\STM32CubeIDE\plugins\com.st.stm32cube.common.mx_6.11.1.202404110753\\db\/plugins/boardmanager/
2024-11-07 20:13:20,955 [INFO] ApiDb:261 - Set plugin images path to: C:\ST\STM32CubeIDE_1.15.1\STM32CubeIDE\plugins\com.st.stm32cube.common.mx_6.11.1.202404110753\\db\/plugins/mcufinder/images/
2024-11-07 20:13:20,955 [WARN] DbFile:41 - Overriding database path with different value: C:\Users\dbank\.stmcufinder\plugins\mcufinder/ => C:\Users\dbank\.stmcufinder\plugins\mcufinder
2024-11-07 20:13:20,955 [INFO] ApiDb:250 - Set database path to: C:\Users\dbank\.stmcufinder\plugins\mcufinder//mcu/
2024-11-07 20:13:20,955 [WARN] DbFile:41 - Overriding database path with different value: C:\Users\dbank\.stmcufinder\plugins\mcufinder/ => C:\Users\dbank\.stmcufinder\plugins\mcufinder
2024-11-07 20:13:20,955 [INFO] DbMcusAds:125 - Set database path to: C:\Users\dbank\.stmcufinder\plugins\mcufinder//mcu/
2024-11-07 20:13:20,955 [WARN] DbFile:41 - Overriding database path with different value: C:\Users\dbank\.stmcufinder\plugins\mcufinder/ => C:\Users\dbank\.stmcufinder\plugins\mcufinder
2024-11-07 20:13:20,955 [WARN] DbFile:41 - Overriding database path with different value: C:\Users\dbank\.stmcufinder\plugins\mcufinder/ => C:\Users\dbank\.stmcufinder\plugins\mcufinder
2024-11-07 20:13:20,955 [INFO] CrossReferenceDbSqlite:203 - Set database path to: C:\Users\dbank\.stmcufinder\plugins\mcufinder//mcu/cs/
2024-11-07 20:13:20,981 [INFO] ApplicationProperties:184 - Using Application install path: C:\ST\STM32CubeIDE_1.15.1\STM32CubeIDE\plugins\com.st.stm32cube.common.mx_6.11.1.202404110753
2024-11-07 20:13:20,983 [INFO] PluginManage:196 - Search for loadable plugins [exclusion list=, ]
2024-11-07 20:13:20,985 [INFO] PluginManage:310 - Check plugin analytics
2024-11-07 20:13:21,212 [INFO] AnalyticsPlugin:253 - Accepted Software Licenses: STM32CubeMX.6.11.1
2024-11-07 20:13:21,213 [INFO] AnalyticsPlugin:255 - Accepted CMSIS Pack Licenses: STMicroelectronics.X-CUBE-AZRTOS-H7.3.3.0
2024-11-07 20:13:21,213 [INFO] AnalyticsPlugin:257 - Accepted Firmware Licenses: FW.H7.1.11.0,FW.H7.1.10.0,FW.L4.1.18.0,FW.F4.1.28.0
2024-11-07 20:13:21,218 [INFO] PluginManage:359 - Loaded plugin analytics (category:tool,tabindex:-1)
2024-11-07 20:13:21,219 [INFO] PluginManage:310 - Check plugin cadmodel
2024-11-07 20:13:21,243 [INFO] CADModel:105 - Init CAD model plugin
2024-11-07 20:13:21,243 [INFO] PluginManage:359 - Loaded plugin cadmodel (category:power,tabindex:5)
2024-11-07 20:13:21,243 [INFO] PluginManage:310 - Check plugin clock
2024-11-07 20:13:21,272 [INFO] PluginManage:359 - Loaded plugin clock (category:base,tabindex:2)
2024-11-07 20:13:21,272 [INFO] PluginManage:310 - Check plugin ddr
2024-11-07 20:13:21,278 [INFO] PluginManage:359 - Loaded plugin ddr (category:tool,tabindex:6)
2024-11-07 20:13:21,278 [INFO] PluginManage:310 - Check plugin filemanager
2024-11-07 20:13:21,557 [INFO] PluginManage:359 - Loaded plugin filemanager (category:base,tabindex:10)
2024-11-07 20:13:21,558 [INFO] PluginManage:310 - Check plugin ipmanager
2024-11-07 20:13:21,573 [INFO] PluginManage:359 - Loaded plugin ipmanager (category:base,tabindex:5)
2024-11-07 20:13:21,574 [INFO] PluginManage:310 - Check plugin lpbam
2024-11-07 20:13:21,606 [INFO] PluginManage:359 - Loaded plugin lpbam (category:base,tabindex:0)
2024-11-07 20:13:21,607 [INFO] PluginManage:310 - Check plugin memorymap
2024-11-07 20:13:21,646 [INFO] PluginManage:359 - Loaded plugin memorymap (category:base,tabindex:4)
2024-11-07 20:13:21,646 [INFO] PluginManage:310 - Check plugin pinoutandconfiguration
2024-11-07 20:13:21,671 [INFO] PluginManage:359 - Loaded plugin pinoutandconfiguration (category:base,tabindex:1)
2024-11-07 20:13:21,671 [INFO] PluginManage:310 - Check plugin pinoutconfig
2024-11-07 20:13:21,817 [WARN] SupportedApi:132 - Cannot load RTOS API schema: s4s-elt-must-match.1: The content of 'definitions' must match (annotation?, (simpleType | complexType)?, (unique | key | keyref)*)). A problem was found starting at: attribute.
2024-11-07 20:13:22,164 [INFO] PluginManage:359 - Loaded plugin pinoutconfig (category:base,tabindex:0)
2024-11-07 20:13:22,164 [INFO] PluginManage:310 - Check plugin power
2024-11-07 20:13:22,204 [INFO] PluginManage:359 - Loaded plugin power (category:power,tabindex:4)
2024-11-07 20:13:22,204 [INFO] PluginManage:310 - Check plugin projectmanager
2024-11-07 20:13:22,296 [INFO] PluginManage:359 - Loaded plugin projectmanager (category:projectmanager,tabindex:3)
2024-11-07 20:13:22,296 [INFO] PluginManage:310 - Check plugin thirdparty
2024-11-07 20:13:22,732 [INFO] PluginManage:359 - Loaded plugin thirdparty (category:base,tabindex:-1)
2024-11-07 20:13:22,732 [INFO] PluginManage:310 - Check plugin tools
2024-11-07 20:13:22,732 [WARN] IntegrityCheckThread:84 - waiting for thirdparty lock release [integrity check]
2024-11-07 20:13:22,733 [INFO] IntegrityCheckThread:86 - entering critical section [integrity check]
2024-11-07 20:13:22,733 [INFO] ThirdPartyUpdaterWithRetryManager:70 - Updater plugin not ready yet. [1/15]
2024-11-07 20:13:22,787 [INFO] PluginManage:359 - Loaded plugin tools (category:base,tabindex:7)
2024-11-07 20:13:22,788 [INFO] PluginManage:310 - Check plugin tutovideos
2024-11-07 20:13:23,213 [INFO] PluginManage:359 - Loaded plugin tutovideos (category:base,tabindex:-1)
2024-11-07 20:13:23,213 [INFO] PluginManage:310 - Check plugin updater
2024-11-07 20:13:23,234 [INFO] PluginManage:359 - Loaded plugin updater (category:base,tabindex:12)
2024-11-07 20:13:23,234 [INFO] PluginManage:310 - Check plugin userauth
2024-11-07 20:13:23,245 [INFO] UserAuth:114 - Init User Auth plugin
2024-11-07 20:13:23,245 [INFO] PluginManage:359 - Loaded plugin userauth (category:base,tabindex:14)
2024-11-07 20:13:23,246 [INFO] PluginManage:283 - PluginManage : Loaded plugins [17]
2024-11-07 20:13:23,644 [INFO] PinOutPanel:1561 - setPackage(No Configuration,No Configuration)
2024-11-07 20:13:23,760 [INFO] CADModel:165 - CPN selected for project level
2024-11-07 20:13:23,760 [INFO] CADModel:114 - Register for checkConnection events
2024-11-07 20:13:23,800 [INFO] IPUIPlugin:80 - create IPUIPlugin
2024-11-07 20:13:23,800 [INFO] PluginManager:220 - loadIPPluginJar : add adc
2024-11-07 20:13:23,873 [INFO] IPUIPlugin:80 - create IPUIPlugin
2024-11-07 20:13:23,873 [INFO] PluginManager:220 - loadIPPluginJar : add aes
2024-11-07 20:13:23,965 [INFO] IPUIPlugin:80 - create IPUIPlugin
2024-11-07 20:13:23,965 [INFO] PluginManager:220 - loadIPPluginJar : add can
2024-11-07 20:13:24,016 [INFO] IPUIPlugin:80 - create IPUIPlugin
2024-11-07 20:13:24,016 [INFO] PluginManager:220 - loadIPPluginJar : add comp
2024-11-07 20:13:24,105 [INFO] IPUIPlugin:80 - create IPUIPlugin
2024-11-07 20:13:24,105 [INFO] PluginManager:220 - loadIPPluginJar : add cryp
2024-11-07 20:13:24,170 [INFO] IPUIPlugin:80 - create IPUIPlugin
2024-11-07 20:13:24,171 [INFO] PluginManager:220 - loadIPPluginJar : add dfsdm
2024-11-07 20:13:24,197 [INFO] IPUIPlugin:80 - create IPUIPlugin
2024-11-07 20:13:24,198 [INFO] PluginManager:220 - loadIPPluginJar : add dma
2024-11-07 20:13:24,288 [INFO] IPUIPlugin:80 - create IPUIPlugin
2024-11-07 20:13:24,288 [INFO] PluginManager:220 - loadIPPluginJar : add dma3
2024-11-07 20:13:24,373 [INFO] IPUIPlugin:80 - create IPUIPlugin
2024-11-07 20:13:24,373 [INFO] PluginManager:220 - loadIPPluginJar : add extmemmanager
2024-11-07 20:13:24,405 [INFO] IPUIPlugin:80 - create IPUIPlugin
2024-11-07 20:13:24,405 [INFO] PluginManager:220 - loadIPPluginJar : add fatfs
2024-11-07 20:13:24,487 [INFO] IPUIPlugin:80 - create IPUIPlugin
2024-11-07 20:13:24,487 [INFO] PluginManager:220 - loadIPPluginJar : add fmc
2024-11-07 20:13:24,513 [INFO] IPUIPlugin:80 - create IPUIPlugin
2024-11-07 20:13:24,513 [INFO] PluginManager:220 - loadIPPluginJar : add freertos
2024-11-07 20:13:24,553 [INFO] IPUIPlugin:80 - create IPUIPlugin
2024-11-07 20:13:24,554 [INFO] PluginManager:220 - loadIPPluginJar : add genericplugin
2024-11-07 20:13:24,746 [INFO] IPUIPlugin:80 - create IPUIPlugin
2024-11-07 20:13:24,746 [INFO] PluginManager:220 - loadIPPluginJar : add gfxmmu
2024-11-07 20:13:25,002 [INFO] IPUIPlugin:80 - create IPUIPlugin
2024-11-07 20:13:25,002 [INFO] PluginManager:220 - loadIPPluginJar : add gic
2024-11-07 20:13:25,023 [INFO] IPUIPlugin:80 - create IPUIPlugin
2024-11-07 20:13:25,023 [INFO] PluginManager:220 - loadIPPluginJar : add gpio
2024-11-07 20:13:25,206 [INFO] IPUIPlugin:80 - create IPUIPlugin
2024-11-07 20:13:25,206 [INFO] PluginManager:220 - loadIPPluginJar : add gtzc
2024-11-07 20:13:25,259 [INFO] IPUIPlugin:80 - create IPUIPlugin
2024-11-07 20:13:25,259 [INFO] PluginManager:220 - loadIPPluginJar : add hash
2024-11-07 20:13:25,369 [INFO] IPUIPlugin:80 - create IPUIPlugin
2024-11-07 20:13:25,369 [INFO] PluginManager:220 - loadIPPluginJar : add i2c
2024-11-07 20:13:25,457 [INFO] IPUIPlugin:80 - create IPUIPlugin
2024-11-07 20:13:25,457 [INFO] PluginManager:220 - loadIPPluginJar : add i2s
2024-11-07 20:13:25,536 [INFO] IPUIPlugin:80 - create IPUIPlugin
2024-11-07 20:13:25,536 [INFO] PluginManager:220 - loadIPPluginJar : add i3c
2024-11-07 20:13:25,742 [INFO] ThirdPartyUpdaterWithRetryManager:70 - Updater plugin not ready yet. [2/15]
2024-11-07 20:13:25,764 [INFO] IPUIPlugin:80 - create IPUIPlugin
2024-11-07 20:13:25,764 [INFO] PluginManager:220 - loadIPPluginJar : add ipddr
2024-11-07 20:13:25,964 [INFO] IPUIPlugin:80 - create IPUIPlugin
2024-11-07 20:13:25,965 [INFO] PluginManager:220 - loadIPPluginJar : add linkedlist
2024-11-07 20:13:26,030 [INFO] IPUIPlugin:80 - create IPUIPlugin
2024-11-07 20:13:26,030 [INFO] PluginManager:220 - loadIPPluginJar : add lorawan
2024-11-07 20:13:26,106 [INFO] IPUIPlugin:80 - create IPUIPlugin
2024-11-07 20:13:26,107 [INFO] PluginManager:220 - loadIPPluginJar : add ltdc
2024-11-07 20:13:26,139 [INFO] IPUIPlugin:80 - create IPUIPlugin
2024-11-07 20:13:26,139 [INFO] PluginManager:220 - loadIPPluginJar : add mdma
2024-11-07 20:13:26,158 [INFO] IPUIPlugin:80 - create IPUIPlugin
2024-11-07 20:13:26,159 [INFO] PluginManager:220 - loadIPPluginJar : add nvic
2024-11-07 20:13:26,329 [INFO] IPUIPlugin:80 - create IPUIPlugin
2024-11-07 20:13:26,329 [INFO] PluginManager:220 - loadIPPluginJar : add opamp
2024-11-07 20:13:26,476 [INFO] IPUIPlugin:80 - create IPUIPlugin
2024-11-07 20:13:26,476 [INFO] PluginManager:220 - loadIPPluginJar : add openamp
2024-11-07 20:13:26,574 [INFO] IPUIPlugin:80 - create IPUIPlugin
2024-11-07 20:13:26,575 [INFO] PluginManager:220 - loadIPPluginJar : add pdm2pcm
2024-11-07 20:13:26,606 [INFO] IPUIPlugin:80 - create IPUIPlugin
2024-11-07 20:13:26,613 [INFO] PluginManager:220 - loadIPPluginJar : add plateformsettings
2024-11-07 20:13:26,666 [INFO] IPUIPlugin:80 - create IPUIPlugin
2024-11-07 20:13:26,666 [INFO] PluginManager:220 - loadIPPluginJar : add quadspi
2024-11-07 20:13:26,691 [INFO] IPUIPlugin:80 - create IPUIPlugin
2024-11-07 20:13:26,691 [INFO] PluginManager:220 - loadIPPluginJar : add resmgrutility
2024-11-07 20:13:26,788 [INFO] IPUIPlugin:80 - create IPUIPlugin
2024-11-07 20:13:26,788 [INFO] PluginManager:220 - loadIPPluginJar : add sai
2024-11-07 20:13:26,869 [INFO] IPUIPlugin:80 - create IPUIPlugin
2024-11-07 20:13:26,869 [INFO] PluginManager:220 - loadIPPluginJar : add spi
2024-11-07 20:13:27,016 [INFO] IPUIPlugin:80 - create IPUIPlugin
2024-11-07 20:13:27,017 [INFO] PluginManager:220 - loadIPPluginJar : add stm32_wpan
2024-11-07 20:13:27,068 [INFO] IPUIPlugin:80 - create IPUIPlugin
2024-11-07 20:13:27,069 [INFO] PluginManager:220 - loadIPPluginJar : add tim
2024-11-07 20:13:27,215 [INFO] IPUIPlugin:80 - create IPUIPlugin
2024-11-07 20:13:27,215 [INFO] PluginManager:220 - loadIPPluginJar : add touchsensing
2024-11-07 20:13:27,259 [INFO] IPUIPlugin:80 - create IPUIPlugin
2024-11-07 20:13:27,259 [INFO] PluginManager:220 - loadIPPluginJar : add tracer_emb
2024-11-07 20:13:27,311 [INFO] IPUIPlugin:80 - create IPUIPlugin
2024-11-07 20:13:27,311 [INFO] PluginManager:220 - loadIPPluginJar : add ts
2024-11-07 20:13:27,348 [INFO] IPUIPlugin:80 - create IPUIPlugin
2024-11-07 20:13:27,348 [INFO] PluginManager:220 - loadIPPluginJar : add tsc
2024-11-07 20:13:27,385 [INFO] IPUIPlugin:80 - create IPUIPlugin
2024-11-07 20:13:27,385 [INFO] PluginManager:220 - loadIPPluginJar : add ucpd
2024-11-07 20:13:27,478 [INFO] IPUIPlugin:80 - create IPUIPlugin
2024-11-07 20:13:27,479 [INFO] PluginManager:220 - loadIPPluginJar : add usart
2024-11-07 20:13:27,581 [INFO] IPUIPlugin:80 - create IPUIPlugin
2024-11-07 20:13:27,582 [INFO] PluginManager:220 - loadIPPluginJar : add usbx
2024-11-07 20:13:27,774 [INFO] CADModel:165 - CPN selected for project level
2024-11-07 20:13:27,774 [INFO] CADModel:114 - Register for checkConnection events
2024-11-07 20:13:27,774 [FATAL] Updater:308 - Updater called before beeing initialized
2024-11-07 20:13:27,774 [ERROR] CADModel:125 - Updater not yet initialized, retry later 
2024-11-07 20:13:28,027 [INFO] CADModel:165 - CPN selected for project level
2024-11-07 20:13:28,027 [INFO] CADModel:114 - Register for checkConnection events
2024-11-07 20:13:28,027 [FATAL] Updater:308 - Updater called before beeing initialized
2024-11-07 20:13:28,028 [ERROR] CADModel:125 - Updater not yet initialized, retry later 
2024-11-07 20:13:28,033 [FATAL] Updater:308 - Updater called before beeing initialized
2024-11-07 20:13:28,220 [FATAL] Updater:308 - Updater called before beeing initialized
2024-11-07 20:13:28,234 [INFO] DbMcusAds:53 - JSON generation date=Fri Sep 20 15:04:23 CEST 2024 (1726837463113)
2024-11-07 20:13:28,234 [FATAL] Updater:308 - Updater called before beeing initialized
2024-11-07 20:13:28,344 [WARN] DetailPanel:346 - Failed to get advertising image, set to default
2024-11-07 20:13:28,462 [FATAL] Updater:308 - Updater called before beeing initialized
2024-11-07 20:13:28,466 [FATAL] Updater:308 - Updater called before beeing initialized
2024-11-07 20:13:28,466 [FATAL] Updater:308 - Updater called before beeing initialized
2024-11-07 20:13:28,466 [WARN] DetailPanel:346 - Failed to get advertising image, set to default
2024-11-07 20:13:28,467 [FATAL] Updater:308 - Updater called before beeing initialized
2024-11-07 20:13:28,631 [ERROR] Updater:1120 - MainUpdater not yet initialized. External WinMGr cannot be set.
2024-11-07 20:13:28,649 [INFO] Updater:1056 - Updater Version found : 6.11.1
2024-11-07 20:13:28,684 [INFO] ApplicationProperties:184 - Using Application install path: C:\ST\STM32CubeIDE_1.15.1\STM32CubeIDE\plugins\com.st.stm32cube.common.mx_6.11.1.202404110753
2024-11-07 20:13:28,755 [INFO] ThirdPartyUpdaterWithRetryManager:70 - Updater plugin not ready yet. [3/15]
2024-11-07 20:13:30,316 [ERROR] LogOutputStream:75 - [STDERR_REDIRECT] Nov 07, 2024 8:13:30 PM java.util.prefs.WindowsPreferences <init>
2024-11-07 20:13:30,318 [ERROR] LogOutputStream:75 - [STDERR_REDIRECT] WARNING: Could not open/create prefs root node Software\JavaSoft\Prefs at root 0xffffffff80000002. Windows RegCreateKeyEx(...) returned error code 5.
2024-11-07 20:13:30,319 [ERROR] LogOutputStream:75 - [STDERR_REDIRECT] 
2024-11-07 20:13:31,067 [INFO] MainUpdater:2873 - connection check result : 10
2024-11-07 20:13:31,070 [INFO] MainUpdater:290 - Updater Check For Update Now.
2024-11-07 20:13:31,070 [INFO] MicroXplorer:498 - Change Database Version : DB.6.0.111
2024-11-07 20:13:31,098 [INFO] McuFinderGlobals:63 - Set McuFinder mode to 2 (CubeIDE integrated)
2024-11-07 20:13:31,120 [INFO] UserAuth:415 - Internet connection configuration mode: 1
2024-11-07 20:13:31,162 [INFO] JxBrowserEngine:152 - Initiate JxBrowser Engine with user profile folder
2024-11-07 20:13:31,417 [INFO] CheckServerUpdateThread:120 - End of CheckServer Thread
2024-11-07 20:13:32,268 [WARN] PackLoader:240 - Cannot read IP mode file for STMicroelectronics.FP-SNS-MOTENVWB1.1.4.0
2024-11-07 20:13:32,325 [WARN] PackLoader:240 - Cannot read IP mode file for STMicroelectronics.X-CUBE-SMBUS.2.1.0
2024-11-07 20:13:32,362 [WARN] PackLoader:240 - Cannot read IP mode file for STMicroelectronics.X-CUBE-WB05N.1.1.0
2024-11-07 20:13:32,404 [WARN] PackLoader:240 - Cannot read IP mode file for STMicroelectronics.X-CUBE-TOUCHGFX.4.23.2
2024-11-07 20:13:32,502 [WARN] PackLoader:240 - Cannot read IP mode file for STMicroelectronics.X-CUBE-AZRTOS-F7.1.1.0
2024-11-07 20:13:32,674 [WARN] PackLoader:240 - Cannot read IP mode file for STMicroelectronics.X-CUBE-MEMS1.11.0.0
2024-11-07 20:13:32,979 [WARN] PackLoader:240 - Cannot read IP mode file for STMicroelectronics.FP-SNS-FLIGHT1.5.0.2
2024-11-07 20:13:33,006 [WARN] PackLoader:240 - Cannot read IP mode file for STMicroelectronics.X-CUBE-DISPLAY.3.0.0
2024-11-07 20:13:33,045 [WARN] PackLoader:240 - Cannot read IP mode file for STMicroelectronics.X-CUBE-BLE1.7.0.0
2024-11-07 20:13:33,072 [WARN] PackLoader:240 - Cannot read IP mode file for STMicroelectronics.X-CUBE-NFC10.1.0.0
2024-11-07 20:13:33,099 [WARN] PackLoader:240 - Cannot read IP mode file for emotas.I-CUBE-CANOPEN.1.3.0
2024-11-07 20:13:33,125 [WARN] PackLoader:240 - Cannot read IP mode file for STMicroelectronics.X-CUBE-BLEMGR.3.1.0
2024-11-07 20:13:33,150 [WARN] PackLoader:240 - Cannot read IP mode file for STMicroelectronics.FP-SNS-SMARTAG2.1.2.0
2024-11-07 20:13:33,183 [INFO] LogOutputStream:77 - [STDOUT_REDIRECT] 1 : Invalid condition id : UX_CORESTACK_Condition cause : null
2024-11-07 20:13:33,184 [INFO] LogOutputStream:77 - [STDOUT_REDIRECT] 1 : Invalid condition id : UX_CORESTACK_Condition cause : null
2024-11-07 20:13:33,185 [INFO] LogOutputStream:77 - [STDOUT_REDIRECT] 1 : Invalid condition id : UX_CORESTACK_Condition cause : null
2024-11-07 20:13:33,186 [INFO] LogOutputStream:77 - [STDOUT_REDIRECT] 1 : Invalid condition id : UX_CORESTACK_Condition cause : null
2024-11-07 20:13:33,189 [INFO] LogOutputStream:77 - [STDOUT_REDIRECT] 1 : Invalid condition id : UX_CORESTACK_Condition cause : null
2024-11-07 20:13:33,193 [WARN] PackLoader:240 - Cannot read IP mode file for STMicroelectronics.X-CUBE-AZRTOS-WL.2.0.0
2024-11-07 20:13:33,222 [WARN] PackLoader:240 - Cannot read IP mode file for STMicroelectronics.FP-SNS-MOTENV1.5.0.0
2024-11-07 20:13:33,247 [WARN] PackLoader:240 - Cannot read IP mode file for wolfSSL.I-CUBE-wolfMQTT.1.19.0
2024-11-07 20:13:33,273 [WARN] PackLoader:240 - Cannot read IP mode file for WES.I-CUBE-Cesium.1.3.0
2024-11-07 20:13:33,294 [WARN] PackLoader:240 - Cannot read IP mode file for STMicroelectronics.X-CUBE-BLE2.3.3.0
2024-11-07 20:13:33,323 [WARN] PackLoader:240 - Cannot read IP mode file for STMicroelectronics.X-CUBE-NFC9.1.0.0
2024-11-07 20:13:33,347 [WARN] PackLoader:240 - Cannot read IP mode file for STMicroelectronics.X-CUBE-TCPP.4.1.0
2024-11-07 20:13:33,373 [WARN] PackLoader:240 - Cannot read IP mode file for STMicroelectronics.X-CUBE-ALGOBUILD.1.3.0
2024-11-07 20:13:33,420 [WARN] PackLoader:240 - Cannot read IP mode file for STMicroelectronics.X-CUBE-AZRTOS-G0.1.1.0
2024-11-07 20:13:33,447 [WARN] PackLoader:240 - Cannot read IP mode file for STMicroelectronics.X-CUBE-SAFEA1.1.2.2
2024-11-07 20:13:33,469 [WARN] PackLoader:240 - Cannot read IP mode file for STMicroelectronics.X-CUBE-NFC4.3.0.0
2024-11-07 20:13:33,501 [WARN] PackLoader:240 - Cannot read IP mode file for EmbeddedOffice.I-CUBE-FS-RTOS.1.0.1
2024-11-07 20:13:33,502 [ERROR] ConditionMgr:805 - Attr not supported : Dmpu
2024-11-07 20:13:33,502 [ERROR] ConditionMgr:805 - Attr not supported : Dmpu
2024-11-07 20:13:33,502 [ERROR] ConditionMgr:805 - Attr not supported : Dmpu
2024-11-07 20:13:33,502 [ERROR] ConditionMgr:805 - Attr not supported : Dmpu
2024-11-07 20:13:33,502 [ERROR] ConditionMgr:805 - Attr not supported : Dmpu
2024-11-07 20:13:33,502 [ERROR] ConditionMgr:805 - Attr not supported : Dmpu
2024-11-07 20:13:33,503 [ERROR] ConditionMgr:805 - Attr not supported : Dmpu
2024-11-07 20:13:33,503 [ERROR] ConditionMgr:805 - Attr not supported : Dmpu
2024-11-07 20:13:33,503 [ERROR] ConditionMgr:805 - Attr not supported : Dmpu
2024-11-07 20:13:33,503 [ERROR] ConditionMgr:805 - Attr not supported : Dmpu
2024-11-07 20:13:33,503 [ERROR] ConditionMgr:805 - Attr not supported : Dmpu
2024-11-07 20:13:33,503 [ERROR] ConditionMgr:805 - Attr not supported : Dmpu
2024-11-07 20:13:33,503 [ERROR] ConditionMgr:805 - Attr not supported : Dmpu
2024-11-07 20:13:33,504 [ERROR] ConditionMgr:805 - Attr not supported : Dmpu
2024-11-07 20:13:33,504 [ERROR] ConditionMgr:805 - Attr not supported : Dmpu
2024-11-07 20:13:33,504 [ERROR] ConditionMgr:805 - Attr not supported : Dmpu
2024-11-07 20:13:33,504 [ERROR] ConditionMgr:805 - Attr not supported : Dmpu
2024-11-07 20:13:33,504 [ERROR] ConditionMgr:805 - Attr not supported : Dmpu
2024-11-07 20:13:33,504 [ERROR] ConditionMgr:805 - Attr not supported : Dmpu
2024-11-07 20:13:33,504 [ERROR] ConditionMgr:805 - Attr not supported : Dmpu
2024-11-07 20:13:33,504 [ERROR] ConditionMgr:805 - Attr not supported : Dmpu
2024-11-07 20:13:33,504 [ERROR] ConditionMgr:805 - Attr not supported : Dmpu
2024-11-07 20:13:33,505 [ERROR] ConditionMgr:805 - Attr not supported : Dmpu
2024-11-07 20:13:33,505 [ERROR] ConditionMgr:805 - Attr not supported : Dmpu
2024-11-07 20:13:33,505 [ERROR] ConditionMgr:805 - Attr not supported : Dmpu
2024-11-07 20:13:33,505 [ERROR] ConditionMgr:805 - Attr not supported : Dmpu
2024-11-07 20:13:33,505 [ERROR] ConditionMgr:805 - Attr not supported : Dmpu
2024-11-07 20:13:33,505 [ERROR] ConditionMgr:805 - Attr not supported : Dmpu
2024-11-07 20:13:33,505 [ERROR] ConditionMgr:805 - Attr not supported : Dmpu
2024-11-07 20:13:33,505 [ERROR] ConditionMgr:805 - Attr not supported : Dmpu
2024-11-07 20:13:33,507 [ERROR] ConditionMgr:805 - Attr not supported : Dmpu
2024-11-07 20:13:33,507 [ERROR] ConditionMgr:805 - Attr not supported : Dmpu
2024-11-07 20:13:33,507 [ERROR] ConditionMgr:805 - Attr not supported : Dmpu
2024-11-07 20:13:33,507 [ERROR] ConditionMgr:805 - Attr not supported : Dmpu
2024-11-07 20:13:33,507 [ERROR] ConditionMgr:805 - Attr not supported : Dmpu
2024-11-07 20:13:33,507 [ERROR] ConditionMgr:805 - Attr not supported : Dmpu
2024-11-07 20:13:33,507 [ERROR] ConditionMgr:805 - Attr not supported : Dmpu
2024-11-07 20:13:33,507 [ERROR] ConditionMgr:805 - Attr not supported : Dmpu
2024-11-07 20:13:33,509 [ERROR] ConditionMgr:805 - Attr not supported : Dmpu
2024-11-07 20:13:33,509 [ERROR] ConditionMgr:805 - Attr not supported : Dmpu
2024-11-07 20:13:33,509 [ERROR] ConditionMgr:805 - Attr not supported : Dmpu
2024-11-07 20:13:33,509 [ERROR] ConditionMgr:805 - Attr not supported : Dmpu
2024-11-07 20:13:33,509 [ERROR] ConditionMgr:805 - Attr not supported : Dmpu
2024-11-07 20:13:33,509 [ERROR] ConditionMgr:805 - Attr not supported : Dmpu
2024-11-07 20:13:33,510 [ERROR] ConditionMgr:805 - Attr not supported : Dmpu
2024-11-07 20:13:33,510 [ERROR] ConditionMgr:805 - Attr not supported : Dmpu
2024-11-07 20:13:33,510 [ERROR] ConditionMgr:805 - Attr not supported : Dmpu
2024-11-07 20:13:33,510 [ERROR] ConditionMgr:805 - Attr not supported : Dmpu
2024-11-07 20:13:33,510 [ERROR] ConditionMgr:805 - Attr not supported : Dmpu
2024-11-07 20:13:33,510 [ERROR] ConditionMgr:805 - Attr not supported : Dmpu
2024-11-07 20:13:33,510 [ERROR] ConditionMgr:805 - Attr not supported : Dmpu
2024-11-07 20:13:33,511 [ERROR] ConditionMgr:805 - Attr not supported : Dmpu
2024-11-07 20:13:33,511 [ERROR] ConditionMgr:805 - Attr not supported : Dmpu
2024-11-07 20:13:33,511 [ERROR] ConditionMgr:805 - Attr not supported : Dmpu
2024-11-07 20:13:33,511 [ERROR] ConditionMgr:805 - Attr not supported : Dmpu
2024-11-07 20:13:33,511 [ERROR] ConditionMgr:805 - Attr not supported : Dmpu
2024-11-07 20:13:33,511 [ERROR] ConditionMgr:805 - Attr not supported : Dmpu
2024-11-07 20:13:33,511 [ERROR] ConditionMgr:805 - Attr not supported : Dmpu
2024-11-07 20:13:33,511 [ERROR] ConditionMgr:805 - Attr not supported : Dmpu
2024-11-07 20:13:33,511 [ERROR] ConditionMgr:805 - Attr not supported : Dmpu
2024-11-07 20:13:33,512 [ERROR] ConditionMgr:805 - Attr not supported : Dmpu
2024-11-07 20:13:33,512 [ERROR] ConditionMgr:805 - Attr not supported : Dmpu
2024-11-07 20:13:33,512 [ERROR] ConditionMgr:805 - Attr not supported : Dmpu
2024-11-07 20:13:33,512 [ERROR] ConditionMgr:805 - Attr not supported : Dmpu
2024-11-07 20:13:33,537 [WARN] PackLoader:240 - Cannot read IP mode file for RealThread.X-CUBE-RT-Thread_Nano.4.1.1
2024-11-07 20:13:33,559 [WARN] PackLoader:240 - Cannot read IP mode file for wolfSSL.I-CUBE-wolfSSL.5.7.0
2024-11-07 20:13:33,583 [WARN] PackLoader:240 - Cannot read IP mode file for STMicroelectronics.FP-ATR-SIGFOX1.3.2.0
2024-11-07 20:13:33,611 [WARN] PackLoader:240 - Cannot read IP mode file for STMicroelectronics.X-CUBE-EEPRMA1.5.1.0
2024-11-07 20:13:33,647 [WARN] PackLoader:240 - Cannot read IP mode file for ITTIA_DB.I-CUBE-ITTIADB.8.9.0
2024-11-07 20:13:33,711 [WARN] PackLoader:240 - Cannot read IP mode file for SEGGER.I-CUBE-embOS.1.3.1
2024-11-07 20:13:33,795 [WARN] PackLoader:240 - Cannot read IP mode file for STMicroelectronics.X-CUBE-ALGOBUILD.1.4.0
2024-11-07 20:13:33,838 [WARN] PackLoader:240 - Cannot read IP mode file for STMicroelectronics.X-CUBE-AI.9.1.0
2024-11-07 20:13:33,869 [WARN] PackLoader:240 - Cannot read IP mode file for STMicroelectronics.X-CUBE-GNSS1.6.0.0
2024-11-07 20:13:33,915 [WARN] PackLoader:240 - Cannot read IP mode file for STMicroelectronics.X-CUBE-AZRTOS-F4.1.1.0
2024-11-07 20:13:33,948 [WARN] PackLoader:240 - Cannot read IP mode file for STMicroelectronics.X-CUBE-ISPU.2.1.0
2024-11-07 20:13:33,978 [WARN] PackLoader:240 - Cannot read IP mode file for STMicroelectronics.X-CUBE-FREERTOS.1.2.0
2024-11-07 20:13:34,042 [WARN] PackLoader:240 - Cannot read IP mode file for STMicroelectronics.X-CUBE-AZRTOS-L5.2.0.0
2024-11-07 20:13:34,075 [WARN] PackLoader:240 - Cannot read IP mode file for STMicroelectronics.X-CUBE-NFC6.3.1.0
2024-11-07 20:13:34,102 [WARN] PackLoader:240 - Cannot read IP mode file for STMicroelectronics.X-CUBE-DPower.1.2.0
2024-11-07 20:13:34,124 [WARN] PackLoader:240 - Cannot read IP mode file for STMicroelectronics.X-CUBE-AI.9.0.0
2024-11-07 20:13:34,150 [WARN] PackLoader:240 - Cannot read IP mode file for STMicroelectronics.X-CUBE-NFC7.1.0.1
2024-11-07 20:13:34,174 [WARN] PackLoader:240 - Cannot read IP mode file for wolfSSL.I-CUBE-wolfTPM.3.2.0
2024-11-07 20:13:34,216 [WARN] ConditionMgr:438 - getConditionDescription Invalid condition id : LAN8742 Phy interface Condition cause : null
2024-11-07 20:13:34,217 [WARN] PackLoader:240 - Cannot read IP mode file for STMicroelectronics.X-CUBE-AZRTOS-L4.2.0.0
2024-11-07 20:13:34,220 [WARN] ConditionMgr:1039 - genDependencies : Invalid condition id : LAN8742 Phy interface Condition cause : null
2024-11-07 20:13:34,220 [WARN] ConditionMgr:1039 - genDependencies : Invalid condition id : LAN8742 Phy interface Condition cause : null
2024-11-07 20:13:34,221 [WARN] ConditionMgr:1039 - genDependencies : Invalid condition id : LAN8742 Phy interface Condition cause : null
2024-11-07 20:13:34,250 [WARN] PackLoader:240 - Cannot read IP mode file for STMicroelectronics.X-CUBE-SFXS2LP1.4.0.0
2024-11-07 20:13:34,315 [WARN] PackLoader:240 - Cannot read IP mode file for STMicroelectronics.X-CUBE-AZRTOS-H7.3.3.0
2024-11-07 20:13:34,847 [WARN] PackLoader:240 - Cannot read IP mode file for STMicroelectronics.X-CUBE-IPS.3.0.0
2024-11-07 20:13:34,888 [WARN] ConditionMgr:438 - getConditionDescription Invalid condition id : UX DEVICE CLASS RTOS Condition cause : null
2024-11-07 20:13:34,888 [WARN] ConditionMgr:438 - getConditionDescription Invalid condition id : UX DEVICE CLASS RTOS Condition cause : null
2024-11-07 20:13:34,891 [WARN] PackLoader:240 - Cannot read IP mode file for STMicroelectronics.X-CUBE-AZRTOS-WB.2.0.0
2024-11-07 20:13:34,892 [WARN] ConditionMgr:1039 - genDependencies : Invalid condition id : UX DEVICE CLASS RTOS Condition cause : null
2024-11-07 20:13:34,892 [WARN] ConditionMgr:1039 - genDependencies : Invalid condition id : UX DEVICE CLASS RTOS Condition cause : null
2024-11-07 20:13:34,892 [WARN] ConditionMgr:1039 - genDependencies : Invalid condition id : UX DEVICE CLASS RTOS Condition cause : null
2024-11-07 20:13:34,892 [WARN] ConditionMgr:1039 - genDependencies : Invalid condition id : UX DEVICE CLASS RTOS Condition cause : null
2024-11-07 20:13:34,892 [WARN] ConditionMgr:1039 - genDependencies : Invalid condition id : UX DEVICE CLASS RTOS Condition cause : null
2024-11-07 20:13:34,918 [WARN] PackLoader:240 - Cannot read IP mode file for STMicroelectronics.X-CUBE-GNSS1.7.0.0
2024-11-07 20:13:34,943 [WARN] PackLoader:240 - Cannot read IP mode file for STMicroelectronics.FP-SNS-STBOX1.2.0.0
2024-11-07 20:13:34,969 [WARN] PackLoader:240 - Cannot read IP mode file for STMicroelectronics.X-CUBE-SUBG2.5.0.0
2024-11-07 20:13:35,011 [WARN] PackLoader:240 - Cannot read IP mode file for STMicroelectronics.X-CUBE-AZRTOS-G4.2.0.0
2024-11-07 20:13:35,034 [WARN] PackLoader:240 - Cannot read IP mode file for STMicroelectronics.X-CUBE-ISPU.2.0.0
2024-11-07 20:13:35,058 [WARN] PackLoader:240 - Cannot read IP mode file for STMicroelectronics.X-CUBE-ALS.1.0.2
2024-11-07 20:13:35,215 [WARN] PackLoader:240 - Cannot read IP mode file for STMicroelectronics.X-CUBE-MEMS1.10.0.0
2024-11-07 20:13:35,484 [WARN] PackLoader:240 - Cannot read IP mode file for STMicroelectronics.X-CUBE-TOUCHGFX.4.24.0
2024-11-07 20:13:35,529 [WARN] PackLoader:240 - Cannot read IP mode file for STMicroelectronics.X-CUBE-TOUCHGFX.4.24.1
2024-11-07 20:13:35,561 [WARN] PackLoader:240 - Cannot read IP mode file for portGmbH.I-Cube-SoM-uGOAL.1.1.0
2024-11-07 20:13:35,591 [WARN] PackLoader:240 - Cannot read IP mode file for STMicroelectronics.X-CUBE-ALS.1.0.1
2024-11-07 20:13:35,648 [WARN] PackLoader:240 - Cannot read IP mode file for STMicroelectronics.X-CUBE-AZRTOS-H7RS.1.0.0
2024-11-07 20:13:35,672 [WARN] PackLoader:240 - Cannot read IP mode file for STMicroelectronics.FP-ATR-ASTRA1.2.0.0
2024-11-07 20:13:35,706 [WARN] PackLoader:240 - Cannot read IP mode file for STMicroelectronics.X-CUBE-TOF1.3.4.2
2024-11-07 20:13:35,752 [WARN] PackLoader:240 - Cannot read IP mode file for STMicroelectronics.X-CUBE-TOF1.3.4.1
2024-11-07 20:13:35,830 [WARN] PackLoader:240 - Cannot read IP mode file for STMicroelectronics.X-CUBE-AZRTOS-H7.3.2.0
2024-11-07 20:13:35,888 [WARN] PackLoader:240 - Cannot read IP mode file for Infineon.AIROC-Wi-Fi-Bluetooth-STM32.1.6.0
2024-11-07 20:13:35,916 [WARN] PackLoader:240 - Cannot read IP mode file for wolfSSL.I-CUBE-wolfSSH.1.4.17
2024-11-07 20:13:35,917 [INFO] ThirdParty:978 - Integrity check success = true
2024-11-07 20:13:35,918 [INFO] IntegrityCheckThread:100 - exiting critical section [integrity check]
2024-11-07 20:13:35,918 [INFO] IntegrityCheckThread:103 - End integrity checks thread
2024-11-07 20:13:44,963 [INFO] WebApp:161 - Instantiating new browser for Auth
2024-11-07 20:13:45,637 [INFO] WebApp:779 - Register for checkConnection events
2024-11-07 20:13:45,637 [INFO] WebApp:414 - Apply proxy settings
2024-11-07 20:13:45,637 [INFO] WebApp:499 - Chromium requires no authentication
2024-11-07 20:13:45,646 [INFO] WebApp:442 - Direct internet connection detected
2024-11-07 20:13:45,820 [INFO] WebApp:192 - Starting web application
2024-11-07 20:13:45,821 [INFO] WebApp:544 - Web application path used C:\ST\STM32CubeIDE_1.15.1\STM32CubeIDE\plugins\com.st.stm32cube.common.mx_6.11.1.202404110753\db\plugins\mcufinder\reactClient1\index.html
2024-11-07 21:01:55,404 [ERROR] LogOutputStream:75 - [STDERR_REDIRECT] 
2024-11-07 21:01:55,404 [ERROR] LogOutputStream:75 - [STDERR_REDIRECT] 
