2025-05-05 20:57:09,914 [INFO] Activator:176 - 


2025-05-05 20:57:09,919 [INFO] Activator:177 - !SESSION log4j initialized
2025-05-05 20:57:16,374 [INFO] LogOutputStream:77 - [STDOUT_REDIRECT] 
2025-05-05 20:57:21,658 [INFO] ApplicationProperties:184 - Using Application install path: C:\ST\STM32CubeIDE_1.15.1\STM32CubeIDE\plugins\com.st.stm32cube.common.mx_6.11.1.202404110753
2025-05-05 20:57:21,686 [INFO] DbMcusXml:78 - Set database path to: C:\ST\STM32CubeIDE_1.15.1\STM32CubeIDE\plugins\com.st.stm32cube.common.mx_6.11.1.202404110753\\db\/mcu/
2025-05-05 20:57:21,686 [INFO] ApiDb:274 - Set plugin database path to: C:\ST\STM32CubeIDE_1.15.1\STM32CubeIDE\plugins\com.st.stm32cube.common.mx_6.11.1.202404110753\\db\/plugins/boardmanager/
2025-05-05 20:57:21,687 [WARN] ApiDb:259 - Overriding images path with different value:  => C:\ST\STM32CubeIDE_1.15.1\STM32CubeIDE\plugins\com.st.stm32cube.common.mx_6.11.1.202404110753\\db\/plugins/mcufinder/images/
2025-05-05 20:57:21,707 [INFO] ApiDb:250 - Set database path to: C:\Users\dbank\.stmcufinder\plugins\mcufinder//mcu/
2025-05-05 20:57:21,710 [INFO] DbMcusAds:125 - Set database path to: C:\Users\dbank\.stmcufinder\plugins\mcufinder//mcu/
2025-05-05 20:57:21,714 [INFO] CrossReferenceDbSqlite:203 - Set database path to: C:\Users\dbank\.stmcufinder\plugins\mcufinder//mcu/cs/
2025-05-05 20:57:21,941 [INFO] RulesReader:64 - Compatibility file has been processed (297 Rules)
2025-05-05 20:57:22,176 [INFO] DbMcusXml:78 - Set database path to: C:\ST\STM32CubeIDE_1.15.1\STM32CubeIDE\plugins\com.st.stm32cube.common.mx_6.11.1.202404110753\\db\/mcu/
2025-05-05 20:57:22,176 [INFO] ApiDb:274 - Set plugin database path to: C:\ST\STM32CubeIDE_1.15.1\STM32CubeIDE\plugins\com.st.stm32cube.common.mx_6.11.1.202404110753\\db\/plugins/boardmanager/
2025-05-05 20:57:22,176 [INFO] ApiDb:261 - Set plugin images path to: C:\ST\STM32CubeIDE_1.15.1\STM32CubeIDE\plugins\com.st.stm32cube.common.mx_6.11.1.202404110753\\db\/plugins/mcufinder/images/
2025-05-05 20:57:22,177 [WARN] DbFile:41 - Overriding database path with different value: C:\Users\dbank\.stmcufinder\plugins\mcufinder/ => C:\Users\dbank\.stmcufinder\plugins\mcufinder
2025-05-05 20:57:22,177 [INFO] ApiDb:250 - Set database path to: C:\Users\dbank\.stmcufinder\plugins\mcufinder//mcu/
2025-05-05 20:57:22,177 [WARN] DbFile:41 - Overriding database path with different value: C:\Users\dbank\.stmcufinder\plugins\mcufinder/ => C:\Users\dbank\.stmcufinder\plugins\mcufinder
2025-05-05 20:57:22,177 [INFO] DbMcusAds:125 - Set database path to: C:\Users\dbank\.stmcufinder\plugins\mcufinder//mcu/
2025-05-05 20:57:22,177 [WARN] DbFile:41 - Overriding database path with different value: C:\Users\dbank\.stmcufinder\plugins\mcufinder/ => C:\Users\dbank\.stmcufinder\plugins\mcufinder
2025-05-05 20:57:22,177 [WARN] DbFile:41 - Overriding database path with different value: C:\Users\dbank\.stmcufinder\plugins\mcufinder/ => C:\Users\dbank\.stmcufinder\plugins\mcufinder
2025-05-05 20:57:22,177 [INFO] CrossReferenceDbSqlite:203 - Set database path to: C:\Users\dbank\.stmcufinder\plugins\mcufinder//mcu/cs/
2025-05-05 20:57:22,307 [INFO] MainPanel:264 - HeapMemory: 268435456
2025-05-05 20:57:22,458 [INFO] DbMcusXml:78 - Set database path to: C:\ST\STM32CubeIDE_1.15.1\STM32CubeIDE\plugins\com.st.stm32cube.common.mx_6.11.1.202404110753\\db\/mcu/
2025-05-05 20:57:22,458 [INFO] ApiDb:274 - Set plugin database path to: C:\ST\STM32CubeIDE_1.15.1\STM32CubeIDE\plugins\com.st.stm32cube.common.mx_6.11.1.202404110753\\db\/plugins/boardmanager/
2025-05-05 20:57:22,458 [INFO] ApiDb:261 - Set plugin images path to: C:\ST\STM32CubeIDE_1.15.1\STM32CubeIDE\plugins\com.st.stm32cube.common.mx_6.11.1.202404110753\\db\/plugins/mcufinder/images/
2025-05-05 20:57:22,458 [WARN] DbFile:41 - Overriding database path with different value: C:\Users\dbank\.stmcufinder\plugins\mcufinder/ => C:\Users\dbank\.stmcufinder\plugins\mcufinder
2025-05-05 20:57:22,458 [INFO] ApiDb:250 - Set database path to: C:\Users\dbank\.stmcufinder\plugins\mcufinder//mcu/
2025-05-05 20:57:22,458 [WARN] DbFile:41 - Overriding database path with different value: C:\Users\dbank\.stmcufinder\plugins\mcufinder/ => C:\Users\dbank\.stmcufinder\plugins\mcufinder
2025-05-05 20:57:22,458 [INFO] DbMcusAds:125 - Set database path to: C:\Users\dbank\.stmcufinder\plugins\mcufinder//mcu/
2025-05-05 20:57:22,460 [WARN] DbFile:41 - Overriding database path with different value: C:\Users\dbank\.stmcufinder\plugins\mcufinder/ => C:\Users\dbank\.stmcufinder\plugins\mcufinder
2025-05-05 20:57:22,460 [WARN] DbFile:41 - Overriding database path with different value: C:\Users\dbank\.stmcufinder\plugins\mcufinder/ => C:\Users\dbank\.stmcufinder\plugins\mcufinder
2025-05-05 20:57:22,460 [INFO] CrossReferenceDbSqlite:203 - Set database path to: C:\Users\dbank\.stmcufinder\plugins\mcufinder//mcu/cs/
2025-05-05 20:57:22,488 [INFO] ApplicationProperties:184 - Using Application install path: C:\ST\STM32CubeIDE_1.15.1\STM32CubeIDE\plugins\com.st.stm32cube.common.mx_6.11.1.202404110753
2025-05-05 20:57:22,491 [INFO] PluginManage:196 - Search for loadable plugins [exclusion list=, ]
2025-05-05 20:57:22,494 [INFO] PluginManage:310 - Check plugin analytics
2025-05-05 20:57:22,842 [INFO] AnalyticsPlugin:253 - Accepted Software Licenses: STM32CubeMX.6.11.1
2025-05-05 20:57:22,844 [INFO] AnalyticsPlugin:255 - Accepted CMSIS Pack Licenses: STMicroelectronics.X-CUBE-AZRTOS-H7.3.3.0
2025-05-05 20:57:22,845 [INFO] AnalyticsPlugin:257 - Accepted Firmware Licenses: FW.H7.1.11.0,FW.H7.1.10.0,FW.L4.1.18.0,FW.F4.1.28.0
2025-05-05 20:57:22,850 [INFO] PluginManage:359 - Loaded plugin analytics (category:tool,tabindex:-1)
2025-05-05 20:57:22,850 [INFO] PluginManage:310 - Check plugin cadmodel
2025-05-05 20:57:22,888 [INFO] CADModel:105 - Init CAD model plugin
2025-05-05 20:57:22,888 [INFO] PluginManage:359 - Loaded plugin cadmodel (category:power,tabindex:5)
2025-05-05 20:57:22,888 [INFO] PluginManage:310 - Check plugin clock
2025-05-05 20:57:22,948 [INFO] PluginManage:359 - Loaded plugin clock (category:base,tabindex:2)
2025-05-05 20:57:22,948 [INFO] PluginManage:310 - Check plugin ddr
2025-05-05 20:57:22,952 [INFO] PluginManage:359 - Loaded plugin ddr (category:tool,tabindex:6)
2025-05-05 20:57:22,952 [INFO] PluginManage:310 - Check plugin filemanager
2025-05-05 20:57:23,335 [INFO] PluginManage:359 - Loaded plugin filemanager (category:base,tabindex:10)
2025-05-05 20:57:23,335 [INFO] PluginManage:310 - Check plugin ipmanager
2025-05-05 20:57:23,353 [INFO] PluginManage:359 - Loaded plugin ipmanager (category:base,tabindex:5)
2025-05-05 20:57:23,353 [INFO] PluginManage:310 - Check plugin lpbam
2025-05-05 20:57:23,400 [INFO] PluginManage:359 - Loaded plugin lpbam (category:base,tabindex:0)
2025-05-05 20:57:23,400 [INFO] PluginManage:310 - Check plugin memorymap
2025-05-05 20:57:23,460 [INFO] PluginManage:359 - Loaded plugin memorymap (category:base,tabindex:4)
2025-05-05 20:57:23,462 [INFO] PluginManage:310 - Check plugin pinoutandconfiguration
2025-05-05 20:57:23,513 [INFO] PluginManage:359 - Loaded plugin pinoutandconfiguration (category:base,tabindex:1)
2025-05-05 20:57:23,513 [INFO] PluginManage:310 - Check plugin pinoutconfig
2025-05-05 20:57:23,760 [WARN] SupportedApi:132 - Cannot load RTOS API schema: s4s-elt-must-match.1: The content of 'definitions' must match (annotation?, (simpleType | complexType)?, (unique | key | keyref)*)). A problem was found starting at: attribute.
2025-05-05 20:57:24,100 [INFO] PluginManage:359 - Loaded plugin pinoutconfig (category:base,tabindex:0)
2025-05-05 20:57:24,101 [INFO] PluginManage:310 - Check plugin power
2025-05-05 20:57:24,143 [INFO] PluginManage:359 - Loaded plugin power (category:power,tabindex:4)
2025-05-05 20:57:24,143 [INFO] PluginManage:310 - Check plugin projectmanager
2025-05-05 20:57:24,172 [INFO] PluginManage:359 - Loaded plugin projectmanager (category:projectmanager,tabindex:3)
2025-05-05 20:57:24,172 [INFO] PluginManage:310 - Check plugin thirdparty
2025-05-05 20:57:24,701 [WARN] IntegrityCheckThread:84 - waiting for thirdparty lock release [integrity check]
2025-05-05 20:57:24,702 [INFO] IntegrityCheckThread:86 - entering critical section [integrity check]
2025-05-05 20:57:24,702 [INFO] PluginManage:359 - Loaded plugin thirdparty (category:base,tabindex:-1)
2025-05-05 20:57:24,702 [INFO] PluginManage:310 - Check plugin tools
2025-05-05 20:57:24,702 [INFO] ThirdPartyUpdaterWithRetryManager:70 - Updater plugin not ready yet. [1/15]
2025-05-05 20:57:24,798 [INFO] PluginManage:359 - Loaded plugin tools (category:base,tabindex:7)
2025-05-05 20:57:24,800 [INFO] PluginManage:310 - Check plugin tutovideos
2025-05-05 20:57:25,348 [INFO] PluginManage:359 - Loaded plugin tutovideos (category:base,tabindex:-1)
2025-05-05 20:57:25,349 [INFO] PluginManage:310 - Check plugin updater
2025-05-05 20:57:25,368 [INFO] PluginManage:359 - Loaded plugin updater (category:base,tabindex:12)
2025-05-05 20:57:25,368 [INFO] PluginManage:310 - Check plugin userauth
2025-05-05 20:57:25,378 [INFO] UserAuth:114 - Init User Auth plugin
2025-05-05 20:57:25,378 [INFO] PluginManage:359 - Loaded plugin userauth (category:base,tabindex:14)
2025-05-05 20:57:25,380 [INFO] PluginManage:283 - PluginManage : Loaded plugins [17]
2025-05-05 20:57:25,823 [INFO] PinOutPanel:1561 - setPackage(No Configuration,No Configuration)
2025-05-05 20:57:25,975 [INFO] CADModel:165 - CPN selected for project level
2025-05-05 20:57:25,975 [INFO] CADModel:114 - Register for checkConnection events
2025-05-05 20:57:26,032 [INFO] IPUIPlugin:80 - create IPUIPlugin
2025-05-05 20:57:26,032 [INFO] PluginManager:220 - loadIPPluginJar : add adc
2025-05-05 20:57:26,137 [INFO] IPUIPlugin:80 - create IPUIPlugin
2025-05-05 20:57:26,137 [INFO] PluginManager:220 - loadIPPluginJar : add aes
2025-05-05 20:57:26,258 [INFO] IPUIPlugin:80 - create IPUIPlugin
2025-05-05 20:57:26,259 [INFO] PluginManager:220 - loadIPPluginJar : add can
2025-05-05 20:57:26,327 [INFO] IPUIPlugin:80 - create IPUIPlugin
2025-05-05 20:57:26,327 [INFO] PluginManager:220 - loadIPPluginJar : add comp
2025-05-05 20:57:26,454 [INFO] IPUIPlugin:80 - create IPUIPlugin
2025-05-05 20:57:26,456 [INFO] PluginManager:220 - loadIPPluginJar : add cryp
2025-05-05 20:57:26,557 [INFO] IPUIPlugin:80 - create IPUIPlugin
2025-05-05 20:57:26,557 [INFO] PluginManager:220 - loadIPPluginJar : add dfsdm
2025-05-05 20:57:26,590 [INFO] IPUIPlugin:80 - create IPUIPlugin
2025-05-05 20:57:26,593 [INFO] PluginManager:220 - loadIPPluginJar : add dma
2025-05-05 20:57:26,723 [INFO] IPUIPlugin:80 - create IPUIPlugin
2025-05-05 20:57:26,723 [INFO] PluginManager:220 - loadIPPluginJar : add dma3
2025-05-05 20:57:26,856 [INFO] IPUIPlugin:80 - create IPUIPlugin
2025-05-05 20:57:26,858 [INFO] PluginManager:220 - loadIPPluginJar : add extmemmanager
2025-05-05 20:57:26,919 [INFO] IPUIPlugin:80 - create IPUIPlugin
2025-05-05 20:57:26,919 [INFO] PluginManager:220 - loadIPPluginJar : add fatfs
2025-05-05 20:57:27,055 [INFO] IPUIPlugin:80 - create IPUIPlugin
2025-05-05 20:57:27,055 [INFO] PluginManager:220 - loadIPPluginJar : add fmc
2025-05-05 20:57:27,097 [INFO] IPUIPlugin:80 - create IPUIPlugin
2025-05-05 20:57:27,099 [INFO] PluginManager:220 - loadIPPluginJar : add freertos
2025-05-05 20:57:27,158 [INFO] IPUIPlugin:80 - create IPUIPlugin
2025-05-05 20:57:27,158 [INFO] PluginManager:220 - loadIPPluginJar : add genericplugin
2025-05-05 20:57:27,450 [INFO] IPUIPlugin:80 - create IPUIPlugin
2025-05-05 20:57:27,450 [INFO] PluginManager:220 - loadIPPluginJar : add gfxmmu
2025-05-05 20:57:27,705 [INFO] ThirdPartyUpdaterWithRetryManager:70 - Updater plugin not ready yet. [2/15]
2025-05-05 20:57:27,834 [INFO] IPUIPlugin:80 - create IPUIPlugin
2025-05-05 20:57:27,834 [INFO] PluginManager:220 - loadIPPluginJar : add gic
2025-05-05 20:57:27,867 [INFO] IPUIPlugin:80 - create IPUIPlugin
2025-05-05 20:57:27,867 [INFO] PluginManager:220 - loadIPPluginJar : add gpio
2025-05-05 20:57:28,108 [INFO] IPUIPlugin:80 - create IPUIPlugin
2025-05-05 20:57:28,108 [INFO] PluginManager:220 - loadIPPluginJar : add gtzc
2025-05-05 20:57:28,186 [INFO] IPUIPlugin:80 - create IPUIPlugin
2025-05-05 20:57:28,186 [INFO] PluginManager:220 - loadIPPluginJar : add hash
2025-05-05 20:57:28,308 [INFO] IPUIPlugin:80 - create IPUIPlugin
2025-05-05 20:57:28,308 [INFO] PluginManager:220 - loadIPPluginJar : add i2c
2025-05-05 20:57:28,383 [INFO] IPUIPlugin:80 - create IPUIPlugin
2025-05-05 20:57:28,383 [INFO] PluginManager:220 - loadIPPluginJar : add i2s
2025-05-05 20:57:28,495 [INFO] IPUIPlugin:80 - create IPUIPlugin
2025-05-05 20:57:28,497 [INFO] PluginManager:220 - loadIPPluginJar : add i3c
2025-05-05 20:57:28,798 [INFO] IPUIPlugin:80 - create IPUIPlugin
2025-05-05 20:57:28,798 [INFO] PluginManager:220 - loadIPPluginJar : add ipddr
2025-05-05 20:57:29,061 [INFO] IPUIPlugin:80 - create IPUIPlugin
2025-05-05 20:57:29,063 [INFO] PluginManager:220 - loadIPPluginJar : add linkedlist
2025-05-05 20:57:29,157 [INFO] IPUIPlugin:80 - create IPUIPlugin
2025-05-05 20:57:29,159 [INFO] PluginManager:220 - loadIPPluginJar : add lorawan
2025-05-05 20:57:29,261 [INFO] IPUIPlugin:80 - create IPUIPlugin
2025-05-05 20:57:29,261 [INFO] PluginManager:220 - loadIPPluginJar : add ltdc
2025-05-05 20:57:29,302 [INFO] IPUIPlugin:80 - create IPUIPlugin
2025-05-05 20:57:29,302 [INFO] PluginManager:220 - loadIPPluginJar : add mdma
2025-05-05 20:57:29,327 [INFO] IPUIPlugin:80 - create IPUIPlugin
2025-05-05 20:57:29,327 [INFO] PluginManager:220 - loadIPPluginJar : add nvic
2025-05-05 20:57:29,439 [INFO] IPUIPlugin:80 - create IPUIPlugin
2025-05-05 20:57:29,439 [INFO] PluginManager:220 - loadIPPluginJar : add opamp
2025-05-05 20:57:29,595 [INFO] IPUIPlugin:80 - create IPUIPlugin
2025-05-05 20:57:29,595 [INFO] PluginManager:220 - loadIPPluginJar : add openamp
2025-05-05 20:57:29,700 [INFO] IPUIPlugin:80 - create IPUIPlugin
2025-05-05 20:57:29,700 [INFO] PluginManager:220 - loadIPPluginJar : add pdm2pcm
2025-05-05 20:57:29,724 [INFO] IPUIPlugin:80 - create IPUIPlugin
2025-05-05 20:57:29,728 [INFO] PluginManager:220 - loadIPPluginJar : add plateformsettings
2025-05-05 20:57:29,780 [INFO] IPUIPlugin:80 - create IPUIPlugin
2025-05-05 20:57:29,780 [INFO] PluginManager:220 - loadIPPluginJar : add quadspi
2025-05-05 20:57:29,808 [INFO] IPUIPlugin:80 - create IPUIPlugin
2025-05-05 20:57:29,808 [INFO] PluginManager:220 - loadIPPluginJar : add resmgrutility
2025-05-05 20:57:29,943 [INFO] IPUIPlugin:80 - create IPUIPlugin
2025-05-05 20:57:29,943 [INFO] PluginManager:220 - loadIPPluginJar : add sai
2025-05-05 20:57:30,052 [INFO] IPUIPlugin:80 - create IPUIPlugin
2025-05-05 20:57:30,052 [INFO] PluginManager:220 - loadIPPluginJar : add spi
2025-05-05 20:57:30,215 [INFO] IPUIPlugin:80 - create IPUIPlugin
2025-05-05 20:57:30,215 [INFO] PluginManager:220 - loadIPPluginJar : add stm32_wpan
2025-05-05 20:57:30,279 [INFO] IPUIPlugin:80 - create IPUIPlugin
2025-05-05 20:57:30,279 [INFO] PluginManager:220 - loadIPPluginJar : add tim
2025-05-05 20:57:30,432 [INFO] IPUIPlugin:80 - create IPUIPlugin
2025-05-05 20:57:30,432 [INFO] PluginManager:220 - loadIPPluginJar : add touchsensing
2025-05-05 20:57:30,493 [INFO] IPUIPlugin:80 - create IPUIPlugin
2025-05-05 20:57:30,493 [INFO] PluginManager:220 - loadIPPluginJar : add tracer_emb
2025-05-05 20:57:30,548 [INFO] IPUIPlugin:80 - create IPUIPlugin
2025-05-05 20:57:30,548 [INFO] PluginManager:220 - loadIPPluginJar : add ts
2025-05-05 20:57:30,613 [INFO] IPUIPlugin:80 - create IPUIPlugin
2025-05-05 20:57:30,613 [INFO] PluginManager:220 - loadIPPluginJar : add tsc
2025-05-05 20:57:30,673 [INFO] IPUIPlugin:80 - create IPUIPlugin
2025-05-05 20:57:30,675 [INFO] PluginManager:220 - loadIPPluginJar : add ucpd
2025-05-05 20:57:30,711 [INFO] ThirdPartyUpdaterWithRetryManager:70 - Updater plugin not ready yet. [3/15]
2025-05-05 20:57:30,781 [INFO] IPUIPlugin:80 - create IPUIPlugin
2025-05-05 20:57:30,781 [INFO] PluginManager:220 - loadIPPluginJar : add usart
2025-05-05 20:57:30,892 [INFO] IPUIPlugin:80 - create IPUIPlugin
2025-05-05 20:57:30,892 [INFO] PluginManager:220 - loadIPPluginJar : add usbx
2025-05-05 20:57:31,076 [INFO] CADModel:165 - CPN selected for project level
2025-05-05 20:57:31,076 [INFO] CADModel:114 - Register for checkConnection events
2025-05-05 20:57:31,076 [FATAL] Updater:308 - Updater called before beeing initialized
2025-05-05 20:57:31,076 [ERROR] CADModel:125 - Updater not yet initialized, retry later 
2025-05-05 20:57:31,342 [INFO] CADModel:165 - CPN selected for project level
2025-05-05 20:57:31,342 [INFO] CADModel:114 - Register for checkConnection events
2025-05-05 20:57:31,342 [FATAL] Updater:308 - Updater called before beeing initialized
2025-05-05 20:57:31,342 [ERROR] CADModel:125 - Updater not yet initialized, retry later 
2025-05-05 20:57:31,349 [FATAL] Updater:308 - Updater called before beeing initialized
2025-05-05 20:57:31,523 [FATAL] Updater:308 - Updater called before beeing initialized
2025-05-05 20:57:31,548 [INFO] DbMcusAds:53 - JSON generation date=Fri Sep 20 15:04:23 CEST 2024 (1726837463113)
2025-05-05 20:57:31,548 [FATAL] Updater:308 - Updater called before beeing initialized
2025-05-05 20:57:31,714 [WARN] DetailPanel:346 - Failed to get advertising image, set to default
2025-05-05 20:57:31,884 [FATAL] Updater:308 - Updater called before beeing initialized
2025-05-05 20:57:31,887 [FATAL] Updater:308 - Updater called before beeing initialized
2025-05-05 20:57:31,887 [FATAL] Updater:308 - Updater called before beeing initialized
2025-05-05 20:57:31,887 [WARN] DetailPanel:346 - Failed to get advertising image, set to default
2025-05-05 20:57:31,889 [FATAL] Updater:308 - Updater called before beeing initialized
2025-05-05 20:57:32,000 [ERROR] Updater:1120 - MainUpdater not yet initialized. External WinMGr cannot be set.
2025-05-05 20:57:32,022 [INFO] Updater:1056 - Updater Version found : 6.11.1
2025-05-05 20:57:32,051 [INFO] ApplicationProperties:184 - Using Application install path: C:\ST\STM32CubeIDE_1.15.1\STM32CubeIDE\plugins\com.st.stm32cube.common.mx_6.11.1.202404110753
2025-05-05 20:57:33,689 [ERROR] LogOutputStream:75 - [STDERR_REDIRECT] May 05, 2025 8:57:33 PM java.util.prefs.WindowsPreferences <init>
2025-05-05 20:57:33,692 [ERROR] LogOutputStream:75 - [STDERR_REDIRECT] WARNING: Could not open/create prefs root node Software\JavaSoft\Prefs at root 0xffffffff80000002. Windows RegCreateKeyEx(...) returned error code 5.
2025-05-05 20:57:33,694 [ERROR] LogOutputStream:75 - [STDERR_REDIRECT] 
2025-05-05 20:57:33,725 [INFO] ThirdPartyUpdaterWithRetryManager:70 - Updater plugin not ready yet. [4/15]
2025-05-05 20:57:34,343 [INFO] MainUpdater:2873 - connection check result : 10
2025-05-05 20:57:34,345 [INFO] MainUpdater:290 - Updater Check For Update Now.
2025-05-05 20:57:34,345 [INFO] MicroXplorer:498 - Change Database Version : DB.6.0.111
2025-05-05 20:57:34,381 [INFO] McuFinderGlobals:63 - Set McuFinder mode to 2 (CubeIDE integrated)
2025-05-05 20:57:34,402 [INFO] UserAuth:415 - Internet connection configuration mode: 1
2025-05-05 20:57:34,457 [INFO] JxBrowserEngine:152 - Initiate JxBrowser Engine with user profile folder
2025-05-05 20:57:34,631 [INFO] CheckServerUpdateThread:120 - End of CheckServer Thread
2025-05-05 20:57:37,280 [WARN] PackLoader:240 - Cannot read IP mode file for STMicroelectronics.FP-SNS-MOTENVWB1.1.4.0
2025-05-05 20:57:37,310 [WARN] PackLoader:240 - Cannot read IP mode file for STMicroelectronics.FP-ATR-ASTRA1.2.0.2
2025-05-05 20:57:37,334 [WARN] PackLoader:240 - Cannot read IP mode file for STMicroelectronics.FP-ATR-ASTRA1.2.0.1
2025-05-05 20:57:37,366 [WARN] PackLoader:240 - Cannot read IP mode file for STMicroelectronics.X-CUBE-SMBUS.2.1.0
2025-05-05 20:57:37,401 [WARN] PackLoader:240 - Cannot read IP mode file for STMicroelectronics.X-CUBE-WB05N.1.1.0
2025-05-05 20:57:37,428 [WARN] PackLoader:240 - Cannot read IP mode file for STMicroelectronics.X-CUBE-TOUCHGFX.4.23.2
2025-05-05 20:57:37,523 [WARN] PackLoader:240 - Cannot read IP mode file for STMicroelectronics.X-CUBE-AZRTOS-F7.1.1.0
2025-05-05 20:57:37,640 [WARN] PackLoader:240 - Cannot read IP mode file for STMicroelectronics.X-CUBE-MEMS1.11.0.0
2025-05-05 20:57:37,903 [WARN] PackLoader:240 - Cannot read IP mode file for STMicroelectronics.FP-SNS-FLIGHT1.5.0.2
2025-05-05 20:57:37,937 [WARN] PackLoader:240 - Cannot read IP mode file for STMicroelectronics.X-CUBE-DISPLAY.3.0.0
2025-05-05 20:57:37,975 [WARN] PackLoader:240 - Cannot read IP mode file for STMicroelectronics.X-CUBE-BLE1.7.0.0
2025-05-05 20:57:38,003 [WARN] PackLoader:240 - Cannot read IP mode file for STMicroelectronics.X-CUBE-NFC10.1.0.0
2025-05-05 20:57:38,045 [WARN] PackLoader:240 - Cannot read IP mode file for STMicroelectronics.X-CUBE-BLEMGR.4.0.0
2025-05-05 20:57:38,076 [WARN] PackLoader:240 - Cannot read IP mode file for emotas.I-CUBE-CANOPEN.1.3.0
2025-05-05 20:57:38,106 [WARN] PackLoader:240 - Cannot read IP mode file for STMicroelectronics.X-CUBE-BLEMGR.3.1.0
2025-05-05 20:57:38,138 [WARN] PackLoader:240 - Cannot read IP mode file for STMicroelectronics.X-CUBE-AI.10.0.0
2025-05-05 20:57:38,171 [WARN] PackLoader:240 - Cannot read IP mode file for STMicroelectronics.FP-SNS-SMARTAG2.1.2.0
2025-05-05 20:57:38,197 [ERROR] Engine:466 - C:\Users\dbank\.stm32cubemx\thirdparties\pdsc\STMicroelectronics.FP-SNS-FLIGHT1.5.1.0.pdsc: PDSC version is not supported
2025-05-05 20:57:38,232 [INFO] LogOutputStream:77 - [STDOUT_REDIRECT] 1 : Invalid condition id : UX_CORESTACK_Condition cause : null
2025-05-05 20:57:38,233 [INFO] LogOutputStream:77 - [STDOUT_REDIRECT] 1 : Invalid condition id : UX_CORESTACK_Condition cause : null
2025-05-05 20:57:38,236 [INFO] LogOutputStream:77 - [STDOUT_REDIRECT] 1 : Invalid condition id : UX_CORESTACK_Condition cause : null
2025-05-05 20:57:38,238 [INFO] LogOutputStream:77 - [STDOUT_REDIRECT] 1 : Invalid condition id : UX_CORESTACK_Condition cause : null
2025-05-05 20:57:38,239 [INFO] LogOutputStream:77 - [STDOUT_REDIRECT] 1 : Invalid condition id : UX_CORESTACK_Condition cause : null
2025-05-05 20:57:38,244 [WARN] PackLoader:240 - Cannot read IP mode file for STMicroelectronics.X-CUBE-AZRTOS-WL.2.0.0
2025-05-05 20:57:38,271 [WARN] PackLoader:240 - Cannot read IP mode file for STMicroelectronics.FP-SNS-MOTENV1.5.0.0
2025-05-05 20:57:38,296 [WARN] PackLoader:240 - Cannot read IP mode file for wolfSSL.I-CUBE-wolfMQTT.1.19.0
2025-05-05 20:57:38,325 [WARN] PackLoader:240 - Cannot read IP mode file for WES.I-CUBE-Cesium.1.3.0
2025-05-05 20:57:38,346 [WARN] PackLoader:240 - Cannot read IP mode file for STMicroelectronics.X-CUBE-BLE2.3.3.0
2025-05-05 20:57:38,369 [WARN] PackLoader:240 - Cannot read IP mode file for STMicroelectronics.X-CUBE-NFC9.1.0.0
2025-05-05 20:57:38,395 [WARN] PackLoader:240 - Cannot read IP mode file for STMicroelectronics.X-CUBE-BLE1.7.1.0
2025-05-05 20:57:38,421 [WARN] PackLoader:240 - Cannot read IP mode file for STMicroelectronics.X-CUBE-TCPP.4.1.0
2025-05-05 20:57:38,451 [WARN] PackLoader:240 - Cannot read IP mode file for STMicroelectronics.X-CUBE-ALGOBUILD.1.3.0
2025-05-05 20:57:38,542 [WARN] PackLoader:240 - Cannot read IP mode file for STMicroelectronics.X-CUBE-MEMS1.11.2.0
2025-05-05 20:57:38,728 [WARN] PackLoader:240 - Cannot read IP mode file for STMicroelectronics.X-CUBE-AZRTOS-G0.1.1.0
2025-05-05 20:57:38,758 [WARN] PackLoader:240 - Cannot read IP mode file for STMicroelectronics.X-CUBE-SAFEA1.1.2.2
2025-05-05 20:57:38,787 [WARN] PackLoader:240 - Cannot read IP mode file for STMicroelectronics.X-CUBE-NFC4.3.0.0
2025-05-05 20:57:38,822 [WARN] PackLoader:240 - Cannot read IP mode file for EmbeddedOffice.I-CUBE-FS-RTOS.1.0.1
2025-05-05 20:57:38,823 [ERROR] ConditionMgr:805 - Attr not supported : Dmpu
2025-05-05 20:57:38,823 [ERROR] ConditionMgr:805 - Attr not supported : Dmpu
2025-05-05 20:57:38,823 [ERROR] ConditionMgr:805 - Attr not supported : Dmpu
2025-05-05 20:57:38,823 [ERROR] ConditionMgr:805 - Attr not supported : Dmpu
2025-05-05 20:57:38,823 [ERROR] ConditionMgr:805 - Attr not supported : Dmpu
2025-05-05 20:57:38,823 [ERROR] ConditionMgr:805 - Attr not supported : Dmpu
2025-05-05 20:57:38,823 [ERROR] ConditionMgr:805 - Attr not supported : Dmpu
2025-05-05 20:57:38,824 [ERROR] ConditionMgr:805 - Attr not supported : Dmpu
2025-05-05 20:57:38,824 [ERROR] ConditionMgr:805 - Attr not supported : Dmpu
2025-05-05 20:57:38,824 [ERROR] ConditionMgr:805 - Attr not supported : Dmpu
2025-05-05 20:57:38,825 [ERROR] ConditionMgr:805 - Attr not supported : Dmpu
2025-05-05 20:57:38,825 [ERROR] ConditionMgr:805 - Attr not supported : Dmpu
2025-05-05 20:57:38,825 [ERROR] ConditionMgr:805 - Attr not supported : Dmpu
2025-05-05 20:57:38,825 [ERROR] ConditionMgr:805 - Attr not supported : Dmpu
2025-05-05 20:57:38,825 [ERROR] ConditionMgr:805 - Attr not supported : Dmpu
2025-05-05 20:57:38,825 [ERROR] ConditionMgr:805 - Attr not supported : Dmpu
2025-05-05 20:57:38,825 [ERROR] ConditionMgr:805 - Attr not supported : Dmpu
2025-05-05 20:57:38,825 [ERROR] ConditionMgr:805 - Attr not supported : Dmpu
2025-05-05 20:57:38,825 [ERROR] ConditionMgr:805 - Attr not supported : Dmpu
2025-05-05 20:57:38,825 [ERROR] ConditionMgr:805 - Attr not supported : Dmpu
2025-05-05 20:57:38,825 [ERROR] ConditionMgr:805 - Attr not supported : Dmpu
2025-05-05 20:57:38,825 [ERROR] ConditionMgr:805 - Attr not supported : Dmpu
2025-05-05 20:57:38,825 [ERROR] ConditionMgr:805 - Attr not supported : Dmpu
2025-05-05 20:57:38,825 [ERROR] ConditionMgr:805 - Attr not supported : Dmpu
2025-05-05 20:57:38,825 [ERROR] ConditionMgr:805 - Attr not supported : Dmpu
2025-05-05 20:57:38,825 [ERROR] ConditionMgr:805 - Attr not supported : Dmpu
2025-05-05 20:57:38,825 [ERROR] ConditionMgr:805 - Attr not supported : Dmpu
2025-05-05 20:57:38,825 [ERROR] ConditionMgr:805 - Attr not supported : Dmpu
2025-05-05 20:57:38,826 [ERROR] ConditionMgr:805 - Attr not supported : Dmpu
2025-05-05 20:57:38,826 [ERROR] ConditionMgr:805 - Attr not supported : Dmpu
2025-05-05 20:57:38,826 [ERROR] ConditionMgr:805 - Attr not supported : Dmpu
2025-05-05 20:57:38,826 [ERROR] ConditionMgr:805 - Attr not supported : Dmpu
2025-05-05 20:57:38,826 [ERROR] ConditionMgr:805 - Attr not supported : Dmpu
2025-05-05 20:57:38,827 [ERROR] ConditionMgr:805 - Attr not supported : Dmpu
2025-05-05 20:57:38,827 [ERROR] ConditionMgr:805 - Attr not supported : Dmpu
2025-05-05 20:57:38,827 [ERROR] ConditionMgr:805 - Attr not supported : Dmpu
2025-05-05 20:57:38,827 [ERROR] ConditionMgr:805 - Attr not supported : Dmpu
2025-05-05 20:57:38,827 [ERROR] ConditionMgr:805 - Attr not supported : Dmpu
2025-05-05 20:57:38,827 [ERROR] ConditionMgr:805 - Attr not supported : Dmpu
2025-05-05 20:57:38,827 [ERROR] ConditionMgr:805 - Attr not supported : Dmpu
2025-05-05 20:57:38,827 [ERROR] ConditionMgr:805 - Attr not supported : Dmpu
2025-05-05 20:57:38,827 [ERROR] ConditionMgr:805 - Attr not supported : Dmpu
2025-05-05 20:57:38,827 [ERROR] ConditionMgr:805 - Attr not supported : Dmpu
2025-05-05 20:57:38,828 [ERROR] ConditionMgr:805 - Attr not supported : Dmpu
2025-05-05 20:57:38,828 [ERROR] ConditionMgr:805 - Attr not supported : Dmpu
2025-05-05 20:57:38,828 [ERROR] ConditionMgr:805 - Attr not supported : Dmpu
2025-05-05 20:57:38,828 [ERROR] ConditionMgr:805 - Attr not supported : Dmpu
2025-05-05 20:57:38,828 [ERROR] ConditionMgr:805 - Attr not supported : Dmpu
2025-05-05 20:57:38,828 [ERROR] ConditionMgr:805 - Attr not supported : Dmpu
2025-05-05 20:57:38,828 [ERROR] ConditionMgr:805 - Attr not supported : Dmpu
2025-05-05 20:57:38,828 [ERROR] ConditionMgr:805 - Attr not supported : Dmpu
2025-05-05 20:57:38,828 [ERROR] ConditionMgr:805 - Attr not supported : Dmpu
2025-05-05 20:57:38,828 [ERROR] ConditionMgr:805 - Attr not supported : Dmpu
2025-05-05 20:57:38,828 [ERROR] ConditionMgr:805 - Attr not supported : Dmpu
2025-05-05 20:57:38,828 [ERROR] ConditionMgr:805 - Attr not supported : Dmpu
2025-05-05 20:57:38,828 [ERROR] ConditionMgr:805 - Attr not supported : Dmpu
2025-05-05 20:57:38,828 [ERROR] ConditionMgr:805 - Attr not supported : Dmpu
2025-05-05 20:57:38,828 [ERROR] ConditionMgr:805 - Attr not supported : Dmpu
2025-05-05 20:57:38,828 [ERROR] ConditionMgr:805 - Attr not supported : Dmpu
2025-05-05 20:57:38,828 [ERROR] ConditionMgr:805 - Attr not supported : Dmpu
2025-05-05 20:57:38,828 [ERROR] ConditionMgr:805 - Attr not supported : Dmpu
2025-05-05 20:57:38,829 [ERROR] ConditionMgr:805 - Attr not supported : Dmpu
2025-05-05 20:57:38,829 [ERROR] ConditionMgr:805 - Attr not supported : Dmpu
2025-05-05 20:57:38,829 [ERROR] ConditionMgr:805 - Attr not supported : Dmpu
2025-05-05 20:57:38,854 [WARN] PackLoader:240 - Cannot read IP mode file for STMicroelectronics.X-CUBE-WB05N.2.0.0
2025-05-05 20:57:38,884 [ERROR] Engine:466 - C:\Users\dbank\.stm32cubemx\thirdparties\pdsc\STMicroelectronics.X-CUBE-TCPP.4.2.0.pdsc: PDSC version is not supported
2025-05-05 20:57:38,909 [WARN] PackLoader:240 - Cannot read IP mode file for RealThread.X-CUBE-RT-Thread_Nano.4.1.1
2025-05-05 20:57:38,936 [WARN] PackLoader:240 - Cannot read IP mode file for wolfSSL.I-CUBE-wolfSSL.5.7.0
2025-05-05 20:57:38,962 [WARN] PackLoader:240 - Cannot read IP mode file for STMicroelectronics.FP-ATR-SIGFOX1.3.2.0
2025-05-05 20:57:38,993 [WARN] ConditionMgr:438 - getConditionDescription Invalid condition id : Cortex-A Device cause : null
2025-05-05 20:57:39,039 [WARN] ConditionMgr:1039 - genDependencies : Invalid condition id : Cortex-A Device cause : null
2025-05-05 20:57:39,039 [WARN] ConditionMgr:1039 - genDependencies : Invalid condition id : Cortex-A Device cause : null
2025-05-05 20:57:39,039 [WARN] ConditionMgr:1039 - genDependencies : Invalid condition id : Cortex-A Device cause : null
2025-05-05 20:57:39,069 [WARN] PackLoader:240 - Cannot read IP mode file for STMicroelectronics.X-CUBE-EEPRMA1.5.1.0
2025-05-05 20:57:39,094 [WARN] PackLoader:240 - Cannot read IP mode file for ITTIA_DB.I-CUBE-ITTIADB.8.9.0
2025-05-05 20:57:39,152 [WARN] PackLoader:240 - Cannot read IP mode file for SEGGER.I-CUBE-embOS.1.3.1
2025-05-05 20:57:39,230 [WARN] PackLoader:240 - Cannot read IP mode file for STMicroelectronics.X-CUBE-ALGOBUILD.1.4.0
2025-05-05 20:57:39,258 [WARN] PackLoader:240 - Cannot read IP mode file for STMicroelectronics.X-CUBE-AI.9.1.0
2025-05-05 20:57:39,286 [WARN] PackLoader:240 - Cannot read IP mode file for STMicroelectronics.X-CUBE-GNSS1.6.0.0
2025-05-05 20:57:39,332 [WARN] PackLoader:240 - Cannot read IP mode file for STMicroelectronics.X-CUBE-AZRTOS-F4.1.1.0
2025-05-05 20:57:39,360 [ERROR] Engine:466 - C:\Users\dbank\.stm32cubemx\thirdparties\pdsc\Avnet-IotConnect.X-CUBE-IoTC-DA16k-PMOD.1.0.0.pdsc: PDSC version is not supported
2025-05-05 20:57:39,384 [WARN] PackLoader:240 - Cannot read IP mode file for STMicroelectronics.X-CUBE-ISPU.2.1.0
2025-05-05 20:57:39,416 [WARN] PackLoader:240 - Cannot read IP mode file for STMicroelectronics.X-CUBE-FREERTOS.1.2.0
2025-05-05 20:57:39,470 [WARN] PackLoader:240 - Cannot read IP mode file for STMicroelectronics.X-CUBE-AZRTOS-L5.2.0.0
2025-05-05 20:57:39,508 [WARN] PackLoader:240 - Cannot read IP mode file for STMicroelectronics.X-CUBE-NFC6.3.1.0
2025-05-05 20:57:39,537 [WARN] PackLoader:240 - Cannot read IP mode file for STMicroelectronics.X-CUBE-DPower.1.2.0
2025-05-05 20:57:39,562 [WARN] PackLoader:240 - Cannot read IP mode file for STMicroelectronics.X-CUBE-AI.9.0.0
2025-05-05 20:57:39,587 [WARN] PackLoader:240 - Cannot read IP mode file for STMicroelectronics.X-CUBE-FREERTOS.1.3.0
2025-05-05 20:57:39,612 [WARN] PackLoader:240 - Cannot read IP mode file for STMicroelectronics.X-CUBE-NFC7.1.0.1
2025-05-05 20:57:39,643 [WARN] PackLoader:240 - Cannot read IP mode file for wolfSSL.I-CUBE-wolfTPM.3.2.0
2025-05-05 20:57:39,666 [WARN] PackLoader:240 - Cannot read IP mode file for STMicroelectronics.X-CUBE-DPower.1.3.0
2025-05-05 20:57:39,707 [WARN] ConditionMgr:438 - getConditionDescription Invalid condition id : LAN8742 Phy interface Condition cause : null
2025-05-05 20:57:39,709 [WARN] PackLoader:240 - Cannot read IP mode file for STMicroelectronics.X-CUBE-AZRTOS-L4.2.0.0
2025-05-05 20:57:39,711 [WARN] ConditionMgr:1039 - genDependencies : Invalid condition id : LAN8742 Phy interface Condition cause : null
2025-05-05 20:57:39,711 [WARN] ConditionMgr:1039 - genDependencies : Invalid condition id : LAN8742 Phy interface Condition cause : null
2025-05-05 20:57:39,711 [WARN] ConditionMgr:1039 - genDependencies : Invalid condition id : LAN8742 Phy interface Condition cause : null
2025-05-05 20:57:39,737 [WARN] PackLoader:240 - Cannot read IP mode file for STMicroelectronics.X-CUBE-SFXS2LP1.4.0.0
2025-05-05 20:57:39,797 [WARN] PackLoader:240 - Cannot read IP mode file for STMicroelectronics.X-CUBE-AZRTOS-H7.3.3.0
2025-05-05 20:57:40,169 [WARN] PackLoader:240 - Cannot read IP mode file for STMicroelectronics.X-CUBE-IPS.3.0.0
2025-05-05 20:57:40,213 [WARN] ConditionMgr:438 - getConditionDescription Invalid condition id : UX DEVICE CLASS RTOS Condition cause : null
2025-05-05 20:57:40,214 [WARN] ConditionMgr:438 - getConditionDescription Invalid condition id : UX DEVICE CLASS RTOS Condition cause : null
2025-05-05 20:57:40,216 [WARN] PackLoader:240 - Cannot read IP mode file for STMicroelectronics.X-CUBE-AZRTOS-WB.2.0.0
2025-05-05 20:57:40,218 [WARN] ConditionMgr:1039 - genDependencies : Invalid condition id : UX DEVICE CLASS RTOS Condition cause : null
2025-05-05 20:57:40,218 [WARN] ConditionMgr:1039 - genDependencies : Invalid condition id : UX DEVICE CLASS RTOS Condition cause : null
2025-05-05 20:57:40,218 [WARN] ConditionMgr:1039 - genDependencies : Invalid condition id : UX DEVICE CLASS RTOS Condition cause : null
2025-05-05 20:57:40,218 [WARN] ConditionMgr:1039 - genDependencies : Invalid condition id : UX DEVICE CLASS RTOS Condition cause : null
2025-05-05 20:57:40,218 [WARN] ConditionMgr:1039 - genDependencies : Invalid condition id : UX DEVICE CLASS RTOS Condition cause : null
2025-05-05 20:57:40,241 [WARN] PackLoader:240 - Cannot read IP mode file for STMicroelectronics.X-CUBE-GNSS1.7.0.0
2025-05-05 20:57:40,263 [WARN] PackLoader:240 - Cannot read IP mode file for STMicroelectronics.X-CUBE-GNSS1.7.0.1
2025-05-05 20:57:40,287 [WARN] PackLoader:240 - Cannot read IP mode file for STMicroelectronics.X-CUBE-TOUCHGFX.4.25.0
2025-05-05 20:57:40,312 [WARN] PackLoader:240 - Cannot read IP mode file for STMicroelectronics.FP-SNS-STBOX1.2.0.0
2025-05-05 20:57:40,348 [WARN] PackLoader:240 - Cannot read IP mode file for STMicroelectronics.X-CUBE-SUBG2.5.0.0
2025-05-05 20:57:40,401 [WARN] PackLoader:240 - Cannot read IP mode file for STMicroelectronics.X-CUBE-AZRTOS-H7RS.1.1.0
2025-05-05 20:57:40,454 [WARN] PackLoader:240 - Cannot read IP mode file for STMicroelectronics.X-CUBE-AZRTOS-G4.2.0.0
2025-05-05 20:57:40,479 [WARN] PackLoader:240 - Cannot read IP mode file for STMicroelectronics.X-CUBE-NFC7.2.0.0
2025-05-05 20:57:40,503 [WARN] PackLoader:240 - Cannot read IP mode file for STMicroelectronics.X-CUBE-ISPU.2.0.0
2025-05-05 20:57:40,529 [ERROR] Engine:466 - C:\Users\dbank\.stm32cubemx\thirdparties\pdsc\STMicroelectronics.X-CUBE-IPS.3.1.0.pdsc: PDSC version is not supported
2025-05-05 20:57:40,549 [WARN] PackLoader:240 - Cannot read IP mode file for STMicroelectronics.X-CUBE-ALS.1.0.2
2025-05-05 20:57:40,618 [WARN] PackLoader:240 - Cannot read IP mode file for STMicroelectronics.X-CUBE-MEMS1.10.0.0
2025-05-05 20:57:40,751 [WARN] PackLoader:240 - Cannot read IP mode file for STMicroelectronics.X-CUBE-TOUCHGFX.4.24.0
2025-05-05 20:57:40,773 [WARN] PackLoader:240 - Cannot read IP mode file for STMicroelectronics.X-CUBE-TOUCHGFX.4.24.1
2025-05-05 20:57:40,800 [WARN] PackLoader:240 - Cannot read IP mode file for portGmbH.I-Cube-SoM-uGOAL.1.1.0
2025-05-05 20:57:40,828 [WARN] PackLoader:240 - Cannot read IP mode file for STMicroelectronics.X-CUBE-ALS.1.0.1
2025-05-05 20:57:40,874 [WARN] PackLoader:240 - Cannot read IP mode file for STMicroelectronics.X-CUBE-AZRTOS-H7RS.1.0.0
2025-05-05 20:57:40,901 [WARN] PackLoader:240 - Cannot read IP mode file for STMicroelectronics.FP-ATR-ASTRA1.2.0.0
2025-05-05 20:57:40,938 [WARN] PackLoader:240 - Cannot read IP mode file for STMicroelectronics.X-CUBE-TOF1.3.4.2
2025-05-05 20:57:40,976 [ERROR] Engine:466 - C:\Users\dbank\.stm32cubemx\thirdparties\pdsc\STMicroelectronics.X-CUBE-TOF1.3.4.3.pdsc: PDSC version is not supported
2025-05-05 20:57:41,011 [WARN] PackLoader:240 - Cannot read IP mode file for STMicroelectronics.X-CUBE-TOF1.3.4.1
2025-05-05 20:57:41,071 [WARN] PackLoader:240 - Cannot read IP mode file for STMicroelectronics.X-CUBE-AZRTOS-H7.3.2.0
2025-05-05 20:57:41,115 [WARN] PackLoader:240 - Cannot read IP mode file for Infineon.AIROC-Wi-Fi-Bluetooth-STM32.1.6.0
2025-05-05 20:57:41,142 [WARN] PackLoader:240 - Cannot read IP mode file for wolfSSL.I-CUBE-wolfSSH.1.4.17
2025-05-05 20:57:41,142 [INFO] ThirdParty:978 - Integrity check success = true
2025-05-05 20:57:41,142 [INFO] IntegrityCheckThread:100 - exiting critical section [integrity check]
2025-05-05 20:57:41,142 [INFO] IntegrityCheckThread:103 - End integrity checks thread
2025-05-05 20:57:43,085 [INFO] WebApp:161 - Instantiating new browser for Auth
2025-05-05 20:57:44,385 [INFO] WebApp:779 - Register for checkConnection events
2025-05-05 20:57:44,385 [INFO] WebApp:414 - Apply proxy settings
2025-05-05 20:57:44,385 [INFO] WebApp:499 - Chromium requires no authentication
2025-05-05 20:57:44,412 [INFO] WebApp:442 - Direct internet connection detected
2025-05-05 20:57:44,648 [INFO] WebApp:192 - Starting web application
2025-05-05 20:57:44,648 [INFO] WebApp:544 - Web application path used C:\ST\STM32CubeIDE_1.15.1\STM32CubeIDE\plugins\com.st.stm32cube.common.mx_6.11.1.202404110753\db\plugins\mcufinder\reactClient1\index.html
2025-05-05 21:49:35,857 [ERROR] LogOutputStream:75 - [STDERR_REDIRECT] 
