2025-07-05 21:04:06,936 [INFO] Activator:176 - 


2025-07-05 21:04:06,942 [INFO] Activator:177 - !SESSION log4j initialized
2025-07-05 21:04:13,829 [INFO] LogOutputStream:77 - [STDOUT_REDIRECT] 
2025-07-05 21:04:18,544 [INFO] ApplicationProperties:184 - Using Application install path: C:\ST\STM32CubeIDE_1.15.1\STM32CubeIDE\plugins\com.st.stm32cube.common.mx_6.11.1.202404110753
2025-07-05 21:04:18,581 [INFO] DbMcusXml:78 - Set database path to: C:\ST\STM32CubeIDE_1.15.1\STM32CubeIDE\plugins\com.st.stm32cube.common.mx_6.11.1.202404110753\\db\/mcu/
2025-07-05 21:04:18,581 [INFO] ApiDb:274 - Set plugin database path to: C:\ST\STM32CubeIDE_1.15.1\STM32CubeIDE\plugins\com.st.stm32cube.common.mx_6.11.1.202404110753\\db\/plugins/boardmanager/
2025-07-05 21:04:18,581 [WARN] ApiDb:259 - Overriding images path with different value:  => C:\ST\STM32CubeIDE_1.15.1\STM32CubeIDE\plugins\com.st.stm32cube.common.mx_6.11.1.202404110753\\db\/plugins/mcufinder/images/
2025-07-05 21:04:18,605 [INFO] ApiDb:250 - Set database path to: C:\Users\dbank\.stmcufinder\plugins\mcufinder//mcu/
2025-07-05 21:04:18,609 [INFO] DbMcusAds:125 - Set database path to: C:\Users\dbank\.stmcufinder\plugins\mcufinder//mcu/
2025-07-05 21:04:18,616 [INFO] CrossReferenceDbSqlite:203 - Set database path to: C:\Users\dbank\.stmcufinder\plugins\mcufinder//mcu/cs/
2025-07-05 21:04:19,109 [INFO] RulesReader:64 - Compatibility file has been processed (297 Rules)
2025-07-05 21:04:19,311 [INFO] DbMcusXml:78 - Set database path to: C:\ST\STM32CubeIDE_1.15.1\STM32CubeIDE\plugins\com.st.stm32cube.common.mx_6.11.1.202404110753\\db\/mcu/
2025-07-05 21:04:19,311 [INFO] ApiDb:274 - Set plugin database path to: C:\ST\STM32CubeIDE_1.15.1\STM32CubeIDE\plugins\com.st.stm32cube.common.mx_6.11.1.202404110753\\db\/plugins/boardmanager/
2025-07-05 21:04:19,311 [INFO] ApiDb:261 - Set plugin images path to: C:\ST\STM32CubeIDE_1.15.1\STM32CubeIDE\plugins\com.st.stm32cube.common.mx_6.11.1.202404110753\\db\/plugins/mcufinder/images/
2025-07-05 21:04:19,311 [WARN] DbFile:41 - Overriding database path with different value: C:\Users\dbank\.stmcufinder\plugins\mcufinder/ => C:\Users\dbank\.stmcufinder\plugins\mcufinder
2025-07-05 21:04:19,312 [INFO] ApiDb:250 - Set database path to: C:\Users\dbank\.stmcufinder\plugins\mcufinder//mcu/
2025-07-05 21:04:19,312 [WARN] DbFile:41 - Overriding database path with different value: C:\Users\dbank\.stmcufinder\plugins\mcufinder/ => C:\Users\dbank\.stmcufinder\plugins\mcufinder
2025-07-05 21:04:19,312 [INFO] DbMcusAds:125 - Set database path to: C:\Users\dbank\.stmcufinder\plugins\mcufinder//mcu/
2025-07-05 21:04:19,312 [WARN] DbFile:41 - Overriding database path with different value: C:\Users\dbank\.stmcufinder\plugins\mcufinder/ => C:\Users\dbank\.stmcufinder\plugins\mcufinder
2025-07-05 21:04:19,312 [WARN] DbFile:41 - Overriding database path with different value: C:\Users\dbank\.stmcufinder\plugins\mcufinder/ => C:\Users\dbank\.stmcufinder\plugins\mcufinder
2025-07-05 21:04:19,312 [INFO] CrossReferenceDbSqlite:203 - Set database path to: C:\Users\dbank\.stmcufinder\plugins\mcufinder//mcu/cs/
2025-07-05 21:04:19,493 [INFO] MainPanel:264 - HeapMemory: 268435456
2025-07-05 21:04:19,803 [INFO] DbMcusXml:78 - Set database path to: C:\ST\STM32CubeIDE_1.15.1\STM32CubeIDE\plugins\com.st.stm32cube.common.mx_6.11.1.202404110753\\db\/mcu/
2025-07-05 21:04:19,804 [INFO] ApiDb:274 - Set plugin database path to: C:\ST\STM32CubeIDE_1.15.1\STM32CubeIDE\plugins\com.st.stm32cube.common.mx_6.11.1.202404110753\\db\/plugins/boardmanager/
2025-07-05 21:04:19,804 [INFO] ApiDb:261 - Set plugin images path to: C:\ST\STM32CubeIDE_1.15.1\STM32CubeIDE\plugins\com.st.stm32cube.common.mx_6.11.1.202404110753\\db\/plugins/mcufinder/images/
2025-07-05 21:04:19,806 [WARN] DbFile:41 - Overriding database path with different value: C:\Users\dbank\.stmcufinder\plugins\mcufinder/ => C:\Users\dbank\.stmcufinder\plugins\mcufinder
2025-07-05 21:04:19,806 [INFO] ApiDb:250 - Set database path to: C:\Users\dbank\.stmcufinder\plugins\mcufinder//mcu/
2025-07-05 21:04:19,806 [WARN] DbFile:41 - Overriding database path with different value: C:\Users\dbank\.stmcufinder\plugins\mcufinder/ => C:\Users\dbank\.stmcufinder\plugins\mcufinder
2025-07-05 21:04:19,806 [INFO] DbMcusAds:125 - Set database path to: C:\Users\dbank\.stmcufinder\plugins\mcufinder//mcu/
2025-07-05 21:04:19,806 [WARN] DbFile:41 - Overriding database path with different value: C:\Users\dbank\.stmcufinder\plugins\mcufinder/ => C:\Users\dbank\.stmcufinder\plugins\mcufinder
2025-07-05 21:04:19,806 [WARN] DbFile:41 - Overriding database path with different value: C:\Users\dbank\.stmcufinder\plugins\mcufinder/ => C:\Users\dbank\.stmcufinder\plugins\mcufinder
2025-07-05 21:04:19,806 [INFO] CrossReferenceDbSqlite:203 - Set database path to: C:\Users\dbank\.stmcufinder\plugins\mcufinder//mcu/cs/
2025-07-05 21:04:19,848 [INFO] ApplicationProperties:184 - Using Application install path: C:\ST\STM32CubeIDE_1.15.1\STM32CubeIDE\plugins\com.st.stm32cube.common.mx_6.11.1.202404110753
2025-07-05 21:04:19,851 [INFO] PluginManage:196 - Search for loadable plugins [exclusion list=, ]
2025-07-05 21:04:19,856 [INFO] PluginManage:310 - Check plugin analytics
2025-07-05 21:04:20,479 [INFO] AnalyticsPlugin:253 - Accepted Software Licenses: STM32CubeMX.6.11.1
2025-07-05 21:04:20,479 [INFO] AnalyticsPlugin:255 - Accepted CMSIS Pack Licenses: STMicroelectronics.X-CUBE-AZRTOS-H7.3.3.0
2025-07-05 21:04:20,480 [INFO] AnalyticsPlugin:257 - Accepted Firmware Licenses: FW.H7.1.11.0,FW.H7.1.10.0,FW.L4.1.18.0,FW.F4.1.28.0,FW.MP1.1.6.0,FW.F7.1.17.0
2025-07-05 21:04:20,485 [INFO] PluginManage:359 - Loaded plugin analytics (category:tool,tabindex:-1)
2025-07-05 21:04:20,487 [INFO] PluginManage:310 - Check plugin cadmodel
2025-07-05 21:04:20,516 [INFO] CADModel:105 - Init CAD model plugin
2025-07-05 21:04:20,516 [INFO] PluginManage:359 - Loaded plugin cadmodel (category:power,tabindex:5)
2025-07-05 21:04:20,516 [INFO] PluginManage:310 - Check plugin clock
2025-07-05 21:04:20,561 [INFO] PluginManage:359 - Loaded plugin clock (category:base,tabindex:2)
2025-07-05 21:04:20,561 [INFO] PluginManage:310 - Check plugin ddr
2025-07-05 21:04:20,571 [INFO] PluginManage:359 - Loaded plugin ddr (category:tool,tabindex:6)
2025-07-05 21:04:20,571 [INFO] PluginManage:310 - Check plugin filemanager
2025-07-05 21:04:20,905 [INFO] PluginManage:359 - Loaded plugin filemanager (category:base,tabindex:10)
2025-07-05 21:04:20,905 [INFO] PluginManage:310 - Check plugin ipmanager
2025-07-05 21:04:20,922 [INFO] PluginManage:359 - Loaded plugin ipmanager (category:base,tabindex:5)
2025-07-05 21:04:20,922 [INFO] PluginManage:310 - Check plugin lpbam
2025-07-05 21:04:20,959 [INFO] PluginManage:359 - Loaded plugin lpbam (category:base,tabindex:0)
2025-07-05 21:04:20,960 [INFO] PluginManage:310 - Check plugin memorymap
2025-07-05 21:04:21,011 [INFO] PluginManage:359 - Loaded plugin memorymap (category:base,tabindex:4)
2025-07-05 21:04:21,012 [INFO] PluginManage:310 - Check plugin pinoutandconfiguration
2025-07-05 21:04:21,050 [INFO] PluginManage:359 - Loaded plugin pinoutandconfiguration (category:base,tabindex:1)
2025-07-05 21:04:21,050 [INFO] PluginManage:310 - Check plugin pinoutconfig
2025-07-05 21:04:21,271 [WARN] SupportedApi:132 - Cannot load RTOS API schema: s4s-elt-must-match.1: The content of 'definitions' must match (annotation?, (simpleType | complexType)?, (unique | key | keyref)*)). A problem was found starting at: attribute.
2025-07-05 21:04:21,861 [INFO] PluginManage:359 - Loaded plugin pinoutconfig (category:base,tabindex:0)
2025-07-05 21:04:21,862 [INFO] PluginManage:310 - Check plugin power
2025-07-05 21:04:21,903 [INFO] PluginManage:359 - Loaded plugin power (category:power,tabindex:4)
2025-07-05 21:04:21,903 [INFO] PluginManage:310 - Check plugin projectmanager
2025-07-05 21:04:21,949 [INFO] PluginManage:359 - Loaded plugin projectmanager (category:projectmanager,tabindex:3)
2025-07-05 21:04:21,949 [INFO] PluginManage:310 - Check plugin thirdparty
2025-07-05 21:04:22,575 [WARN] IntegrityCheckThread:84 - waiting for thirdparty lock release [integrity check]
2025-07-05 21:04:22,576 [INFO] IntegrityCheckThread:86 - entering critical section [integrity check]
2025-07-05 21:04:22,576 [INFO] PluginManage:359 - Loaded plugin thirdparty (category:base,tabindex:-1)
2025-07-05 21:04:22,576 [INFO] PluginManage:310 - Check plugin tools
2025-07-05 21:04:22,577 [INFO] ThirdPartyUpdaterWithRetryManager:70 - Updater plugin not ready yet. [1/15]
2025-07-05 21:04:22,660 [INFO] PluginManage:359 - Loaded plugin tools (category:base,tabindex:7)
2025-07-05 21:04:22,660 [INFO] PluginManage:310 - Check plugin tutovideos
2025-07-05 21:04:23,245 [INFO] PluginManage:359 - Loaded plugin tutovideos (category:base,tabindex:-1)
2025-07-05 21:04:23,245 [INFO] PluginManage:310 - Check plugin updater
2025-07-05 21:04:23,268 [INFO] PluginManage:359 - Loaded plugin updater (category:base,tabindex:12)
2025-07-05 21:04:23,268 [INFO] PluginManage:310 - Check plugin userauth
2025-07-05 21:04:23,278 [INFO] UserAuth:114 - Init User Auth plugin
2025-07-05 21:04:23,279 [INFO] PluginManage:359 - Loaded plugin userauth (category:base,tabindex:14)
2025-07-05 21:04:23,279 [INFO] PluginManage:283 - PluginManage : Loaded plugins [17]
2025-07-05 21:04:23,801 [INFO] PinOutPanel:1561 - setPackage(No Configuration,No Configuration)
2025-07-05 21:04:23,973 [INFO] CADModel:165 - CPN selected for project level
2025-07-05 21:04:23,973 [INFO] CADModel:114 - Register for checkConnection events
2025-07-05 21:04:24,030 [INFO] IPUIPlugin:80 - create IPUIPlugin
2025-07-05 21:04:24,030 [INFO] PluginManager:220 - loadIPPluginJar : add adc
2025-07-05 21:04:24,098 [INFO] IPUIPlugin:80 - create IPUIPlugin
2025-07-05 21:04:24,098 [INFO] PluginManager:220 - loadIPPluginJar : add aes
2025-07-05 21:04:24,173 [INFO] IPUIPlugin:80 - create IPUIPlugin
2025-07-05 21:04:24,173 [INFO] PluginManager:220 - loadIPPluginJar : add can
2025-07-05 21:04:24,227 [INFO] IPUIPlugin:80 - create IPUIPlugin
2025-07-05 21:04:24,227 [INFO] PluginManager:220 - loadIPPluginJar : add comp
2025-07-05 21:04:24,289 [INFO] IPUIPlugin:80 - create IPUIPlugin
2025-07-05 21:04:24,289 [INFO] PluginManager:220 - loadIPPluginJar : add cryp
2025-07-05 21:04:24,366 [INFO] IPUIPlugin:80 - create IPUIPlugin
2025-07-05 21:04:24,366 [INFO] PluginManager:220 - loadIPPluginJar : add dfsdm
2025-07-05 21:04:24,397 [INFO] IPUIPlugin:80 - create IPUIPlugin
2025-07-05 21:04:24,400 [INFO] PluginManager:220 - loadIPPluginJar : add dma
2025-07-05 21:04:24,504 [INFO] IPUIPlugin:80 - create IPUIPlugin
2025-07-05 21:04:24,504 [INFO] PluginManager:220 - loadIPPluginJar : add dma3
2025-07-05 21:04:24,605 [INFO] IPUIPlugin:80 - create IPUIPlugin
2025-07-05 21:04:24,605 [INFO] PluginManager:220 - loadIPPluginJar : add extmemmanager
2025-07-05 21:04:24,654 [INFO] IPUIPlugin:80 - create IPUIPlugin
2025-07-05 21:04:24,654 [INFO] PluginManager:220 - loadIPPluginJar : add fatfs
2025-07-05 21:04:24,743 [INFO] IPUIPlugin:80 - create IPUIPlugin
2025-07-05 21:04:24,743 [INFO] PluginManager:220 - loadIPPluginJar : add fmc
2025-07-05 21:04:24,783 [INFO] IPUIPlugin:80 - create IPUIPlugin
2025-07-05 21:04:24,783 [INFO] PluginManager:220 - loadIPPluginJar : add freertos
2025-07-05 21:04:24,844 [INFO] IPUIPlugin:80 - create IPUIPlugin
2025-07-05 21:04:24,844 [INFO] PluginManager:220 - loadIPPluginJar : add genericplugin
2025-07-05 21:04:25,059 [INFO] IPUIPlugin:80 - create IPUIPlugin
2025-07-05 21:04:25,059 [INFO] PluginManager:220 - loadIPPluginJar : add gfxmmu
2025-07-05 21:04:25,356 [INFO] IPUIPlugin:80 - create IPUIPlugin
2025-07-05 21:04:25,356 [INFO] PluginManager:220 - loadIPPluginJar : add gic
2025-07-05 21:04:25,387 [INFO] IPUIPlugin:80 - create IPUIPlugin
2025-07-05 21:04:25,387 [INFO] PluginManager:220 - loadIPPluginJar : add gpio
2025-07-05 21:04:25,578 [INFO] ThirdPartyUpdaterWithRetryManager:70 - Updater plugin not ready yet. [2/15]
2025-07-05 21:04:25,599 [INFO] IPUIPlugin:80 - create IPUIPlugin
2025-07-05 21:04:25,599 [INFO] PluginManager:220 - loadIPPluginJar : add gtzc
2025-07-05 21:04:25,671 [INFO] IPUIPlugin:80 - create IPUIPlugin
2025-07-05 21:04:25,671 [INFO] PluginManager:220 - loadIPPluginJar : add hash
2025-07-05 21:04:25,777 [INFO] IPUIPlugin:80 - create IPUIPlugin
2025-07-05 21:04:25,777 [INFO] PluginManager:220 - loadIPPluginJar : add i2c
2025-07-05 21:04:25,850 [INFO] IPUIPlugin:80 - create IPUIPlugin
2025-07-05 21:04:25,850 [INFO] PluginManager:220 - loadIPPluginJar : add i2s
2025-07-05 21:04:25,920 [INFO] IPUIPlugin:80 - create IPUIPlugin
2025-07-05 21:04:25,920 [INFO] PluginManager:220 - loadIPPluginJar : add i3c
2025-07-05 21:04:26,119 [INFO] IPUIPlugin:80 - create IPUIPlugin
2025-07-05 21:04:26,119 [INFO] PluginManager:220 - loadIPPluginJar : add ipddr
2025-07-05 21:04:26,316 [INFO] IPUIPlugin:80 - create IPUIPlugin
2025-07-05 21:04:26,316 [INFO] PluginManager:220 - loadIPPluginJar : add linkedlist
2025-07-05 21:04:26,390 [INFO] IPUIPlugin:80 - create IPUIPlugin
2025-07-05 21:04:26,392 [INFO] PluginManager:220 - loadIPPluginJar : add lorawan
2025-07-05 21:04:26,476 [INFO] IPUIPlugin:80 - create IPUIPlugin
2025-07-05 21:04:26,476 [INFO] PluginManager:220 - loadIPPluginJar : add ltdc
2025-07-05 21:04:26,501 [INFO] IPUIPlugin:80 - create IPUIPlugin
2025-07-05 21:04:26,501 [INFO] PluginManager:220 - loadIPPluginJar : add mdma
2025-07-05 21:04:26,523 [INFO] IPUIPlugin:80 - create IPUIPlugin
2025-07-05 21:04:26,529 [INFO] PluginManager:220 - loadIPPluginJar : add nvic
2025-07-05 21:04:26,615 [INFO] IPUIPlugin:80 - create IPUIPlugin
2025-07-05 21:04:26,615 [INFO] PluginManager:220 - loadIPPluginJar : add opamp
2025-07-05 21:04:26,760 [INFO] IPUIPlugin:80 - create IPUIPlugin
2025-07-05 21:04:26,761 [INFO] PluginManager:220 - loadIPPluginJar : add openamp
2025-07-05 21:04:26,868 [INFO] IPUIPlugin:80 - create IPUIPlugin
2025-07-05 21:04:26,868 [INFO] PluginManager:220 - loadIPPluginJar : add pdm2pcm
2025-07-05 21:04:26,898 [INFO] IPUIPlugin:80 - create IPUIPlugin
2025-07-05 21:04:26,904 [INFO] PluginManager:220 - loadIPPluginJar : add plateformsettings
2025-07-05 21:04:26,969 [INFO] IPUIPlugin:80 - create IPUIPlugin
2025-07-05 21:04:26,970 [INFO] PluginManager:220 - loadIPPluginJar : add quadspi
2025-07-05 21:04:26,999 [INFO] IPUIPlugin:80 - create IPUIPlugin
2025-07-05 21:04:26,999 [INFO] PluginManager:220 - loadIPPluginJar : add resmgrutility
2025-07-05 21:04:27,092 [INFO] IPUIPlugin:80 - create IPUIPlugin
2025-07-05 21:04:27,092 [INFO] PluginManager:220 - loadIPPluginJar : add sai
2025-07-05 21:04:27,180 [INFO] IPUIPlugin:80 - create IPUIPlugin
2025-07-05 21:04:27,180 [INFO] PluginManager:220 - loadIPPluginJar : add spi
2025-07-05 21:04:27,349 [INFO] IPUIPlugin:80 - create IPUIPlugin
2025-07-05 21:04:27,349 [INFO] PluginManager:220 - loadIPPluginJar : add stm32_wpan
2025-07-05 21:04:27,399 [INFO] IPUIPlugin:80 - create IPUIPlugin
2025-07-05 21:04:27,400 [INFO] PluginManager:220 - loadIPPluginJar : add tim
2025-07-05 21:04:27,526 [INFO] IPUIPlugin:80 - create IPUIPlugin
2025-07-05 21:04:27,526 [INFO] PluginManager:220 - loadIPPluginJar : add touchsensing
2025-07-05 21:04:27,584 [INFO] IPUIPlugin:80 - create IPUIPlugin
2025-07-05 21:04:27,584 [INFO] PluginManager:220 - loadIPPluginJar : add tracer_emb
2025-07-05 21:04:27,651 [INFO] IPUIPlugin:80 - create IPUIPlugin
2025-07-05 21:04:27,653 [INFO] PluginManager:220 - loadIPPluginJar : add ts
2025-07-05 21:04:27,716 [INFO] IPUIPlugin:80 - create IPUIPlugin
2025-07-05 21:04:27,717 [INFO] PluginManager:220 - loadIPPluginJar : add tsc
2025-07-05 21:04:27,785 [INFO] IPUIPlugin:80 - create IPUIPlugin
2025-07-05 21:04:27,786 [INFO] PluginManager:220 - loadIPPluginJar : add ucpd
2025-07-05 21:04:27,893 [INFO] IPUIPlugin:80 - create IPUIPlugin
2025-07-05 21:04:27,893 [INFO] PluginManager:220 - loadIPPluginJar : add usart
2025-07-05 21:04:27,992 [INFO] IPUIPlugin:80 - create IPUIPlugin
2025-07-05 21:04:27,992 [INFO] PluginManager:220 - loadIPPluginJar : add usbx
2025-07-05 21:04:28,170 [INFO] CADModel:165 - CPN selected for project level
2025-07-05 21:04:28,170 [INFO] CADModel:114 - Register for checkConnection events
2025-07-05 21:04:28,170 [FATAL] Updater:308 - Updater called before beeing initialized
2025-07-05 21:04:28,170 [ERROR] CADModel:125 - Updater not yet initialized, retry later 
2025-07-05 21:04:28,462 [INFO] CADModel:165 - CPN selected for project level
2025-07-05 21:04:28,462 [INFO] CADModel:114 - Register for checkConnection events
2025-07-05 21:04:28,463 [FATAL] Updater:308 - Updater called before beeing initialized
2025-07-05 21:04:28,463 [ERROR] CADModel:125 - Updater not yet initialized, retry later 
2025-07-05 21:04:28,467 [FATAL] Updater:308 - Updater called before beeing initialized
2025-07-05 21:04:28,580 [INFO] ThirdPartyUpdaterWithRetryManager:70 - Updater plugin not ready yet. [3/15]
2025-07-05 21:04:28,640 [FATAL] Updater:308 - Updater called before beeing initialized
2025-07-05 21:04:28,674 [INFO] DbMcusAds:53 - JSON generation date=Wed May 07 11:07:55 CEST 2025 (1746608875484)
2025-07-05 21:04:28,674 [FATAL] Updater:308 - Updater called before beeing initialized
2025-07-05 21:04:28,801 [WARN] DetailPanel:346 - Failed to get advertising image, set to default
2025-07-05 21:04:28,964 [FATAL] Updater:308 - Updater called before beeing initialized
2025-07-05 21:04:28,972 [FATAL] Updater:308 - Updater called before beeing initialized
2025-07-05 21:04:28,972 [FATAL] Updater:308 - Updater called before beeing initialized
2025-07-05 21:04:28,972 [WARN] DetailPanel:346 - Failed to get advertising image, set to default
2025-07-05 21:04:28,973 [FATAL] Updater:308 - Updater called before beeing initialized
2025-07-05 21:04:29,112 [ERROR] Updater:1120 - MainUpdater not yet initialized. External WinMGr cannot be set.
2025-07-05 21:04:29,136 [INFO] Updater:1056 - Updater Version found : 6.11.1
2025-07-05 21:04:29,204 [INFO] ApplicationProperties:184 - Using Application install path: C:\ST\STM32CubeIDE_1.15.1\STM32CubeIDE\plugins\com.st.stm32cube.common.mx_6.11.1.202404110753
2025-07-05 21:04:30,815 [ERROR] LogOutputStream:75 - [STDERR_REDIRECT] Jul 05, 2025 9:04:30 PM java.util.prefs.WindowsPreferences <init>
2025-07-05 21:04:30,820 [ERROR] LogOutputStream:75 - [STDERR_REDIRECT] WARNING: Could not open/create prefs root node Software\JavaSoft\Prefs at root 0xffffffff80000002. Windows RegCreateKeyEx(...) returned error code 5.
2025-07-05 21:04:30,820 [ERROR] LogOutputStream:75 - [STDERR_REDIRECT] 
2025-07-05 21:04:31,581 [FATAL] Updater:308 - Updater called before beeing initialized
2025-07-05 21:04:31,581 [ERROR] IntegrityCheckThread:130 - Cannot retrieve database content from updater: error 21
2025-07-05 21:04:31,582 [INFO] ThirdParty:978 - Integrity check success = false
2025-07-05 21:04:31,582 [INFO] IntegrityCheckThread:100 - exiting critical section [integrity check]
2025-07-05 21:04:31,582 [INFO] IntegrityCheckThread:103 - End integrity checks thread
2025-07-05 21:04:31,780 [INFO] MainUpdater:2873 - connection check result : 10
2025-07-05 21:04:31,780 [INFO] MainUpdater:3567 - Updater definition file requires update
2025-07-05 21:04:31,783 [INFO] MainUpdater:290 - Updater Check For Update Now.
2025-07-05 21:04:31,783 [INFO] MicroXplorer:498 - Change Database Version : DB.6.0.111
2025-07-05 21:04:31,822 [INFO] McuFinderGlobals:63 - Set McuFinder mode to 2 (CubeIDE integrated)
2025-07-05 21:04:31,850 [INFO] UserAuth:415 - Internet connection configuration mode: 1
2025-07-05 21:04:31,895 [INFO] ServerAccessManage:473 - Download File updaters.zip
2025-07-05 21:04:31,919 [INFO] JxBrowserEngine:152 - Initiate JxBrowser Engine with user profile folder
2025-07-05 21:04:32,056 [INFO] FileExtend:240 - Unzip File : updaters.zip
2025-07-05 21:04:32,056 [INFO] FileExtend:255 - Standard Zip Deflate
2025-07-05 21:04:33,365 [INFO] ServerAccessManage:473 - Download File PacksControlFlags.xml
2025-07-05 21:04:33,501 [INFO] ServerAccessManage:473 - Download File cubemx.pidx
2025-07-05 21:04:34,563 [INFO] ServerAccessManage:473 - Download File STMicroelectronics.X-CUBE-FREERTOS.pdsc
2025-07-05 21:04:35,760 [INFO] ServerAccessManage:473 - Download File STMicroelectronics.X-CUBE-AZRTOS-H7.pdsc
2025-07-05 21:04:37,565 [WARN] PackLoader:240 - Cannot read IP mode file for STMicroelectronics.X-CUBE-FREERTOS.1.3.1
2025-07-05 21:04:37,613 [WARN] PackLoader:240 - Cannot read IP mode file for STMicroelectronics.X-CUBE-AZRTOS-H7.3.4.0
2025-07-05 21:04:37,620 [INFO] PopulateThirdPartyThread:66 - Ending populate Thread
2025-07-05 21:04:37,623 [INFO] ThirdParty:1030 - CMSIS Pack Vendor :STMicroelectronics X-CUBE-FREERTOS 1.3.1
2025-07-05 21:04:37,623 [INFO] ThirdParty:1030 - CMSIS Pack Vendor :STMicroelectronics X-CUBE-AZRTOS-H7 3.4.0
2025-07-05 21:04:37,623 [INFO] LoadServerUpdatesThread:375 - End of LoadServerUpdate Thread
2025-07-05 21:04:37,650 [INFO] CheckServerUpdateThread:120 - End of CheckServer Thread
2025-07-05 21:04:39,970 [INFO] WebApp:161 - Instantiating new browser for Auth
2025-07-05 21:04:40,601 [INFO] WebApp:779 - Register for checkConnection events
2025-07-05 21:04:40,601 [INFO] WebApp:414 - Apply proxy settings
2025-07-05 21:04:40,602 [INFO] WebApp:499 - Chromium requires no authentication
2025-07-05 21:04:40,608 [INFO] WebApp:442 - Direct internet connection detected
2025-07-05 21:04:40,768 [INFO] WebApp:192 - Starting web application
2025-07-05 21:04:40,769 [INFO] WebApp:544 - Web application path used C:\ST\STM32CubeIDE_1.15.1\STM32CubeIDE\plugins\com.st.stm32cube.common.mx_6.11.1.202404110753\db\plugins\mcufinder\reactClient1\index.html
2025-07-05 21:20:41,776 [ERROR] LogOutputStream:75 - [STDERR_REDIRECT] 
2025-07-05 21:23:06,416 [INFO] Activator:176 - 


2025-07-05 21:23:06,419 [INFO] Activator:177 - !SESSION log4j initialized
2025-07-05 21:23:11,898 [INFO] LogOutputStream:77 - [STDOUT_REDIRECT] 
2025-07-05 21:23:14,380 [INFO] ApplicationProperties:184 - Using Application install path: C:\ST\STM32CubeIDE_1.15.1\STM32CubeIDE\plugins\com.st.stm32cube.common.mx_6.11.1.202404110753
2025-07-05 21:23:14,446 [INFO] DbMcusXml:78 - Set database path to: C:\ST\STM32CubeIDE_1.15.1\STM32CubeIDE\plugins\com.st.stm32cube.common.mx_6.11.1.202404110753\\db\/mcu/
2025-07-05 21:23:14,447 [INFO] ApiDb:274 - Set plugin database path to: C:\ST\STM32CubeIDE_1.15.1\STM32CubeIDE\plugins\com.st.stm32cube.common.mx_6.11.1.202404110753\\db\/plugins/boardmanager/
2025-07-05 21:23:14,447 [WARN] ApiDb:259 - Overriding images path with different value:  => C:\ST\STM32CubeIDE_1.15.1\STM32CubeIDE\plugins\com.st.stm32cube.common.mx_6.11.1.202404110753\\db\/plugins/mcufinder/images/
2025-07-05 21:23:14,461 [INFO] ApiDb:250 - Set database path to: C:\Users\dbank\.stmcufinder\plugins\mcufinder//mcu/
2025-07-05 21:23:14,464 [INFO] DbMcusAds:125 - Set database path to: C:\Users\dbank\.stmcufinder\plugins\mcufinder//mcu/
2025-07-05 21:23:14,472 [INFO] CrossReferenceDbSqlite:203 - Set database path to: C:\Users\dbank\.stmcufinder\plugins\mcufinder//mcu/cs/
2025-07-05 21:23:14,938 [INFO] RulesReader:64 - Compatibility file has been processed (297 Rules)
2025-07-05 21:23:15,158 [INFO] DbMcusXml:78 - Set database path to: C:\ST\STM32CubeIDE_1.15.1\STM32CubeIDE\plugins\com.st.stm32cube.common.mx_6.11.1.202404110753\\db\/mcu/
2025-07-05 21:23:15,160 [INFO] ApiDb:274 - Set plugin database path to: C:\ST\STM32CubeIDE_1.15.1\STM32CubeIDE\plugins\com.st.stm32cube.common.mx_6.11.1.202404110753\\db\/plugins/boardmanager/
2025-07-05 21:23:15,160 [INFO] ApiDb:261 - Set plugin images path to: C:\ST\STM32CubeIDE_1.15.1\STM32CubeIDE\plugins\com.st.stm32cube.common.mx_6.11.1.202404110753\\db\/plugins/mcufinder/images/
2025-07-05 21:23:15,160 [WARN] DbFile:41 - Overriding database path with different value: C:\Users\dbank\.stmcufinder\plugins\mcufinder/ => C:\Users\dbank\.stmcufinder\plugins\mcufinder
2025-07-05 21:23:15,160 [INFO] ApiDb:250 - Set database path to: C:\Users\dbank\.stmcufinder\plugins\mcufinder//mcu/
2025-07-05 21:23:15,160 [WARN] DbFile:41 - Overriding database path with different value: C:\Users\dbank\.stmcufinder\plugins\mcufinder/ => C:\Users\dbank\.stmcufinder\plugins\mcufinder
2025-07-05 21:23:15,160 [INFO] DbMcusAds:125 - Set database path to: C:\Users\dbank\.stmcufinder\plugins\mcufinder//mcu/
2025-07-05 21:23:15,160 [WARN] DbFile:41 - Overriding database path with different value: C:\Users\dbank\.stmcufinder\plugins\mcufinder/ => C:\Users\dbank\.stmcufinder\plugins\mcufinder
2025-07-05 21:23:15,160 [WARN] DbFile:41 - Overriding database path with different value: C:\Users\dbank\.stmcufinder\plugins\mcufinder/ => C:\Users\dbank\.stmcufinder\plugins\mcufinder
2025-07-05 21:23:15,160 [INFO] CrossReferenceDbSqlite:203 - Set database path to: C:\Users\dbank\.stmcufinder\plugins\mcufinder//mcu/cs/
2025-07-05 21:23:15,403 [INFO] MainPanel:264 - HeapMemory: 268435456
2025-07-05 21:23:15,646 [INFO] DbMcusXml:78 - Set database path to: C:\ST\STM32CubeIDE_1.15.1\STM32CubeIDE\plugins\com.st.stm32cube.common.mx_6.11.1.202404110753\\db\/mcu/
2025-07-05 21:23:15,646 [INFO] ApiDb:274 - Set plugin database path to: C:\ST\STM32CubeIDE_1.15.1\STM32CubeIDE\plugins\com.st.stm32cube.common.mx_6.11.1.202404110753\\db\/plugins/boardmanager/
2025-07-05 21:23:15,647 [INFO] ApiDb:261 - Set plugin images path to: C:\ST\STM32CubeIDE_1.15.1\STM32CubeIDE\plugins\com.st.stm32cube.common.mx_6.11.1.202404110753\\db\/plugins/mcufinder/images/
2025-07-05 21:23:15,649 [WARN] DbFile:41 - Overriding database path with different value: C:\Users\dbank\.stmcufinder\plugins\mcufinder/ => C:\Users\dbank\.stmcufinder\plugins\mcufinder
2025-07-05 21:23:15,649 [INFO] ApiDb:250 - Set database path to: C:\Users\dbank\.stmcufinder\plugins\mcufinder//mcu/
2025-07-05 21:23:15,649 [WARN] DbFile:41 - Overriding database path with different value: C:\Users\dbank\.stmcufinder\plugins\mcufinder/ => C:\Users\dbank\.stmcufinder\plugins\mcufinder
2025-07-05 21:23:15,649 [INFO] DbMcusAds:125 - Set database path to: C:\Users\dbank\.stmcufinder\plugins\mcufinder//mcu/
2025-07-05 21:23:15,649 [WARN] DbFile:41 - Overriding database path with different value: C:\Users\dbank\.stmcufinder\plugins\mcufinder/ => C:\Users\dbank\.stmcufinder\plugins\mcufinder
2025-07-05 21:23:15,649 [WARN] DbFile:41 - Overriding database path with different value: C:\Users\dbank\.stmcufinder\plugins\mcufinder/ => C:\Users\dbank\.stmcufinder\plugins\mcufinder
2025-07-05 21:23:15,649 [INFO] CrossReferenceDbSqlite:203 - Set database path to: C:\Users\dbank\.stmcufinder\plugins\mcufinder//mcu/cs/
2025-07-05 21:23:15,679 [INFO] ApplicationProperties:184 - Using Application install path: C:\ST\STM32CubeIDE_1.15.1\STM32CubeIDE\plugins\com.st.stm32cube.common.mx_6.11.1.202404110753
2025-07-05 21:23:15,683 [INFO] PluginManage:196 - Search for loadable plugins [exclusion list=, ]
2025-07-05 21:23:15,684 [INFO] PluginManage:310 - Check plugin analytics
2025-07-05 21:23:16,378 [INFO] AnalyticsPlugin:253 - Accepted Software Licenses: STM32CubeMX.6.11.1
2025-07-05 21:23:16,379 [INFO] AnalyticsPlugin:255 - Accepted CMSIS Pack Licenses: STMicroelectronics.X-CUBE-AZRTOS-H7.3.3.0
2025-07-05 21:23:16,379 [INFO] AnalyticsPlugin:257 - Accepted Firmware Licenses: FW.H7.1.11.0,FW.H7.1.10.0,FW.L4.1.18.0,FW.F4.1.28.0,FW.MP1.1.6.0,FW.F7.1.17.0
2025-07-05 21:23:16,385 [INFO] PluginManage:359 - Loaded plugin analytics (category:tool,tabindex:-1)
2025-07-05 21:23:16,385 [INFO] PluginManage:310 - Check plugin cadmodel
2025-07-05 21:23:16,393 [INFO] CADModel:105 - Init CAD model plugin
2025-07-05 21:23:16,395 [INFO] PluginManage:359 - Loaded plugin cadmodel (category:power,tabindex:5)
2025-07-05 21:23:16,395 [INFO] PluginManage:310 - Check plugin clock
2025-07-05 21:23:16,428 [INFO] PluginManage:359 - Loaded plugin clock (category:base,tabindex:2)
2025-07-05 21:23:16,428 [INFO] PluginManage:310 - Check plugin ddr
2025-07-05 21:23:16,441 [INFO] PluginManage:359 - Loaded plugin ddr (category:tool,tabindex:6)
2025-07-05 21:23:16,441 [INFO] PluginManage:310 - Check plugin filemanager
2025-07-05 21:23:16,929 [INFO] PluginManage:359 - Loaded plugin filemanager (category:base,tabindex:10)
2025-07-05 21:23:16,929 [INFO] PluginManage:310 - Check plugin ipmanager
2025-07-05 21:23:16,947 [INFO] PluginManage:359 - Loaded plugin ipmanager (category:base,tabindex:5)
2025-07-05 21:23:16,949 [INFO] PluginManage:310 - Check plugin lpbam
2025-07-05 21:23:16,972 [INFO] PluginManage:359 - Loaded plugin lpbam (category:base,tabindex:0)
2025-07-05 21:23:16,972 [INFO] PluginManage:310 - Check plugin memorymap
2025-07-05 21:23:17,049 [INFO] PluginManage:359 - Loaded plugin memorymap (category:base,tabindex:4)
2025-07-05 21:23:17,049 [INFO] PluginManage:310 - Check plugin pinoutandconfiguration
2025-07-05 21:23:17,080 [INFO] PluginManage:359 - Loaded plugin pinoutandconfiguration (category:base,tabindex:1)
2025-07-05 21:23:17,080 [INFO] PluginManage:310 - Check plugin pinoutconfig
2025-07-05 21:23:17,352 [WARN] SupportedApi:132 - Cannot load RTOS API schema: s4s-elt-must-match.1: The content of 'definitions' must match (annotation?, (simpleType | complexType)?, (unique | key | keyref)*)). A problem was found starting at: attribute.
2025-07-05 21:23:17,820 [INFO] PluginManage:359 - Loaded plugin pinoutconfig (category:base,tabindex:0)
2025-07-05 21:23:17,820 [INFO] PluginManage:310 - Check plugin power
2025-07-05 21:23:17,843 [INFO] PluginManage:359 - Loaded plugin power (category:power,tabindex:4)
2025-07-05 21:23:17,843 [INFO] PluginManage:310 - Check plugin projectmanager
2025-07-05 21:23:17,880 [INFO] PluginManage:359 - Loaded plugin projectmanager (category:projectmanager,tabindex:3)
2025-07-05 21:23:17,880 [INFO] PluginManage:310 - Check plugin thirdparty
2025-07-05 21:23:18,243 [WARN] IntegrityCheckThread:84 - waiting for thirdparty lock release [integrity check]
2025-07-05 21:23:18,243 [INFO] IntegrityCheckThread:86 - entering critical section [integrity check]
2025-07-05 21:23:18,244 [INFO] PluginManage:359 - Loaded plugin thirdparty (category:base,tabindex:-1)
2025-07-05 21:23:18,244 [INFO] PluginManage:310 - Check plugin tools
2025-07-05 21:23:18,244 [INFO] ThirdPartyUpdaterWithRetryManager:70 - Updater plugin not ready yet. [1/15]
2025-07-05 21:23:18,251 [INFO] PluginManage:359 - Loaded plugin tools (category:base,tabindex:7)
2025-07-05 21:23:18,252 [INFO] PluginManage:310 - Check plugin tutovideos
2025-07-05 21:23:18,925 [INFO] PluginManage:359 - Loaded plugin tutovideos (category:base,tabindex:-1)
2025-07-05 21:23:18,926 [INFO] PluginManage:310 - Check plugin updater
2025-07-05 21:23:18,952 [INFO] PluginManage:359 - Loaded plugin updater (category:base,tabindex:12)
2025-07-05 21:23:18,952 [INFO] PluginManage:310 - Check plugin userauth
2025-07-05 21:23:18,963 [INFO] UserAuth:114 - Init User Auth plugin
2025-07-05 21:23:18,963 [INFO] PluginManage:359 - Loaded plugin userauth (category:base,tabindex:14)
2025-07-05 21:23:18,964 [INFO] PluginManage:283 - PluginManage : Loaded plugins [17]
2025-07-05 21:23:19,586 [INFO] PinOutPanel:1561 - setPackage(No Configuration,No Configuration)
2025-07-05 21:23:19,761 [INFO] CADModel:165 - CPN selected for project level
2025-07-05 21:23:19,761 [INFO] CADModel:114 - Register for checkConnection events
2025-07-05 21:23:19,796 [INFO] IPUIPlugin:80 - create IPUIPlugin
2025-07-05 21:23:19,796 [INFO] PluginManager:220 - loadIPPluginJar : add adc
2025-07-05 21:23:19,803 [INFO] IPUIPlugin:80 - create IPUIPlugin
2025-07-05 21:23:19,803 [INFO] PluginManager:220 - loadIPPluginJar : add aes
2025-07-05 21:23:19,809 [INFO] IPUIPlugin:80 - create IPUIPlugin
2025-07-05 21:23:19,810 [INFO] PluginManager:220 - loadIPPluginJar : add can
2025-07-05 21:23:19,814 [INFO] IPUIPlugin:80 - create IPUIPlugin
2025-07-05 21:23:19,814 [INFO] PluginManager:220 - loadIPPluginJar : add comp
2025-07-05 21:23:19,821 [INFO] IPUIPlugin:80 - create IPUIPlugin
2025-07-05 21:23:19,821 [INFO] PluginManager:220 - loadIPPluginJar : add cryp
2025-07-05 21:23:19,832 [INFO] IPUIPlugin:80 - create IPUIPlugin
2025-07-05 21:23:19,832 [INFO] PluginManager:220 - loadIPPluginJar : add dfsdm
2025-07-05 21:23:19,844 [INFO] IPUIPlugin:80 - create IPUIPlugin
2025-07-05 21:23:19,847 [INFO] PluginManager:220 - loadIPPluginJar : add dma
2025-07-05 21:23:19,858 [INFO] IPUIPlugin:80 - create IPUIPlugin
2025-07-05 21:23:19,859 [INFO] PluginManager:220 - loadIPPluginJar : add dma3
2025-07-05 21:23:19,868 [INFO] IPUIPlugin:80 - create IPUIPlugin
2025-07-05 21:23:19,868 [INFO] PluginManager:220 - loadIPPluginJar : add extmemmanager
2025-07-05 21:23:19,872 [INFO] IPUIPlugin:80 - create IPUIPlugin
2025-07-05 21:23:19,872 [INFO] PluginManager:220 - loadIPPluginJar : add fatfs
2025-07-05 21:23:19,881 [INFO] IPUIPlugin:80 - create IPUIPlugin
2025-07-05 21:23:19,881 [INFO] PluginManager:220 - loadIPPluginJar : add fmc
2025-07-05 21:23:19,908 [INFO] IPUIPlugin:80 - create IPUIPlugin
2025-07-05 21:23:19,909 [INFO] PluginManager:220 - loadIPPluginJar : add freertos
2025-07-05 21:23:19,913 [INFO] IPUIPlugin:80 - create IPUIPlugin
2025-07-05 21:23:19,913 [INFO] PluginManager:220 - loadIPPluginJar : add genericplugin
2025-07-05 21:23:19,918 [INFO] IPUIPlugin:80 - create IPUIPlugin
2025-07-05 21:23:19,919 [INFO] PluginManager:220 - loadIPPluginJar : add gfxmmu
2025-07-05 21:23:19,926 [INFO] IPUIPlugin:80 - create IPUIPlugin
2025-07-05 21:23:19,926 [INFO] PluginManager:220 - loadIPPluginJar : add gic
2025-07-05 21:23:19,936 [INFO] IPUIPlugin:80 - create IPUIPlugin
2025-07-05 21:23:19,936 [INFO] PluginManager:220 - loadIPPluginJar : add gpio
2025-07-05 21:23:19,943 [INFO] IPUIPlugin:80 - create IPUIPlugin
2025-07-05 21:23:19,943 [INFO] PluginManager:220 - loadIPPluginJar : add gtzc
2025-07-05 21:23:19,950 [INFO] IPUIPlugin:80 - create IPUIPlugin
2025-07-05 21:23:19,950 [INFO] PluginManager:220 - loadIPPluginJar : add hash
2025-07-05 21:23:19,958 [INFO] IPUIPlugin:80 - create IPUIPlugin
2025-07-05 21:23:19,958 [INFO] PluginManager:220 - loadIPPluginJar : add i2c
2025-07-05 21:23:19,964 [INFO] IPUIPlugin:80 - create IPUIPlugin
2025-07-05 21:23:19,964 [INFO] PluginManager:220 - loadIPPluginJar : add i2s
2025-07-05 21:23:19,972 [INFO] IPUIPlugin:80 - create IPUIPlugin
2025-07-05 21:23:19,972 [INFO] PluginManager:220 - loadIPPluginJar : add i3c
2025-07-05 21:23:19,984 [INFO] IPUIPlugin:80 - create IPUIPlugin
2025-07-05 21:23:19,984 [INFO] PluginManager:220 - loadIPPluginJar : add ipddr
2025-07-05 21:23:19,993 [INFO] IPUIPlugin:80 - create IPUIPlugin
2025-07-05 21:23:19,993 [INFO] PluginManager:220 - loadIPPluginJar : add linkedlist
2025-07-05 21:23:20,003 [INFO] IPUIPlugin:80 - create IPUIPlugin
2025-07-05 21:23:20,003 [INFO] PluginManager:220 - loadIPPluginJar : add lorawan
2025-07-05 21:23:20,008 [INFO] IPUIPlugin:80 - create IPUIPlugin
2025-07-05 21:23:20,008 [INFO] PluginManager:220 - loadIPPluginJar : add ltdc
2025-07-05 21:23:20,018 [INFO] IPUIPlugin:80 - create IPUIPlugin
2025-07-05 21:23:20,018 [INFO] PluginManager:220 - loadIPPluginJar : add mdma
2025-07-05 21:23:20,029 [INFO] IPUIPlugin:80 - create IPUIPlugin
2025-07-05 21:23:20,029 [INFO] PluginManager:220 - loadIPPluginJar : add nvic
2025-07-05 21:23:20,036 [INFO] IPUIPlugin:80 - create IPUIPlugin
2025-07-05 21:23:20,036 [INFO] PluginManager:220 - loadIPPluginJar : add opamp
2025-07-05 21:23:20,046 [INFO] IPUIPlugin:80 - create IPUIPlugin
2025-07-05 21:23:20,047 [INFO] PluginManager:220 - loadIPPluginJar : add openamp
2025-07-05 21:23:20,053 [INFO] IPUIPlugin:80 - create IPUIPlugin
2025-07-05 21:23:20,055 [INFO] PluginManager:220 - loadIPPluginJar : add pdm2pcm
2025-07-05 21:23:20,064 [INFO] IPUIPlugin:80 - create IPUIPlugin
2025-07-05 21:23:20,074 [INFO] PluginManager:220 - loadIPPluginJar : add plateformsettings
2025-07-05 21:23:20,077 [INFO] IPUIPlugin:80 - create IPUIPlugin
2025-07-05 21:23:20,077 [INFO] PluginManager:220 - loadIPPluginJar : add quadspi
2025-07-05 21:23:20,085 [INFO] IPUIPlugin:80 - create IPUIPlugin
2025-07-05 21:23:20,085 [INFO] PluginManager:220 - loadIPPluginJar : add resmgrutility
2025-07-05 21:23:20,089 [INFO] IPUIPlugin:80 - create IPUIPlugin
2025-07-05 21:23:20,091 [INFO] PluginManager:220 - loadIPPluginJar : add sai
2025-07-05 21:23:20,094 [INFO] IPUIPlugin:80 - create IPUIPlugin
2025-07-05 21:23:20,094 [INFO] PluginManager:220 - loadIPPluginJar : add spi
2025-07-05 21:23:20,104 [INFO] IPUIPlugin:80 - create IPUIPlugin
2025-07-05 21:23:20,104 [INFO] PluginManager:220 - loadIPPluginJar : add stm32_wpan
2025-07-05 21:23:20,108 [INFO] IPUIPlugin:80 - create IPUIPlugin
2025-07-05 21:23:20,108 [INFO] PluginManager:220 - loadIPPluginJar : add tim
2025-07-05 21:23:20,113 [INFO] IPUIPlugin:80 - create IPUIPlugin
2025-07-05 21:23:20,113 [INFO] PluginManager:220 - loadIPPluginJar : add touchsensing
2025-07-05 21:23:20,119 [INFO] IPUIPlugin:80 - create IPUIPlugin
2025-07-05 21:23:20,119 [INFO] PluginManager:220 - loadIPPluginJar : add tracer_emb
2025-07-05 21:23:20,124 [INFO] IPUIPlugin:80 - create IPUIPlugin
2025-07-05 21:23:20,124 [INFO] PluginManager:220 - loadIPPluginJar : add ts
2025-07-05 21:23:20,127 [INFO] IPUIPlugin:80 - create IPUIPlugin
2025-07-05 21:23:20,127 [INFO] PluginManager:220 - loadIPPluginJar : add tsc
2025-07-05 21:23:20,131 [INFO] IPUIPlugin:80 - create IPUIPlugin
2025-07-05 21:23:20,132 [INFO] PluginManager:220 - loadIPPluginJar : add ucpd
2025-07-05 21:23:20,138 [INFO] IPUIPlugin:80 - create IPUIPlugin
2025-07-05 21:23:20,139 [INFO] PluginManager:220 - loadIPPluginJar : add usart
2025-07-05 21:23:20,143 [INFO] IPUIPlugin:80 - create IPUIPlugin
2025-07-05 21:23:20,143 [INFO] PluginManager:220 - loadIPPluginJar : add usbx
2025-07-05 21:23:20,316 [INFO] CADModel:165 - CPN selected for project level
2025-07-05 21:23:20,317 [INFO] CADModel:114 - Register for checkConnection events
2025-07-05 21:23:20,317 [FATAL] Updater:308 - Updater called before beeing initialized
2025-07-05 21:23:20,317 [ERROR] CADModel:125 - Updater not yet initialized, retry later 
2025-07-05 21:23:20,638 [INFO] CADModel:165 - CPN selected for project level
2025-07-05 21:23:20,638 [INFO] CADModel:114 - Register for checkConnection events
2025-07-05 21:23:20,638 [FATAL] Updater:308 - Updater called before beeing initialized
2025-07-05 21:23:20,638 [ERROR] CADModel:125 - Updater not yet initialized, retry later 
2025-07-05 21:23:20,646 [FATAL] Updater:308 - Updater called before beeing initialized
2025-07-05 21:23:20,878 [FATAL] Updater:308 - Updater called before beeing initialized
2025-07-05 21:23:20,892 [INFO] DbMcusAds:53 - JSON generation date=Wed May 07 11:07:55 CEST 2025 (1746608875484)
2025-07-05 21:23:20,893 [FATAL] Updater:308 - Updater called before beeing initialized
2025-07-05 21:23:20,950 [WARN] DetailPanel:346 - Failed to get advertising image, set to default
2025-07-05 21:23:21,102 [FATAL] Updater:308 - Updater called before beeing initialized
2025-07-05 21:23:21,105 [FATAL] Updater:308 - Updater called before beeing initialized
2025-07-05 21:23:21,105 [FATAL] Updater:308 - Updater called before beeing initialized
2025-07-05 21:23:21,105 [WARN] DetailPanel:346 - Failed to get advertising image, set to default
2025-07-05 21:23:21,107 [FATAL] Updater:308 - Updater called before beeing initialized
2025-07-05 21:23:21,202 [ERROR] Updater:1120 - MainUpdater not yet initialized. External WinMGr cannot be set.
2025-07-05 21:23:21,208 [INFO] Updater:1056 - Updater Version found : 6.11.1
2025-07-05 21:23:21,248 [INFO] ThirdPartyUpdaterWithRetryManager:70 - Updater plugin not ready yet. [2/15]
2025-07-05 21:23:21,253 [INFO] ApplicationProperties:184 - Using Application install path: C:\ST\STM32CubeIDE_1.15.1\STM32CubeIDE\plugins\com.st.stm32cube.common.mx_6.11.1.202404110753
2025-07-05 21:23:22,877 [ERROR] LogOutputStream:75 - [STDERR_REDIRECT] Jul 05, 2025 9:23:22 PM java.util.prefs.WindowsPreferences <init>
2025-07-05 21:23:22,879 [ERROR] LogOutputStream:75 - [STDERR_REDIRECT] WARNING: Could not open/create prefs root node Software\JavaSoft\Prefs at root 0xffffffff80000002. Windows RegCreateKeyEx(...) returned error code 5.
2025-07-05 21:23:22,882 [ERROR] LogOutputStream:75 - [STDERR_REDIRECT] 
2025-07-05 21:23:23,851 [INFO] MainUpdater:2873 - connection check result : 10
2025-07-05 21:23:23,852 [INFO] MainUpdater:290 - Updater Check For Update Now.
2025-07-05 21:23:23,853 [INFO] MicroXplorer:498 - Change Database Version : DB.6.0.111
2025-07-05 21:23:23,886 [INFO] McuFinderGlobals:63 - Set McuFinder mode to 2 (CubeIDE integrated)
2025-07-05 21:23:23,904 [INFO] UserAuth:415 - Internet connection configuration mode: 1
2025-07-05 21:23:23,954 [INFO] JxBrowserEngine:152 - Initiate JxBrowser Engine with user profile folder
2025-07-05 21:23:24,104 [INFO] CheckServerUpdateThread:120 - End of CheckServer Thread
2025-07-05 21:23:24,751 [WARN] PackLoader:240 - Cannot read IP mode file for STMicroelectronics.FP-SNS-MOTENVWB1.1.4.0
2025-07-05 21:23:24,780 [WARN] PackLoader:240 - Cannot read IP mode file for STMicroelectronics.FP-ATR-ASTRA1.2.0.2
2025-07-05 21:23:24,800 [WARN] PackLoader:240 - Cannot read IP mode file for STMicroelectronics.FP-ATR-ASTRA1.2.0.1
2025-07-05 21:23:24,842 [WARN] PackLoader:240 - Cannot read IP mode file for STMicroelectronics.X-CUBE-SMBUS.2.1.0
2025-07-05 21:23:24,870 [WARN] PackLoader:240 - Cannot read IP mode file for STMicroelectronics.X-CUBE-WB05N.1.1.0
2025-07-05 21:23:24,894 [WARN] PackLoader:240 - Cannot read IP mode file for STMicroelectronics.X-CUBE-TOUCHGFX.4.23.2
2025-07-05 21:23:24,974 [WARN] PackLoader:240 - Cannot read IP mode file for STMicroelectronics.X-CUBE-AZRTOS-F7.1.1.0
2025-07-05 21:23:25,103 [WARN] PackLoader:240 - Cannot read IP mode file for STMicroelectronics.X-CUBE-MEMS1.11.0.0
2025-07-05 21:23:25,354 [WARN] PackLoader:240 - Cannot read IP mode file for STMicroelectronics.FP-SNS-FLIGHT1.5.0.2
2025-07-05 21:23:25,405 [WARN] PackLoader:240 - Cannot read IP mode file for STMicroelectronics.X-CUBE-AZRTOS-H7.3.4.0
2025-07-05 21:23:25,454 [WARN] PackLoader:240 - Cannot read IP mode file for STMicroelectronics.X-CUBE-DISPLAY.3.0.0
2025-07-05 21:23:25,493 [WARN] PackLoader:240 - Cannot read IP mode file for STMicroelectronics.X-CUBE-BLE1.7.0.0
2025-07-05 21:23:25,526 [WARN] PackLoader:240 - Cannot read IP mode file for STMicroelectronics.X-CUBE-NFC10.1.0.0
2025-07-05 21:23:25,571 [WARN] PackLoader:240 - Cannot read IP mode file for STMicroelectronics.X-CUBE-BLEMGR.4.0.0
2025-07-05 21:23:25,602 [WARN] PackLoader:240 - Cannot read IP mode file for emotas.I-CUBE-CANOPEN.1.3.0
2025-07-05 21:23:25,641 [WARN] PackLoader:240 - Cannot read IP mode file for STMicroelectronics.X-CUBE-BLEMGR.3.1.0
2025-07-05 21:23:25,667 [WARN] PackLoader:240 - Cannot read IP mode file for STMicroelectronics.X-CUBE-AI.10.0.0
2025-07-05 21:23:25,686 [WARN] PackLoader:240 - Cannot read IP mode file for STMicroelectronics.FP-SNS-SMARTAG2.1.2.0
2025-07-05 21:23:25,693 [ERROR] Engine:466 - C:\Users\dbank\.stm32cubemx\thirdparties\pdsc\STMicroelectronics.FP-SNS-FLIGHT1.5.1.0.pdsc: PDSC version is not supported
2025-07-05 21:23:25,725 [INFO] LogOutputStream:77 - [STDOUT_REDIRECT] 1 : Invalid condition id : UX_CORESTACK_Condition cause : null
2025-07-05 21:23:25,727 [INFO] LogOutputStream:77 - [STDOUT_REDIRECT] 1 : Invalid condition id : UX_CORESTACK_Condition cause : null
2025-07-05 21:23:25,731 [INFO] LogOutputStream:77 - [STDOUT_REDIRECT] 1 : Invalid condition id : UX_CORESTACK_Condition cause : null
2025-07-05 21:23:25,733 [INFO] LogOutputStream:77 - [STDOUT_REDIRECT] 1 : Invalid condition id : UX_CORESTACK_Condition cause : null
2025-07-05 21:23:25,736 [INFO] LogOutputStream:77 - [STDOUT_REDIRECT] 1 : Invalid condition id : UX_CORESTACK_Condition cause : null
2025-07-05 21:23:25,739 [WARN] PackLoader:240 - Cannot read IP mode file for STMicroelectronics.X-CUBE-AZRTOS-WL.2.0.0
2025-07-05 21:23:25,767 [WARN] PackLoader:240 - Cannot read IP mode file for STMicroelectronics.FP-SNS-MOTENV1.5.0.0
2025-07-05 21:23:25,777 [WARN] PackLoader:240 - Cannot read IP mode file for wolfSSL.I-CUBE-wolfMQTT.1.19.0
2025-07-05 21:23:25,811 [WARN] PackLoader:240 - Cannot read IP mode file for WES.I-CUBE-Cesium.1.3.0
2025-07-05 21:23:25,838 [WARN] PackLoader:240 - Cannot read IP mode file for STMicroelectronics.X-CUBE-BLE2.3.3.0
2025-07-05 21:23:25,870 [WARN] PackLoader:240 - Cannot read IP mode file for STMicroelectronics.X-CUBE-NFC9.1.0.0
2025-07-05 21:23:25,901 [WARN] PackLoader:240 - Cannot read IP mode file for STMicroelectronics.X-CUBE-BLE1.7.1.0
2025-07-05 21:23:25,926 [WARN] PackLoader:240 - Cannot read IP mode file for STMicroelectronics.X-CUBE-TCPP.4.1.0
2025-07-05 21:23:25,950 [WARN] PackLoader:240 - Cannot read IP mode file for STMicroelectronics.X-CUBE-AI.10.1.0
2025-07-05 21:23:25,976 [WARN] PackLoader:240 - Cannot read IP mode file for STMicroelectronics.X-CUBE-ALGOBUILD.1.3.0
2025-07-05 21:23:26,063 [WARN] PackLoader:240 - Cannot read IP mode file for STMicroelectronics.X-CUBE-MEMS1.11.2.0
2025-07-05 21:23:26,256 [WARN] PackLoader:240 - Cannot read IP mode file for STMicroelectronics.X-CUBE-AZRTOS-G0.1.1.0
2025-07-05 21:23:26,288 [WARN] PackLoader:240 - Cannot read IP mode file for STMicroelectronics.X-CUBE-SAFEA1.1.2.2
2025-07-05 21:23:26,310 [WARN] PackLoader:240 - Cannot read IP mode file for STMicroelectronics.X-CUBE-NFC4.3.0.0
2025-07-05 21:23:26,337 [WARN] PackLoader:240 - Cannot read IP mode file for EmbeddedOffice.I-CUBE-FS-RTOS.1.0.1
2025-07-05 21:23:26,338 [ERROR] ConditionMgr:805 - Attr not supported : Dmpu
2025-07-05 21:23:26,338 [ERROR] ConditionMgr:805 - Attr not supported : Dmpu
2025-07-05 21:23:26,338 [ERROR] ConditionMgr:805 - Attr not supported : Dmpu
2025-07-05 21:23:26,338 [ERROR] ConditionMgr:805 - Attr not supported : Dmpu
2025-07-05 21:23:26,338 [ERROR] ConditionMgr:805 - Attr not supported : Dmpu
2025-07-05 21:23:26,338 [ERROR] ConditionMgr:805 - Attr not supported : Dmpu
2025-07-05 21:23:26,338 [ERROR] ConditionMgr:805 - Attr not supported : Dmpu
2025-07-05 21:23:26,338 [ERROR] ConditionMgr:805 - Attr not supported : Dmpu
2025-07-05 21:23:26,338 [ERROR] ConditionMgr:805 - Attr not supported : Dmpu
2025-07-05 21:23:26,338 [ERROR] ConditionMgr:805 - Attr not supported : Dmpu
2025-07-05 21:23:26,338 [ERROR] ConditionMgr:805 - Attr not supported : Dmpu
2025-07-05 21:23:26,338 [ERROR] ConditionMgr:805 - Attr not supported : Dmpu
2025-07-05 21:23:26,338 [ERROR] ConditionMgr:805 - Attr not supported : Dmpu
2025-07-05 21:23:26,338 [ERROR] ConditionMgr:805 - Attr not supported : Dmpu
2025-07-05 21:23:26,338 [ERROR] ConditionMgr:805 - Attr not supported : Dmpu
2025-07-05 21:23:26,338 [ERROR] ConditionMgr:805 - Attr not supported : Dmpu
2025-07-05 21:23:26,340 [ERROR] ConditionMgr:805 - Attr not supported : Dmpu
2025-07-05 21:23:26,340 [ERROR] ConditionMgr:805 - Attr not supported : Dmpu
2025-07-05 21:23:26,340 [ERROR] ConditionMgr:805 - Attr not supported : Dmpu
2025-07-05 21:23:26,340 [ERROR] ConditionMgr:805 - Attr not supported : Dmpu
2025-07-05 21:23:26,340 [ERROR] ConditionMgr:805 - Attr not supported : Dmpu
2025-07-05 21:23:26,340 [ERROR] ConditionMgr:805 - Attr not supported : Dmpu
2025-07-05 21:23:26,340 [ERROR] ConditionMgr:805 - Attr not supported : Dmpu
2025-07-05 21:23:26,340 [ERROR] ConditionMgr:805 - Attr not supported : Dmpu
2025-07-05 21:23:26,341 [ERROR] ConditionMgr:805 - Attr not supported : Dmpu
2025-07-05 21:23:26,341 [ERROR] ConditionMgr:805 - Attr not supported : Dmpu
2025-07-05 21:23:26,341 [ERROR] ConditionMgr:805 - Attr not supported : Dmpu
2025-07-05 21:23:26,341 [ERROR] ConditionMgr:805 - Attr not supported : Dmpu
2025-07-05 21:23:26,341 [ERROR] ConditionMgr:805 - Attr not supported : Dmpu
2025-07-05 21:23:26,341 [ERROR] ConditionMgr:805 - Attr not supported : Dmpu
2025-07-05 21:23:26,341 [ERROR] ConditionMgr:805 - Attr not supported : Dmpu
2025-07-05 21:23:26,341 [ERROR] ConditionMgr:805 - Attr not supported : Dmpu
2025-07-05 21:23:26,341 [ERROR] ConditionMgr:805 - Attr not supported : Dmpu
2025-07-05 21:23:26,341 [ERROR] ConditionMgr:805 - Attr not supported : Dmpu
2025-07-05 21:23:26,341 [ERROR] ConditionMgr:805 - Attr not supported : Dmpu
2025-07-05 21:23:26,341 [ERROR] ConditionMgr:805 - Attr not supported : Dmpu
2025-07-05 21:23:26,341 [ERROR] ConditionMgr:805 - Attr not supported : Dmpu
2025-07-05 21:23:26,341 [ERROR] ConditionMgr:805 - Attr not supported : Dmpu
2025-07-05 21:23:26,342 [ERROR] ConditionMgr:805 - Attr not supported : Dmpu
2025-07-05 21:23:26,342 [ERROR] ConditionMgr:805 - Attr not supported : Dmpu
2025-07-05 21:23:26,342 [ERROR] ConditionMgr:805 - Attr not supported : Dmpu
2025-07-05 21:23:26,342 [ERROR] ConditionMgr:805 - Attr not supported : Dmpu
2025-07-05 21:23:26,342 [ERROR] ConditionMgr:805 - Attr not supported : Dmpu
2025-07-05 21:23:26,342 [ERROR] ConditionMgr:805 - Attr not supported : Dmpu
2025-07-05 21:23:26,342 [ERROR] ConditionMgr:805 - Attr not supported : Dmpu
2025-07-05 21:23:26,342 [ERROR] ConditionMgr:805 - Attr not supported : Dmpu
2025-07-05 21:23:26,342 [ERROR] ConditionMgr:805 - Attr not supported : Dmpu
2025-07-05 21:23:26,342 [ERROR] ConditionMgr:805 - Attr not supported : Dmpu
2025-07-05 21:23:26,342 [ERROR] ConditionMgr:805 - Attr not supported : Dmpu
2025-07-05 21:23:26,342 [ERROR] ConditionMgr:805 - Attr not supported : Dmpu
2025-07-05 21:23:26,342 [ERROR] ConditionMgr:805 - Attr not supported : Dmpu
2025-07-05 21:23:26,342 [ERROR] ConditionMgr:805 - Attr not supported : Dmpu
2025-07-05 21:23:26,342 [ERROR] ConditionMgr:805 - Attr not supported : Dmpu
2025-07-05 21:23:26,342 [ERROR] ConditionMgr:805 - Attr not supported : Dmpu
2025-07-05 21:23:26,342 [ERROR] ConditionMgr:805 - Attr not supported : Dmpu
2025-07-05 21:23:26,342 [ERROR] ConditionMgr:805 - Attr not supported : Dmpu
2025-07-05 21:23:26,342 [ERROR] ConditionMgr:805 - Attr not supported : Dmpu
2025-07-05 21:23:26,342 [ERROR] ConditionMgr:805 - Attr not supported : Dmpu
2025-07-05 21:23:26,342 [ERROR] ConditionMgr:805 - Attr not supported : Dmpu
2025-07-05 21:23:26,342 [ERROR] ConditionMgr:805 - Attr not supported : Dmpu
2025-07-05 21:23:26,342 [ERROR] ConditionMgr:805 - Attr not supported : Dmpu
2025-07-05 21:23:26,342 [ERROR] ConditionMgr:805 - Attr not supported : Dmpu
2025-07-05 21:23:26,343 [ERROR] ConditionMgr:805 - Attr not supported : Dmpu
2025-07-05 21:23:26,343 [ERROR] ConditionMgr:805 - Attr not supported : Dmpu
2025-07-05 21:23:26,367 [WARN] PackLoader:240 - Cannot read IP mode file for STMicroelectronics.X-CUBE-WB05N.2.0.0
2025-07-05 21:23:26,387 [ERROR] Engine:466 - C:\Users\dbank\.stm32cubemx\thirdparties\pdsc\STMicroelectronics.X-CUBE-TCPP.4.2.0.pdsc: PDSC version is not supported
2025-07-05 21:23:26,407 [WARN] PackLoader:240 - Cannot read IP mode file for RealThread.X-CUBE-RT-Thread_Nano.4.1.1
2025-07-05 21:23:26,443 [WARN] PackLoader:240 - Cannot read IP mode file for wolfSSL.I-CUBE-wolfSSL.5.7.0
2025-07-05 21:23:26,451 [WARN] PackLoader:240 - Cannot read IP mode file for STMicroelectronics.FP-ATR-SIGFOX1.3.2.0
2025-07-05 21:23:26,459 [WARN] ConditionMgr:438 - getConditionDescription Invalid condition id : Cortex-A Device cause : null
2025-07-05 21:23:26,496 [WARN] ConditionMgr:1039 - genDependencies : Invalid condition id : Cortex-A Device cause : null
2025-07-05 21:23:26,496 [WARN] ConditionMgr:1039 - genDependencies : Invalid condition id : Cortex-A Device cause : null
2025-07-05 21:23:26,496 [WARN] ConditionMgr:1039 - genDependencies : Invalid condition id : Cortex-A Device cause : null
2025-07-05 21:23:26,520 [WARN] PackLoader:240 - Cannot read IP mode file for STMicroelectronics.X-CUBE-EEPRMA1.5.1.0
2025-07-05 21:23:26,544 [WARN] PackLoader:240 - Cannot read IP mode file for ITTIA_DB.I-CUBE-ITTIADB.8.9.0
2025-07-05 21:23:26,563 [ERROR] Engine:466 - C:\Users\dbank\.stm32cubemx\thirdparties\pdsc\STMicroelectronics.X-CUBE-ST67W61.1.0.0.pdsc: PDSC version is not supported
2025-07-05 21:23:26,612 [WARN] PackLoader:240 - Cannot read IP mode file for SEGGER.I-CUBE-embOS.1.3.1
2025-07-05 21:23:26,679 [WARN] PackLoader:240 - Cannot read IP mode file for STMicroelectronics.X-CUBE-ALGOBUILD.1.4.0
2025-07-05 21:23:26,765 [INFO] WebApp:161 - Instantiating new browser for Auth
2025-07-05 21:23:26,766 [WARN] PackLoader:240 - Cannot read IP mode file for STMicroelectronics.X-CUBE-MEMS1.11.3.0
2025-07-05 21:23:27,031 [WARN] PackLoader:240 - Cannot read IP mode file for STMicroelectronics.X-CUBE-AI.9.1.0
2025-07-05 21:23:27,060 [WARN] PackLoader:240 - Cannot read IP mode file for STMicroelectronics.X-CUBE-PM33A1.1.0.0
2025-07-05 21:23:27,086 [WARN] PackLoader:240 - Cannot read IP mode file for STMicroelectronics.X-CUBE-GNSS1.6.0.0
2025-07-05 21:23:27,143 [WARN] PackLoader:240 - Cannot read IP mode file for STMicroelectronics.X-CUBE-AZRTOS-F4.1.1.0
2025-07-05 21:23:27,156 [ERROR] Engine:466 - C:\Users\dbank\.stm32cubemx\thirdparties\pdsc\Avnet-IotConnect.X-CUBE-IoTC-DA16k-PMOD.1.0.0.pdsc: PDSC version is not supported
2025-07-05 21:23:27,190 [WARN] PackLoader:240 - Cannot read IP mode file for STMicroelectronics.X-CUBE-ISPU.2.1.0
2025-07-05 21:23:27,221 [WARN] PackLoader:240 - Cannot read IP mode file for STMicroelectronics.X-CUBE-FREERTOS.1.2.0
2025-07-05 21:23:27,277 [WARN] PackLoader:240 - Cannot read IP mode file for STMicroelectronics.X-CUBE-AZRTOS-L5.2.0.0
2025-07-05 21:23:27,312 [WARN] PackLoader:240 - Cannot read IP mode file for STMicroelectronics.X-CUBE-NFC6.3.1.0
2025-07-05 21:23:27,342 [WARN] PackLoader:240 - Cannot read IP mode file for STMicroelectronics.X-CUBE-DPower.1.2.0
2025-07-05 21:23:27,363 [WARN] PackLoader:240 - Cannot read IP mode file for STMicroelectronics.X-CUBE-AI.9.0.0
2025-07-05 21:23:27,371 [WARN] PackLoader:240 - Cannot read IP mode file for STMicroelectronics.X-CUBE-FREERTOS.1.3.1
2025-07-05 21:23:27,394 [WARN] PackLoader:240 - Cannot read IP mode file for STMicroelectronics.X-CUBE-FREERTOS.1.3.0
2025-07-05 21:23:27,427 [WARN] PackLoader:240 - Cannot read IP mode file for STMicroelectronics.X-CUBE-NFC7.1.0.1
2025-07-05 21:23:27,439 [WARN] PackLoader:240 - Cannot read IP mode file for wolfSSL.I-CUBE-wolfTPM.3.2.0
2025-07-05 21:23:27,458 [ERROR] Engine:466 - C:\Users\dbank\.stm32cubemx\thirdparties\pdsc\STMicroelectronics.FP-SNS-STAIOTCFT.1.0.0.pdsc: PDSC version is not supported
2025-07-05 21:23:27,491 [WARN] PackLoader:240 - Cannot read IP mode file for STMicroelectronics.X-CUBE-DPower.1.3.0
2025-07-05 21:23:27,552 [WARN] ConditionMgr:438 - getConditionDescription Invalid condition id : LAN8742 Phy interface Condition cause : null
2025-07-05 21:23:27,554 [WARN] PackLoader:240 - Cannot read IP mode file for STMicroelectronics.X-CUBE-AZRTOS-L4.2.0.0
2025-07-05 21:23:27,556 [WARN] ConditionMgr:1039 - genDependencies : Invalid condition id : LAN8742 Phy interface Condition cause : null
2025-07-05 21:23:27,556 [WARN] ConditionMgr:1039 - genDependencies : Invalid condition id : LAN8742 Phy interface Condition cause : null
2025-07-05 21:23:27,557 [WARN] ConditionMgr:1039 - genDependencies : Invalid condition id : LAN8742 Phy interface Condition cause : null
2025-07-05 21:23:27,590 [WARN] PackLoader:240 - Cannot read IP mode file for STMicroelectronics.X-CUBE-SFXS2LP1.4.0.0
2025-07-05 21:23:27,651 [WARN] PackLoader:240 - Cannot read IP mode file for STMicroelectronics.X-CUBE-AZRTOS-H7.3.3.0
2025-07-05 21:23:28,146 [WARN] PackLoader:240 - Cannot read IP mode file for STMicroelectronics.X-CUBE-IPS.3.0.0
2025-07-05 21:23:28,196 [WARN] ConditionMgr:438 - getConditionDescription Invalid condition id : UX DEVICE CLASS RTOS Condition cause : null
2025-07-05 21:23:28,196 [WARN] ConditionMgr:438 - getConditionDescription Invalid condition id : UX DEVICE CLASS RTOS Condition cause : null
2025-07-05 21:23:28,202 [WARN] PackLoader:240 - Cannot read IP mode file for STMicroelectronics.X-CUBE-AZRTOS-WB.2.0.0
2025-07-05 21:23:28,202 [WARN] ConditionMgr:1039 - genDependencies : Invalid condition id : UX DEVICE CLASS RTOS Condition cause : null
2025-07-05 21:23:28,202 [WARN] ConditionMgr:1039 - genDependencies : Invalid condition id : UX DEVICE CLASS RTOS Condition cause : null
2025-07-05 21:23:28,203 [WARN] ConditionMgr:1039 - genDependencies : Invalid condition id : UX DEVICE CLASS RTOS Condition cause : null
2025-07-05 21:23:28,203 [WARN] ConditionMgr:1039 - genDependencies : Invalid condition id : UX DEVICE CLASS RTOS Condition cause : null
2025-07-05 21:23:28,203 [WARN] ConditionMgr:1039 - genDependencies : Invalid condition id : UX DEVICE CLASS RTOS Condition cause : null
2025-07-05 21:23:28,228 [WARN] PackLoader:240 - Cannot read IP mode file for STMicroelectronics.X-CUBE-GNSS1.7.0.0
2025-07-05 21:23:28,258 [WARN] PackLoader:240 - Cannot read IP mode file for STMicroelectronics.X-CUBE-GNSS1.7.0.1
2025-07-05 21:23:28,278 [WARN] PackLoader:240 - Cannot read IP mode file for STMicroelectronics.X-CUBE-TOUCHGFX.4.25.0
2025-07-05 21:23:28,305 [WARN] PackLoader:240 - Cannot read IP mode file for STMicroelectronics.FP-SNS-STBOX1.2.0.0
2025-07-05 21:23:28,332 [WARN] PackLoader:240 - Cannot read IP mode file for STMicroelectronics.X-CUBE-SUBG2.5.0.0
2025-07-05 21:23:28,387 [WARN] PackLoader:240 - Cannot read IP mode file for STMicroelectronics.X-CUBE-AZRTOS-H7RS.1.1.0
2025-07-05 21:23:28,435 [WARN] PackLoader:240 - Cannot read IP mode file for STMicroelectronics.X-CUBE-AZRTOS-G4.2.0.0
2025-07-05 21:23:28,461 [WARN] PackLoader:240 - Cannot read IP mode file for STMicroelectronics.X-CUBE-NFC7.2.0.0
2025-07-05 21:23:28,487 [WARN] PackLoader:240 - Cannot read IP mode file for STMicroelectronics.X-CUBE-ISPU.2.0.0
2025-07-05 21:23:28,515 [ERROR] Engine:466 - C:\Users\dbank\.stm32cubemx\thirdparties\pdsc\STMicroelectronics.X-CUBE-IPS.3.1.0.pdsc: PDSC version is not supported
2025-07-05 21:23:28,542 [WARN] PackLoader:240 - Cannot read IP mode file for STMicroelectronics.X-CUBE-ALS.1.0.2
2025-07-05 21:23:28,631 [WARN] PackLoader:240 - Cannot read IP mode file for STMicroelectronics.X-CUBE-MEMS1.10.0.0
2025-07-05 21:23:28,840 [WARN] PackLoader:240 - Cannot read IP mode file for STMicroelectronics.X-CUBE-TOUCHGFX.4.24.0
2025-07-05 21:23:28,865 [WARN] PackLoader:240 - Cannot read IP mode file for STMicroelectronics.X-CUBE-TOUCHGFX.4.24.1
2025-07-05 21:23:28,896 [WARN] PackLoader:240 - Cannot read IP mode file for portGmbH.I-Cube-SoM-uGOAL.1.1.0
2025-07-05 21:23:28,918 [WARN] PackLoader:240 - Cannot read IP mode file for STMicroelectronics.X-CUBE-ALS.1.0.1
2025-07-05 21:23:28,978 [WARN] PackLoader:240 - Cannot read IP mode file for STMicroelectronics.X-CUBE-AZRTOS-H7RS.1.0.0
2025-07-05 21:23:29,003 [WARN] PackLoader:240 - Cannot read IP mode file for STMicroelectronics.FP-ATR-ASTRA1.2.0.0
2025-07-05 21:23:29,039 [WARN] PackLoader:240 - Cannot read IP mode file for STMicroelectronics.X-CUBE-TOF1.3.4.2
2025-07-05 21:23:29,077 [ERROR] Engine:466 - C:\Users\dbank\.stm32cubemx\thirdparties\pdsc\STMicroelectronics.X-CUBE-TOF1.3.4.3.pdsc: PDSC version is not supported
2025-07-05 21:23:29,106 [WARN] PackLoader:240 - Cannot read IP mode file for STMicroelectronics.X-CUBE-TOF1.3.4.1
2025-07-05 21:23:29,153 [WARN] PackLoader:240 - Cannot read IP mode file for STMicroelectronics.X-CUBE-AZRTOS-H7.3.2.0
2025-07-05 21:23:29,196 [WARN] PackLoader:240 - Cannot read IP mode file for Infineon.AIROC-Wi-Fi-Bluetooth-STM32.1.6.0
2025-07-05 21:23:29,211 [WARN] PackLoader:240 - Cannot read IP mode file for wolfSSL.I-CUBE-wolfSSH.1.4.17
2025-07-05 21:23:29,212 [INFO] ThirdParty:978 - Integrity check success = true
2025-07-05 21:23:29,212 [INFO] IntegrityCheckThread:100 - exiting critical section [integrity check]
2025-07-05 21:23:29,212 [INFO] IntegrityCheckThread:103 - End integrity checks thread
2025-07-05 21:23:30,111 [INFO] WebApp:779 - Register for checkConnection events
2025-07-05 21:23:30,111 [INFO] WebApp:414 - Apply proxy settings
2025-07-05 21:23:30,111 [INFO] WebApp:499 - Chromium requires no authentication
2025-07-05 21:23:30,128 [INFO] WebApp:442 - Direct internet connection detected
2025-07-05 21:23:31,382 [INFO] WebApp:192 - Starting web application
2025-07-05 21:23:31,382 [INFO] WebApp:544 - Web application path used C:\ST\STM32CubeIDE_1.15.1\STM32CubeIDE\plugins\com.st.stm32cube.common.mx_6.11.1.202404110753\db\plugins\mcufinder\reactClient1\index.html
