2024-05-20 00:10:49,995 [INFO] NvicIntPanel:101 - NVIC parent = com.st.microxplorer.plugins.ip.nvic.MultiNvicIntPanel[,0,0,0x0,invalid,layout=javax.swing.BoxLayout,alignmentX=0.0,alignmentY=0.0,border=,flags=9,maximumSize=,minimumSize=,preferredSize=]
2024-05-20 00:10:50,054 [INFO] I2cTimingTraitement:330 - 0xA070171B
2024-05-20 00:10:50,133 [INFO] NvicIntPanel:101 - NVIC parent = com.st.microxplorer.plugins.ip.nvic.MultiNvicIntPanel[,0,0,0x0,invalid,layout=javax.swing.BoxLayout,alignmentX=0.0,alignmentY=0.0,border=,flags=9,maximumSize=,minimumSize=,preferredSize=]
2024-05-20 00:10:53,669 [INFO] NvicIntPanel:101 - NVIC parent = com.st.microxplorer.plugins.ip.nvic.MultiNvicIntPanel[,0,0,0x0,invalid,layout=javax.swing.BoxLayout,alignmentX=0.0,alignmentY=0.0,border=,flags=9,maximumSize=,minimumSize=,preferredSize=]
2024-05-20 00:10:53,709 [INFO] I2cTimingTraitement:330 - 0x40F2323B
2024-05-20 00:10:53,773 [INFO] NvicIntPanel:101 - NVIC parent = com.st.microxplorer.plugins.ip.nvic.MultiNvicIntPanel[,0,0,0x0,invalid,layout=javax.swing.BoxLayout,alignmentX=0.0,alignmentY=0.0,border=,flags=9,maximumSize=,minimumSize=,preferredSize=]
2024-05-20 00:11:07,588 [INFO] UtilMem:75 - End SaveConfig() Used Memory: 596543872 Bytes (979369984)
2024-05-20 00:11:09,056 [INFO] UtilMem:75 - End SaveConfig() Used Memory: 626430336 Bytes (979369984)
2024-05-20 00:11:31,188 [INFO] UtilMem:75 - End SaveConfig() Used Memory: 753308032 Bytes (979369984)
2024-05-20 00:11:31,340 [INFO] BlockDiagram:2759 - set Specific Code input for plugin: SYS
2024-05-20 00:11:31,340 [INFO] BlockDiagram:2759 - set Specific Code input for plugin: RCC
2024-05-20 00:11:31,340 [INFO] BlockDiagram:2759 - set Specific Code input for plugin: I2C
2024-05-20 00:11:31,340 [INFO] BlockDiagram:2759 - set Specific Code input for plugin: NVIC
2024-05-20 00:11:31,341 [INFO] BlockDiagram:2759 - set Specific Code input for plugin: USART
2024-05-20 00:11:31,341 [INFO] BlockDiagram:2759 - set Specific Code input for plugin: OCTOSPI
2024-05-20 00:11:31,341 [INFO] BlockDiagram:2759 - set Specific Code input for plugin: DEBUG
2024-05-20 00:11:31,341 [INFO] BlockDiagram:2759 - set Specific Code input for plugin: GPIO
2024-05-20 00:11:31,342 [INFO] CodeGenerator:807 - code generatio: config db path: C:\ST\STM32CubeIDE_1.15.1\STM32CubeIDE\plugins\com.st.stm32cube.common.mx_6.11.1.202404110753\\db\
2024-05-20 00:11:31,458 [INFO] CodeEngine:255 - oldGeneratedFile, D:\!!!__GitHUB_repositories\MustangRadio_develepementVersion\02_Firmware\02_STM32\qspi_test\MXTmpFiles\license.tmp_save
2024-05-20 00:11:31,607 [INFO] CodeEngine:279 - Generated code: D:\!!!__GitHUB_repositories\MustangRadio_develepementVersion\02_Firmware\02_STM32\qspi_test\MXTmpFiles\license.tmp
2024-05-20 00:11:31,678 [INFO] CodeEngine:255 - oldGeneratedFile, D:\!!!__GitHUB_repositories\MustangRadio_develepementVersion\02_Firmware\02_STM32\qspi_test\Core\Src\gpio.c_save
2024-05-20 00:11:31,788 [INFO] CodeEngine:279 - Generated code: D:\!!!__GitHUB_repositories\MustangRadio_develepementVersion\02_Firmware\02_STM32\qspi_test\Core\Src\gpio.c
2024-05-20 00:11:31,792 [INFO] CodeEngine:255 - oldGeneratedFile, D:\!!!__GitHUB_repositories\MustangRadio_develepementVersion\02_Firmware\02_STM32\qspi_test\Core\Inc\gpio.h_save
2024-05-20 00:11:31,853 [INFO] CodeEngine:279 - Generated code: D:\!!!__GitHUB_repositories\MustangRadio_develepementVersion\02_Firmware\02_STM32\qspi_test\Core\Inc\gpio.h
2024-05-20 00:11:31,888 [WARN] IPConfigManager:98 - WARNING: Missing Config File for DEBUG ip!!
2024-05-20 00:11:32,259 [INFO] CodeEngine:255 - oldGeneratedFile, D:\!!!__GitHUB_repositories\MustangRadio_develepementVersion\02_Firmware\02_STM32\qspi_test\MXTmpFiles\cortex.tmp_save
2024-05-20 00:11:32,351 [INFO] CodeEngine:279 - Generated code: D:\!!!__GitHUB_repositories\MustangRadio_develepementVersion\02_Firmware\02_STM32\qspi_test\MXTmpFiles\cortex.tmp
2024-05-20 00:11:32,371 [INFO] CodeEngine:255 - oldGeneratedFile, D:\!!!__GitHUB_repositories\MustangRadio_develepementVersion\02_Firmware\02_STM32\qspi_test\Core\Src\i2c.c_save
2024-05-20 00:11:32,492 [INFO] CodeEngine:279 - Generated code: D:\!!!__GitHUB_repositories\MustangRadio_develepementVersion\02_Firmware\02_STM32\qspi_test\Core\Src\i2c.c
2024-05-20 00:11:32,499 [INFO] CodeEngine:255 - oldGeneratedFile, D:\!!!__GitHUB_repositories\MustangRadio_develepementVersion\02_Firmware\02_STM32\qspi_test\Core\Inc\i2c.h_save
2024-05-20 00:11:32,572 [INFO] CodeEngine:279 - Generated code: D:\!!!__GitHUB_repositories\MustangRadio_develepementVersion\02_Firmware\02_STM32\qspi_test\Core\Inc\i2c.h
2024-05-20 00:11:32,594 [INFO] CodeEngine:255 - oldGeneratedFile, D:\!!!__GitHUB_repositories\MustangRadio_develepementVersion\02_Firmware\02_STM32\qspi_test\Core\Src\octospi.c_save
2024-05-20 00:11:32,680 [INFO] CodeEngine:279 - Generated code: D:\!!!__GitHUB_repositories\MustangRadio_develepementVersion\02_Firmware\02_STM32\qspi_test\Core\Src\octospi.c
2024-05-20 00:11:32,685 [INFO] CodeEngine:255 - oldGeneratedFile, D:\!!!__GitHUB_repositories\MustangRadio_develepementVersion\02_Firmware\02_STM32\qspi_test\Core\Inc\octospi.h_save
2024-05-20 00:11:32,746 [INFO] CodeEngine:279 - Generated code: D:\!!!__GitHUB_repositories\MustangRadio_develepementVersion\02_Firmware\02_STM32\qspi_test\Core\Inc\octospi.h
2024-05-20 00:11:32,762 [INFO] CodeEngine:255 - oldGeneratedFile, D:\!!!__GitHUB_repositories\MustangRadio_develepementVersion\02_Firmware\02_STM32\qspi_test\Core\Src\usart.c_save
2024-05-20 00:11:32,851 [INFO] CodeEngine:279 - Generated code: D:\!!!__GitHUB_repositories\MustangRadio_develepementVersion\02_Firmware\02_STM32\qspi_test\Core\Src\usart.c
2024-05-20 00:11:32,855 [INFO] CodeEngine:255 - oldGeneratedFile, D:\!!!__GitHUB_repositories\MustangRadio_develepementVersion\02_Firmware\02_STM32\qspi_test\Core\Inc\usart.h_save
2024-05-20 00:11:32,922 [INFO] CodeEngine:279 - Generated code: D:\!!!__GitHUB_repositories\MustangRadio_develepementVersion\02_Firmware\02_STM32\qspi_test\Core\Inc\usart.h
2024-05-20 00:11:32,945 [INFO] CodeEngine:255 - oldGeneratedFile, D:\!!!__GitHUB_repositories\MustangRadio_develepementVersion\02_Firmware\02_STM32\qspi_test\Core\Src\stm32h7xx_it.c_save
2024-05-20 00:11:33,115 [INFO] CodeEngine:279 - Generated code: D:\!!!__GitHUB_repositories\MustangRadio_develepementVersion\02_Firmware\02_STM32\qspi_test\Core\Src\stm32h7xx_it.c
2024-05-20 00:11:33,129 [INFO] CodeEngine:255 - oldGeneratedFile, D:\!!!__GitHUB_repositories\MustangRadio_develepementVersion\02_Firmware\02_STM32\qspi_test\Core\Inc\stm32h7xx_it.h_save
2024-05-20 00:11:33,187 [INFO] CodeEngine:279 - Generated code: D:\!!!__GitHUB_repositories\MustangRadio_develepementVersion\02_Firmware\02_STM32\qspi_test\Core\Inc\stm32h7xx_it.h
2024-05-20 00:11:33,265 [INFO] CodeEngine:255 - oldGeneratedFile, D:\!!!__GitHUB_repositories\MustangRadio_develepementVersion\02_Firmware\02_STM32\qspi_test\Core\Src\stm32h7xx_hal_msp.c_save
2024-05-20 00:11:33,344 [INFO] CodeEngine:279 - Generated code: D:\!!!__GitHUB_repositories\MustangRadio_develepementVersion\02_Firmware\02_STM32\qspi_test\Core\Src\stm32h7xx_hal_msp.c
2024-05-20 00:11:33,348 [INFO] CodeEngine:255 - oldGeneratedFile, D:\!!!__GitHUB_repositories\MustangRadio_develepementVersion\02_Firmware\02_STM32\qspi_test\MXTmpFiles\system.tmp_save
2024-05-20 00:11:33,406 [INFO] CodeEngine:279 - Generated code: D:\!!!__GitHUB_repositories\MustangRadio_develepementVersion\02_Firmware\02_STM32\qspi_test\MXTmpFiles\system.tmp
2024-05-20 00:11:33,426 [INFO] CodeEngine:311 - oldGeneratedFile, D:\!!!__GitHUB_repositories\MustangRadio_develepementVersion\02_Firmware\02_STM32\qspi_test\Core\Inc\stm32h7xx_hal_conf.h_save
2024-05-20 00:11:33,523 [INFO] CodeEngine:335 - Generated code: D:\!!!__GitHUB_repositories\MustangRadio_develepementVersion\02_Firmware\02_STM32\qspi_test\Core\Inc\stm32h7xx_hal_conf.h
2024-05-20 00:11:33,593 [INFO] CodeEngine:255 - oldGeneratedFile, D:\!!!__GitHUB_repositories\MustangRadio_develepementVersion\02_Firmware\02_STM32\qspi_test\Core\Inc\main.h_save
2024-05-20 00:11:33,682 [INFO] CodeEngine:279 - Generated code: D:\!!!__GitHUB_repositories\MustangRadio_develepementVersion\02_Firmware\02_STM32\qspi_test\Core\Inc\main.h
2024-05-20 00:11:33,693 [INFO] CodeEngine:255 - oldGeneratedFile, D:\!!!__GitHUB_repositories\MustangRadio_develepementVersion\02_Firmware\02_STM32\qspi_test\Core\Src\main.c_save
2024-05-20 00:11:33,781 [INFO] CodeEngine:279 - Generated code: D:\!!!__GitHUB_repositories\MustangRadio_develepementVersion\02_Firmware\02_STM32\qspi_test\Core\Src\main.c
2024-05-20 00:11:34,132 [INFO] ProjectBuilder:3163 - Time for Copy HAL[1] : 159mS.
2024-05-20 00:11:34,136 [INFO] ProjectBuilder:4736 - Project Generator version: 4.3.0-B58
2024-05-20 00:11:34,214 [INFO] ConfigFileManager:1503 - The Die is : DIE480
2024-05-20 00:11:35,023 [INFO] ProjectBuilder:5002 - Time for Generating toolchain IDE Files: 887mS.
2024-05-20 00:11:35,023 [INFO] ProjectBuilder:3034 - Time for Copy CMSIS : 0mS.
2024-05-20 00:11:35,026 [INFO] ProjectBuilder:3034 - Time for Copy CMSIS : 0mS.
2024-05-20 00:32:17,253 [INFO] NvicIntPanel:101 - NVIC parent = com.st.microxplorer.plugins.ip.nvic.MultiNvicIntPanel[,0,0,0x0,invalid,layout=javax.swing.BoxLayout,alignmentX=0.0,alignmentY=0.0,border=,flags=9,maximumSize=,minimumSize=,preferredSize=]
2024-05-20 00:32:17,302 [INFO] I2cTimingTraitement:330 - 0x20F4546E
2024-05-20 00:32:17,374 [INFO] NvicIntPanel:101 - NVIC parent = com.st.microxplorer.plugins.ip.nvic.MultiNvicIntPanel[,0,0,0x0,invalid,layout=javax.swing.BoxLayout,alignmentX=0.0,alignmentY=0.0,border=,flags=9,maximumSize=,minimumSize=,preferredSize=]
2024-05-20 00:32:21,566 [INFO] ParamManager:896 - [Generic UI] PropertyChangeEvent: TAB_STATUS_CHANGED , "dont care", "never mind"
2024-05-20 00:32:21,602 [INFO] NvicIntPanel:101 - NVIC parent = com.st.microxplorer.plugins.ip.nvic.MultiNvicIntPanel[,0,0,0x0,invalid,layout=javax.swing.BoxLayout,alignmentX=0.0,alignmentY=0.0,border=,flags=9,maximumSize=,minimumSize=,preferredSize=]
2024-05-20 00:32:21,696 [INFO] NvicIntPanel:101 - NVIC parent = com.st.microxplorer.plugins.ip.nvic.MultiNvicIntPanel[,0,0,0x0,invalid,layout=javax.swing.BoxLayout,alignmentX=0.0,alignmentY=0.0,border=,flags=9,maximumSize=,minimumSize=,preferredSize=]
2024-05-20 00:32:24,460 [INFO] ParamManager:896 - [Generic UI] PropertyChangeEvent: TAB_STATUS_CHANGED , "dont care", "never mind"
2024-05-20 00:32:24,491 [INFO] NvicIntPanel:101 - NVIC parent = com.st.microxplorer.plugins.ip.nvic.MultiNvicIntPanel[,0,0,0x0,invalid,layout=javax.swing.BoxLayout,alignmentX=0.0,alignmentY=0.0,border=,flags=9,maximumSize=,minimumSize=,preferredSize=]
2024-05-20 00:32:24,531 [INFO] I2cTimingTraitement:330 - 0x20F4546E
2024-05-20 00:32:24,592 [INFO] NvicIntPanel:101 - NVIC parent = com.st.microxplorer.plugins.ip.nvic.MultiNvicIntPanel[,0,0,0x0,invalid,layout=javax.swing.BoxLayout,alignmentX=0.0,alignmentY=0.0,border=,flags=9,maximumSize=,minimumSize=,preferredSize=]
2024-05-20 00:32:27,342 [INFO] NvicIntPanel:101 - NVIC parent = com.st.microxplorer.plugins.ip.nvic.MultiNvicIntPanel[,0,0,0x0,invalid,layout=javax.swing.BoxLayout,alignmentX=0.0,alignmentY=0.0,border=,flags=9,maximumSize=,minimumSize=,preferredSize=]
2024-05-20 00:32:27,385 [INFO] I2cTimingTraitement:330 - 0x20F4536D
2024-05-20 00:32:27,451 [INFO] NvicIntPanel:101 - NVIC parent = com.st.microxplorer.plugins.ip.nvic.MultiNvicIntPanel[,0,0,0x0,invalid,layout=javax.swing.BoxLayout,alignmentX=0.0,alignmentY=0.0,border=,flags=9,maximumSize=,minimumSize=,preferredSize=]
2024-05-20 00:32:31,407 [INFO] UtilMem:75 - End SaveConfig() Used Memory: 352509056 Bytes (1053818880)
2024-05-20 00:32:33,069 [INFO] UtilMem:75 - End SaveConfig() Used Memory: 382915928 Bytes (1053818880)
2024-05-20 00:32:34,519 [INFO] UtilMem:75 - End SaveConfig() Used Memory: 427480192 Bytes (1053818880)
2024-05-20 00:32:34,681 [INFO] BlockDiagram:2759 - set Specific Code input for plugin: SYS
2024-05-20 00:32:34,681 [INFO] BlockDiagram:2759 - set Specific Code input for plugin: RCC
2024-05-20 00:32:34,681 [INFO] BlockDiagram:2759 - set Specific Code input for plugin: I2C
2024-05-20 00:32:34,681 [INFO] BlockDiagram:2759 - set Specific Code input for plugin: NVIC
2024-05-20 00:32:34,681 [INFO] BlockDiagram:2759 - set Specific Code input for plugin: USART
2024-05-20 00:32:34,681 [INFO] BlockDiagram:2759 - set Specific Code input for plugin: OCTOSPI
2024-05-20 00:32:34,681 [INFO] BlockDiagram:2759 - set Specific Code input for plugin: DEBUG
2024-05-20 00:32:34,682 [INFO] BlockDiagram:2759 - set Specific Code input for plugin: GPIO
2024-05-20 00:32:34,682 [INFO] CodeGenerator:807 - code generatio: config db path: C:\ST\STM32CubeIDE_1.15.1\STM32CubeIDE\plugins\com.st.stm32cube.common.mx_6.11.1.202404110753\\db\
2024-05-20 00:32:34,813 [INFO] CodeEngine:255 - oldGeneratedFile, D:\!!!__GitHUB_repositories\MustangRadio_develepementVersion\02_Firmware\02_STM32\qspi_test\MXTmpFiles\license.tmp_save
2024-05-20 00:32:34,899 [INFO] CodeEngine:279 - Generated code: D:\!!!__GitHUB_repositories\MustangRadio_develepementVersion\02_Firmware\02_STM32\qspi_test\MXTmpFiles\license.tmp
2024-05-20 00:32:34,949 [INFO] CodeEngine:255 - oldGeneratedFile, D:\!!!__GitHUB_repositories\MustangRadio_develepementVersion\02_Firmware\02_STM32\qspi_test\Core\Src\gpio.c_save
2024-05-20 00:32:35,030 [INFO] CodeEngine:279 - Generated code: D:\!!!__GitHUB_repositories\MustangRadio_develepementVersion\02_Firmware\02_STM32\qspi_test\Core\Src\gpio.c
2024-05-20 00:32:35,035 [INFO] CodeEngine:255 - oldGeneratedFile, D:\!!!__GitHUB_repositories\MustangRadio_develepementVersion\02_Firmware\02_STM32\qspi_test\Core\Inc\gpio.h_save
2024-05-20 00:32:35,093 [INFO] CodeEngine:279 - Generated code: D:\!!!__GitHUB_repositories\MustangRadio_develepementVersion\02_Firmware\02_STM32\qspi_test\Core\Inc\gpio.h
2024-05-20 00:32:35,127 [WARN] IPConfigManager:98 - WARNING: Missing Config File for DEBUG ip!!
2024-05-20 00:32:35,447 [INFO] CodeEngine:255 - oldGeneratedFile, D:\!!!__GitHUB_repositories\MustangRadio_develepementVersion\02_Firmware\02_STM32\qspi_test\MXTmpFiles\cortex.tmp_save
2024-05-20 00:32:35,530 [INFO] CodeEngine:279 - Generated code: D:\!!!__GitHUB_repositories\MustangRadio_develepementVersion\02_Firmware\02_STM32\qspi_test\MXTmpFiles\cortex.tmp
2024-05-20 00:32:35,548 [INFO] CodeEngine:255 - oldGeneratedFile, D:\!!!__GitHUB_repositories\MustangRadio_develepementVersion\02_Firmware\02_STM32\qspi_test\Core\Src\i2c.c_save
2024-05-20 00:32:35,664 [INFO] CodeEngine:279 - Generated code: D:\!!!__GitHUB_repositories\MustangRadio_develepementVersion\02_Firmware\02_STM32\qspi_test\Core\Src\i2c.c
2024-05-20 00:32:35,669 [INFO] CodeEngine:255 - oldGeneratedFile, D:\!!!__GitHUB_repositories\MustangRadio_develepementVersion\02_Firmware\02_STM32\qspi_test\Core\Inc\i2c.h_save
2024-05-20 00:32:35,733 [INFO] CodeEngine:279 - Generated code: D:\!!!__GitHUB_repositories\MustangRadio_develepementVersion\02_Firmware\02_STM32\qspi_test\Core\Inc\i2c.h
2024-05-20 00:32:35,754 [INFO] CodeEngine:255 - oldGeneratedFile, D:\!!!__GitHUB_repositories\MustangRadio_develepementVersion\02_Firmware\02_STM32\qspi_test\Core\Src\octospi.c_save
2024-05-20 00:32:35,845 [INFO] CodeEngine:279 - Generated code: D:\!!!__GitHUB_repositories\MustangRadio_develepementVersion\02_Firmware\02_STM32\qspi_test\Core\Src\octospi.c
2024-05-20 00:32:35,850 [INFO] CodeEngine:255 - oldGeneratedFile, D:\!!!__GitHUB_repositories\MustangRadio_develepementVersion\02_Firmware\02_STM32\qspi_test\Core\Inc\octospi.h_save
2024-05-20 00:32:35,914 [INFO] CodeEngine:279 - Generated code: D:\!!!__GitHUB_repositories\MustangRadio_develepementVersion\02_Firmware\02_STM32\qspi_test\Core\Inc\octospi.h
2024-05-20 00:32:35,932 [INFO] CodeEngine:255 - oldGeneratedFile, D:\!!!__GitHUB_repositories\MustangRadio_develepementVersion\02_Firmware\02_STM32\qspi_test\Core\Src\usart.c_save
2024-05-20 00:32:36,014 [INFO] CodeEngine:279 - Generated code: D:\!!!__GitHUB_repositories\MustangRadio_develepementVersion\02_Firmware\02_STM32\qspi_test\Core\Src\usart.c
2024-05-20 00:32:36,020 [INFO] CodeEngine:255 - oldGeneratedFile, D:\!!!__GitHUB_repositories\MustangRadio_develepementVersion\02_Firmware\02_STM32\qspi_test\Core\Inc\usart.h_save
2024-05-20 00:32:36,085 [INFO] CodeEngine:279 - Generated code: D:\!!!__GitHUB_repositories\MustangRadio_develepementVersion\02_Firmware\02_STM32\qspi_test\Core\Inc\usart.h
2024-05-20 00:32:36,105 [INFO] CodeEngine:255 - oldGeneratedFile, D:\!!!__GitHUB_repositories\MustangRadio_develepementVersion\02_Firmware\02_STM32\qspi_test\Core\Src\stm32h7xx_it.c_save
2024-05-20 00:32:36,250 [INFO] CodeEngine:279 - Generated code: D:\!!!__GitHUB_repositories\MustangRadio_develepementVersion\02_Firmware\02_STM32\qspi_test\Core\Src\stm32h7xx_it.c
2024-05-20 00:32:36,256 [INFO] CodeEngine:255 - oldGeneratedFile, D:\!!!__GitHUB_repositories\MustangRadio_develepementVersion\02_Firmware\02_STM32\qspi_test\Core\Inc\stm32h7xx_it.h_save
2024-05-20 00:32:36,314 [INFO] CodeEngine:279 - Generated code: D:\!!!__GitHUB_repositories\MustangRadio_develepementVersion\02_Firmware\02_STM32\qspi_test\Core\Inc\stm32h7xx_it.h
2024-05-20 00:32:36,417 [INFO] CodeEngine:255 - oldGeneratedFile, D:\!!!__GitHUB_repositories\MustangRadio_develepementVersion\02_Firmware\02_STM32\qspi_test\Core\Src\stm32h7xx_hal_msp.c_save
2024-05-20 00:32:36,498 [INFO] CodeEngine:279 - Generated code: D:\!!!__GitHUB_repositories\MustangRadio_develepementVersion\02_Firmware\02_STM32\qspi_test\Core\Src\stm32h7xx_hal_msp.c
2024-05-20 00:32:36,501 [INFO] CodeEngine:255 - oldGeneratedFile, D:\!!!__GitHUB_repositories\MustangRadio_develepementVersion\02_Firmware\02_STM32\qspi_test\MXTmpFiles\system.tmp_save
2024-05-20 00:32:36,556 [INFO] CodeEngine:279 - Generated code: D:\!!!__GitHUB_repositories\MustangRadio_develepementVersion\02_Firmware\02_STM32\qspi_test\MXTmpFiles\system.tmp
2024-05-20 00:32:36,573 [INFO] CodeEngine:311 - oldGeneratedFile, D:\!!!__GitHUB_repositories\MustangRadio_develepementVersion\02_Firmware\02_STM32\qspi_test\Core\Inc\stm32h7xx_hal_conf.h_save
2024-05-20 00:32:36,660 [INFO] CodeEngine:335 - Generated code: D:\!!!__GitHUB_repositories\MustangRadio_develepementVersion\02_Firmware\02_STM32\qspi_test\Core\Inc\stm32h7xx_hal_conf.h
2024-05-20 00:32:36,726 [INFO] CodeEngine:255 - oldGeneratedFile, D:\!!!__GitHUB_repositories\MustangRadio_develepementVersion\02_Firmware\02_STM32\qspi_test\Core\Inc\main.h_save
2024-05-20 00:32:36,818 [INFO] CodeEngine:279 - Generated code: D:\!!!__GitHUB_repositories\MustangRadio_develepementVersion\02_Firmware\02_STM32\qspi_test\Core\Inc\main.h
2024-05-20 00:32:36,829 [INFO] CodeEngine:255 - oldGeneratedFile, D:\!!!__GitHUB_repositories\MustangRadio_develepementVersion\02_Firmware\02_STM32\qspi_test\Core\Src\main.c_save
2024-05-20 00:32:36,921 [INFO] CodeEngine:279 - Generated code: D:\!!!__GitHUB_repositories\MustangRadio_develepementVersion\02_Firmware\02_STM32\qspi_test\Core\Src\main.c
2024-05-20 00:32:37,265 [INFO] ProjectBuilder:3163 - Time for Copy HAL[1] : 159mS.
2024-05-20 00:32:37,268 [INFO] ProjectBuilder:4736 - Project Generator version: 4.3.0-B58
2024-05-20 00:32:37,341 [INFO] ConfigFileManager:1503 - The Die is : DIE480
2024-05-20 00:32:38,005 [INFO] ProjectBuilder:5002 - Time for Generating toolchain IDE Files: 737mS.
2024-05-20 00:32:38,006 [INFO] ProjectBuilder:3034 - Time for Copy CMSIS : 1mS.
2024-05-20 00:32:38,008 [INFO] ProjectBuilder:3034 - Time for Copy CMSIS : 0mS.
2024-05-20 00:33:39,010 [INFO] I2cTimingTraitement:330 - 0x20F4536D
2024-05-20 00:33:39,155 [INFO] I2cTimingTraitement:330 - 0x20F4536D
2024-05-20 00:33:39,344 [INFO] I2cTimingTraitement:330 - 0x20F4536D
2024-05-20 00:33:40,706 [INFO] I2cTimingTraitement:330 - 0x20F4536D
2024-05-20 00:33:40,829 [INFO] I2cTimingTraitement:330 - 0x20F4536D
