2024-08-24 20:26:07,219 [INFO] Activator:176 - 


2024-08-24 20:26:07,226 [INFO] Activator:177 - !SESSION log4j initialized
2024-08-24 20:26:25,190 [INFO] LogOutputStream:77 - [STDOUT_REDIRECT] 
2024-08-24 20:26:28,499 [INFO] ApplicationProperties:184 - Using Application install path: C:\ST\STM32CubeIDE_1.15.1\STM32CubeIDE\plugins\com.st.stm32cube.common.mx_6.11.1.202404110753
2024-08-24 20:26:28,527 [INFO] DbMcusXml:78 - Set database path to: C:\ST\STM32CubeIDE_1.15.1\STM32CubeIDE\plugins\com.st.stm32cube.common.mx_6.11.1.202404110753\\db\/mcu/
2024-08-24 20:26:28,527 [INFO] ApiDb:274 - Set plugin database path to: C:\ST\STM32CubeIDE_1.15.1\STM32CubeIDE\plugins\com.st.stm32cube.common.mx_6.11.1.202404110753\\db\/plugins/boardmanager/
2024-08-24 20:26:28,528 [WARN] ApiDb:259 - Overriding images path with different value:  => C:\ST\STM32CubeIDE_1.15.1\STM32CubeIDE\plugins\com.st.stm32cube.common.mx_6.11.1.202404110753\\db\/plugins/mcufinder/images/
2024-08-24 20:26:28,546 [INFO] ApiDb:250 - Set database path to: C:\Users\dbank\.stmcufinder\plugins\mcufinder//mcu/
2024-08-24 20:26:28,547 [INFO] DbMcusAds:125 - Set database path to: C:\Users\dbank\.stmcufinder\plugins\mcufinder//mcu/
2024-08-24 20:26:28,553 [INFO] CrossReferenceDbSqlite:203 - Set database path to: C:\Users\dbank\.stmcufinder\plugins\mcufinder//mcu/cs/
2024-08-24 20:26:28,716 [INFO] RulesReader:64 - Compatibility file has been processed (297 Rules)
2024-08-24 20:26:28,855 [INFO] DbMcusXml:78 - Set database path to: C:\ST\STM32CubeIDE_1.15.1\STM32CubeIDE\plugins\com.st.stm32cube.common.mx_6.11.1.202404110753\\db\/mcu/
2024-08-24 20:26:28,855 [INFO] ApiDb:274 - Set plugin database path to: C:\ST\STM32CubeIDE_1.15.1\STM32CubeIDE\plugins\com.st.stm32cube.common.mx_6.11.1.202404110753\\db\/plugins/boardmanager/
2024-08-24 20:26:28,855 [INFO] ApiDb:261 - Set plugin images path to: C:\ST\STM32CubeIDE_1.15.1\STM32CubeIDE\plugins\com.st.stm32cube.common.mx_6.11.1.202404110753\\db\/plugins/mcufinder/images/
2024-08-24 20:26:28,856 [WARN] DbFile:41 - Overriding database path with different value: C:\Users\dbank\.stmcufinder\plugins\mcufinder/ => C:\Users\dbank\.stmcufinder\plugins\mcufinder
2024-08-24 20:26:28,856 [INFO] ApiDb:250 - Set database path to: C:\Users\dbank\.stmcufinder\plugins\mcufinder//mcu/
2024-08-24 20:26:28,856 [WARN] DbFile:41 - Overriding database path with different value: C:\Users\dbank\.stmcufinder\plugins\mcufinder/ => C:\Users\dbank\.stmcufinder\plugins\mcufinder
2024-08-24 20:26:28,856 [INFO] DbMcusAds:125 - Set database path to: C:\Users\dbank\.stmcufinder\plugins\mcufinder//mcu/
2024-08-24 20:26:28,856 [WARN] DbFile:41 - Overriding database path with different value: C:\Users\dbank\.stmcufinder\plugins\mcufinder/ => C:\Users\dbank\.stmcufinder\plugins\mcufinder
2024-08-24 20:26:28,856 [WARN] DbFile:41 - Overriding database path with different value: C:\Users\dbank\.stmcufinder\plugins\mcufinder/ => C:\Users\dbank\.stmcufinder\plugins\mcufinder
2024-08-24 20:26:28,857 [INFO] CrossReferenceDbSqlite:203 - Set database path to: C:\Users\dbank\.stmcufinder\plugins\mcufinder//mcu/cs/
2024-08-24 20:26:28,990 [INFO] MainPanel:264 - HeapMemory: 268435456
2024-08-24 20:26:29,155 [INFO] DbMcusXml:78 - Set database path to: C:\ST\STM32CubeIDE_1.15.1\STM32CubeIDE\plugins\com.st.stm32cube.common.mx_6.11.1.202404110753\\db\/mcu/
2024-08-24 20:26:29,155 [INFO] ApiDb:274 - Set plugin database path to: C:\ST\STM32CubeIDE_1.15.1\STM32CubeIDE\plugins\com.st.stm32cube.common.mx_6.11.1.202404110753\\db\/plugins/boardmanager/
2024-08-24 20:26:29,155 [INFO] ApiDb:261 - Set plugin images path to: C:\ST\STM32CubeIDE_1.15.1\STM32CubeIDE\plugins\com.st.stm32cube.common.mx_6.11.1.202404110753\\db\/plugins/mcufinder/images/
2024-08-24 20:26:29,156 [WARN] DbFile:41 - Overriding database path with different value: C:\Users\dbank\.stmcufinder\plugins\mcufinder/ => C:\Users\dbank\.stmcufinder\plugins\mcufinder
2024-08-24 20:26:29,156 [INFO] ApiDb:250 - Set database path to: C:\Users\dbank\.stmcufinder\plugins\mcufinder//mcu/
2024-08-24 20:26:29,156 [WARN] DbFile:41 - Overriding database path with different value: C:\Users\dbank\.stmcufinder\plugins\mcufinder/ => C:\Users\dbank\.stmcufinder\plugins\mcufinder
2024-08-24 20:26:29,156 [INFO] DbMcusAds:125 - Set database path to: C:\Users\dbank\.stmcufinder\plugins\mcufinder//mcu/
2024-08-24 20:26:29,156 [WARN] DbFile:41 - Overriding database path with different value: C:\Users\dbank\.stmcufinder\plugins\mcufinder/ => C:\Users\dbank\.stmcufinder\plugins\mcufinder
2024-08-24 20:26:29,156 [WARN] DbFile:41 - Overriding database path with different value: C:\Users\dbank\.stmcufinder\plugins\mcufinder/ => C:\Users\dbank\.stmcufinder\plugins\mcufinder
2024-08-24 20:26:29,156 [INFO] CrossReferenceDbSqlite:203 - Set database path to: C:\Users\dbank\.stmcufinder\plugins\mcufinder//mcu/cs/
2024-08-24 20:26:29,191 [INFO] ApplicationProperties:184 - Using Application install path: C:\ST\STM32CubeIDE_1.15.1\STM32CubeIDE\plugins\com.st.stm32cube.common.mx_6.11.1.202404110753
2024-08-24 20:26:29,196 [INFO] PluginManage:196 - Search for loadable plugins [exclusion list=, ]
2024-08-24 20:26:29,200 [INFO] PluginManage:310 - Check plugin analytics
2024-08-24 20:26:29,596 [INFO] AnalyticsPlugin:253 - Accepted Software Licenses: STM32CubeMX.6.11.1
2024-08-24 20:26:29,609 [INFO] AnalyticsPlugin:255 - Accepted CMSIS Pack Licenses: 
2024-08-24 20:26:29,609 [INFO] AnalyticsPlugin:257 - Accepted Firmware Licenses: FW.H7.1.11.0,FW.H7.1.10.0,FW.L4.1.18.0
2024-08-24 20:26:29,615 [INFO] PluginManage:359 - Loaded plugin analytics (category:tool,tabindex:-1)
2024-08-24 20:26:29,615 [INFO] PluginManage:310 - Check plugin cadmodel
2024-08-24 20:26:29,640 [INFO] CADModel:105 - Init CAD model plugin
2024-08-24 20:26:29,641 [INFO] PluginManage:359 - Loaded plugin cadmodel (category:power,tabindex:5)
2024-08-24 20:26:29,642 [INFO] PluginManage:310 - Check plugin clock
2024-08-24 20:26:29,709 [INFO] PluginManage:359 - Loaded plugin clock (category:base,tabindex:2)
2024-08-24 20:26:29,709 [INFO] PluginManage:310 - Check plugin ddr
2024-08-24 20:26:29,713 [INFO] PluginManage:359 - Loaded plugin ddr (category:tool,tabindex:6)
2024-08-24 20:26:29,713 [INFO] PluginManage:310 - Check plugin filemanager
2024-08-24 20:26:29,967 [INFO] PluginManage:359 - Loaded plugin filemanager (category:base,tabindex:10)
2024-08-24 20:26:29,967 [INFO] PluginManage:310 - Check plugin ipmanager
2024-08-24 20:26:29,978 [INFO] PluginManage:359 - Loaded plugin ipmanager (category:base,tabindex:5)
2024-08-24 20:26:29,978 [INFO] PluginManage:310 - Check plugin lpbam
2024-08-24 20:26:30,005 [INFO] PluginManage:359 - Loaded plugin lpbam (category:base,tabindex:0)
2024-08-24 20:26:30,005 [INFO] PluginManage:310 - Check plugin memorymap
2024-08-24 20:26:30,051 [INFO] PluginManage:359 - Loaded plugin memorymap (category:base,tabindex:4)
2024-08-24 20:26:30,051 [INFO] PluginManage:310 - Check plugin pinoutandconfiguration
2024-08-24 20:26:30,089 [INFO] PluginManage:359 - Loaded plugin pinoutandconfiguration (category:base,tabindex:1)
2024-08-24 20:26:30,090 [INFO] PluginManage:310 - Check plugin pinoutconfig
2024-08-24 20:26:30,258 [WARN] SupportedApi:132 - Cannot load RTOS API schema: s4s-elt-must-match.1: The content of 'definitions' must match (annotation?, (simpleType | complexType)?, (unique | key | keyref)*)). A problem was found starting at: attribute.
2024-08-24 20:26:30,484 [INFO] PluginManage:359 - Loaded plugin pinoutconfig (category:base,tabindex:0)
2024-08-24 20:26:30,484 [INFO] PluginManage:310 - Check plugin power
2024-08-24 20:26:30,513 [INFO] PluginManage:359 - Loaded plugin power (category:power,tabindex:4)
2024-08-24 20:26:30,513 [INFO] PluginManage:310 - Check plugin projectmanager
2024-08-24 20:26:30,542 [INFO] PluginManage:359 - Loaded plugin projectmanager (category:projectmanager,tabindex:3)
2024-08-24 20:26:30,543 [INFO] PluginManage:310 - Check plugin thirdparty
2024-08-24 20:26:31,258 [INFO] PluginManage:359 - Loaded plugin thirdparty (category:base,tabindex:-1)
2024-08-24 20:26:31,258 [WARN] IntegrityCheckThread:84 - waiting for thirdparty lock release [integrity check]
2024-08-24 20:26:31,258 [INFO] PluginManage:310 - Check plugin tools
2024-08-24 20:26:31,258 [INFO] IntegrityCheckThread:86 - entering critical section [integrity check]
2024-08-24 20:26:31,259 [INFO] ThirdPartyUpdaterWithRetryManager:70 - Updater plugin not ready yet. [1/15]
2024-08-24 20:26:31,319 [INFO] PluginManage:359 - Loaded plugin tools (category:base,tabindex:7)
2024-08-24 20:26:31,319 [INFO] PluginManage:310 - Check plugin tutovideos
2024-08-24 20:26:31,577 [INFO] PluginManage:359 - Loaded plugin tutovideos (category:base,tabindex:-1)
2024-08-24 20:26:31,577 [INFO] PluginManage:310 - Check plugin updater
2024-08-24 20:26:31,593 [INFO] PluginManage:359 - Loaded plugin updater (category:base,tabindex:12)
2024-08-24 20:26:31,593 [INFO] PluginManage:310 - Check plugin userauth
2024-08-24 20:26:31,601 [INFO] UserAuth:114 - Init User Auth plugin
2024-08-24 20:26:31,602 [INFO] PluginManage:359 - Loaded plugin userauth (category:base,tabindex:14)
2024-08-24 20:26:31,603 [INFO] PluginManage:283 - PluginManage : Loaded plugins [17]
2024-08-24 20:26:31,974 [INFO] PinOutPanel:1561 - setPackage(No Configuration,No Configuration)
2024-08-24 20:26:32,109 [INFO] CADModel:165 - CPN selected for project level
2024-08-24 20:26:32,109 [INFO] CADModel:114 - Register for checkConnection events
2024-08-24 20:26:32,159 [INFO] IPUIPlugin:80 - create IPUIPlugin
2024-08-24 20:26:32,160 [INFO] PluginManager:220 - loadIPPluginJar : add adc
2024-08-24 20:26:32,223 [INFO] IPUIPlugin:80 - create IPUIPlugin
2024-08-24 20:26:32,223 [INFO] PluginManager:220 - loadIPPluginJar : add aes
2024-08-24 20:26:32,310 [INFO] IPUIPlugin:80 - create IPUIPlugin
2024-08-24 20:26:32,311 [INFO] PluginManager:220 - loadIPPluginJar : add can
2024-08-24 20:26:32,354 [INFO] IPUIPlugin:80 - create IPUIPlugin
2024-08-24 20:26:32,355 [INFO] PluginManager:220 - loadIPPluginJar : add comp
2024-08-24 20:26:32,425 [INFO] IPUIPlugin:80 - create IPUIPlugin
2024-08-24 20:26:32,425 [INFO] PluginManager:220 - loadIPPluginJar : add cryp
2024-08-24 20:26:32,478 [INFO] IPUIPlugin:80 - create IPUIPlugin
2024-08-24 20:26:32,479 [INFO] PluginManager:220 - loadIPPluginJar : add dfsdm
2024-08-24 20:26:32,506 [INFO] IPUIPlugin:80 - create IPUIPlugin
2024-08-24 20:26:32,507 [INFO] PluginManager:220 - loadIPPluginJar : add dma
2024-08-24 20:26:32,604 [INFO] IPUIPlugin:80 - create IPUIPlugin
2024-08-24 20:26:32,605 [INFO] PluginManager:220 - loadIPPluginJar : add dma3
2024-08-24 20:26:32,694 [INFO] IPUIPlugin:80 - create IPUIPlugin
2024-08-24 20:26:32,695 [INFO] PluginManager:220 - loadIPPluginJar : add extmemmanager
2024-08-24 20:26:32,737 [INFO] IPUIPlugin:80 - create IPUIPlugin
2024-08-24 20:26:32,737 [INFO] PluginManager:220 - loadIPPluginJar : add fatfs
2024-08-24 20:26:32,840 [INFO] IPUIPlugin:80 - create IPUIPlugin
2024-08-24 20:26:32,842 [INFO] PluginManager:220 - loadIPPluginJar : add fmc
2024-08-24 20:26:32,878 [INFO] IPUIPlugin:80 - create IPUIPlugin
2024-08-24 20:26:32,878 [INFO] PluginManager:220 - loadIPPluginJar : add freertos
2024-08-24 20:26:32,932 [INFO] IPUIPlugin:80 - create IPUIPlugin
2024-08-24 20:26:32,932 [INFO] PluginManager:220 - loadIPPluginJar : add genericplugin
2024-08-24 20:26:33,125 [INFO] IPUIPlugin:80 - create IPUIPlugin
2024-08-24 20:26:33,125 [INFO] PluginManager:220 - loadIPPluginJar : add gfxmmu
2024-08-24 20:26:33,365 [INFO] IPUIPlugin:80 - create IPUIPlugin
2024-08-24 20:26:33,365 [INFO] PluginManager:220 - loadIPPluginJar : add gic
2024-08-24 20:26:33,385 [INFO] IPUIPlugin:80 - create IPUIPlugin
2024-08-24 20:26:33,385 [INFO] PluginManager:220 - loadIPPluginJar : add gpio
2024-08-24 20:26:33,526 [INFO] IPUIPlugin:80 - create IPUIPlugin
2024-08-24 20:26:33,526 [INFO] PluginManager:220 - loadIPPluginJar : add gtzc
2024-08-24 20:26:33,587 [INFO] IPUIPlugin:80 - create IPUIPlugin
2024-08-24 20:26:33,588 [INFO] PluginManager:220 - loadIPPluginJar : add hash
2024-08-24 20:26:33,675 [INFO] IPUIPlugin:80 - create IPUIPlugin
2024-08-24 20:26:33,675 [INFO] PluginManager:220 - loadIPPluginJar : add i2c
2024-08-24 20:26:33,738 [INFO] IPUIPlugin:80 - create IPUIPlugin
2024-08-24 20:26:33,738 [INFO] PluginManager:220 - loadIPPluginJar : add i2s
2024-08-24 20:26:33,801 [INFO] IPUIPlugin:80 - create IPUIPlugin
2024-08-24 20:26:33,801 [INFO] PluginManager:220 - loadIPPluginJar : add i3c
2024-08-24 20:26:33,984 [INFO] IPUIPlugin:80 - create IPUIPlugin
2024-08-24 20:26:33,984 [INFO] PluginManager:220 - loadIPPluginJar : add ipddr
2024-08-24 20:26:34,175 [INFO] IPUIPlugin:80 - create IPUIPlugin
2024-08-24 20:26:34,176 [INFO] PluginManager:220 - loadIPPluginJar : add linkedlist
2024-08-24 20:26:34,253 [INFO] IPUIPlugin:80 - create IPUIPlugin
2024-08-24 20:26:34,254 [INFO] PluginManager:220 - loadIPPluginJar : add lorawan
2024-08-24 20:26:34,276 [INFO] ThirdPartyUpdaterWithRetryManager:70 - Updater plugin not ready yet. [2/15]
2024-08-24 20:26:34,338 [INFO] IPUIPlugin:80 - create IPUIPlugin
2024-08-24 20:26:34,339 [INFO] PluginManager:220 - loadIPPluginJar : add ltdc
2024-08-24 20:26:34,366 [INFO] IPUIPlugin:80 - create IPUIPlugin
2024-08-24 20:26:34,367 [INFO] PluginManager:220 - loadIPPluginJar : add mdma
2024-08-24 20:26:34,391 [INFO] IPUIPlugin:80 - create IPUIPlugin
2024-08-24 20:26:34,391 [INFO] PluginManager:220 - loadIPPluginJar : add nvic
2024-08-24 20:26:34,473 [INFO] IPUIPlugin:80 - create IPUIPlugin
2024-08-24 20:26:34,474 [INFO] PluginManager:220 - loadIPPluginJar : add opamp
2024-08-24 20:26:34,618 [INFO] IPUIPlugin:80 - create IPUIPlugin
2024-08-24 20:26:34,618 [INFO] PluginManager:220 - loadIPPluginJar : add openamp
2024-08-24 20:26:34,721 [INFO] IPUIPlugin:80 - create IPUIPlugin
2024-08-24 20:26:34,721 [INFO] PluginManager:220 - loadIPPluginJar : add pdm2pcm
2024-08-24 20:26:34,748 [INFO] IPUIPlugin:80 - create IPUIPlugin
2024-08-24 20:26:34,752 [INFO] PluginManager:220 - loadIPPluginJar : add plateformsettings
2024-08-24 20:26:34,795 [INFO] IPUIPlugin:80 - create IPUIPlugin
2024-08-24 20:26:34,796 [INFO] PluginManager:220 - loadIPPluginJar : add quadspi
2024-08-24 20:26:34,816 [INFO] IPUIPlugin:80 - create IPUIPlugin
2024-08-24 20:26:34,816 [INFO] PluginManager:220 - loadIPPluginJar : add resmgrutility
2024-08-24 20:26:34,902 [INFO] IPUIPlugin:80 - create IPUIPlugin
2024-08-24 20:26:34,902 [INFO] PluginManager:220 - loadIPPluginJar : add sai
2024-08-24 20:26:34,961 [INFO] IPUIPlugin:80 - create IPUIPlugin
2024-08-24 20:26:34,962 [INFO] PluginManager:220 - loadIPPluginJar : add spi
2024-08-24 20:26:35,111 [INFO] IPUIPlugin:80 - create IPUIPlugin
2024-08-24 20:26:35,111 [INFO] PluginManager:220 - loadIPPluginJar : add stm32_wpan
2024-08-24 20:26:35,152 [INFO] IPUIPlugin:80 - create IPUIPlugin
2024-08-24 20:26:35,152 [INFO] PluginManager:220 - loadIPPluginJar : add tim
2024-08-24 20:26:35,267 [INFO] IPUIPlugin:80 - create IPUIPlugin
2024-08-24 20:26:35,268 [INFO] PluginManager:220 - loadIPPluginJar : add touchsensing
2024-08-24 20:26:35,306 [INFO] IPUIPlugin:80 - create IPUIPlugin
2024-08-24 20:26:35,306 [INFO] PluginManager:220 - loadIPPluginJar : add tracer_emb
2024-08-24 20:26:35,347 [INFO] IPUIPlugin:80 - create IPUIPlugin
2024-08-24 20:26:35,347 [INFO] PluginManager:220 - loadIPPluginJar : add ts
2024-08-24 20:26:35,396 [INFO] IPUIPlugin:80 - create IPUIPlugin
2024-08-24 20:26:35,396 [INFO] PluginManager:220 - loadIPPluginJar : add tsc
2024-08-24 20:26:35,439 [INFO] IPUIPlugin:80 - create IPUIPlugin
2024-08-24 20:26:35,439 [INFO] PluginManager:220 - loadIPPluginJar : add ucpd
2024-08-24 20:26:35,524 [INFO] IPUIPlugin:80 - create IPUIPlugin
2024-08-24 20:26:35,524 [INFO] PluginManager:220 - loadIPPluginJar : add usart
2024-08-24 20:26:35,616 [INFO] IPUIPlugin:80 - create IPUIPlugin
2024-08-24 20:26:35,616 [INFO] PluginManager:220 - loadIPPluginJar : add usbx
2024-08-24 20:26:35,830 [INFO] CADModel:165 - CPN selected for project level
2024-08-24 20:26:35,830 [INFO] CADModel:114 - Register for checkConnection events
2024-08-24 20:26:35,830 [FATAL] Updater:308 - Updater called before beeing initialized
2024-08-24 20:26:35,830 [ERROR] CADModel:125 - Updater not yet initialized, retry later 
2024-08-24 20:26:36,070 [INFO] CADModel:165 - CPN selected for project level
2024-08-24 20:26:36,070 [INFO] CADModel:114 - Register for checkConnection events
2024-08-24 20:26:36,070 [FATAL] Updater:308 - Updater called before beeing initialized
2024-08-24 20:26:36,070 [ERROR] CADModel:125 - Updater not yet initialized, retry later 
2024-08-24 20:26:36,075 [FATAL] Updater:308 - Updater called before beeing initialized
2024-08-24 20:26:36,306 [FATAL] Updater:308 - Updater called before beeing initialized
2024-08-24 20:26:36,325 [INFO] DbMcusAds:53 - JSON generation date=Thu May 16 11:22:00 CEST 2024 (1715851320667)
2024-08-24 20:26:36,325 [FATAL] Updater:308 - Updater called before beeing initialized
2024-08-24 20:26:36,479 [WARN] DetailPanel:346 - Failed to get advertising image, set to default
2024-08-24 20:26:36,632 [FATAL] Updater:308 - Updater called before beeing initialized
2024-08-24 20:26:36,635 [FATAL] Updater:308 - Updater called before beeing initialized
2024-08-24 20:26:36,636 [FATAL] Updater:308 - Updater called before beeing initialized
2024-08-24 20:26:36,636 [WARN] DetailPanel:346 - Failed to get advertising image, set to default
2024-08-24 20:26:36,637 [FATAL] Updater:308 - Updater called before beeing initialized
2024-08-24 20:26:36,760 [ERROR] Updater:1120 - MainUpdater not yet initialized. External WinMGr cannot be set.
2024-08-24 20:26:36,780 [INFO] Updater:1056 - Updater Version found : 6.11.1
2024-08-24 20:26:36,831 [INFO] ApplicationProperties:184 - Using Application install path: C:\ST\STM32CubeIDE_1.15.1\STM32CubeIDE\plugins\com.st.stm32cube.common.mx_6.11.1.202404110753
2024-08-24 20:26:37,290 [INFO] ThirdPartyUpdaterWithRetryManager:70 - Updater plugin not ready yet. [3/15]
2024-08-24 20:26:38,457 [ERROR] LogOutputStream:75 - [STDERR_REDIRECT] Aug 24, 2024 8:26:38 PM java.util.prefs.WindowsPreferences <init>
2024-08-24 20:26:38,461 [ERROR] LogOutputStream:75 - [STDERR_REDIRECT] WARNING: Could not open/create prefs root node Software\JavaSoft\Prefs at root 0xffffffff80000002. Windows RegCreateKeyEx(...) returned error code 5.
2024-08-24 20:26:38,469 [ERROR] LogOutputStream:75 - [STDERR_REDIRECT] 
2024-08-24 20:26:39,397 [INFO] MainUpdater:2873 - connection check result : 10
2024-08-24 20:26:39,398 [INFO] MainUpdater:290 - Updater Check For Update Now.
2024-08-24 20:26:39,399 [INFO] MicroXplorer:498 - Change Database Version : DB.6.0.111
2024-08-24 20:26:39,427 [INFO] McuFinderGlobals:63 - Set McuFinder mode to 2 (CubeIDE integrated)
2024-08-24 20:26:39,451 [INFO] UserAuth:415 - Internet connection configuration mode: 1
2024-08-24 20:26:39,520 [INFO] JxBrowserEngine:152 - Initiate JxBrowser Engine with user profile folder
2024-08-24 20:26:39,684 [INFO] CheckServerUpdateThread:120 - End of CheckServer Thread
2024-08-24 20:26:40,678 [WARN] PackLoader:240 - Cannot read IP mode file for STMicroelectronics.FP-SNS-MOTENVWB1.1.4.0
2024-08-24 20:26:40,711 [WARN] PackLoader:240 - Cannot read IP mode file for STMicroelectronics.X-CUBE-SMBUS.2.1.0
2024-08-24 20:26:40,731 [WARN] PackLoader:240 - Cannot read IP mode file for STMicroelectronics.X-CUBE-TOUCHGFX.4.23.2
2024-08-24 20:26:40,827 [WARN] PackLoader:240 - Cannot read IP mode file for STMicroelectronics.X-CUBE-AZRTOS-F7.1.1.0
2024-08-24 20:26:40,967 [WARN] PackLoader:240 - Cannot read IP mode file for STMicroelectronics.X-CUBE-MEMS1.11.0.0
2024-08-24 20:26:41,217 [WARN] PackLoader:240 - Cannot read IP mode file for STMicroelectronics.FP-SNS-FLIGHT1.5.0.2
2024-08-24 20:26:41,245 [WARN] PackLoader:240 - Cannot read IP mode file for STMicroelectronics.X-CUBE-DISPLAY.3.0.0
2024-08-24 20:26:41,289 [WARN] PackLoader:240 - Cannot read IP mode file for STMicroelectronics.X-CUBE-BLE1.7.0.0
2024-08-24 20:26:41,316 [WARN] PackLoader:240 - Cannot read IP mode file for emotas.I-CUBE-CANOPEN.1.3.0
2024-08-24 20:26:41,348 [WARN] PackLoader:240 - Cannot read IP mode file for STMicroelectronics.X-CUBE-BLEMGR.3.1.0
2024-08-24 20:26:41,378 [WARN] PackLoader:240 - Cannot read IP mode file for STMicroelectronics.FP-SNS-SMARTAG2.1.2.0
2024-08-24 20:26:41,413 [INFO] LogOutputStream:77 - [STDOUT_REDIRECT] 1 : Invalid condition id : UX_CORESTACK_Condition cause : null
2024-08-24 20:26:41,415 [INFO] LogOutputStream:77 - [STDOUT_REDIRECT] 1 : Invalid condition id : UX_CORESTACK_Condition cause : null
2024-08-24 20:26:41,418 [INFO] LogOutputStream:77 - [STDOUT_REDIRECT] 1 : Invalid condition id : UX_CORESTACK_Condition cause : null
2024-08-24 20:26:41,420 [INFO] LogOutputStream:77 - [STDOUT_REDIRECT] 1 : Invalid condition id : UX_CORESTACK_Condition cause : null
2024-08-24 20:26:41,422 [INFO] LogOutputStream:77 - [STDOUT_REDIRECT] 1 : Invalid condition id : UX_CORESTACK_Condition cause : null
2024-08-24 20:26:41,430 [WARN] PackLoader:240 - Cannot read IP mode file for STMicroelectronics.X-CUBE-AZRTOS-WL.2.0.0
2024-08-24 20:26:41,460 [WARN] PackLoader:240 - Cannot read IP mode file for STMicroelectronics.FP-SNS-MOTENV1.5.0.0
2024-08-24 20:26:41,513 [WARN] PackLoader:240 - Cannot read IP mode file for wolfSSL.I-CUBE-wolfMQTT.1.19.0
2024-08-24 20:26:41,549 [WARN] PackLoader:240 - Cannot read IP mode file for WES.I-CUBE-Cesium.1.3.0
2024-08-24 20:26:41,582 [WARN] PackLoader:240 - Cannot read IP mode file for STMicroelectronics.X-CUBE-BLE2.3.3.0
2024-08-24 20:26:41,613 [WARN] PackLoader:240 - Cannot read IP mode file for STMicroelectronics.X-CUBE-TCPP.4.1.0
2024-08-24 20:26:41,639 [WARN] PackLoader:240 - Cannot read IP mode file for STMicroelectronics.X-CUBE-ALGOBUILD.1.3.0
2024-08-24 20:26:41,703 [WARN] PackLoader:240 - Cannot read IP mode file for STMicroelectronics.X-CUBE-AZRTOS-G0.1.1.0
2024-08-24 20:26:41,737 [WARN] PackLoader:240 - Cannot read IP mode file for STMicroelectronics.X-CUBE-SAFEA1.1.2.2
2024-08-24 20:26:41,765 [WARN] PackLoader:240 - Cannot read IP mode file for STMicroelectronics.X-CUBE-NFC4.3.0.0
2024-08-24 20:26:41,802 [WARN] PackLoader:240 - Cannot read IP mode file for EmbeddedOffice.I-CUBE-FS-RTOS.1.0.1
2024-08-24 20:26:41,803 [ERROR] ConditionMgr:805 - Attr not supported : Dmpu
2024-08-24 20:26:41,803 [ERROR] ConditionMgr:805 - Attr not supported : Dmpu
2024-08-24 20:26:41,803 [ERROR] ConditionMgr:805 - Attr not supported : Dmpu
2024-08-24 20:26:41,803 [ERROR] ConditionMgr:805 - Attr not supported : Dmpu
2024-08-24 20:26:41,803 [ERROR] ConditionMgr:805 - Attr not supported : Dmpu
2024-08-24 20:26:41,803 [ERROR] ConditionMgr:805 - Attr not supported : Dmpu
2024-08-24 20:26:41,803 [ERROR] ConditionMgr:805 - Attr not supported : Dmpu
2024-08-24 20:26:41,803 [ERROR] ConditionMgr:805 - Attr not supported : Dmpu
2024-08-24 20:26:41,803 [ERROR] ConditionMgr:805 - Attr not supported : Dmpu
2024-08-24 20:26:41,804 [ERROR] ConditionMgr:805 - Attr not supported : Dmpu
2024-08-24 20:26:41,804 [ERROR] ConditionMgr:805 - Attr not supported : Dmpu
2024-08-24 20:26:41,804 [ERROR] ConditionMgr:805 - Attr not supported : Dmpu
2024-08-24 20:26:41,804 [ERROR] ConditionMgr:805 - Attr not supported : Dmpu
2024-08-24 20:26:41,804 [ERROR] ConditionMgr:805 - Attr not supported : Dmpu
2024-08-24 20:26:41,804 [ERROR] ConditionMgr:805 - Attr not supported : Dmpu
2024-08-24 20:26:41,804 [ERROR] ConditionMgr:805 - Attr not supported : Dmpu
2024-08-24 20:26:41,804 [ERROR] ConditionMgr:805 - Attr not supported : Dmpu
2024-08-24 20:26:41,805 [ERROR] ConditionMgr:805 - Attr not supported : Dmpu
2024-08-24 20:26:41,805 [ERROR] ConditionMgr:805 - Attr not supported : Dmpu
2024-08-24 20:26:41,805 [ERROR] ConditionMgr:805 - Attr not supported : Dmpu
2024-08-24 20:26:41,805 [ERROR] ConditionMgr:805 - Attr not supported : Dmpu
2024-08-24 20:26:41,805 [ERROR] ConditionMgr:805 - Attr not supported : Dmpu
2024-08-24 20:26:41,805 [ERROR] ConditionMgr:805 - Attr not supported : Dmpu
2024-08-24 20:26:41,805 [ERROR] ConditionMgr:805 - Attr not supported : Dmpu
2024-08-24 20:26:41,805 [ERROR] ConditionMgr:805 - Attr not supported : Dmpu
2024-08-24 20:26:41,806 [ERROR] ConditionMgr:805 - Attr not supported : Dmpu
2024-08-24 20:26:41,806 [ERROR] ConditionMgr:805 - Attr not supported : Dmpu
2024-08-24 20:26:41,806 [ERROR] ConditionMgr:805 - Attr not supported : Dmpu
2024-08-24 20:26:41,806 [ERROR] ConditionMgr:805 - Attr not supported : Dmpu
2024-08-24 20:26:41,806 [ERROR] ConditionMgr:805 - Attr not supported : Dmpu
2024-08-24 20:26:41,806 [ERROR] ConditionMgr:805 - Attr not supported : Dmpu
2024-08-24 20:26:41,806 [ERROR] ConditionMgr:805 - Attr not supported : Dmpu
2024-08-24 20:26:41,807 [ERROR] ConditionMgr:805 - Attr not supported : Dmpu
2024-08-24 20:26:41,807 [ERROR] ConditionMgr:805 - Attr not supported : Dmpu
2024-08-24 20:26:41,807 [ERROR] ConditionMgr:805 - Attr not supported : Dmpu
2024-08-24 20:26:41,808 [ERROR] ConditionMgr:805 - Attr not supported : Dmpu
2024-08-24 20:26:41,808 [ERROR] ConditionMgr:805 - Attr not supported : Dmpu
2024-08-24 20:26:41,808 [ERROR] ConditionMgr:805 - Attr not supported : Dmpu
2024-08-24 20:26:41,808 [ERROR] ConditionMgr:805 - Attr not supported : Dmpu
2024-08-24 20:26:41,808 [ERROR] ConditionMgr:805 - Attr not supported : Dmpu
2024-08-24 20:26:41,808 [ERROR] ConditionMgr:805 - Attr not supported : Dmpu
2024-08-24 20:26:41,808 [ERROR] ConditionMgr:805 - Attr not supported : Dmpu
2024-08-24 20:26:41,808 [ERROR] ConditionMgr:805 - Attr not supported : Dmpu
2024-08-24 20:26:41,808 [ERROR] ConditionMgr:805 - Attr not supported : Dmpu
2024-08-24 20:26:41,808 [ERROR] ConditionMgr:805 - Attr not supported : Dmpu
2024-08-24 20:26:41,809 [ERROR] ConditionMgr:805 - Attr not supported : Dmpu
2024-08-24 20:26:41,809 [ERROR] ConditionMgr:805 - Attr not supported : Dmpu
2024-08-24 20:26:41,809 [ERROR] ConditionMgr:805 - Attr not supported : Dmpu
2024-08-24 20:26:41,809 [ERROR] ConditionMgr:805 - Attr not supported : Dmpu
2024-08-24 20:26:41,809 [ERROR] ConditionMgr:805 - Attr not supported : Dmpu
2024-08-24 20:26:41,809 [ERROR] ConditionMgr:805 - Attr not supported : Dmpu
2024-08-24 20:26:41,809 [ERROR] ConditionMgr:805 - Attr not supported : Dmpu
2024-08-24 20:26:41,809 [ERROR] ConditionMgr:805 - Attr not supported : Dmpu
2024-08-24 20:26:41,809 [ERROR] ConditionMgr:805 - Attr not supported : Dmpu
2024-08-24 20:26:41,809 [ERROR] ConditionMgr:805 - Attr not supported : Dmpu
2024-08-24 20:26:41,810 [ERROR] ConditionMgr:805 - Attr not supported : Dmpu
2024-08-24 20:26:41,810 [ERROR] ConditionMgr:805 - Attr not supported : Dmpu
2024-08-24 20:26:41,810 [ERROR] ConditionMgr:805 - Attr not supported : Dmpu
2024-08-24 20:26:41,810 [ERROR] ConditionMgr:805 - Attr not supported : Dmpu
2024-08-24 20:26:41,810 [ERROR] ConditionMgr:805 - Attr not supported : Dmpu
2024-08-24 20:26:41,810 [ERROR] ConditionMgr:805 - Attr not supported : Dmpu
2024-08-24 20:26:41,810 [ERROR] ConditionMgr:805 - Attr not supported : Dmpu
2024-08-24 20:26:41,810 [ERROR] ConditionMgr:805 - Attr not supported : Dmpu
2024-08-24 20:26:41,810 [ERROR] ConditionMgr:805 - Attr not supported : Dmpu
2024-08-24 20:26:41,834 [WARN] PackLoader:240 - Cannot read IP mode file for RealThread.X-CUBE-RT-Thread_Nano.4.1.1
2024-08-24 20:26:41,861 [WARN] PackLoader:240 - Cannot read IP mode file for wolfSSL.I-CUBE-wolfSSL.5.7.0
2024-08-24 20:26:41,896 [WARN] PackLoader:240 - Cannot read IP mode file for STMicroelectronics.FP-ATR-SIGFOX1.3.2.0
2024-08-24 20:26:41,927 [WARN] PackLoader:240 - Cannot read IP mode file for STMicroelectronics.X-CUBE-EEPRMA1.5.1.0
2024-08-24 20:26:41,964 [WARN] PackLoader:240 - Cannot read IP mode file for ITTIA_DB.I-CUBE-ITTIADB.8.9.0
2024-08-24 20:26:42,041 [WARN] PackLoader:240 - Cannot read IP mode file for SEGGER.I-CUBE-embOS.1.3.1
2024-08-24 20:26:42,148 [WARN] PackLoader:240 - Cannot read IP mode file for STMicroelectronics.X-CUBE-ALGOBUILD.1.4.0
2024-08-24 20:26:42,182 [WARN] PackLoader:240 - Cannot read IP mode file for STMicroelectronics.X-CUBE-GNSS1.6.0.0
2024-08-24 20:26:42,252 [WARN] PackLoader:240 - Cannot read IP mode file for STMicroelectronics.X-CUBE-AZRTOS-F4.1.1.0
2024-08-24 20:26:42,282 [WARN] PackLoader:240 - Cannot read IP mode file for STMicroelectronics.X-CUBE-FREERTOS.1.2.0
2024-08-24 20:26:42,332 [WARN] PackLoader:240 - Cannot read IP mode file for STMicroelectronics.X-CUBE-AZRTOS-L5.2.0.0
2024-08-24 20:26:42,367 [WARN] PackLoader:240 - Cannot read IP mode file for STMicroelectronics.X-CUBE-NFC6.3.1.0
2024-08-24 20:26:42,396 [WARN] PackLoader:240 - Cannot read IP mode file for STMicroelectronics.X-CUBE-DPower.1.2.0
2024-08-24 20:26:42,423 [WARN] PackLoader:240 - Cannot read IP mode file for STMicroelectronics.X-CUBE-AI.9.0.0
2024-08-24 20:26:42,454 [WARN] PackLoader:240 - Cannot read IP mode file for STMicroelectronics.X-CUBE-NFC7.1.0.1
2024-08-24 20:26:42,485 [WARN] PackLoader:240 - Cannot read IP mode file for wolfSSL.I-CUBE-wolfTPM.3.2.0
2024-08-24 20:26:42,529 [WARN] ConditionMgr:438 - getConditionDescription Invalid condition id : LAN8742 Phy interface Condition cause : null
2024-08-24 20:26:42,530 [WARN] PackLoader:240 - Cannot read IP mode file for STMicroelectronics.X-CUBE-AZRTOS-L4.2.0.0
2024-08-24 20:26:42,531 [WARN] ConditionMgr:1039 - genDependencies : Invalid condition id : LAN8742 Phy interface Condition cause : null
2024-08-24 20:26:42,532 [WARN] ConditionMgr:1039 - genDependencies : Invalid condition id : LAN8742 Phy interface Condition cause : null
2024-08-24 20:26:42,533 [WARN] ConditionMgr:1039 - genDependencies : Invalid condition id : LAN8742 Phy interface Condition cause : null
2024-08-24 20:26:42,557 [WARN] PackLoader:240 - Cannot read IP mode file for STMicroelectronics.X-CUBE-SFXS2LP1.4.0.0
2024-08-24 20:26:42,611 [WARN] PackLoader:240 - Cannot read IP mode file for STMicroelectronics.X-CUBE-AZRTOS-H7.3.3.0
2024-08-24 20:26:42,648 [WARN] ConditionMgr:438 - getConditionDescription Invalid condition id : UX DEVICE CLASS RTOS Condition cause : null
2024-08-24 20:26:42,648 [WARN] ConditionMgr:438 - getConditionDescription Invalid condition id : UX DEVICE CLASS RTOS Condition cause : null
2024-08-24 20:26:42,652 [WARN] PackLoader:240 - Cannot read IP mode file for STMicroelectronics.X-CUBE-AZRTOS-WB.2.0.0
2024-08-24 20:26:42,653 [WARN] ConditionMgr:1039 - genDependencies : Invalid condition id : UX DEVICE CLASS RTOS Condition cause : null
2024-08-24 20:26:42,653 [WARN] ConditionMgr:1039 - genDependencies : Invalid condition id : UX DEVICE CLASS RTOS Condition cause : null
2024-08-24 20:26:42,654 [WARN] ConditionMgr:1039 - genDependencies : Invalid condition id : UX DEVICE CLASS RTOS Condition cause : null
2024-08-24 20:26:42,654 [WARN] ConditionMgr:1039 - genDependencies : Invalid condition id : UX DEVICE CLASS RTOS Condition cause : null
2024-08-24 20:26:42,654 [WARN] ConditionMgr:1039 - genDependencies : Invalid condition id : UX DEVICE CLASS RTOS Condition cause : null
2024-08-24 20:26:42,686 [WARN] PackLoader:240 - Cannot read IP mode file for STMicroelectronics.FP-SNS-STBOX1.2.0.0
2024-08-24 20:26:42,730 [WARN] PackLoader:240 - Cannot read IP mode file for STMicroelectronics.X-CUBE-SUBG2.5.0.0
2024-08-24 20:26:42,794 [WARN] PackLoader:240 - Cannot read IP mode file for STMicroelectronics.X-CUBE-AZRTOS-G4.2.0.0
2024-08-24 20:26:42,826 [WARN] PackLoader:240 - Cannot read IP mode file for STMicroelectronics.X-CUBE-ISPU.2.0.0
2024-08-24 20:26:42,857 [WARN] PackLoader:240 - Cannot read IP mode file for STMicroelectronics.X-CUBE-ALS.1.0.2
2024-08-24 20:26:42,981 [WARN] PackLoader:240 - Cannot read IP mode file for STMicroelectronics.X-CUBE-MEMS1.10.0.0
2024-08-24 20:26:43,151 [WARN] PackLoader:240 - Cannot read IP mode file for STMicroelectronics.X-CUBE-TOUCHGFX.4.24.0
2024-08-24 20:26:43,180 [WARN] PackLoader:240 - Cannot read IP mode file for portGmbH.I-Cube-SoM-uGOAL.1.1.0
2024-08-24 20:26:43,203 [WARN] PackLoader:240 - Cannot read IP mode file for STMicroelectronics.X-CUBE-ALS.1.0.1
2024-08-24 20:26:43,251 [WARN] PackLoader:240 - Cannot read IP mode file for STMicroelectronics.X-CUBE-AZRTOS-H7RS.1.0.0
2024-08-24 20:26:43,278 [WARN] PackLoader:240 - Cannot read IP mode file for STMicroelectronics.FP-ATR-ASTRA1.2.0.0
2024-08-24 20:26:43,306 [WARN] PackLoader:240 - Cannot read IP mode file for STMicroelectronics.X-CUBE-TOF1.3.4.2
2024-08-24 20:26:43,351 [WARN] PackLoader:240 - Cannot read IP mode file for STMicroelectronics.X-CUBE-TOF1.3.4.1
2024-08-24 20:26:43,406 [WARN] PackLoader:240 - Cannot read IP mode file for STMicroelectronics.X-CUBE-AZRTOS-H7.3.2.0
2024-08-24 20:26:43,443 [WARN] PackLoader:240 - Cannot read IP mode file for Infineon.AIROC-Wi-Fi-Bluetooth-STM32.1.6.0
2024-08-24 20:26:43,467 [WARN] PackLoader:240 - Cannot read IP mode file for wolfSSL.I-CUBE-wolfSSH.1.4.17
2024-08-24 20:26:43,468 [INFO] ThirdParty:978 - Integrity check success = true
2024-08-24 20:26:43,468 [INFO] IntegrityCheckThread:100 - exiting critical section [integrity check]
2024-08-24 20:26:43,468 [INFO] IntegrityCheckThread:103 - End integrity checks thread
2024-08-24 20:26:46,279 [INFO] WebApp:161 - Instantiating new browser for Auth
2024-08-24 20:26:46,875 [INFO] WebApp:779 - Register for checkConnection events
2024-08-24 20:26:46,875 [INFO] WebApp:414 - Apply proxy settings
2024-08-24 20:26:46,875 [INFO] WebApp:499 - Chromium requires no authentication
2024-08-24 20:26:46,882 [INFO] WebApp:442 - Direct internet connection detected
2024-08-24 20:26:47,033 [INFO] WebApp:192 - Starting web application
2024-08-24 20:26:47,033 [INFO] WebApp:544 - Web application path used C:\ST\STM32CubeIDE_1.15.1\STM32CubeIDE\plugins\com.st.stm32cube.common.mx_6.11.1.202404110753\db\plugins\mcufinder\reactClient1\index.html
2024-08-24 21:38:05,615 [ERROR] LogOutputStream:75 - [STDERR_REDIRECT] 
2024-08-24 21:38:45,416 [INFO] Activator:176 - 


2024-08-24 21:38:45,418 [INFO] Activator:177 - !SESSION log4j initialized
2024-08-24 21:38:51,044 [INFO] LogOutputStream:77 - [STDOUT_REDIRECT] 
2024-08-24 21:38:52,526 [INFO] ApplicationProperties:184 - Using Application install path: C:\ST\STM32CubeIDE_1.15.1\STM32CubeIDE\plugins\com.st.stm32cube.common.mx_6.11.1.202404110753
2024-08-24 21:38:52,574 [INFO] DbMcusXml:78 - Set database path to: C:\ST\STM32CubeIDE_1.15.1\STM32CubeIDE\plugins\com.st.stm32cube.common.mx_6.11.1.202404110753\\db\/mcu/
2024-08-24 21:38:52,575 [INFO] ApiDb:274 - Set plugin database path to: C:\ST\STM32CubeIDE_1.15.1\STM32CubeIDE\plugins\com.st.stm32cube.common.mx_6.11.1.202404110753\\db\/plugins/boardmanager/
2024-08-24 21:38:52,575 [WARN] ApiDb:259 - Overriding images path with different value:  => C:\ST\STM32CubeIDE_1.15.1\STM32CubeIDE\plugins\com.st.stm32cube.common.mx_6.11.1.202404110753\\db\/plugins/mcufinder/images/
2024-08-24 21:38:52,592 [INFO] ApiDb:250 - Set database path to: C:\Users\dbank\.stmcufinder\plugins\mcufinder//mcu/
2024-08-24 21:38:52,595 [INFO] DbMcusAds:125 - Set database path to: C:\Users\dbank\.stmcufinder\plugins\mcufinder//mcu/
2024-08-24 21:38:52,603 [INFO] CrossReferenceDbSqlite:203 - Set database path to: C:\Users\dbank\.stmcufinder\plugins\mcufinder//mcu/cs/
2024-08-24 21:38:52,879 [INFO] RulesReader:64 - Compatibility file has been processed (297 Rules)
2024-08-24 21:38:53,071 [INFO] DbMcusXml:78 - Set database path to: C:\ST\STM32CubeIDE_1.15.1\STM32CubeIDE\plugins\com.st.stm32cube.common.mx_6.11.1.202404110753\\db\/mcu/
2024-08-24 21:38:53,071 [INFO] ApiDb:274 - Set plugin database path to: C:\ST\STM32CubeIDE_1.15.1\STM32CubeIDE\plugins\com.st.stm32cube.common.mx_6.11.1.202404110753\\db\/plugins/boardmanager/
2024-08-24 21:38:53,071 [INFO] ApiDb:261 - Set plugin images path to: C:\ST\STM32CubeIDE_1.15.1\STM32CubeIDE\plugins\com.st.stm32cube.common.mx_6.11.1.202404110753\\db\/plugins/mcufinder/images/
2024-08-24 21:38:53,071 [WARN] DbFile:41 - Overriding database path with different value: C:\Users\dbank\.stmcufinder\plugins\mcufinder/ => C:\Users\dbank\.stmcufinder\plugins\mcufinder
2024-08-24 21:38:53,071 [INFO] ApiDb:250 - Set database path to: C:\Users\dbank\.stmcufinder\plugins\mcufinder//mcu/
2024-08-24 21:38:53,072 [WARN] DbFile:41 - Overriding database path with different value: C:\Users\dbank\.stmcufinder\plugins\mcufinder/ => C:\Users\dbank\.stmcufinder\plugins\mcufinder
2024-08-24 21:38:53,072 [INFO] DbMcusAds:125 - Set database path to: C:\Users\dbank\.stmcufinder\plugins\mcufinder//mcu/
2024-08-24 21:38:53,072 [WARN] DbFile:41 - Overriding database path with different value: C:\Users\dbank\.stmcufinder\plugins\mcufinder/ => C:\Users\dbank\.stmcufinder\plugins\mcufinder
2024-08-24 21:38:53,072 [WARN] DbFile:41 - Overriding database path with different value: C:\Users\dbank\.stmcufinder\plugins\mcufinder/ => C:\Users\dbank\.stmcufinder\plugins\mcufinder
2024-08-24 21:38:53,072 [INFO] CrossReferenceDbSqlite:203 - Set database path to: C:\Users\dbank\.stmcufinder\plugins\mcufinder//mcu/cs/
2024-08-24 21:38:53,221 [INFO] MainPanel:264 - HeapMemory: 268435456
2024-08-24 21:38:53,386 [INFO] DbMcusXml:78 - Set database path to: C:\ST\STM32CubeIDE_1.15.1\STM32CubeIDE\plugins\com.st.stm32cube.common.mx_6.11.1.202404110753\\db\/mcu/
2024-08-24 21:38:53,386 [INFO] ApiDb:274 - Set plugin database path to: C:\ST\STM32CubeIDE_1.15.1\STM32CubeIDE\plugins\com.st.stm32cube.common.mx_6.11.1.202404110753\\db\/plugins/boardmanager/
2024-08-24 21:38:53,386 [INFO] ApiDb:261 - Set plugin images path to: C:\ST\STM32CubeIDE_1.15.1\STM32CubeIDE\plugins\com.st.stm32cube.common.mx_6.11.1.202404110753\\db\/plugins/mcufinder/images/
2024-08-24 21:38:53,389 [WARN] DbFile:41 - Overriding database path with different value: C:\Users\dbank\.stmcufinder\plugins\mcufinder/ => C:\Users\dbank\.stmcufinder\plugins\mcufinder
2024-08-24 21:38:53,389 [INFO] ApiDb:250 - Set database path to: C:\Users\dbank\.stmcufinder\plugins\mcufinder//mcu/
2024-08-24 21:38:53,389 [WARN] DbFile:41 - Overriding database path with different value: C:\Users\dbank\.stmcufinder\plugins\mcufinder/ => C:\Users\dbank\.stmcufinder\plugins\mcufinder
2024-08-24 21:38:53,389 [INFO] DbMcusAds:125 - Set database path to: C:\Users\dbank\.stmcufinder\plugins\mcufinder//mcu/
2024-08-24 21:38:53,389 [WARN] DbFile:41 - Overriding database path with different value: C:\Users\dbank\.stmcufinder\plugins\mcufinder/ => C:\Users\dbank\.stmcufinder\plugins\mcufinder
2024-08-24 21:38:53,389 [WARN] DbFile:41 - Overriding database path with different value: C:\Users\dbank\.stmcufinder\plugins\mcufinder/ => C:\Users\dbank\.stmcufinder\plugins\mcufinder
2024-08-24 21:38:53,389 [INFO] CrossReferenceDbSqlite:203 - Set database path to: C:\Users\dbank\.stmcufinder\plugins\mcufinder//mcu/cs/
2024-08-24 21:38:53,422 [INFO] ApplicationProperties:184 - Using Application install path: C:\ST\STM32CubeIDE_1.15.1\STM32CubeIDE\plugins\com.st.stm32cube.common.mx_6.11.1.202404110753
2024-08-24 21:38:53,424 [INFO] PluginManage:196 - Search for loadable plugins [exclusion list=, ]
2024-08-24 21:38:53,427 [INFO] PluginManage:310 - Check plugin analytics
2024-08-24 21:38:53,711 [INFO] AnalyticsPlugin:253 - Accepted Software Licenses: STM32CubeMX.6.11.1
2024-08-24 21:38:53,711 [INFO] AnalyticsPlugin:255 - Accepted CMSIS Pack Licenses: 
2024-08-24 21:38:53,711 [INFO] AnalyticsPlugin:257 - Accepted Firmware Licenses: FW.H7.1.11.0,FW.H7.1.10.0,FW.L4.1.18.0
2024-08-24 21:38:53,716 [INFO] PluginManage:359 - Loaded plugin analytics (category:tool,tabindex:-1)
2024-08-24 21:38:53,717 [INFO] PluginManage:310 - Check plugin cadmodel
2024-08-24 21:38:53,743 [INFO] CADModel:105 - Init CAD model plugin
2024-08-24 21:38:53,743 [INFO] PluginManage:359 - Loaded plugin cadmodel (category:power,tabindex:5)
2024-08-24 21:38:53,743 [INFO] PluginManage:310 - Check plugin clock
2024-08-24 21:38:53,791 [INFO] PluginManage:359 - Loaded plugin clock (category:base,tabindex:2)
2024-08-24 21:38:53,792 [INFO] PluginManage:310 - Check plugin ddr
2024-08-24 21:38:53,798 [INFO] PluginManage:359 - Loaded plugin ddr (category:tool,tabindex:6)
2024-08-24 21:38:53,798 [INFO] PluginManage:310 - Check plugin filemanager
2024-08-24 21:38:54,131 [INFO] PluginManage:359 - Loaded plugin filemanager (category:base,tabindex:10)
2024-08-24 21:38:54,131 [INFO] PluginManage:310 - Check plugin ipmanager
2024-08-24 21:38:54,144 [INFO] PluginManage:359 - Loaded plugin ipmanager (category:base,tabindex:5)
2024-08-24 21:38:54,144 [INFO] PluginManage:310 - Check plugin lpbam
2024-08-24 21:38:54,175 [INFO] PluginManage:359 - Loaded plugin lpbam (category:base,tabindex:0)
2024-08-24 21:38:54,175 [INFO] PluginManage:310 - Check plugin memorymap
2024-08-24 21:38:54,210 [INFO] PluginManage:359 - Loaded plugin memorymap (category:base,tabindex:4)
2024-08-24 21:38:54,210 [INFO] PluginManage:310 - Check plugin pinoutandconfiguration
2024-08-24 21:38:54,234 [INFO] PluginManage:359 - Loaded plugin pinoutandconfiguration (category:base,tabindex:1)
2024-08-24 21:38:54,234 [INFO] PluginManage:310 - Check plugin pinoutconfig
2024-08-24 21:38:54,372 [WARN] SupportedApi:132 - Cannot load RTOS API schema: s4s-elt-must-match.1: The content of 'definitions' must match (annotation?, (simpleType | complexType)?, (unique | key | keyref)*)). A problem was found starting at: attribute.
2024-08-24 21:38:54,729 [INFO] PluginManage:359 - Loaded plugin pinoutconfig (category:base,tabindex:0)
2024-08-24 21:38:54,729 [INFO] PluginManage:310 - Check plugin power
2024-08-24 21:38:54,759 [INFO] PluginManage:359 - Loaded plugin power (category:power,tabindex:4)
2024-08-24 21:38:54,759 [INFO] PluginManage:310 - Check plugin projectmanager
2024-08-24 21:38:54,785 [INFO] PluginManage:359 - Loaded plugin projectmanager (category:projectmanager,tabindex:3)
2024-08-24 21:38:54,785 [INFO] PluginManage:310 - Check plugin thirdparty
2024-08-24 21:38:55,318 [WARN] IntegrityCheckThread:84 - waiting for thirdparty lock release [integrity check]
2024-08-24 21:38:55,319 [INFO] IntegrityCheckThread:86 - entering critical section [integrity check]
2024-08-24 21:38:55,319 [INFO] PluginManage:359 - Loaded plugin thirdparty (category:base,tabindex:-1)
2024-08-24 21:38:55,320 [INFO] PluginManage:310 - Check plugin tools
2024-08-24 21:38:55,320 [INFO] ThirdPartyUpdaterWithRetryManager:70 - Updater plugin not ready yet. [1/15]
2024-08-24 21:38:55,398 [INFO] PluginManage:359 - Loaded plugin tools (category:base,tabindex:7)
2024-08-24 21:38:55,398 [INFO] PluginManage:310 - Check plugin tutovideos
2024-08-24 21:38:55,788 [INFO] PluginManage:359 - Loaded plugin tutovideos (category:base,tabindex:-1)
2024-08-24 21:38:55,788 [INFO] PluginManage:310 - Check plugin updater
2024-08-24 21:38:55,801 [INFO] PluginManage:359 - Loaded plugin updater (category:base,tabindex:12)
2024-08-24 21:38:55,801 [INFO] PluginManage:310 - Check plugin userauth
2024-08-24 21:38:55,809 [INFO] UserAuth:114 - Init User Auth plugin
2024-08-24 21:38:55,809 [INFO] PluginManage:359 - Loaded plugin userauth (category:base,tabindex:14)
2024-08-24 21:38:55,811 [INFO] PluginManage:283 - PluginManage : Loaded plugins [17]
2024-08-24 21:38:56,203 [INFO] PinOutPanel:1561 - setPackage(No Configuration,No Configuration)
2024-08-24 21:38:56,343 [INFO] CADModel:165 - CPN selected for project level
2024-08-24 21:38:56,343 [INFO] CADModel:114 - Register for checkConnection events
2024-08-24 21:38:56,390 [INFO] IPUIPlugin:80 - create IPUIPlugin
2024-08-24 21:38:56,390 [INFO] PluginManager:220 - loadIPPluginJar : add adc
2024-08-24 21:38:56,467 [INFO] IPUIPlugin:80 - create IPUIPlugin
2024-08-24 21:38:56,468 [INFO] PluginManager:220 - loadIPPluginJar : add aes
2024-08-24 21:38:56,554 [INFO] IPUIPlugin:80 - create IPUIPlugin
2024-08-24 21:38:56,554 [INFO] PluginManager:220 - loadIPPluginJar : add can
2024-08-24 21:38:56,602 [INFO] IPUIPlugin:80 - create IPUIPlugin
2024-08-24 21:38:56,604 [INFO] PluginManager:220 - loadIPPluginJar : add comp
2024-08-24 21:38:56,673 [INFO] IPUIPlugin:80 - create IPUIPlugin
2024-08-24 21:38:56,674 [INFO] PluginManager:220 - loadIPPluginJar : add cryp
2024-08-24 21:38:56,742 [INFO] IPUIPlugin:80 - create IPUIPlugin
2024-08-24 21:38:56,742 [INFO] PluginManager:220 - loadIPPluginJar : add dfsdm
2024-08-24 21:38:56,768 [INFO] IPUIPlugin:80 - create IPUIPlugin
2024-08-24 21:38:56,769 [INFO] PluginManager:220 - loadIPPluginJar : add dma
2024-08-24 21:38:56,849 [INFO] IPUIPlugin:80 - create IPUIPlugin
2024-08-24 21:38:56,849 [INFO] PluginManager:220 - loadIPPluginJar : add dma3
2024-08-24 21:38:56,936 [INFO] IPUIPlugin:80 - create IPUIPlugin
2024-08-24 21:38:56,936 [INFO] PluginManager:220 - loadIPPluginJar : add extmemmanager
2024-08-24 21:38:56,969 [INFO] IPUIPlugin:80 - create IPUIPlugin
2024-08-24 21:38:56,969 [INFO] PluginManager:220 - loadIPPluginJar : add fatfs
2024-08-24 21:38:57,043 [INFO] IPUIPlugin:80 - create IPUIPlugin
2024-08-24 21:38:57,043 [INFO] PluginManager:220 - loadIPPluginJar : add fmc
2024-08-24 21:38:57,064 [INFO] IPUIPlugin:80 - create IPUIPlugin
2024-08-24 21:38:57,067 [INFO] PluginManager:220 - loadIPPluginJar : add freertos
2024-08-24 21:38:57,097 [INFO] IPUIPlugin:80 - create IPUIPlugin
2024-08-24 21:38:57,098 [INFO] PluginManager:220 - loadIPPluginJar : add genericplugin
2024-08-24 21:38:57,222 [INFO] IPUIPlugin:80 - create IPUIPlugin
2024-08-24 21:38:57,222 [INFO] PluginManager:220 - loadIPPluginJar : add gfxmmu
2024-08-24 21:38:57,455 [INFO] IPUIPlugin:80 - create IPUIPlugin
2024-08-24 21:38:57,455 [INFO] PluginManager:220 - loadIPPluginJar : add gic
2024-08-24 21:38:57,477 [INFO] IPUIPlugin:80 - create IPUIPlugin
2024-08-24 21:38:57,477 [INFO] PluginManager:220 - loadIPPluginJar : add gpio
2024-08-24 21:38:57,637 [INFO] IPUIPlugin:80 - create IPUIPlugin
2024-08-24 21:38:57,637 [INFO] PluginManager:220 - loadIPPluginJar : add gtzc
2024-08-24 21:38:57,684 [INFO] IPUIPlugin:80 - create IPUIPlugin
2024-08-24 21:38:57,684 [INFO] PluginManager:220 - loadIPPluginJar : add hash
2024-08-24 21:38:57,781 [INFO] IPUIPlugin:80 - create IPUIPlugin
2024-08-24 21:38:57,781 [INFO] PluginManager:220 - loadIPPluginJar : add i2c
2024-08-24 21:38:57,853 [INFO] IPUIPlugin:80 - create IPUIPlugin
2024-08-24 21:38:57,853 [INFO] PluginManager:220 - loadIPPluginJar : add i2s
2024-08-24 21:38:57,917 [INFO] IPUIPlugin:80 - create IPUIPlugin
2024-08-24 21:38:57,917 [INFO] PluginManager:220 - loadIPPluginJar : add i3c
2024-08-24 21:38:58,097 [INFO] IPUIPlugin:80 - create IPUIPlugin
2024-08-24 21:38:58,097 [INFO] PluginManager:220 - loadIPPluginJar : add ipddr
2024-08-24 21:38:58,307 [INFO] IPUIPlugin:80 - create IPUIPlugin
2024-08-24 21:38:58,307 [INFO] PluginManager:220 - loadIPPluginJar : add linkedlist
2024-08-24 21:38:58,322 [INFO] ThirdPartyUpdaterWithRetryManager:70 - Updater plugin not ready yet. [2/15]
2024-08-24 21:38:58,388 [INFO] IPUIPlugin:80 - create IPUIPlugin
2024-08-24 21:38:58,388 [INFO] PluginManager:220 - loadIPPluginJar : add lorawan
2024-08-24 21:38:58,463 [INFO] IPUIPlugin:80 - create IPUIPlugin
2024-08-24 21:38:58,464 [INFO] PluginManager:220 - loadIPPluginJar : add ltdc
2024-08-24 21:38:58,492 [INFO] IPUIPlugin:80 - create IPUIPlugin
2024-08-24 21:38:58,493 [INFO] PluginManager:220 - loadIPPluginJar : add mdma
2024-08-24 21:38:58,513 [INFO] IPUIPlugin:80 - create IPUIPlugin
2024-08-24 21:38:58,513 [INFO] PluginManager:220 - loadIPPluginJar : add nvic
2024-08-24 21:38:58,595 [INFO] IPUIPlugin:80 - create IPUIPlugin
2024-08-24 21:38:58,595 [INFO] PluginManager:220 - loadIPPluginJar : add opamp
2024-08-24 21:38:58,728 [INFO] IPUIPlugin:80 - create IPUIPlugin
2024-08-24 21:38:58,728 [INFO] PluginManager:220 - loadIPPluginJar : add openamp
2024-08-24 21:38:58,804 [INFO] IPUIPlugin:80 - create IPUIPlugin
2024-08-24 21:38:58,804 [INFO] PluginManager:220 - loadIPPluginJar : add pdm2pcm
2024-08-24 21:38:58,826 [INFO] IPUIPlugin:80 - create IPUIPlugin
2024-08-24 21:38:58,831 [INFO] PluginManager:220 - loadIPPluginJar : add plateformsettings
2024-08-24 21:38:58,877 [INFO] IPUIPlugin:80 - create IPUIPlugin
2024-08-24 21:38:58,877 [INFO] PluginManager:220 - loadIPPluginJar : add quadspi
2024-08-24 21:38:58,897 [INFO] IPUIPlugin:80 - create IPUIPlugin
2024-08-24 21:38:58,897 [INFO] PluginManager:220 - loadIPPluginJar : add resmgrutility
2024-08-24 21:38:58,979 [INFO] IPUIPlugin:80 - create IPUIPlugin
2024-08-24 21:38:58,979 [INFO] PluginManager:220 - loadIPPluginJar : add sai
2024-08-24 21:38:59,042 [INFO] IPUIPlugin:80 - create IPUIPlugin
2024-08-24 21:38:59,042 [INFO] PluginManager:220 - loadIPPluginJar : add spi
2024-08-24 21:38:59,156 [INFO] IPUIPlugin:80 - create IPUIPlugin
2024-08-24 21:38:59,156 [INFO] PluginManager:220 - loadIPPluginJar : add stm32_wpan
2024-08-24 21:38:59,194 [INFO] IPUIPlugin:80 - create IPUIPlugin
2024-08-24 21:38:59,194 [INFO] PluginManager:220 - loadIPPluginJar : add tim
2024-08-24 21:38:59,301 [INFO] IPUIPlugin:80 - create IPUIPlugin
2024-08-24 21:38:59,301 [INFO] PluginManager:220 - loadIPPluginJar : add touchsensing
2024-08-24 21:38:59,342 [INFO] IPUIPlugin:80 - create IPUIPlugin
2024-08-24 21:38:59,342 [INFO] PluginManager:220 - loadIPPluginJar : add tracer_emb
2024-08-24 21:38:59,387 [INFO] IPUIPlugin:80 - create IPUIPlugin
2024-08-24 21:38:59,387 [INFO] PluginManager:220 - loadIPPluginJar : add ts
2024-08-24 21:38:59,429 [INFO] IPUIPlugin:80 - create IPUIPlugin
2024-08-24 21:38:59,431 [INFO] PluginManager:220 - loadIPPluginJar : add tsc
2024-08-24 21:38:59,472 [INFO] IPUIPlugin:80 - create IPUIPlugin
2024-08-24 21:38:59,472 [INFO] PluginManager:220 - loadIPPluginJar : add ucpd
2024-08-24 21:38:59,554 [INFO] IPUIPlugin:80 - create IPUIPlugin
2024-08-24 21:38:59,554 [INFO] PluginManager:220 - loadIPPluginJar : add usart
2024-08-24 21:38:59,623 [INFO] IPUIPlugin:80 - create IPUIPlugin
2024-08-24 21:38:59,623 [INFO] PluginManager:220 - loadIPPluginJar : add usbx
2024-08-24 21:38:59,774 [INFO] CADModel:165 - CPN selected for project level
2024-08-24 21:38:59,774 [INFO] CADModel:114 - Register for checkConnection events
2024-08-24 21:38:59,774 [FATAL] Updater:308 - Updater called before beeing initialized
2024-08-24 21:38:59,774 [ERROR] CADModel:125 - Updater not yet initialized, retry later 
2024-08-24 21:39:00,021 [INFO] CADModel:165 - CPN selected for project level
2024-08-24 21:39:00,021 [INFO] CADModel:114 - Register for checkConnection events
2024-08-24 21:39:00,021 [FATAL] Updater:308 - Updater called before beeing initialized
2024-08-24 21:39:00,022 [ERROR] CADModel:125 - Updater not yet initialized, retry later 
2024-08-24 21:39:00,027 [FATAL] Updater:308 - Updater called before beeing initialized
2024-08-24 21:39:00,192 [FATAL] Updater:308 - Updater called before beeing initialized
2024-08-24 21:39:00,213 [INFO] DbMcusAds:53 - JSON generation date=Thu May 16 11:22:00 CEST 2024 (1715851320667)
2024-08-24 21:39:00,213 [FATAL] Updater:308 - Updater called before beeing initialized
2024-08-24 21:39:00,333 [WARN] DetailPanel:346 - Failed to get advertising image, set to default
2024-08-24 21:39:00,467 [FATAL] Updater:308 - Updater called before beeing initialized
2024-08-24 21:39:00,469 [FATAL] Updater:308 - Updater called before beeing initialized
2024-08-24 21:39:00,469 [FATAL] Updater:308 - Updater called before beeing initialized
2024-08-24 21:39:00,469 [WARN] DetailPanel:346 - Failed to get advertising image, set to default
2024-08-24 21:39:00,470 [FATAL] Updater:308 - Updater called before beeing initialized
2024-08-24 21:39:00,559 [ERROR] Updater:1120 - MainUpdater not yet initialized. External WinMGr cannot be set.
2024-08-24 21:39:00,575 [INFO] Updater:1056 - Updater Version found : 6.11.1
2024-08-24 21:39:00,595 [INFO] ApplicationProperties:184 - Using Application install path: C:\ST\STM32CubeIDE_1.15.1\STM32CubeIDE\plugins\com.st.stm32cube.common.mx_6.11.1.202404110753
2024-08-24 21:39:01,323 [INFO] ThirdPartyUpdaterWithRetryManager:70 - Updater plugin not ready yet. [3/15]
2024-08-24 21:39:02,189 [ERROR] LogOutputStream:75 - [STDERR_REDIRECT] Aug 24, 2024 9:39:02 PM java.util.prefs.WindowsPreferences <init>
2024-08-24 21:39:02,192 [ERROR] LogOutputStream:75 - [STDERR_REDIRECT] WARNING: Could not open/create prefs root node Software\JavaSoft\Prefs at root 0xffffffff80000002. Windows RegCreateKeyEx(...) returned error code 5.
2024-08-24 21:39:02,193 [ERROR] LogOutputStream:75 - [STDERR_REDIRECT] 
2024-08-24 21:39:02,771 [INFO] MainUpdater:2873 - connection check result : 10
2024-08-24 21:39:02,771 [INFO] MainUpdater:3567 - Updater definition file requires update
2024-08-24 21:39:02,773 [INFO] MainUpdater:290 - Updater Check For Update Now.
2024-08-24 21:39:02,773 [INFO] MicroXplorer:498 - Change Database Version : DB.6.0.111
2024-08-24 21:39:02,790 [INFO] McuFinderGlobals:63 - Set McuFinder mode to 2 (CubeIDE integrated)
2024-08-24 21:39:02,800 [INFO] UserAuth:415 - Internet connection configuration mode: 1
2024-08-24 21:39:02,820 [INFO] JxBrowserEngine:152 - Initiate JxBrowser Engine with user profile folder
2024-08-24 21:39:02,967 [INFO] ServerAccessManage:473 - Download File updaters.zip
2024-08-24 21:39:03,197 [INFO] FileExtend:240 - Unzip File : updaters.zip
2024-08-24 21:39:03,198 [INFO] FileExtend:255 - Standard Zip Deflate
2024-08-24 21:39:03,981 [INFO] ServerAccessManage:473 - Download File PacksControlFlags.xml
2024-08-24 21:39:04,123 [INFO] ServerAccessManage:473 - Download File cubemx.pidx
2024-08-24 21:39:04,261 [INFO] LoadServerUpdatesThread:375 - End of LoadServerUpdate Thread
2024-08-24 21:39:04,325 [WARN] MainUpdater:1194 - Updater busy. Cannot search thirdparties
2024-08-24 21:39:04,325 [INFO] ThirdPartyUpdaterWithRetryManager:96 - Updater plugin is busy. [1/15]
2024-08-24 21:39:04,458 [INFO] CheckServerUpdateThread:120 - End of CheckServer Thread
2024-08-24 21:39:07,604 [WARN] PackLoader:240 - Cannot read IP mode file for STMicroelectronics.FP-SNS-MOTENVWB1.1.4.0
2024-08-24 21:39:07,629 [WARN] PackLoader:240 - Cannot read IP mode file for STMicroelectronics.X-CUBE-SMBUS.2.1.0
2024-08-24 21:39:07,644 [WARN] PackLoader:240 - Cannot read IP mode file for STMicroelectronics.X-CUBE-TOUCHGFX.4.23.2
2024-08-24 21:39:07,695 [WARN] PackLoader:240 - Cannot read IP mode file for STMicroelectronics.X-CUBE-AZRTOS-F7.1.1.0
2024-08-24 21:39:07,774 [WARN] PackLoader:240 - Cannot read IP mode file for STMicroelectronics.X-CUBE-MEMS1.11.0.0
2024-08-24 21:39:07,806 [INFO] WebApp:161 - Instantiating new browser for Auth
2024-08-24 21:39:07,983 [WARN] PackLoader:240 - Cannot read IP mode file for STMicroelectronics.FP-SNS-FLIGHT1.5.0.2
2024-08-24 21:39:08,011 [WARN] PackLoader:240 - Cannot read IP mode file for STMicroelectronics.X-CUBE-DISPLAY.3.0.0
2024-08-24 21:39:08,040 [WARN] PackLoader:240 - Cannot read IP mode file for STMicroelectronics.X-CUBE-BLE1.7.0.0
2024-08-24 21:39:08,060 [WARN] PackLoader:240 - Cannot read IP mode file for emotas.I-CUBE-CANOPEN.1.3.0
2024-08-24 21:39:08,083 [WARN] PackLoader:240 - Cannot read IP mode file for STMicroelectronics.X-CUBE-BLEMGR.3.1.0
2024-08-24 21:39:08,104 [WARN] PackLoader:240 - Cannot read IP mode file for STMicroelectronics.FP-SNS-SMARTAG2.1.2.0
2024-08-24 21:39:08,129 [INFO] LogOutputStream:77 - [STDOUT_REDIRECT] 1 : Invalid condition id : UX_CORESTACK_Condition cause : null
2024-08-24 21:39:08,131 [INFO] LogOutputStream:77 - [STDOUT_REDIRECT] 1 : Invalid condition id : UX_CORESTACK_Condition cause : null
2024-08-24 21:39:08,132 [INFO] LogOutputStream:77 - [STDOUT_REDIRECT] 1 : Invalid condition id : UX_CORESTACK_Condition cause : null
2024-08-24 21:39:08,133 [INFO] LogOutputStream:77 - [STDOUT_REDIRECT] 1 : Invalid condition id : UX_CORESTACK_Condition cause : null
2024-08-24 21:39:08,135 [INFO] LogOutputStream:77 - [STDOUT_REDIRECT] 1 : Invalid condition id : UX_CORESTACK_Condition cause : null
2024-08-24 21:39:08,138 [WARN] PackLoader:240 - Cannot read IP mode file for STMicroelectronics.X-CUBE-AZRTOS-WL.2.0.0
2024-08-24 21:39:08,156 [WARN] PackLoader:240 - Cannot read IP mode file for STMicroelectronics.FP-SNS-MOTENV1.5.0.0
2024-08-24 21:39:08,172 [WARN] PackLoader:240 - Cannot read IP mode file for wolfSSL.I-CUBE-wolfMQTT.1.19.0
2024-08-24 21:39:08,192 [WARN] PackLoader:240 - Cannot read IP mode file for WES.I-CUBE-Cesium.1.3.0
2024-08-24 21:39:08,212 [WARN] PackLoader:240 - Cannot read IP mode file for STMicroelectronics.X-CUBE-BLE2.3.3.0
2024-08-24 21:39:08,233 [WARN] PackLoader:240 - Cannot read IP mode file for STMicroelectronics.X-CUBE-TCPP.4.1.0
2024-08-24 21:39:08,252 [WARN] PackLoader:240 - Cannot read IP mode file for STMicroelectronics.X-CUBE-ALGOBUILD.1.3.0
2024-08-24 21:39:08,288 [WARN] PackLoader:240 - Cannot read IP mode file for STMicroelectronics.X-CUBE-AZRTOS-G0.1.1.0
2024-08-24 21:39:08,309 [WARN] PackLoader:240 - Cannot read IP mode file for STMicroelectronics.X-CUBE-SAFEA1.1.2.2
2024-08-24 21:39:08,331 [WARN] PackLoader:240 - Cannot read IP mode file for STMicroelectronics.X-CUBE-NFC4.3.0.0
2024-08-24 21:39:08,357 [WARN] PackLoader:240 - Cannot read IP mode file for EmbeddedOffice.I-CUBE-FS-RTOS.1.0.1
2024-08-24 21:39:08,357 [ERROR] ConditionMgr:805 - Attr not supported : Dmpu
2024-08-24 21:39:08,357 [ERROR] ConditionMgr:805 - Attr not supported : Dmpu
2024-08-24 21:39:08,357 [ERROR] ConditionMgr:805 - Attr not supported : Dmpu
2024-08-24 21:39:08,357 [ERROR] ConditionMgr:805 - Attr not supported : Dmpu
2024-08-24 21:39:08,358 [ERROR] ConditionMgr:805 - Attr not supported : Dmpu
2024-08-24 21:39:08,358 [ERROR] ConditionMgr:805 - Attr not supported : Dmpu
2024-08-24 21:39:08,358 [ERROR] ConditionMgr:805 - Attr not supported : Dmpu
2024-08-24 21:39:08,358 [ERROR] ConditionMgr:805 - Attr not supported : Dmpu
2024-08-24 21:39:08,358 [ERROR] ConditionMgr:805 - Attr not supported : Dmpu
2024-08-24 21:39:08,358 [ERROR] ConditionMgr:805 - Attr not supported : Dmpu
2024-08-24 21:39:08,358 [ERROR] ConditionMgr:805 - Attr not supported : Dmpu
2024-08-24 21:39:08,358 [ERROR] ConditionMgr:805 - Attr not supported : Dmpu
2024-08-24 21:39:08,358 [ERROR] ConditionMgr:805 - Attr not supported : Dmpu
2024-08-24 21:39:08,358 [ERROR] ConditionMgr:805 - Attr not supported : Dmpu
2024-08-24 21:39:08,358 [ERROR] ConditionMgr:805 - Attr not supported : Dmpu
2024-08-24 21:39:08,358 [ERROR] ConditionMgr:805 - Attr not supported : Dmpu
2024-08-24 21:39:08,358 [ERROR] ConditionMgr:805 - Attr not supported : Dmpu
2024-08-24 21:39:08,360 [ERROR] ConditionMgr:805 - Attr not supported : Dmpu
2024-08-24 21:39:08,360 [ERROR] ConditionMgr:805 - Attr not supported : Dmpu
2024-08-24 21:39:08,360 [ERROR] ConditionMgr:805 - Attr not supported : Dmpu
2024-08-24 21:39:08,360 [ERROR] ConditionMgr:805 - Attr not supported : Dmpu
2024-08-24 21:39:08,360 [ERROR] ConditionMgr:805 - Attr not supported : Dmpu
2024-08-24 21:39:08,360 [ERROR] ConditionMgr:805 - Attr not supported : Dmpu
2024-08-24 21:39:08,360 [ERROR] ConditionMgr:805 - Attr not supported : Dmpu
2024-08-24 21:39:08,360 [ERROR] ConditionMgr:805 - Attr not supported : Dmpu
2024-08-24 21:39:08,360 [ERROR] ConditionMgr:805 - Attr not supported : Dmpu
2024-08-24 21:39:08,360 [ERROR] ConditionMgr:805 - Attr not supported : Dmpu
2024-08-24 21:39:08,361 [ERROR] ConditionMgr:805 - Attr not supported : Dmpu
2024-08-24 21:39:08,361 [ERROR] ConditionMgr:805 - Attr not supported : Dmpu
2024-08-24 21:39:08,361 [ERROR] ConditionMgr:805 - Attr not supported : Dmpu
2024-08-24 21:39:08,361 [ERROR] ConditionMgr:805 - Attr not supported : Dmpu
2024-08-24 21:39:08,361 [ERROR] ConditionMgr:805 - Attr not supported : Dmpu
2024-08-24 21:39:08,361 [ERROR] ConditionMgr:805 - Attr not supported : Dmpu
2024-08-24 21:39:08,361 [ERROR] ConditionMgr:805 - Attr not supported : Dmpu
2024-08-24 21:39:08,361 [ERROR] ConditionMgr:805 - Attr not supported : Dmpu
2024-08-24 21:39:08,361 [ERROR] ConditionMgr:805 - Attr not supported : Dmpu
2024-08-24 21:39:08,362 [ERROR] ConditionMgr:805 - Attr not supported : Dmpu
2024-08-24 21:39:08,362 [ERROR] ConditionMgr:805 - Attr not supported : Dmpu
2024-08-24 21:39:08,362 [ERROR] ConditionMgr:805 - Attr not supported : Dmpu
2024-08-24 21:39:08,362 [ERROR] ConditionMgr:805 - Attr not supported : Dmpu
2024-08-24 21:39:08,362 [ERROR] ConditionMgr:805 - Attr not supported : Dmpu
2024-08-24 21:39:08,362 [ERROR] ConditionMgr:805 - Attr not supported : Dmpu
2024-08-24 21:39:08,362 [ERROR] ConditionMgr:805 - Attr not supported : Dmpu
2024-08-24 21:39:08,363 [ERROR] ConditionMgr:805 - Attr not supported : Dmpu
2024-08-24 21:39:08,363 [ERROR] ConditionMgr:805 - Attr not supported : Dmpu
2024-08-24 21:39:08,363 [ERROR] ConditionMgr:805 - Attr not supported : Dmpu
2024-08-24 21:39:08,363 [ERROR] ConditionMgr:805 - Attr not supported : Dmpu
2024-08-24 21:39:08,363 [ERROR] ConditionMgr:805 - Attr not supported : Dmpu
2024-08-24 21:39:08,363 [ERROR] ConditionMgr:805 - Attr not supported : Dmpu
2024-08-24 21:39:08,363 [ERROR] ConditionMgr:805 - Attr not supported : Dmpu
2024-08-24 21:39:08,363 [ERROR] ConditionMgr:805 - Attr not supported : Dmpu
2024-08-24 21:39:08,364 [ERROR] ConditionMgr:805 - Attr not supported : Dmpu
2024-08-24 21:39:08,364 [ERROR] ConditionMgr:805 - Attr not supported : Dmpu
2024-08-24 21:39:08,364 [ERROR] ConditionMgr:805 - Attr not supported : Dmpu
2024-08-24 21:39:08,364 [ERROR] ConditionMgr:805 - Attr not supported : Dmpu
2024-08-24 21:39:08,364 [ERROR] ConditionMgr:805 - Attr not supported : Dmpu
2024-08-24 21:39:08,364 [ERROR] ConditionMgr:805 - Attr not supported : Dmpu
2024-08-24 21:39:08,364 [ERROR] ConditionMgr:805 - Attr not supported : Dmpu
2024-08-24 21:39:08,364 [ERROR] ConditionMgr:805 - Attr not supported : Dmpu
2024-08-24 21:39:08,365 [ERROR] ConditionMgr:805 - Attr not supported : Dmpu
2024-08-24 21:39:08,365 [ERROR] ConditionMgr:805 - Attr not supported : Dmpu
2024-08-24 21:39:08,365 [ERROR] ConditionMgr:805 - Attr not supported : Dmpu
2024-08-24 21:39:08,365 [ERROR] ConditionMgr:805 - Attr not supported : Dmpu
2024-08-24 21:39:08,365 [ERROR] ConditionMgr:805 - Attr not supported : Dmpu
2024-08-24 21:39:08,383 [WARN] PackLoader:240 - Cannot read IP mode file for RealThread.X-CUBE-RT-Thread_Nano.4.1.1
2024-08-24 21:39:08,403 [WARN] PackLoader:240 - Cannot read IP mode file for wolfSSL.I-CUBE-wolfSSL.5.7.0
2024-08-24 21:39:08,421 [WARN] PackLoader:240 - Cannot read IP mode file for STMicroelectronics.FP-ATR-SIGFOX1.3.2.0
2024-08-24 21:39:08,445 [WARN] PackLoader:240 - Cannot read IP mode file for STMicroelectronics.X-CUBE-EEPRMA1.5.1.0
2024-08-24 21:39:08,470 [WARN] PackLoader:240 - Cannot read IP mode file for ITTIA_DB.I-CUBE-ITTIADB.8.9.0
2024-08-24 21:39:08,526 [WARN] PackLoader:240 - Cannot read IP mode file for SEGGER.I-CUBE-embOS.1.3.1
2024-08-24 21:39:08,595 [WARN] PackLoader:240 - Cannot read IP mode file for STMicroelectronics.X-CUBE-ALGOBUILD.1.4.0
2024-08-24 21:39:08,616 [WARN] PackLoader:240 - Cannot read IP mode file for STMicroelectronics.X-CUBE-GNSS1.6.0.0
2024-08-24 21:39:08,659 [WARN] PackLoader:240 - Cannot read IP mode file for STMicroelectronics.X-CUBE-AZRTOS-F4.1.1.0
2024-08-24 21:39:08,681 [WARN] PackLoader:240 - Cannot read IP mode file for STMicroelectronics.X-CUBE-FREERTOS.1.2.0
2024-08-24 21:39:08,718 [WARN] PackLoader:240 - Cannot read IP mode file for STMicroelectronics.X-CUBE-AZRTOS-L5.2.0.0
2024-08-24 21:39:08,744 [WARN] PackLoader:240 - Cannot read IP mode file for STMicroelectronics.X-CUBE-NFC6.3.1.0
2024-08-24 21:39:08,763 [WARN] PackLoader:240 - Cannot read IP mode file for STMicroelectronics.X-CUBE-DPower.1.2.0
2024-08-24 21:39:08,780 [WARN] PackLoader:240 - Cannot read IP mode file for STMicroelectronics.X-CUBE-AI.9.0.0
2024-08-24 21:39:08,801 [WARN] PackLoader:240 - Cannot read IP mode file for STMicroelectronics.X-CUBE-NFC7.1.0.1
2024-08-24 21:39:08,818 [WARN] PackLoader:240 - Cannot read IP mode file for wolfSSL.I-CUBE-wolfTPM.3.2.0
2024-08-24 21:39:08,847 [WARN] ConditionMgr:438 - getConditionDescription Invalid condition id : LAN8742 Phy interface Condition cause : null
2024-08-24 21:39:08,848 [WARN] PackLoader:240 - Cannot read IP mode file for STMicroelectronics.X-CUBE-AZRTOS-L4.2.0.0
2024-08-24 21:39:08,850 [WARN] ConditionMgr:1039 - genDependencies : Invalid condition id : LAN8742 Phy interface Condition cause : null
2024-08-24 21:39:08,850 [WARN] ConditionMgr:1039 - genDependencies : Invalid condition id : LAN8742 Phy interface Condition cause : null
2024-08-24 21:39:08,850 [WARN] ConditionMgr:1039 - genDependencies : Invalid condition id : LAN8742 Phy interface Condition cause : null
2024-08-24 21:39:08,868 [WARN] PackLoader:240 - Cannot read IP mode file for STMicroelectronics.X-CUBE-SFXS2LP1.4.0.0
2024-08-24 21:39:08,903 [WARN] PackLoader:240 - Cannot read IP mode file for STMicroelectronics.X-CUBE-AZRTOS-H7.3.3.0
2024-08-24 21:39:08,944 [WARN] ConditionMgr:438 - getConditionDescription Invalid condition id : UX DEVICE CLASS RTOS Condition cause : null
2024-08-24 21:39:08,944 [WARN] ConditionMgr:438 - getConditionDescription Invalid condition id : UX DEVICE CLASS RTOS Condition cause : null
2024-08-24 21:39:08,947 [WARN] PackLoader:240 - Cannot read IP mode file for STMicroelectronics.X-CUBE-AZRTOS-WB.2.0.0
2024-08-24 21:39:08,949 [WARN] ConditionMgr:1039 - genDependencies : Invalid condition id : UX DEVICE CLASS RTOS Condition cause : null
2024-08-24 21:39:08,949 [WARN] ConditionMgr:1039 - genDependencies : Invalid condition id : UX DEVICE CLASS RTOS Condition cause : null
2024-08-24 21:39:08,950 [WARN] ConditionMgr:1039 - genDependencies : Invalid condition id : UX DEVICE CLASS RTOS Condition cause : null
2024-08-24 21:39:08,950 [WARN] ConditionMgr:1039 - genDependencies : Invalid condition id : UX DEVICE CLASS RTOS Condition cause : null
2024-08-24 21:39:08,951 [WARN] ConditionMgr:1039 - genDependencies : Invalid condition id : UX DEVICE CLASS RTOS Condition cause : null
2024-08-24 21:39:08,973 [WARN] PackLoader:240 - Cannot read IP mode file for STMicroelectronics.FP-SNS-STBOX1.2.0.0
2024-08-24 21:39:09,005 [WARN] PackLoader:240 - Cannot read IP mode file for STMicroelectronics.X-CUBE-SUBG2.5.0.0
2024-08-24 21:39:09,023 [INFO] WebApp:779 - Register for checkConnection events
2024-08-24 21:39:09,023 [INFO] WebApp:414 - Apply proxy settings
2024-08-24 21:39:09,023 [INFO] WebApp:499 - Chromium requires no authentication
2024-08-24 21:39:09,041 [WARN] PackLoader:240 - Cannot read IP mode file for STMicroelectronics.X-CUBE-AZRTOS-G4.2.0.0
2024-08-24 21:39:09,056 [INFO] WebApp:442 - Direct internet connection detected
2024-08-24 21:39:09,062 [WARN] PackLoader:240 - Cannot read IP mode file for STMicroelectronics.X-CUBE-ISPU.2.0.0
2024-08-24 21:39:09,079 [WARN] PackLoader:240 - Cannot read IP mode file for STMicroelectronics.X-CUBE-ALS.1.0.2
2024-08-24 21:39:09,141 [WARN] PackLoader:240 - Cannot read IP mode file for STMicroelectronics.X-CUBE-MEMS1.10.0.0
2024-08-24 21:39:09,267 [WARN] PackLoader:240 - Cannot read IP mode file for STMicroelectronics.X-CUBE-TOUCHGFX.4.24.0
2024-08-24 21:39:09,287 [WARN] PackLoader:240 - Cannot read IP mode file for portGmbH.I-Cube-SoM-uGOAL.1.1.0
2024-08-24 21:39:09,307 [WARN] PackLoader:240 - Cannot read IP mode file for STMicroelectronics.X-CUBE-ALS.1.0.1
2024-08-24 21:39:09,340 [WARN] PackLoader:240 - Cannot read IP mode file for STMicroelectronics.X-CUBE-AZRTOS-H7RS.1.0.0
2024-08-24 21:39:09,361 [WARN] PackLoader:240 - Cannot read IP mode file for STMicroelectronics.FP-ATR-ASTRA1.2.0.0
2024-08-24 21:39:09,387 [WARN] PackLoader:240 - Cannot read IP mode file for STMicroelectronics.X-CUBE-TOF1.3.4.2
2024-08-24 21:39:09,422 [WARN] PackLoader:240 - Cannot read IP mode file for STMicroelectronics.X-CUBE-TOF1.3.4.1
2024-08-24 21:39:09,474 [WARN] PackLoader:240 - Cannot read IP mode file for STMicroelectronics.X-CUBE-AZRTOS-H7.3.2.0
2024-08-24 21:39:09,510 [WARN] PackLoader:240 - Cannot read IP mode file for Infineon.AIROC-Wi-Fi-Bluetooth-STM32.1.6.0
2024-08-24 21:39:09,532 [WARN] PackLoader:240 - Cannot read IP mode file for wolfSSL.I-CUBE-wolfSSH.1.4.17
2024-08-24 21:39:09,533 [INFO] ThirdParty:978 - Integrity check success = true
2024-08-24 21:39:09,533 [INFO] IntegrityCheckThread:100 - exiting critical section [integrity check]
2024-08-24 21:39:09,533 [INFO] IntegrityCheckThread:103 - End integrity checks thread
2024-08-24 21:39:09,549 [INFO] WebApp:192 - Starting web application
2024-08-24 21:39:09,549 [INFO] WebApp:544 - Web application path used C:\ST\STM32CubeIDE_1.15.1\STM32CubeIDE\plugins\com.st.stm32cube.common.mx_6.11.1.202404110753\db\plugins\mcufinder\reactClient1\index.html
2024-08-24 22:39:31,137 [ERROR] ConfigurationRetriever:142 - IOException on connection: Read timed out
