2024-09-11 17:16:16,401 [INFO] Activator:176 - 


2024-09-11 17:16:16,414 [INFO] Activator:177 - !SESSION log4j initialized
2024-09-11 17:16:32,981 [INFO] LogOutputStream:77 - [STDOUT_REDIRECT] 
2024-09-11 17:16:43,580 [INFO] ApplicationProperties:184 - Using Application install path: C:\ST\STM32CubeIDE_1.15.1\STM32CubeIDE\plugins\com.st.stm32cube.common.mx_6.11.1.202404110753
2024-09-11 17:16:43,642 [INFO] DbMcusXml:78 - Set database path to: C:\ST\STM32CubeIDE_1.15.1\STM32CubeIDE\plugins\com.st.stm32cube.common.mx_6.11.1.202404110753\\db\/mcu/
2024-09-11 17:16:43,643 [INFO] ApiDb:274 - Set plugin database path to: C:\ST\STM32CubeIDE_1.15.1\STM32CubeIDE\plugins\com.st.stm32cube.common.mx_6.11.1.202404110753\\db\/plugins/boardmanager/
2024-09-11 17:16:43,644 [WARN] ApiDb:259 - Overriding images path with different value:  => C:\ST\STM32CubeIDE_1.15.1\STM32CubeIDE\plugins\com.st.stm32cube.common.mx_6.11.1.202404110753\\db\/plugins/mcufinder/images/
2024-09-11 17:16:43,668 [INFO] ApiDb:250 - Set database path to: C:\Users\dbank\.stmcufinder\plugins\mcufinder//mcu/
2024-09-11 17:16:43,671 [INFO] DbMcusAds:125 - Set database path to: C:\Users\dbank\.stmcufinder\plugins\mcufinder//mcu/
2024-09-11 17:16:43,684 [INFO] CrossReferenceDbSqlite:203 - Set database path to: C:\Users\dbank\.stmcufinder\plugins\mcufinder//mcu/cs/
2024-09-11 17:16:44,790 [INFO] RulesReader:64 - Compatibility file has been processed (297 Rules)
2024-09-11 17:16:45,095 [INFO] DbMcusXml:78 - Set database path to: C:\ST\STM32CubeIDE_1.15.1\STM32CubeIDE\plugins\com.st.stm32cube.common.mx_6.11.1.202404110753\\db\/mcu/
2024-09-11 17:16:45,095 [INFO] ApiDb:274 - Set plugin database path to: C:\ST\STM32CubeIDE_1.15.1\STM32CubeIDE\plugins\com.st.stm32cube.common.mx_6.11.1.202404110753\\db\/plugins/boardmanager/
2024-09-11 17:16:45,095 [INFO] ApiDb:261 - Set plugin images path to: C:\ST\STM32CubeIDE_1.15.1\STM32CubeIDE\plugins\com.st.stm32cube.common.mx_6.11.1.202404110753\\db\/plugins/mcufinder/images/
2024-09-11 17:16:45,096 [WARN] DbFile:41 - Overriding database path with different value: C:\Users\dbank\.stmcufinder\plugins\mcufinder/ => C:\Users\dbank\.stmcufinder\plugins\mcufinder
2024-09-11 17:16:45,096 [INFO] ApiDb:250 - Set database path to: C:\Users\dbank\.stmcufinder\plugins\mcufinder//mcu/
2024-09-11 17:16:45,096 [WARN] DbFile:41 - Overriding database path with different value: C:\Users\dbank\.stmcufinder\plugins\mcufinder/ => C:\Users\dbank\.stmcufinder\plugins\mcufinder
2024-09-11 17:16:45,096 [INFO] DbMcusAds:125 - Set database path to: C:\Users\dbank\.stmcufinder\plugins\mcufinder//mcu/
2024-09-11 17:16:45,097 [WARN] DbFile:41 - Overriding database path with different value: C:\Users\dbank\.stmcufinder\plugins\mcufinder/ => C:\Users\dbank\.stmcufinder\plugins\mcufinder
2024-09-11 17:16:45,097 [WARN] DbFile:41 - Overriding database path with different value: C:\Users\dbank\.stmcufinder\plugins\mcufinder/ => C:\Users\dbank\.stmcufinder\plugins\mcufinder
2024-09-11 17:16:45,097 [INFO] CrossReferenceDbSqlite:203 - Set database path to: C:\Users\dbank\.stmcufinder\plugins\mcufinder//mcu/cs/
2024-09-11 17:16:45,421 [INFO] MainPanel:264 - HeapMemory: 439353344
2024-09-11 17:16:46,046 [INFO] DbMcusXml:78 - Set database path to: C:\ST\STM32CubeIDE_1.15.1\STM32CubeIDE\plugins\com.st.stm32cube.common.mx_6.11.1.202404110753\\db\/mcu/
2024-09-11 17:16:46,046 [INFO] ApiDb:274 - Set plugin database path to: C:\ST\STM32CubeIDE_1.15.1\STM32CubeIDE\plugins\com.st.stm32cube.common.mx_6.11.1.202404110753\\db\/plugins/boardmanager/
2024-09-11 17:16:46,046 [INFO] ApiDb:261 - Set plugin images path to: C:\ST\STM32CubeIDE_1.15.1\STM32CubeIDE\plugins\com.st.stm32cube.common.mx_6.11.1.202404110753\\db\/plugins/mcufinder/images/
2024-09-11 17:16:46,047 [WARN] DbFile:41 - Overriding database path with different value: C:\Users\dbank\.stmcufinder\plugins\mcufinder/ => C:\Users\dbank\.stmcufinder\plugins\mcufinder
2024-09-11 17:16:46,059 [INFO] ApiDb:250 - Set database path to: C:\Users\dbank\.stmcufinder\plugins\mcufinder//mcu/
2024-09-11 17:16:46,059 [WARN] DbFile:41 - Overriding database path with different value: C:\Users\dbank\.stmcufinder\plugins\mcufinder/ => C:\Users\dbank\.stmcufinder\plugins\mcufinder
2024-09-11 17:16:46,059 [INFO] DbMcusAds:125 - Set database path to: C:\Users\dbank\.stmcufinder\plugins\mcufinder//mcu/
2024-09-11 17:16:46,060 [WARN] DbFile:41 - Overriding database path with different value: C:\Users\dbank\.stmcufinder\plugins\mcufinder/ => C:\Users\dbank\.stmcufinder\plugins\mcufinder
2024-09-11 17:16:46,060 [WARN] DbFile:41 - Overriding database path with different value: C:\Users\dbank\.stmcufinder\plugins\mcufinder/ => C:\Users\dbank\.stmcufinder\plugins\mcufinder
2024-09-11 17:16:46,060 [INFO] CrossReferenceDbSqlite:203 - Set database path to: C:\Users\dbank\.stmcufinder\plugins\mcufinder//mcu/cs/
2024-09-11 17:16:46,117 [INFO] ApplicationProperties:184 - Using Application install path: C:\ST\STM32CubeIDE_1.15.1\STM32CubeIDE\plugins\com.st.stm32cube.common.mx_6.11.1.202404110753
2024-09-11 17:16:46,124 [INFO] PluginManage:196 - Search for loadable plugins [exclusion list=, ]
2024-09-11 17:16:46,127 [INFO] PluginManage:310 - Check plugin analytics
2024-09-11 17:16:47,015 [INFO] AnalyticsPlugin:253 - Accepted Software Licenses: 
2024-09-11 17:16:47,016 [INFO] AnalyticsPlugin:255 - Accepted CMSIS Pack Licenses: 
2024-09-11 17:16:47,017 [INFO] AnalyticsPlugin:257 - Accepted Firmware Licenses: FW.H7.1.11.0
2024-09-11 17:16:47,022 [INFO] PluginManage:359 - Loaded plugin analytics (category:tool,tabindex:-1)
2024-09-11 17:16:47,023 [INFO] PluginManage:310 - Check plugin cadmodel
2024-09-11 17:16:47,172 [INFO] CADModel:105 - Init CAD model plugin
2024-09-11 17:16:47,172 [INFO] PluginManage:359 - Loaded plugin cadmodel (category:power,tabindex:5)
2024-09-11 17:16:47,173 [INFO] PluginManage:310 - Check plugin clock
2024-09-11 17:16:47,305 [INFO] PluginManage:359 - Loaded plugin clock (category:base,tabindex:2)
2024-09-11 17:16:47,305 [INFO] PluginManage:310 - Check plugin ddr
2024-09-11 17:16:47,310 [INFO] PluginManage:359 - Loaded plugin ddr (category:tool,tabindex:6)
2024-09-11 17:16:47,311 [INFO] PluginManage:310 - Check plugin filemanager
2024-09-11 17:16:48,338 [INFO] PluginManage:359 - Loaded plugin filemanager (category:base,tabindex:10)
2024-09-11 17:16:48,339 [INFO] PluginManage:310 - Check plugin ipmanager
2024-09-11 17:16:48,371 [INFO] PluginManage:359 - Loaded plugin ipmanager (category:base,tabindex:5)
2024-09-11 17:16:48,372 [INFO] PluginManage:310 - Check plugin lpbam
2024-09-11 17:16:48,508 [INFO] PluginManage:359 - Loaded plugin lpbam (category:base,tabindex:0)
2024-09-11 17:16:48,509 [INFO] PluginManage:310 - Check plugin memorymap
2024-09-11 17:16:48,637 [INFO] PluginManage:359 - Loaded plugin memorymap (category:base,tabindex:4)
2024-09-11 17:16:48,638 [INFO] PluginManage:310 - Check plugin pinoutandconfiguration
2024-09-11 17:16:48,743 [INFO] PluginManage:359 - Loaded plugin pinoutandconfiguration (category:base,tabindex:1)
2024-09-11 17:16:48,743 [INFO] PluginManage:310 - Check plugin pinoutconfig
2024-09-11 17:16:49,073 [WARN] SupportedApi:132 - Cannot load RTOS API schema: s4s-elt-must-match.1: The content of 'definitions' must match (annotation?, (simpleType | complexType)?, (unique | key | keyref)*)). A problem was found starting at: attribute.
2024-09-11 17:16:49,788 [INFO] PluginManage:359 - Loaded plugin pinoutconfig (category:base,tabindex:0)
2024-09-11 17:16:49,788 [INFO] PluginManage:310 - Check plugin power
2024-09-11 17:16:49,844 [INFO] PluginManage:359 - Loaded plugin power (category:power,tabindex:4)
2024-09-11 17:16:49,844 [INFO] PluginManage:310 - Check plugin projectmanager
2024-09-11 17:16:49,903 [INFO] PluginManage:359 - Loaded plugin projectmanager (category:projectmanager,tabindex:3)
2024-09-11 17:16:49,904 [INFO] PluginManage:310 - Check plugin thirdparty
2024-09-11 17:16:50,650 [INFO] PluginManage:359 - Loaded plugin thirdparty (category:base,tabindex:-1)
2024-09-11 17:16:50,651 [INFO] PluginManage:310 - Check plugin tools
2024-09-11 17:16:50,654 [WARN] IntegrityCheckThread:84 - waiting for thirdparty lock release [integrity check]
2024-09-11 17:16:50,655 [INFO] IntegrityCheckThread:86 - entering critical section [integrity check]
2024-09-11 17:16:50,656 [INFO] ThirdPartyUpdaterWithRetryManager:70 - Updater plugin not ready yet. [1/15]
2024-09-11 17:16:50,754 [INFO] PluginManage:359 - Loaded plugin tools (category:base,tabindex:7)
2024-09-11 17:16:50,755 [INFO] PluginManage:310 - Check plugin tutovideos
2024-09-11 17:16:51,268 [INFO] PluginManage:359 - Loaded plugin tutovideos (category:base,tabindex:-1)
2024-09-11 17:16:51,268 [INFO] PluginManage:310 - Check plugin updater
2024-09-11 17:16:51,298 [INFO] PluginManage:359 - Loaded plugin updater (category:base,tabindex:12)
2024-09-11 17:16:51,298 [INFO] PluginManage:310 - Check plugin userauth
2024-09-11 17:16:51,310 [INFO] UserAuth:114 - Init User Auth plugin
2024-09-11 17:16:51,310 [INFO] PluginManage:359 - Loaded plugin userauth (category:base,tabindex:14)
2024-09-11 17:16:51,311 [INFO] PluginManage:283 - PluginManage : Loaded plugins [17]
2024-09-11 17:16:52,438 [INFO] PinOutPanel:1561 - setPackage(No Configuration,No Configuration)
2024-09-11 17:16:52,771 [INFO] CADModel:165 - CPN selected for project level
2024-09-11 17:16:52,771 [INFO] CADModel:114 - Register for checkConnection events
2024-09-11 17:16:52,831 [INFO] IPUIPlugin:80 - create IPUIPlugin
2024-09-11 17:16:52,832 [INFO] PluginManager:220 - loadIPPluginJar : add adc
2024-09-11 17:16:52,958 [INFO] IPUIPlugin:80 - create IPUIPlugin
2024-09-11 17:16:52,958 [INFO] PluginManager:220 - loadIPPluginJar : add aes
2024-09-11 17:16:53,152 [INFO] IPUIPlugin:80 - create IPUIPlugin
2024-09-11 17:16:53,152 [INFO] PluginManager:220 - loadIPPluginJar : add can
2024-09-11 17:16:53,217 [INFO] IPUIPlugin:80 - create IPUIPlugin
2024-09-11 17:16:53,217 [INFO] PluginManager:220 - loadIPPluginJar : add comp
2024-09-11 17:16:53,388 [INFO] IPUIPlugin:80 - create IPUIPlugin
2024-09-11 17:16:53,388 [INFO] PluginManager:220 - loadIPPluginJar : add cryp
2024-09-11 17:16:53,552 [INFO] IPUIPlugin:80 - create IPUIPlugin
2024-09-11 17:16:53,552 [INFO] PluginManager:220 - loadIPPluginJar : add dfsdm
2024-09-11 17:16:53,677 [INFO] ThirdPartyUpdaterWithRetryManager:70 - Updater plugin not ready yet. [2/15]
2024-09-11 17:16:53,696 [INFO] IPUIPlugin:80 - create IPUIPlugin
2024-09-11 17:16:53,701 [INFO] PluginManager:220 - loadIPPluginJar : add dma
2024-09-11 17:16:53,995 [INFO] IPUIPlugin:80 - create IPUIPlugin
2024-09-11 17:16:53,995 [INFO] PluginManager:220 - loadIPPluginJar : add dma3
2024-09-11 17:16:54,168 [INFO] IPUIPlugin:80 - create IPUIPlugin
2024-09-11 17:16:54,168 [INFO] PluginManager:220 - loadIPPluginJar : add extmemmanager
2024-09-11 17:16:54,336 [INFO] IPUIPlugin:80 - create IPUIPlugin
2024-09-11 17:16:54,336 [INFO] PluginManager:220 - loadIPPluginJar : add fatfs
2024-09-11 17:16:54,602 [INFO] IPUIPlugin:80 - create IPUIPlugin
2024-09-11 17:16:54,602 [INFO] PluginManager:220 - loadIPPluginJar : add fmc
2024-09-11 17:16:54,676 [INFO] IPUIPlugin:80 - create IPUIPlugin
2024-09-11 17:16:54,676 [INFO] PluginManager:220 - loadIPPluginJar : add freertos
2024-09-11 17:16:54,770 [INFO] IPUIPlugin:80 - create IPUIPlugin
2024-09-11 17:16:54,770 [INFO] PluginManager:220 - loadIPPluginJar : add genericplugin
2024-09-11 17:16:55,151 [INFO] IPUIPlugin:80 - create IPUIPlugin
2024-09-11 17:16:55,151 [INFO] PluginManager:220 - loadIPPluginJar : add gfxmmu
2024-09-11 17:16:55,806 [INFO] IPUIPlugin:80 - create IPUIPlugin
2024-09-11 17:16:55,807 [INFO] PluginManager:220 - loadIPPluginJar : add gic
2024-09-11 17:16:55,895 [INFO] IPUIPlugin:80 - create IPUIPlugin
2024-09-11 17:16:55,895 [INFO] PluginManager:220 - loadIPPluginJar : add gpio
2024-09-11 17:16:56,293 [INFO] IPUIPlugin:80 - create IPUIPlugin
2024-09-11 17:16:56,293 [INFO] PluginManager:220 - loadIPPluginJar : add gtzc
2024-09-11 17:16:56,429 [INFO] IPUIPlugin:80 - create IPUIPlugin
2024-09-11 17:16:56,429 [INFO] PluginManager:220 - loadIPPluginJar : add hash
2024-09-11 17:16:56,715 [INFO] ThirdPartyUpdaterWithRetryManager:70 - Updater plugin not ready yet. [3/15]
2024-09-11 17:16:56,743 [INFO] IPUIPlugin:80 - create IPUIPlugin
2024-09-11 17:16:56,743 [INFO] PluginManager:220 - loadIPPluginJar : add i2c
2024-09-11 17:16:56,857 [INFO] IPUIPlugin:80 - create IPUIPlugin
2024-09-11 17:16:56,857 [INFO] PluginManager:220 - loadIPPluginJar : add i2s
2024-09-11 17:16:56,981 [INFO] IPUIPlugin:80 - create IPUIPlugin
2024-09-11 17:16:56,981 [INFO] PluginManager:220 - loadIPPluginJar : add i3c
2024-09-11 17:16:57,310 [INFO] IPUIPlugin:80 - create IPUIPlugin
2024-09-11 17:16:57,311 [INFO] PluginManager:220 - loadIPPluginJar : add ipddr
2024-09-11 17:16:57,641 [INFO] IPUIPlugin:80 - create IPUIPlugin
2024-09-11 17:16:57,641 [INFO] PluginManager:220 - loadIPPluginJar : add linkedlist
2024-09-11 17:16:57,840 [INFO] IPUIPlugin:80 - create IPUIPlugin
2024-09-11 17:16:57,845 [INFO] PluginManager:220 - loadIPPluginJar : add lorawan
2024-09-11 17:16:58,123 [INFO] IPUIPlugin:80 - create IPUIPlugin
2024-09-11 17:16:58,124 [INFO] PluginManager:220 - loadIPPluginJar : add ltdc
2024-09-11 17:16:58,180 [INFO] IPUIPlugin:80 - create IPUIPlugin
2024-09-11 17:16:58,180 [INFO] PluginManager:220 - loadIPPluginJar : add mdma
2024-09-11 17:16:58,288 [INFO] IPUIPlugin:80 - create IPUIPlugin
2024-09-11 17:16:58,288 [INFO] PluginManager:220 - loadIPPluginJar : add nvic
2024-09-11 17:16:58,669 [INFO] IPUIPlugin:80 - create IPUIPlugin
2024-09-11 17:16:58,669 [INFO] PluginManager:220 - loadIPPluginJar : add opamp
2024-09-11 17:16:58,910 [INFO] IPUIPlugin:80 - create IPUIPlugin
2024-09-11 17:16:58,910 [INFO] PluginManager:220 - loadIPPluginJar : add openamp
2024-09-11 17:16:59,144 [INFO] IPUIPlugin:80 - create IPUIPlugin
2024-09-11 17:16:59,144 [INFO] PluginManager:220 - loadIPPluginJar : add pdm2pcm
2024-09-11 17:16:59,208 [INFO] IPUIPlugin:80 - create IPUIPlugin
2024-09-11 17:16:59,213 [INFO] PluginManager:220 - loadIPPluginJar : add plateformsettings
2024-09-11 17:16:59,287 [INFO] IPUIPlugin:80 - create IPUIPlugin
2024-09-11 17:16:59,287 [INFO] PluginManager:220 - loadIPPluginJar : add quadspi
2024-09-11 17:16:59,339 [INFO] IPUIPlugin:80 - create IPUIPlugin
2024-09-11 17:16:59,340 [INFO] PluginManager:220 - loadIPPluginJar : add resmgrutility
2024-09-11 17:16:59,495 [INFO] IPUIPlugin:80 - create IPUIPlugin
2024-09-11 17:16:59,495 [INFO] PluginManager:220 - loadIPPluginJar : add sai
2024-09-11 17:16:59,669 [INFO] IPUIPlugin:80 - create IPUIPlugin
2024-09-11 17:16:59,669 [INFO] PluginManager:220 - loadIPPluginJar : add spi
2024-09-11 17:16:59,742 [INFO] ThirdPartyUpdaterWithRetryManager:70 - Updater plugin not ready yet. [4/15]
2024-09-11 17:16:59,952 [INFO] IPUIPlugin:80 - create IPUIPlugin
2024-09-11 17:16:59,952 [INFO] PluginManager:220 - loadIPPluginJar : add stm32_wpan
2024-09-11 17:17:00,149 [INFO] IPUIPlugin:80 - create IPUIPlugin
2024-09-11 17:17:00,149 [INFO] PluginManager:220 - loadIPPluginJar : add tim
2024-09-11 17:17:00,740 [INFO] IPUIPlugin:80 - create IPUIPlugin
2024-09-11 17:17:00,740 [INFO] PluginManager:220 - loadIPPluginJar : add touchsensing
2024-09-11 17:17:01,451 [INFO] IPUIPlugin:80 - create IPUIPlugin
2024-09-11 17:17:01,451 [INFO] PluginManager:220 - loadIPPluginJar : add tracer_emb
2024-09-11 17:17:01,941 [INFO] IPUIPlugin:80 - create IPUIPlugin
2024-09-11 17:17:01,942 [INFO] PluginManager:220 - loadIPPluginJar : add ts
2024-09-11 17:17:02,002 [INFO] IPUIPlugin:80 - create IPUIPlugin
2024-09-11 17:17:02,003 [INFO] PluginManager:220 - loadIPPluginJar : add tsc
2024-09-11 17:17:02,066 [INFO] IPUIPlugin:80 - create IPUIPlugin
2024-09-11 17:17:02,367 [INFO] PluginManager:220 - loadIPPluginJar : add ucpd
2024-09-11 17:17:02,839 [INFO] ThirdPartyUpdaterWithRetryManager:70 - Updater plugin not ready yet. [5/15]
2024-09-11 17:17:03,069 [INFO] IPUIPlugin:80 - create IPUIPlugin
2024-09-11 17:17:03,070 [INFO] PluginManager:220 - loadIPPluginJar : add usart
2024-09-11 17:17:03,421 [INFO] IPUIPlugin:80 - create IPUIPlugin
2024-09-11 17:17:03,421 [INFO] PluginManager:220 - loadIPPluginJar : add usbx
2024-09-11 17:17:04,495 [INFO] CADModel:165 - CPN selected for project level
2024-09-11 17:17:04,496 [INFO] CADModel:114 - Register for checkConnection events
2024-09-11 17:17:04,496 [FATAL] Updater:308 - Updater called before beeing initialized
2024-09-11 17:17:04,496 [ERROR] CADModel:125 - Updater not yet initialized, retry later 
2024-09-11 17:17:04,797 [INFO] CADModel:165 - CPN selected for project level
2024-09-11 17:17:04,797 [INFO] CADModel:114 - Register for checkConnection events
2024-09-11 17:17:04,798 [FATAL] Updater:308 - Updater called before beeing initialized
2024-09-11 17:17:04,798 [ERROR] CADModel:125 - Updater not yet initialized, retry later 
2024-09-11 17:17:04,803 [FATAL] Updater:308 - Updater called before beeing initialized
2024-09-11 17:17:05,140 [FATAL] Updater:308 - Updater called before beeing initialized
2024-09-11 17:17:05,174 [INFO] DbMcusAds:53 - JSON generation date=Thu May 16 11:22:01 CEST 2024 (1715851321109)
2024-09-11 17:17:05,174 [FATAL] Updater:308 - Updater called before beeing initialized
2024-09-11 17:17:05,381 [WARN] DetailPanel:346 - Failed to get advertising image, set to default
2024-09-11 17:17:05,674 [FATAL] Updater:308 - Updater called before beeing initialized
2024-09-11 17:17:05,687 [FATAL] Updater:308 - Updater called before beeing initialized
2024-09-11 17:17:05,687 [FATAL] Updater:308 - Updater called before beeing initialized
2024-09-11 17:17:05,687 [WARN] DetailPanel:346 - Failed to get advertising image, set to default
2024-09-11 17:17:05,689 [FATAL] Updater:308 - Updater called before beeing initialized
2024-09-11 17:17:05,938 [INFO] ThirdPartyUpdaterWithRetryManager:70 - Updater plugin not ready yet. [6/15]
2024-09-11 17:17:05,983 [ERROR] Updater:1120 - MainUpdater not yet initialized. External WinMGr cannot be set.
2024-09-11 17:17:06,014 [INFO] Updater:1056 - Updater Version found : 6.11.1
2024-09-11 17:17:06,109 [INFO] ApplicationProperties:184 - Using Application install path: C:\ST\STM32CubeIDE_1.15.1\STM32CubeIDE\plugins\com.st.stm32cube.common.mx_6.11.1.202404110753
2024-09-11 17:17:07,802 [ERROR] LogOutputStream:75 - [STDERR_REDIRECT] Sep 11, 2024 5:17:07 PM java.util.prefs.WindowsPreferences <init>
2024-09-11 17:17:07,807 [ERROR] LogOutputStream:75 - [STDERR_REDIRECT] WARNING: Could not open/create prefs root node Software\JavaSoft\Prefs at root 0xffffffff80000002. Windows RegCreateKeyEx(...) returned error code 5.
2024-09-11 17:17:07,808 [ERROR] LogOutputStream:75 - [STDERR_REDIRECT] 
2024-09-11 17:17:08,735 [INFO] MainUpdater:2873 - connection check result : 10
2024-09-11 17:17:08,737 [INFO] MainUpdater:290 - Updater Check For Update Now.
2024-09-11 17:17:08,737 [INFO] MicroXplorer:498 - Change Database Version : DB.6.0.111
2024-09-11 17:17:08,787 [INFO] McuFinderGlobals:63 - Set McuFinder mode to 2 (CubeIDE integrated)
2024-09-11 17:17:08,816 [INFO] UserAuth:415 - Internet connection configuration mode: 1
2024-09-11 17:17:08,874 [INFO] JxBrowserEngine:152 - Initiate JxBrowser Engine with user profile folder
2024-09-11 17:17:08,970 [WARN] MainUpdater:1194 - Updater busy. Cannot search thirdparties
2024-09-11 17:17:08,985 [INFO] ThirdPartyUpdaterWithRetryManager:96 - Updater plugin is busy. [1/15]
2024-09-11 17:17:09,237 [INFO] CheckServerUpdateThread:120 - End of CheckServer Thread
2024-09-11 17:17:13,380 [WARN] PackLoader:240 - Cannot read IP mode file for STMicroelectronics.FP-SNS-MOTENVWB1.1.4.0
2024-09-11 17:17:13,702 [WARN] PackLoader:240 - Cannot read IP mode file for STMicroelectronics.X-CUBE-SMBUS.2.1.0
2024-09-11 17:17:13,914 [WARN] PackLoader:240 - Cannot read IP mode file for STMicroelectronics.X-CUBE-TOUCHGFX.4.23.2
2024-09-11 17:17:14,281 [WARN] PackLoader:240 - Cannot read IP mode file for STMicroelectronics.X-CUBE-AZRTOS-F7.1.1.0
2024-09-11 17:17:14,656 [WARN] PackLoader:240 - Cannot read IP mode file for STMicroelectronics.X-CUBE-MEMS1.11.0.0
2024-09-11 17:17:15,411 [WARN] PackLoader:240 - Cannot read IP mode file for STMicroelectronics.FP-SNS-FLIGHT1.5.0.2
2024-09-11 17:17:15,514 [WARN] PackLoader:240 - Cannot read IP mode file for STMicroelectronics.X-CUBE-DISPLAY.3.0.0
2024-09-11 17:17:15,598 [WARN] PackLoader:240 - Cannot read IP mode file for STMicroelectronics.X-CUBE-BLE1.7.0.0
2024-09-11 17:17:15,643 [WARN] PackLoader:240 - Cannot read IP mode file for emotas.I-CUBE-CANOPEN.1.3.0
2024-09-11 17:17:15,696 [WARN] PackLoader:240 - Cannot read IP mode file for STMicroelectronics.X-CUBE-BLEMGR.3.1.0
2024-09-11 17:17:15,758 [WARN] PackLoader:240 - Cannot read IP mode file for STMicroelectronics.FP-SNS-SMARTAG2.1.2.0
2024-09-11 17:17:15,844 [INFO] LogOutputStream:77 - [STDOUT_REDIRECT] 1 : Invalid condition id : UX_CORESTACK_Condition cause : null
2024-09-11 17:17:15,845 [INFO] LogOutputStream:77 - [STDOUT_REDIRECT] 1 : Invalid condition id : UX_CORESTACK_Condition cause : null
2024-09-11 17:17:15,848 [INFO] LogOutputStream:77 - [STDOUT_REDIRECT] 1 : Invalid condition id : UX_CORESTACK_Condition cause : null
2024-09-11 17:17:15,851 [INFO] LogOutputStream:77 - [STDOUT_REDIRECT] 1 : Invalid condition id : UX_CORESTACK_Condition cause : null
2024-09-11 17:17:15,854 [INFO] LogOutputStream:77 - [STDOUT_REDIRECT] 1 : Invalid condition id : UX_CORESTACK_Condition cause : null
2024-09-11 17:17:15,861 [WARN] PackLoader:240 - Cannot read IP mode file for STMicroelectronics.X-CUBE-AZRTOS-WL.2.0.0
2024-09-11 17:17:15,897 [WARN] PackLoader:240 - Cannot read IP mode file for STMicroelectronics.FP-SNS-MOTENV1.5.0.0
2024-09-11 17:17:15,923 [WARN] PackLoader:240 - Cannot read IP mode file for wolfSSL.I-CUBE-wolfMQTT.1.19.0
2024-09-11 17:17:15,963 [WARN] PackLoader:240 - Cannot read IP mode file for WES.I-CUBE-Cesium.1.3.0
2024-09-11 17:17:16,041 [WARN] PackLoader:240 - Cannot read IP mode file for STMicroelectronics.X-CUBE-BLE2.3.3.0
2024-09-11 17:17:16,145 [WARN] PackLoader:240 - Cannot read IP mode file for STMicroelectronics.X-CUBE-TCPP.4.1.0
2024-09-11 17:17:16,227 [WARN] PackLoader:240 - Cannot read IP mode file for STMicroelectronics.X-CUBE-AZRTOS-G0.1.1.0
2024-09-11 17:17:16,282 [WARN] PackLoader:240 - Cannot read IP mode file for STMicroelectronics.X-CUBE-SAFEA1.1.2.2
2024-09-11 17:17:16,387 [WARN] PackLoader:240 - Cannot read IP mode file for STMicroelectronics.X-CUBE-NFC4.3.0.0
2024-09-11 17:17:16,408 [WARN] PackLoader:240 - Cannot read IP mode file for wolfSSL.I-CUBE-wolfMQTT.1.18.0
2024-09-11 17:17:16,445 [WARN] PackLoader:240 - Cannot read IP mode file for EmbeddedOffice.I-CUBE-FS-RTOS.1.0.1
2024-09-11 17:17:16,446 [ERROR] ConditionMgr:805 - Attr not supported : Dmpu
2024-09-11 17:17:16,446 [ERROR] ConditionMgr:805 - Attr not supported : Dmpu
2024-09-11 17:17:16,446 [ERROR] ConditionMgr:805 - Attr not supported : Dmpu
2024-09-11 17:17:16,446 [ERROR] ConditionMgr:805 - Attr not supported : Dmpu
2024-09-11 17:17:16,446 [ERROR] ConditionMgr:805 - Attr not supported : Dmpu
2024-09-11 17:17:16,447 [ERROR] ConditionMgr:805 - Attr not supported : Dmpu
2024-09-11 17:17:16,447 [ERROR] ConditionMgr:805 - Attr not supported : Dmpu
2024-09-11 17:17:16,447 [ERROR] ConditionMgr:805 - Attr not supported : Dmpu
2024-09-11 17:17:16,447 [ERROR] ConditionMgr:805 - Attr not supported : Dmpu
2024-09-11 17:17:16,447 [ERROR] ConditionMgr:805 - Attr not supported : Dmpu
2024-09-11 17:17:16,447 [ERROR] ConditionMgr:805 - Attr not supported : Dmpu
2024-09-11 17:17:16,447 [ERROR] ConditionMgr:805 - Attr not supported : Dmpu
2024-09-11 17:17:16,448 [ERROR] ConditionMgr:805 - Attr not supported : Dmpu
2024-09-11 17:17:16,448 [ERROR] ConditionMgr:805 - Attr not supported : Dmpu
2024-09-11 17:17:16,448 [ERROR] ConditionMgr:805 - Attr not supported : Dmpu
2024-09-11 17:17:16,448 [ERROR] ConditionMgr:805 - Attr not supported : Dmpu
2024-09-11 17:17:16,448 [ERROR] ConditionMgr:805 - Attr not supported : Dmpu
2024-09-11 17:17:16,448 [ERROR] ConditionMgr:805 - Attr not supported : Dmpu
2024-09-11 17:17:16,448 [ERROR] ConditionMgr:805 - Attr not supported : Dmpu
2024-09-11 17:17:16,448 [ERROR] ConditionMgr:805 - Attr not supported : Dmpu
2024-09-11 17:17:16,465 [ERROR] ConditionMgr:805 - Attr not supported : Dmpu
2024-09-11 17:17:16,466 [ERROR] ConditionMgr:805 - Attr not supported : Dmpu
2024-09-11 17:17:16,473 [ERROR] ConditionMgr:805 - Attr not supported : Dmpu
2024-09-11 17:17:16,473 [ERROR] ConditionMgr:805 - Attr not supported : Dmpu
2024-09-11 17:17:16,474 [ERROR] ConditionMgr:805 - Attr not supported : Dmpu
2024-09-11 17:17:16,474 [ERROR] ConditionMgr:805 - Attr not supported : Dmpu
2024-09-11 17:17:16,474 [ERROR] ConditionMgr:805 - Attr not supported : Dmpu
2024-09-11 17:17:16,474 [ERROR] ConditionMgr:805 - Attr not supported : Dmpu
2024-09-11 17:17:16,474 [ERROR] ConditionMgr:805 - Attr not supported : Dmpu
2024-09-11 17:17:16,475 [ERROR] ConditionMgr:805 - Attr not supported : Dmpu
2024-09-11 17:17:16,475 [ERROR] ConditionMgr:805 - Attr not supported : Dmpu
2024-09-11 17:17:16,475 [ERROR] ConditionMgr:805 - Attr not supported : Dmpu
2024-09-11 17:17:16,475 [ERROR] ConditionMgr:805 - Attr not supported : Dmpu
2024-09-11 17:17:16,475 [ERROR] ConditionMgr:805 - Attr not supported : Dmpu
2024-09-11 17:17:16,475 [ERROR] ConditionMgr:805 - Attr not supported : Dmpu
2024-09-11 17:17:16,476 [ERROR] ConditionMgr:805 - Attr not supported : Dmpu
2024-09-11 17:17:16,478 [ERROR] ConditionMgr:805 - Attr not supported : Dmpu
2024-09-11 17:17:16,478 [ERROR] ConditionMgr:805 - Attr not supported : Dmpu
2024-09-11 17:17:16,479 [ERROR] ConditionMgr:805 - Attr not supported : Dmpu
2024-09-11 17:17:16,479 [ERROR] ConditionMgr:805 - Attr not supported : Dmpu
2024-09-11 17:17:16,479 [ERROR] ConditionMgr:805 - Attr not supported : Dmpu
2024-09-11 17:17:16,479 [ERROR] ConditionMgr:805 - Attr not supported : Dmpu
2024-09-11 17:17:16,479 [ERROR] ConditionMgr:805 - Attr not supported : Dmpu
2024-09-11 17:17:16,479 [ERROR] ConditionMgr:805 - Attr not supported : Dmpu
2024-09-11 17:17:16,479 [ERROR] ConditionMgr:805 - Attr not supported : Dmpu
2024-09-11 17:17:16,480 [ERROR] ConditionMgr:805 - Attr not supported : Dmpu
2024-09-11 17:17:16,480 [ERROR] ConditionMgr:805 - Attr not supported : Dmpu
2024-09-11 17:17:16,480 [ERROR] ConditionMgr:805 - Attr not supported : Dmpu
2024-09-11 17:17:16,480 [ERROR] ConditionMgr:805 - Attr not supported : Dmpu
2024-09-11 17:17:16,480 [ERROR] ConditionMgr:805 - Attr not supported : Dmpu
2024-09-11 17:17:16,480 [ERROR] ConditionMgr:805 - Attr not supported : Dmpu
2024-09-11 17:17:16,480 [ERROR] ConditionMgr:805 - Attr not supported : Dmpu
2024-09-11 17:17:16,480 [ERROR] ConditionMgr:805 - Attr not supported : Dmpu
2024-09-11 17:17:16,481 [ERROR] ConditionMgr:805 - Attr not supported : Dmpu
2024-09-11 17:17:16,481 [ERROR] ConditionMgr:805 - Attr not supported : Dmpu
2024-09-11 17:17:16,481 [ERROR] ConditionMgr:805 - Attr not supported : Dmpu
2024-09-11 17:17:16,481 [ERROR] ConditionMgr:805 - Attr not supported : Dmpu
2024-09-11 17:17:16,482 [ERROR] ConditionMgr:805 - Attr not supported : Dmpu
2024-09-11 17:17:16,482 [ERROR] ConditionMgr:805 - Attr not supported : Dmpu
2024-09-11 17:17:16,482 [ERROR] ConditionMgr:805 - Attr not supported : Dmpu
2024-09-11 17:17:16,482 [ERROR] ConditionMgr:805 - Attr not supported : Dmpu
2024-09-11 17:17:16,482 [ERROR] ConditionMgr:805 - Attr not supported : Dmpu
2024-09-11 17:17:16,482 [ERROR] ConditionMgr:805 - Attr not supported : Dmpu
2024-09-11 17:17:16,483 [ERROR] ConditionMgr:805 - Attr not supported : Dmpu
2024-09-11 17:17:16,617 [WARN] PackLoader:240 - Cannot read IP mode file for RealThread.X-CUBE-RT-Thread_Nano.4.1.1
2024-09-11 17:17:16,640 [WARN] PackLoader:240 - Cannot read IP mode file for wolfSSL.I-CUBE-wolfSSL.5.7.0
2024-09-11 17:17:16,665 [WARN] PackLoader:240 - Cannot read IP mode file for STMicroelectronics.FP-ATR-SIGFOX1.3.2.0
2024-09-11 17:17:16,695 [WARN] PackLoader:240 - Cannot read IP mode file for STMicroelectronics.X-CUBE-EEPRMA1.5.1.0
2024-09-11 17:17:16,832 [WARN] PackLoader:240 - Cannot read IP mode file for ITTIA_DB.I-CUBE-ITTIADB.8.9.0
2024-09-11 17:17:16,936 [WARN] PackLoader:240 - Cannot read IP mode file for SEGGER.I-CUBE-embOS.1.3.1
2024-09-11 17:17:17,494 [WARN] PackLoader:240 - Cannot read IP mode file for STMicroelectronics.X-CUBE-ALGOBUILD.1.4.0
2024-09-11 17:17:17,802 [WARN] PackLoader:240 - Cannot read IP mode file for STMicroelectronics.X-CUBE-GNSS1.6.0.0
2024-09-11 17:17:18,061 [WARN] PackLoader:240 - Cannot read IP mode file for STMicroelectronics.X-CUBE-AZRTOS-F4.1.1.0
2024-09-11 17:17:18,182 [WARN] PackLoader:240 - Cannot read IP mode file for STMicroelectronics.X-CUBE-FREERTOS.1.2.0
2024-09-11 17:17:18,315 [WARN] PackLoader:240 - Cannot read IP mode file for STMicroelectronics.X-CUBE-AZRTOS-L5.2.0.0
2024-09-11 17:17:18,351 [WARN] PackLoader:240 - Cannot read IP mode file for STMicroelectronics.X-CUBE-NFC6.3.1.0
2024-09-11 17:17:18,504 [WARN] PackLoader:240 - Cannot read IP mode file for STMicroelectronics.X-CUBE-DPower.1.2.0
2024-09-11 17:17:18,625 [WARN] PackLoader:240 - Cannot read IP mode file for STMicroelectronics.X-CUBE-AI.9.0.0
2024-09-11 17:17:18,738 [WARN] PackLoader:240 - Cannot read IP mode file for STMicroelectronics.X-CUBE-NFC7.1.0.1
2024-09-11 17:17:18,763 [WARN] PackLoader:240 - Cannot read IP mode file for wolfSSL.I-CUBE-wolfTPM.3.2.0
2024-09-11 17:17:18,874 [WARN] ConditionMgr:438 - getConditionDescription Invalid condition id : LAN8742 Phy interface Condition cause : null
2024-09-11 17:17:18,876 [WARN] PackLoader:240 - Cannot read IP mode file for STMicroelectronics.X-CUBE-AZRTOS-L4.2.0.0
2024-09-11 17:17:18,878 [WARN] ConditionMgr:1039 - genDependencies : Invalid condition id : LAN8742 Phy interface Condition cause : null
2024-09-11 17:17:18,879 [WARN] ConditionMgr:1039 - genDependencies : Invalid condition id : LAN8742 Phy interface Condition cause : null
2024-09-11 17:17:18,879 [WARN] ConditionMgr:1039 - genDependencies : Invalid condition id : LAN8742 Phy interface Condition cause : null
2024-09-11 17:17:19,128 [WARN] PackLoader:240 - Cannot read IP mode file for STMicroelectronics.X-CUBE-SFXS2LP1.4.0.0
2024-09-11 17:17:19,296 [WARN] PackLoader:240 - Cannot read IP mode file for STMicroelectronics.X-CUBE-AZRTOS-H7.3.3.0
2024-09-11 17:17:19,419 [WARN] ConditionMgr:438 - getConditionDescription Invalid condition id : UX DEVICE CLASS RTOS Condition cause : null
2024-09-11 17:17:19,419 [WARN] ConditionMgr:438 - getConditionDescription Invalid condition id : UX DEVICE CLASS RTOS Condition cause : null
2024-09-11 17:17:19,423 [WARN] PackLoader:240 - Cannot read IP mode file for STMicroelectronics.X-CUBE-AZRTOS-WB.2.0.0
2024-09-11 17:17:19,424 [WARN] ConditionMgr:1039 - genDependencies : Invalid condition id : UX DEVICE CLASS RTOS Condition cause : null
2024-09-11 17:17:19,424 [WARN] ConditionMgr:1039 - genDependencies : Invalid condition id : UX DEVICE CLASS RTOS Condition cause : null
2024-09-11 17:17:19,425 [WARN] ConditionMgr:1039 - genDependencies : Invalid condition id : UX DEVICE CLASS RTOS Condition cause : null
2024-09-11 17:17:19,425 [WARN] ConditionMgr:1039 - genDependencies : Invalid condition id : UX DEVICE CLASS RTOS Condition cause : null
2024-09-11 17:17:19,425 [WARN] ConditionMgr:1039 - genDependencies : Invalid condition id : UX DEVICE CLASS RTOS Condition cause : null
2024-09-11 17:17:19,455 [WARN] PackLoader:240 - Cannot read IP mode file for STMicroelectronics.X-CUBE-GNSS1.7.0.0
2024-09-11 17:17:19,486 [WARN] PackLoader:240 - Cannot read IP mode file for STMicroelectronics.FP-SNS-STBOX1.2.0.0
2024-09-11 17:17:19,590 [WARN] PackLoader:240 - Cannot read IP mode file for STMicroelectronics.X-CUBE-SUBG2.5.0.0
2024-09-11 17:17:19,713 [WARN] PackLoader:240 - Cannot read IP mode file for Cesanta.I-CUBE-Mongoose.7.13.0
2024-09-11 17:17:19,844 [WARN] PackLoader:240 - Cannot read IP mode file for STMicroelectronics.X-CUBE-AZRTOS-G4.2.0.0
2024-09-11 17:17:19,875 [WARN] PackLoader:240 - Cannot read IP mode file for STMicroelectronics.X-CUBE-ISPU.2.0.0
2024-09-11 17:17:19,947 [WARN] PackLoader:240 - Cannot read IP mode file for STMicroelectronics.X-CUBE-ALS.1.0.2
2024-09-11 17:17:20,269 [WARN] PackLoader:240 - Cannot read IP mode file for STMicroelectronics.X-CUBE-MEMS1.10.0.0
2024-09-11 17:17:20,887 [WARN] PackLoader:240 - Cannot read IP mode file for STMicroelectronics.X-CUBE-TOUCHGFX.4.24.0
2024-09-11 17:17:21,161 [WARN] PackLoader:240 - Cannot read IP mode file for portGmbH.I-Cube-SoM-uGOAL.1.1.0
2024-09-11 17:17:21,410 [WARN] PackLoader:240 - Cannot read IP mode file for STMicroelectronics.X-CUBE-AZRTOS-H7RS.1.0.0
2024-09-11 17:17:21,457 [WARN] PackLoader:240 - Cannot read IP mode file for STMicroelectronics.FP-ATR-ASTRA1.2.0.0
2024-09-11 17:17:21,580 [WARN] PackLoader:240 - Cannot read IP mode file for STMicroelectronics.X-CUBE-TOF1.3.4.2
2024-09-11 17:17:21,886 [WARN] PackLoader:240 - Cannot read IP mode file for STMicroelectronics.X-CUBE-TOF1.3.4.1
2024-09-11 17:17:22,232 [WARN] PackLoader:240 - Cannot read IP mode file for STMicroelectronics.X-CUBE-AZRTOS-H7.3.2.0
2024-09-11 17:17:22,341 [WARN] PackLoader:240 - Cannot read IP mode file for Infineon.AIROC-Wi-Fi-Bluetooth-STM32.1.6.0
2024-09-11 17:17:22,373 [WARN] PackLoader:240 - Cannot read IP mode file for wolfSSL.I-CUBE-wolfSSH.1.4.17
2024-09-11 17:17:22,373 [INFO] ThirdParty:978 - Integrity check success = true
2024-09-11 17:17:22,373 [INFO] IntegrityCheckThread:100 - exiting critical section [integrity check]
2024-09-11 17:17:22,373 [INFO] IntegrityCheckThread:103 - End integrity checks thread
2024-09-11 17:17:29,779 [INFO] WebApp:161 - Instantiating new browser for Auth
2024-09-11 17:17:32,660 [INFO] WebApp:779 - Register for checkConnection events
2024-09-11 17:17:32,660 [INFO] WebApp:414 - Apply proxy settings
2024-09-11 17:17:32,660 [INFO] WebApp:499 - Chromium requires no authentication
2024-09-11 17:17:32,691 [INFO] WebApp:442 - Direct internet connection detected
2024-09-11 17:17:33,732 [INFO] WebApp:192 - Starting web application
2024-09-11 17:17:33,732 [INFO] WebApp:544 - Web application path used C:\ST\STM32CubeIDE_1.15.1\STM32CubeIDE\plugins\com.st.stm32cube.common.mx_6.11.1.202404110753\db\plugins\mcufinder\reactClient1\index.html
2024-09-11 17:33:33,542 [ERROR] ConfigurationRetriever:142 - IOException on connection: Connect timed out
2024-09-11 17:33:35,545 [ERROR] ConfigurationRetriever:142 - IOException on connection: Connect timed out
2024-09-11 17:51:55,596 [ERROR] LogOutputStream:75 - [STDERR_REDIRECT] 
2024-09-11 17:51:55,596 [ERROR] LogOutputStream:75 - [STDERR_REDIRECT] 
