2025-07-07 21:56:38,952 [INFO] Activator:176 - 


2025-07-07 21:56:38,957 [INFO] Activator:177 - !SESSION log4j initialized
2025-07-07 21:56:45,605 [INFO] LogOutputStream:77 - [STDOUT_REDIRECT] 
2025-07-07 21:56:50,153 [INFO] ApplicationProperties:184 - Using Application install path: C:\ST\STM32CubeIDE_1.15.1\STM32CubeIDE\plugins\com.st.stm32cube.common.mx_6.11.1.202404110753
2025-07-07 21:56:50,220 [INFO] DbMcusXml:78 - Set database path to: C:\ST\STM32CubeIDE_1.15.1\STM32CubeIDE\plugins\com.st.stm32cube.common.mx_6.11.1.202404110753\\db\/mcu/
2025-07-07 21:56:50,221 [INFO] ApiDb:274 - Set plugin database path to: C:\ST\STM32CubeIDE_1.15.1\STM32CubeIDE\plugins\com.st.stm32cube.common.mx_6.11.1.202404110753\\db\/plugins/boardmanager/
2025-07-07 21:56:50,221 [WARN] ApiDb:259 - Overriding images path with different value:  => C:\ST\STM32CubeIDE_1.15.1\STM32CubeIDE\plugins\com.st.stm32cube.common.mx_6.11.1.202404110753\\db\/plugins/mcufinder/images/
2025-07-07 21:56:50,248 [INFO] ApiDb:250 - Set database path to: C:\Users\dbank\.stmcufinder\plugins\mcufinder//mcu/
2025-07-07 21:56:50,251 [INFO] DbMcusAds:125 - Set database path to: C:\Users\dbank\.stmcufinder\plugins\mcufinder//mcu/
2025-07-07 21:56:50,257 [INFO] CrossReferenceDbSqlite:203 - Set database path to: C:\Users\dbank\.stmcufinder\plugins\mcufinder//mcu/cs/
2025-07-07 21:56:50,645 [INFO] RulesReader:64 - Compatibility file has been processed (297 Rules)
2025-07-07 21:56:50,855 [INFO] DbMcusXml:78 - Set database path to: C:\ST\STM32CubeIDE_1.15.1\STM32CubeIDE\plugins\com.st.stm32cube.common.mx_6.11.1.202404110753\\db\/mcu/
2025-07-07 21:56:50,855 [INFO] ApiDb:274 - Set plugin database path to: C:\ST\STM32CubeIDE_1.15.1\STM32CubeIDE\plugins\com.st.stm32cube.common.mx_6.11.1.202404110753\\db\/plugins/boardmanager/
2025-07-07 21:56:50,855 [INFO] ApiDb:261 - Set plugin images path to: C:\ST\STM32CubeIDE_1.15.1\STM32CubeIDE\plugins\com.st.stm32cube.common.mx_6.11.1.202404110753\\db\/plugins/mcufinder/images/
2025-07-07 21:56:50,855 [WARN] DbFile:41 - Overriding database path with different value: C:\Users\dbank\.stmcufinder\plugins\mcufinder/ => C:\Users\dbank\.stmcufinder\plugins\mcufinder
2025-07-07 21:56:50,857 [INFO] ApiDb:250 - Set database path to: C:\Users\dbank\.stmcufinder\plugins\mcufinder//mcu/
2025-07-07 21:56:50,859 [WARN] DbFile:41 - Overriding database path with different value: C:\Users\dbank\.stmcufinder\plugins\mcufinder/ => C:\Users\dbank\.stmcufinder\plugins\mcufinder
2025-07-07 21:56:50,859 [INFO] DbMcusAds:125 - Set database path to: C:\Users\dbank\.stmcufinder\plugins\mcufinder//mcu/
2025-07-07 21:56:50,859 [WARN] DbFile:41 - Overriding database path with different value: C:\Users\dbank\.stmcufinder\plugins\mcufinder/ => C:\Users\dbank\.stmcufinder\plugins\mcufinder
2025-07-07 21:56:50,859 [WARN] DbFile:41 - Overriding database path with different value: C:\Users\dbank\.stmcufinder\plugins\mcufinder/ => C:\Users\dbank\.stmcufinder\plugins\mcufinder
2025-07-07 21:56:50,859 [INFO] CrossReferenceDbSqlite:203 - Set database path to: C:\Users\dbank\.stmcufinder\plugins\mcufinder//mcu/cs/
2025-07-07 21:56:51,097 [INFO] MainPanel:264 - HeapMemory: 268435456
2025-07-07 21:56:51,404 [INFO] DbMcusXml:78 - Set database path to: C:\ST\STM32CubeIDE_1.15.1\STM32CubeIDE\plugins\com.st.stm32cube.common.mx_6.11.1.202404110753\\db\/mcu/
2025-07-07 21:56:51,404 [INFO] ApiDb:274 - Set plugin database path to: C:\ST\STM32CubeIDE_1.15.1\STM32CubeIDE\plugins\com.st.stm32cube.common.mx_6.11.1.202404110753\\db\/plugins/boardmanager/
2025-07-07 21:56:51,406 [INFO] ApiDb:261 - Set plugin images path to: C:\ST\STM32CubeIDE_1.15.1\STM32CubeIDE\plugins\com.st.stm32cube.common.mx_6.11.1.202404110753\\db\/plugins/mcufinder/images/
2025-07-07 21:56:51,406 [WARN] DbFile:41 - Overriding database path with different value: C:\Users\dbank\.stmcufinder\plugins\mcufinder/ => C:\Users\dbank\.stmcufinder\plugins\mcufinder
2025-07-07 21:56:51,406 [INFO] ApiDb:250 - Set database path to: C:\Users\dbank\.stmcufinder\plugins\mcufinder//mcu/
2025-07-07 21:56:51,406 [WARN] DbFile:41 - Overriding database path with different value: C:\Users\dbank\.stmcufinder\plugins\mcufinder/ => C:\Users\dbank\.stmcufinder\plugins\mcufinder
2025-07-07 21:56:51,406 [INFO] DbMcusAds:125 - Set database path to: C:\Users\dbank\.stmcufinder\plugins\mcufinder//mcu/
2025-07-07 21:56:51,406 [WARN] DbFile:41 - Overriding database path with different value: C:\Users\dbank\.stmcufinder\plugins\mcufinder/ => C:\Users\dbank\.stmcufinder\plugins\mcufinder
2025-07-07 21:56:51,406 [WARN] DbFile:41 - Overriding database path with different value: C:\Users\dbank\.stmcufinder\plugins\mcufinder/ => C:\Users\dbank\.stmcufinder\plugins\mcufinder
2025-07-07 21:56:51,407 [INFO] CrossReferenceDbSqlite:203 - Set database path to: C:\Users\dbank\.stmcufinder\plugins\mcufinder//mcu/cs/
2025-07-07 21:56:51,466 [INFO] ApplicationProperties:184 - Using Application install path: C:\ST\STM32CubeIDE_1.15.1\STM32CubeIDE\plugins\com.st.stm32cube.common.mx_6.11.1.202404110753
2025-07-07 21:56:51,472 [INFO] PluginManage:196 - Search for loadable plugins [exclusion list=, ]
2025-07-07 21:56:51,478 [INFO] PluginManage:310 - Check plugin analytics
2025-07-07 21:56:52,109 [INFO] AnalyticsPlugin:253 - Accepted Software Licenses: STM32CubeMX.6.11.1
2025-07-07 21:56:52,109 [INFO] AnalyticsPlugin:255 - Accepted CMSIS Pack Licenses: STMicroelectronics.X-CUBE-AZRTOS-H7.3.3.0
2025-07-07 21:56:52,109 [INFO] AnalyticsPlugin:257 - Accepted Firmware Licenses: FW.H7.1.11.0,FW.H7.1.10.0,FW.L4.1.18.0,FW.F4.1.28.0,FW.MP1.1.6.0,FW.F7.1.17.0
2025-07-07 21:56:52,116 [INFO] PluginManage:359 - Loaded plugin analytics (category:tool,tabindex:-1)
2025-07-07 21:56:52,117 [INFO] PluginManage:310 - Check plugin cadmodel
2025-07-07 21:56:52,153 [INFO] CADModel:105 - Init CAD model plugin
2025-07-07 21:56:52,153 [INFO] PluginManage:359 - Loaded plugin cadmodel (category:power,tabindex:5)
2025-07-07 21:56:52,155 [INFO] PluginManage:310 - Check plugin clock
2025-07-07 21:56:52,211 [INFO] PluginManage:359 - Loaded plugin clock (category:base,tabindex:2)
2025-07-07 21:56:52,211 [INFO] PluginManage:310 - Check plugin ddr
2025-07-07 21:56:52,221 [INFO] PluginManage:359 - Loaded plugin ddr (category:tool,tabindex:6)
2025-07-07 21:56:52,221 [INFO] PluginManage:310 - Check plugin filemanager
2025-07-07 21:56:52,577 [INFO] PluginManage:359 - Loaded plugin filemanager (category:base,tabindex:10)
2025-07-07 21:56:52,577 [INFO] PluginManage:310 - Check plugin ipmanager
2025-07-07 21:56:52,597 [INFO] PluginManage:359 - Loaded plugin ipmanager (category:base,tabindex:5)
2025-07-07 21:56:52,597 [INFO] PluginManage:310 - Check plugin lpbam
2025-07-07 21:56:52,664 [INFO] PluginManage:359 - Loaded plugin lpbam (category:base,tabindex:0)
2025-07-07 21:56:52,664 [INFO] PluginManage:310 - Check plugin memorymap
2025-07-07 21:56:52,752 [INFO] PluginManage:359 - Loaded plugin memorymap (category:base,tabindex:4)
2025-07-07 21:56:52,752 [INFO] PluginManage:310 - Check plugin pinoutandconfiguration
2025-07-07 21:56:52,803 [INFO] PluginManage:359 - Loaded plugin pinoutandconfiguration (category:base,tabindex:1)
2025-07-07 21:56:52,803 [INFO] PluginManage:310 - Check plugin pinoutconfig
2025-07-07 21:56:53,079 [WARN] SupportedApi:132 - Cannot load RTOS API schema: s4s-elt-must-match.1: The content of 'definitions' must match (annotation?, (simpleType | complexType)?, (unique | key | keyref)*)). A problem was found starting at: attribute.
2025-07-07 21:56:53,354 [INFO] PluginManage:359 - Loaded plugin pinoutconfig (category:base,tabindex:0)
2025-07-07 21:56:53,354 [INFO] PluginManage:310 - Check plugin power
2025-07-07 21:56:53,397 [INFO] PluginManage:359 - Loaded plugin power (category:power,tabindex:4)
2025-07-07 21:56:53,397 [INFO] PluginManage:310 - Check plugin projectmanager
2025-07-07 21:56:53,438 [INFO] PluginManage:359 - Loaded plugin projectmanager (category:projectmanager,tabindex:3)
2025-07-07 21:56:53,439 [INFO] PluginManage:310 - Check plugin thirdparty
2025-07-07 21:56:54,152 [WARN] IntegrityCheckThread:84 - waiting for thirdparty lock release [integrity check]
2025-07-07 21:56:54,153 [INFO] IntegrityCheckThread:86 - entering critical section [integrity check]
2025-07-07 21:56:54,153 [INFO] PluginManage:359 - Loaded plugin thirdparty (category:base,tabindex:-1)
2025-07-07 21:56:54,153 [INFO] PluginManage:310 - Check plugin tools
2025-07-07 21:56:54,154 [INFO] ThirdPartyUpdaterWithRetryManager:70 - Updater plugin not ready yet. [1/15]
2025-07-07 21:56:54,232 [INFO] PluginManage:359 - Loaded plugin tools (category:base,tabindex:7)
2025-07-07 21:56:54,232 [INFO] PluginManage:310 - Check plugin tutovideos
2025-07-07 21:56:54,857 [INFO] PluginManage:359 - Loaded plugin tutovideos (category:base,tabindex:-1)
2025-07-07 21:56:54,858 [INFO] PluginManage:310 - Check plugin updater
2025-07-07 21:56:54,887 [INFO] PluginManage:359 - Loaded plugin updater (category:base,tabindex:12)
2025-07-07 21:56:54,887 [INFO] PluginManage:310 - Check plugin userauth
2025-07-07 21:56:54,900 [INFO] UserAuth:114 - Init User Auth plugin
2025-07-07 21:56:54,900 [INFO] PluginManage:359 - Loaded plugin userauth (category:base,tabindex:14)
2025-07-07 21:56:54,902 [INFO] PluginManage:283 - PluginManage : Loaded plugins [17]
2025-07-07 21:56:55,483 [INFO] PinOutPanel:1561 - setPackage(No Configuration,No Configuration)
2025-07-07 21:56:55,643 [INFO] CADModel:165 - CPN selected for project level
2025-07-07 21:56:55,643 [INFO] CADModel:114 - Register for checkConnection events
2025-07-07 21:56:55,708 [INFO] IPUIPlugin:80 - create IPUIPlugin
2025-07-07 21:56:55,708 [INFO] PluginManager:220 - loadIPPluginJar : add adc
2025-07-07 21:56:55,783 [INFO] IPUIPlugin:80 - create IPUIPlugin
2025-07-07 21:56:55,783 [INFO] PluginManager:220 - loadIPPluginJar : add aes
2025-07-07 21:56:55,874 [INFO] IPUIPlugin:80 - create IPUIPlugin
2025-07-07 21:56:55,874 [INFO] PluginManager:220 - loadIPPluginJar : add can
2025-07-07 21:56:55,943 [INFO] IPUIPlugin:80 - create IPUIPlugin
2025-07-07 21:56:55,943 [INFO] PluginManager:220 - loadIPPluginJar : add comp
2025-07-07 21:56:56,040 [INFO] IPUIPlugin:80 - create IPUIPlugin
2025-07-07 21:56:56,040 [INFO] PluginManager:220 - loadIPPluginJar : add cryp
2025-07-07 21:56:56,133 [INFO] IPUIPlugin:80 - create IPUIPlugin
2025-07-07 21:56:56,133 [INFO] PluginManager:220 - loadIPPluginJar : add dfsdm
2025-07-07 21:56:56,168 [INFO] IPUIPlugin:80 - create IPUIPlugin
2025-07-07 21:56:56,171 [INFO] PluginManager:220 - loadIPPluginJar : add dma
2025-07-07 21:56:56,300 [INFO] IPUIPlugin:80 - create IPUIPlugin
2025-07-07 21:56:56,300 [INFO] PluginManager:220 - loadIPPluginJar : add dma3
2025-07-07 21:56:56,429 [INFO] IPUIPlugin:80 - create IPUIPlugin
2025-07-07 21:56:56,431 [INFO] PluginManager:220 - loadIPPluginJar : add extmemmanager
2025-07-07 21:56:56,491 [INFO] IPUIPlugin:80 - create IPUIPlugin
2025-07-07 21:56:56,491 [INFO] PluginManager:220 - loadIPPluginJar : add fatfs
2025-07-07 21:56:56,613 [INFO] IPUIPlugin:80 - create IPUIPlugin
2025-07-07 21:56:56,613 [INFO] PluginManager:220 - loadIPPluginJar : add fmc
2025-07-07 21:56:56,663 [INFO] IPUIPlugin:80 - create IPUIPlugin
2025-07-07 21:56:56,663 [INFO] PluginManager:220 - loadIPPluginJar : add freertos
2025-07-07 21:56:56,712 [INFO] IPUIPlugin:80 - create IPUIPlugin
2025-07-07 21:56:56,712 [INFO] PluginManager:220 - loadIPPluginJar : add genericplugin
2025-07-07 21:56:56,960 [INFO] IPUIPlugin:80 - create IPUIPlugin
2025-07-07 21:56:56,960 [INFO] PluginManager:220 - loadIPPluginJar : add gfxmmu
2025-07-07 21:56:57,156 [INFO] ThirdPartyUpdaterWithRetryManager:70 - Updater plugin not ready yet. [2/15]
2025-07-07 21:56:57,296 [INFO] IPUIPlugin:80 - create IPUIPlugin
2025-07-07 21:56:57,296 [INFO] PluginManager:220 - loadIPPluginJar : add gic
2025-07-07 21:56:57,326 [INFO] IPUIPlugin:80 - create IPUIPlugin
2025-07-07 21:56:57,326 [INFO] PluginManager:220 - loadIPPluginJar : add gpio
2025-07-07 21:56:57,565 [INFO] IPUIPlugin:80 - create IPUIPlugin
2025-07-07 21:56:57,565 [INFO] PluginManager:220 - loadIPPluginJar : add gtzc
2025-07-07 21:56:57,660 [INFO] IPUIPlugin:80 - create IPUIPlugin
2025-07-07 21:56:57,660 [INFO] PluginManager:220 - loadIPPluginJar : add hash
2025-07-07 21:56:57,775 [INFO] IPUIPlugin:80 - create IPUIPlugin
2025-07-07 21:56:57,775 [INFO] PluginManager:220 - loadIPPluginJar : add i2c
2025-07-07 21:56:57,862 [INFO] IPUIPlugin:80 - create IPUIPlugin
2025-07-07 21:56:57,862 [INFO] PluginManager:220 - loadIPPluginJar : add i2s
2025-07-07 21:56:57,948 [INFO] IPUIPlugin:80 - create IPUIPlugin
2025-07-07 21:56:57,948 [INFO] PluginManager:220 - loadIPPluginJar : add i3c
2025-07-07 21:56:58,140 [INFO] IPUIPlugin:80 - create IPUIPlugin
2025-07-07 21:56:58,140 [INFO] PluginManager:220 - loadIPPluginJar : add ipddr
2025-07-07 21:56:58,331 [INFO] IPUIPlugin:80 - create IPUIPlugin
2025-07-07 21:56:58,331 [INFO] PluginManager:220 - loadIPPluginJar : add linkedlist
2025-07-07 21:56:58,417 [INFO] IPUIPlugin:80 - create IPUIPlugin
2025-07-07 21:56:58,418 [INFO] PluginManager:220 - loadIPPluginJar : add lorawan
2025-07-07 21:56:58,526 [INFO] IPUIPlugin:80 - create IPUIPlugin
2025-07-07 21:56:58,526 [INFO] PluginManager:220 - loadIPPluginJar : add ltdc
2025-07-07 21:56:58,571 [INFO] IPUIPlugin:80 - create IPUIPlugin
2025-07-07 21:56:58,571 [INFO] PluginManager:220 - loadIPPluginJar : add mdma
2025-07-07 21:56:58,602 [INFO] IPUIPlugin:80 - create IPUIPlugin
2025-07-07 21:56:58,602 [INFO] PluginManager:220 - loadIPPluginJar : add nvic
2025-07-07 21:56:58,715 [INFO] IPUIPlugin:80 - create IPUIPlugin
2025-07-07 21:56:58,715 [INFO] PluginManager:220 - loadIPPluginJar : add opamp
2025-07-07 21:56:58,908 [INFO] IPUIPlugin:80 - create IPUIPlugin
2025-07-07 21:56:58,908 [INFO] PluginManager:220 - loadIPPluginJar : add openamp
2025-07-07 21:56:59,003 [INFO] IPUIPlugin:80 - create IPUIPlugin
2025-07-07 21:56:59,003 [INFO] PluginManager:220 - loadIPPluginJar : add pdm2pcm
2025-07-07 21:56:59,040 [INFO] IPUIPlugin:80 - create IPUIPlugin
2025-07-07 21:56:59,046 [INFO] PluginManager:220 - loadIPPluginJar : add plateformsettings
2025-07-07 21:56:59,116 [INFO] IPUIPlugin:80 - create IPUIPlugin
2025-07-07 21:56:59,116 [INFO] PluginManager:220 - loadIPPluginJar : add quadspi
2025-07-07 21:56:59,149 [INFO] IPUIPlugin:80 - create IPUIPlugin
2025-07-07 21:56:59,149 [INFO] PluginManager:220 - loadIPPluginJar : add resmgrutility
2025-07-07 21:56:59,241 [INFO] IPUIPlugin:80 - create IPUIPlugin
2025-07-07 21:56:59,241 [INFO] PluginManager:220 - loadIPPluginJar : add sai
2025-07-07 21:56:59,321 [INFO] IPUIPlugin:80 - create IPUIPlugin
2025-07-07 21:56:59,321 [INFO] PluginManager:220 - loadIPPluginJar : add spi
2025-07-07 21:56:59,441 [INFO] IPUIPlugin:80 - create IPUIPlugin
2025-07-07 21:56:59,441 [INFO] PluginManager:220 - loadIPPluginJar : add stm32_wpan
2025-07-07 21:56:59,510 [INFO] IPUIPlugin:80 - create IPUIPlugin
2025-07-07 21:56:59,510 [INFO] PluginManager:220 - loadIPPluginJar : add tim
2025-07-07 21:56:59,668 [INFO] IPUIPlugin:80 - create IPUIPlugin
2025-07-07 21:56:59,668 [INFO] PluginManager:220 - loadIPPluginJar : add touchsensing
2025-07-07 21:56:59,723 [INFO] IPUIPlugin:80 - create IPUIPlugin
2025-07-07 21:56:59,723 [INFO] PluginManager:220 - loadIPPluginJar : add tracer_emb
2025-07-07 21:56:59,788 [INFO] IPUIPlugin:80 - create IPUIPlugin
2025-07-07 21:56:59,789 [INFO] PluginManager:220 - loadIPPluginJar : add ts
2025-07-07 21:56:59,865 [INFO] IPUIPlugin:80 - create IPUIPlugin
2025-07-07 21:56:59,865 [INFO] PluginManager:220 - loadIPPluginJar : add tsc
2025-07-07 21:56:59,933 [INFO] IPUIPlugin:80 - create IPUIPlugin
2025-07-07 21:56:59,933 [INFO] PluginManager:220 - loadIPPluginJar : add ucpd
2025-07-07 21:57:00,063 [INFO] IPUIPlugin:80 - create IPUIPlugin
2025-07-07 21:57:00,063 [INFO] PluginManager:220 - loadIPPluginJar : add usart
2025-07-07 21:57:00,166 [INFO] ThirdPartyUpdaterWithRetryManager:70 - Updater plugin not ready yet. [3/15]
2025-07-07 21:57:00,169 [INFO] IPUIPlugin:80 - create IPUIPlugin
2025-07-07 21:57:00,169 [INFO] PluginManager:220 - loadIPPluginJar : add usbx
2025-07-07 21:57:00,351 [INFO] CADModel:165 - CPN selected for project level
2025-07-07 21:57:00,351 [INFO] CADModel:114 - Register for checkConnection events
2025-07-07 21:57:00,352 [FATAL] Updater:308 - Updater called before beeing initialized
2025-07-07 21:57:00,352 [ERROR] CADModel:125 - Updater not yet initialized, retry later 
2025-07-07 21:57:00,673 [INFO] CADModel:165 - CPN selected for project level
2025-07-07 21:57:00,673 [INFO] CADModel:114 - Register for checkConnection events
2025-07-07 21:57:00,673 [FATAL] Updater:308 - Updater called before beeing initialized
2025-07-07 21:57:00,673 [ERROR] CADModel:125 - Updater not yet initialized, retry later 
2025-07-07 21:57:00,678 [FATAL] Updater:308 - Updater called before beeing initialized
2025-07-07 21:57:00,845 [FATAL] Updater:308 - Updater called before beeing initialized
2025-07-07 21:57:00,875 [INFO] DbMcusAds:53 - JSON generation date=Wed May 07 11:07:55 CEST 2025 (1746608875484)
2025-07-07 21:57:00,875 [FATAL] Updater:308 - Updater called before beeing initialized
2025-07-07 21:57:01,011 [WARN] DetailPanel:346 - Failed to get advertising image, set to default
2025-07-07 21:57:01,165 [FATAL] Updater:308 - Updater called before beeing initialized
2025-07-07 21:57:01,173 [FATAL] Updater:308 - Updater called before beeing initialized
2025-07-07 21:57:01,174 [FATAL] Updater:308 - Updater called before beeing initialized
2025-07-07 21:57:01,174 [WARN] DetailPanel:346 - Failed to get advertising image, set to default
2025-07-07 21:57:01,176 [FATAL] Updater:308 - Updater called before beeing initialized
2025-07-07 21:57:01,297 [ERROR] Updater:1120 - MainUpdater not yet initialized. External WinMGr cannot be set.
2025-07-07 21:57:01,318 [INFO] Updater:1056 - Updater Version found : 6.11.1
2025-07-07 21:57:01,375 [INFO] ApplicationProperties:184 - Using Application install path: C:\ST\STM32CubeIDE_1.15.1\STM32CubeIDE\plugins\com.st.stm32cube.common.mx_6.11.1.202404110753
2025-07-07 21:57:03,014 [ERROR] LogOutputStream:75 - [STDERR_REDIRECT] Jul 07, 2025 9:57:03 PM java.util.prefs.WindowsPreferences <init>
2025-07-07 21:57:03,017 [ERROR] LogOutputStream:75 - [STDERR_REDIRECT] WARNING: Could not open/create prefs root node Software\JavaSoft\Prefs at root 0xffffffff80000002. Windows RegCreateKeyEx(...) returned error code 5.
2025-07-07 21:57:03,017 [ERROR] LogOutputStream:75 - [STDERR_REDIRECT] 
2025-07-07 21:57:03,167 [INFO] ThirdPartyUpdaterWithRetryManager:70 - Updater plugin not ready yet. [4/15]
2025-07-07 21:57:04,134 [INFO] MainUpdater:2873 - connection check result : 10
2025-07-07 21:57:04,138 [INFO] MainUpdater:290 - Updater Check For Update Now.
2025-07-07 21:57:04,138 [INFO] MicroXplorer:498 - Change Database Version : DB.6.0.111
2025-07-07 21:57:04,183 [INFO] McuFinderGlobals:63 - Set McuFinder mode to 2 (CubeIDE integrated)
2025-07-07 21:57:04,207 [INFO] UserAuth:415 - Internet connection configuration mode: 1
2025-07-07 21:57:04,284 [INFO] JxBrowserEngine:152 - Initiate JxBrowser Engine with user profile folder
2025-07-07 21:57:04,459 [INFO] CheckServerUpdateThread:120 - End of CheckServer Thread
2025-07-07 21:57:06,812 [WARN] PackLoader:240 - Cannot read IP mode file for STMicroelectronics.FP-SNS-MOTENVWB1.1.4.0
2025-07-07 21:57:06,853 [WARN] PackLoader:240 - Cannot read IP mode file for STMicroelectronics.FP-ATR-ASTRA1.2.0.2
2025-07-07 21:57:06,877 [WARN] PackLoader:240 - Cannot read IP mode file for STMicroelectronics.FP-ATR-ASTRA1.2.0.1
2025-07-07 21:57:06,918 [WARN] PackLoader:240 - Cannot read IP mode file for STMicroelectronics.X-CUBE-SMBUS.2.1.0
2025-07-07 21:57:06,957 [WARN] PackLoader:240 - Cannot read IP mode file for STMicroelectronics.X-CUBE-WB05N.1.1.0
2025-07-07 21:57:06,984 [WARN] PackLoader:240 - Cannot read IP mode file for STMicroelectronics.X-CUBE-TOUCHGFX.4.23.2
2025-07-07 21:57:07,063 [WARN] PackLoader:240 - Cannot read IP mode file for STMicroelectronics.X-CUBE-AZRTOS-F7.1.1.0
2025-07-07 21:57:07,191 [WARN] PackLoader:240 - Cannot read IP mode file for STMicroelectronics.X-CUBE-MEMS1.11.0.0
2025-07-07 21:57:07,443 [WARN] PackLoader:240 - Cannot read IP mode file for STMicroelectronics.FP-SNS-FLIGHT1.5.0.2
2025-07-07 21:57:07,493 [WARN] PackLoader:240 - Cannot read IP mode file for STMicroelectronics.X-CUBE-AZRTOS-H7.3.4.0
2025-07-07 21:57:07,532 [WARN] PackLoader:240 - Cannot read IP mode file for STMicroelectronics.X-CUBE-DISPLAY.3.0.0
2025-07-07 21:57:07,565 [WARN] PackLoader:240 - Cannot read IP mode file for STMicroelectronics.X-CUBE-BLE1.7.0.0
2025-07-07 21:57:07,592 [WARN] PackLoader:240 - Cannot read IP mode file for STMicroelectronics.X-CUBE-NFC10.1.0.0
2025-07-07 21:57:07,626 [WARN] PackLoader:240 - Cannot read IP mode file for STMicroelectronics.X-CUBE-BLEMGR.4.0.0
2025-07-07 21:57:07,650 [WARN] PackLoader:240 - Cannot read IP mode file for emotas.I-CUBE-CANOPEN.1.3.0
2025-07-07 21:57:07,673 [WARN] PackLoader:240 - Cannot read IP mode file for STMicroelectronics.X-CUBE-BLEMGR.3.1.0
2025-07-07 21:57:07,695 [WARN] PackLoader:240 - Cannot read IP mode file for STMicroelectronics.X-CUBE-AI.10.0.0
2025-07-07 21:57:07,714 [WARN] PackLoader:240 - Cannot read IP mode file for STMicroelectronics.FP-SNS-SMARTAG2.1.2.0
2025-07-07 21:57:07,729 [ERROR] Engine:466 - C:\Users\dbank\.stm32cubemx\thirdparties\pdsc\STMicroelectronics.FP-SNS-FLIGHT1.5.1.0.pdsc: PDSC version is not supported
2025-07-07 21:57:07,756 [INFO] LogOutputStream:77 - [STDOUT_REDIRECT] 1 : Invalid condition id : UX_CORESTACK_Condition cause : null
2025-07-07 21:57:07,758 [INFO] LogOutputStream:77 - [STDOUT_REDIRECT] 1 : Invalid condition id : UX_CORESTACK_Condition cause : null
2025-07-07 21:57:07,761 [INFO] LogOutputStream:77 - [STDOUT_REDIRECT] 1 : Invalid condition id : UX_CORESTACK_Condition cause : null
2025-07-07 21:57:07,762 [INFO] LogOutputStream:77 - [STDOUT_REDIRECT] 1 : Invalid condition id : UX_CORESTACK_Condition cause : null
2025-07-07 21:57:07,764 [INFO] LogOutputStream:77 - [STDOUT_REDIRECT] 1 : Invalid condition id : UX_CORESTACK_Condition cause : null
2025-07-07 21:57:07,767 [WARN] PackLoader:240 - Cannot read IP mode file for STMicroelectronics.X-CUBE-AZRTOS-WL.2.0.0
2025-07-07 21:57:07,790 [WARN] PackLoader:240 - Cannot read IP mode file for STMicroelectronics.FP-SNS-MOTENV1.5.0.0
2025-07-07 21:57:07,812 [WARN] PackLoader:240 - Cannot read IP mode file for wolfSSL.I-CUBE-wolfMQTT.1.19.0
2025-07-07 21:57:07,841 [WARN] PackLoader:240 - Cannot read IP mode file for WES.I-CUBE-Cesium.1.3.0
2025-07-07 21:57:07,862 [WARN] PackLoader:240 - Cannot read IP mode file for STMicroelectronics.X-CUBE-BLE2.3.3.0
2025-07-07 21:57:07,885 [WARN] PackLoader:240 - Cannot read IP mode file for STMicroelectronics.X-CUBE-NFC9.1.0.0
2025-07-07 21:57:07,908 [WARN] PackLoader:240 - Cannot read IP mode file for STMicroelectronics.X-CUBE-BLE1.7.1.0
2025-07-07 21:57:07,929 [WARN] PackLoader:240 - Cannot read IP mode file for STMicroelectronics.X-CUBE-TCPP.4.1.0
2025-07-07 21:57:07,951 [WARN] PackLoader:240 - Cannot read IP mode file for STMicroelectronics.X-CUBE-AI.10.1.0
2025-07-07 21:57:07,976 [WARN] PackLoader:240 - Cannot read IP mode file for STMicroelectronics.X-CUBE-ALGOBUILD.1.3.0
2025-07-07 21:57:08,061 [WARN] PackLoader:240 - Cannot read IP mode file for STMicroelectronics.X-CUBE-MEMS1.11.2.0
2025-07-07 21:57:08,240 [WARN] PackLoader:240 - Cannot read IP mode file for STMicroelectronics.X-CUBE-AZRTOS-G0.1.1.0
2025-07-07 21:57:08,263 [WARN] PackLoader:240 - Cannot read IP mode file for STMicroelectronics.X-CUBE-SAFEA1.1.2.2
2025-07-07 21:57:08,285 [WARN] PackLoader:240 - Cannot read IP mode file for STMicroelectronics.X-CUBE-NFC4.3.0.0
2025-07-07 21:57:08,311 [WARN] PackLoader:240 - Cannot read IP mode file for EmbeddedOffice.I-CUBE-FS-RTOS.1.0.1
2025-07-07 21:57:08,311 [ERROR] ConditionMgr:805 - Attr not supported : Dmpu
2025-07-07 21:57:08,311 [ERROR] ConditionMgr:805 - Attr not supported : Dmpu
2025-07-07 21:57:08,311 [ERROR] ConditionMgr:805 - Attr not supported : Dmpu
2025-07-07 21:57:08,311 [ERROR] ConditionMgr:805 - Attr not supported : Dmpu
2025-07-07 21:57:08,311 [ERROR] ConditionMgr:805 - Attr not supported : Dmpu
2025-07-07 21:57:08,312 [ERROR] ConditionMgr:805 - Attr not supported : Dmpu
2025-07-07 21:57:08,312 [ERROR] ConditionMgr:805 - Attr not supported : Dmpu
2025-07-07 21:57:08,312 [ERROR] ConditionMgr:805 - Attr not supported : Dmpu
2025-07-07 21:57:08,312 [ERROR] ConditionMgr:805 - Attr not supported : Dmpu
2025-07-07 21:57:08,312 [ERROR] ConditionMgr:805 - Attr not supported : Dmpu
2025-07-07 21:57:08,312 [ERROR] ConditionMgr:805 - Attr not supported : Dmpu
2025-07-07 21:57:08,312 [ERROR] ConditionMgr:805 - Attr not supported : Dmpu
2025-07-07 21:57:08,312 [ERROR] ConditionMgr:805 - Attr not supported : Dmpu
2025-07-07 21:57:08,312 [ERROR] ConditionMgr:805 - Attr not supported : Dmpu
2025-07-07 21:57:08,312 [ERROR] ConditionMgr:805 - Attr not supported : Dmpu
2025-07-07 21:57:08,312 [ERROR] ConditionMgr:805 - Attr not supported : Dmpu
2025-07-07 21:57:08,312 [ERROR] ConditionMgr:805 - Attr not supported : Dmpu
2025-07-07 21:57:08,312 [ERROR] ConditionMgr:805 - Attr not supported : Dmpu
2025-07-07 21:57:08,312 [ERROR] ConditionMgr:805 - Attr not supported : Dmpu
2025-07-07 21:57:08,312 [ERROR] ConditionMgr:805 - Attr not supported : Dmpu
2025-07-07 21:57:08,312 [ERROR] ConditionMgr:805 - Attr not supported : Dmpu
2025-07-07 21:57:08,312 [ERROR] ConditionMgr:805 - Attr not supported : Dmpu
2025-07-07 21:57:08,312 [ERROR] ConditionMgr:805 - Attr not supported : Dmpu
2025-07-07 21:57:08,312 [ERROR] ConditionMgr:805 - Attr not supported : Dmpu
2025-07-07 21:57:08,312 [ERROR] ConditionMgr:805 - Attr not supported : Dmpu
2025-07-07 21:57:08,312 [ERROR] ConditionMgr:805 - Attr not supported : Dmpu
2025-07-07 21:57:08,312 [ERROR] ConditionMgr:805 - Attr not supported : Dmpu
2025-07-07 21:57:08,312 [ERROR] ConditionMgr:805 - Attr not supported : Dmpu
2025-07-07 21:57:08,312 [ERROR] ConditionMgr:805 - Attr not supported : Dmpu
2025-07-07 21:57:08,312 [ERROR] ConditionMgr:805 - Attr not supported : Dmpu
2025-07-07 21:57:08,314 [ERROR] ConditionMgr:805 - Attr not supported : Dmpu
2025-07-07 21:57:08,314 [ERROR] ConditionMgr:805 - Attr not supported : Dmpu
2025-07-07 21:57:08,314 [ERROR] ConditionMgr:805 - Attr not supported : Dmpu
2025-07-07 21:57:08,314 [ERROR] ConditionMgr:805 - Attr not supported : Dmpu
2025-07-07 21:57:08,314 [ERROR] ConditionMgr:805 - Attr not supported : Dmpu
2025-07-07 21:57:08,314 [ERROR] ConditionMgr:805 - Attr not supported : Dmpu
2025-07-07 21:57:08,314 [ERROR] ConditionMgr:805 - Attr not supported : Dmpu
2025-07-07 21:57:08,314 [ERROR] ConditionMgr:805 - Attr not supported : Dmpu
2025-07-07 21:57:08,314 [ERROR] ConditionMgr:805 - Attr not supported : Dmpu
2025-07-07 21:57:08,314 [ERROR] ConditionMgr:805 - Attr not supported : Dmpu
2025-07-07 21:57:08,314 [ERROR] ConditionMgr:805 - Attr not supported : Dmpu
2025-07-07 21:57:08,314 [ERROR] ConditionMgr:805 - Attr not supported : Dmpu
2025-07-07 21:57:08,314 [ERROR] ConditionMgr:805 - Attr not supported : Dmpu
2025-07-07 21:57:08,314 [ERROR] ConditionMgr:805 - Attr not supported : Dmpu
2025-07-07 21:57:08,314 [ERROR] ConditionMgr:805 - Attr not supported : Dmpu
2025-07-07 21:57:08,314 [ERROR] ConditionMgr:805 - Attr not supported : Dmpu
2025-07-07 21:57:08,314 [ERROR] ConditionMgr:805 - Attr not supported : Dmpu
2025-07-07 21:57:08,314 [ERROR] ConditionMgr:805 - Attr not supported : Dmpu
2025-07-07 21:57:08,314 [ERROR] ConditionMgr:805 - Attr not supported : Dmpu
2025-07-07 21:57:08,314 [ERROR] ConditionMgr:805 - Attr not supported : Dmpu
2025-07-07 21:57:08,314 [ERROR] ConditionMgr:805 - Attr not supported : Dmpu
2025-07-07 21:57:08,314 [ERROR] ConditionMgr:805 - Attr not supported : Dmpu
2025-07-07 21:57:08,315 [ERROR] ConditionMgr:805 - Attr not supported : Dmpu
2025-07-07 21:57:08,315 [ERROR] ConditionMgr:805 - Attr not supported : Dmpu
2025-07-07 21:57:08,315 [ERROR] ConditionMgr:805 - Attr not supported : Dmpu
2025-07-07 21:57:08,315 [ERROR] ConditionMgr:805 - Attr not supported : Dmpu
2025-07-07 21:57:08,315 [ERROR] ConditionMgr:805 - Attr not supported : Dmpu
2025-07-07 21:57:08,315 [ERROR] ConditionMgr:805 - Attr not supported : Dmpu
2025-07-07 21:57:08,315 [ERROR] ConditionMgr:805 - Attr not supported : Dmpu
2025-07-07 21:57:08,315 [ERROR] ConditionMgr:805 - Attr not supported : Dmpu
2025-07-07 21:57:08,315 [ERROR] ConditionMgr:805 - Attr not supported : Dmpu
2025-07-07 21:57:08,315 [ERROR] ConditionMgr:805 - Attr not supported : Dmpu
2025-07-07 21:57:08,315 [ERROR] ConditionMgr:805 - Attr not supported : Dmpu
2025-07-07 21:57:08,315 [ERROR] ConditionMgr:805 - Attr not supported : Dmpu
2025-07-07 21:57:08,333 [WARN] PackLoader:240 - Cannot read IP mode file for STMicroelectronics.X-CUBE-WB05N.2.0.0
2025-07-07 21:57:08,357 [ERROR] Engine:466 - C:\Users\dbank\.stm32cubemx\thirdparties\pdsc\STMicroelectronics.X-CUBE-TCPP.4.2.0.pdsc: PDSC version is not supported
2025-07-07 21:57:08,379 [WARN] PackLoader:240 - Cannot read IP mode file for RealThread.X-CUBE-RT-Thread_Nano.4.1.1
2025-07-07 21:57:08,402 [WARN] PackLoader:240 - Cannot read IP mode file for wolfSSL.I-CUBE-wolfSSL.5.7.0
2025-07-07 21:57:08,430 [WARN] PackLoader:240 - Cannot read IP mode file for STMicroelectronics.FP-ATR-SIGFOX1.3.2.0
2025-07-07 21:57:08,454 [WARN] ConditionMgr:438 - getConditionDescription Invalid condition id : Cortex-A Device cause : null
2025-07-07 21:57:08,497 [WARN] ConditionMgr:1039 - genDependencies : Invalid condition id : Cortex-A Device cause : null
2025-07-07 21:57:08,497 [WARN] ConditionMgr:1039 - genDependencies : Invalid condition id : Cortex-A Device cause : null
2025-07-07 21:57:08,497 [WARN] ConditionMgr:1039 - genDependencies : Invalid condition id : Cortex-A Device cause : null
2025-07-07 21:57:08,519 [WARN] PackLoader:240 - Cannot read IP mode file for STMicroelectronics.X-CUBE-EEPRMA1.5.1.0
2025-07-07 21:57:08,541 [WARN] PackLoader:240 - Cannot read IP mode file for ITTIA_DB.I-CUBE-ITTIADB.8.9.0
2025-07-07 21:57:08,559 [ERROR] Engine:466 - C:\Users\dbank\.stm32cubemx\thirdparties\pdsc\STMicroelectronics.X-CUBE-ST67W61.1.0.0.pdsc: PDSC version is not supported
2025-07-07 21:57:08,612 [WARN] PackLoader:240 - Cannot read IP mode file for SEGGER.I-CUBE-embOS.1.3.1
2025-07-07 21:57:08,676 [WARN] PackLoader:240 - Cannot read IP mode file for STMicroelectronics.X-CUBE-ALGOBUILD.1.4.0
2025-07-07 21:57:08,744 [WARN] PackLoader:240 - Cannot read IP mode file for STMicroelectronics.X-CUBE-MEMS1.11.3.0
2025-07-07 21:57:09,018 [WARN] PackLoader:240 - Cannot read IP mode file for STMicroelectronics.X-CUBE-AI.9.1.0
2025-07-07 21:57:09,046 [WARN] PackLoader:240 - Cannot read IP mode file for STMicroelectronics.X-CUBE-PM33A1.1.0.0
2025-07-07 21:57:09,068 [WARN] PackLoader:240 - Cannot read IP mode file for STMicroelectronics.X-CUBE-GNSS1.6.0.0
2025-07-07 21:57:09,128 [WARN] PackLoader:240 - Cannot read IP mode file for STMicroelectronics.X-CUBE-AZRTOS-F4.1.1.0
2025-07-07 21:57:09,147 [ERROR] Engine:466 - C:\Users\dbank\.stm32cubemx\thirdparties\pdsc\Avnet-IotConnect.X-CUBE-IoTC-DA16k-PMOD.1.0.0.pdsc: PDSC version is not supported
2025-07-07 21:57:09,167 [WARN] PackLoader:240 - Cannot read IP mode file for STMicroelectronics.X-CUBE-ISPU.2.1.0
2025-07-07 21:57:09,193 [WARN] PackLoader:240 - Cannot read IP mode file for STMicroelectronics.X-CUBE-FREERTOS.1.2.0
2025-07-07 21:57:09,245 [WARN] PackLoader:240 - Cannot read IP mode file for STMicroelectronics.X-CUBE-AZRTOS-L5.2.0.0
2025-07-07 21:57:09,282 [WARN] PackLoader:240 - Cannot read IP mode file for STMicroelectronics.X-CUBE-NFC6.3.1.0
2025-07-07 21:57:09,316 [WARN] PackLoader:240 - Cannot read IP mode file for STMicroelectronics.X-CUBE-DPower.1.2.0
2025-07-07 21:57:09,341 [WARN] PackLoader:240 - Cannot read IP mode file for STMicroelectronics.X-CUBE-AI.9.0.0
2025-07-07 21:57:09,368 [WARN] PackLoader:240 - Cannot read IP mode file for STMicroelectronics.X-CUBE-FREERTOS.1.3.1
2025-07-07 21:57:09,397 [WARN] PackLoader:240 - Cannot read IP mode file for STMicroelectronics.X-CUBE-FREERTOS.1.3.0
2025-07-07 21:57:09,423 [WARN] PackLoader:240 - Cannot read IP mode file for STMicroelectronics.X-CUBE-NFC7.1.0.1
2025-07-07 21:57:09,447 [WARN] PackLoader:240 - Cannot read IP mode file for wolfSSL.I-CUBE-wolfTPM.3.2.0
2025-07-07 21:57:09,469 [ERROR] Engine:466 - C:\Users\dbank\.stm32cubemx\thirdparties\pdsc\STMicroelectronics.FP-SNS-STAIOTCFT.1.0.0.pdsc: PDSC version is not supported
2025-07-07 21:57:09,493 [WARN] PackLoader:240 - Cannot read IP mode file for STMicroelectronics.X-CUBE-DPower.1.3.0
2025-07-07 21:57:09,538 [WARN] ConditionMgr:438 - getConditionDescription Invalid condition id : LAN8742 Phy interface Condition cause : null
2025-07-07 21:57:09,538 [WARN] PackLoader:240 - Cannot read IP mode file for STMicroelectronics.X-CUBE-AZRTOS-L4.2.0.0
2025-07-07 21:57:09,540 [WARN] ConditionMgr:1039 - genDependencies : Invalid condition id : LAN8742 Phy interface Condition cause : null
2025-07-07 21:57:09,540 [WARN] ConditionMgr:1039 - genDependencies : Invalid condition id : LAN8742 Phy interface Condition cause : null
2025-07-07 21:57:09,542 [WARN] ConditionMgr:1039 - genDependencies : Invalid condition id : LAN8742 Phy interface Condition cause : null
2025-07-07 21:57:09,567 [WARN] PackLoader:240 - Cannot read IP mode file for STMicroelectronics.X-CUBE-SFXS2LP1.4.0.0
2025-07-07 21:57:09,637 [WARN] PackLoader:240 - Cannot read IP mode file for STMicroelectronics.X-CUBE-AZRTOS-H7.3.3.0
2025-07-07 21:57:10,067 [WARN] PackLoader:240 - Cannot read IP mode file for STMicroelectronics.X-CUBE-IPS.3.0.0
2025-07-07 21:57:10,109 [WARN] ConditionMgr:438 - getConditionDescription Invalid condition id : UX DEVICE CLASS RTOS Condition cause : null
2025-07-07 21:57:10,109 [WARN] ConditionMgr:438 - getConditionDescription Invalid condition id : UX DEVICE CLASS RTOS Condition cause : null
2025-07-07 21:57:10,113 [WARN] PackLoader:240 - Cannot read IP mode file for STMicroelectronics.X-CUBE-AZRTOS-WB.2.0.0
2025-07-07 21:57:10,113 [WARN] ConditionMgr:1039 - genDependencies : Invalid condition id : UX DEVICE CLASS RTOS Condition cause : null
2025-07-07 21:57:10,113 [WARN] ConditionMgr:1039 - genDependencies : Invalid condition id : UX DEVICE CLASS RTOS Condition cause : null
2025-07-07 21:57:10,114 [WARN] ConditionMgr:1039 - genDependencies : Invalid condition id : UX DEVICE CLASS RTOS Condition cause : null
2025-07-07 21:57:10,114 [WARN] ConditionMgr:1039 - genDependencies : Invalid condition id : UX DEVICE CLASS RTOS Condition cause : null
2025-07-07 21:57:10,114 [WARN] ConditionMgr:1039 - genDependencies : Invalid condition id : UX DEVICE CLASS RTOS Condition cause : null
2025-07-07 21:57:10,138 [WARN] PackLoader:240 - Cannot read IP mode file for STMicroelectronics.X-CUBE-GNSS1.7.0.0
2025-07-07 21:57:10,161 [WARN] PackLoader:240 - Cannot read IP mode file for STMicroelectronics.X-CUBE-GNSS1.7.0.1
2025-07-07 21:57:10,183 [WARN] PackLoader:240 - Cannot read IP mode file for STMicroelectronics.X-CUBE-TOUCHGFX.4.25.0
2025-07-07 21:57:10,207 [WARN] PackLoader:240 - Cannot read IP mode file for STMicroelectronics.FP-SNS-STBOX1.2.0.0
2025-07-07 21:57:10,234 [WARN] PackLoader:240 - Cannot read IP mode file for STMicroelectronics.X-CUBE-SUBG2.5.0.0
2025-07-07 21:57:10,297 [WARN] PackLoader:240 - Cannot read IP mode file for STMicroelectronics.X-CUBE-AZRTOS-H7RS.1.1.0
2025-07-07 21:57:10,343 [WARN] PackLoader:240 - Cannot read IP mode file for STMicroelectronics.X-CUBE-AZRTOS-G4.2.0.0
2025-07-07 21:57:10,372 [WARN] PackLoader:240 - Cannot read IP mode file for STMicroelectronics.X-CUBE-NFC7.2.0.0
2025-07-07 21:57:10,399 [WARN] PackLoader:240 - Cannot read IP mode file for STMicroelectronics.X-CUBE-ISPU.2.0.0
2025-07-07 21:57:10,428 [ERROR] Engine:466 - C:\Users\dbank\.stm32cubemx\thirdparties\pdsc\STMicroelectronics.X-CUBE-IPS.3.1.0.pdsc: PDSC version is not supported
2025-07-07 21:57:10,449 [WARN] PackLoader:240 - Cannot read IP mode file for STMicroelectronics.X-CUBE-ALS.1.0.2
2025-07-07 21:57:10,521 [WARN] PackLoader:240 - Cannot read IP mode file for STMicroelectronics.X-CUBE-MEMS1.10.0.0
2025-07-07 21:57:10,633 [WARN] PackLoader:240 - Cannot read IP mode file for STMicroelectronics.X-CUBE-TOUCHGFX.4.24.0
2025-07-07 21:57:10,653 [WARN] PackLoader:240 - Cannot read IP mode file for STMicroelectronics.X-CUBE-TOUCHGFX.4.24.1
2025-07-07 21:57:10,675 [WARN] PackLoader:240 - Cannot read IP mode file for portGmbH.I-Cube-SoM-uGOAL.1.1.0
2025-07-07 21:57:10,694 [WARN] PackLoader:240 - Cannot read IP mode file for STMicroelectronics.X-CUBE-ALS.1.0.1
2025-07-07 21:57:10,743 [WARN] PackLoader:240 - Cannot read IP mode file for STMicroelectronics.X-CUBE-AZRTOS-H7RS.1.0.0
2025-07-07 21:57:10,778 [WARN] PackLoader:240 - Cannot read IP mode file for STMicroelectronics.FP-ATR-ASTRA1.2.0.0
2025-07-07 21:57:10,814 [WARN] PackLoader:240 - Cannot read IP mode file for STMicroelectronics.X-CUBE-TOF1.3.4.2
2025-07-07 21:57:10,864 [ERROR] Engine:466 - C:\Users\dbank\.stm32cubemx\thirdparties\pdsc\STMicroelectronics.X-CUBE-TOF1.3.4.3.pdsc: PDSC version is not supported
2025-07-07 21:57:10,898 [WARN] PackLoader:240 - Cannot read IP mode file for STMicroelectronics.X-CUBE-TOF1.3.4.1
2025-07-07 21:57:10,944 [WARN] PackLoader:240 - Cannot read IP mode file for STMicroelectronics.X-CUBE-AZRTOS-H7.3.2.0
2025-07-07 21:57:10,975 [WARN] PackLoader:240 - Cannot read IP mode file for Infineon.AIROC-Wi-Fi-Bluetooth-STM32.1.6.0
2025-07-07 21:57:10,993 [WARN] PackLoader:240 - Cannot read IP mode file for wolfSSL.I-CUBE-wolfSSH.1.4.17
2025-07-07 21:57:10,994 [INFO] ThirdParty:978 - Integrity check success = true
2025-07-07 21:57:10,994 [INFO] IntegrityCheckThread:100 - exiting critical section [integrity check]
2025-07-07 21:57:10,994 [INFO] IntegrityCheckThread:103 - End integrity checks thread
2025-07-07 21:57:11,799 [INFO] WebApp:161 - Instantiating new browser for Auth
2025-07-07 21:57:12,397 [INFO] WebApp:779 - Register for checkConnection events
2025-07-07 21:57:12,399 [INFO] WebApp:414 - Apply proxy settings
2025-07-07 21:57:12,399 [INFO] WebApp:499 - Chromium requires no authentication
2025-07-07 21:57:12,406 [INFO] WebApp:442 - Direct internet connection detected
2025-07-07 21:57:12,719 [INFO] WebApp:192 - Starting web application
2025-07-07 21:57:12,719 [INFO] WebApp:544 - Web application path used C:\ST\STM32CubeIDE_1.15.1\STM32CubeIDE\plugins\com.st.stm32cube.common.mx_6.11.1.202404110753\db\plugins\mcufinder\reactClient1\index.html
2025-07-07 22:02:12,920 [ERROR] LogOutputStream:75 - [STDERR_REDIRECT] 
2025-07-07 22:02:12,920 [ERROR] LogOutputStream:75 - [STDERR_REDIRECT] 
2025-07-07 22:27:08,024 [INFO] Activator:176 - 


2025-07-07 22:27:08,034 [INFO] Activator:177 - !SESSION log4j initialized
2025-07-07 22:27:14,749 [INFO] LogOutputStream:77 - [STDOUT_REDIRECT] 
2025-07-07 22:27:17,336 [INFO] ApplicationProperties:184 - Using Application install path: C:\ST\STM32CubeIDE_1.15.1\STM32CubeIDE\plugins\com.st.stm32cube.common.mx_6.11.1.202404110753
2025-07-07 22:27:17,419 [INFO] DbMcusXml:78 - Set database path to: C:\ST\STM32CubeIDE_1.15.1\STM32CubeIDE\plugins\com.st.stm32cube.common.mx_6.11.1.202404110753\\db\/mcu/
2025-07-07 22:27:17,421 [INFO] ApiDb:274 - Set plugin database path to: C:\ST\STM32CubeIDE_1.15.1\STM32CubeIDE\plugins\com.st.stm32cube.common.mx_6.11.1.202404110753\\db\/plugins/boardmanager/
2025-07-07 22:27:17,421 [WARN] ApiDb:259 - Overriding images path with different value:  => C:\ST\STM32CubeIDE_1.15.1\STM32CubeIDE\plugins\com.st.stm32cube.common.mx_6.11.1.202404110753\\db\/plugins/mcufinder/images/
2025-07-07 22:27:17,453 [INFO] ApiDb:250 - Set database path to: C:\Users\dbank\.stmcufinder\plugins\mcufinder//mcu/
2025-07-07 22:27:17,456 [INFO] DbMcusAds:125 - Set database path to: C:\Users\dbank\.stmcufinder\plugins\mcufinder//mcu/
2025-07-07 22:27:17,466 [INFO] CrossReferenceDbSqlite:203 - Set database path to: C:\Users\dbank\.stmcufinder\plugins\mcufinder//mcu/cs/
2025-07-07 22:27:18,059 [INFO] RulesReader:64 - Compatibility file has been processed (297 Rules)
2025-07-07 22:27:18,328 [INFO] DbMcusXml:78 - Set database path to: C:\ST\STM32CubeIDE_1.15.1\STM32CubeIDE\plugins\com.st.stm32cube.common.mx_6.11.1.202404110753\\db\/mcu/
2025-07-07 22:27:18,328 [INFO] ApiDb:274 - Set plugin database path to: C:\ST\STM32CubeIDE_1.15.1\STM32CubeIDE\plugins\com.st.stm32cube.common.mx_6.11.1.202404110753\\db\/plugins/boardmanager/
2025-07-07 22:27:18,328 [INFO] ApiDb:261 - Set plugin images path to: C:\ST\STM32CubeIDE_1.15.1\STM32CubeIDE\plugins\com.st.stm32cube.common.mx_6.11.1.202404110753\\db\/plugins/mcufinder/images/
2025-07-07 22:27:18,328 [WARN] DbFile:41 - Overriding database path with different value: C:\Users\dbank\.stmcufinder\plugins\mcufinder/ => C:\Users\dbank\.stmcufinder\plugins\mcufinder
2025-07-07 22:27:18,329 [INFO] ApiDb:250 - Set database path to: C:\Users\dbank\.stmcufinder\plugins\mcufinder//mcu/
2025-07-07 22:27:18,329 [WARN] DbFile:41 - Overriding database path with different value: C:\Users\dbank\.stmcufinder\plugins\mcufinder/ => C:\Users\dbank\.stmcufinder\plugins\mcufinder
2025-07-07 22:27:18,329 [INFO] DbMcusAds:125 - Set database path to: C:\Users\dbank\.stmcufinder\plugins\mcufinder//mcu/
2025-07-07 22:27:18,329 [WARN] DbFile:41 - Overriding database path with different value: C:\Users\dbank\.stmcufinder\plugins\mcufinder/ => C:\Users\dbank\.stmcufinder\plugins\mcufinder
2025-07-07 22:27:18,329 [WARN] DbFile:41 - Overriding database path with different value: C:\Users\dbank\.stmcufinder\plugins\mcufinder/ => C:\Users\dbank\.stmcufinder\plugins\mcufinder
2025-07-07 22:27:18,329 [INFO] CrossReferenceDbSqlite:203 - Set database path to: C:\Users\dbank\.stmcufinder\plugins\mcufinder//mcu/cs/
2025-07-07 22:27:18,598 [INFO] MainPanel:264 - HeapMemory: 268435456
2025-07-07 22:27:18,899 [INFO] DbMcusXml:78 - Set database path to: C:\ST\STM32CubeIDE_1.15.1\STM32CubeIDE\plugins\com.st.stm32cube.common.mx_6.11.1.202404110753\\db\/mcu/
2025-07-07 22:27:18,899 [INFO] ApiDb:274 - Set plugin database path to: C:\ST\STM32CubeIDE_1.15.1\STM32CubeIDE\plugins\com.st.stm32cube.common.mx_6.11.1.202404110753\\db\/plugins/boardmanager/
2025-07-07 22:27:18,901 [INFO] ApiDb:261 - Set plugin images path to: C:\ST\STM32CubeIDE_1.15.1\STM32CubeIDE\plugins\com.st.stm32cube.common.mx_6.11.1.202404110753\\db\/plugins/mcufinder/images/
2025-07-07 22:27:18,902 [WARN] DbFile:41 - Overriding database path with different value: C:\Users\dbank\.stmcufinder\plugins\mcufinder/ => C:\Users\dbank\.stmcufinder\plugins\mcufinder
2025-07-07 22:27:18,903 [INFO] ApiDb:250 - Set database path to: C:\Users\dbank\.stmcufinder\plugins\mcufinder//mcu/
2025-07-07 22:27:18,903 [WARN] DbFile:41 - Overriding database path with different value: C:\Users\dbank\.stmcufinder\plugins\mcufinder/ => C:\Users\dbank\.stmcufinder\plugins\mcufinder
2025-07-07 22:27:18,903 [INFO] DbMcusAds:125 - Set database path to: C:\Users\dbank\.stmcufinder\plugins\mcufinder//mcu/
2025-07-07 22:27:18,903 [WARN] DbFile:41 - Overriding database path with different value: C:\Users\dbank\.stmcufinder\plugins\mcufinder/ => C:\Users\dbank\.stmcufinder\plugins\mcufinder
2025-07-07 22:27:18,903 [WARN] DbFile:41 - Overriding database path with different value: C:\Users\dbank\.stmcufinder\plugins\mcufinder/ => C:\Users\dbank\.stmcufinder\plugins\mcufinder
2025-07-07 22:27:18,903 [INFO] CrossReferenceDbSqlite:203 - Set database path to: C:\Users\dbank\.stmcufinder\plugins\mcufinder//mcu/cs/
2025-07-07 22:27:18,953 [INFO] ApplicationProperties:184 - Using Application install path: C:\ST\STM32CubeIDE_1.15.1\STM32CubeIDE\plugins\com.st.stm32cube.common.mx_6.11.1.202404110753
2025-07-07 22:27:18,959 [INFO] PluginManage:196 - Search for loadable plugins [exclusion list=, ]
2025-07-07 22:27:18,965 [INFO] PluginManage:310 - Check plugin analytics
2025-07-07 22:27:19,669 [INFO] AnalyticsPlugin:253 - Accepted Software Licenses: STM32CubeMX.6.11.1
2025-07-07 22:27:19,669 [INFO] AnalyticsPlugin:255 - Accepted CMSIS Pack Licenses: STMicroelectronics.X-CUBE-AZRTOS-H7.3.3.0
2025-07-07 22:27:19,670 [INFO] AnalyticsPlugin:257 - Accepted Firmware Licenses: FW.H7.1.11.0,FW.H7.1.10.0,FW.L4.1.18.0,FW.F4.1.28.0,FW.MP1.1.6.0,FW.F7.1.17.0
2025-07-07 22:27:19,678 [INFO] PluginManage:359 - Loaded plugin analytics (category:tool,tabindex:-1)
2025-07-07 22:27:19,678 [INFO] PluginManage:310 - Check plugin cadmodel
2025-07-07 22:27:19,716 [INFO] CADModel:105 - Init CAD model plugin
2025-07-07 22:27:19,718 [INFO] PluginManage:359 - Loaded plugin cadmodel (category:power,tabindex:5)
2025-07-07 22:27:19,718 [INFO] PluginManage:310 - Check plugin clock
2025-07-07 22:27:19,769 [INFO] PluginManage:359 - Loaded plugin clock (category:base,tabindex:2)
2025-07-07 22:27:19,769 [INFO] PluginManage:310 - Check plugin ddr
2025-07-07 22:27:19,778 [INFO] PluginManage:359 - Loaded plugin ddr (category:tool,tabindex:6)
2025-07-07 22:27:19,778 [INFO] PluginManage:310 - Check plugin filemanager
2025-07-07 22:27:20,309 [INFO] PluginManage:359 - Loaded plugin filemanager (category:base,tabindex:10)
2025-07-07 22:27:20,309 [INFO] PluginManage:310 - Check plugin ipmanager
2025-07-07 22:27:20,323 [INFO] PluginManage:359 - Loaded plugin ipmanager (category:base,tabindex:5)
2025-07-07 22:27:20,323 [INFO] PluginManage:310 - Check plugin lpbam
2025-07-07 22:27:20,368 [INFO] PluginManage:359 - Loaded plugin lpbam (category:base,tabindex:0)
2025-07-07 22:27:20,368 [INFO] PluginManage:310 - Check plugin memorymap
2025-07-07 22:27:20,481 [INFO] PluginManage:359 - Loaded plugin memorymap (category:base,tabindex:4)
2025-07-07 22:27:20,482 [INFO] PluginManage:310 - Check plugin pinoutandconfiguration
2025-07-07 22:27:20,529 [INFO] PluginManage:359 - Loaded plugin pinoutandconfiguration (category:base,tabindex:1)
2025-07-07 22:27:20,529 [INFO] PluginManage:310 - Check plugin pinoutconfig
2025-07-07 22:27:20,772 [WARN] SupportedApi:132 - Cannot load RTOS API schema: s4s-elt-must-match.1: The content of 'definitions' must match (annotation?, (simpleType | complexType)?, (unique | key | keyref)*)). A problem was found starting at: attribute.
2025-07-07 22:27:21,483 [INFO] PluginManage:359 - Loaded plugin pinoutconfig (category:base,tabindex:0)
2025-07-07 22:27:21,483 [INFO] PluginManage:310 - Check plugin power
2025-07-07 22:27:21,536 [INFO] PluginManage:359 - Loaded plugin power (category:power,tabindex:4)
2025-07-07 22:27:21,536 [INFO] PluginManage:310 - Check plugin projectmanager
2025-07-07 22:27:21,586 [INFO] PluginManage:359 - Loaded plugin projectmanager (category:projectmanager,tabindex:3)
2025-07-07 22:27:21,587 [INFO] PluginManage:310 - Check plugin thirdparty
2025-07-07 22:27:22,384 [INFO] PluginManage:359 - Loaded plugin thirdparty (category:base,tabindex:-1)
2025-07-07 22:27:22,384 [WARN] IntegrityCheckThread:84 - waiting for thirdparty lock release [integrity check]
2025-07-07 22:27:22,384 [INFO] PluginManage:310 - Check plugin tools
2025-07-07 22:27:22,384 [INFO] IntegrityCheckThread:86 - entering critical section [integrity check]
2025-07-07 22:27:22,385 [INFO] ThirdPartyUpdaterWithRetryManager:70 - Updater plugin not ready yet. [1/15]
2025-07-07 22:27:22,490 [INFO] PluginManage:359 - Loaded plugin tools (category:base,tabindex:7)
2025-07-07 22:27:22,492 [INFO] PluginManage:310 - Check plugin tutovideos
2025-07-07 22:27:23,159 [INFO] PluginManage:359 - Loaded plugin tutovideos (category:base,tabindex:-1)
2025-07-07 22:27:23,161 [INFO] PluginManage:310 - Check plugin updater
2025-07-07 22:27:23,184 [INFO] PluginManage:359 - Loaded plugin updater (category:base,tabindex:12)
2025-07-07 22:27:23,184 [INFO] PluginManage:310 - Check plugin userauth
2025-07-07 22:27:23,196 [INFO] UserAuth:114 - Init User Auth plugin
2025-07-07 22:27:23,196 [INFO] PluginManage:359 - Loaded plugin userauth (category:base,tabindex:14)
2025-07-07 22:27:23,197 [INFO] PluginManage:283 - PluginManage : Loaded plugins [17]
2025-07-07 22:27:23,882 [INFO] PinOutPanel:1561 - setPackage(No Configuration,No Configuration)
2025-07-07 22:27:24,186 [INFO] CADModel:165 - CPN selected for project level
2025-07-07 22:27:24,187 [INFO] CADModel:114 - Register for checkConnection events
2025-07-07 22:27:24,374 [INFO] IPUIPlugin:80 - create IPUIPlugin
2025-07-07 22:27:24,377 [INFO] PluginManager:220 - loadIPPluginJar : add adc
2025-07-07 22:27:24,505 [INFO] IPUIPlugin:80 - create IPUIPlugin
2025-07-07 22:27:24,505 [INFO] PluginManager:220 - loadIPPluginJar : add aes
2025-07-07 22:27:24,642 [INFO] IPUIPlugin:80 - create IPUIPlugin
2025-07-07 22:27:24,642 [INFO] PluginManager:220 - loadIPPluginJar : add can
2025-07-07 22:27:24,726 [INFO] IPUIPlugin:80 - create IPUIPlugin
2025-07-07 22:27:24,726 [INFO] PluginManager:220 - loadIPPluginJar : add comp
2025-07-07 22:27:24,839 [INFO] IPUIPlugin:80 - create IPUIPlugin
2025-07-07 22:27:24,840 [INFO] PluginManager:220 - loadIPPluginJar : add cryp
2025-07-07 22:27:24,941 [INFO] IPUIPlugin:80 - create IPUIPlugin
2025-07-07 22:27:24,942 [INFO] PluginManager:220 - loadIPPluginJar : add dfsdm
2025-07-07 22:27:24,986 [INFO] IPUIPlugin:80 - create IPUIPlugin
2025-07-07 22:27:24,989 [INFO] PluginManager:220 - loadIPPluginJar : add dma
2025-07-07 22:27:25,151 [INFO] IPUIPlugin:80 - create IPUIPlugin
2025-07-07 22:27:25,151 [INFO] PluginManager:220 - loadIPPluginJar : add dma3
2025-07-07 22:27:25,310 [INFO] IPUIPlugin:80 - create IPUIPlugin
2025-07-07 22:27:25,310 [INFO] PluginManager:220 - loadIPPluginJar : add extmemmanager
2025-07-07 22:27:25,378 [INFO] IPUIPlugin:80 - create IPUIPlugin
2025-07-07 22:27:25,378 [INFO] PluginManager:220 - loadIPPluginJar : add fatfs
2025-07-07 22:27:25,402 [INFO] ThirdPartyUpdaterWithRetryManager:70 - Updater plugin not ready yet. [2/15]
2025-07-07 22:27:25,513 [INFO] IPUIPlugin:80 - create IPUIPlugin
2025-07-07 22:27:25,514 [INFO] PluginManager:220 - loadIPPluginJar : add fmc
2025-07-07 22:27:25,557 [INFO] IPUIPlugin:80 - create IPUIPlugin
2025-07-07 22:27:25,557 [INFO] PluginManager:220 - loadIPPluginJar : add freertos
2025-07-07 22:27:25,608 [INFO] IPUIPlugin:80 - create IPUIPlugin
2025-07-07 22:27:25,610 [INFO] PluginManager:220 - loadIPPluginJar : add genericplugin
2025-07-07 22:27:25,819 [INFO] IPUIPlugin:80 - create IPUIPlugin
2025-07-07 22:27:25,819 [INFO] PluginManager:220 - loadIPPluginJar : add gfxmmu
2025-07-07 22:27:26,146 [INFO] IPUIPlugin:80 - create IPUIPlugin
2025-07-07 22:27:26,146 [INFO] PluginManager:220 - loadIPPluginJar : add gic
2025-07-07 22:27:26,180 [INFO] IPUIPlugin:80 - create IPUIPlugin
2025-07-07 22:27:26,180 [INFO] PluginManager:220 - loadIPPluginJar : add gpio
2025-07-07 22:27:26,439 [INFO] IPUIPlugin:80 - create IPUIPlugin
2025-07-07 22:27:26,439 [INFO] PluginManager:220 - loadIPPluginJar : add gtzc
2025-07-07 22:27:26,546 [INFO] IPUIPlugin:80 - create IPUIPlugin
2025-07-07 22:27:26,546 [INFO] PluginManager:220 - loadIPPluginJar : add hash
2025-07-07 22:27:26,726 [INFO] IPUIPlugin:80 - create IPUIPlugin
2025-07-07 22:27:26,726 [INFO] PluginManager:220 - loadIPPluginJar : add i2c
2025-07-07 22:27:26,854 [INFO] IPUIPlugin:80 - create IPUIPlugin
2025-07-07 22:27:26,854 [INFO] PluginManager:220 - loadIPPluginJar : add i2s
2025-07-07 22:27:26,976 [INFO] IPUIPlugin:80 - create IPUIPlugin
2025-07-07 22:27:26,976 [INFO] PluginManager:220 - loadIPPluginJar : add i3c
2025-07-07 22:27:27,263 [INFO] IPUIPlugin:80 - create IPUIPlugin
2025-07-07 22:27:27,263 [INFO] PluginManager:220 - loadIPPluginJar : add ipddr
2025-07-07 22:27:27,580 [INFO] IPUIPlugin:80 - create IPUIPlugin
2025-07-07 22:27:27,582 [INFO] PluginManager:220 - loadIPPluginJar : add linkedlist
2025-07-07 22:27:27,715 [INFO] IPUIPlugin:80 - create IPUIPlugin
2025-07-07 22:27:27,715 [INFO] PluginManager:220 - loadIPPluginJar : add lorawan
2025-07-07 22:27:27,821 [INFO] IPUIPlugin:80 - create IPUIPlugin
2025-07-07 22:27:27,822 [INFO] PluginManager:220 - loadIPPluginJar : add ltdc
2025-07-07 22:27:27,859 [INFO] IPUIPlugin:80 - create IPUIPlugin
2025-07-07 22:27:27,859 [INFO] PluginManager:220 - loadIPPluginJar : add mdma
2025-07-07 22:27:27,888 [INFO] IPUIPlugin:80 - create IPUIPlugin
2025-07-07 22:27:27,888 [INFO] PluginManager:220 - loadIPPluginJar : add nvic
2025-07-07 22:27:27,990 [INFO] IPUIPlugin:80 - create IPUIPlugin
2025-07-07 22:27:27,990 [INFO] PluginManager:220 - loadIPPluginJar : add opamp
2025-07-07 22:27:28,170 [INFO] IPUIPlugin:80 - create IPUIPlugin
2025-07-07 22:27:28,170 [INFO] PluginManager:220 - loadIPPluginJar : add openamp
2025-07-07 22:27:28,309 [INFO] IPUIPlugin:80 - create IPUIPlugin
2025-07-07 22:27:28,309 [INFO] PluginManager:220 - loadIPPluginJar : add pdm2pcm
2025-07-07 22:27:28,350 [INFO] IPUIPlugin:80 - create IPUIPlugin
2025-07-07 22:27:28,357 [INFO] PluginManager:220 - loadIPPluginJar : add plateformsettings
2025-07-07 22:27:28,409 [INFO] ThirdPartyUpdaterWithRetryManager:70 - Updater plugin not ready yet. [3/15]
2025-07-07 22:27:28,426 [INFO] IPUIPlugin:80 - create IPUIPlugin
2025-07-07 22:27:28,426 [INFO] PluginManager:220 - loadIPPluginJar : add quadspi
2025-07-07 22:27:28,460 [INFO] IPUIPlugin:80 - create IPUIPlugin
2025-07-07 22:27:28,461 [INFO] PluginManager:220 - loadIPPluginJar : add resmgrutility
2025-07-07 22:27:28,611 [INFO] IPUIPlugin:80 - create IPUIPlugin
2025-07-07 22:27:28,611 [INFO] PluginManager:220 - loadIPPluginJar : add sai
2025-07-07 22:27:28,782 [INFO] IPUIPlugin:80 - create IPUIPlugin
2025-07-07 22:27:28,782 [INFO] PluginManager:220 - loadIPPluginJar : add spi
2025-07-07 22:27:29,026 [INFO] IPUIPlugin:80 - create IPUIPlugin
2025-07-07 22:27:29,026 [INFO] PluginManager:220 - loadIPPluginJar : add stm32_wpan
2025-07-07 22:27:29,114 [INFO] IPUIPlugin:80 - create IPUIPlugin
2025-07-07 22:27:29,114 [INFO] PluginManager:220 - loadIPPluginJar : add tim
2025-07-07 22:27:29,330 [INFO] IPUIPlugin:80 - create IPUIPlugin
2025-07-07 22:27:29,331 [INFO] PluginManager:220 - loadIPPluginJar : add touchsensing
2025-07-07 22:27:29,423 [INFO] IPUIPlugin:80 - create IPUIPlugin
2025-07-07 22:27:29,423 [INFO] PluginManager:220 - loadIPPluginJar : add tracer_emb
2025-07-07 22:27:29,513 [INFO] IPUIPlugin:80 - create IPUIPlugin
2025-07-07 22:27:29,513 [INFO] PluginManager:220 - loadIPPluginJar : add ts
2025-07-07 22:27:29,675 [INFO] IPUIPlugin:80 - create IPUIPlugin
2025-07-07 22:27:29,676 [INFO] PluginManager:220 - loadIPPluginJar : add tsc
2025-07-07 22:27:29,811 [INFO] IPUIPlugin:80 - create IPUIPlugin
2025-07-07 22:27:29,811 [INFO] PluginManager:220 - loadIPPluginJar : add ucpd
2025-07-07 22:27:29,993 [INFO] IPUIPlugin:80 - create IPUIPlugin
2025-07-07 22:27:29,994 [INFO] PluginManager:220 - loadIPPluginJar : add usart
2025-07-07 22:27:30,178 [INFO] IPUIPlugin:80 - create IPUIPlugin
2025-07-07 22:27:30,178 [INFO] PluginManager:220 - loadIPPluginJar : add usbx
2025-07-07 22:27:30,872 [INFO] CADModel:165 - CPN selected for project level
2025-07-07 22:27:30,873 [INFO] CADModel:114 - Register for checkConnection events
2025-07-07 22:27:30,876 [FATAL] Updater:308 - Updater called before beeing initialized
2025-07-07 22:27:30,876 [ERROR] CADModel:125 - Updater not yet initialized, retry later 
2025-07-07 22:27:31,409 [INFO] ThirdPartyUpdaterWithRetryManager:70 - Updater plugin not ready yet. [4/15]
2025-07-07 22:27:31,470 [INFO] CADModel:165 - CPN selected for project level
2025-07-07 22:27:31,471 [INFO] CADModel:114 - Register for checkConnection events
2025-07-07 22:27:31,471 [FATAL] Updater:308 - Updater called before beeing initialized
2025-07-07 22:27:31,471 [ERROR] CADModel:125 - Updater not yet initialized, retry later 
2025-07-07 22:27:31,479 [FATAL] Updater:308 - Updater called before beeing initialized
2025-07-07 22:27:32,232 [FATAL] Updater:308 - Updater called before beeing initialized
2025-07-07 22:27:32,287 [INFO] DbMcusAds:53 - JSON generation date=Wed May 07 11:07:55 CEST 2025 (1746608875484)
2025-07-07 22:27:32,289 [FATAL] Updater:308 - Updater called before beeing initialized
2025-07-07 22:27:32,538 [WARN] DetailPanel:346 - Failed to get advertising image, set to default
2025-07-07 22:27:32,779 [FATAL] Updater:308 - Updater called before beeing initialized
2025-07-07 22:27:32,787 [FATAL] Updater:308 - Updater called before beeing initialized
2025-07-07 22:27:32,787 [FATAL] Updater:308 - Updater called before beeing initialized
2025-07-07 22:27:32,787 [WARN] DetailPanel:346 - Failed to get advertising image, set to default
2025-07-07 22:27:32,788 [FATAL] Updater:308 - Updater called before beeing initialized
2025-07-07 22:27:32,991 [ERROR] Updater:1120 - MainUpdater not yet initialized. External WinMGr cannot be set.
2025-07-07 22:27:33,030 [INFO] Updater:1056 - Updater Version found : 6.11.1
2025-07-07 22:27:33,088 [INFO] ApplicationProperties:184 - Using Application install path: C:\ST\STM32CubeIDE_1.15.1\STM32CubeIDE\plugins\com.st.stm32cube.common.mx_6.11.1.202404110753
2025-07-07 22:27:34,411 [FATAL] Updater:308 - Updater called before beeing initialized
2025-07-07 22:27:34,411 [ERROR] IntegrityCheckThread:130 - Cannot retrieve database content from updater: error 21
2025-07-07 22:27:34,413 [INFO] ThirdParty:978 - Integrity check success = false
2025-07-07 22:27:34,413 [INFO] IntegrityCheckThread:100 - exiting critical section [integrity check]
2025-07-07 22:27:34,413 [INFO] IntegrityCheckThread:103 - End integrity checks thread
2025-07-07 22:27:34,754 [ERROR] LogOutputStream:75 - [STDERR_REDIRECT] Jul 07, 2025 10:27:34 PM java.util.prefs.WindowsPreferences <init>
2025-07-07 22:27:34,759 [ERROR] LogOutputStream:75 - [STDERR_REDIRECT] WARNING: Could not open/create prefs root node Software\JavaSoft\Prefs at root 0xffffffff80000002. Windows RegCreateKeyEx(...) returned error code 5.
2025-07-07 22:27:34,759 [ERROR] LogOutputStream:75 - [STDERR_REDIRECT] 
2025-07-07 22:27:37,128 [INFO] MainUpdater:2873 - connection check result : 10
2025-07-07 22:27:37,130 [INFO] MainUpdater:290 - Updater Check For Update Now.
2025-07-07 22:27:37,131 [INFO] MicroXplorer:498 - Change Database Version : DB.6.0.111
2025-07-07 22:27:37,194 [INFO] McuFinderGlobals:63 - Set McuFinder mode to 2 (CubeIDE integrated)
2025-07-07 22:27:37,224 [INFO] UserAuth:415 - Internet connection configuration mode: 1
2025-07-07 22:27:37,305 [INFO] JxBrowserEngine:152 - Initiate JxBrowser Engine with user profile folder
2025-07-07 22:27:37,488 [INFO] CheckServerUpdateThread:120 - End of CheckServer Thread
2025-07-07 22:27:44,002 [INFO] WebApp:161 - Instantiating new browser for Auth
2025-07-07 22:27:44,588 [INFO] WebApp:779 - Register for checkConnection events
2025-07-07 22:27:44,588 [INFO] WebApp:414 - Apply proxy settings
2025-07-07 22:27:44,588 [INFO] WebApp:499 - Chromium requires no authentication
2025-07-07 22:27:44,599 [INFO] WebApp:442 - Direct internet connection detected
2025-07-07 22:27:44,801 [INFO] WebApp:192 - Starting web application
2025-07-07 22:27:44,801 [INFO] WebApp:544 - Web application path used C:\ST\STM32CubeIDE_1.15.1\STM32CubeIDE\plugins\com.st.stm32cube.common.mx_6.11.1.202404110753\db\plugins\mcufinder\reactClient1\index.html
