2025-05-07 21:41:05,788 [INFO] Activator:176 - 


2025-05-07 21:41:05,795 [INFO] Activator:177 - !SESSION log4j initialized
2025-05-07 21:41:12,931 [INFO] LogOutputStream:77 - [STDOUT_REDIRECT] 
2025-05-07 21:41:18,214 [INFO] ApplicationProperties:184 - Using Application install path: C:\ST\STM32CubeIDE_1.15.1\STM32CubeIDE\plugins\com.st.stm32cube.common.mx_6.11.1.202404110753
2025-05-07 21:41:18,267 [INFO] DbMcusXml:78 - Set database path to: C:\ST\STM32CubeIDE_1.15.1\STM32CubeIDE\plugins\com.st.stm32cube.common.mx_6.11.1.202404110753\\db\/mcu/
2025-05-07 21:41:18,267 [INFO] ApiDb:274 - Set plugin database path to: C:\ST\STM32CubeIDE_1.15.1\STM32CubeIDE\plugins\com.st.stm32cube.common.mx_6.11.1.202404110753\\db\/plugins/boardmanager/
2025-05-07 21:41:18,267 [WARN] ApiDb:259 - Overriding images path with different value:  => C:\ST\STM32CubeIDE_1.15.1\STM32CubeIDE\plugins\com.st.stm32cube.common.mx_6.11.1.202404110753\\db\/plugins/mcufinder/images/
2025-05-07 21:41:18,289 [INFO] ApiDb:250 - Set database path to: C:\Users\dbank\.stmcufinder\plugins\mcufinder//mcu/
2025-05-07 21:41:18,290 [INFO] DbMcusAds:125 - Set database path to: C:\Users\dbank\.stmcufinder\plugins\mcufinder//mcu/
2025-05-07 21:41:18,294 [INFO] CrossReferenceDbSqlite:203 - Set database path to: C:\Users\dbank\.stmcufinder\plugins\mcufinder//mcu/cs/
2025-05-07 21:41:18,443 [INFO] RulesReader:64 - Compatibility file has been processed (297 Rules)
2025-05-07 21:41:18,598 [INFO] DbMcusXml:78 - Set database path to: C:\ST\STM32CubeIDE_1.15.1\STM32CubeIDE\plugins\com.st.stm32cube.common.mx_6.11.1.202404110753\\db\/mcu/
2025-05-07 21:41:18,598 [INFO] ApiDb:274 - Set plugin database path to: C:\ST\STM32CubeIDE_1.15.1\STM32CubeIDE\plugins\com.st.stm32cube.common.mx_6.11.1.202404110753\\db\/plugins/boardmanager/
2025-05-07 21:41:18,598 [INFO] ApiDb:261 - Set plugin images path to: C:\ST\STM32CubeIDE_1.15.1\STM32CubeIDE\plugins\com.st.stm32cube.common.mx_6.11.1.202404110753\\db\/plugins/mcufinder/images/
2025-05-07 21:41:18,598 [WARN] DbFile:41 - Overriding database path with different value: C:\Users\dbank\.stmcufinder\plugins\mcufinder/ => C:\Users\dbank\.stmcufinder\plugins\mcufinder
2025-05-07 21:41:18,598 [INFO] ApiDb:250 - Set database path to: C:\Users\dbank\.stmcufinder\plugins\mcufinder//mcu/
2025-05-07 21:41:18,598 [WARN] DbFile:41 - Overriding database path with different value: C:\Users\dbank\.stmcufinder\plugins\mcufinder/ => C:\Users\dbank\.stmcufinder\plugins\mcufinder
2025-05-07 21:41:18,598 [INFO] DbMcusAds:125 - Set database path to: C:\Users\dbank\.stmcufinder\plugins\mcufinder//mcu/
2025-05-07 21:41:18,598 [WARN] DbFile:41 - Overriding database path with different value: C:\Users\dbank\.stmcufinder\plugins\mcufinder/ => C:\Users\dbank\.stmcufinder\plugins\mcufinder
2025-05-07 21:41:18,598 [WARN] DbFile:41 - Overriding database path with different value: C:\Users\dbank\.stmcufinder\plugins\mcufinder/ => C:\Users\dbank\.stmcufinder\plugins\mcufinder
2025-05-07 21:41:18,600 [INFO] CrossReferenceDbSqlite:203 - Set database path to: C:\Users\dbank\.stmcufinder\plugins\mcufinder//mcu/cs/
2025-05-07 21:41:18,799 [INFO] MainPanel:264 - HeapMemory: 274726912
2025-05-07 21:41:19,012 [INFO] DbMcusXml:78 - Set database path to: C:\ST\STM32CubeIDE_1.15.1\STM32CubeIDE\plugins\com.st.stm32cube.common.mx_6.11.1.202404110753\\db\/mcu/
2025-05-07 21:41:19,012 [INFO] ApiDb:274 - Set plugin database path to: C:\ST\STM32CubeIDE_1.15.1\STM32CubeIDE\plugins\com.st.stm32cube.common.mx_6.11.1.202404110753\\db\/plugins/boardmanager/
2025-05-07 21:41:19,012 [INFO] ApiDb:261 - Set plugin images path to: C:\ST\STM32CubeIDE_1.15.1\STM32CubeIDE\plugins\com.st.stm32cube.common.mx_6.11.1.202404110753\\db\/plugins/mcufinder/images/
2025-05-07 21:41:19,013 [WARN] DbFile:41 - Overriding database path with different value: C:\Users\dbank\.stmcufinder\plugins\mcufinder/ => C:\Users\dbank\.stmcufinder\plugins\mcufinder
2025-05-07 21:41:19,013 [INFO] ApiDb:250 - Set database path to: C:\Users\dbank\.stmcufinder\plugins\mcufinder//mcu/
2025-05-07 21:41:19,013 [WARN] DbFile:41 - Overriding database path with different value: C:\Users\dbank\.stmcufinder\plugins\mcufinder/ => C:\Users\dbank\.stmcufinder\plugins\mcufinder
2025-05-07 21:41:19,021 [INFO] DbMcusAds:125 - Set database path to: C:\Users\dbank\.stmcufinder\plugins\mcufinder//mcu/
2025-05-07 21:41:19,021 [WARN] DbFile:41 - Overriding database path with different value: C:\Users\dbank\.stmcufinder\plugins\mcufinder/ => C:\Users\dbank\.stmcufinder\plugins\mcufinder
2025-05-07 21:41:19,021 [WARN] DbFile:41 - Overriding database path with different value: C:\Users\dbank\.stmcufinder\plugins\mcufinder/ => C:\Users\dbank\.stmcufinder\plugins\mcufinder
2025-05-07 21:41:19,021 [INFO] CrossReferenceDbSqlite:203 - Set database path to: C:\Users\dbank\.stmcufinder\plugins\mcufinder//mcu/cs/
2025-05-07 21:41:19,052 [INFO] ApplicationProperties:184 - Using Application install path: C:\ST\STM32CubeIDE_1.15.1\STM32CubeIDE\plugins\com.st.stm32cube.common.mx_6.11.1.202404110753
2025-05-07 21:41:19,056 [INFO] PluginManage:196 - Search for loadable plugins [exclusion list=, ]
2025-05-07 21:41:19,060 [INFO] PluginManage:310 - Check plugin analytics
2025-05-07 21:41:19,483 [INFO] AnalyticsPlugin:253 - Accepted Software Licenses: STM32CubeMX.6.11.1
2025-05-07 21:41:19,483 [INFO] AnalyticsPlugin:255 - Accepted CMSIS Pack Licenses: STMicroelectronics.X-CUBE-AZRTOS-H7.3.3.0
2025-05-07 21:41:19,483 [INFO] AnalyticsPlugin:257 - Accepted Firmware Licenses: FW.H7.1.11.0,FW.H7.1.10.0,FW.L4.1.18.0,FW.F4.1.28.0
2025-05-07 21:41:19,487 [INFO] PluginManage:359 - Loaded plugin analytics (category:tool,tabindex:-1)
2025-05-07 21:41:19,487 [INFO] PluginManage:310 - Check plugin cadmodel
2025-05-07 21:41:19,512 [INFO] CADModel:105 - Init CAD model plugin
2025-05-07 21:41:19,514 [INFO] PluginManage:359 - Loaded plugin cadmodel (category:power,tabindex:5)
2025-05-07 21:41:19,514 [INFO] PluginManage:310 - Check plugin clock
2025-05-07 21:41:19,550 [INFO] PluginManage:359 - Loaded plugin clock (category:base,tabindex:2)
2025-05-07 21:41:19,550 [INFO] PluginManage:310 - Check plugin ddr
2025-05-07 21:41:19,554 [INFO] PluginManage:359 - Loaded plugin ddr (category:tool,tabindex:6)
2025-05-07 21:41:19,554 [INFO] PluginManage:310 - Check plugin filemanager
2025-05-07 21:41:19,841 [INFO] PluginManage:359 - Loaded plugin filemanager (category:base,tabindex:10)
2025-05-07 21:41:19,841 [INFO] PluginManage:310 - Check plugin ipmanager
2025-05-07 21:41:19,861 [INFO] PluginManage:359 - Loaded plugin ipmanager (category:base,tabindex:5)
2025-05-07 21:41:19,861 [INFO] PluginManage:310 - Check plugin lpbam
2025-05-07 21:41:19,891 [INFO] PluginManage:359 - Loaded plugin lpbam (category:base,tabindex:0)
2025-05-07 21:41:19,891 [INFO] PluginManage:310 - Check plugin memorymap
2025-05-07 21:41:19,939 [INFO] PluginManage:359 - Loaded plugin memorymap (category:base,tabindex:4)
2025-05-07 21:41:19,939 [INFO] PluginManage:310 - Check plugin pinoutandconfiguration
2025-05-07 21:41:19,967 [INFO] PluginManage:359 - Loaded plugin pinoutandconfiguration (category:base,tabindex:1)
2025-05-07 21:41:19,967 [INFO] PluginManage:310 - Check plugin pinoutconfig
2025-05-07 21:41:20,118 [WARN] SupportedApi:132 - Cannot load RTOS API schema: s4s-elt-must-match.1: The content of 'definitions' must match (annotation?, (simpleType | complexType)?, (unique | key | keyref)*)). A problem was found starting at: attribute.
2025-05-07 21:41:20,401 [INFO] PluginManage:359 - Loaded plugin pinoutconfig (category:base,tabindex:0)
2025-05-07 21:41:20,403 [INFO] PluginManage:310 - Check plugin power
2025-05-07 21:41:20,437 [INFO] PluginManage:359 - Loaded plugin power (category:power,tabindex:4)
2025-05-07 21:41:20,437 [INFO] PluginManage:310 - Check plugin projectmanager
2025-05-07 21:41:20,477 [INFO] PluginManage:359 - Loaded plugin projectmanager (category:projectmanager,tabindex:3)
2025-05-07 21:41:20,477 [INFO] PluginManage:310 - Check plugin thirdparty
2025-05-07 21:41:20,977 [INFO] PluginManage:359 - Loaded plugin thirdparty (category:base,tabindex:-1)
2025-05-07 21:41:20,977 [INFO] PluginManage:310 - Check plugin tools
2025-05-07 21:41:20,977 [WARN] IntegrityCheckThread:84 - waiting for thirdparty lock release [integrity check]
2025-05-07 21:41:20,978 [INFO] IntegrityCheckThread:86 - entering critical section [integrity check]
2025-05-07 21:41:20,978 [INFO] ThirdPartyUpdaterWithRetryManager:70 - Updater plugin not ready yet. [1/15]
2025-05-07 21:41:21,048 [INFO] PluginManage:359 - Loaded plugin tools (category:base,tabindex:7)
2025-05-07 21:41:21,049 [INFO] PluginManage:310 - Check plugin tutovideos
2025-05-07 21:41:21,492 [INFO] PluginManage:359 - Loaded plugin tutovideos (category:base,tabindex:-1)
2025-05-07 21:41:21,494 [INFO] PluginManage:310 - Check plugin updater
2025-05-07 21:41:21,508 [INFO] PluginManage:359 - Loaded plugin updater (category:base,tabindex:12)
2025-05-07 21:41:21,508 [INFO] PluginManage:310 - Check plugin userauth
2025-05-07 21:41:21,514 [INFO] UserAuth:114 - Init User Auth plugin
2025-05-07 21:41:21,514 [INFO] PluginManage:359 - Loaded plugin userauth (category:base,tabindex:14)
2025-05-07 21:41:21,516 [INFO] PluginManage:283 - PluginManage : Loaded plugins [17]
2025-05-07 21:41:21,894 [INFO] PinOutPanel:1561 - setPackage(No Configuration,No Configuration)
2025-05-07 21:41:22,034 [INFO] CADModel:165 - CPN selected for project level
2025-05-07 21:41:22,034 [INFO] CADModel:114 - Register for checkConnection events
2025-05-07 21:41:22,079 [INFO] IPUIPlugin:80 - create IPUIPlugin
2025-05-07 21:41:22,079 [INFO] PluginManager:220 - loadIPPluginJar : add adc
2025-05-07 21:41:22,186 [INFO] IPUIPlugin:80 - create IPUIPlugin
2025-05-07 21:41:22,186 [INFO] PluginManager:220 - loadIPPluginJar : add aes
2025-05-07 21:41:22,275 [INFO] IPUIPlugin:80 - create IPUIPlugin
2025-05-07 21:41:22,275 [INFO] PluginManager:220 - loadIPPluginJar : add can
2025-05-07 21:41:22,344 [INFO] IPUIPlugin:80 - create IPUIPlugin
2025-05-07 21:41:22,344 [INFO] PluginManager:220 - loadIPPluginJar : add comp
2025-05-07 21:41:22,420 [INFO] IPUIPlugin:80 - create IPUIPlugin
2025-05-07 21:41:22,420 [INFO] PluginManager:220 - loadIPPluginJar : add cryp
2025-05-07 21:41:22,488 [INFO] IPUIPlugin:80 - create IPUIPlugin
2025-05-07 21:41:22,488 [INFO] PluginManager:220 - loadIPPluginJar : add dfsdm
2025-05-07 21:41:22,516 [INFO] IPUIPlugin:80 - create IPUIPlugin
2025-05-07 21:41:22,518 [INFO] PluginManager:220 - loadIPPluginJar : add dma
2025-05-07 21:41:22,633 [INFO] IPUIPlugin:80 - create IPUIPlugin
2025-05-07 21:41:22,633 [INFO] PluginManager:220 - loadIPPluginJar : add dma3
2025-05-07 21:41:22,725 [INFO] IPUIPlugin:80 - create IPUIPlugin
2025-05-07 21:41:22,725 [INFO] PluginManager:220 - loadIPPluginJar : add extmemmanager
2025-05-07 21:41:22,778 [INFO] IPUIPlugin:80 - create IPUIPlugin
2025-05-07 21:41:22,778 [INFO] PluginManager:220 - loadIPPluginJar : add fatfs
2025-05-07 21:41:22,890 [INFO] IPUIPlugin:80 - create IPUIPlugin
2025-05-07 21:41:22,890 [INFO] PluginManager:220 - loadIPPluginJar : add fmc
2025-05-07 21:41:22,927 [INFO] IPUIPlugin:80 - create IPUIPlugin
2025-05-07 21:41:22,928 [INFO] PluginManager:220 - loadIPPluginJar : add freertos
2025-05-07 21:41:22,976 [INFO] IPUIPlugin:80 - create IPUIPlugin
2025-05-07 21:41:22,977 [INFO] PluginManager:220 - loadIPPluginJar : add genericplugin
2025-05-07 21:41:23,223 [INFO] IPUIPlugin:80 - create IPUIPlugin
2025-05-07 21:41:23,223 [INFO] PluginManager:220 - loadIPPluginJar : add gfxmmu
2025-05-07 21:41:23,555 [INFO] IPUIPlugin:80 - create IPUIPlugin
2025-05-07 21:41:23,555 [INFO] PluginManager:220 - loadIPPluginJar : add gic
2025-05-07 21:41:23,582 [INFO] IPUIPlugin:80 - create IPUIPlugin
2025-05-07 21:41:23,583 [INFO] PluginManager:220 - loadIPPluginJar : add gpio
2025-05-07 21:41:23,788 [INFO] IPUIPlugin:80 - create IPUIPlugin
2025-05-07 21:41:23,788 [INFO] PluginManager:220 - loadIPPluginJar : add gtzc
2025-05-07 21:41:23,857 [INFO] IPUIPlugin:80 - create IPUIPlugin
2025-05-07 21:41:23,858 [INFO] PluginManager:220 - loadIPPluginJar : add hash
2025-05-07 21:41:23,962 [INFO] IPUIPlugin:80 - create IPUIPlugin
2025-05-07 21:41:23,962 [INFO] PluginManager:220 - loadIPPluginJar : add i2c
2025-05-07 21:41:23,979 [INFO] ThirdPartyUpdaterWithRetryManager:70 - Updater plugin not ready yet. [2/15]
2025-05-07 21:41:24,058 [INFO] IPUIPlugin:80 - create IPUIPlugin
2025-05-07 21:41:24,058 [INFO] PluginManager:220 - loadIPPluginJar : add i2s
2025-05-07 21:41:24,150 [INFO] IPUIPlugin:80 - create IPUIPlugin
2025-05-07 21:41:24,150 [INFO] PluginManager:220 - loadIPPluginJar : add i3c
2025-05-07 21:41:24,370 [INFO] IPUIPlugin:80 - create IPUIPlugin
2025-05-07 21:41:24,371 [INFO] PluginManager:220 - loadIPPluginJar : add ipddr
2025-05-07 21:41:24,572 [INFO] IPUIPlugin:80 - create IPUIPlugin
2025-05-07 21:41:24,572 [INFO] PluginManager:220 - loadIPPluginJar : add linkedlist
2025-05-07 21:41:24,648 [INFO] IPUIPlugin:80 - create IPUIPlugin
2025-05-07 21:41:24,648 [INFO] PluginManager:220 - loadIPPluginJar : add lorawan
2025-05-07 21:41:24,735 [INFO] IPUIPlugin:80 - create IPUIPlugin
2025-05-07 21:41:24,735 [INFO] PluginManager:220 - loadIPPluginJar : add ltdc
2025-05-07 21:41:24,760 [INFO] IPUIPlugin:80 - create IPUIPlugin
2025-05-07 21:41:24,760 [INFO] PluginManager:220 - loadIPPluginJar : add mdma
2025-05-07 21:41:24,786 [INFO] IPUIPlugin:80 - create IPUIPlugin
2025-05-07 21:41:24,786 [INFO] PluginManager:220 - loadIPPluginJar : add nvic
2025-05-07 21:41:24,862 [INFO] IPUIPlugin:80 - create IPUIPlugin
2025-05-07 21:41:24,864 [INFO] PluginManager:220 - loadIPPluginJar : add opamp
2025-05-07 21:41:24,986 [INFO] IPUIPlugin:80 - create IPUIPlugin
2025-05-07 21:41:24,986 [INFO] PluginManager:220 - loadIPPluginJar : add openamp
2025-05-07 21:41:25,100 [INFO] IPUIPlugin:80 - create IPUIPlugin
2025-05-07 21:41:25,100 [INFO] PluginManager:220 - loadIPPluginJar : add pdm2pcm
2025-05-07 21:41:25,130 [INFO] IPUIPlugin:80 - create IPUIPlugin
2025-05-07 21:41:25,137 [INFO] PluginManager:220 - loadIPPluginJar : add plateformsettings
2025-05-07 21:41:25,193 [INFO] IPUIPlugin:80 - create IPUIPlugin
2025-05-07 21:41:25,193 [INFO] PluginManager:220 - loadIPPluginJar : add quadspi
2025-05-07 21:41:25,223 [INFO] IPUIPlugin:80 - create IPUIPlugin
2025-05-07 21:41:25,223 [INFO] PluginManager:220 - loadIPPluginJar : add resmgrutility
2025-05-07 21:41:25,326 [INFO] IPUIPlugin:80 - create IPUIPlugin
2025-05-07 21:41:25,326 [INFO] PluginManager:220 - loadIPPluginJar : add sai
2025-05-07 21:41:25,430 [INFO] IPUIPlugin:80 - create IPUIPlugin
2025-05-07 21:41:25,430 [INFO] PluginManager:220 - loadIPPluginJar : add spi
2025-05-07 21:41:25,588 [INFO] IPUIPlugin:80 - create IPUIPlugin
2025-05-07 21:41:25,588 [INFO] PluginManager:220 - loadIPPluginJar : add stm32_wpan
2025-05-07 21:41:25,649 [INFO] IPUIPlugin:80 - create IPUIPlugin
2025-05-07 21:41:25,649 [INFO] PluginManager:220 - loadIPPluginJar : add tim
2025-05-07 21:41:25,838 [INFO] IPUIPlugin:80 - create IPUIPlugin
2025-05-07 21:41:25,838 [INFO] PluginManager:220 - loadIPPluginJar : add touchsensing
2025-05-07 21:41:25,900 [INFO] IPUIPlugin:80 - create IPUIPlugin
2025-05-07 21:41:25,900 [INFO] PluginManager:220 - loadIPPluginJar : add tracer_emb
2025-05-07 21:41:25,966 [INFO] IPUIPlugin:80 - create IPUIPlugin
2025-05-07 21:41:25,966 [INFO] PluginManager:220 - loadIPPluginJar : add ts
2025-05-07 21:41:26,031 [INFO] IPUIPlugin:80 - create IPUIPlugin
2025-05-07 21:41:26,031 [INFO] PluginManager:220 - loadIPPluginJar : add tsc
2025-05-07 21:41:26,087 [INFO] IPUIPlugin:80 - create IPUIPlugin
2025-05-07 21:41:26,087 [INFO] PluginManager:220 - loadIPPluginJar : add ucpd
2025-05-07 21:41:26,202 [INFO] IPUIPlugin:80 - create IPUIPlugin
2025-05-07 21:41:26,202 [INFO] PluginManager:220 - loadIPPluginJar : add usart
2025-05-07 21:41:26,321 [INFO] IPUIPlugin:80 - create IPUIPlugin
2025-05-07 21:41:26,321 [INFO] PluginManager:220 - loadIPPluginJar : add usbx
2025-05-07 21:41:26,495 [INFO] CADModel:165 - CPN selected for project level
2025-05-07 21:41:26,495 [INFO] CADModel:114 - Register for checkConnection events
2025-05-07 21:41:26,495 [FATAL] Updater:308 - Updater called before beeing initialized
2025-05-07 21:41:26,497 [ERROR] CADModel:125 - Updater not yet initialized, retry later 
2025-05-07 21:41:26,743 [INFO] CADModel:165 - CPN selected for project level
2025-05-07 21:41:26,743 [INFO] CADModel:114 - Register for checkConnection events
2025-05-07 21:41:26,745 [FATAL] Updater:308 - Updater called before beeing initialized
2025-05-07 21:41:26,745 [ERROR] CADModel:125 - Updater not yet initialized, retry later 
2025-05-07 21:41:26,749 [FATAL] Updater:308 - Updater called before beeing initialized
2025-05-07 21:41:26,939 [FATAL] Updater:308 - Updater called before beeing initialized
2025-05-07 21:41:26,961 [INFO] DbMcusAds:53 - JSON generation date=Fri Sep 20 15:04:23 CEST 2024 (1726837463113)
2025-05-07 21:41:26,962 [FATAL] Updater:308 - Updater called before beeing initialized
2025-05-07 21:41:26,981 [INFO] ThirdPartyUpdaterWithRetryManager:70 - Updater plugin not ready yet. [3/15]
2025-05-07 21:41:27,106 [WARN] DetailPanel:346 - Failed to get advertising image, set to default
2025-05-07 21:41:27,237 [FATAL] Updater:308 - Updater called before beeing initialized
2025-05-07 21:41:27,239 [FATAL] Updater:308 - Updater called before beeing initialized
2025-05-07 21:41:27,239 [FATAL] Updater:308 - Updater called before beeing initialized
2025-05-07 21:41:27,240 [WARN] DetailPanel:346 - Failed to get advertising image, set to default
2025-05-07 21:41:27,240 [FATAL] Updater:308 - Updater called before beeing initialized
2025-05-07 21:41:27,329 [ERROR] Updater:1120 - MainUpdater not yet initialized. External WinMGr cannot be set.
2025-05-07 21:41:27,348 [INFO] Updater:1056 - Updater Version found : 6.11.1
2025-05-07 21:41:27,365 [INFO] ApplicationProperties:184 - Using Application install path: C:\ST\STM32CubeIDE_1.15.1\STM32CubeIDE\plugins\com.st.stm32cube.common.mx_6.11.1.202404110753
2025-05-07 21:41:28,958 [ERROR] LogOutputStream:75 - [STDERR_REDIRECT] May 07, 2025 9:41:28 PM java.util.prefs.WindowsPreferences <init>
2025-05-07 21:41:28,961 [ERROR] LogOutputStream:75 - [STDERR_REDIRECT] WARNING: Could not open/create prefs root node Software\JavaSoft\Prefs at root 0xffffffff80000002. Windows RegCreateKeyEx(...) returned error code 5.
2025-05-07 21:41:28,962 [ERROR] LogOutputStream:75 - [STDERR_REDIRECT] 
2025-05-07 21:41:29,624 [INFO] MainUpdater:2873 - connection check result : 10
2025-05-07 21:41:29,625 [INFO] MainUpdater:290 - Updater Check For Update Now.
2025-05-07 21:41:29,627 [INFO] MicroXplorer:498 - Change Database Version : DB.6.0.111
2025-05-07 21:41:29,653 [INFO] McuFinderGlobals:63 - Set McuFinder mode to 2 (CubeIDE integrated)
2025-05-07 21:41:29,672 [INFO] UserAuth:415 - Internet connection configuration mode: 1
2025-05-07 21:41:29,717 [INFO] JxBrowserEngine:152 - Initiate JxBrowser Engine with user profile folder
2025-05-07 21:41:29,921 [INFO] CheckServerUpdateThread:120 - End of CheckServer Thread
2025-05-07 21:41:30,398 [WARN] PackLoader:240 - Cannot read IP mode file for STMicroelectronics.FP-SNS-MOTENVWB1.1.4.0
2025-05-07 21:41:30,425 [WARN] PackLoader:240 - Cannot read IP mode file for STMicroelectronics.FP-ATR-ASTRA1.2.0.2
2025-05-07 21:41:30,450 [WARN] PackLoader:240 - Cannot read IP mode file for STMicroelectronics.FP-ATR-ASTRA1.2.0.1
2025-05-07 21:41:30,483 [WARN] PackLoader:240 - Cannot read IP mode file for STMicroelectronics.X-CUBE-SMBUS.2.1.0
2025-05-07 21:41:30,513 [WARN] PackLoader:240 - Cannot read IP mode file for STMicroelectronics.X-CUBE-WB05N.1.1.0
2025-05-07 21:41:30,540 [WARN] PackLoader:240 - Cannot read IP mode file for STMicroelectronics.X-CUBE-TOUCHGFX.4.23.2
2025-05-07 21:41:30,610 [WARN] PackLoader:240 - Cannot read IP mode file for STMicroelectronics.X-CUBE-AZRTOS-F7.1.1.0
2025-05-07 21:41:30,740 [WARN] PackLoader:240 - Cannot read IP mode file for STMicroelectronics.X-CUBE-MEMS1.11.0.0
2025-05-07 21:41:30,963 [WARN] PackLoader:240 - Cannot read IP mode file for STMicroelectronics.FP-SNS-FLIGHT1.5.0.2
2025-05-07 21:41:30,993 [WARN] PackLoader:240 - Cannot read IP mode file for STMicroelectronics.X-CUBE-DISPLAY.3.0.0
2025-05-07 21:41:31,023 [WARN] PackLoader:240 - Cannot read IP mode file for STMicroelectronics.X-CUBE-BLE1.7.0.0
2025-05-07 21:41:31,050 [WARN] PackLoader:240 - Cannot read IP mode file for STMicroelectronics.X-CUBE-NFC10.1.0.0
2025-05-07 21:41:31,079 [WARN] PackLoader:240 - Cannot read IP mode file for STMicroelectronics.X-CUBE-BLEMGR.4.0.0
2025-05-07 21:41:31,115 [WARN] PackLoader:240 - Cannot read IP mode file for emotas.I-CUBE-CANOPEN.1.3.0
2025-05-07 21:41:31,143 [WARN] PackLoader:240 - Cannot read IP mode file for STMicroelectronics.X-CUBE-BLEMGR.3.1.0
2025-05-07 21:41:31,177 [WARN] PackLoader:240 - Cannot read IP mode file for STMicroelectronics.X-CUBE-AI.10.0.0
2025-05-07 21:41:31,201 [WARN] PackLoader:240 - Cannot read IP mode file for STMicroelectronics.FP-SNS-SMARTAG2.1.2.0
2025-05-07 21:41:31,227 [ERROR] Engine:466 - C:\Users\dbank\.stm32cubemx\thirdparties\pdsc\STMicroelectronics.FP-SNS-FLIGHT1.5.1.0.pdsc: PDSC version is not supported
2025-05-07 21:41:31,260 [INFO] LogOutputStream:77 - [STDOUT_REDIRECT] 1 : Invalid condition id : UX_CORESTACK_Condition cause : null
2025-05-07 21:41:31,261 [INFO] LogOutputStream:77 - [STDOUT_REDIRECT] 1 : Invalid condition id : UX_CORESTACK_Condition cause : null
2025-05-07 21:41:31,263 [INFO] LogOutputStream:77 - [STDOUT_REDIRECT] 1 : Invalid condition id : UX_CORESTACK_Condition cause : null
2025-05-07 21:41:31,264 [INFO] LogOutputStream:77 - [STDOUT_REDIRECT] 1 : Invalid condition id : UX_CORESTACK_Condition cause : null
2025-05-07 21:41:31,266 [INFO] LogOutputStream:77 - [STDOUT_REDIRECT] 1 : Invalid condition id : UX_CORESTACK_Condition cause : null
2025-05-07 21:41:31,269 [WARN] PackLoader:240 - Cannot read IP mode file for STMicroelectronics.X-CUBE-AZRTOS-WL.2.0.0
2025-05-07 21:41:31,298 [WARN] PackLoader:240 - Cannot read IP mode file for STMicroelectronics.FP-SNS-MOTENV1.5.0.0
2025-05-07 21:41:31,323 [WARN] PackLoader:240 - Cannot read IP mode file for wolfSSL.I-CUBE-wolfMQTT.1.19.0
2025-05-07 21:41:31,349 [WARN] PackLoader:240 - Cannot read IP mode file for WES.I-CUBE-Cesium.1.3.0
2025-05-07 21:41:31,379 [WARN] PackLoader:240 - Cannot read IP mode file for STMicroelectronics.X-CUBE-BLE2.3.3.0
2025-05-07 21:41:31,404 [WARN] PackLoader:240 - Cannot read IP mode file for STMicroelectronics.X-CUBE-NFC9.1.0.0
2025-05-07 21:41:31,431 [WARN] PackLoader:240 - Cannot read IP mode file for STMicroelectronics.X-CUBE-BLE1.7.1.0
2025-05-07 21:41:31,456 [WARN] PackLoader:240 - Cannot read IP mode file for STMicroelectronics.X-CUBE-TCPP.4.1.0
2025-05-07 21:41:31,484 [WARN] PackLoader:240 - Cannot read IP mode file for STMicroelectronics.X-CUBE-ALGOBUILD.1.3.0
2025-05-07 21:41:31,560 [WARN] PackLoader:240 - Cannot read IP mode file for STMicroelectronics.X-CUBE-MEMS1.11.2.0
2025-05-07 21:41:31,753 [WARN] PackLoader:240 - Cannot read IP mode file for STMicroelectronics.X-CUBE-AZRTOS-G0.1.1.0
2025-05-07 21:41:31,788 [WARN] PackLoader:240 - Cannot read IP mode file for STMicroelectronics.X-CUBE-SAFEA1.1.2.2
2025-05-07 21:41:31,813 [WARN] PackLoader:240 - Cannot read IP mode file for STMicroelectronics.X-CUBE-NFC4.3.0.0
2025-05-07 21:41:31,849 [WARN] PackLoader:240 - Cannot read IP mode file for EmbeddedOffice.I-CUBE-FS-RTOS.1.0.1
2025-05-07 21:41:31,849 [ERROR] ConditionMgr:805 - Attr not supported : Dmpu
2025-05-07 21:41:31,849 [ERROR] ConditionMgr:805 - Attr not supported : Dmpu
2025-05-07 21:41:31,850 [ERROR] ConditionMgr:805 - Attr not supported : Dmpu
2025-05-07 21:41:31,850 [ERROR] ConditionMgr:805 - Attr not supported : Dmpu
2025-05-07 21:41:31,850 [ERROR] ConditionMgr:805 - Attr not supported : Dmpu
2025-05-07 21:41:31,850 [ERROR] ConditionMgr:805 - Attr not supported : Dmpu
2025-05-07 21:41:31,850 [ERROR] ConditionMgr:805 - Attr not supported : Dmpu
2025-05-07 21:41:31,850 [ERROR] ConditionMgr:805 - Attr not supported : Dmpu
2025-05-07 21:41:31,850 [ERROR] ConditionMgr:805 - Attr not supported : Dmpu
2025-05-07 21:41:31,850 [ERROR] ConditionMgr:805 - Attr not supported : Dmpu
2025-05-07 21:41:31,850 [ERROR] ConditionMgr:805 - Attr not supported : Dmpu
2025-05-07 21:41:31,850 [ERROR] ConditionMgr:805 - Attr not supported : Dmpu
2025-05-07 21:41:31,850 [ERROR] ConditionMgr:805 - Attr not supported : Dmpu
2025-05-07 21:41:31,850 [ERROR] ConditionMgr:805 - Attr not supported : Dmpu
2025-05-07 21:41:31,850 [ERROR] ConditionMgr:805 - Attr not supported : Dmpu
2025-05-07 21:41:31,851 [ERROR] ConditionMgr:805 - Attr not supported : Dmpu
2025-05-07 21:41:31,851 [ERROR] ConditionMgr:805 - Attr not supported : Dmpu
2025-05-07 21:41:31,851 [ERROR] ConditionMgr:805 - Attr not supported : Dmpu
2025-05-07 21:41:31,851 [ERROR] ConditionMgr:805 - Attr not supported : Dmpu
2025-05-07 21:41:31,851 [ERROR] ConditionMgr:805 - Attr not supported : Dmpu
2025-05-07 21:41:31,851 [ERROR] ConditionMgr:805 - Attr not supported : Dmpu
2025-05-07 21:41:31,851 [ERROR] ConditionMgr:805 - Attr not supported : Dmpu
2025-05-07 21:41:31,851 [ERROR] ConditionMgr:805 - Attr not supported : Dmpu
2025-05-07 21:41:31,851 [ERROR] ConditionMgr:805 - Attr not supported : Dmpu
2025-05-07 21:41:31,851 [ERROR] ConditionMgr:805 - Attr not supported : Dmpu
2025-05-07 21:41:31,851 [ERROR] ConditionMgr:805 - Attr not supported : Dmpu
2025-05-07 21:41:31,853 [ERROR] ConditionMgr:805 - Attr not supported : Dmpu
2025-05-07 21:41:31,853 [ERROR] ConditionMgr:805 - Attr not supported : Dmpu
2025-05-07 21:41:31,853 [ERROR] ConditionMgr:805 - Attr not supported : Dmpu
2025-05-07 21:41:31,853 [ERROR] ConditionMgr:805 - Attr not supported : Dmpu
2025-05-07 21:41:31,853 [ERROR] ConditionMgr:805 - Attr not supported : Dmpu
2025-05-07 21:41:31,853 [ERROR] ConditionMgr:805 - Attr not supported : Dmpu
2025-05-07 21:41:31,853 [ERROR] ConditionMgr:805 - Attr not supported : Dmpu
2025-05-07 21:41:31,853 [ERROR] ConditionMgr:805 - Attr not supported : Dmpu
2025-05-07 21:41:31,853 [ERROR] ConditionMgr:805 - Attr not supported : Dmpu
2025-05-07 21:41:31,853 [ERROR] ConditionMgr:805 - Attr not supported : Dmpu
2025-05-07 21:41:31,853 [ERROR] ConditionMgr:805 - Attr not supported : Dmpu
2025-05-07 21:41:31,855 [ERROR] ConditionMgr:805 - Attr not supported : Dmpu
2025-05-07 21:41:31,855 [ERROR] ConditionMgr:805 - Attr not supported : Dmpu
2025-05-07 21:41:31,855 [ERROR] ConditionMgr:805 - Attr not supported : Dmpu
2025-05-07 21:41:31,855 [ERROR] ConditionMgr:805 - Attr not supported : Dmpu
2025-05-07 21:41:31,855 [ERROR] ConditionMgr:805 - Attr not supported : Dmpu
2025-05-07 21:41:31,855 [ERROR] ConditionMgr:805 - Attr not supported : Dmpu
2025-05-07 21:41:31,855 [ERROR] ConditionMgr:805 - Attr not supported : Dmpu
2025-05-07 21:41:31,855 [ERROR] ConditionMgr:805 - Attr not supported : Dmpu
2025-05-07 21:41:31,855 [ERROR] ConditionMgr:805 - Attr not supported : Dmpu
2025-05-07 21:41:31,855 [ERROR] ConditionMgr:805 - Attr not supported : Dmpu
2025-05-07 21:41:31,855 [ERROR] ConditionMgr:805 - Attr not supported : Dmpu
2025-05-07 21:41:31,855 [ERROR] ConditionMgr:805 - Attr not supported : Dmpu
2025-05-07 21:41:31,855 [ERROR] ConditionMgr:805 - Attr not supported : Dmpu
2025-05-07 21:41:31,856 [ERROR] ConditionMgr:805 - Attr not supported : Dmpu
2025-05-07 21:41:31,856 [ERROR] ConditionMgr:805 - Attr not supported : Dmpu
2025-05-07 21:41:31,856 [ERROR] ConditionMgr:805 - Attr not supported : Dmpu
2025-05-07 21:41:31,856 [ERROR] ConditionMgr:805 - Attr not supported : Dmpu
2025-05-07 21:41:31,856 [ERROR] ConditionMgr:805 - Attr not supported : Dmpu
2025-05-07 21:41:31,856 [ERROR] ConditionMgr:805 - Attr not supported : Dmpu
2025-05-07 21:41:31,856 [ERROR] ConditionMgr:805 - Attr not supported : Dmpu
2025-05-07 21:41:31,856 [ERROR] ConditionMgr:805 - Attr not supported : Dmpu
2025-05-07 21:41:31,856 [ERROR] ConditionMgr:805 - Attr not supported : Dmpu
2025-05-07 21:41:31,856 [ERROR] ConditionMgr:805 - Attr not supported : Dmpu
2025-05-07 21:41:31,856 [ERROR] ConditionMgr:805 - Attr not supported : Dmpu
2025-05-07 21:41:31,856 [ERROR] ConditionMgr:805 - Attr not supported : Dmpu
2025-05-07 21:41:31,856 [ERROR] ConditionMgr:805 - Attr not supported : Dmpu
2025-05-07 21:41:31,856 [ERROR] ConditionMgr:805 - Attr not supported : Dmpu
2025-05-07 21:41:31,883 [WARN] PackLoader:240 - Cannot read IP mode file for STMicroelectronics.X-CUBE-WB05N.2.0.0
2025-05-07 21:41:31,904 [ERROR] Engine:466 - C:\Users\dbank\.stm32cubemx\thirdparties\pdsc\STMicroelectronics.X-CUBE-TCPP.4.2.0.pdsc: PDSC version is not supported
2025-05-07 21:41:31,929 [WARN] PackLoader:240 - Cannot read IP mode file for RealThread.X-CUBE-RT-Thread_Nano.4.1.1
2025-05-07 21:41:31,956 [WARN] PackLoader:240 - Cannot read IP mode file for wolfSSL.I-CUBE-wolfSSL.5.7.0
2025-05-07 21:41:31,981 [WARN] PackLoader:240 - Cannot read IP mode file for STMicroelectronics.FP-ATR-SIGFOX1.3.2.0
2025-05-07 21:41:32,010 [WARN] ConditionMgr:438 - getConditionDescription Invalid condition id : Cortex-A Device cause : null
2025-05-07 21:41:32,045 [WARN] ConditionMgr:1039 - genDependencies : Invalid condition id : Cortex-A Device cause : null
2025-05-07 21:41:32,046 [WARN] ConditionMgr:1039 - genDependencies : Invalid condition id : Cortex-A Device cause : null
2025-05-07 21:41:32,046 [WARN] ConditionMgr:1039 - genDependencies : Invalid condition id : Cortex-A Device cause : null
2025-05-07 21:41:32,077 [WARN] PackLoader:240 - Cannot read IP mode file for STMicroelectronics.X-CUBE-EEPRMA1.5.1.0
2025-05-07 21:41:32,110 [WARN] PackLoader:240 - Cannot read IP mode file for ITTIA_DB.I-CUBE-ITTIADB.8.9.0
2025-05-07 21:41:32,163 [WARN] PackLoader:240 - Cannot read IP mode file for SEGGER.I-CUBE-embOS.1.3.1
2025-05-07 21:41:32,238 [WARN] PackLoader:240 - Cannot read IP mode file for STMicroelectronics.X-CUBE-ALGOBUILD.1.4.0
2025-05-07 21:41:32,259 [WARN] PackLoader:240 - Cannot read IP mode file for STMicroelectronics.X-CUBE-AI.9.1.0
2025-05-07 21:41:32,283 [WARN] PackLoader:240 - Cannot read IP mode file for STMicroelectronics.X-CUBE-GNSS1.6.0.0
2025-05-07 21:41:32,329 [WARN] PackLoader:240 - Cannot read IP mode file for STMicroelectronics.X-CUBE-AZRTOS-F4.1.1.0
2025-05-07 21:41:32,350 [ERROR] Engine:466 - C:\Users\dbank\.stm32cubemx\thirdparties\pdsc\Avnet-IotConnect.X-CUBE-IoTC-DA16k-PMOD.1.0.0.pdsc: PDSC version is not supported
2025-05-07 21:41:32,372 [WARN] PackLoader:240 - Cannot read IP mode file for STMicroelectronics.X-CUBE-ISPU.2.1.0
2025-05-07 21:41:32,402 [WARN] PackLoader:240 - Cannot read IP mode file for STMicroelectronics.X-CUBE-FREERTOS.1.2.0
2025-05-07 21:41:32,453 [WARN] PackLoader:240 - Cannot read IP mode file for STMicroelectronics.X-CUBE-AZRTOS-L5.2.0.0
2025-05-07 21:41:32,491 [WARN] PackLoader:240 - Cannot read IP mode file for STMicroelectronics.X-CUBE-NFC6.3.1.0
2025-05-07 21:41:32,523 [WARN] PackLoader:240 - Cannot read IP mode file for STMicroelectronics.X-CUBE-DPower.1.2.0
2025-05-07 21:41:32,550 [WARN] PackLoader:240 - Cannot read IP mode file for STMicroelectronics.X-CUBE-AI.9.0.0
2025-05-07 21:41:32,575 [WARN] PackLoader:240 - Cannot read IP mode file for STMicroelectronics.X-CUBE-FREERTOS.1.3.0
2025-05-07 21:41:32,602 [WARN] PackLoader:240 - Cannot read IP mode file for STMicroelectronics.X-CUBE-NFC7.1.0.1
2025-05-07 21:41:32,633 [WARN] PackLoader:240 - Cannot read IP mode file for wolfSSL.I-CUBE-wolfTPM.3.2.0
2025-05-07 21:41:32,661 [WARN] PackLoader:240 - Cannot read IP mode file for STMicroelectronics.X-CUBE-DPower.1.3.0
2025-05-07 21:41:32,716 [WARN] ConditionMgr:438 - getConditionDescription Invalid condition id : LAN8742 Phy interface Condition cause : null
2025-05-07 21:41:32,718 [WARN] PackLoader:240 - Cannot read IP mode file for STMicroelectronics.X-CUBE-AZRTOS-L4.2.0.0
2025-05-07 21:41:32,719 [WARN] ConditionMgr:1039 - genDependencies : Invalid condition id : LAN8742 Phy interface Condition cause : null
2025-05-07 21:41:32,719 [WARN] ConditionMgr:1039 - genDependencies : Invalid condition id : LAN8742 Phy interface Condition cause : null
2025-05-07 21:41:32,721 [WARN] ConditionMgr:1039 - genDependencies : Invalid condition id : LAN8742 Phy interface Condition cause : null
2025-05-07 21:41:32,751 [WARN] PackLoader:240 - Cannot read IP mode file for STMicroelectronics.X-CUBE-SFXS2LP1.4.0.0
2025-05-07 21:41:32,814 [WARN] PackLoader:240 - Cannot read IP mode file for STMicroelectronics.X-CUBE-AZRTOS-H7.3.3.0
2025-05-07 21:41:33,182 [WARN] PackLoader:240 - Cannot read IP mode file for STMicroelectronics.X-CUBE-IPS.3.0.0
2025-05-07 21:41:33,226 [WARN] ConditionMgr:438 - getConditionDescription Invalid condition id : UX DEVICE CLASS RTOS Condition cause : null
2025-05-07 21:41:33,227 [WARN] ConditionMgr:438 - getConditionDescription Invalid condition id : UX DEVICE CLASS RTOS Condition cause : null
2025-05-07 21:41:33,229 [WARN] PackLoader:240 - Cannot read IP mode file for STMicroelectronics.X-CUBE-AZRTOS-WB.2.0.0
2025-05-07 21:41:33,230 [WARN] ConditionMgr:1039 - genDependencies : Invalid condition id : UX DEVICE CLASS RTOS Condition cause : null
2025-05-07 21:41:33,230 [WARN] ConditionMgr:1039 - genDependencies : Invalid condition id : UX DEVICE CLASS RTOS Condition cause : null
2025-05-07 21:41:33,230 [WARN] ConditionMgr:1039 - genDependencies : Invalid condition id : UX DEVICE CLASS RTOS Condition cause : null
2025-05-07 21:41:33,230 [WARN] ConditionMgr:1039 - genDependencies : Invalid condition id : UX DEVICE CLASS RTOS Condition cause : null
2025-05-07 21:41:33,230 [WARN] ConditionMgr:1039 - genDependencies : Invalid condition id : UX DEVICE CLASS RTOS Condition cause : null
2025-05-07 21:41:33,257 [WARN] PackLoader:240 - Cannot read IP mode file for STMicroelectronics.X-CUBE-GNSS1.7.0.0
2025-05-07 21:41:33,284 [WARN] PackLoader:240 - Cannot read IP mode file for STMicroelectronics.X-CUBE-GNSS1.7.0.1
2025-05-07 21:41:33,311 [WARN] PackLoader:240 - Cannot read IP mode file for STMicroelectronics.X-CUBE-TOUCHGFX.4.25.0
2025-05-07 21:41:33,338 [WARN] PackLoader:240 - Cannot read IP mode file for STMicroelectronics.FP-SNS-STBOX1.2.0.0
2025-05-07 21:41:33,370 [WARN] PackLoader:240 - Cannot read IP mode file for STMicroelectronics.X-CUBE-SUBG2.5.0.0
2025-05-07 21:41:33,428 [WARN] PackLoader:240 - Cannot read IP mode file for STMicroelectronics.X-CUBE-AZRTOS-H7RS.1.1.0
2025-05-07 21:41:33,475 [WARN] PackLoader:240 - Cannot read IP mode file for STMicroelectronics.X-CUBE-AZRTOS-G4.2.0.0
2025-05-07 21:41:33,504 [WARN] PackLoader:240 - Cannot read IP mode file for STMicroelectronics.X-CUBE-NFC7.2.0.0
2025-05-07 21:41:33,525 [WARN] PackLoader:240 - Cannot read IP mode file for STMicroelectronics.X-CUBE-ISPU.2.0.0
2025-05-07 21:41:33,550 [ERROR] Engine:466 - C:\Users\dbank\.stm32cubemx\thirdparties\pdsc\STMicroelectronics.X-CUBE-IPS.3.1.0.pdsc: PDSC version is not supported
2025-05-07 21:41:33,573 [WARN] PackLoader:240 - Cannot read IP mode file for STMicroelectronics.X-CUBE-ALS.1.0.2
2025-05-07 21:41:33,638 [WARN] PackLoader:240 - Cannot read IP mode file for STMicroelectronics.X-CUBE-MEMS1.10.0.0
2025-05-07 21:41:33,765 [WARN] PackLoader:240 - Cannot read IP mode file for STMicroelectronics.X-CUBE-TOUCHGFX.4.24.0
2025-05-07 21:41:33,788 [WARN] PackLoader:240 - Cannot read IP mode file for STMicroelectronics.X-CUBE-TOUCHGFX.4.24.1
2025-05-07 21:41:33,812 [WARN] PackLoader:240 - Cannot read IP mode file for portGmbH.I-Cube-SoM-uGOAL.1.1.0
2025-05-07 21:41:33,835 [WARN] PackLoader:240 - Cannot read IP mode file for STMicroelectronics.X-CUBE-ALS.1.0.1
2025-05-07 21:41:33,879 [WARN] PackLoader:240 - Cannot read IP mode file for STMicroelectronics.X-CUBE-AZRTOS-H7RS.1.0.0
2025-05-07 21:41:33,905 [WARN] PackLoader:240 - Cannot read IP mode file for STMicroelectronics.FP-ATR-ASTRA1.2.0.0
2025-05-07 21:41:33,944 [WARN] PackLoader:240 - Cannot read IP mode file for STMicroelectronics.X-CUBE-TOF1.3.4.2
2025-05-07 21:41:33,981 [ERROR] Engine:466 - C:\Users\dbank\.stm32cubemx\thirdparties\pdsc\STMicroelectronics.X-CUBE-TOF1.3.4.3.pdsc: PDSC version is not supported
2025-05-07 21:41:34,015 [WARN] PackLoader:240 - Cannot read IP mode file for STMicroelectronics.X-CUBE-TOF1.3.4.1
2025-05-07 21:41:34,073 [WARN] PackLoader:240 - Cannot read IP mode file for STMicroelectronics.X-CUBE-AZRTOS-H7.3.2.0
2025-05-07 21:41:34,110 [WARN] PackLoader:240 - Cannot read IP mode file for Infineon.AIROC-Wi-Fi-Bluetooth-STM32.1.6.0
2025-05-07 21:41:34,136 [WARN] PackLoader:240 - Cannot read IP mode file for wolfSSL.I-CUBE-wolfSSH.1.4.17
2025-05-07 21:41:34,136 [INFO] ThirdParty:978 - Integrity check success = true
2025-05-07 21:41:34,136 [INFO] IntegrityCheckThread:100 - exiting critical section [integrity check]
2025-05-07 21:41:34,136 [INFO] IntegrityCheckThread:103 - End integrity checks thread
2025-05-07 21:41:36,485 [INFO] WebApp:161 - Instantiating new browser for Auth
2025-05-07 21:41:37,102 [INFO] WebApp:779 - Register for checkConnection events
2025-05-07 21:41:37,102 [INFO] WebApp:414 - Apply proxy settings
2025-05-07 21:41:37,102 [INFO] WebApp:499 - Chromium requires no authentication
2025-05-07 21:41:37,110 [INFO] WebApp:442 - Direct internet connection detected
2025-05-07 21:41:37,269 [INFO] WebApp:192 - Starting web application
2025-05-07 21:41:37,269 [INFO] WebApp:544 - Web application path used C:\ST\STM32CubeIDE_1.15.1\STM32CubeIDE\plugins\com.st.stm32cube.common.mx_6.11.1.202404110753\db\plugins\mcufinder\reactClient1\index.html
2025-05-07 22:09:16,101 [ERROR] LogOutputStream:75 - [STDERR_REDIRECT] 
2025-05-07 22:09:16,103 [ERROR] LogOutputStream:75 - [STDERR_REDIRECT] 
