2024-09-10 18:04:56,467 [INFO] Activator:176 - 


2024-09-10 18:04:56,478 [INFO] Activator:177 - !SESSION log4j initialized
2024-09-10 18:05:16,676 [INFO] LogOutputStream:77 - [STDOUT_REDIRECT] 
2024-09-10 18:05:24,830 [INFO] ApplicationProperties:184 - Using Application install path: C:\ST\STM32CubeIDE_1.15.1\STM32CubeIDE\plugins\com.st.stm32cube.common.mx_6.11.1.202404110753
2024-09-10 18:05:24,872 [INFO] DbMcusXml:78 - Set database path to: C:\ST\STM32CubeIDE_1.15.1\STM32CubeIDE\plugins\com.st.stm32cube.common.mx_6.11.1.202404110753\\db\/mcu/
2024-09-10 18:05:24,873 [INFO] ApiDb:274 - Set plugin database path to: C:\ST\STM32CubeIDE_1.15.1\STM32CubeIDE\plugins\com.st.stm32cube.common.mx_6.11.1.202404110753\\db\/plugins/boardmanager/
2024-09-10 18:05:24,875 [WARN] ApiDb:259 - Overriding images path with different value:  => C:\ST\STM32CubeIDE_1.15.1\STM32CubeIDE\plugins\com.st.stm32cube.common.mx_6.11.1.202404110753\\db\/plugins/mcufinder/images/
2024-09-10 18:05:24,891 [INFO] ApiDb:250 - Set database path to: C:\Users\dbank\.stmcufinder\plugins\mcufinder//mcu/
2024-09-10 18:05:24,894 [INFO] DbMcusAds:125 - Set database path to: C:\Users\dbank\.stmcufinder\plugins\mcufinder//mcu/
2024-09-10 18:05:24,897 [INFO] CrossReferenceDbSqlite:203 - Set database path to: C:\Users\dbank\.stmcufinder\plugins\mcufinder//mcu/cs/
2024-09-10 18:05:25,213 [INFO] RulesReader:64 - Compatibility file has been processed (297 Rules)
2024-09-10 18:05:25,472 [INFO] DbMcusXml:78 - Set database path to: C:\ST\STM32CubeIDE_1.15.1\STM32CubeIDE\plugins\com.st.stm32cube.common.mx_6.11.1.202404110753\\db\/mcu/
2024-09-10 18:05:25,473 [INFO] ApiDb:274 - Set plugin database path to: C:\ST\STM32CubeIDE_1.15.1\STM32CubeIDE\plugins\com.st.stm32cube.common.mx_6.11.1.202404110753\\db\/plugins/boardmanager/
2024-09-10 18:05:25,473 [INFO] ApiDb:261 - Set plugin images path to: C:\ST\STM32CubeIDE_1.15.1\STM32CubeIDE\plugins\com.st.stm32cube.common.mx_6.11.1.202404110753\\db\/plugins/mcufinder/images/
2024-09-10 18:05:25,473 [WARN] DbFile:41 - Overriding database path with different value: C:\Users\dbank\.stmcufinder\plugins\mcufinder/ => C:\Users\dbank\.stmcufinder\plugins\mcufinder
2024-09-10 18:05:25,474 [INFO] ApiDb:250 - Set database path to: C:\Users\dbank\.stmcufinder\plugins\mcufinder//mcu/
2024-09-10 18:05:25,474 [WARN] DbFile:41 - Overriding database path with different value: C:\Users\dbank\.stmcufinder\plugins\mcufinder/ => C:\Users\dbank\.stmcufinder\plugins\mcufinder
2024-09-10 18:05:25,474 [INFO] DbMcusAds:125 - Set database path to: C:\Users\dbank\.stmcufinder\plugins\mcufinder//mcu/
2024-09-10 18:05:25,474 [WARN] DbFile:41 - Overriding database path with different value: C:\Users\dbank\.stmcufinder\plugins\mcufinder/ => C:\Users\dbank\.stmcufinder\plugins\mcufinder
2024-09-10 18:05:25,475 [WARN] DbFile:41 - Overriding database path with different value: C:\Users\dbank\.stmcufinder\plugins\mcufinder/ => C:\Users\dbank\.stmcufinder\plugins\mcufinder
2024-09-10 18:05:25,475 [INFO] CrossReferenceDbSqlite:203 - Set database path to: C:\Users\dbank\.stmcufinder\plugins\mcufinder//mcu/cs/
2024-09-10 18:05:25,690 [INFO] MainPanel:264 - HeapMemory: 268435456
2024-09-10 18:05:25,957 [INFO] DbMcusXml:78 - Set database path to: C:\ST\STM32CubeIDE_1.15.1\STM32CubeIDE\plugins\com.st.stm32cube.common.mx_6.11.1.202404110753\\db\/mcu/
2024-09-10 18:05:25,957 [INFO] ApiDb:274 - Set plugin database path to: C:\ST\STM32CubeIDE_1.15.1\STM32CubeIDE\plugins\com.st.stm32cube.common.mx_6.11.1.202404110753\\db\/plugins/boardmanager/
2024-09-10 18:05:25,957 [INFO] ApiDb:261 - Set plugin images path to: C:\ST\STM32CubeIDE_1.15.1\STM32CubeIDE\plugins\com.st.stm32cube.common.mx_6.11.1.202404110753\\db\/plugins/mcufinder/images/
2024-09-10 18:05:25,958 [WARN] DbFile:41 - Overriding database path with different value: C:\Users\dbank\.stmcufinder\plugins\mcufinder/ => C:\Users\dbank\.stmcufinder\plugins\mcufinder
2024-09-10 18:05:25,958 [INFO] ApiDb:250 - Set database path to: C:\Users\dbank\.stmcufinder\plugins\mcufinder//mcu/
2024-09-10 18:05:25,959 [WARN] DbFile:41 - Overriding database path with different value: C:\Users\dbank\.stmcufinder\plugins\mcufinder/ => C:\Users\dbank\.stmcufinder\plugins\mcufinder
2024-09-10 18:05:25,959 [INFO] DbMcusAds:125 - Set database path to: C:\Users\dbank\.stmcufinder\plugins\mcufinder//mcu/
2024-09-10 18:05:25,959 [WARN] DbFile:41 - Overriding database path with different value: C:\Users\dbank\.stmcufinder\plugins\mcufinder/ => C:\Users\dbank\.stmcufinder\plugins\mcufinder
2024-09-10 18:05:25,959 [WARN] DbFile:41 - Overriding database path with different value: C:\Users\dbank\.stmcufinder\plugins\mcufinder/ => C:\Users\dbank\.stmcufinder\plugins\mcufinder
2024-09-10 18:05:25,960 [INFO] CrossReferenceDbSqlite:203 - Set database path to: C:\Users\dbank\.stmcufinder\plugins\mcufinder//mcu/cs/
2024-09-10 18:05:26,001 [INFO] ApplicationProperties:184 - Using Application install path: C:\ST\STM32CubeIDE_1.15.1\STM32CubeIDE\plugins\com.st.stm32cube.common.mx_6.11.1.202404110753
2024-09-10 18:05:26,006 [INFO] PluginManage:196 - Search for loadable plugins [exclusion list=, ]
2024-09-10 18:05:26,009 [INFO] PluginManage:310 - Check plugin analytics
2024-09-10 18:05:26,427 [INFO] AnalyticsPlugin:253 - Accepted Software Licenses: 
2024-09-10 18:05:26,427 [INFO] AnalyticsPlugin:255 - Accepted CMSIS Pack Licenses: 
2024-09-10 18:05:26,427 [INFO] AnalyticsPlugin:257 - Accepted Firmware Licenses: FW.H7.1.11.0
2024-09-10 18:05:26,431 [INFO] PluginManage:359 - Loaded plugin analytics (category:tool,tabindex:-1)
2024-09-10 18:05:26,431 [INFO] PluginManage:310 - Check plugin cadmodel
2024-09-10 18:05:26,470 [INFO] CADModel:105 - Init CAD model plugin
2024-09-10 18:05:26,470 [INFO] PluginManage:359 - Loaded plugin cadmodel (category:power,tabindex:5)
2024-09-10 18:05:26,471 [INFO] PluginManage:310 - Check plugin clock
2024-09-10 18:05:26,516 [INFO] PluginManage:359 - Loaded plugin clock (category:base,tabindex:2)
2024-09-10 18:05:26,516 [INFO] PluginManage:310 - Check plugin ddr
2024-09-10 18:05:26,520 [INFO] PluginManage:359 - Loaded plugin ddr (category:tool,tabindex:6)
2024-09-10 18:05:26,521 [INFO] PluginManage:310 - Check plugin filemanager
2024-09-10 18:05:26,904 [INFO] PluginManage:359 - Loaded plugin filemanager (category:base,tabindex:10)
2024-09-10 18:05:26,904 [INFO] PluginManage:310 - Check plugin ipmanager
2024-09-10 18:05:26,923 [INFO] PluginManage:359 - Loaded plugin ipmanager (category:base,tabindex:5)
2024-09-10 18:05:26,924 [INFO] PluginManage:310 - Check plugin lpbam
2024-09-10 18:05:26,998 [INFO] PluginManage:359 - Loaded plugin lpbam (category:base,tabindex:0)
2024-09-10 18:05:26,999 [INFO] PluginManage:310 - Check plugin memorymap
2024-09-10 18:05:27,073 [INFO] PluginManage:359 - Loaded plugin memorymap (category:base,tabindex:4)
2024-09-10 18:05:27,074 [INFO] PluginManage:310 - Check plugin pinoutandconfiguration
2024-09-10 18:05:27,115 [INFO] PluginManage:359 - Loaded plugin pinoutandconfiguration (category:base,tabindex:1)
2024-09-10 18:05:27,115 [INFO] PluginManage:310 - Check plugin pinoutconfig
2024-09-10 18:05:27,429 [WARN] SupportedApi:132 - Cannot load RTOS API schema: s4s-elt-must-match.1: The content of 'definitions' must match (annotation?, (simpleType | complexType)?, (unique | key | keyref)*)). A problem was found starting at: attribute.
2024-09-10 18:05:27,845 [INFO] PluginManage:359 - Loaded plugin pinoutconfig (category:base,tabindex:0)
2024-09-10 18:05:27,845 [INFO] PluginManage:310 - Check plugin power
2024-09-10 18:05:27,896 [INFO] PluginManage:359 - Loaded plugin power (category:power,tabindex:4)
2024-09-10 18:05:27,896 [INFO] PluginManage:310 - Check plugin projectmanager
2024-09-10 18:05:27,941 [INFO] PluginManage:359 - Loaded plugin projectmanager (category:projectmanager,tabindex:3)
2024-09-10 18:05:27,941 [INFO] PluginManage:310 - Check plugin thirdparty
2024-09-10 18:05:28,750 [INFO] PluginManage:359 - Loaded plugin thirdparty (category:base,tabindex:-1)
2024-09-10 18:05:28,750 [INFO] PluginManage:310 - Check plugin tools
2024-09-10 18:05:28,749 [WARN] IntegrityCheckThread:84 - waiting for thirdparty lock release [integrity check]
2024-09-10 18:05:28,762 [INFO] IntegrityCheckThread:86 - entering critical section [integrity check]
2024-09-10 18:05:28,762 [INFO] ThirdPartyUpdaterWithRetryManager:70 - Updater plugin not ready yet. [1/15]
2024-09-10 18:05:28,920 [INFO] PluginManage:359 - Loaded plugin tools (category:base,tabindex:7)
2024-09-10 18:05:28,920 [INFO] PluginManage:310 - Check plugin tutovideos
2024-09-10 18:05:29,958 [INFO] PluginManage:359 - Loaded plugin tutovideos (category:base,tabindex:-1)
2024-09-10 18:05:29,959 [INFO] PluginManage:310 - Check plugin updater
2024-09-10 18:05:29,993 [INFO] PluginManage:359 - Loaded plugin updater (category:base,tabindex:12)
2024-09-10 18:05:29,993 [INFO] PluginManage:310 - Check plugin userauth
2024-09-10 18:05:30,005 [INFO] UserAuth:114 - Init User Auth plugin
2024-09-10 18:05:30,006 [INFO] PluginManage:359 - Loaded plugin userauth (category:base,tabindex:14)
2024-09-10 18:05:30,007 [INFO] PluginManage:283 - PluginManage : Loaded plugins [17]
2024-09-10 18:05:30,685 [INFO] PinOutPanel:1561 - setPackage(No Configuration,No Configuration)
2024-09-10 18:05:30,875 [INFO] CADModel:165 - CPN selected for project level
2024-09-10 18:05:30,876 [INFO] CADModel:114 - Register for checkConnection events
2024-09-10 18:05:30,939 [INFO] IPUIPlugin:80 - create IPUIPlugin
2024-09-10 18:05:30,940 [INFO] PluginManager:220 - loadIPPluginJar : add adc
2024-09-10 18:05:31,185 [INFO] IPUIPlugin:80 - create IPUIPlugin
2024-09-10 18:05:31,185 [INFO] PluginManager:220 - loadIPPluginJar : add aes
2024-09-10 18:05:31,324 [INFO] IPUIPlugin:80 - create IPUIPlugin
2024-09-10 18:05:31,324 [INFO] PluginManager:220 - loadIPPluginJar : add can
2024-09-10 18:05:31,404 [INFO] IPUIPlugin:80 - create IPUIPlugin
2024-09-10 18:05:31,405 [INFO] PluginManager:220 - loadIPPluginJar : add comp
2024-09-10 18:05:31,509 [INFO] IPUIPlugin:80 - create IPUIPlugin
2024-09-10 18:05:31,510 [INFO] PluginManager:220 - loadIPPluginJar : add cryp
2024-09-10 18:05:31,596 [INFO] IPUIPlugin:80 - create IPUIPlugin
2024-09-10 18:05:31,596 [INFO] PluginManager:220 - loadIPPluginJar : add dfsdm
2024-09-10 18:05:31,628 [INFO] IPUIPlugin:80 - create IPUIPlugin
2024-09-10 18:05:31,629 [INFO] PluginManager:220 - loadIPPluginJar : add dma
2024-09-10 18:05:31,738 [INFO] IPUIPlugin:80 - create IPUIPlugin
2024-09-10 18:05:31,739 [INFO] PluginManager:220 - loadIPPluginJar : add dma3
2024-09-10 18:05:31,764 [INFO] ThirdPartyUpdaterWithRetryManager:70 - Updater plugin not ready yet. [2/15]
2024-09-10 18:05:31,863 [INFO] IPUIPlugin:80 - create IPUIPlugin
2024-09-10 18:05:31,863 [INFO] PluginManager:220 - loadIPPluginJar : add extmemmanager
2024-09-10 18:05:31,911 [INFO] IPUIPlugin:80 - create IPUIPlugin
2024-09-10 18:05:31,911 [INFO] PluginManager:220 - loadIPPluginJar : add fatfs
2024-09-10 18:05:32,134 [INFO] IPUIPlugin:80 - create IPUIPlugin
2024-09-10 18:05:32,135 [INFO] PluginManager:220 - loadIPPluginJar : add fmc
2024-09-10 18:05:32,168 [INFO] IPUIPlugin:80 - create IPUIPlugin
2024-09-10 18:05:32,169 [INFO] PluginManager:220 - loadIPPluginJar : add freertos
2024-09-10 18:05:32,244 [INFO] IPUIPlugin:80 - create IPUIPlugin
2024-09-10 18:05:32,244 [INFO] PluginManager:220 - loadIPPluginJar : add genericplugin
2024-09-10 18:05:32,551 [INFO] IPUIPlugin:80 - create IPUIPlugin
2024-09-10 18:05:32,551 [INFO] PluginManager:220 - loadIPPluginJar : add gfxmmu
2024-09-10 18:05:33,669 [INFO] IPUIPlugin:80 - create IPUIPlugin
2024-09-10 18:05:33,670 [INFO] PluginManager:220 - loadIPPluginJar : add gic
2024-09-10 18:05:33,711 [INFO] IPUIPlugin:80 - create IPUIPlugin
2024-09-10 18:05:33,711 [INFO] PluginManager:220 - loadIPPluginJar : add gpio
2024-09-10 18:05:34,022 [INFO] IPUIPlugin:80 - create IPUIPlugin
2024-09-10 18:05:34,023 [INFO] PluginManager:220 - loadIPPluginJar : add gtzc
2024-09-10 18:05:34,119 [INFO] IPUIPlugin:80 - create IPUIPlugin
2024-09-10 18:05:34,119 [INFO] PluginManager:220 - loadIPPluginJar : add hash
2024-09-10 18:05:34,279 [INFO] IPUIPlugin:80 - create IPUIPlugin
2024-09-10 18:05:34,279 [INFO] PluginManager:220 - loadIPPluginJar : add i2c
2024-09-10 18:05:34,392 [INFO] IPUIPlugin:80 - create IPUIPlugin
2024-09-10 18:05:34,392 [INFO] PluginManager:220 - loadIPPluginJar : add i2s
2024-09-10 18:05:34,518 [INFO] IPUIPlugin:80 - create IPUIPlugin
2024-09-10 18:05:34,518 [INFO] PluginManager:220 - loadIPPluginJar : add i3c
2024-09-10 18:05:34,764 [INFO] ThirdPartyUpdaterWithRetryManager:70 - Updater plugin not ready yet. [3/15]
2024-09-10 18:05:34,828 [INFO] IPUIPlugin:80 - create IPUIPlugin
2024-09-10 18:05:34,828 [INFO] PluginManager:220 - loadIPPluginJar : add ipddr
2024-09-10 18:05:35,129 [INFO] IPUIPlugin:80 - create IPUIPlugin
2024-09-10 18:05:35,129 [INFO] PluginManager:220 - loadIPPluginJar : add linkedlist
2024-09-10 18:05:35,229 [INFO] IPUIPlugin:80 - create IPUIPlugin
2024-09-10 18:05:35,230 [INFO] PluginManager:220 - loadIPPluginJar : add lorawan
2024-09-10 18:05:35,337 [INFO] IPUIPlugin:80 - create IPUIPlugin
2024-09-10 18:05:35,338 [INFO] PluginManager:220 - loadIPPluginJar : add ltdc
2024-09-10 18:05:35,375 [INFO] IPUIPlugin:80 - create IPUIPlugin
2024-09-10 18:05:35,375 [INFO] PluginManager:220 - loadIPPluginJar : add mdma
2024-09-10 18:05:35,407 [INFO] IPUIPlugin:80 - create IPUIPlugin
2024-09-10 18:05:35,407 [INFO] PluginManager:220 - loadIPPluginJar : add nvic
2024-09-10 18:05:35,514 [INFO] IPUIPlugin:80 - create IPUIPlugin
2024-09-10 18:05:35,515 [INFO] PluginManager:220 - loadIPPluginJar : add opamp
2024-09-10 18:05:35,722 [INFO] IPUIPlugin:80 - create IPUIPlugin
2024-09-10 18:05:35,722 [INFO] PluginManager:220 - loadIPPluginJar : add openamp
2024-09-10 18:05:35,841 [INFO] IPUIPlugin:80 - create IPUIPlugin
2024-09-10 18:05:35,842 [INFO] PluginManager:220 - loadIPPluginJar : add pdm2pcm
2024-09-10 18:05:35,878 [INFO] IPUIPlugin:80 - create IPUIPlugin
2024-09-10 18:05:35,883 [INFO] PluginManager:220 - loadIPPluginJar : add plateformsettings
2024-09-10 18:05:35,952 [INFO] IPUIPlugin:80 - create IPUIPlugin
2024-09-10 18:05:35,953 [INFO] PluginManager:220 - loadIPPluginJar : add quadspi
2024-09-10 18:05:35,985 [INFO] IPUIPlugin:80 - create IPUIPlugin
2024-09-10 18:05:35,985 [INFO] PluginManager:220 - loadIPPluginJar : add resmgrutility
2024-09-10 18:05:36,124 [INFO] IPUIPlugin:80 - create IPUIPlugin
2024-09-10 18:05:36,125 [INFO] PluginManager:220 - loadIPPluginJar : add sai
2024-09-10 18:05:36,231 [INFO] IPUIPlugin:80 - create IPUIPlugin
2024-09-10 18:05:36,232 [INFO] PluginManager:220 - loadIPPluginJar : add spi
2024-09-10 18:05:36,428 [INFO] IPUIPlugin:80 - create IPUIPlugin
2024-09-10 18:05:36,428 [INFO] PluginManager:220 - loadIPPluginJar : add stm32_wpan
2024-09-10 18:05:36,510 [INFO] IPUIPlugin:80 - create IPUIPlugin
2024-09-10 18:05:36,510 [INFO] PluginManager:220 - loadIPPluginJar : add tim
2024-09-10 18:05:36,714 [INFO] IPUIPlugin:80 - create IPUIPlugin
2024-09-10 18:05:36,715 [INFO] PluginManager:220 - loadIPPluginJar : add touchsensing
2024-09-10 18:05:36,837 [INFO] IPUIPlugin:80 - create IPUIPlugin
2024-09-10 18:05:36,838 [INFO] PluginManager:220 - loadIPPluginJar : add tracer_emb
2024-09-10 18:05:36,908 [INFO] IPUIPlugin:80 - create IPUIPlugin
2024-09-10 18:05:36,909 [INFO] PluginManager:220 - loadIPPluginJar : add ts
2024-09-10 18:05:36,980 [INFO] IPUIPlugin:80 - create IPUIPlugin
2024-09-10 18:05:36,980 [INFO] PluginManager:220 - loadIPPluginJar : add tsc
2024-09-10 18:05:37,075 [INFO] IPUIPlugin:80 - create IPUIPlugin
2024-09-10 18:05:37,075 [INFO] PluginManager:220 - loadIPPluginJar : add ucpd
2024-09-10 18:05:37,234 [INFO] IPUIPlugin:80 - create IPUIPlugin
2024-09-10 18:05:37,234 [INFO] PluginManager:220 - loadIPPluginJar : add usart
2024-09-10 18:05:37,381 [INFO] IPUIPlugin:80 - create IPUIPlugin
2024-09-10 18:05:37,382 [INFO] PluginManager:220 - loadIPPluginJar : add usbx
2024-09-10 18:05:37,606 [INFO] CADModel:165 - CPN selected for project level
2024-09-10 18:05:37,606 [INFO] CADModel:114 - Register for checkConnection events
2024-09-10 18:05:37,607 [FATAL] Updater:308 - Updater called before beeing initialized
2024-09-10 18:05:37,607 [ERROR] CADModel:125 - Updater not yet initialized, retry later 
2024-09-10 18:05:37,765 [INFO] ThirdPartyUpdaterWithRetryManager:70 - Updater plugin not ready yet. [4/15]
2024-09-10 18:05:38,021 [INFO] CADModel:165 - CPN selected for project level
2024-09-10 18:05:38,021 [INFO] CADModel:114 - Register for checkConnection events
2024-09-10 18:05:38,022 [FATAL] Updater:308 - Updater called before beeing initialized
2024-09-10 18:05:38,022 [ERROR] CADModel:125 - Updater not yet initialized, retry later 
2024-09-10 18:05:38,028 [FATAL] Updater:308 - Updater called before beeing initialized
2024-09-10 18:05:38,614 [FATAL] Updater:308 - Updater called before beeing initialized
2024-09-10 18:05:38,699 [INFO] DbMcusAds:53 - JSON generation date=Thu May 16 11:22:01 CEST 2024 (1715851321109)
2024-09-10 18:05:38,700 [FATAL] Updater:308 - Updater called before beeing initialized
2024-09-10 18:05:38,914 [WARN] DetailPanel:346 - Failed to get advertising image, set to default
2024-09-10 18:05:39,175 [FATAL] Updater:308 - Updater called before beeing initialized
2024-09-10 18:05:39,180 [FATAL] Updater:308 - Updater called before beeing initialized
2024-09-10 18:05:39,180 [FATAL] Updater:308 - Updater called before beeing initialized
2024-09-10 18:05:39,181 [WARN] DetailPanel:346 - Failed to get advertising image, set to default
2024-09-10 18:05:39,184 [FATAL] Updater:308 - Updater called before beeing initialized
2024-09-10 18:05:39,391 [ERROR] Updater:1120 - MainUpdater not yet initialized. External WinMGr cannot be set.
2024-09-10 18:05:39,427 [INFO] Updater:1056 - Updater Version found : 6.11.1
2024-09-10 18:05:39,466 [INFO] ApplicationProperties:184 - Using Application install path: C:\ST\STM32CubeIDE_1.15.1\STM32CubeIDE\plugins\com.st.stm32cube.common.mx_6.11.1.202404110753
2024-09-10 18:05:40,768 [FATAL] Updater:308 - Updater called before beeing initialized
2024-09-10 18:05:40,769 [ERROR] IntegrityCheckThread:130 - Cannot retrieve database content from updater: error 21
2024-09-10 18:05:40,770 [INFO] ThirdParty:978 - Integrity check success = false
2024-09-10 18:05:40,770 [INFO] IntegrityCheckThread:100 - exiting critical section [integrity check]
2024-09-10 18:05:40,770 [INFO] IntegrityCheckThread:103 - End integrity checks thread
2024-09-10 18:05:41,073 [ERROR] LogOutputStream:75 - [STDERR_REDIRECT] Sep 10, 2024 6:05:41 PM java.util.prefs.WindowsPreferences <init>
2024-09-10 18:05:41,077 [ERROR] LogOutputStream:75 - [STDERR_REDIRECT] WARNING: Could not open/create prefs root node Software\JavaSoft\Prefs at root 0xffffffff80000002. Windows RegCreateKeyEx(...) returned error code 5.
2024-09-10 18:05:41,077 [ERROR] LogOutputStream:75 - [STDERR_REDIRECT] 
2024-09-10 18:05:41,839 [INFO] MainUpdater:2873 - connection check result : 10
2024-09-10 18:05:41,839 [INFO] MainUpdater:3567 - Updater definition file requires update
2024-09-10 18:05:41,841 [INFO] MainUpdater:290 - Updater Check For Update Now.
2024-09-10 18:05:41,842 [INFO] MicroXplorer:498 - Change Database Version : DB.6.0.111
2024-09-10 18:05:41,908 [INFO] McuFinderGlobals:63 - Set McuFinder mode to 2 (CubeIDE integrated)
2024-09-10 18:05:41,934 [INFO] UserAuth:415 - Internet connection configuration mode: 1
2024-09-10 18:05:41,989 [INFO] ServerAccessManage:473 - Download File updaters.zip
2024-09-10 18:05:42,062 [INFO] JxBrowserEngine:152 - Initiate JxBrowser Engine with user profile folder
2024-09-10 18:05:42,532 [INFO] FileExtend:240 - Unzip File : updaters.zip
2024-09-10 18:05:42,532 [INFO] FileExtend:255 - Standard Zip Deflate
2024-09-10 18:05:43,967 [INFO] ServerAccessManage:473 - Download File PacksControlFlags.xml
2024-09-10 18:05:44,502 [INFO] ServerAccessManage:473 - Download File cubemx.pidx
2024-09-10 18:05:48,223 [INFO] ServerAccessManage:473 - Download File STMicroelectronics.X-CUBE-GNSS1.pdsc
2024-09-10 18:05:48,713 [ERROR] ServerAccessManage:1089 - Problem, file not found on Server
2024-09-10 18:05:48,912 [ERROR] ServerAccessManage:1089 - Problem, file not found on Server
2024-09-10 18:05:49,026 [ERROR] ServerAccessManage:1089 - Problem, file not found on Server
2024-09-10 18:05:49,219 [ERROR] ServerAccessManage:1089 - Problem, file not found on Server
2024-09-10 18:05:49,414 [ERROR] ServerAccessManage:1089 - Problem, file not found on Server
2024-09-10 18:05:49,526 [ERROR] ServerAccessManage:1089 - Problem, file not found on Server
2024-09-10 18:05:53,976 [WARN] PackLoader:240 - Cannot read IP mode file for STMicroelectronics.X-CUBE-GNSS1.7.0.0
2024-09-10 18:05:53,997 [INFO] PopulateThirdPartyThread:66 - Ending populate Thread
2024-09-10 18:05:54,000 [INFO] ThirdParty:1030 - CMSIS Pack Vendor :STMicroelectronics X-CUBE-GNSS1 7.0.0
2024-09-10 18:05:54,000 [INFO] LoadServerUpdatesThread:375 - End of LoadServerUpdate Thread
2024-09-10 18:05:54,337 [INFO] CheckServerUpdateThread:120 - End of CheckServer Thread
2024-09-10 18:06:06,952 [INFO] WebApp:161 - Instantiating new browser for Auth
2024-09-10 18:06:09,724 [INFO] WebApp:779 - Register for checkConnection events
2024-09-10 18:06:09,724 [INFO] WebApp:414 - Apply proxy settings
2024-09-10 18:06:09,725 [INFO] WebApp:499 - Chromium requires no authentication
2024-09-10 18:06:09,748 [INFO] WebApp:442 - Direct internet connection detected
2024-09-10 18:06:10,228 [INFO] WebApp:192 - Starting web application
2024-09-10 18:06:10,228 [INFO] WebApp:544 - Web application path used C:\ST\STM32CubeIDE_1.15.1\STM32CubeIDE\plugins\com.st.stm32cube.common.mx_6.11.1.202404110753\db\plugins\mcufinder\reactClient1\index.html
2024-09-10 19:24:40,368 [ERROR] LogOutputStream:75 - [STDERR_REDIRECT] 
2024-09-10 19:24:40,371 [ERROR] LogOutputStream:75 - [STDERR_REDIRECT] 
2024-09-10 19:31:34,788 [INFO] Activator:176 - 


2024-09-10 19:31:34,792 [INFO] Activator:177 - !SESSION log4j initialized
2024-09-10 19:31:51,073 [INFO] LogOutputStream:77 - [STDOUT_REDIRECT] 
2024-09-10 19:32:03,052 [INFO] ApplicationProperties:184 - Using Application install path: C:\ST\STM32CubeIDE_1.15.1\STM32CubeIDE\plugins\com.st.stm32cube.common.mx_6.11.1.202404110753
2024-09-10 19:32:03,090 [INFO] DbMcusXml:78 - Set database path to: C:\ST\STM32CubeIDE_1.15.1\STM32CubeIDE\plugins\com.st.stm32cube.common.mx_6.11.1.202404110753\\db\/mcu/
2024-09-10 19:32:03,091 [INFO] ApiDb:274 - Set plugin database path to: C:\ST\STM32CubeIDE_1.15.1\STM32CubeIDE\plugins\com.st.stm32cube.common.mx_6.11.1.202404110753\\db\/plugins/boardmanager/
2024-09-10 19:32:03,092 [WARN] ApiDb:259 - Overriding images path with different value:  => C:\ST\STM32CubeIDE_1.15.1\STM32CubeIDE\plugins\com.st.stm32cube.common.mx_6.11.1.202404110753\\db\/plugins/mcufinder/images/
2024-09-10 19:32:03,119 [INFO] ApiDb:250 - Set database path to: C:\Users\dbank\.stmcufinder\plugins\mcufinder//mcu/
2024-09-10 19:32:03,121 [INFO] DbMcusAds:125 - Set database path to: C:\Users\dbank\.stmcufinder\plugins\mcufinder//mcu/
2024-09-10 19:32:03,128 [INFO] CrossReferenceDbSqlite:203 - Set database path to: C:\Users\dbank\.stmcufinder\plugins\mcufinder//mcu/cs/
2024-09-10 19:32:03,415 [INFO] RulesReader:64 - Compatibility file has been processed (297 Rules)
2024-09-10 19:32:03,669 [INFO] DbMcusXml:78 - Set database path to: C:\ST\STM32CubeIDE_1.15.1\STM32CubeIDE\plugins\com.st.stm32cube.common.mx_6.11.1.202404110753\\db\/mcu/
2024-09-10 19:32:03,669 [INFO] ApiDb:274 - Set plugin database path to: C:\ST\STM32CubeIDE_1.15.1\STM32CubeIDE\plugins\com.st.stm32cube.common.mx_6.11.1.202404110753\\db\/plugins/boardmanager/
2024-09-10 19:32:03,670 [INFO] ApiDb:261 - Set plugin images path to: C:\ST\STM32CubeIDE_1.15.1\STM32CubeIDE\plugins\com.st.stm32cube.common.mx_6.11.1.202404110753\\db\/plugins/mcufinder/images/
2024-09-10 19:32:03,670 [WARN] DbFile:41 - Overriding database path with different value: C:\Users\dbank\.stmcufinder\plugins\mcufinder/ => C:\Users\dbank\.stmcufinder\plugins\mcufinder
2024-09-10 19:32:03,670 [INFO] ApiDb:250 - Set database path to: C:\Users\dbank\.stmcufinder\plugins\mcufinder//mcu/
2024-09-10 19:32:03,671 [WARN] DbFile:41 - Overriding database path with different value: C:\Users\dbank\.stmcufinder\plugins\mcufinder/ => C:\Users\dbank\.stmcufinder\plugins\mcufinder
2024-09-10 19:32:03,671 [INFO] DbMcusAds:125 - Set database path to: C:\Users\dbank\.stmcufinder\plugins\mcufinder//mcu/
2024-09-10 19:32:03,671 [WARN] DbFile:41 - Overriding database path with different value: C:\Users\dbank\.stmcufinder\plugins\mcufinder/ => C:\Users\dbank\.stmcufinder\plugins\mcufinder
2024-09-10 19:32:03,671 [WARN] DbFile:41 - Overriding database path with different value: C:\Users\dbank\.stmcufinder\plugins\mcufinder/ => C:\Users\dbank\.stmcufinder\plugins\mcufinder
2024-09-10 19:32:03,671 [INFO] CrossReferenceDbSqlite:203 - Set database path to: C:\Users\dbank\.stmcufinder\plugins\mcufinder//mcu/cs/
2024-09-10 19:32:03,872 [INFO] MainPanel:264 - HeapMemory: 268435456
2024-09-10 19:32:04,114 [INFO] DbMcusXml:78 - Set database path to: C:\ST\STM32CubeIDE_1.15.1\STM32CubeIDE\plugins\com.st.stm32cube.common.mx_6.11.1.202404110753\\db\/mcu/
2024-09-10 19:32:04,115 [INFO] ApiDb:274 - Set plugin database path to: C:\ST\STM32CubeIDE_1.15.1\STM32CubeIDE\plugins\com.st.stm32cube.common.mx_6.11.1.202404110753\\db\/plugins/boardmanager/
2024-09-10 19:32:04,116 [INFO] ApiDb:261 - Set plugin images path to: C:\ST\STM32CubeIDE_1.15.1\STM32CubeIDE\plugins\com.st.stm32cube.common.mx_6.11.1.202404110753\\db\/plugins/mcufinder/images/
2024-09-10 19:32:04,116 [WARN] DbFile:41 - Overriding database path with different value: C:\Users\dbank\.stmcufinder\plugins\mcufinder/ => C:\Users\dbank\.stmcufinder\plugins\mcufinder
2024-09-10 19:32:04,117 [INFO] ApiDb:250 - Set database path to: C:\Users\dbank\.stmcufinder\plugins\mcufinder//mcu/
2024-09-10 19:32:04,117 [WARN] DbFile:41 - Overriding database path with different value: C:\Users\dbank\.stmcufinder\plugins\mcufinder/ => C:\Users\dbank\.stmcufinder\plugins\mcufinder
2024-09-10 19:32:04,117 [INFO] DbMcusAds:125 - Set database path to: C:\Users\dbank\.stmcufinder\plugins\mcufinder//mcu/
2024-09-10 19:32:04,117 [WARN] DbFile:41 - Overriding database path with different value: C:\Users\dbank\.stmcufinder\plugins\mcufinder/ => C:\Users\dbank\.stmcufinder\plugins\mcufinder
2024-09-10 19:32:04,117 [WARN] DbFile:41 - Overriding database path with different value: C:\Users\dbank\.stmcufinder\plugins\mcufinder/ => C:\Users\dbank\.stmcufinder\plugins\mcufinder
2024-09-10 19:32:04,117 [INFO] CrossReferenceDbSqlite:203 - Set database path to: C:\Users\dbank\.stmcufinder\plugins\mcufinder//mcu/cs/
2024-09-10 19:32:04,154 [INFO] ApplicationProperties:184 - Using Application install path: C:\ST\STM32CubeIDE_1.15.1\STM32CubeIDE\plugins\com.st.stm32cube.common.mx_6.11.1.202404110753
2024-09-10 19:32:04,158 [INFO] PluginManage:196 - Search for loadable plugins [exclusion list=, ]
2024-09-10 19:32:04,160 [INFO] PluginManage:310 - Check plugin analytics
2024-09-10 19:32:04,573 [INFO] AnalyticsPlugin:253 - Accepted Software Licenses: 
2024-09-10 19:32:04,574 [INFO] AnalyticsPlugin:255 - Accepted CMSIS Pack Licenses: 
2024-09-10 19:32:04,575 [INFO] AnalyticsPlugin:257 - Accepted Firmware Licenses: FW.H7.1.11.0
2024-09-10 19:32:04,582 [INFO] PluginManage:359 - Loaded plugin analytics (category:tool,tabindex:-1)
2024-09-10 19:32:04,583 [INFO] PluginManage:310 - Check plugin cadmodel
2024-09-10 19:32:04,772 [INFO] CADModel:105 - Init CAD model plugin
2024-09-10 19:32:04,773 [INFO] PluginManage:359 - Loaded plugin cadmodel (category:power,tabindex:5)
2024-09-10 19:32:04,778 [INFO] PluginManage:310 - Check plugin clock
2024-09-10 19:32:04,824 [INFO] PluginManage:359 - Loaded plugin clock (category:base,tabindex:2)
2024-09-10 19:32:04,825 [INFO] PluginManage:310 - Check plugin ddr
2024-09-10 19:32:04,830 [INFO] PluginManage:359 - Loaded plugin ddr (category:tool,tabindex:6)
2024-09-10 19:32:04,831 [INFO] PluginManage:310 - Check plugin filemanager
2024-09-10 19:32:05,190 [INFO] PluginManage:359 - Loaded plugin filemanager (category:base,tabindex:10)
2024-09-10 19:32:05,191 [INFO] PluginManage:310 - Check plugin ipmanager
2024-09-10 19:32:05,218 [INFO] PluginManage:359 - Loaded plugin ipmanager (category:base,tabindex:5)
2024-09-10 19:32:05,219 [INFO] PluginManage:310 - Check plugin lpbam
2024-09-10 19:32:05,307 [INFO] PluginManage:359 - Loaded plugin lpbam (category:base,tabindex:0)
2024-09-10 19:32:05,308 [INFO] PluginManage:310 - Check plugin memorymap
2024-09-10 19:32:05,362 [INFO] PluginManage:359 - Loaded plugin memorymap (category:base,tabindex:4)
2024-09-10 19:32:05,363 [INFO] PluginManage:310 - Check plugin pinoutandconfiguration
2024-09-10 19:32:05,432 [INFO] PluginManage:359 - Loaded plugin pinoutandconfiguration (category:base,tabindex:1)
2024-09-10 19:32:05,433 [INFO] PluginManage:310 - Check plugin pinoutconfig
2024-09-10 19:32:05,693 [WARN] SupportedApi:132 - Cannot load RTOS API schema: s4s-elt-must-match.1: The content of 'definitions' must match (annotation?, (simpleType | complexType)?, (unique | key | keyref)*)). A problem was found starting at: attribute.
2024-09-10 19:32:06,025 [INFO] PluginManage:359 - Loaded plugin pinoutconfig (category:base,tabindex:0)
2024-09-10 19:32:06,026 [INFO] PluginManage:310 - Check plugin power
2024-09-10 19:32:06,181 [INFO] PluginManage:359 - Loaded plugin power (category:power,tabindex:4)
2024-09-10 19:32:06,182 [INFO] PluginManage:310 - Check plugin projectmanager
2024-09-10 19:32:06,224 [INFO] PluginManage:359 - Loaded plugin projectmanager (category:projectmanager,tabindex:3)
2024-09-10 19:32:06,224 [INFO] PluginManage:310 - Check plugin thirdparty
2024-09-10 19:32:09,591 [INFO] PluginManage:359 - Loaded plugin thirdparty (category:base,tabindex:-1)
2024-09-10 19:32:09,592 [INFO] PluginManage:310 - Check plugin tools
2024-09-10 19:32:09,634 [WARN] IntegrityCheckThread:84 - waiting for thirdparty lock release [integrity check]
2024-09-10 19:32:09,634 [INFO] IntegrityCheckThread:86 - entering critical section [integrity check]
2024-09-10 19:32:09,635 [INFO] ThirdPartyUpdaterWithRetryManager:70 - Updater plugin not ready yet. [1/15]
2024-09-10 19:32:09,749 [INFO] PluginManage:359 - Loaded plugin tools (category:base,tabindex:7)
2024-09-10 19:32:09,750 [INFO] PluginManage:310 - Check plugin tutovideos
2024-09-10 19:32:10,758 [INFO] PluginManage:359 - Loaded plugin tutovideos (category:base,tabindex:-1)
2024-09-10 19:32:10,759 [INFO] PluginManage:310 - Check plugin updater
2024-09-10 19:32:10,854 [INFO] PluginManage:359 - Loaded plugin updater (category:base,tabindex:12)
2024-09-10 19:32:10,854 [INFO] PluginManage:310 - Check plugin userauth
2024-09-10 19:32:10,866 [INFO] UserAuth:114 - Init User Auth plugin
2024-09-10 19:32:10,866 [INFO] PluginManage:359 - Loaded plugin userauth (category:base,tabindex:14)
2024-09-10 19:32:10,868 [INFO] PluginManage:283 - PluginManage : Loaded plugins [17]
2024-09-10 19:32:11,892 [INFO] PinOutPanel:1561 - setPackage(No Configuration,No Configuration)
2024-09-10 19:32:12,204 [INFO] CADModel:165 - CPN selected for project level
2024-09-10 19:32:12,204 [INFO] CADModel:114 - Register for checkConnection events
2024-09-10 19:32:12,308 [INFO] IPUIPlugin:80 - create IPUIPlugin
2024-09-10 19:32:12,308 [INFO] PluginManager:220 - loadIPPluginJar : add adc
2024-09-10 19:32:12,500 [INFO] IPUIPlugin:80 - create IPUIPlugin
2024-09-10 19:32:12,500 [INFO] PluginManager:220 - loadIPPluginJar : add aes
2024-09-10 19:32:12,632 [INFO] IPUIPlugin:80 - create IPUIPlugin
2024-09-10 19:32:12,632 [INFO] PluginManager:220 - loadIPPluginJar : add can
2024-09-10 19:32:12,636 [INFO] ThirdPartyUpdaterWithRetryManager:70 - Updater plugin not ready yet. [2/15]
2024-09-10 19:32:12,709 [INFO] IPUIPlugin:80 - create IPUIPlugin
2024-09-10 19:32:12,709 [INFO] PluginManager:220 - loadIPPluginJar : add comp
2024-09-10 19:32:12,837 [INFO] IPUIPlugin:80 - create IPUIPlugin
2024-09-10 19:32:12,837 [INFO] PluginManager:220 - loadIPPluginJar : add cryp
2024-09-10 19:32:12,945 [INFO] IPUIPlugin:80 - create IPUIPlugin
2024-09-10 19:32:12,947 [INFO] PluginManager:220 - loadIPPluginJar : add dfsdm
2024-09-10 19:32:13,037 [INFO] IPUIPlugin:80 - create IPUIPlugin
2024-09-10 19:32:13,041 [INFO] PluginManager:220 - loadIPPluginJar : add dma
2024-09-10 19:32:13,330 [INFO] IPUIPlugin:80 - create IPUIPlugin
2024-09-10 19:32:13,330 [INFO] PluginManager:220 - loadIPPluginJar : add dma3
2024-09-10 19:32:13,486 [INFO] IPUIPlugin:80 - create IPUIPlugin
2024-09-10 19:32:13,486 [INFO] PluginManager:220 - loadIPPluginJar : add extmemmanager
2024-09-10 19:32:13,625 [INFO] IPUIPlugin:80 - create IPUIPlugin
2024-09-10 19:32:13,625 [INFO] PluginManager:220 - loadIPPluginJar : add fatfs
2024-09-10 19:32:13,808 [INFO] IPUIPlugin:80 - create IPUIPlugin
2024-09-10 19:32:13,808 [INFO] PluginManager:220 - loadIPPluginJar : add fmc
2024-09-10 19:32:13,901 [INFO] IPUIPlugin:80 - create IPUIPlugin
2024-09-10 19:32:13,901 [INFO] PluginManager:220 - loadIPPluginJar : add freertos
2024-09-10 19:32:14,123 [INFO] IPUIPlugin:80 - create IPUIPlugin
2024-09-10 19:32:14,123 [INFO] PluginManager:220 - loadIPPluginJar : add genericplugin
2024-09-10 19:32:14,837 [INFO] IPUIPlugin:80 - create IPUIPlugin
2024-09-10 19:32:14,837 [INFO] PluginManager:220 - loadIPPluginJar : add gfxmmu
2024-09-10 19:32:16,038 [INFO] ThirdPartyUpdaterWithRetryManager:70 - Updater plugin not ready yet. [3/15]
2024-09-10 19:32:16,367 [INFO] IPUIPlugin:80 - create IPUIPlugin
2024-09-10 19:32:16,367 [INFO] PluginManager:220 - loadIPPluginJar : add gic
2024-09-10 19:32:16,676 [INFO] IPUIPlugin:80 - create IPUIPlugin
2024-09-10 19:32:16,677 [INFO] PluginManager:220 - loadIPPluginJar : add gpio
2024-09-10 19:32:17,823 [INFO] IPUIPlugin:80 - create IPUIPlugin
2024-09-10 19:32:17,823 [INFO] PluginManager:220 - loadIPPluginJar : add gtzc
2024-09-10 19:32:18,189 [INFO] IPUIPlugin:80 - create IPUIPlugin
2024-09-10 19:32:18,189 [INFO] PluginManager:220 - loadIPPluginJar : add hash
2024-09-10 19:32:18,608 [INFO] IPUIPlugin:80 - create IPUIPlugin
2024-09-10 19:32:18,612 [INFO] PluginManager:220 - loadIPPluginJar : add i2c
2024-09-10 19:32:18,796 [INFO] IPUIPlugin:80 - create IPUIPlugin
2024-09-10 19:32:18,796 [INFO] PluginManager:220 - loadIPPluginJar : add i2s
2024-09-10 19:32:18,952 [INFO] IPUIPlugin:80 - create IPUIPlugin
2024-09-10 19:32:18,952 [INFO] PluginManager:220 - loadIPPluginJar : add i3c
2024-09-10 19:32:19,074 [INFO] ThirdPartyUpdaterWithRetryManager:70 - Updater plugin not ready yet. [4/15]
2024-09-10 19:32:19,366 [INFO] IPUIPlugin:80 - create IPUIPlugin
2024-09-10 19:32:19,367 [INFO] PluginManager:220 - loadIPPluginJar : add ipddr
2024-09-10 19:32:19,891 [INFO] IPUIPlugin:80 - create IPUIPlugin
2024-09-10 19:32:19,894 [INFO] PluginManager:220 - loadIPPluginJar : add linkedlist
2024-09-10 19:32:20,016 [INFO] IPUIPlugin:80 - create IPUIPlugin
2024-09-10 19:32:20,016 [INFO] PluginManager:220 - loadIPPluginJar : add lorawan
2024-09-10 19:32:20,185 [INFO] IPUIPlugin:80 - create IPUIPlugin
2024-09-10 19:32:20,186 [INFO] PluginManager:220 - loadIPPluginJar : add ltdc
2024-09-10 19:32:20,283 [INFO] IPUIPlugin:80 - create IPUIPlugin
2024-09-10 19:32:20,284 [INFO] PluginManager:220 - loadIPPluginJar : add mdma
2024-09-10 19:32:20,323 [INFO] IPUIPlugin:80 - create IPUIPlugin
2024-09-10 19:32:20,324 [INFO] PluginManager:220 - loadIPPluginJar : add nvic
2024-09-10 19:32:20,435 [INFO] IPUIPlugin:80 - create IPUIPlugin
2024-09-10 19:32:20,435 [INFO] PluginManager:220 - loadIPPluginJar : add opamp
2024-09-10 19:32:20,725 [INFO] IPUIPlugin:80 - create IPUIPlugin
2024-09-10 19:32:20,726 [INFO] PluginManager:220 - loadIPPluginJar : add openamp
2024-09-10 19:32:21,091 [INFO] IPUIPlugin:80 - create IPUIPlugin
2024-09-10 19:32:21,091 [INFO] PluginManager:220 - loadIPPluginJar : add pdm2pcm
2024-09-10 19:32:21,180 [INFO] IPUIPlugin:80 - create IPUIPlugin
2024-09-10 19:32:21,185 [INFO] PluginManager:220 - loadIPPluginJar : add plateformsettings
2024-09-10 19:32:21,251 [INFO] IPUIPlugin:80 - create IPUIPlugin
2024-09-10 19:32:21,251 [INFO] PluginManager:220 - loadIPPluginJar : add quadspi
2024-09-10 19:32:21,370 [INFO] IPUIPlugin:80 - create IPUIPlugin
2024-09-10 19:32:21,370 [INFO] PluginManager:220 - loadIPPluginJar : add resmgrutility
2024-09-10 19:32:21,970 [INFO] IPUIPlugin:80 - create IPUIPlugin
2024-09-10 19:32:21,970 [INFO] PluginManager:220 - loadIPPluginJar : add sai
2024-09-10 19:32:22,107 [INFO] ThirdPartyUpdaterWithRetryManager:70 - Updater plugin not ready yet. [5/15]
2024-09-10 19:32:22,158 [INFO] IPUIPlugin:80 - create IPUIPlugin
2024-09-10 19:32:22,158 [INFO] PluginManager:220 - loadIPPluginJar : add spi
2024-09-10 19:32:22,535 [INFO] IPUIPlugin:80 - create IPUIPlugin
2024-09-10 19:32:22,535 [INFO] PluginManager:220 - loadIPPluginJar : add stm32_wpan
2024-09-10 19:32:22,693 [INFO] IPUIPlugin:80 - create IPUIPlugin
2024-09-10 19:32:22,694 [INFO] PluginManager:220 - loadIPPluginJar : add tim
2024-09-10 19:32:22,964 [INFO] IPUIPlugin:80 - create IPUIPlugin
2024-09-10 19:32:22,964 [INFO] PluginManager:220 - loadIPPluginJar : add touchsensing
2024-09-10 19:32:23,117 [INFO] IPUIPlugin:80 - create IPUIPlugin
2024-09-10 19:32:23,117 [INFO] PluginManager:220 - loadIPPluginJar : add tracer_emb
2024-09-10 19:32:23,241 [INFO] IPUIPlugin:80 - create IPUIPlugin
2024-09-10 19:32:23,241 [INFO] PluginManager:220 - loadIPPluginJar : add ts
2024-09-10 19:32:23,330 [INFO] IPUIPlugin:80 - create IPUIPlugin
2024-09-10 19:32:23,330 [INFO] PluginManager:220 - loadIPPluginJar : add tsc
2024-09-10 19:32:23,408 [INFO] IPUIPlugin:80 - create IPUIPlugin
2024-09-10 19:32:23,408 [INFO] PluginManager:220 - loadIPPluginJar : add ucpd
2024-09-10 19:32:23,593 [INFO] IPUIPlugin:80 - create IPUIPlugin
2024-09-10 19:32:23,593 [INFO] PluginManager:220 - loadIPPluginJar : add usart
2024-09-10 19:32:23,798 [INFO] IPUIPlugin:80 - create IPUIPlugin
2024-09-10 19:32:23,799 [INFO] PluginManager:220 - loadIPPluginJar : add usbx
2024-09-10 19:32:24,057 [INFO] CADModel:165 - CPN selected for project level
2024-09-10 19:32:24,057 [INFO] CADModel:114 - Register for checkConnection events
2024-09-10 19:32:24,058 [FATAL] Updater:308 - Updater called before beeing initialized
2024-09-10 19:32:24,058 [ERROR] CADModel:125 - Updater not yet initialized, retry later 
2024-09-10 19:32:24,450 [INFO] CADModel:165 - CPN selected for project level
2024-09-10 19:32:24,450 [INFO] CADModel:114 - Register for checkConnection events
2024-09-10 19:32:24,450 [FATAL] Updater:308 - Updater called before beeing initialized
2024-09-10 19:32:24,450 [ERROR] CADModel:125 - Updater not yet initialized, retry later 
2024-09-10 19:32:24,457 [FATAL] Updater:308 - Updater called before beeing initialized
2024-09-10 19:32:24,878 [FATAL] Updater:308 - Updater called before beeing initialized
2024-09-10 19:32:24,909 [INFO] DbMcusAds:53 - JSON generation date=Thu May 16 11:22:01 CEST 2024 (1715851321109)
2024-09-10 19:32:24,909 [FATAL] Updater:308 - Updater called before beeing initialized
2024-09-10 19:32:25,144 [INFO] ThirdPartyUpdaterWithRetryManager:70 - Updater plugin not ready yet. [6/15]
2024-09-10 19:32:25,352 [WARN] DetailPanel:346 - Failed to get advertising image, set to default
2024-09-10 19:32:26,107 [FATAL] Updater:308 - Updater called before beeing initialized
2024-09-10 19:32:26,112 [FATAL] Updater:308 - Updater called before beeing initialized
2024-09-10 19:32:26,112 [FATAL] Updater:308 - Updater called before beeing initialized
2024-09-10 19:32:26,113 [WARN] DetailPanel:346 - Failed to get advertising image, set to default
2024-09-10 19:32:26,115 [FATAL] Updater:308 - Updater called before beeing initialized
2024-09-10 19:32:26,340 [ERROR] Updater:1120 - MainUpdater not yet initialized. External WinMGr cannot be set.
2024-09-10 19:32:26,496 [INFO] Updater:1056 - Updater Version found : 6.11.1
2024-09-10 19:32:26,569 [INFO] ApplicationProperties:184 - Using Application install path: C:\ST\STM32CubeIDE_1.15.1\STM32CubeIDE\plugins\com.st.stm32cube.common.mx_6.11.1.202404110753
2024-09-10 19:32:28,298 [FATAL] Updater:308 - Updater called before beeing initialized
2024-09-10 19:32:28,307 [ERROR] IntegrityCheckThread:130 - Cannot retrieve database content from updater: error 21
2024-09-10 19:32:28,310 [INFO] ThirdParty:978 - Integrity check success = false
2024-09-10 19:32:28,311 [INFO] IntegrityCheckThread:100 - exiting critical section [integrity check]
2024-09-10 19:32:28,311 [INFO] IntegrityCheckThread:103 - End integrity checks thread
2024-09-10 19:32:28,388 [ERROR] LogOutputStream:75 - [STDERR_REDIRECT] Sep 10, 2024 7:32:28 PM java.util.prefs.WindowsPreferences <init>
2024-09-10 19:32:28,393 [ERROR] LogOutputStream:75 - [STDERR_REDIRECT] WARNING: Could not open/create prefs root node Software\JavaSoft\Prefs at root 0xffffffff80000002. Windows RegCreateKeyEx(...) returned error code 5.
2024-09-10 19:32:28,394 [ERROR] LogOutputStream:75 - [STDERR_REDIRECT] 
2024-09-10 19:32:29,739 [INFO] MainUpdater:2873 - connection check result : 10
2024-09-10 19:32:29,740 [INFO] MainUpdater:290 - Updater Check For Update Now.
2024-09-10 19:32:29,741 [INFO] MicroXplorer:498 - Change Database Version : DB.6.0.111
2024-09-10 19:32:30,052 [INFO] McuFinderGlobals:63 - Set McuFinder mode to 2 (CubeIDE integrated)
2024-09-10 19:32:30,264 [INFO] UserAuth:415 - Internet connection configuration mode: 1
2024-09-10 19:32:30,431 [INFO] JxBrowserEngine:152 - Initiate JxBrowser Engine with user profile folder
2024-09-10 19:32:31,364 [INFO] CheckServerUpdateThread:120 - End of CheckServer Thread
2024-09-10 19:32:52,319 [INFO] WebApp:161 - Instantiating new browser for Auth
2024-09-10 19:32:55,949 [INFO] WebApp:779 - Register for checkConnection events
2024-09-10 19:32:55,950 [INFO] WebApp:414 - Apply proxy settings
2024-09-10 19:32:55,950 [INFO] WebApp:499 - Chromium requires no authentication
2024-09-10 19:32:55,971 [INFO] WebApp:442 - Direct internet connection detected
2024-09-10 19:32:56,586 [INFO] WebApp:192 - Starting web application
2024-09-10 19:32:56,586 [INFO] WebApp:544 - Web application path used C:\ST\STM32CubeIDE_1.15.1\STM32CubeIDE\plugins\com.st.stm32cube.common.mx_6.11.1.202404110753\db\plugins\mcufinder\reactClient1\index.html
2024-09-10 19:36:20,518 [ERROR] LogOutputStream:75 - [STDERR_REDIRECT] 
2024-09-10 19:36:20,519 [ERROR] LogOutputStream:75 - [STDERR_REDIRECT] 
2024-09-10 20:55:06,520 [INFO] Activator:176 - 


2024-09-10 20:55:06,527 [INFO] Activator:177 - !SESSION log4j initialized
2024-09-10 20:55:22,900 [INFO] LogOutputStream:77 - [STDOUT_REDIRECT] 
2024-09-10 20:55:44,394 [INFO] ApplicationProperties:184 - Using Application install path: C:\ST\STM32CubeIDE_1.15.1\STM32CubeIDE\plugins\com.st.stm32cube.common.mx_6.11.1.202404110753
2024-09-10 20:55:44,438 [INFO] DbMcusXml:78 - Set database path to: C:\ST\STM32CubeIDE_1.15.1\STM32CubeIDE\plugins\com.st.stm32cube.common.mx_6.11.1.202404110753\\db\/mcu/
2024-09-10 20:55:44,439 [INFO] ApiDb:274 - Set plugin database path to: C:\ST\STM32CubeIDE_1.15.1\STM32CubeIDE\plugins\com.st.stm32cube.common.mx_6.11.1.202404110753\\db\/plugins/boardmanager/
2024-09-10 20:55:44,439 [WARN] ApiDb:259 - Overriding images path with different value:  => C:\ST\STM32CubeIDE_1.15.1\STM32CubeIDE\plugins\com.st.stm32cube.common.mx_6.11.1.202404110753\\db\/plugins/mcufinder/images/
2024-09-10 20:55:44,459 [INFO] ApiDb:250 - Set database path to: C:\Users\dbank\.stmcufinder\plugins\mcufinder//mcu/
2024-09-10 20:55:44,462 [INFO] DbMcusAds:125 - Set database path to: C:\Users\dbank\.stmcufinder\plugins\mcufinder//mcu/
2024-09-10 20:55:44,470 [INFO] CrossReferenceDbSqlite:203 - Set database path to: C:\Users\dbank\.stmcufinder\plugins\mcufinder//mcu/cs/
2024-09-10 20:55:44,794 [INFO] RulesReader:64 - Compatibility file has been processed (297 Rules)
2024-09-10 20:55:45,947 [INFO] DbMcusXml:78 - Set database path to: C:\ST\STM32CubeIDE_1.15.1\STM32CubeIDE\plugins\com.st.stm32cube.common.mx_6.11.1.202404110753\\db\/mcu/
2024-09-10 20:55:45,948 [INFO] ApiDb:274 - Set plugin database path to: C:\ST\STM32CubeIDE_1.15.1\STM32CubeIDE\plugins\com.st.stm32cube.common.mx_6.11.1.202404110753\\db\/plugins/boardmanager/
2024-09-10 20:55:45,948 [INFO] ApiDb:261 - Set plugin images path to: C:\ST\STM32CubeIDE_1.15.1\STM32CubeIDE\plugins\com.st.stm32cube.common.mx_6.11.1.202404110753\\db\/plugins/mcufinder/images/
2024-09-10 20:55:45,948 [WARN] DbFile:41 - Overriding database path with different value: C:\Users\dbank\.stmcufinder\plugins\mcufinder/ => C:\Users\dbank\.stmcufinder\plugins\mcufinder
2024-09-10 20:55:45,949 [INFO] ApiDb:250 - Set database path to: C:\Users\dbank\.stmcufinder\plugins\mcufinder//mcu/
2024-09-10 20:55:45,949 [WARN] DbFile:41 - Overriding database path with different value: C:\Users\dbank\.stmcufinder\plugins\mcufinder/ => C:\Users\dbank\.stmcufinder\plugins\mcufinder
2024-09-10 20:55:45,949 [INFO] DbMcusAds:125 - Set database path to: C:\Users\dbank\.stmcufinder\plugins\mcufinder//mcu/
2024-09-10 20:55:45,949 [WARN] DbFile:41 - Overriding database path with different value: C:\Users\dbank\.stmcufinder\plugins\mcufinder/ => C:\Users\dbank\.stmcufinder\plugins\mcufinder
2024-09-10 20:55:45,949 [WARN] DbFile:41 - Overriding database path with different value: C:\Users\dbank\.stmcufinder\plugins\mcufinder/ => C:\Users\dbank\.stmcufinder\plugins\mcufinder
2024-09-10 20:55:45,950 [INFO] CrossReferenceDbSqlite:203 - Set database path to: C:\Users\dbank\.stmcufinder\plugins\mcufinder//mcu/cs/
2024-09-10 20:55:46,393 [INFO] MainPanel:264 - HeapMemory: 300941312
2024-09-10 20:55:46,593 [INFO] DbMcusXml:78 - Set database path to: C:\ST\STM32CubeIDE_1.15.1\STM32CubeIDE\plugins\com.st.stm32cube.common.mx_6.11.1.202404110753\\db\/mcu/
2024-09-10 20:55:46,594 [INFO] ApiDb:274 - Set plugin database path to: C:\ST\STM32CubeIDE_1.15.1\STM32CubeIDE\plugins\com.st.stm32cube.common.mx_6.11.1.202404110753\\db\/plugins/boardmanager/
2024-09-10 20:55:46,594 [INFO] ApiDb:261 - Set plugin images path to: C:\ST\STM32CubeIDE_1.15.1\STM32CubeIDE\plugins\com.st.stm32cube.common.mx_6.11.1.202404110753\\db\/plugins/mcufinder/images/
2024-09-10 20:55:46,595 [WARN] DbFile:41 - Overriding database path with different value: C:\Users\dbank\.stmcufinder\plugins\mcufinder/ => C:\Users\dbank\.stmcufinder\plugins\mcufinder
2024-09-10 20:55:46,595 [INFO] ApiDb:250 - Set database path to: C:\Users\dbank\.stmcufinder\plugins\mcufinder//mcu/
2024-09-10 20:55:46,595 [WARN] DbFile:41 - Overriding database path with different value: C:\Users\dbank\.stmcufinder\plugins\mcufinder/ => C:\Users\dbank\.stmcufinder\plugins\mcufinder
2024-09-10 20:55:46,595 [INFO] DbMcusAds:125 - Set database path to: C:\Users\dbank\.stmcufinder\plugins\mcufinder//mcu/
2024-09-10 20:55:46,595 [WARN] DbFile:41 - Overriding database path with different value: C:\Users\dbank\.stmcufinder\plugins\mcufinder/ => C:\Users\dbank\.stmcufinder\plugins\mcufinder
2024-09-10 20:55:46,596 [WARN] DbFile:41 - Overriding database path with different value: C:\Users\dbank\.stmcufinder\plugins\mcufinder/ => C:\Users\dbank\.stmcufinder\plugins\mcufinder
2024-09-10 20:55:46,596 [INFO] CrossReferenceDbSqlite:203 - Set database path to: C:\Users\dbank\.stmcufinder\plugins\mcufinder//mcu/cs/
2024-09-10 20:55:46,661 [INFO] ApplicationProperties:184 - Using Application install path: C:\ST\STM32CubeIDE_1.15.1\STM32CubeIDE\plugins\com.st.stm32cube.common.mx_6.11.1.202404110753
2024-09-10 20:55:46,666 [INFO] PluginManage:196 - Search for loadable plugins [exclusion list=, ]
2024-09-10 20:55:46,669 [INFO] PluginManage:310 - Check plugin analytics
2024-09-10 20:55:47,277 [INFO] AnalyticsPlugin:253 - Accepted Software Licenses: 
2024-09-10 20:55:47,278 [INFO] AnalyticsPlugin:255 - Accepted CMSIS Pack Licenses: 
2024-09-10 20:55:47,279 [INFO] AnalyticsPlugin:257 - Accepted Firmware Licenses: FW.H7.1.11.0
2024-09-10 20:55:47,285 [INFO] PluginManage:359 - Loaded plugin analytics (category:tool,tabindex:-1)
2024-09-10 20:55:47,287 [INFO] PluginManage:310 - Check plugin cadmodel
2024-09-10 20:55:47,298 [INFO] CADModel:105 - Init CAD model plugin
2024-09-10 20:55:47,298 [INFO] PluginManage:359 - Loaded plugin cadmodel (category:power,tabindex:5)
2024-09-10 20:55:47,298 [INFO] PluginManage:310 - Check plugin clock
2024-09-10 20:55:47,324 [INFO] PluginManage:359 - Loaded plugin clock (category:base,tabindex:2)
2024-09-10 20:55:47,324 [INFO] PluginManage:310 - Check plugin ddr
2024-09-10 20:55:47,328 [INFO] PluginManage:359 - Loaded plugin ddr (category:tool,tabindex:6)
2024-09-10 20:55:47,329 [INFO] PluginManage:310 - Check plugin filemanager
2024-09-10 20:55:47,628 [INFO] PluginManage:359 - Loaded plugin filemanager (category:base,tabindex:10)
2024-09-10 20:55:47,628 [INFO] PluginManage:310 - Check plugin ipmanager
2024-09-10 20:55:47,645 [INFO] PluginManage:359 - Loaded plugin ipmanager (category:base,tabindex:5)
2024-09-10 20:55:47,645 [INFO] PluginManage:310 - Check plugin lpbam
2024-09-10 20:55:47,664 [INFO] PluginManage:359 - Loaded plugin lpbam (category:base,tabindex:0)
2024-09-10 20:55:47,664 [INFO] PluginManage:310 - Check plugin memorymap
2024-09-10 20:55:47,697 [INFO] PluginManage:359 - Loaded plugin memorymap (category:base,tabindex:4)
2024-09-10 20:55:47,697 [INFO] PluginManage:310 - Check plugin pinoutandconfiguration
2024-09-10 20:55:47,714 [INFO] PluginManage:359 - Loaded plugin pinoutandconfiguration (category:base,tabindex:1)
2024-09-10 20:55:47,715 [INFO] PluginManage:310 - Check plugin pinoutconfig
2024-09-10 20:55:47,910 [WARN] SupportedApi:132 - Cannot load RTOS API schema: s4s-elt-must-match.1: The content of 'definitions' must match (annotation?, (simpleType | complexType)?, (unique | key | keyref)*)). A problem was found starting at: attribute.
2024-09-10 20:55:48,202 [INFO] PluginManage:359 - Loaded plugin pinoutconfig (category:base,tabindex:0)
2024-09-10 20:55:48,202 [INFO] PluginManage:310 - Check plugin power
2024-09-10 20:55:48,228 [INFO] PluginManage:359 - Loaded plugin power (category:power,tabindex:4)
2024-09-10 20:55:48,228 [INFO] PluginManage:310 - Check plugin projectmanager
2024-09-10 20:55:48,273 [INFO] PluginManage:359 - Loaded plugin projectmanager (category:projectmanager,tabindex:3)
2024-09-10 20:55:48,274 [INFO] PluginManage:310 - Check plugin thirdparty
2024-09-10 20:55:48,548 [INFO] PluginManage:359 - Loaded plugin thirdparty (category:base,tabindex:-1)
2024-09-10 20:55:48,548 [INFO] PluginManage:310 - Check plugin tools
2024-09-10 20:55:48,547 [WARN] IntegrityCheckThread:84 - waiting for thirdparty lock release [integrity check]
2024-09-10 20:55:48,548 [INFO] IntegrityCheckThread:86 - entering critical section [integrity check]
2024-09-10 20:55:48,549 [INFO] ThirdPartyUpdaterWithRetryManager:70 - Updater plugin not ready yet. [1/15]
2024-09-10 20:55:48,553 [INFO] PluginManage:359 - Loaded plugin tools (category:base,tabindex:7)
2024-09-10 20:55:48,553 [INFO] PluginManage:310 - Check plugin tutovideos
2024-09-10 20:55:48,936 [INFO] PluginManage:359 - Loaded plugin tutovideos (category:base,tabindex:-1)
2024-09-10 20:55:48,936 [INFO] PluginManage:310 - Check plugin updater
2024-09-10 20:55:48,958 [INFO] PluginManage:359 - Loaded plugin updater (category:base,tabindex:12)
2024-09-10 20:55:48,958 [INFO] PluginManage:310 - Check plugin userauth
2024-09-10 20:55:48,968 [INFO] UserAuth:114 - Init User Auth plugin
2024-09-10 20:55:48,969 [INFO] PluginManage:359 - Loaded plugin userauth (category:base,tabindex:14)
2024-09-10 20:55:48,970 [INFO] PluginManage:283 - PluginManage : Loaded plugins [17]
2024-09-10 20:55:49,452 [INFO] PinOutPanel:1561 - setPackage(No Configuration,No Configuration)
2024-09-10 20:55:49,613 [INFO] CADModel:165 - CPN selected for project level
2024-09-10 20:55:49,614 [INFO] CADModel:114 - Register for checkConnection events
2024-09-10 20:55:49,646 [INFO] IPUIPlugin:80 - create IPUIPlugin
2024-09-10 20:55:49,646 [INFO] PluginManager:220 - loadIPPluginJar : add adc
2024-09-10 20:55:49,651 [INFO] IPUIPlugin:80 - create IPUIPlugin
2024-09-10 20:55:49,652 [INFO] PluginManager:220 - loadIPPluginJar : add aes
2024-09-10 20:55:49,657 [INFO] IPUIPlugin:80 - create IPUIPlugin
2024-09-10 20:55:49,658 [INFO] PluginManager:220 - loadIPPluginJar : add can
2024-09-10 20:55:49,661 [INFO] IPUIPlugin:80 - create IPUIPlugin
2024-09-10 20:55:49,662 [INFO] PluginManager:220 - loadIPPluginJar : add comp
2024-09-10 20:55:49,667 [INFO] IPUIPlugin:80 - create IPUIPlugin
2024-09-10 20:55:49,667 [INFO] PluginManager:220 - loadIPPluginJar : add cryp
2024-09-10 20:55:49,672 [INFO] IPUIPlugin:80 - create IPUIPlugin
2024-09-10 20:55:49,672 [INFO] PluginManager:220 - loadIPPluginJar : add dfsdm
2024-09-10 20:55:49,683 [INFO] IPUIPlugin:80 - create IPUIPlugin
2024-09-10 20:55:49,684 [INFO] PluginManager:220 - loadIPPluginJar : add dma
2024-09-10 20:55:49,689 [INFO] IPUIPlugin:80 - create IPUIPlugin
2024-09-10 20:55:49,689 [INFO] PluginManager:220 - loadIPPluginJar : add dma3
2024-09-10 20:55:49,695 [INFO] IPUIPlugin:80 - create IPUIPlugin
2024-09-10 20:55:49,695 [INFO] PluginManager:220 - loadIPPluginJar : add extmemmanager
2024-09-10 20:55:49,698 [INFO] IPUIPlugin:80 - create IPUIPlugin
2024-09-10 20:55:49,699 [INFO] PluginManager:220 - loadIPPluginJar : add fatfs
2024-09-10 20:55:49,707 [INFO] IPUIPlugin:80 - create IPUIPlugin
2024-09-10 20:55:49,708 [INFO] PluginManager:220 - loadIPPluginJar : add fmc
2024-09-10 20:55:49,720 [INFO] IPUIPlugin:80 - create IPUIPlugin
2024-09-10 20:55:49,720 [INFO] PluginManager:220 - loadIPPluginJar : add freertos
2024-09-10 20:55:49,723 [INFO] IPUIPlugin:80 - create IPUIPlugin
2024-09-10 20:55:49,723 [INFO] PluginManager:220 - loadIPPluginJar : add genericplugin
2024-09-10 20:55:49,730 [INFO] IPUIPlugin:80 - create IPUIPlugin
2024-09-10 20:55:49,731 [INFO] PluginManager:220 - loadIPPluginJar : add gfxmmu
2024-09-10 20:55:49,741 [INFO] IPUIPlugin:80 - create IPUIPlugin
2024-09-10 20:55:49,742 [INFO] PluginManager:220 - loadIPPluginJar : add gic
2024-09-10 20:55:49,749 [INFO] IPUIPlugin:80 - create IPUIPlugin
2024-09-10 20:55:49,749 [INFO] PluginManager:220 - loadIPPluginJar : add gpio
2024-09-10 20:55:49,756 [INFO] IPUIPlugin:80 - create IPUIPlugin
2024-09-10 20:55:49,756 [INFO] PluginManager:220 - loadIPPluginJar : add gtzc
2024-09-10 20:55:49,762 [INFO] IPUIPlugin:80 - create IPUIPlugin
2024-09-10 20:55:49,762 [INFO] PluginManager:220 - loadIPPluginJar : add hash
2024-09-10 20:55:49,771 [INFO] IPUIPlugin:80 - create IPUIPlugin
2024-09-10 20:55:49,771 [INFO] PluginManager:220 - loadIPPluginJar : add i2c
2024-09-10 20:55:49,777 [INFO] IPUIPlugin:80 - create IPUIPlugin
2024-09-10 20:55:49,778 [INFO] PluginManager:220 - loadIPPluginJar : add i2s
2024-09-10 20:55:49,783 [INFO] IPUIPlugin:80 - create IPUIPlugin
2024-09-10 20:55:49,783 [INFO] PluginManager:220 - loadIPPluginJar : add i3c
2024-09-10 20:55:49,790 [INFO] IPUIPlugin:80 - create IPUIPlugin
2024-09-10 20:55:49,790 [INFO] PluginManager:220 - loadIPPluginJar : add ipddr
2024-09-10 20:55:49,803 [INFO] IPUIPlugin:80 - create IPUIPlugin
2024-09-10 20:55:49,803 [INFO] PluginManager:220 - loadIPPluginJar : add linkedlist
2024-09-10 20:55:49,808 [INFO] IPUIPlugin:80 - create IPUIPlugin
2024-09-10 20:55:49,809 [INFO] PluginManager:220 - loadIPPluginJar : add lorawan
2024-09-10 20:55:49,812 [INFO] IPUIPlugin:80 - create IPUIPlugin
2024-09-10 20:55:49,812 [INFO] PluginManager:220 - loadIPPluginJar : add ltdc
2024-09-10 20:55:49,825 [INFO] IPUIPlugin:80 - create IPUIPlugin
2024-09-10 20:55:49,826 [INFO] PluginManager:220 - loadIPPluginJar : add mdma
2024-09-10 20:55:49,833 [INFO] IPUIPlugin:80 - create IPUIPlugin
2024-09-10 20:55:49,834 [INFO] PluginManager:220 - loadIPPluginJar : add nvic
2024-09-10 20:55:49,840 [INFO] IPUIPlugin:80 - create IPUIPlugin
2024-09-10 20:55:49,840 [INFO] PluginManager:220 - loadIPPluginJar : add opamp
2024-09-10 20:55:49,847 [INFO] IPUIPlugin:80 - create IPUIPlugin
2024-09-10 20:55:49,847 [INFO] PluginManager:220 - loadIPPluginJar : add openamp
2024-09-10 20:55:49,855 [INFO] IPUIPlugin:80 - create IPUIPlugin
2024-09-10 20:55:49,856 [INFO] PluginManager:220 - loadIPPluginJar : add pdm2pcm
2024-09-10 20:55:49,869 [INFO] IPUIPlugin:80 - create IPUIPlugin
2024-09-10 20:55:49,875 [INFO] PluginManager:220 - loadIPPluginJar : add plateformsettings
2024-09-10 20:55:49,878 [INFO] IPUIPlugin:80 - create IPUIPlugin
2024-09-10 20:55:49,879 [INFO] PluginManager:220 - loadIPPluginJar : add quadspi
2024-09-10 20:55:49,887 [INFO] IPUIPlugin:80 - create IPUIPlugin
2024-09-10 20:55:49,887 [INFO] PluginManager:220 - loadIPPluginJar : add resmgrutility
2024-09-10 20:55:49,893 [INFO] IPUIPlugin:80 - create IPUIPlugin
2024-09-10 20:55:49,894 [INFO] PluginManager:220 - loadIPPluginJar : add sai
2024-09-10 20:55:49,899 [INFO] IPUIPlugin:80 - create IPUIPlugin
2024-09-10 20:55:49,901 [INFO] PluginManager:220 - loadIPPluginJar : add spi
2024-09-10 20:55:49,912 [INFO] IPUIPlugin:80 - create IPUIPlugin
2024-09-10 20:55:49,912 [INFO] PluginManager:220 - loadIPPluginJar : add stm32_wpan
2024-09-10 20:55:49,917 [INFO] IPUIPlugin:80 - create IPUIPlugin
2024-09-10 20:55:49,918 [INFO] PluginManager:220 - loadIPPluginJar : add tim
2024-09-10 20:55:49,928 [INFO] IPUIPlugin:80 - create IPUIPlugin
2024-09-10 20:55:49,928 [INFO] PluginManager:220 - loadIPPluginJar : add touchsensing
2024-09-10 20:55:49,933 [INFO] IPUIPlugin:80 - create IPUIPlugin
2024-09-10 20:55:49,933 [INFO] PluginManager:220 - loadIPPluginJar : add tracer_emb
2024-09-10 20:55:49,940 [INFO] IPUIPlugin:80 - create IPUIPlugin
2024-09-10 20:55:49,940 [INFO] PluginManager:220 - loadIPPluginJar : add ts
2024-09-10 20:55:49,943 [INFO] IPUIPlugin:80 - create IPUIPlugin
2024-09-10 20:55:49,944 [INFO] PluginManager:220 - loadIPPluginJar : add tsc
2024-09-10 20:55:49,948 [INFO] IPUIPlugin:80 - create IPUIPlugin
2024-09-10 20:55:49,948 [INFO] PluginManager:220 - loadIPPluginJar : add ucpd
2024-09-10 20:55:49,955 [INFO] IPUIPlugin:80 - create IPUIPlugin
2024-09-10 20:55:49,956 [INFO] PluginManager:220 - loadIPPluginJar : add usart
2024-09-10 20:55:49,962 [INFO] IPUIPlugin:80 - create IPUIPlugin
2024-09-10 20:55:49,963 [INFO] PluginManager:220 - loadIPPluginJar : add usbx
2024-09-10 20:55:50,172 [INFO] CADModel:165 - CPN selected for project level
2024-09-10 20:55:50,172 [INFO] CADModel:114 - Register for checkConnection events
2024-09-10 20:55:50,173 [FATAL] Updater:308 - Updater called before beeing initialized
2024-09-10 20:55:50,173 [ERROR] CADModel:125 - Updater not yet initialized, retry later 
2024-09-10 20:55:50,479 [INFO] CADModel:165 - CPN selected for project level
2024-09-10 20:55:50,479 [INFO] CADModel:114 - Register for checkConnection events
2024-09-10 20:55:50,480 [FATAL] Updater:308 - Updater called before beeing initialized
2024-09-10 20:55:50,480 [ERROR] CADModel:125 - Updater not yet initialized, retry later 
2024-09-10 20:55:50,486 [FATAL] Updater:308 - Updater called before beeing initialized
2024-09-10 20:55:50,995 [FATAL] Updater:308 - Updater called before beeing initialized
2024-09-10 20:55:51,007 [INFO] DbMcusAds:53 - JSON generation date=Thu May 16 11:22:01 CEST 2024 (1715851321109)
2024-09-10 20:55:51,008 [FATAL] Updater:308 - Updater called before beeing initialized
2024-09-10 20:55:51,103 [WARN] DetailPanel:346 - Failed to get advertising image, set to default
2024-09-10 20:55:51,407 [FATAL] Updater:308 - Updater called before beeing initialized
2024-09-10 20:55:51,414 [FATAL] Updater:308 - Updater called before beeing initialized
2024-09-10 20:55:51,415 [FATAL] Updater:308 - Updater called before beeing initialized
2024-09-10 20:55:51,415 [WARN] DetailPanel:346 - Failed to get advertising image, set to default
2024-09-10 20:55:51,417 [FATAL] Updater:308 - Updater called before beeing initialized
2024-09-10 20:55:51,550 [INFO] ThirdPartyUpdaterWithRetryManager:70 - Updater plugin not ready yet. [2/15]
2024-09-10 20:55:51,568 [ERROR] Updater:1120 - MainUpdater not yet initialized. External WinMGr cannot be set.
2024-09-10 20:55:51,575 [INFO] Updater:1056 - Updater Version found : 6.11.1
2024-09-10 20:55:51,614 [INFO] ApplicationProperties:184 - Using Application install path: C:\ST\STM32CubeIDE_1.15.1\STM32CubeIDE\plugins\com.st.stm32cube.common.mx_6.11.1.202404110753
2024-09-10 20:55:53,245 [ERROR] LogOutputStream:75 - [STDERR_REDIRECT] Sep 10, 2024 8:55:53 PM java.util.prefs.WindowsPreferences <init>
2024-09-10 20:55:53,252 [ERROR] LogOutputStream:75 - [STDERR_REDIRECT] WARNING: Could not open/create prefs root node Software\JavaSoft\Prefs at root 0xffffffff80000002. Windows RegCreateKeyEx(...) returned error code 5.
2024-09-10 20:55:53,253 [ERROR] LogOutputStream:75 - [STDERR_REDIRECT] 
2024-09-10 20:55:54,401 [INFO] MainUpdater:2873 - connection check result : 10
2024-09-10 20:55:54,402 [INFO] MainUpdater:290 - Updater Check For Update Now.
2024-09-10 20:55:54,403 [INFO] MicroXplorer:498 - Change Database Version : DB.6.0.111
2024-09-10 20:55:54,414 [INFO] McuFinderGlobals:63 - Set McuFinder mode to 2 (CubeIDE integrated)
2024-09-10 20:55:54,426 [INFO] UserAuth:415 - Internet connection configuration mode: 1
2024-09-10 20:55:54,639 [INFO] JxBrowserEngine:152 - Initiate JxBrowser Engine with user profile folder
2024-09-10 20:55:54,677 [WARN] MainUpdater:1194 - Updater busy. Cannot search thirdparties
2024-09-10 20:55:54,677 [INFO] ThirdPartyUpdaterWithRetryManager:96 - Updater plugin is busy. [1/15]
2024-09-10 20:55:55,729 [INFO] CheckServerUpdateThread:120 - End of CheckServer Thread
2024-09-10 20:56:00,754 [WARN] PackLoader:240 - Cannot read IP mode file for STMicroelectronics.FP-SNS-MOTENVWB1.1.4.0
2024-09-10 20:56:03,448 [WARN] PackLoader:240 - Cannot read IP mode file for STMicroelectronics.X-CUBE-SMBUS.2.1.0
2024-09-10 20:56:04,538 [WARN] PackLoader:240 - Cannot read IP mode file for STMicroelectronics.X-CUBE-TOUCHGFX.4.23.2
2024-09-10 20:56:04,995 [WARN] PackLoader:240 - Cannot read IP mode file for STMicroelectronics.X-CUBE-AZRTOS-F7.1.1.0
2024-09-10 20:56:05,046 [INFO] WebApp:161 - Instantiating new browser for Auth
2024-09-10 20:56:06,283 [WARN] PackLoader:240 - Cannot read IP mode file for STMicroelectronics.X-CUBE-MEMS1.11.0.0
2024-09-10 20:56:09,268 [WARN] PackLoader:240 - Cannot read IP mode file for STMicroelectronics.FP-SNS-FLIGHT1.5.0.2
2024-09-10 20:56:09,351 [WARN] PackLoader:240 - Cannot read IP mode file for STMicroelectronics.X-CUBE-DISPLAY.3.0.0
2024-09-10 20:56:09,790 [WARN] PackLoader:240 - Cannot read IP mode file for STMicroelectronics.X-CUBE-BLE1.7.0.0
2024-09-10 20:56:10,320 [WARN] PackLoader:240 - Cannot read IP mode file for emotas.I-CUBE-CANOPEN.1.3.0
2024-09-10 20:56:12,059 [WARN] PackLoader:240 - Cannot read IP mode file for STMicroelectronics.X-CUBE-BLEMGR.3.1.0
2024-09-10 20:56:12,610 [WARN] PackLoader:240 - Cannot read IP mode file for STMicroelectronics.FP-SNS-SMARTAG2.1.2.0
2024-09-10 20:56:12,817 [INFO] LogOutputStream:77 - [STDOUT_REDIRECT] 1 : Invalid condition id : UX_CORESTACK_Condition cause : null
2024-09-10 20:56:12,818 [INFO] LogOutputStream:77 - [STDOUT_REDIRECT] 1 : Invalid condition id : UX_CORESTACK_Condition cause : null
2024-09-10 20:56:12,821 [INFO] LogOutputStream:77 - [STDOUT_REDIRECT] 1 : Invalid condition id : UX_CORESTACK_Condition cause : null
2024-09-10 20:56:12,823 [INFO] LogOutputStream:77 - [STDOUT_REDIRECT] 1 : Invalid condition id : UX_CORESTACK_Condition cause : null
2024-09-10 20:56:12,827 [INFO] LogOutputStream:77 - [STDOUT_REDIRECT] 1 : Invalid condition id : UX_CORESTACK_Condition cause : null
2024-09-10 20:56:12,835 [WARN] PackLoader:240 - Cannot read IP mode file for STMicroelectronics.X-CUBE-AZRTOS-WL.2.0.0
2024-09-10 20:56:12,913 [WARN] PackLoader:240 - Cannot read IP mode file for STMicroelectronics.FP-SNS-MOTENV1.5.0.0
2024-09-10 20:56:13,720 [INFO] WebApp:779 - Register for checkConnection events
2024-09-10 20:56:13,721 [INFO] WebApp:414 - Apply proxy settings
2024-09-10 20:56:13,722 [INFO] WebApp:499 - Chromium requires no authentication
2024-09-10 20:56:13,751 [INFO] WebApp:442 - Direct internet connection detected
2024-09-10 20:56:14,057 [WARN] PackLoader:240 - Cannot read IP mode file for wolfSSL.I-CUBE-wolfMQTT.1.19.0
2024-09-10 20:56:14,094 [WARN] PackLoader:240 - Cannot read IP mode file for WES.I-CUBE-Cesium.1.3.0
2024-09-10 20:56:14,172 [WARN] PackLoader:240 - Cannot read IP mode file for STMicroelectronics.X-CUBE-BLE2.3.3.0
2024-09-10 20:56:14,266 [WARN] PackLoader:240 - Cannot read IP mode file for STMicroelectronics.X-CUBE-TCPP.4.1.0
2024-09-10 20:56:14,631 [WARN] PackLoader:240 - Cannot read IP mode file for STMicroelectronics.X-CUBE-AZRTOS-G0.1.1.0
2024-09-10 20:56:15,585 [WARN] PackLoader:240 - Cannot read IP mode file for STMicroelectronics.X-CUBE-SAFEA1.1.2.2
2024-09-10 20:56:15,858 [WARN] PackLoader:240 - Cannot read IP mode file for STMicroelectronics.X-CUBE-NFC4.3.0.0
2024-09-10 20:56:15,936 [WARN] PackLoader:240 - Cannot read IP mode file for wolfSSL.I-CUBE-wolfMQTT.1.18.0
2024-09-10 20:56:15,972 [WARN] PackLoader:240 - Cannot read IP mode file for EmbeddedOffice.I-CUBE-FS-RTOS.1.0.1
2024-09-10 20:56:15,973 [ERROR] ConditionMgr:805 - Attr not supported : Dmpu
2024-09-10 20:56:15,973 [ERROR] ConditionMgr:805 - Attr not supported : Dmpu
2024-09-10 20:56:15,973 [ERROR] ConditionMgr:805 - Attr not supported : Dmpu
2024-09-10 20:56:15,973 [ERROR] ConditionMgr:805 - Attr not supported : Dmpu
2024-09-10 20:56:15,974 [ERROR] ConditionMgr:805 - Attr not supported : Dmpu
2024-09-10 20:56:15,974 [ERROR] ConditionMgr:805 - Attr not supported : Dmpu
2024-09-10 20:56:15,974 [ERROR] ConditionMgr:805 - Attr not supported : Dmpu
2024-09-10 20:56:15,974 [ERROR] ConditionMgr:805 - Attr not supported : Dmpu
2024-09-10 20:56:15,974 [ERROR] ConditionMgr:805 - Attr not supported : Dmpu
2024-09-10 20:56:15,974 [ERROR] ConditionMgr:805 - Attr not supported : Dmpu
2024-09-10 20:56:15,974 [ERROR] ConditionMgr:805 - Attr not supported : Dmpu
2024-09-10 20:56:15,975 [ERROR] ConditionMgr:805 - Attr not supported : Dmpu
2024-09-10 20:56:15,975 [ERROR] ConditionMgr:805 - Attr not supported : Dmpu
2024-09-10 20:56:15,975 [ERROR] ConditionMgr:805 - Attr not supported : Dmpu
2024-09-10 20:56:15,975 [ERROR] ConditionMgr:805 - Attr not supported : Dmpu
2024-09-10 20:56:15,975 [ERROR] ConditionMgr:805 - Attr not supported : Dmpu
2024-09-10 20:56:15,975 [ERROR] ConditionMgr:805 - Attr not supported : Dmpu
2024-09-10 20:56:15,976 [ERROR] ConditionMgr:805 - Attr not supported : Dmpu
2024-09-10 20:56:15,976 [ERROR] ConditionMgr:805 - Attr not supported : Dmpu
2024-09-10 20:56:15,976 [ERROR] ConditionMgr:805 - Attr not supported : Dmpu
2024-09-10 20:56:15,976 [ERROR] ConditionMgr:805 - Attr not supported : Dmpu
2024-09-10 20:56:15,976 [ERROR] ConditionMgr:805 - Attr not supported : Dmpu
2024-09-10 20:56:15,976 [ERROR] ConditionMgr:805 - Attr not supported : Dmpu
2024-09-10 20:56:15,976 [ERROR] ConditionMgr:805 - Attr not supported : Dmpu
2024-09-10 20:56:15,977 [ERROR] ConditionMgr:805 - Attr not supported : Dmpu
2024-09-10 20:56:15,977 [ERROR] ConditionMgr:805 - Attr not supported : Dmpu
2024-09-10 20:56:15,977 [ERROR] ConditionMgr:805 - Attr not supported : Dmpu
2024-09-10 20:56:15,977 [ERROR] ConditionMgr:805 - Attr not supported : Dmpu
2024-09-10 20:56:15,977 [ERROR] ConditionMgr:805 - Attr not supported : Dmpu
2024-09-10 20:56:15,977 [ERROR] ConditionMgr:805 - Attr not supported : Dmpu
2024-09-10 20:56:15,977 [ERROR] ConditionMgr:805 - Attr not supported : Dmpu
2024-09-10 20:56:15,977 [ERROR] ConditionMgr:805 - Attr not supported : Dmpu
2024-09-10 20:56:15,978 [ERROR] ConditionMgr:805 - Attr not supported : Dmpu
2024-09-10 20:56:15,978 [ERROR] ConditionMgr:805 - Attr not supported : Dmpu
2024-09-10 20:56:15,978 [ERROR] ConditionMgr:805 - Attr not supported : Dmpu
2024-09-10 20:56:15,978 [ERROR] ConditionMgr:805 - Attr not supported : Dmpu
2024-09-10 20:56:15,978 [ERROR] ConditionMgr:805 - Attr not supported : Dmpu
2024-09-10 20:56:15,978 [ERROR] ConditionMgr:805 - Attr not supported : Dmpu
2024-09-10 20:56:15,978 [ERROR] ConditionMgr:805 - Attr not supported : Dmpu
2024-09-10 20:56:15,979 [ERROR] ConditionMgr:805 - Attr not supported : Dmpu
2024-09-10 20:56:15,979 [ERROR] ConditionMgr:805 - Attr not supported : Dmpu
2024-09-10 20:56:15,979 [ERROR] ConditionMgr:805 - Attr not supported : Dmpu
2024-09-10 20:56:15,979 [ERROR] ConditionMgr:805 - Attr not supported : Dmpu
2024-09-10 20:56:15,979 [ERROR] ConditionMgr:805 - Attr not supported : Dmpu
2024-09-10 20:56:15,980 [ERROR] ConditionMgr:805 - Attr not supported : Dmpu
2024-09-10 20:56:15,980 [ERROR] ConditionMgr:805 - Attr not supported : Dmpu
2024-09-10 20:56:15,980 [ERROR] ConditionMgr:805 - Attr not supported : Dmpu
2024-09-10 20:56:15,980 [ERROR] ConditionMgr:805 - Attr not supported : Dmpu
2024-09-10 20:56:15,980 [ERROR] ConditionMgr:805 - Attr not supported : Dmpu
2024-09-10 20:56:15,980 [ERROR] ConditionMgr:805 - Attr not supported : Dmpu
2024-09-10 20:56:15,980 [ERROR] ConditionMgr:805 - Attr not supported : Dmpu
2024-09-10 20:56:15,981 [ERROR] ConditionMgr:805 - Attr not supported : Dmpu
2024-09-10 20:56:15,981 [ERROR] ConditionMgr:805 - Attr not supported : Dmpu
2024-09-10 20:56:15,981 [ERROR] ConditionMgr:805 - Attr not supported : Dmpu
2024-09-10 20:56:15,981 [ERROR] ConditionMgr:805 - Attr not supported : Dmpu
2024-09-10 20:56:15,981 [ERROR] ConditionMgr:805 - Attr not supported : Dmpu
2024-09-10 20:56:15,982 [ERROR] ConditionMgr:805 - Attr not supported : Dmpu
2024-09-10 20:56:15,982 [ERROR] ConditionMgr:805 - Attr not supported : Dmpu
2024-09-10 20:56:15,983 [ERROR] ConditionMgr:805 - Attr not supported : Dmpu
2024-09-10 20:56:15,983 [ERROR] ConditionMgr:805 - Attr not supported : Dmpu
2024-09-10 20:56:15,983 [ERROR] ConditionMgr:805 - Attr not supported : Dmpu
2024-09-10 20:56:15,983 [ERROR] ConditionMgr:805 - Attr not supported : Dmpu
2024-09-10 20:56:15,983 [ERROR] ConditionMgr:805 - Attr not supported : Dmpu
2024-09-10 20:56:15,983 [ERROR] ConditionMgr:805 - Attr not supported : Dmpu
2024-09-10 20:56:16,089 [WARN] PackLoader:240 - Cannot read IP mode file for RealThread.X-CUBE-RT-Thread_Nano.4.1.1
2024-09-10 20:56:16,116 [WARN] PackLoader:240 - Cannot read IP mode file for wolfSSL.I-CUBE-wolfSSL.5.7.0
2024-09-10 20:56:16,142 [WARN] PackLoader:240 - Cannot read IP mode file for STMicroelectronics.FP-ATR-SIGFOX1.3.2.0
2024-09-10 20:56:16,213 [INFO] WebApp:192 - Starting web application
2024-09-10 20:56:16,214 [INFO] WebApp:544 - Web application path used C:\ST\STM32CubeIDE_1.15.1\STM32CubeIDE\plugins\com.st.stm32cube.common.mx_6.11.1.202404110753\db\plugins\mcufinder\reactClient1\index.html
2024-09-10 20:56:16,404 [WARN] PackLoader:240 - Cannot read IP mode file for STMicroelectronics.X-CUBE-EEPRMA1.5.1.0
2024-09-10 20:56:16,731 [WARN] PackLoader:240 - Cannot read IP mode file for ITTIA_DB.I-CUBE-ITTIADB.8.9.0
2024-09-10 20:56:18,021 [WARN] PackLoader:240 - Cannot read IP mode file for SEGGER.I-CUBE-embOS.1.3.1
2024-09-10 20:56:19,640 [WARN] PackLoader:240 - Cannot read IP mode file for STMicroelectronics.X-CUBE-ALGOBUILD.1.4.0
2024-09-10 20:56:20,104 [WARN] PackLoader:240 - Cannot read IP mode file for STMicroelectronics.X-CUBE-GNSS1.6.0.0
2024-09-10 20:56:20,320 [WARN] PackLoader:240 - Cannot read IP mode file for STMicroelectronics.X-CUBE-AZRTOS-F4.1.1.0
2024-09-10 20:56:21,103 [WARN] PackLoader:240 - Cannot read IP mode file for STMicroelectronics.X-CUBE-FREERTOS.1.2.0
2024-09-10 20:56:21,406 [WARN] PackLoader:240 - Cannot read IP mode file for STMicroelectronics.X-CUBE-AZRTOS-L5.2.0.0
2024-09-10 20:56:21,867 [WARN] PackLoader:240 - Cannot read IP mode file for STMicroelectronics.X-CUBE-NFC6.3.1.0
2024-09-10 20:56:21,925 [WARN] PackLoader:240 - Cannot read IP mode file for STMicroelectronics.X-CUBE-DPower.1.2.0
2024-09-10 20:56:22,341 [WARN] PackLoader:240 - Cannot read IP mode file for STMicroelectronics.X-CUBE-AI.9.0.0
2024-09-10 20:56:22,389 [WARN] PackLoader:240 - Cannot read IP mode file for STMicroelectronics.X-CUBE-NFC7.1.0.1
2024-09-10 20:56:22,671 [WARN] PackLoader:240 - Cannot read IP mode file for wolfSSL.I-CUBE-wolfTPM.3.2.0
2024-09-10 20:56:22,937 [WARN] ConditionMgr:438 - getConditionDescription Invalid condition id : LAN8742 Phy interface Condition cause : null
2024-09-10 20:56:22,938 [WARN] PackLoader:240 - Cannot read IP mode file for STMicroelectronics.X-CUBE-AZRTOS-L4.2.0.0
2024-09-10 20:56:22,940 [WARN] ConditionMgr:1039 - genDependencies : Invalid condition id : LAN8742 Phy interface Condition cause : null
2024-09-10 20:56:22,941 [WARN] ConditionMgr:1039 - genDependencies : Invalid condition id : LAN8742 Phy interface Condition cause : null
2024-09-10 20:56:22,985 [WARN] ConditionMgr:1039 - genDependencies : Invalid condition id : LAN8742 Phy interface Condition cause : null
2024-09-10 20:56:23,223 [WARN] PackLoader:240 - Cannot read IP mode file for STMicroelectronics.X-CUBE-SFXS2LP1.4.0.0
2024-09-10 20:56:23,821 [WARN] PackLoader:240 - Cannot read IP mode file for STMicroelectronics.X-CUBE-AZRTOS-H7.3.3.0
2024-09-10 20:56:23,995 [WARN] ConditionMgr:438 - getConditionDescription Invalid condition id : UX DEVICE CLASS RTOS Condition cause : null
2024-09-10 20:56:24,000 [WARN] ConditionMgr:438 - getConditionDescription Invalid condition id : UX DEVICE CLASS RTOS Condition cause : null
2024-09-10 20:56:24,004 [WARN] PackLoader:240 - Cannot read IP mode file for STMicroelectronics.X-CUBE-AZRTOS-WB.2.0.0
2024-09-10 20:56:24,005 [WARN] ConditionMgr:1039 - genDependencies : Invalid condition id : UX DEVICE CLASS RTOS Condition cause : null
2024-09-10 20:56:24,006 [WARN] ConditionMgr:1039 - genDependencies : Invalid condition id : UX DEVICE CLASS RTOS Condition cause : null
2024-09-10 20:56:24,006 [WARN] ConditionMgr:1039 - genDependencies : Invalid condition id : UX DEVICE CLASS RTOS Condition cause : null
2024-09-10 20:56:24,008 [WARN] ConditionMgr:1039 - genDependencies : Invalid condition id : UX DEVICE CLASS RTOS Condition cause : null
2024-09-10 20:56:24,008 [WARN] ConditionMgr:1039 - genDependencies : Invalid condition id : UX DEVICE CLASS RTOS Condition cause : null
2024-09-10 20:56:24,252 [WARN] PackLoader:240 - Cannot read IP mode file for STMicroelectronics.X-CUBE-GNSS1.7.0.0
2024-09-10 20:56:24,432 [WARN] PackLoader:240 - Cannot read IP mode file for STMicroelectronics.FP-SNS-STBOX1.2.0.0
2024-09-10 20:56:25,122 [WARN] PackLoader:240 - Cannot read IP mode file for STMicroelectronics.X-CUBE-SUBG2.5.0.0
2024-09-10 20:56:25,970 [WARN] PackLoader:240 - Cannot read IP mode file for Cesanta.I-CUBE-Mongoose.7.13.0
2024-09-10 20:56:26,136 [WARN] PackLoader:240 - Cannot read IP mode file for STMicroelectronics.X-CUBE-AZRTOS-G4.2.0.0
2024-09-10 20:56:26,650 [WARN] PackLoader:240 - Cannot read IP mode file for STMicroelectronics.X-CUBE-ISPU.2.0.0
2024-09-10 20:56:26,824 [WARN] PackLoader:240 - Cannot read IP mode file for STMicroelectronics.X-CUBE-ALS.1.0.2
2024-09-10 20:56:27,088 [WARN] PackLoader:240 - Cannot read IP mode file for STMicroelectronics.X-CUBE-MEMS1.10.0.0
2024-09-10 20:56:29,457 [WARN] PackLoader:240 - Cannot read IP mode file for STMicroelectronics.X-CUBE-TOUCHGFX.4.24.0
2024-09-10 20:56:29,643 [WARN] PackLoader:240 - Cannot read IP mode file for portGmbH.I-Cube-SoM-uGOAL.1.1.0
2024-09-10 20:56:29,886 [WARN] PackLoader:240 - Cannot read IP mode file for STMicroelectronics.X-CUBE-AZRTOS-H7RS.1.0.0
2024-09-10 20:56:30,205 [WARN] PackLoader:240 - Cannot read IP mode file for STMicroelectronics.FP-ATR-ASTRA1.2.0.0
2024-09-10 20:56:30,322 [WARN] PackLoader:240 - Cannot read IP mode file for STMicroelectronics.X-CUBE-TOF1.3.4.2
2024-09-10 20:56:30,576 [WARN] PackLoader:240 - Cannot read IP mode file for STMicroelectronics.X-CUBE-TOF1.3.4.1
2024-09-10 20:56:31,456 [WARN] PackLoader:240 - Cannot read IP mode file for STMicroelectronics.X-CUBE-AZRTOS-H7.3.2.0
2024-09-10 20:56:31,923 [WARN] PackLoader:240 - Cannot read IP mode file for Infineon.AIROC-Wi-Fi-Bluetooth-STM32.1.6.0
2024-09-10 20:56:32,388 [WARN] PackLoader:240 - Cannot read IP mode file for wolfSSL.I-CUBE-wolfSSH.1.4.17
2024-09-10 20:56:32,389 [INFO] ThirdParty:978 - Integrity check success = true
2024-09-10 20:56:32,389 [INFO] IntegrityCheckThread:100 - exiting critical section [integrity check]
2024-09-10 20:56:32,389 [INFO] IntegrityCheckThread:103 - End integrity checks thread
2024-09-10 22:11:04,144 [ERROR] LogOutputStream:75 - [STDERR_REDIRECT] 
2024-09-10 22:11:04,147 [ERROR] LogOutputStream:75 - [STDERR_REDIRECT] 
2024-09-10 22:17:37,230 [INFO] Activator:176 - 


2024-09-10 22:17:37,234 [INFO] Activator:177 - !SESSION log4j initialized
2024-09-10 22:18:02,049 [INFO] LogOutputStream:77 - [STDOUT_REDIRECT] 
2024-09-10 22:18:13,607 [ERROR] ConfigurationRetriever:142 - IOException on connection: sw-center.st.com
2024-09-10 22:18:13,610 [ERROR] ConfigurationRetriever:142 - IOException on connection: sw-center.st.com
2024-09-10 22:18:13,612 [ERROR] ConfigurationRetriever:142 - IOException on connection: sw-center.st.com
2024-09-10 22:18:13,661 [ERROR] ConfigurationRetriever:142 - IOException on connection: sw-center.st.com
2024-09-10 22:18:13,662 [ERROR] ConfigurationRetriever:142 - IOException on connection: sw-center.st.com
2024-09-10 22:18:13,663 [ERROR] ConfigurationRetriever:142 - IOException on connection: sw-center.st.com
2024-09-10 22:18:25,157 [ERROR] ConfigurationRetriever:142 - IOException on connection: sw-center.st.com
2024-09-10 22:18:25,159 [ERROR] ConfigurationRetriever:142 - IOException on connection: sw-center.st.com
2024-09-10 22:18:25,159 [ERROR] ConfigurationRetriever:142 - IOException on connection: sw-center.st.com
2024-09-10 22:18:25,588 [INFO] ApplicationProperties:184 - Using Application install path: C:\ST\STM32CubeIDE_1.15.1\STM32CubeIDE\plugins\com.st.stm32cube.common.mx_6.11.1.202404110753
2024-09-10 22:18:25,660 [INFO] DbMcusXml:78 - Set database path to: C:\ST\STM32CubeIDE_1.15.1\STM32CubeIDE\plugins\com.st.stm32cube.common.mx_6.11.1.202404110753\\db\/mcu/
2024-09-10 22:18:25,661 [INFO] ApiDb:274 - Set plugin database path to: C:\ST\STM32CubeIDE_1.15.1\STM32CubeIDE\plugins\com.st.stm32cube.common.mx_6.11.1.202404110753\\db\/plugins/boardmanager/
2024-09-10 22:18:25,662 [WARN] ApiDb:259 - Overriding images path with different value:  => C:\ST\STM32CubeIDE_1.15.1\STM32CubeIDE\plugins\com.st.stm32cube.common.mx_6.11.1.202404110753\\db\/plugins/mcufinder/images/
2024-09-10 22:18:25,679 [INFO] ApiDb:250 - Set database path to: C:\Users\dbank\.stmcufinder\plugins\mcufinder//mcu/
2024-09-10 22:18:25,771 [INFO] DbMcusAds:125 - Set database path to: C:\Users\dbank\.stmcufinder\plugins\mcufinder//mcu/
2024-09-10 22:18:25,777 [INFO] CrossReferenceDbSqlite:203 - Set database path to: C:\Users\dbank\.stmcufinder\plugins\mcufinder//mcu/cs/
2024-09-10 22:18:26,330 [INFO] RulesReader:64 - Compatibility file has been processed (297 Rules)
2024-09-10 22:18:26,791 [INFO] DbMcusXml:78 - Set database path to: C:\ST\STM32CubeIDE_1.15.1\STM32CubeIDE\plugins\com.st.stm32cube.common.mx_6.11.1.202404110753\\db\/mcu/
2024-09-10 22:18:26,791 [INFO] ApiDb:274 - Set plugin database path to: C:\ST\STM32CubeIDE_1.15.1\STM32CubeIDE\plugins\com.st.stm32cube.common.mx_6.11.1.202404110753\\db\/plugins/boardmanager/
2024-09-10 22:18:26,792 [INFO] ApiDb:261 - Set plugin images path to: C:\ST\STM32CubeIDE_1.15.1\STM32CubeIDE\plugins\com.st.stm32cube.common.mx_6.11.1.202404110753\\db\/plugins/mcufinder/images/
2024-09-10 22:18:26,803 [WARN] DbFile:41 - Overriding database path with different value: C:\Users\dbank\.stmcufinder\plugins\mcufinder/ => C:\Users\dbank\.stmcufinder\plugins\mcufinder
2024-09-10 22:18:26,806 [INFO] ApiDb:250 - Set database path to: C:\Users\dbank\.stmcufinder\plugins\mcufinder//mcu/
2024-09-10 22:18:26,806 [WARN] DbFile:41 - Overriding database path with different value: C:\Users\dbank\.stmcufinder\plugins\mcufinder/ => C:\Users\dbank\.stmcufinder\plugins\mcufinder
2024-09-10 22:18:26,806 [INFO] DbMcusAds:125 - Set database path to: C:\Users\dbank\.stmcufinder\plugins\mcufinder//mcu/
2024-09-10 22:18:26,807 [WARN] DbFile:41 - Overriding database path with different value: C:\Users\dbank\.stmcufinder\plugins\mcufinder/ => C:\Users\dbank\.stmcufinder\plugins\mcufinder
2024-09-10 22:18:26,807 [WARN] DbFile:41 - Overriding database path with different value: C:\Users\dbank\.stmcufinder\plugins\mcufinder/ => C:\Users\dbank\.stmcufinder\plugins\mcufinder
2024-09-10 22:18:26,807 [INFO] CrossReferenceDbSqlite:203 - Set database path to: C:\Users\dbank\.stmcufinder\plugins\mcufinder//mcu/cs/
2024-09-10 22:18:27,172 [INFO] MainPanel:264 - HeapMemory: 268435456
2024-09-10 22:18:28,150 [INFO] DbMcusXml:78 - Set database path to: C:\ST\STM32CubeIDE_1.15.1\STM32CubeIDE\plugins\com.st.stm32cube.common.mx_6.11.1.202404110753\\db\/mcu/
2024-09-10 22:18:28,151 [INFO] ApiDb:274 - Set plugin database path to: C:\ST\STM32CubeIDE_1.15.1\STM32CubeIDE\plugins\com.st.stm32cube.common.mx_6.11.1.202404110753\\db\/plugins/boardmanager/
2024-09-10 22:18:28,151 [INFO] ApiDb:261 - Set plugin images path to: C:\ST\STM32CubeIDE_1.15.1\STM32CubeIDE\plugins\com.st.stm32cube.common.mx_6.11.1.202404110753\\db\/plugins/mcufinder/images/
2024-09-10 22:18:28,152 [WARN] DbFile:41 - Overriding database path with different value: C:\Users\dbank\.stmcufinder\plugins\mcufinder/ => C:\Users\dbank\.stmcufinder\plugins\mcufinder
2024-09-10 22:18:28,152 [INFO] ApiDb:250 - Set database path to: C:\Users\dbank\.stmcufinder\plugins\mcufinder//mcu/
2024-09-10 22:18:28,152 [WARN] DbFile:41 - Overriding database path with different value: C:\Users\dbank\.stmcufinder\plugins\mcufinder/ => C:\Users\dbank\.stmcufinder\plugins\mcufinder
2024-09-10 22:18:28,152 [INFO] DbMcusAds:125 - Set database path to: C:\Users\dbank\.stmcufinder\plugins\mcufinder//mcu/
2024-09-10 22:18:28,152 [WARN] DbFile:41 - Overriding database path with different value: C:\Users\dbank\.stmcufinder\plugins\mcufinder/ => C:\Users\dbank\.stmcufinder\plugins\mcufinder
2024-09-10 22:18:28,152 [WARN] DbFile:41 - Overriding database path with different value: C:\Users\dbank\.stmcufinder\plugins\mcufinder/ => C:\Users\dbank\.stmcufinder\plugins\mcufinder
2024-09-10 22:18:28,153 [INFO] CrossReferenceDbSqlite:203 - Set database path to: C:\Users\dbank\.stmcufinder\plugins\mcufinder//mcu/cs/
2024-09-10 22:18:28,266 [INFO] ApplicationProperties:184 - Using Application install path: C:\ST\STM32CubeIDE_1.15.1\STM32CubeIDE\plugins\com.st.stm32cube.common.mx_6.11.1.202404110753
2024-09-10 22:18:28,268 [INFO] PluginManage:196 - Search for loadable plugins [exclusion list=, ]
2024-09-10 22:18:28,271 [INFO] PluginManage:310 - Check plugin analytics
2024-09-10 22:18:29,443 [INFO] AnalyticsPlugin:253 - Accepted Software Licenses: 
2024-09-10 22:18:29,443 [INFO] AnalyticsPlugin:255 - Accepted CMSIS Pack Licenses: 
2024-09-10 22:18:29,444 [INFO] AnalyticsPlugin:257 - Accepted Firmware Licenses: FW.H7.1.11.0
2024-09-10 22:18:29,448 [INFO] PluginManage:359 - Loaded plugin analytics (category:tool,tabindex:-1)
2024-09-10 22:18:29,449 [INFO] PluginManage:310 - Check plugin cadmodel
2024-09-10 22:18:29,475 [INFO] CADModel:105 - Init CAD model plugin
2024-09-10 22:18:29,475 [INFO] PluginManage:359 - Loaded plugin cadmodel (category:power,tabindex:5)
2024-09-10 22:18:29,477 [INFO] PluginManage:310 - Check plugin clock
2024-09-10 22:18:29,532 [ERROR] ConfigurationRetriever:142 - IOException on connection: sw-center.st.com
2024-09-10 22:18:29,534 [ERROR] ConfigurationRetriever:142 - IOException on connection: sw-center.st.com
2024-09-10 22:18:29,534 [ERROR] ConfigurationRetriever:142 - IOException on connection: sw-center.st.com
2024-09-10 22:18:29,600 [INFO] PluginManage:359 - Loaded plugin clock (category:base,tabindex:2)
2024-09-10 22:18:29,600 [INFO] PluginManage:310 - Check plugin ddr
2024-09-10 22:18:29,606 [INFO] PluginManage:359 - Loaded plugin ddr (category:tool,tabindex:6)
2024-09-10 22:18:29,607 [INFO] PluginManage:310 - Check plugin filemanager
2024-09-10 22:18:30,914 [INFO] PluginManage:359 - Loaded plugin filemanager (category:base,tabindex:10)
2024-09-10 22:18:30,914 [INFO] PluginManage:310 - Check plugin ipmanager
2024-09-10 22:18:30,933 [INFO] PluginManage:359 - Loaded plugin ipmanager (category:base,tabindex:5)
2024-09-10 22:18:30,933 [INFO] PluginManage:310 - Check plugin lpbam
2024-09-10 22:18:30,984 [INFO] PluginManage:359 - Loaded plugin lpbam (category:base,tabindex:0)
2024-09-10 22:18:30,985 [INFO] PluginManage:310 - Check plugin memorymap
2024-09-10 22:18:31,044 [INFO] PluginManage:359 - Loaded plugin memorymap (category:base,tabindex:4)
2024-09-10 22:18:31,045 [INFO] PluginManage:310 - Check plugin pinoutandconfiguration
2024-09-10 22:18:31,093 [INFO] PluginManage:359 - Loaded plugin pinoutandconfiguration (category:base,tabindex:1)
2024-09-10 22:18:31,093 [INFO] PluginManage:310 - Check plugin pinoutconfig
2024-09-10 22:18:31,315 [WARN] SupportedApi:132 - Cannot load RTOS API schema: s4s-elt-must-match.1: The content of 'definitions' must match (annotation?, (simpleType | complexType)?, (unique | key | keyref)*)). A problem was found starting at: attribute.
2024-09-10 22:18:31,765 [INFO] PluginManage:359 - Loaded plugin pinoutconfig (category:base,tabindex:0)
2024-09-10 22:18:31,765 [INFO] PluginManage:310 - Check plugin power
2024-09-10 22:18:32,135 [INFO] PluginManage:359 - Loaded plugin power (category:power,tabindex:4)
2024-09-10 22:18:32,135 [INFO] PluginManage:310 - Check plugin projectmanager
2024-09-10 22:18:32,433 [INFO] PluginManage:359 - Loaded plugin projectmanager (category:projectmanager,tabindex:3)
2024-09-10 22:18:32,434 [INFO] PluginManage:310 - Check plugin thirdparty
2024-09-10 22:18:33,301 [INFO] PluginManage:359 - Loaded plugin thirdparty (category:base,tabindex:-1)
2024-09-10 22:18:33,301 [INFO] PluginManage:310 - Check plugin tools
2024-09-10 22:18:33,323 [WARN] IntegrityCheckThread:84 - waiting for thirdparty lock release [integrity check]
2024-09-10 22:18:33,324 [INFO] IntegrityCheckThread:86 - entering critical section [integrity check]
2024-09-10 22:18:33,325 [INFO] ThirdPartyUpdaterWithRetryManager:70 - Updater plugin not ready yet. [1/15]
2024-09-10 22:18:33,438 [INFO] PluginManage:359 - Loaded plugin tools (category:base,tabindex:7)
2024-09-10 22:18:33,438 [INFO] PluginManage:310 - Check plugin tutovideos
2024-09-10 22:18:34,225 [INFO] PluginManage:359 - Loaded plugin tutovideos (category:base,tabindex:-1)
2024-09-10 22:18:34,226 [INFO] PluginManage:310 - Check plugin updater
2024-09-10 22:18:34,297 [INFO] PluginManage:359 - Loaded plugin updater (category:base,tabindex:12)
2024-09-10 22:18:34,297 [INFO] PluginManage:310 - Check plugin userauth
2024-09-10 22:18:34,324 [INFO] UserAuth:114 - Init User Auth plugin
2024-09-10 22:18:34,325 [INFO] PluginManage:359 - Loaded plugin userauth (category:base,tabindex:14)
2024-09-10 22:18:34,326 [INFO] PluginManage:283 - PluginManage : Loaded plugins [17]
2024-09-10 22:18:35,211 [INFO] PinOutPanel:1561 - setPackage(No Configuration,No Configuration)
2024-09-10 22:18:35,448 [INFO] CADModel:165 - CPN selected for project level
2024-09-10 22:18:35,449 [INFO] CADModel:114 - Register for checkConnection events
2024-09-10 22:18:35,501 [INFO] IPUIPlugin:80 - create IPUIPlugin
2024-09-10 22:18:35,502 [INFO] PluginManager:220 - loadIPPluginJar : add adc
2024-09-10 22:18:35,589 [INFO] IPUIPlugin:80 - create IPUIPlugin
2024-09-10 22:18:35,589 [INFO] PluginManager:220 - loadIPPluginJar : add aes
2024-09-10 22:18:35,693 [INFO] IPUIPlugin:80 - create IPUIPlugin
2024-09-10 22:18:35,693 [INFO] PluginManager:220 - loadIPPluginJar : add can
2024-09-10 22:18:35,752 [INFO] IPUIPlugin:80 - create IPUIPlugin
2024-09-10 22:18:35,752 [INFO] PluginManager:220 - loadIPPluginJar : add comp
2024-09-10 22:18:35,853 [INFO] IPUIPlugin:80 - create IPUIPlugin
2024-09-10 22:18:35,853 [INFO] PluginManager:220 - loadIPPluginJar : add cryp
2024-09-10 22:18:35,968 [INFO] IPUIPlugin:80 - create IPUIPlugin
2024-09-10 22:18:35,968 [INFO] PluginManager:220 - loadIPPluginJar : add dfsdm
2024-09-10 22:18:36,020 [INFO] IPUIPlugin:80 - create IPUIPlugin
2024-09-10 22:18:36,021 [INFO] PluginManager:220 - loadIPPluginJar : add dma
2024-09-10 22:18:36,164 [INFO] IPUIPlugin:80 - create IPUIPlugin
2024-09-10 22:18:36,164 [INFO] PluginManager:220 - loadIPPluginJar : add dma3
2024-09-10 22:18:36,333 [INFO] IPUIPlugin:80 - create IPUIPlugin
2024-09-10 22:18:36,333 [INFO] PluginManager:220 - loadIPPluginJar : add extmemmanager
2024-09-10 22:18:36,354 [INFO] ThirdPartyUpdaterWithRetryManager:70 - Updater plugin not ready yet. [2/15]
2024-09-10 22:18:36,431 [INFO] IPUIPlugin:80 - create IPUIPlugin
2024-09-10 22:18:36,432 [INFO] PluginManager:220 - loadIPPluginJar : add fatfs
2024-09-10 22:18:36,582 [INFO] IPUIPlugin:80 - create IPUIPlugin
2024-09-10 22:18:36,583 [INFO] PluginManager:220 - loadIPPluginJar : add fmc
2024-09-10 22:18:36,697 [INFO] IPUIPlugin:80 - create IPUIPlugin
2024-09-10 22:18:36,697 [INFO] PluginManager:220 - loadIPPluginJar : add freertos
2024-09-10 22:18:36,907 [INFO] IPUIPlugin:80 - create IPUIPlugin
2024-09-10 22:18:36,907 [INFO] PluginManager:220 - loadIPPluginJar : add genericplugin
2024-09-10 22:18:37,341 [INFO] IPUIPlugin:80 - create IPUIPlugin
2024-09-10 22:18:37,341 [INFO] PluginManager:220 - loadIPPluginJar : add gfxmmu
2024-09-10 22:18:37,933 [INFO] IPUIPlugin:80 - create IPUIPlugin
2024-09-10 22:18:37,933 [INFO] PluginManager:220 - loadIPPluginJar : add gic
2024-09-10 22:18:38,005 [INFO] IPUIPlugin:80 - create IPUIPlugin
2024-09-10 22:18:38,005 [INFO] PluginManager:220 - loadIPPluginJar : add gpio
2024-09-10 22:18:38,410 [INFO] IPUIPlugin:80 - create IPUIPlugin
2024-09-10 22:18:38,410 [INFO] PluginManager:220 - loadIPPluginJar : add gtzc
2024-09-10 22:18:38,526 [INFO] IPUIPlugin:80 - create IPUIPlugin
2024-09-10 22:18:38,526 [INFO] PluginManager:220 - loadIPPluginJar : add hash
2024-09-10 22:18:38,768 [INFO] IPUIPlugin:80 - create IPUIPlugin
2024-09-10 22:18:38,768 [INFO] PluginManager:220 - loadIPPluginJar : add i2c
2024-09-10 22:18:38,968 [INFO] IPUIPlugin:80 - create IPUIPlugin
2024-09-10 22:18:38,968 [INFO] PluginManager:220 - loadIPPluginJar : add i2s
2024-09-10 22:18:39,080 [INFO] IPUIPlugin:80 - create IPUIPlugin
2024-09-10 22:18:39,081 [INFO] PluginManager:220 - loadIPPluginJar : add i3c
2024-09-10 22:18:39,400 [INFO] ThirdPartyUpdaterWithRetryManager:70 - Updater plugin not ready yet. [3/15]
2024-09-10 22:18:39,459 [INFO] IPUIPlugin:80 - create IPUIPlugin
2024-09-10 22:18:39,459 [INFO] PluginManager:220 - loadIPPluginJar : add ipddr
2024-09-10 22:18:39,805 [INFO] IPUIPlugin:80 - create IPUIPlugin
2024-09-10 22:18:39,806 [INFO] PluginManager:220 - loadIPPluginJar : add linkedlist
2024-09-10 22:18:39,920 [INFO] IPUIPlugin:80 - create IPUIPlugin
2024-09-10 22:18:39,920 [INFO] PluginManager:220 - loadIPPluginJar : add lorawan
2024-09-10 22:18:40,054 [INFO] IPUIPlugin:80 - create IPUIPlugin
2024-09-10 22:18:40,054 [INFO] PluginManager:220 - loadIPPluginJar : add ltdc
2024-09-10 22:18:40,086 [INFO] IPUIPlugin:80 - create IPUIPlugin
2024-09-10 22:18:40,086 [INFO] PluginManager:220 - loadIPPluginJar : add mdma
2024-09-10 22:18:40,113 [INFO] IPUIPlugin:80 - create IPUIPlugin
2024-09-10 22:18:40,113 [INFO] PluginManager:220 - loadIPPluginJar : add nvic
2024-09-10 22:18:40,264 [INFO] IPUIPlugin:80 - create IPUIPlugin
2024-09-10 22:18:40,265 [INFO] PluginManager:220 - loadIPPluginJar : add opamp
2024-09-10 22:18:40,672 [INFO] IPUIPlugin:80 - create IPUIPlugin
2024-09-10 22:18:40,673 [INFO] PluginManager:220 - loadIPPluginJar : add openamp
2024-09-10 22:18:40,867 [INFO] IPUIPlugin:80 - create IPUIPlugin
2024-09-10 22:18:40,867 [INFO] PluginManager:220 - loadIPPluginJar : add pdm2pcm
2024-09-10 22:18:40,900 [INFO] IPUIPlugin:80 - create IPUIPlugin
2024-09-10 22:18:40,905 [INFO] PluginManager:220 - loadIPPluginJar : add plateformsettings
2024-09-10 22:18:41,018 [INFO] IPUIPlugin:80 - create IPUIPlugin
2024-09-10 22:18:41,018 [INFO] PluginManager:220 - loadIPPluginJar : add quadspi
2024-09-10 22:18:41,066 [INFO] IPUIPlugin:80 - create IPUIPlugin
2024-09-10 22:18:41,066 [INFO] PluginManager:220 - loadIPPluginJar : add resmgrutility
2024-09-10 22:18:41,319 [INFO] IPUIPlugin:80 - create IPUIPlugin
2024-09-10 22:18:41,320 [INFO] PluginManager:220 - loadIPPluginJar : add sai
2024-09-10 22:18:41,481 [INFO] IPUIPlugin:80 - create IPUIPlugin
2024-09-10 22:18:41,482 [INFO] PluginManager:220 - loadIPPluginJar : add spi
2024-09-10 22:18:41,824 [INFO] IPUIPlugin:80 - create IPUIPlugin
2024-09-10 22:18:41,824 [INFO] PluginManager:220 - loadIPPluginJar : add stm32_wpan
2024-09-10 22:18:41,829 [INFO] IPUIPlugin:80 - create IPUIPlugin
2024-09-10 22:18:41,829 [INFO] PluginManager:220 - loadIPPluginJar : add tim
2024-09-10 22:18:42,169 [INFO] IPUIPlugin:80 - create IPUIPlugin
2024-09-10 22:18:42,170 [INFO] PluginManager:220 - loadIPPluginJar : add touchsensing
2024-09-10 22:18:42,305 [INFO] IPUIPlugin:80 - create IPUIPlugin
2024-09-10 22:18:42,306 [INFO] PluginManager:220 - loadIPPluginJar : add tracer_emb
2024-09-10 22:18:42,398 [INFO] IPUIPlugin:80 - create IPUIPlugin
2024-09-10 22:18:42,398 [INFO] PluginManager:220 - loadIPPluginJar : add ts
2024-09-10 22:18:42,457 [INFO] ThirdPartyUpdaterWithRetryManager:70 - Updater plugin not ready yet. [4/15]
2024-09-10 22:18:42,469 [INFO] IPUIPlugin:80 - create IPUIPlugin
2024-09-10 22:18:42,470 [INFO] PluginManager:220 - loadIPPluginJar : add tsc
2024-09-10 22:18:42,595 [INFO] IPUIPlugin:80 - create IPUIPlugin
2024-09-10 22:18:42,595 [INFO] PluginManager:220 - loadIPPluginJar : add ucpd
2024-09-10 22:18:42,747 [INFO] IPUIPlugin:80 - create IPUIPlugin
2024-09-10 22:18:42,747 [INFO] PluginManager:220 - loadIPPluginJar : add usart
2024-09-10 22:18:42,936 [INFO] IPUIPlugin:80 - create IPUIPlugin
2024-09-10 22:18:42,936 [INFO] PluginManager:220 - loadIPPluginJar : add usbx
2024-09-10 22:18:43,205 [INFO] CADModel:165 - CPN selected for project level
2024-09-10 22:18:43,205 [INFO] CADModel:114 - Register for checkConnection events
2024-09-10 22:18:43,206 [FATAL] Updater:308 - Updater called before beeing initialized
2024-09-10 22:18:43,206 [ERROR] CADModel:125 - Updater not yet initialized, retry later 
2024-09-10 22:18:43,614 [INFO] CADModel:165 - CPN selected for project level
2024-09-10 22:18:43,614 [INFO] CADModel:114 - Register for checkConnection events
2024-09-10 22:18:43,615 [FATAL] Updater:308 - Updater called before beeing initialized
2024-09-10 22:18:43,615 [ERROR] CADModel:125 - Updater not yet initialized, retry later 
2024-09-10 22:18:43,622 [FATAL] Updater:308 - Updater called before beeing initialized
2024-09-10 22:18:43,993 [FATAL] Updater:308 - Updater called before beeing initialized
2024-09-10 22:18:44,019 [INFO] DbMcusAds:53 - JSON generation date=Thu May 16 11:22:01 CEST 2024 (1715851321109)
2024-09-10 22:18:44,019 [FATAL] Updater:308 - Updater called before beeing initialized
2024-09-10 22:18:44,283 [WARN] DetailPanel:346 - Failed to get advertising image, set to default
2024-09-10 22:18:44,586 [FATAL] Updater:308 - Updater called before beeing initialized
2024-09-10 22:18:44,593 [FATAL] Updater:308 - Updater called before beeing initialized
2024-09-10 22:18:44,594 [FATAL] Updater:308 - Updater called before beeing initialized
2024-09-10 22:18:44,596 [WARN] DetailPanel:346 - Failed to get advertising image, set to default
2024-09-10 22:18:44,599 [FATAL] Updater:308 - Updater called before beeing initialized
2024-09-10 22:18:44,761 [ERROR] Updater:1120 - MainUpdater not yet initialized. External WinMGr cannot be set.
2024-09-10 22:18:44,786 [INFO] Updater:1056 - Updater Version found : 6.11.1
2024-09-10 22:18:44,828 [INFO] ApplicationProperties:184 - Using Application install path: C:\ST\STM32CubeIDE_1.15.1\STM32CubeIDE\plugins\com.st.stm32cube.common.mx_6.11.1.202404110753
2024-09-10 22:18:45,472 [INFO] ThirdPartyUpdaterWithRetryManager:70 - Updater plugin not ready yet. [5/15]
2024-09-10 22:18:46,603 [ERROR] LogOutputStream:75 - [STDERR_REDIRECT] Sep 10, 2024 10:18:46 PM java.util.prefs.WindowsPreferences <init>
2024-09-10 22:18:46,609 [ERROR] LogOutputStream:75 - [STDERR_REDIRECT] WARNING: Could not open/create prefs root node Software\JavaSoft\Prefs at root 0xffffffff80000002. Windows RegCreateKeyEx(...) returned error code 5.
2024-09-10 22:18:46,609 [ERROR] LogOutputStream:75 - [STDERR_REDIRECT] 
2024-09-10 22:18:48,478 [FATAL] Updater:308 - Updater called before beeing initialized
2024-09-10 22:18:48,481 [ERROR] IntegrityCheckThread:130 - Cannot retrieve database content from updater: error 21
2024-09-10 22:18:48,482 [INFO] ThirdParty:978 - Integrity check success = false
2024-09-10 22:18:48,482 [INFO] IntegrityCheckThread:100 - exiting critical section [integrity check]
2024-09-10 22:18:48,482 [INFO] IntegrityCheckThread:103 - End integrity checks thread
2024-09-10 22:18:59,513 [INFO] MainUpdater:2873 - connection check result : 22
2024-09-10 22:18:59,515 [INFO] MainUpdater:290 - Updater Check For Update Now.
2024-09-10 22:18:59,515 [INFO] MicroXplorer:498 - Change Database Version : DB.6.0.111
2024-09-10 22:18:59,634 [INFO] McuFinderGlobals:63 - Set McuFinder mode to 2 (CubeIDE integrated)
2024-09-10 22:18:59,858 [INFO] UserAuth:415 - Internet connection configuration mode: 2
2024-09-10 22:18:59,964 [INFO] CheckServerUpdateThread:120 - End of CheckServer Thread
2024-09-10 22:33:15,371 [ERROR] AdobePublisher:162 - Exception while opening the connection: java.net.SocketTimeoutException: Connect timed out
2024-09-10 22:33:20,543 [ERROR] LogOutputStream:75 - [STDERR_REDIRECT] 
