2024-05-27 21:21:16,152 [INFO] Activator:176 - 


2024-05-27 21:21:16,162 [INFO] Activator:177 - !SESSION log4j initialized
2024-05-27 21:21:22,271 [INFO] LogOutputStream:77 - [STDOUT_REDIRECT] 
2024-05-27 21:21:24,580 [INFO] ApplicationProperties:184 - Using Application install path: C:\ST\STM32CubeIDE_1.15.1\STM32CubeIDE\plugins\com.st.stm32cube.common.mx_6.11.1.202404110753
2024-05-27 21:21:24,610 [INFO] DbMcusXml:78 - Set database path to: C:\ST\STM32CubeIDE_1.15.1\STM32CubeIDE\plugins\com.st.stm32cube.common.mx_6.11.1.202404110753\\db\/mcu/
2024-05-27 21:21:24,610 [INFO] ApiDb:274 - Set plugin database path to: C:\ST\STM32CubeIDE_1.15.1\STM32CubeIDE\plugins\com.st.stm32cube.common.mx_6.11.1.202404110753\\db\/plugins/boardmanager/
2024-05-27 21:21:24,611 [WARN] ApiDb:259 - Overriding images path with different value:  => C:\ST\STM32CubeIDE_1.15.1\STM32CubeIDE\plugins\com.st.stm32cube.common.mx_6.11.1.202404110753\\db\/plugins/mcufinder/images/
2024-05-27 21:21:24,632 [INFO] ApiDb:250 - Set database path to: C:\Users\dbank\.stmcufinder\plugins\mcufinder//mcu/
2024-05-27 21:21:24,634 [INFO] DbMcusAds:125 - Set database path to: C:\Users\dbank\.stmcufinder\plugins\mcufinder//mcu/
2024-05-27 21:21:24,638 [INFO] CrossReferenceDbSqlite:203 - Set database path to: C:\Users\dbank\.stmcufinder\plugins\mcufinder//mcu/cs/
2024-05-27 21:21:24,813 [INFO] RulesReader:64 - Compatibility file has been processed (297 Rules)
2024-05-27 21:21:24,942 [INFO] DbMcusXml:78 - Set database path to: C:\ST\STM32CubeIDE_1.15.1\STM32CubeIDE\plugins\com.st.stm32cube.common.mx_6.11.1.202404110753\\db\/mcu/
2024-05-27 21:21:24,942 [INFO] ApiDb:274 - Set plugin database path to: C:\ST\STM32CubeIDE_1.15.1\STM32CubeIDE\plugins\com.st.stm32cube.common.mx_6.11.1.202404110753\\db\/plugins/boardmanager/
2024-05-27 21:21:24,942 [INFO] ApiDb:261 - Set plugin images path to: C:\ST\STM32CubeIDE_1.15.1\STM32CubeIDE\plugins\com.st.stm32cube.common.mx_6.11.1.202404110753\\db\/plugins/mcufinder/images/
2024-05-27 21:21:24,942 [WARN] DbFile:41 - Overriding database path with different value: C:\Users\dbank\.stmcufinder\plugins\mcufinder/ => C:\Users\dbank\.stmcufinder\plugins\mcufinder
2024-05-27 21:21:24,942 [INFO] ApiDb:250 - Set database path to: C:\Users\dbank\.stmcufinder\plugins\mcufinder//mcu/
2024-05-27 21:21:24,943 [WARN] DbFile:41 - Overriding database path with different value: C:\Users\dbank\.stmcufinder\plugins\mcufinder/ => C:\Users\dbank\.stmcufinder\plugins\mcufinder
2024-05-27 21:21:24,943 [INFO] DbMcusAds:125 - Set database path to: C:\Users\dbank\.stmcufinder\plugins\mcufinder//mcu/
2024-05-27 21:21:24,943 [WARN] DbFile:41 - Overriding database path with different value: C:\Users\dbank\.stmcufinder\plugins\mcufinder/ => C:\Users\dbank\.stmcufinder\plugins\mcufinder
2024-05-27 21:21:24,943 [WARN] DbFile:41 - Overriding database path with different value: C:\Users\dbank\.stmcufinder\plugins\mcufinder/ => C:\Users\dbank\.stmcufinder\plugins\mcufinder
2024-05-27 21:21:24,943 [INFO] CrossReferenceDbSqlite:203 - Set database path to: C:\Users\dbank\.stmcufinder\plugins\mcufinder//mcu/cs/
2024-05-27 21:21:25,069 [INFO] MainPanel:264 - HeapMemory: 268435456
2024-05-27 21:21:25,202 [INFO] DbMcusXml:78 - Set database path to: C:\ST\STM32CubeIDE_1.15.1\STM32CubeIDE\plugins\com.st.stm32cube.common.mx_6.11.1.202404110753\\db\/mcu/
2024-05-27 21:21:25,202 [INFO] ApiDb:274 - Set plugin database path to: C:\ST\STM32CubeIDE_1.15.1\STM32CubeIDE\plugins\com.st.stm32cube.common.mx_6.11.1.202404110753\\db\/plugins/boardmanager/
2024-05-27 21:21:25,202 [INFO] ApiDb:261 - Set plugin images path to: C:\ST\STM32CubeIDE_1.15.1\STM32CubeIDE\plugins\com.st.stm32cube.common.mx_6.11.1.202404110753\\db\/plugins/mcufinder/images/
2024-05-27 21:21:25,202 [WARN] DbFile:41 - Overriding database path with different value: C:\Users\dbank\.stmcufinder\plugins\mcufinder/ => C:\Users\dbank\.stmcufinder\plugins\mcufinder
2024-05-27 21:21:25,202 [INFO] ApiDb:250 - Set database path to: C:\Users\dbank\.stmcufinder\plugins\mcufinder//mcu/
2024-05-27 21:21:25,202 [WARN] DbFile:41 - Overriding database path with different value: C:\Users\dbank\.stmcufinder\plugins\mcufinder/ => C:\Users\dbank\.stmcufinder\plugins\mcufinder
2024-05-27 21:21:25,202 [INFO] DbMcusAds:125 - Set database path to: C:\Users\dbank\.stmcufinder\plugins\mcufinder//mcu/
2024-05-27 21:21:25,202 [WARN] DbFile:41 - Overriding database path with different value: C:\Users\dbank\.stmcufinder\plugins\mcufinder/ => C:\Users\dbank\.stmcufinder\plugins\mcufinder
2024-05-27 21:21:25,203 [WARN] DbFile:41 - Overriding database path with different value: C:\Users\dbank\.stmcufinder\plugins\mcufinder/ => C:\Users\dbank\.stmcufinder\plugins\mcufinder
2024-05-27 21:21:25,203 [INFO] CrossReferenceDbSqlite:203 - Set database path to: C:\Users\dbank\.stmcufinder\plugins\mcufinder//mcu/cs/
2024-05-27 21:21:25,234 [INFO] ApplicationProperties:184 - Using Application install path: C:\ST\STM32CubeIDE_1.15.1\STM32CubeIDE\plugins\com.st.stm32cube.common.mx_6.11.1.202404110753
2024-05-27 21:21:25,237 [INFO] PluginManage:196 - Search for loadable plugins [exclusion list=, ]
2024-05-27 21:21:25,240 [INFO] PluginManage:310 - Check plugin analytics
2024-05-27 21:21:25,674 [INFO] AnalyticsPlugin:253 - Accepted Software Licenses: STM32CubeMX.6.11.1
2024-05-27 21:21:25,674 [INFO] AnalyticsPlugin:255 - Accepted CMSIS Pack Licenses: 
2024-05-27 21:21:25,674 [INFO] AnalyticsPlugin:257 - Accepted Firmware Licenses: FW.H7.1.11.0,FW.H7.1.10.0,FW.L4.1.18.0
2024-05-27 21:21:25,679 [INFO] PluginManage:359 - Loaded plugin analytics (category:tool,tabindex:-1)
2024-05-27 21:21:25,680 [INFO] PluginManage:310 - Check plugin cadmodel
2024-05-27 21:21:25,705 [INFO] CADModel:105 - Init CAD model plugin
2024-05-27 21:21:25,705 [INFO] PluginManage:359 - Loaded plugin cadmodel (category:power,tabindex:5)
2024-05-27 21:21:25,705 [INFO] PluginManage:310 - Check plugin clock
2024-05-27 21:21:25,735 [INFO] PluginManage:359 - Loaded plugin clock (category:base,tabindex:2)
2024-05-27 21:21:25,735 [INFO] PluginManage:310 - Check plugin ddr
2024-05-27 21:21:25,738 [INFO] PluginManage:359 - Loaded plugin ddr (category:tool,tabindex:6)
2024-05-27 21:21:25,738 [INFO] PluginManage:310 - Check plugin filemanager
2024-05-27 21:21:25,989 [INFO] PluginManage:359 - Loaded plugin filemanager (category:base,tabindex:10)
2024-05-27 21:21:25,989 [INFO] PluginManage:310 - Check plugin ipmanager
2024-05-27 21:21:25,999 [INFO] PluginManage:359 - Loaded plugin ipmanager (category:base,tabindex:5)
2024-05-27 21:21:25,999 [INFO] PluginManage:310 - Check plugin lpbam
2024-05-27 21:21:26,026 [INFO] PluginManage:359 - Loaded plugin lpbam (category:base,tabindex:0)
2024-05-27 21:21:26,026 [INFO] PluginManage:310 - Check plugin memorymap
2024-05-27 21:21:26,067 [INFO] PluginManage:359 - Loaded plugin memorymap (category:base,tabindex:4)
2024-05-27 21:21:26,067 [INFO] PluginManage:310 - Check plugin pinoutandconfiguration
2024-05-27 21:21:26,106 [INFO] PluginManage:359 - Loaded plugin pinoutandconfiguration (category:base,tabindex:1)
2024-05-27 21:21:26,107 [INFO] PluginManage:310 - Check plugin pinoutconfig
2024-05-27 21:21:26,279 [WARN] SupportedApi:132 - Cannot load RTOS API schema: s4s-elt-must-match.1: The content of 'definitions' must match (annotation?, (simpleType | complexType)?, (unique | key | keyref)*)). A problem was found starting at: attribute.
2024-05-27 21:21:26,533 [INFO] PluginManage:359 - Loaded plugin pinoutconfig (category:base,tabindex:0)
2024-05-27 21:21:26,533 [INFO] PluginManage:310 - Check plugin power
2024-05-27 21:21:26,586 [INFO] PluginManage:359 - Loaded plugin power (category:power,tabindex:4)
2024-05-27 21:21:26,587 [INFO] PluginManage:310 - Check plugin projectmanager
2024-05-27 21:21:26,626 [INFO] PluginManage:359 - Loaded plugin projectmanager (category:projectmanager,tabindex:3)
2024-05-27 21:21:26,627 [INFO] PluginManage:310 - Check plugin thirdparty
2024-05-27 21:21:27,079 [INFO] PluginManage:359 - Loaded plugin thirdparty (category:base,tabindex:-1)
2024-05-27 21:21:27,079 [INFO] PluginManage:310 - Check plugin tools
2024-05-27 21:21:27,079 [WARN] IntegrityCheckThread:84 - waiting for thirdparty lock release [integrity check]
2024-05-27 21:21:27,079 [INFO] IntegrityCheckThread:86 - entering critical section [integrity check]
2024-05-27 21:21:27,079 [INFO] ThirdPartyUpdaterWithRetryManager:70 - Updater plugin not ready yet. [1/15]
2024-05-27 21:21:27,120 [INFO] PluginManage:359 - Loaded plugin tools (category:base,tabindex:7)
2024-05-27 21:21:27,120 [INFO] PluginManage:310 - Check plugin tutovideos
2024-05-27 21:21:27,358 [INFO] PluginManage:359 - Loaded plugin tutovideos (category:base,tabindex:-1)
2024-05-27 21:21:27,358 [INFO] PluginManage:310 - Check plugin updater
2024-05-27 21:21:27,378 [INFO] PluginManage:359 - Loaded plugin updater (category:base,tabindex:12)
2024-05-27 21:21:27,378 [INFO] PluginManage:310 - Check plugin userauth
2024-05-27 21:21:27,387 [INFO] UserAuth:114 - Init User Auth plugin
2024-05-27 21:21:27,387 [INFO] PluginManage:359 - Loaded plugin userauth (category:base,tabindex:14)
2024-05-27 21:21:27,388 [INFO] PluginManage:283 - PluginManage : Loaded plugins [17]
2024-05-27 21:21:27,740 [INFO] PinOutPanel:1561 - setPackage(No Configuration,No Configuration)
2024-05-27 21:21:27,882 [INFO] CADModel:165 - CPN selected for project level
2024-05-27 21:21:27,883 [INFO] CADModel:114 - Register for checkConnection events
2024-05-27 21:21:27,930 [INFO] IPUIPlugin:80 - create IPUIPlugin
2024-05-27 21:21:27,932 [INFO] PluginManager:220 - loadIPPluginJar : add adc
2024-05-27 21:21:27,998 [INFO] IPUIPlugin:80 - create IPUIPlugin
2024-05-27 21:21:27,998 [INFO] PluginManager:220 - loadIPPluginJar : add aes
2024-05-27 21:21:28,079 [INFO] IPUIPlugin:80 - create IPUIPlugin
2024-05-27 21:21:28,079 [INFO] PluginManager:220 - loadIPPluginJar : add can
2024-05-27 21:21:28,120 [INFO] IPUIPlugin:80 - create IPUIPlugin
2024-05-27 21:21:28,121 [INFO] PluginManager:220 - loadIPPluginJar : add comp
2024-05-27 21:21:28,180 [INFO] IPUIPlugin:80 - create IPUIPlugin
2024-05-27 21:21:28,180 [INFO] PluginManager:220 - loadIPPluginJar : add cryp
2024-05-27 21:21:28,236 [INFO] IPUIPlugin:80 - create IPUIPlugin
2024-05-27 21:21:28,236 [INFO] PluginManager:220 - loadIPPluginJar : add dfsdm
2024-05-27 21:21:28,259 [INFO] IPUIPlugin:80 - create IPUIPlugin
2024-05-27 21:21:28,260 [INFO] PluginManager:220 - loadIPPluginJar : add dma
2024-05-27 21:21:28,338 [INFO] IPUIPlugin:80 - create IPUIPlugin
2024-05-27 21:21:28,338 [INFO] PluginManager:220 - loadIPPluginJar : add dma3
2024-05-27 21:21:28,424 [INFO] IPUIPlugin:80 - create IPUIPlugin
2024-05-27 21:21:28,424 [INFO] PluginManager:220 - loadIPPluginJar : add extmemmanager
2024-05-27 21:21:28,475 [INFO] IPUIPlugin:80 - create IPUIPlugin
2024-05-27 21:21:28,475 [INFO] PluginManager:220 - loadIPPluginJar : add fatfs
2024-05-27 21:21:28,576 [INFO] IPUIPlugin:80 - create IPUIPlugin
2024-05-27 21:21:28,576 [INFO] PluginManager:220 - loadIPPluginJar : add fmc
2024-05-27 21:21:28,602 [INFO] IPUIPlugin:80 - create IPUIPlugin
2024-05-27 21:21:28,602 [INFO] PluginManager:220 - loadIPPluginJar : add freertos
2024-05-27 21:21:28,638 [INFO] IPUIPlugin:80 - create IPUIPlugin
2024-05-27 21:21:28,638 [INFO] PluginManager:220 - loadIPPluginJar : add genericplugin
2024-05-27 21:21:28,812 [INFO] IPUIPlugin:80 - create IPUIPlugin
2024-05-27 21:21:28,812 [INFO] PluginManager:220 - loadIPPluginJar : add gfxmmu
2024-05-27 21:21:29,032 [INFO] IPUIPlugin:80 - create IPUIPlugin
2024-05-27 21:21:29,032 [INFO] PluginManager:220 - loadIPPluginJar : add gic
2024-05-27 21:21:29,049 [INFO] IPUIPlugin:80 - create IPUIPlugin
2024-05-27 21:21:29,050 [INFO] PluginManager:220 - loadIPPluginJar : add gpio
2024-05-27 21:21:29,196 [INFO] IPUIPlugin:80 - create IPUIPlugin
2024-05-27 21:21:29,196 [INFO] PluginManager:220 - loadIPPluginJar : add gtzc
2024-05-27 21:21:29,238 [INFO] IPUIPlugin:80 - create IPUIPlugin
2024-05-27 21:21:29,238 [INFO] PluginManager:220 - loadIPPluginJar : add hash
2024-05-27 21:21:29,316 [INFO] IPUIPlugin:80 - create IPUIPlugin
2024-05-27 21:21:29,317 [INFO] PluginManager:220 - loadIPPluginJar : add i2c
2024-05-27 21:21:29,381 [INFO] IPUIPlugin:80 - create IPUIPlugin
2024-05-27 21:21:29,381 [INFO] PluginManager:220 - loadIPPluginJar : add i2s
2024-05-27 21:21:29,450 [INFO] IPUIPlugin:80 - create IPUIPlugin
2024-05-27 21:21:29,450 [INFO] PluginManager:220 - loadIPPluginJar : add i3c
2024-05-27 21:21:29,643 [INFO] IPUIPlugin:80 - create IPUIPlugin
2024-05-27 21:21:29,644 [INFO] PluginManager:220 - loadIPPluginJar : add ipddr
2024-05-27 21:21:29,826 [INFO] IPUIPlugin:80 - create IPUIPlugin
2024-05-27 21:21:29,826 [INFO] PluginManager:220 - loadIPPluginJar : add linkedlist
2024-05-27 21:21:29,909 [INFO] IPUIPlugin:80 - create IPUIPlugin
2024-05-27 21:21:29,910 [INFO] PluginManager:220 - loadIPPluginJar : add lorawan
2024-05-27 21:21:29,984 [INFO] IPUIPlugin:80 - create IPUIPlugin
2024-05-27 21:21:29,984 [INFO] PluginManager:220 - loadIPPluginJar : add ltdc
2024-05-27 21:21:30,020 [INFO] IPUIPlugin:80 - create IPUIPlugin
2024-05-27 21:21:30,020 [INFO] PluginManager:220 - loadIPPluginJar : add mdma
2024-05-27 21:21:30,040 [INFO] IPUIPlugin:80 - create IPUIPlugin
2024-05-27 21:21:30,040 [INFO] PluginManager:220 - loadIPPluginJar : add nvic
2024-05-27 21:21:30,081 [INFO] ThirdPartyUpdaterWithRetryManager:70 - Updater plugin not ready yet. [2/15]
2024-05-27 21:21:30,106 [INFO] IPUIPlugin:80 - create IPUIPlugin
2024-05-27 21:21:30,106 [INFO] PluginManager:220 - loadIPPluginJar : add opamp
2024-05-27 21:21:30,223 [INFO] IPUIPlugin:80 - create IPUIPlugin
2024-05-27 21:21:30,223 [INFO] PluginManager:220 - loadIPPluginJar : add openamp
2024-05-27 21:21:30,298 [INFO] IPUIPlugin:80 - create IPUIPlugin
2024-05-27 21:21:30,298 [INFO] PluginManager:220 - loadIPPluginJar : add pdm2pcm
2024-05-27 21:21:30,321 [INFO] IPUIPlugin:80 - create IPUIPlugin
2024-05-27 21:21:30,325 [INFO] PluginManager:220 - loadIPPluginJar : add plateformsettings
2024-05-27 21:21:30,360 [INFO] IPUIPlugin:80 - create IPUIPlugin
2024-05-27 21:21:30,360 [INFO] PluginManager:220 - loadIPPluginJar : add quadspi
2024-05-27 21:21:30,379 [INFO] IPUIPlugin:80 - create IPUIPlugin
2024-05-27 21:21:30,379 [INFO] PluginManager:220 - loadIPPluginJar : add resmgrutility
2024-05-27 21:21:30,463 [INFO] IPUIPlugin:80 - create IPUIPlugin
2024-05-27 21:21:30,463 [INFO] PluginManager:220 - loadIPPluginJar : add sai
2024-05-27 21:21:30,541 [INFO] IPUIPlugin:80 - create IPUIPlugin
2024-05-27 21:21:30,541 [INFO] PluginManager:220 - loadIPPluginJar : add spi
2024-05-27 21:21:30,655 [INFO] IPUIPlugin:80 - create IPUIPlugin
2024-05-27 21:21:30,656 [INFO] PluginManager:220 - loadIPPluginJar : add stm32_wpan
2024-05-27 21:21:30,698 [INFO] IPUIPlugin:80 - create IPUIPlugin
2024-05-27 21:21:30,699 [INFO] PluginManager:220 - loadIPPluginJar : add tim
2024-05-27 21:21:30,808 [INFO] IPUIPlugin:80 - create IPUIPlugin
2024-05-27 21:21:30,809 [INFO] PluginManager:220 - loadIPPluginJar : add touchsensing
2024-05-27 21:21:30,852 [INFO] IPUIPlugin:80 - create IPUIPlugin
2024-05-27 21:21:30,852 [INFO] PluginManager:220 - loadIPPluginJar : add tracer_emb
2024-05-27 21:21:30,898 [INFO] IPUIPlugin:80 - create IPUIPlugin
2024-05-27 21:21:30,899 [INFO] PluginManager:220 - loadIPPluginJar : add ts
2024-05-27 21:21:30,945 [INFO] IPUIPlugin:80 - create IPUIPlugin
2024-05-27 21:21:30,945 [INFO] PluginManager:220 - loadIPPluginJar : add tsc
2024-05-27 21:21:30,979 [INFO] IPUIPlugin:80 - create IPUIPlugin
2024-05-27 21:21:30,979 [INFO] PluginManager:220 - loadIPPluginJar : add ucpd
2024-05-27 21:21:31,054 [INFO] IPUIPlugin:80 - create IPUIPlugin
2024-05-27 21:21:31,054 [INFO] PluginManager:220 - loadIPPluginJar : add usart
2024-05-27 21:21:31,133 [INFO] IPUIPlugin:80 - create IPUIPlugin
2024-05-27 21:21:31,133 [INFO] PluginManager:220 - loadIPPluginJar : add usbx
2024-05-27 21:21:31,301 [INFO] CADModel:165 - CPN selected for project level
2024-05-27 21:21:31,301 [INFO] CADModel:114 - Register for checkConnection events
2024-05-27 21:21:31,301 [FATAL] Updater:308 - Updater called before beeing initialized
2024-05-27 21:21:31,301 [ERROR] CADModel:125 - Updater not yet initialized, retry later 
2024-05-27 21:21:31,527 [INFO] CADModel:165 - CPN selected for project level
2024-05-27 21:21:31,527 [INFO] CADModel:114 - Register for checkConnection events
2024-05-27 21:21:31,527 [FATAL] Updater:308 - Updater called before beeing initialized
2024-05-27 21:21:31,527 [ERROR] CADModel:125 - Updater not yet initialized, retry later 
2024-05-27 21:21:31,532 [FATAL] Updater:308 - Updater called before beeing initialized
2024-05-27 21:21:31,711 [FATAL] Updater:308 - Updater called before beeing initialized
2024-05-27 21:21:31,729 [INFO] DbMcusAds:53 - JSON generation date=Thu May 16 11:22:01 CEST 2024 (1715851321109)
2024-05-27 21:21:31,729 [FATAL] Updater:308 - Updater called before beeing initialized
2024-05-27 21:21:31,838 [WARN] DetailPanel:346 - Failed to get advertising image, set to default
2024-05-27 21:21:32,033 [FATAL] Updater:308 - Updater called before beeing initialized
2024-05-27 21:21:32,039 [FATAL] Updater:308 - Updater called before beeing initialized
2024-05-27 21:21:32,039 [FATAL] Updater:308 - Updater called before beeing initialized
2024-05-27 21:21:32,039 [WARN] DetailPanel:346 - Failed to get advertising image, set to default
2024-05-27 21:21:32,040 [FATAL] Updater:308 - Updater called before beeing initialized
2024-05-27 21:21:32,165 [ERROR] Updater:1120 - MainUpdater not yet initialized. External WinMGr cannot be set.
2024-05-27 21:21:32,189 [INFO] Updater:1056 - Updater Version found : 6.11.1
2024-05-27 21:21:32,226 [INFO] ApplicationProperties:184 - Using Application install path: C:\ST\STM32CubeIDE_1.15.1\STM32CubeIDE\plugins\com.st.stm32cube.common.mx_6.11.1.202404110753
2024-05-27 21:21:33,082 [INFO] ThirdPartyUpdaterWithRetryManager:70 - Updater plugin not ready yet. [3/15]
2024-05-27 21:21:33,850 [ERROR] LogOutputStream:75 - [STDERR_REDIRECT] May 27, 2024 9:21:33 PM java.util.prefs.WindowsPreferences <init>
2024-05-27 21:21:33,852 [ERROR] LogOutputStream:75 - [STDERR_REDIRECT] WARNING: Could not open/create prefs root node Software\JavaSoft\Prefs at root 0xffffffff80000002. Windows RegCreateKeyEx(...) returned error code 5.
2024-05-27 21:21:33,853 [ERROR] LogOutputStream:75 - [STDERR_REDIRECT] 
2024-05-27 21:21:34,502 [INFO] MainUpdater:2873 - connection check result : 10
2024-05-27 21:21:34,504 [INFO] MainUpdater:290 - Updater Check For Update Now.
2024-05-27 21:21:34,504 [INFO] MicroXplorer:498 - Change Database Version : DB.6.0.111
2024-05-27 21:21:34,527 [INFO] McuFinderGlobals:63 - Set McuFinder mode to 2 (CubeIDE integrated)
2024-05-27 21:21:34,543 [INFO] UserAuth:415 - Internet connection configuration mode: 1
2024-05-27 21:21:34,587 [INFO] JxBrowserEngine:152 - Initiate JxBrowser Engine with user profile folder
2024-05-27 21:21:34,739 [INFO] CheckServerUpdateThread:120 - End of CheckServer Thread
2024-05-27 21:21:36,307 [WARN] PackLoader:240 - Cannot read IP mode file for STMicroelectronics.FP-SNS-MOTENVWB1.1.4.0
2024-05-27 21:21:36,324 [WARN] PackLoader:240 - Cannot read IP mode file for STMicroelectronics.X-CUBE-SMBUS.2.1.0
2024-05-27 21:21:36,336 [WARN] PackLoader:240 - Cannot read IP mode file for STMicroelectronics.X-CUBE-TOUCHGFX.4.23.2
2024-05-27 21:21:36,381 [WARN] PackLoader:240 - Cannot read IP mode file for STMicroelectronics.X-CUBE-AZRTOS-F7.1.1.0
2024-05-27 21:21:36,403 [WARN] PackLoader:240 - Cannot read IP mode file for STMicroelectronics.FP-SNS-FLIGHT1.5.0.2
2024-05-27 21:21:36,425 [WARN] PackLoader:240 - Cannot read IP mode file for STMicroelectronics.X-CUBE-DISPLAY.3.0.0
2024-05-27 21:21:36,453 [WARN] PackLoader:240 - Cannot read IP mode file for STMicroelectronics.X-CUBE-BLE1.7.0.0
2024-05-27 21:21:36,472 [WARN] PackLoader:240 - Cannot read IP mode file for emotas.I-CUBE-CANOPEN.1.3.0
2024-05-27 21:21:36,497 [WARN] PackLoader:240 - Cannot read IP mode file for STMicroelectronics.X-CUBE-BLEMGR.3.1.0
2024-05-27 21:21:36,515 [WARN] PackLoader:240 - Cannot read IP mode file for STMicroelectronics.FP-SNS-SMARTAG2.1.2.0
2024-05-27 21:21:36,539 [INFO] LogOutputStream:77 - [STDOUT_REDIRECT] 1 : Invalid condition id : UX_CORESTACK_Condition cause : null
2024-05-27 21:21:36,540 [INFO] LogOutputStream:77 - [STDOUT_REDIRECT] 1 : Invalid condition id : UX_CORESTACK_Condition cause : null
2024-05-27 21:21:36,541 [INFO] LogOutputStream:77 - [STDOUT_REDIRECT] 1 : Invalid condition id : UX_CORESTACK_Condition cause : null
2024-05-27 21:21:36,543 [INFO] LogOutputStream:77 - [STDOUT_REDIRECT] 1 : Invalid condition id : UX_CORESTACK_Condition cause : null
2024-05-27 21:21:36,543 [INFO] LogOutputStream:77 - [STDOUT_REDIRECT] 1 : Invalid condition id : UX_CORESTACK_Condition cause : null
2024-05-27 21:21:36,547 [WARN] PackLoader:240 - Cannot read IP mode file for STMicroelectronics.X-CUBE-AZRTOS-WL.2.0.0
2024-05-27 21:21:36,563 [WARN] PackLoader:240 - Cannot read IP mode file for STMicroelectronics.FP-SNS-MOTENV1.5.0.0
2024-05-27 21:21:36,584 [WARN] PackLoader:240 - Cannot read IP mode file for WES.I-CUBE-Cesium.1.3.0
2024-05-27 21:21:36,600 [WARN] PackLoader:240 - Cannot read IP mode file for STMicroelectronics.X-CUBE-BLE2.3.3.0
2024-05-27 21:21:36,615 [WARN] PackLoader:240 - Cannot read IP mode file for STMicroelectronics.X-CUBE-TCPP.4.1.0
2024-05-27 21:21:36,633 [WARN] PackLoader:240 - Cannot read IP mode file for STMicroelectronics.X-CUBE-ALGOBUILD.1.3.0
2024-05-27 21:21:36,667 [WARN] PackLoader:240 - Cannot read IP mode file for STMicroelectronics.X-CUBE-AZRTOS-G0.1.1.0
2024-05-27 21:21:36,691 [WARN] PackLoader:240 - Cannot read IP mode file for STMicroelectronics.X-CUBE-SAFEA1.1.2.2
2024-05-27 21:21:36,708 [WARN] PackLoader:240 - Cannot read IP mode file for STMicroelectronics.X-CUBE-NFC4.3.0.0
2024-05-27 21:21:36,727 [WARN] PackLoader:240 - Cannot read IP mode file for wolfSSL.I-CUBE-wolfSSL.5.7.0
2024-05-27 21:21:36,741 [WARN] PackLoader:240 - Cannot read IP mode file for STMicroelectronics.FP-ATR-SIGFOX1.3.2.0
2024-05-27 21:21:36,757 [WARN] PackLoader:240 - Cannot read IP mode file for STMicroelectronics.X-CUBE-EEPRMA1.5.1.0
2024-05-27 21:21:36,776 [WARN] PackLoader:240 - Cannot read IP mode file for ITTIA_DB.I-CUBE-ITTIADB.8.9.0
2024-05-27 21:21:36,815 [WARN] PackLoader:240 - Cannot read IP mode file for SEGGER.I-CUBE-embOS.1.3.1
2024-05-27 21:21:36,896 [WARN] PackLoader:240 - Cannot read IP mode file for STMicroelectronics.X-CUBE-ALGOBUILD.1.4.0
2024-05-27 21:21:36,914 [WARN] PackLoader:240 - Cannot read IP mode file for STMicroelectronics.X-CUBE-GNSS1.6.0.0
2024-05-27 21:21:36,948 [WARN] PackLoader:240 - Cannot read IP mode file for STMicroelectronics.X-CUBE-AZRTOS-F4.1.1.0
2024-05-27 21:21:36,968 [WARN] PackLoader:240 - Cannot read IP mode file for STMicroelectronics.X-CUBE-FREERTOS.1.2.0
2024-05-27 21:21:37,003 [WARN] PackLoader:240 - Cannot read IP mode file for STMicroelectronics.X-CUBE-AZRTOS-L5.2.0.0
2024-05-27 21:21:37,027 [WARN] PackLoader:240 - Cannot read IP mode file for STMicroelectronics.X-CUBE-NFC6.3.1.0
2024-05-27 21:21:37,100 [WARN] PackLoader:240 - Cannot read IP mode file for STMicroelectronics.X-CUBE-AI.9.0.0
2024-05-27 21:21:37,120 [WARN] PackLoader:240 - Cannot read IP mode file for STMicroelectronics.X-CUBE-NFC7.1.0.1
2024-05-27 21:21:37,165 [WARN] ConditionMgr:438 - getConditionDescription Invalid condition id : LAN8742 Phy interface Condition cause : null
2024-05-27 21:21:37,166 [WARN] PackLoader:240 - Cannot read IP mode file for STMicroelectronics.X-CUBE-AZRTOS-L4.2.0.0
2024-05-27 21:21:37,167 [WARN] ConditionMgr:1039 - genDependencies : Invalid condition id : LAN8742 Phy interface Condition cause : null
2024-05-27 21:21:37,168 [WARN] ConditionMgr:1039 - genDependencies : Invalid condition id : LAN8742 Phy interface Condition cause : null
2024-05-27 21:21:37,168 [WARN] ConditionMgr:1039 - genDependencies : Invalid condition id : LAN8742 Phy interface Condition cause : null
2024-05-27 21:21:37,191 [WARN] PackLoader:240 - Cannot read IP mode file for STMicroelectronics.X-CUBE-SFXS2LP1.4.0.0
2024-05-27 21:21:37,224 [WARN] ConditionMgr:438 - getConditionDescription Invalid condition id : UX DEVICE CLASS RTOS Condition cause : null
2024-05-27 21:21:37,224 [WARN] ConditionMgr:438 - getConditionDescription Invalid condition id : UX DEVICE CLASS RTOS Condition cause : null
2024-05-27 21:21:37,227 [WARN] PackLoader:240 - Cannot read IP mode file for STMicroelectronics.X-CUBE-AZRTOS-WB.2.0.0
2024-05-27 21:21:37,228 [WARN] ConditionMgr:1039 - genDependencies : Invalid condition id : UX DEVICE CLASS RTOS Condition cause : null
2024-05-27 21:21:37,228 [WARN] ConditionMgr:1039 - genDependencies : Invalid condition id : UX DEVICE CLASS RTOS Condition cause : null
2024-05-27 21:21:37,228 [WARN] ConditionMgr:1039 - genDependencies : Invalid condition id : UX DEVICE CLASS RTOS Condition cause : null
2024-05-27 21:21:37,229 [WARN] ConditionMgr:1039 - genDependencies : Invalid condition id : UX DEVICE CLASS RTOS Condition cause : null
2024-05-27 21:21:37,229 [WARN] ConditionMgr:1039 - genDependencies : Invalid condition id : UX DEVICE CLASS RTOS Condition cause : null
2024-05-27 21:21:37,268 [WARN] PackLoader:240 - Cannot read IP mode file for STMicroelectronics.X-CUBE-SUBG2.5.0.0
2024-05-27 21:21:37,312 [WARN] PackLoader:240 - Cannot read IP mode file for STMicroelectronics.X-CUBE-AZRTOS-G4.2.0.0
2024-05-27 21:21:37,338 [WARN] PackLoader:240 - Cannot read IP mode file for STMicroelectronics.X-CUBE-ISPU.2.0.0
2024-05-27 21:21:37,368 [WARN] PackLoader:240 - Cannot read IP mode file for STMicroelectronics.X-CUBE-ALS.1.0.2
2024-05-27 21:21:37,440 [WARN] PackLoader:240 - Cannot read IP mode file for STMicroelectronics.X-CUBE-MEMS1.10.0.0
2024-05-27 21:21:37,576 [WARN] PackLoader:240 - Cannot read IP mode file for portGmbH.I-Cube-SoM-uGOAL.1.1.0
2024-05-27 21:21:37,593 [WARN] PackLoader:240 - Cannot read IP mode file for STMicroelectronics.X-CUBE-ALS.1.0.1
2024-05-27 21:21:37,635 [WARN] PackLoader:240 - Cannot read IP mode file for STMicroelectronics.X-CUBE-AZRTOS-H7RS.1.0.0
2024-05-27 21:21:37,654 [WARN] PackLoader:240 - Cannot read IP mode file for STMicroelectronics.FP-ATR-ASTRA1.2.0.0
2024-05-27 21:21:37,684 [WARN] PackLoader:240 - Cannot read IP mode file for STMicroelectronics.X-CUBE-TOF1.3.4.1
2024-05-27 21:21:37,734 [WARN] PackLoader:240 - Cannot read IP mode file for STMicroelectronics.X-CUBE-AZRTOS-H7.3.2.0
2024-05-27 21:21:37,789 [WARN] PackLoader:240 - Cannot read IP mode file for Infineon.AIROC-Wi-Fi-Bluetooth-STM32.1.6.0
2024-05-27 21:21:37,796 [INFO] ThirdParty:978 - Integrity check success = true
2024-05-27 21:21:37,797 [INFO] IntegrityCheckThread:100 - exiting critical section [integrity check]
2024-05-27 21:21:37,798 [INFO] IntegrityCheckThread:103 - End integrity checks thread
2024-05-27 21:21:39,652 [INFO] WebApp:161 - Instantiating new browser for Auth
2024-05-27 21:21:40,196 [INFO] WebApp:779 - Register for checkConnection events
2024-05-27 21:21:40,196 [INFO] WebApp:414 - Apply proxy settings
2024-05-27 21:21:40,196 [INFO] WebApp:499 - Chromium requires no authentication
2024-05-27 21:21:40,204 [INFO] WebApp:442 - Direct internet connection detected
2024-05-27 21:21:40,365 [INFO] WebApp:192 - Starting web application
2024-05-27 21:21:40,365 [INFO] WebApp:544 - Web application path used C:\ST\STM32CubeIDE_1.15.1\STM32CubeIDE\plugins\com.st.stm32cube.common.mx_6.11.1.202404110753\db\plugins\mcufinder\reactClient1\index.html
2024-05-27 22:10:48,945 [ERROR] LogOutputStream:75 - [STDERR_REDIRECT] 
2024-05-27 22:10:48,946 [ERROR] LogOutputStream:75 - [STDERR_REDIRECT] 
