2025-06-04 21:19:46,766 [INFO] Activator:176 - 


2025-06-04 21:19:46,772 [INFO] Activator:177 - !SESSION log4j initialized
2025-06-04 21:19:53,369 [INFO] LogOutputStream:77 - [STDOUT_REDIRECT] 
2025-06-04 21:19:58,155 [INFO] ApplicationProperties:184 - Using Application install path: C:\ST\STM32CubeIDE_1.15.1\STM32CubeIDE\plugins\com.st.stm32cube.common.mx_6.11.1.202404110753
2025-06-04 21:19:58,196 [INFO] DbMcusXml:78 - Set database path to: C:\ST\STM32CubeIDE_1.15.1\STM32CubeIDE\plugins\com.st.stm32cube.common.mx_6.11.1.202404110753\\db\/mcu/
2025-06-04 21:19:58,198 [INFO] ApiDb:274 - Set plugin database path to: C:\ST\STM32CubeIDE_1.15.1\STM32CubeIDE\plugins\com.st.stm32cube.common.mx_6.11.1.202404110753\\db\/plugins/boardmanager/
2025-06-04 21:19:58,199 [WARN] ApiDb:259 - Overriding images path with different value:  => C:\ST\STM32CubeIDE_1.15.1\STM32CubeIDE\plugins\com.st.stm32cube.common.mx_6.11.1.202404110753\\db\/plugins/mcufinder/images/
2025-06-04 21:19:58,220 [INFO] ApiDb:250 - Set database path to: C:\Users\dbank\.stmcufinder\plugins\mcufinder//mcu/
2025-06-04 21:19:58,223 [INFO] DbMcusAds:125 - Set database path to: C:\Users\dbank\.stmcufinder\plugins\mcufinder//mcu/
2025-06-04 21:19:58,229 [INFO] CrossReferenceDbSqlite:203 - Set database path to: C:\Users\dbank\.stmcufinder\plugins\mcufinder//mcu/cs/
2025-06-04 21:19:58,411 [INFO] RulesReader:64 - Compatibility file has been processed (297 Rules)
2025-06-04 21:19:58,617 [INFO] DbMcusXml:78 - Set database path to: C:\ST\STM32CubeIDE_1.15.1\STM32CubeIDE\plugins\com.st.stm32cube.common.mx_6.11.1.202404110753\\db\/mcu/
2025-06-04 21:19:58,617 [INFO] ApiDb:274 - Set plugin database path to: C:\ST\STM32CubeIDE_1.15.1\STM32CubeIDE\plugins\com.st.stm32cube.common.mx_6.11.1.202404110753\\db\/plugins/boardmanager/
2025-06-04 21:19:58,617 [INFO] ApiDb:261 - Set plugin images path to: C:\ST\STM32CubeIDE_1.15.1\STM32CubeIDE\plugins\com.st.stm32cube.common.mx_6.11.1.202404110753\\db\/plugins/mcufinder/images/
2025-06-04 21:19:58,617 [WARN] DbFile:41 - Overriding database path with different value: C:\Users\dbank\.stmcufinder\plugins\mcufinder/ => C:\Users\dbank\.stmcufinder\plugins\mcufinder
2025-06-04 21:19:58,617 [INFO] ApiDb:250 - Set database path to: C:\Users\dbank\.stmcufinder\plugins\mcufinder//mcu/
2025-06-04 21:19:58,617 [WARN] DbFile:41 - Overriding database path with different value: C:\Users\dbank\.stmcufinder\plugins\mcufinder/ => C:\Users\dbank\.stmcufinder\plugins\mcufinder
2025-06-04 21:19:58,617 [INFO] DbMcusAds:125 - Set database path to: C:\Users\dbank\.stmcufinder\plugins\mcufinder//mcu/
2025-06-04 21:19:58,617 [WARN] DbFile:41 - Overriding database path with different value: C:\Users\dbank\.stmcufinder\plugins\mcufinder/ => C:\Users\dbank\.stmcufinder\plugins\mcufinder
2025-06-04 21:19:58,617 [WARN] DbFile:41 - Overriding database path with different value: C:\Users\dbank\.stmcufinder\plugins\mcufinder/ => C:\Users\dbank\.stmcufinder\plugins\mcufinder
2025-06-04 21:19:58,617 [INFO] CrossReferenceDbSqlite:203 - Set database path to: C:\Users\dbank\.stmcufinder\plugins\mcufinder//mcu/cs/
2025-06-04 21:19:58,831 [INFO] MainPanel:264 - HeapMemory: 268435456
2025-06-04 21:19:59,112 [INFO] DbMcusXml:78 - Set database path to: C:\ST\STM32CubeIDE_1.15.1\STM32CubeIDE\plugins\com.st.stm32cube.common.mx_6.11.1.202404110753\\db\/mcu/
2025-06-04 21:19:59,112 [INFO] ApiDb:274 - Set plugin database path to: C:\ST\STM32CubeIDE_1.15.1\STM32CubeIDE\plugins\com.st.stm32cube.common.mx_6.11.1.202404110753\\db\/plugins/boardmanager/
2025-06-04 21:19:59,112 [INFO] ApiDb:261 - Set plugin images path to: C:\ST\STM32CubeIDE_1.15.1\STM32CubeIDE\plugins\com.st.stm32cube.common.mx_6.11.1.202404110753\\db\/plugins/mcufinder/images/
2025-06-04 21:19:59,113 [WARN] DbFile:41 - Overriding database path with different value: C:\Users\dbank\.stmcufinder\plugins\mcufinder/ => C:\Users\dbank\.stmcufinder\plugins\mcufinder
2025-06-04 21:19:59,113 [INFO] ApiDb:250 - Set database path to: C:\Users\dbank\.stmcufinder\plugins\mcufinder//mcu/
2025-06-04 21:19:59,113 [WARN] DbFile:41 - Overriding database path with different value: C:\Users\dbank\.stmcufinder\plugins\mcufinder/ => C:\Users\dbank\.stmcufinder\plugins\mcufinder
2025-06-04 21:19:59,113 [INFO] DbMcusAds:125 - Set database path to: C:\Users\dbank\.stmcufinder\plugins\mcufinder//mcu/
2025-06-04 21:19:59,113 [WARN] DbFile:41 - Overriding database path with different value: C:\Users\dbank\.stmcufinder\plugins\mcufinder/ => C:\Users\dbank\.stmcufinder\plugins\mcufinder
2025-06-04 21:19:59,113 [WARN] DbFile:41 - Overriding database path with different value: C:\Users\dbank\.stmcufinder\plugins\mcufinder/ => C:\Users\dbank\.stmcufinder\plugins\mcufinder
2025-06-04 21:19:59,113 [INFO] CrossReferenceDbSqlite:203 - Set database path to: C:\Users\dbank\.stmcufinder\plugins\mcufinder//mcu/cs/
2025-06-04 21:19:59,164 [INFO] ApplicationProperties:184 - Using Application install path: C:\ST\STM32CubeIDE_1.15.1\STM32CubeIDE\plugins\com.st.stm32cube.common.mx_6.11.1.202404110753
2025-06-04 21:19:59,168 [INFO] PluginManage:196 - Search for loadable plugins [exclusion list=, ]
2025-06-04 21:19:59,173 [INFO] PluginManage:310 - Check plugin analytics
2025-06-04 21:19:59,850 [INFO] AnalyticsPlugin:253 - Accepted Software Licenses: STM32CubeMX.6.11.1
2025-06-04 21:19:59,852 [INFO] AnalyticsPlugin:255 - Accepted CMSIS Pack Licenses: STMicroelectronics.X-CUBE-AZRTOS-H7.3.3.0
2025-06-04 21:19:59,852 [INFO] AnalyticsPlugin:257 - Accepted Firmware Licenses: FW.H7.1.11.0,FW.H7.1.10.0,FW.L4.1.18.0,FW.F4.1.28.0,FW.MP1.1.6.0,FW.F7.1.17.0
2025-06-04 21:19:59,858 [INFO] PluginManage:359 - Loaded plugin analytics (category:tool,tabindex:-1)
2025-06-04 21:19:59,858 [INFO] PluginManage:310 - Check plugin cadmodel
2025-06-04 21:19:59,886 [INFO] CADModel:105 - Init CAD model plugin
2025-06-04 21:19:59,886 [INFO] PluginManage:359 - Loaded plugin cadmodel (category:power,tabindex:5)
2025-06-04 21:19:59,888 [INFO] PluginManage:310 - Check plugin clock
2025-06-04 21:19:59,932 [INFO] PluginManage:359 - Loaded plugin clock (category:base,tabindex:2)
2025-06-04 21:19:59,932 [INFO] PluginManage:310 - Check plugin ddr
2025-06-04 21:19:59,938 [INFO] PluginManage:359 - Loaded plugin ddr (category:tool,tabindex:6)
2025-06-04 21:19:59,938 [INFO] PluginManage:310 - Check plugin filemanager
2025-06-04 21:20:00,235 [INFO] PluginManage:359 - Loaded plugin filemanager (category:base,tabindex:10)
2025-06-04 21:20:00,235 [INFO] PluginManage:310 - Check plugin ipmanager
2025-06-04 21:20:00,263 [INFO] PluginManage:359 - Loaded plugin ipmanager (category:base,tabindex:5)
2025-06-04 21:20:00,263 [INFO] PluginManage:310 - Check plugin lpbam
2025-06-04 21:20:00,302 [INFO] PluginManage:359 - Loaded plugin lpbam (category:base,tabindex:0)
2025-06-04 21:20:00,302 [INFO] PluginManage:310 - Check plugin memorymap
2025-06-04 21:20:00,388 [INFO] PluginManage:359 - Loaded plugin memorymap (category:base,tabindex:4)
2025-06-04 21:20:00,388 [INFO] PluginManage:310 - Check plugin pinoutandconfiguration
2025-06-04 21:20:00,439 [INFO] PluginManage:359 - Loaded plugin pinoutandconfiguration (category:base,tabindex:1)
2025-06-04 21:20:00,439 [INFO] PluginManage:310 - Check plugin pinoutconfig
2025-06-04 21:20:00,689 [WARN] SupportedApi:132 - Cannot load RTOS API schema: s4s-elt-must-match.1: The content of 'definitions' must match (annotation?, (simpleType | complexType)?, (unique | key | keyref)*)). A problem was found starting at: attribute.
2025-06-04 21:20:00,922 [INFO] PluginManage:359 - Loaded plugin pinoutconfig (category:base,tabindex:0)
2025-06-04 21:20:00,922 [INFO] PluginManage:310 - Check plugin power
2025-06-04 21:20:00,953 [INFO] PluginManage:359 - Loaded plugin power (category:power,tabindex:4)
2025-06-04 21:20:00,953 [INFO] PluginManage:310 - Check plugin projectmanager
2025-06-04 21:20:00,982 [INFO] PluginManage:359 - Loaded plugin projectmanager (category:projectmanager,tabindex:3)
2025-06-04 21:20:00,983 [INFO] PluginManage:310 - Check plugin thirdparty
2025-06-04 21:20:01,499 [WARN] IntegrityCheckThread:84 - waiting for thirdparty lock release [integrity check]
2025-06-04 21:20:01,501 [INFO] IntegrityCheckThread:86 - entering critical section [integrity check]
2025-06-04 21:20:01,501 [INFO] ThirdPartyUpdaterWithRetryManager:70 - Updater plugin not ready yet. [1/15]
2025-06-04 21:20:01,502 [INFO] PluginManage:359 - Loaded plugin thirdparty (category:base,tabindex:-1)
2025-06-04 21:20:01,502 [INFO] PluginManage:310 - Check plugin tools
2025-06-04 21:20:01,595 [INFO] PluginManage:359 - Loaded plugin tools (category:base,tabindex:7)
2025-06-04 21:20:01,595 [INFO] PluginManage:310 - Check plugin tutovideos
2025-06-04 21:20:02,068 [INFO] PluginManage:359 - Loaded plugin tutovideos (category:base,tabindex:-1)
2025-06-04 21:20:02,068 [INFO] PluginManage:310 - Check plugin updater
2025-06-04 21:20:02,091 [INFO] PluginManage:359 - Loaded plugin updater (category:base,tabindex:12)
2025-06-04 21:20:02,091 [INFO] PluginManage:310 - Check plugin userauth
2025-06-04 21:20:02,105 [INFO] UserAuth:114 - Init User Auth plugin
2025-06-04 21:20:02,105 [INFO] PluginManage:359 - Loaded plugin userauth (category:base,tabindex:14)
2025-06-04 21:20:02,106 [INFO] PluginManage:283 - PluginManage : Loaded plugins [17]
2025-06-04 21:20:02,709 [INFO] PinOutPanel:1561 - setPackage(No Configuration,No Configuration)
2025-06-04 21:20:02,908 [INFO] CADModel:165 - CPN selected for project level
2025-06-04 21:20:02,908 [INFO] CADModel:114 - Register for checkConnection events
2025-06-04 21:20:02,960 [INFO] IPUIPlugin:80 - create IPUIPlugin
2025-06-04 21:20:02,962 [INFO] PluginManager:220 - loadIPPluginJar : add adc
2025-06-04 21:20:03,041 [INFO] IPUIPlugin:80 - create IPUIPlugin
2025-06-04 21:20:03,041 [INFO] PluginManager:220 - loadIPPluginJar : add aes
2025-06-04 21:20:03,141 [INFO] IPUIPlugin:80 - create IPUIPlugin
2025-06-04 21:20:03,141 [INFO] PluginManager:220 - loadIPPluginJar : add can
2025-06-04 21:20:03,197 [INFO] IPUIPlugin:80 - create IPUIPlugin
2025-06-04 21:20:03,199 [INFO] PluginManager:220 - loadIPPluginJar : add comp
2025-06-04 21:20:03,282 [INFO] IPUIPlugin:80 - create IPUIPlugin
2025-06-04 21:20:03,283 [INFO] PluginManager:220 - loadIPPluginJar : add cryp
2025-06-04 21:20:03,290 [INFO] IPUIPlugin:80 - create IPUIPlugin
2025-06-04 21:20:03,290 [INFO] PluginManager:220 - loadIPPluginJar : add dfsdm
2025-06-04 21:20:03,323 [INFO] IPUIPlugin:80 - create IPUIPlugin
2025-06-04 21:20:03,325 [INFO] PluginManager:220 - loadIPPluginJar : add dma
2025-06-04 21:20:03,414 [INFO] IPUIPlugin:80 - create IPUIPlugin
2025-06-04 21:20:03,414 [INFO] PluginManager:220 - loadIPPluginJar : add dma3
2025-06-04 21:20:03,523 [INFO] IPUIPlugin:80 - create IPUIPlugin
2025-06-04 21:20:03,523 [INFO] PluginManager:220 - loadIPPluginJar : add extmemmanager
2025-06-04 21:20:03,563 [INFO] IPUIPlugin:80 - create IPUIPlugin
2025-06-04 21:20:03,564 [INFO] PluginManager:220 - loadIPPluginJar : add fatfs
2025-06-04 21:20:03,665 [INFO] IPUIPlugin:80 - create IPUIPlugin
2025-06-04 21:20:03,665 [INFO] PluginManager:220 - loadIPPluginJar : add fmc
2025-06-04 21:20:03,704 [INFO] IPUIPlugin:80 - create IPUIPlugin
2025-06-04 21:20:03,706 [INFO] PluginManager:220 - loadIPPluginJar : add freertos
2025-06-04 21:20:03,747 [INFO] IPUIPlugin:80 - create IPUIPlugin
2025-06-04 21:20:03,748 [INFO] PluginManager:220 - loadIPPluginJar : add genericplugin
2025-06-04 21:20:03,945 [INFO] IPUIPlugin:80 - create IPUIPlugin
2025-06-04 21:20:03,945 [INFO] PluginManager:220 - loadIPPluginJar : add gfxmmu
2025-06-04 21:20:04,242 [INFO] IPUIPlugin:80 - create IPUIPlugin
2025-06-04 21:20:04,243 [INFO] PluginManager:220 - loadIPPluginJar : add gic
2025-06-04 21:20:04,262 [INFO] IPUIPlugin:80 - create IPUIPlugin
2025-06-04 21:20:04,262 [INFO] PluginManager:220 - loadIPPluginJar : add gpio
2025-06-04 21:20:04,442 [INFO] IPUIPlugin:80 - create IPUIPlugin
2025-06-04 21:20:04,442 [INFO] PluginManager:220 - loadIPPluginJar : add gtzc
2025-06-04 21:20:04,448 [INFO] IPUIPlugin:80 - create IPUIPlugin
2025-06-04 21:20:04,450 [INFO] PluginManager:220 - loadIPPluginJar : add hash
2025-06-04 21:20:04,503 [INFO] ThirdPartyUpdaterWithRetryManager:70 - Updater plugin not ready yet. [2/15]
2025-06-04 21:20:04,587 [INFO] IPUIPlugin:80 - create IPUIPlugin
2025-06-04 21:20:04,587 [INFO] PluginManager:220 - loadIPPluginJar : add i2c
2025-06-04 21:20:04,683 [INFO] IPUIPlugin:80 - create IPUIPlugin
2025-06-04 21:20:04,683 [INFO] PluginManager:220 - loadIPPluginJar : add i2s
2025-06-04 21:20:04,766 [INFO] IPUIPlugin:80 - create IPUIPlugin
2025-06-04 21:20:04,766 [INFO] PluginManager:220 - loadIPPluginJar : add i3c
2025-06-04 21:20:04,986 [INFO] IPUIPlugin:80 - create IPUIPlugin
2025-06-04 21:20:04,986 [INFO] PluginManager:220 - loadIPPluginJar : add ipddr
2025-06-04 21:20:05,149 [INFO] IPUIPlugin:80 - create IPUIPlugin
2025-06-04 21:20:05,149 [INFO] PluginManager:220 - loadIPPluginJar : add linkedlist
2025-06-04 21:20:05,155 [INFO] IPUIPlugin:80 - create IPUIPlugin
2025-06-04 21:20:05,155 [INFO] PluginManager:220 - loadIPPluginJar : add lorawan
2025-06-04 21:20:05,217 [INFO] IPUIPlugin:80 - create IPUIPlugin
2025-06-04 21:20:05,217 [INFO] PluginManager:220 - loadIPPluginJar : add ltdc
2025-06-04 21:20:05,245 [INFO] IPUIPlugin:80 - create IPUIPlugin
2025-06-04 21:20:05,245 [INFO] PluginManager:220 - loadIPPluginJar : add mdma
2025-06-04 21:20:05,267 [INFO] IPUIPlugin:80 - create IPUIPlugin
2025-06-04 21:20:05,267 [INFO] PluginManager:220 - loadIPPluginJar : add nvic
2025-06-04 21:20:05,331 [INFO] IPUIPlugin:80 - create IPUIPlugin
2025-06-04 21:20:05,333 [INFO] PluginManager:220 - loadIPPluginJar : add opamp
2025-06-04 21:20:05,453 [INFO] IPUIPlugin:80 - create IPUIPlugin
2025-06-04 21:20:05,453 [INFO] PluginManager:220 - loadIPPluginJar : add openamp
2025-06-04 21:20:05,546 [INFO] IPUIPlugin:80 - create IPUIPlugin
2025-06-04 21:20:05,546 [INFO] PluginManager:220 - loadIPPluginJar : add pdm2pcm
2025-06-04 21:20:05,574 [INFO] IPUIPlugin:80 - create IPUIPlugin
2025-06-04 21:20:05,581 [INFO] PluginManager:220 - loadIPPluginJar : add plateformsettings
2025-06-04 21:20:05,586 [INFO] IPUIPlugin:80 - create IPUIPlugin
2025-06-04 21:20:05,588 [INFO] PluginManager:220 - loadIPPluginJar : add quadspi
2025-06-04 21:20:05,618 [INFO] IPUIPlugin:80 - create IPUIPlugin
2025-06-04 21:20:05,618 [INFO] PluginManager:220 - loadIPPluginJar : add resmgrutility
2025-06-04 21:20:05,709 [INFO] IPUIPlugin:80 - create IPUIPlugin
2025-06-04 21:20:05,709 [INFO] PluginManager:220 - loadIPPluginJar : add sai
2025-06-04 21:20:05,781 [INFO] IPUIPlugin:80 - create IPUIPlugin
2025-06-04 21:20:05,781 [INFO] PluginManager:220 - loadIPPluginJar : add spi
2025-06-04 21:20:05,898 [INFO] IPUIPlugin:80 - create IPUIPlugin
2025-06-04 21:20:05,898 [INFO] PluginManager:220 - loadIPPluginJar : add stm32_wpan
2025-06-04 21:20:05,948 [INFO] IPUIPlugin:80 - create IPUIPlugin
2025-06-04 21:20:05,948 [INFO] PluginManager:220 - loadIPPluginJar : add tim
2025-06-04 21:20:06,067 [INFO] IPUIPlugin:80 - create IPUIPlugin
2025-06-04 21:20:06,067 [INFO] PluginManager:220 - loadIPPluginJar : add touchsensing
2025-06-04 21:20:06,114 [INFO] IPUIPlugin:80 - create IPUIPlugin
2025-06-04 21:20:06,114 [INFO] PluginManager:220 - loadIPPluginJar : add tracer_emb
2025-06-04 21:20:06,163 [INFO] IPUIPlugin:80 - create IPUIPlugin
2025-06-04 21:20:06,164 [INFO] PluginManager:220 - loadIPPluginJar : add ts
2025-06-04 21:20:06,169 [INFO] IPUIPlugin:80 - create IPUIPlugin
2025-06-04 21:20:06,169 [INFO] PluginManager:220 - loadIPPluginJar : add tsc
2025-06-04 21:20:06,174 [INFO] IPUIPlugin:80 - create IPUIPlugin
2025-06-04 21:20:06,175 [INFO] PluginManager:220 - loadIPPluginJar : add ucpd
2025-06-04 21:20:06,267 [INFO] IPUIPlugin:80 - create IPUIPlugin
2025-06-04 21:20:06,267 [INFO] PluginManager:220 - loadIPPluginJar : add usart
2025-06-04 21:20:06,342 [INFO] IPUIPlugin:80 - create IPUIPlugin
2025-06-04 21:20:06,343 [INFO] PluginManager:220 - loadIPPluginJar : add usbx
2025-06-04 21:20:06,513 [INFO] CADModel:165 - CPN selected for project level
2025-06-04 21:20:06,513 [INFO] CADModel:114 - Register for checkConnection events
2025-06-04 21:20:06,513 [FATAL] Updater:308 - Updater called before beeing initialized
2025-06-04 21:20:06,513 [ERROR] CADModel:125 - Updater not yet initialized, retry later 
2025-06-04 21:20:06,784 [INFO] CADModel:165 - CPN selected for project level
2025-06-04 21:20:06,784 [INFO] CADModel:114 - Register for checkConnection events
2025-06-04 21:20:06,784 [FATAL] Updater:308 - Updater called before beeing initialized
2025-06-04 21:20:06,784 [ERROR] CADModel:125 - Updater not yet initialized, retry later 
2025-06-04 21:20:06,789 [FATAL] Updater:308 - Updater called before beeing initialized
2025-06-04 21:20:06,954 [FATAL] Updater:308 - Updater called before beeing initialized
2025-06-04 21:20:06,986 [INFO] DbMcusAds:53 - JSON generation date=Wed May 07 11:07:55 CEST 2025 (1746608875484)
2025-06-04 21:20:06,986 [FATAL] Updater:308 - Updater called before beeing initialized
2025-06-04 21:20:07,149 [WARN] DetailPanel:346 - Failed to get advertising image, set to default
2025-06-04 21:20:07,267 [FATAL] Updater:308 - Updater called before beeing initialized
2025-06-04 21:20:07,273 [FATAL] Updater:308 - Updater called before beeing initialized
2025-06-04 21:20:07,273 [FATAL] Updater:308 - Updater called before beeing initialized
2025-06-04 21:20:07,273 [WARN] DetailPanel:346 - Failed to get advertising image, set to default
2025-06-04 21:20:07,273 [FATAL] Updater:308 - Updater called before beeing initialized
2025-06-04 21:20:07,385 [ERROR] Updater:1120 - MainUpdater not yet initialized. External WinMGr cannot be set.
2025-06-04 21:20:07,410 [INFO] Updater:1056 - Updater Version found : 6.11.1
2025-06-04 21:20:07,468 [INFO] ApplicationProperties:184 - Using Application install path: C:\ST\STM32CubeIDE_1.15.1\STM32CubeIDE\plugins\com.st.stm32cube.common.mx_6.11.1.202404110753
2025-06-04 21:20:07,503 [INFO] ThirdPartyUpdaterWithRetryManager:70 - Updater plugin not ready yet. [3/15]
2025-06-04 21:20:09,090 [ERROR] LogOutputStream:75 - [STDERR_REDIRECT] Jun 04, 2025 9:20:09 PM java.util.prefs.WindowsPreferences <init>
2025-06-04 21:20:09,092 [ERROR] LogOutputStream:75 - [STDERR_REDIRECT] WARNING: Could not open/create prefs root node Software\JavaSoft\Prefs at root 0xffffffff80000002. Windows RegCreateKeyEx(...) returned error code 5.
2025-06-04 21:20:09,093 [ERROR] LogOutputStream:75 - [STDERR_REDIRECT] 
2025-06-04 21:20:10,050 [INFO] MainUpdater:2873 - connection check result : 10
2025-06-04 21:20:10,052 [INFO] MainUpdater:290 - Updater Check For Update Now.
2025-06-04 21:20:10,053 [INFO] MicroXplorer:498 - Change Database Version : DB.6.0.111
2025-06-04 21:20:10,095 [INFO] McuFinderGlobals:63 - Set McuFinder mode to 2 (CubeIDE integrated)
2025-06-04 21:20:10,109 [INFO] UserAuth:415 - Internet connection configuration mode: 1
2025-06-04 21:20:10,162 [INFO] JxBrowserEngine:152 - Initiate JxBrowser Engine with user profile folder
2025-06-04 21:20:10,272 [INFO] CheckServerUpdateThread:120 - End of CheckServer Thread
2025-06-04 21:20:10,893 [WARN] PackLoader:240 - Cannot read IP mode file for STMicroelectronics.FP-SNS-MOTENVWB1.1.4.0
2025-06-04 21:20:10,910 [WARN] PackLoader:240 - Cannot read IP mode file for STMicroelectronics.FP-ATR-ASTRA1.2.0.2
2025-06-04 21:20:10,915 [WARN] PackLoader:240 - Cannot read IP mode file for STMicroelectronics.FP-ATR-ASTRA1.2.0.1
2025-06-04 21:20:10,941 [WARN] PackLoader:240 - Cannot read IP mode file for STMicroelectronics.X-CUBE-SMBUS.2.1.0
2025-06-04 21:20:10,953 [WARN] PackLoader:240 - Cannot read IP mode file for STMicroelectronics.X-CUBE-WB05N.1.1.0
2025-06-04 21:20:10,964 [WARN] PackLoader:240 - Cannot read IP mode file for STMicroelectronics.X-CUBE-TOUCHGFX.4.23.2
2025-06-04 21:20:11,010 [WARN] PackLoader:240 - Cannot read IP mode file for STMicroelectronics.X-CUBE-AZRTOS-F7.1.1.0
2025-06-04 21:20:11,088 [WARN] PackLoader:240 - Cannot read IP mode file for STMicroelectronics.X-CUBE-MEMS1.11.0.0
2025-06-04 21:20:11,259 [WARN] PackLoader:240 - Cannot read IP mode file for STMicroelectronics.FP-SNS-FLIGHT1.5.0.2
2025-06-04 21:20:11,267 [WARN] PackLoader:240 - Cannot read IP mode file for STMicroelectronics.X-CUBE-DISPLAY.3.0.0
2025-06-04 21:20:11,277 [WARN] PackLoader:240 - Cannot read IP mode file for STMicroelectronics.X-CUBE-BLE1.7.0.0
2025-06-04 21:20:11,283 [WARN] PackLoader:240 - Cannot read IP mode file for STMicroelectronics.X-CUBE-NFC10.1.0.0
2025-06-04 21:20:11,296 [WARN] PackLoader:240 - Cannot read IP mode file for STMicroelectronics.X-CUBE-BLEMGR.4.0.0
2025-06-04 21:20:11,304 [WARN] PackLoader:240 - Cannot read IP mode file for emotas.I-CUBE-CANOPEN.1.3.0
2025-06-04 21:20:11,312 [WARN] PackLoader:240 - Cannot read IP mode file for STMicroelectronics.X-CUBE-BLEMGR.3.1.0
2025-06-04 21:20:11,318 [WARN] PackLoader:240 - Cannot read IP mode file for STMicroelectronics.X-CUBE-AI.10.0.0
2025-06-04 21:20:11,323 [WARN] PackLoader:240 - Cannot read IP mode file for STMicroelectronics.FP-SNS-SMARTAG2.1.2.0
2025-06-04 21:20:11,327 [ERROR] Engine:466 - C:\Users\dbank\.stm32cubemx\thirdparties\pdsc\STMicroelectronics.FP-SNS-FLIGHT1.5.1.0.pdsc: PDSC version is not supported
2025-06-04 21:20:11,340 [INFO] LogOutputStream:77 - [STDOUT_REDIRECT] 1 : Invalid condition id : UX_CORESTACK_Condition cause : null
2025-06-04 21:20:11,341 [INFO] LogOutputStream:77 - [STDOUT_REDIRECT] 1 : Invalid condition id : UX_CORESTACK_Condition cause : null
2025-06-04 21:20:11,343 [INFO] LogOutputStream:77 - [STDOUT_REDIRECT] 1 : Invalid condition id : UX_CORESTACK_Condition cause : null
2025-06-04 21:20:11,344 [INFO] LogOutputStream:77 - [STDOUT_REDIRECT] 1 : Invalid condition id : UX_CORESTACK_Condition cause : null
2025-06-04 21:20:11,346 [INFO] LogOutputStream:77 - [STDOUT_REDIRECT] 1 : Invalid condition id : UX_CORESTACK_Condition cause : null
2025-06-04 21:20:11,349 [WARN] PackLoader:240 - Cannot read IP mode file for STMicroelectronics.X-CUBE-AZRTOS-WL.2.0.0
2025-06-04 21:20:11,355 [WARN] PackLoader:240 - Cannot read IP mode file for STMicroelectronics.FP-SNS-MOTENV1.5.0.0
2025-06-04 21:20:11,361 [WARN] PackLoader:240 - Cannot read IP mode file for wolfSSL.I-CUBE-wolfMQTT.1.19.0
2025-06-04 21:20:11,372 [WARN] PackLoader:240 - Cannot read IP mode file for WES.I-CUBE-Cesium.1.3.0
2025-06-04 21:20:11,377 [WARN] PackLoader:240 - Cannot read IP mode file for STMicroelectronics.X-CUBE-BLE2.3.3.0
2025-06-04 21:20:11,383 [WARN] PackLoader:240 - Cannot read IP mode file for STMicroelectronics.X-CUBE-NFC9.1.0.0
2025-06-04 21:20:11,390 [WARN] PackLoader:240 - Cannot read IP mode file for STMicroelectronics.X-CUBE-BLE1.7.1.0
2025-06-04 21:20:11,398 [WARN] PackLoader:240 - Cannot read IP mode file for STMicroelectronics.X-CUBE-TCPP.4.1.0
2025-06-04 21:20:11,402 [WARN] PackLoader:240 - Cannot read IP mode file for STMicroelectronics.X-CUBE-AI.10.1.0
2025-06-04 21:20:11,409 [WARN] PackLoader:240 - Cannot read IP mode file for STMicroelectronics.X-CUBE-ALGOBUILD.1.3.0
2025-06-04 21:20:11,476 [WARN] PackLoader:240 - Cannot read IP mode file for STMicroelectronics.X-CUBE-MEMS1.11.2.0
2025-06-04 21:20:11,633 [WARN] PackLoader:240 - Cannot read IP mode file for STMicroelectronics.X-CUBE-AZRTOS-G0.1.1.0
2025-06-04 21:20:11,650 [WARN] PackLoader:240 - Cannot read IP mode file for STMicroelectronics.X-CUBE-SAFEA1.1.2.2
2025-06-04 21:20:11,675 [WARN] PackLoader:240 - Cannot read IP mode file for STMicroelectronics.X-CUBE-NFC4.3.0.0
2025-06-04 21:20:11,687 [WARN] PackLoader:240 - Cannot read IP mode file for EmbeddedOffice.I-CUBE-FS-RTOS.1.0.1
2025-06-04 21:20:11,687 [ERROR] ConditionMgr:805 - Attr not supported : Dmpu
2025-06-04 21:20:11,687 [ERROR] ConditionMgr:805 - Attr not supported : Dmpu
2025-06-04 21:20:11,687 [ERROR] ConditionMgr:805 - Attr not supported : Dmpu
2025-06-04 21:20:11,687 [ERROR] ConditionMgr:805 - Attr not supported : Dmpu
2025-06-04 21:20:11,687 [ERROR] ConditionMgr:805 - Attr not supported : Dmpu
2025-06-04 21:20:11,687 [ERROR] ConditionMgr:805 - Attr not supported : Dmpu
2025-06-04 21:20:11,687 [ERROR] ConditionMgr:805 - Attr not supported : Dmpu
2025-06-04 21:20:11,687 [ERROR] ConditionMgr:805 - Attr not supported : Dmpu
2025-06-04 21:20:11,687 [ERROR] ConditionMgr:805 - Attr not supported : Dmpu
2025-06-04 21:20:11,687 [ERROR] ConditionMgr:805 - Attr not supported : Dmpu
2025-06-04 21:20:11,687 [ERROR] ConditionMgr:805 - Attr not supported : Dmpu
2025-06-04 21:20:11,687 [ERROR] ConditionMgr:805 - Attr not supported : Dmpu
2025-06-04 21:20:11,689 [ERROR] ConditionMgr:805 - Attr not supported : Dmpu
2025-06-04 21:20:11,689 [ERROR] ConditionMgr:805 - Attr not supported : Dmpu
2025-06-04 21:20:11,689 [ERROR] ConditionMgr:805 - Attr not supported : Dmpu
2025-06-04 21:20:11,689 [ERROR] ConditionMgr:805 - Attr not supported : Dmpu
2025-06-04 21:20:11,689 [ERROR] ConditionMgr:805 - Attr not supported : Dmpu
2025-06-04 21:20:11,689 [ERROR] ConditionMgr:805 - Attr not supported : Dmpu
2025-06-04 21:20:11,689 [ERROR] ConditionMgr:805 - Attr not supported : Dmpu
2025-06-04 21:20:11,689 [ERROR] ConditionMgr:805 - Attr not supported : Dmpu
2025-06-04 21:20:11,689 [ERROR] ConditionMgr:805 - Attr not supported : Dmpu
2025-06-04 21:20:11,689 [ERROR] ConditionMgr:805 - Attr not supported : Dmpu
2025-06-04 21:20:11,689 [ERROR] ConditionMgr:805 - Attr not supported : Dmpu
2025-06-04 21:20:11,689 [ERROR] ConditionMgr:805 - Attr not supported : Dmpu
2025-06-04 21:20:11,689 [ERROR] ConditionMgr:805 - Attr not supported : Dmpu
2025-06-04 21:20:11,689 [ERROR] ConditionMgr:805 - Attr not supported : Dmpu
2025-06-04 21:20:11,689 [ERROR] ConditionMgr:805 - Attr not supported : Dmpu
2025-06-04 21:20:11,689 [ERROR] ConditionMgr:805 - Attr not supported : Dmpu
2025-06-04 21:20:11,689 [ERROR] ConditionMgr:805 - Attr not supported : Dmpu
2025-06-04 21:20:11,689 [ERROR] ConditionMgr:805 - Attr not supported : Dmpu
2025-06-04 21:20:11,689 [ERROR] ConditionMgr:805 - Attr not supported : Dmpu
2025-06-04 21:20:11,689 [ERROR] ConditionMgr:805 - Attr not supported : Dmpu
2025-06-04 21:20:11,689 [ERROR] ConditionMgr:805 - Attr not supported : Dmpu
2025-06-04 21:20:11,689 [ERROR] ConditionMgr:805 - Attr not supported : Dmpu
2025-06-04 21:20:11,689 [ERROR] ConditionMgr:805 - Attr not supported : Dmpu
2025-06-04 21:20:11,689 [ERROR] ConditionMgr:805 - Attr not supported : Dmpu
2025-06-04 21:20:11,690 [ERROR] ConditionMgr:805 - Attr not supported : Dmpu
2025-06-04 21:20:11,690 [ERROR] ConditionMgr:805 - Attr not supported : Dmpu
2025-06-04 21:20:11,690 [ERROR] ConditionMgr:805 - Attr not supported : Dmpu
2025-06-04 21:20:11,690 [ERROR] ConditionMgr:805 - Attr not supported : Dmpu
2025-06-04 21:20:11,690 [ERROR] ConditionMgr:805 - Attr not supported : Dmpu
2025-06-04 21:20:11,690 [ERROR] ConditionMgr:805 - Attr not supported : Dmpu
2025-06-04 21:20:11,690 [ERROR] ConditionMgr:805 - Attr not supported : Dmpu
2025-06-04 21:20:11,690 [ERROR] ConditionMgr:805 - Attr not supported : Dmpu
2025-06-04 21:20:11,690 [ERROR] ConditionMgr:805 - Attr not supported : Dmpu
2025-06-04 21:20:11,690 [ERROR] ConditionMgr:805 - Attr not supported : Dmpu
2025-06-04 21:20:11,690 [ERROR] ConditionMgr:805 - Attr not supported : Dmpu
2025-06-04 21:20:11,690 [ERROR] ConditionMgr:805 - Attr not supported : Dmpu
2025-06-04 21:20:11,690 [ERROR] ConditionMgr:805 - Attr not supported : Dmpu
2025-06-04 21:20:11,690 [ERROR] ConditionMgr:805 - Attr not supported : Dmpu
2025-06-04 21:20:11,690 [ERROR] ConditionMgr:805 - Attr not supported : Dmpu
2025-06-04 21:20:11,690 [ERROR] ConditionMgr:805 - Attr not supported : Dmpu
2025-06-04 21:20:11,690 [ERROR] ConditionMgr:805 - Attr not supported : Dmpu
2025-06-04 21:20:11,690 [ERROR] ConditionMgr:805 - Attr not supported : Dmpu
2025-06-04 21:20:11,690 [ERROR] ConditionMgr:805 - Attr not supported : Dmpu
2025-06-04 21:20:11,690 [ERROR] ConditionMgr:805 - Attr not supported : Dmpu
2025-06-04 21:20:11,690 [ERROR] ConditionMgr:805 - Attr not supported : Dmpu
2025-06-04 21:20:11,690 [ERROR] ConditionMgr:805 - Attr not supported : Dmpu
2025-06-04 21:20:11,690 [ERROR] ConditionMgr:805 - Attr not supported : Dmpu
2025-06-04 21:20:11,692 [ERROR] ConditionMgr:805 - Attr not supported : Dmpu
2025-06-04 21:20:11,692 [ERROR] ConditionMgr:805 - Attr not supported : Dmpu
2025-06-04 21:20:11,692 [ERROR] ConditionMgr:805 - Attr not supported : Dmpu
2025-06-04 21:20:11,692 [ERROR] ConditionMgr:805 - Attr not supported : Dmpu
2025-06-04 21:20:11,692 [ERROR] ConditionMgr:805 - Attr not supported : Dmpu
2025-06-04 21:20:11,697 [WARN] PackLoader:240 - Cannot read IP mode file for STMicroelectronics.X-CUBE-WB05N.2.0.0
2025-06-04 21:20:11,700 [ERROR] Engine:466 - C:\Users\dbank\.stm32cubemx\thirdparties\pdsc\STMicroelectronics.X-CUBE-TCPP.4.2.0.pdsc: PDSC version is not supported
2025-06-04 21:20:11,708 [WARN] PackLoader:240 - Cannot read IP mode file for RealThread.X-CUBE-RT-Thread_Nano.4.1.1
2025-06-04 21:20:11,713 [WARN] PackLoader:240 - Cannot read IP mode file for wolfSSL.I-CUBE-wolfSSL.5.7.0
2025-06-04 21:20:11,717 [WARN] PackLoader:240 - Cannot read IP mode file for STMicroelectronics.FP-ATR-SIGFOX1.3.2.0
2025-06-04 21:20:11,722 [WARN] ConditionMgr:438 - getConditionDescription Invalid condition id : Cortex-A Device cause : null
2025-06-04 21:20:11,769 [WARN] ConditionMgr:1039 - genDependencies : Invalid condition id : Cortex-A Device cause : null
2025-06-04 21:20:11,769 [WARN] ConditionMgr:1039 - genDependencies : Invalid condition id : Cortex-A Device cause : null
2025-06-04 21:20:11,770 [WARN] ConditionMgr:1039 - genDependencies : Invalid condition id : Cortex-A Device cause : null
2025-06-04 21:20:11,777 [WARN] PackLoader:240 - Cannot read IP mode file for STMicroelectronics.X-CUBE-EEPRMA1.5.1.0
2025-06-04 21:20:11,790 [WARN] PackLoader:240 - Cannot read IP mode file for ITTIA_DB.I-CUBE-ITTIADB.8.9.0
2025-06-04 21:20:11,834 [WARN] PackLoader:240 - Cannot read IP mode file for SEGGER.I-CUBE-embOS.1.3.1
2025-06-04 21:20:11,904 [WARN] PackLoader:240 - Cannot read IP mode file for STMicroelectronics.X-CUBE-ALGOBUILD.1.4.0
2025-06-04 21:20:11,917 [WARN] PackLoader:240 - Cannot read IP mode file for STMicroelectronics.X-CUBE-AI.9.1.0
2025-06-04 21:20:11,926 [WARN] PackLoader:240 - Cannot read IP mode file for STMicroelectronics.X-CUBE-GNSS1.6.0.0
2025-06-04 21:20:11,962 [WARN] PackLoader:240 - Cannot read IP mode file for STMicroelectronics.X-CUBE-AZRTOS-F4.1.1.0
2025-06-04 21:20:11,969 [ERROR] Engine:466 - C:\Users\dbank\.stm32cubemx\thirdparties\pdsc\Avnet-IotConnect.X-CUBE-IoTC-DA16k-PMOD.1.0.0.pdsc: PDSC version is not supported
2025-06-04 21:20:11,973 [WARN] PackLoader:240 - Cannot read IP mode file for STMicroelectronics.X-CUBE-ISPU.2.1.0
2025-06-04 21:20:11,982 [WARN] PackLoader:240 - Cannot read IP mode file for STMicroelectronics.X-CUBE-FREERTOS.1.2.0
2025-06-04 21:20:12,013 [WARN] PackLoader:240 - Cannot read IP mode file for STMicroelectronics.X-CUBE-AZRTOS-L5.2.0.0
2025-06-04 21:20:12,031 [WARN] PackLoader:240 - Cannot read IP mode file for STMicroelectronics.X-CUBE-NFC6.3.1.0
2025-06-04 21:20:12,042 [WARN] PackLoader:240 - Cannot read IP mode file for STMicroelectronics.X-CUBE-DPower.1.2.0
2025-06-04 21:20:12,047 [WARN] PackLoader:240 - Cannot read IP mode file for STMicroelectronics.X-CUBE-AI.9.0.0
2025-06-04 21:20:12,058 [WARN] PackLoader:240 - Cannot read IP mode file for STMicroelectronics.X-CUBE-FREERTOS.1.3.1
2025-06-04 21:20:12,065 [WARN] PackLoader:240 - Cannot read IP mode file for STMicroelectronics.X-CUBE-FREERTOS.1.3.0
2025-06-04 21:20:12,072 [WARN] PackLoader:240 - Cannot read IP mode file for STMicroelectronics.X-CUBE-NFC7.1.0.1
2025-06-04 21:20:12,077 [WARN] PackLoader:240 - Cannot read IP mode file for wolfSSL.I-CUBE-wolfTPM.3.2.0
2025-06-04 21:20:12,083 [WARN] PackLoader:240 - Cannot read IP mode file for STMicroelectronics.X-CUBE-DPower.1.3.0
2025-06-04 21:20:12,115 [WARN] ConditionMgr:438 - getConditionDescription Invalid condition id : LAN8742 Phy interface Condition cause : null
2025-06-04 21:20:12,116 [WARN] PackLoader:240 - Cannot read IP mode file for STMicroelectronics.X-CUBE-AZRTOS-L4.2.0.0
2025-06-04 21:20:12,117 [WARN] ConditionMgr:1039 - genDependencies : Invalid condition id : LAN8742 Phy interface Condition cause : null
2025-06-04 21:20:12,117 [WARN] ConditionMgr:1039 - genDependencies : Invalid condition id : LAN8742 Phy interface Condition cause : null
2025-06-04 21:20:12,117 [WARN] ConditionMgr:1039 - genDependencies : Invalid condition id : LAN8742 Phy interface Condition cause : null
2025-06-04 21:20:12,127 [WARN] PackLoader:240 - Cannot read IP mode file for STMicroelectronics.X-CUBE-SFXS2LP1.4.0.0
2025-06-04 21:20:12,154 [WARN] PackLoader:240 - Cannot read IP mode file for STMicroelectronics.X-CUBE-AZRTOS-H7.3.3.0
2025-06-04 21:20:12,486 [WARN] PackLoader:240 - Cannot read IP mode file for STMicroelectronics.X-CUBE-IPS.3.0.0
2025-06-04 21:20:12,523 [WARN] ConditionMgr:438 - getConditionDescription Invalid condition id : UX DEVICE CLASS RTOS Condition cause : null
2025-06-04 21:20:12,523 [WARN] ConditionMgr:438 - getConditionDescription Invalid condition id : UX DEVICE CLASS RTOS Condition cause : null
2025-06-04 21:20:12,545 [WARN] PackLoader:240 - Cannot read IP mode file for STMicroelectronics.X-CUBE-AZRTOS-WB.2.0.0
2025-06-04 21:20:12,547 [WARN] ConditionMgr:1039 - genDependencies : Invalid condition id : UX DEVICE CLASS RTOS Condition cause : null
2025-06-04 21:20:12,547 [WARN] ConditionMgr:1039 - genDependencies : Invalid condition id : UX DEVICE CLASS RTOS Condition cause : null
2025-06-04 21:20:12,547 [WARN] ConditionMgr:1039 - genDependencies : Invalid condition id : UX DEVICE CLASS RTOS Condition cause : null
2025-06-04 21:20:12,547 [WARN] ConditionMgr:1039 - genDependencies : Invalid condition id : UX DEVICE CLASS RTOS Condition cause : null
2025-06-04 21:20:12,548 [WARN] ConditionMgr:1039 - genDependencies : Invalid condition id : UX DEVICE CLASS RTOS Condition cause : null
2025-06-04 21:20:12,556 [WARN] PackLoader:240 - Cannot read IP mode file for STMicroelectronics.X-CUBE-GNSS1.7.0.0
2025-06-04 21:20:12,564 [WARN] PackLoader:240 - Cannot read IP mode file for STMicroelectronics.X-CUBE-GNSS1.7.0.1
2025-06-04 21:20:12,571 [WARN] PackLoader:240 - Cannot read IP mode file for STMicroelectronics.X-CUBE-TOUCHGFX.4.25.0
2025-06-04 21:20:12,582 [WARN] PackLoader:240 - Cannot read IP mode file for STMicroelectronics.FP-SNS-STBOX1.2.0.0
2025-06-04 21:20:12,607 [WARN] PackLoader:240 - Cannot read IP mode file for STMicroelectronics.X-CUBE-SUBG2.5.0.0
2025-06-04 21:20:12,657 [WARN] PackLoader:240 - Cannot read IP mode file for STMicroelectronics.X-CUBE-AZRTOS-H7RS.1.1.0
2025-06-04 21:20:12,686 [WARN] PackLoader:240 - Cannot read IP mode file for STMicroelectronics.X-CUBE-AZRTOS-G4.2.0.0
2025-06-04 21:20:12,694 [WARN] PackLoader:240 - Cannot read IP mode file for STMicroelectronics.X-CUBE-NFC7.2.0.0
2025-06-04 21:20:12,703 [WARN] PackLoader:240 - Cannot read IP mode file for STMicroelectronics.X-CUBE-ISPU.2.0.0
2025-06-04 21:20:12,719 [ERROR] Engine:466 - C:\Users\dbank\.stm32cubemx\thirdparties\pdsc\STMicroelectronics.X-CUBE-IPS.3.1.0.pdsc: PDSC version is not supported
2025-06-04 21:20:12,726 [WARN] PackLoader:240 - Cannot read IP mode file for STMicroelectronics.X-CUBE-ALS.1.0.2
2025-06-04 21:20:12,797 [WARN] PackLoader:240 - Cannot read IP mode file for STMicroelectronics.X-CUBE-MEMS1.10.0.0
2025-06-04 21:20:12,951 [WARN] PackLoader:240 - Cannot read IP mode file for STMicroelectronics.X-CUBE-TOUCHGFX.4.24.0
2025-06-04 21:20:12,956 [WARN] PackLoader:240 - Cannot read IP mode file for STMicroelectronics.X-CUBE-TOUCHGFX.4.24.1
2025-06-04 21:20:12,962 [WARN] PackLoader:240 - Cannot read IP mode file for portGmbH.I-Cube-SoM-uGOAL.1.1.0
2025-06-04 21:20:12,967 [WARN] PackLoader:240 - Cannot read IP mode file for STMicroelectronics.X-CUBE-ALS.1.0.1
2025-06-04 21:20:12,991 [WARN] PackLoader:240 - Cannot read IP mode file for STMicroelectronics.X-CUBE-AZRTOS-H7RS.1.0.0
2025-06-04 21:20:12,998 [WARN] PackLoader:240 - Cannot read IP mode file for STMicroelectronics.FP-ATR-ASTRA1.2.0.0
2025-06-04 21:20:13,009 [WARN] PackLoader:240 - Cannot read IP mode file for STMicroelectronics.X-CUBE-TOF1.3.4.2
2025-06-04 21:20:13,024 [ERROR] Engine:466 - C:\Users\dbank\.stm32cubemx\thirdparties\pdsc\STMicroelectronics.X-CUBE-TOF1.3.4.3.pdsc: PDSC version is not supported
2025-06-04 21:20:13,034 [WARN] PackLoader:240 - Cannot read IP mode file for STMicroelectronics.X-CUBE-TOF1.3.4.1
2025-06-04 21:20:13,082 [WARN] PackLoader:240 - Cannot read IP mode file for STMicroelectronics.X-CUBE-AZRTOS-H7.3.2.0
2025-06-04 21:20:13,100 [WARN] PackLoader:240 - Cannot read IP mode file for Infineon.AIROC-Wi-Fi-Bluetooth-STM32.1.6.0
2025-06-04 21:20:13,111 [WARN] PackLoader:240 - Cannot read IP mode file for wolfSSL.I-CUBE-wolfSSH.1.4.17
2025-06-04 21:20:13,112 [INFO] ThirdParty:978 - Integrity check success = true
2025-06-04 21:20:13,112 [INFO] IntegrityCheckThread:100 - exiting critical section [integrity check]
2025-06-04 21:20:13,112 [INFO] IntegrityCheckThread:103 - End integrity checks thread
2025-06-04 21:20:16,810 [INFO] WebApp:161 - Instantiating new browser for Auth
2025-06-04 21:20:17,484 [INFO] WebApp:779 - Register for checkConnection events
2025-06-04 21:20:17,484 [INFO] WebApp:414 - Apply proxy settings
2025-06-04 21:20:17,484 [INFO] WebApp:499 - Chromium requires no authentication
2025-06-04 21:20:17,493 [INFO] WebApp:442 - Direct internet connection detected
2025-06-04 21:20:17,658 [INFO] WebApp:192 - Starting web application
2025-06-04 21:20:17,658 [INFO] WebApp:544 - Web application path used C:\ST\STM32CubeIDE_1.15.1\STM32CubeIDE\plugins\com.st.stm32cube.common.mx_6.11.1.202404110753\db\plugins\mcufinder\reactClient1\index.html
2025-06-04 21:23:05,519 [ERROR] LogOutputStream:75 - [STDERR_REDIRECT] 
2025-06-04 21:54:02,711 [INFO] Activator:176 - 


2025-06-04 21:54:02,713 [INFO] Activator:177 - !SESSION log4j initialized
2025-06-04 21:54:09,574 [INFO] LogOutputStream:77 - [STDOUT_REDIRECT] 
2025-06-04 21:54:14,343 [INFO] ApplicationProperties:184 - Using Application install path: C:\ST\STM32CubeIDE_1.15.1\STM32CubeIDE\plugins\com.st.stm32cube.common.mx_6.11.1.202404110753
2025-06-04 21:54:14,463 [INFO] DbMcusXml:78 - Set database path to: C:\ST\STM32CubeIDE_1.15.1\STM32CubeIDE\plugins\com.st.stm32cube.common.mx_6.11.1.202404110753\\db\/mcu/
2025-06-04 21:54:14,465 [INFO] ApiDb:274 - Set plugin database path to: C:\ST\STM32CubeIDE_1.15.1\STM32CubeIDE\plugins\com.st.stm32cube.common.mx_6.11.1.202404110753\\db\/plugins/boardmanager/
2025-06-04 21:54:14,465 [WARN] ApiDb:259 - Overriding images path with different value:  => C:\ST\STM32CubeIDE_1.15.1\STM32CubeIDE\plugins\com.st.stm32cube.common.mx_6.11.1.202404110753\\db\/plugins/mcufinder/images/
2025-06-04 21:54:14,507 [INFO] ApiDb:250 - Set database path to: C:\Users\dbank\.stmcufinder\plugins\mcufinder//mcu/
2025-06-04 21:54:14,511 [INFO] DbMcusAds:125 - Set database path to: C:\Users\dbank\.stmcufinder\plugins\mcufinder//mcu/
2025-06-04 21:54:14,518 [INFO] CrossReferenceDbSqlite:203 - Set database path to: C:\Users\dbank\.stmcufinder\plugins\mcufinder//mcu/cs/
2025-06-04 21:54:14,882 [INFO] RulesReader:64 - Compatibility file has been processed (297 Rules)
2025-06-04 21:54:15,130 [INFO] DbMcusXml:78 - Set database path to: C:\ST\STM32CubeIDE_1.15.1\STM32CubeIDE\plugins\com.st.stm32cube.common.mx_6.11.1.202404110753\\db\/mcu/
2025-06-04 21:54:15,130 [INFO] ApiDb:274 - Set plugin database path to: C:\ST\STM32CubeIDE_1.15.1\STM32CubeIDE\plugins\com.st.stm32cube.common.mx_6.11.1.202404110753\\db\/plugins/boardmanager/
2025-06-04 21:54:15,130 [INFO] ApiDb:261 - Set plugin images path to: C:\ST\STM32CubeIDE_1.15.1\STM32CubeIDE\plugins\com.st.stm32cube.common.mx_6.11.1.202404110753\\db\/plugins/mcufinder/images/
2025-06-04 21:54:15,130 [WARN] DbFile:41 - Overriding database path with different value: C:\Users\dbank\.stmcufinder\plugins\mcufinder/ => C:\Users\dbank\.stmcufinder\plugins\mcufinder
2025-06-04 21:54:15,130 [INFO] ApiDb:250 - Set database path to: C:\Users\dbank\.stmcufinder\plugins\mcufinder//mcu/
2025-06-04 21:54:15,132 [WARN] DbFile:41 - Overriding database path with different value: C:\Users\dbank\.stmcufinder\plugins\mcufinder/ => C:\Users\dbank\.stmcufinder\plugins\mcufinder
2025-06-04 21:54:15,132 [INFO] DbMcusAds:125 - Set database path to: C:\Users\dbank\.stmcufinder\plugins\mcufinder//mcu/
2025-06-04 21:54:15,132 [WARN] DbFile:41 - Overriding database path with different value: C:\Users\dbank\.stmcufinder\plugins\mcufinder/ => C:\Users\dbank\.stmcufinder\plugins\mcufinder
2025-06-04 21:54:15,132 [WARN] DbFile:41 - Overriding database path with different value: C:\Users\dbank\.stmcufinder\plugins\mcufinder/ => C:\Users\dbank\.stmcufinder\plugins\mcufinder
2025-06-04 21:54:15,132 [INFO] CrossReferenceDbSqlite:203 - Set database path to: C:\Users\dbank\.stmcufinder\plugins\mcufinder//mcu/cs/
2025-06-04 21:54:15,368 [INFO] MainPanel:264 - HeapMemory: 268435456
2025-06-04 21:54:15,611 [INFO] DbMcusXml:78 - Set database path to: C:\ST\STM32CubeIDE_1.15.1\STM32CubeIDE\plugins\com.st.stm32cube.common.mx_6.11.1.202404110753\\db\/mcu/
2025-06-04 21:54:15,612 [INFO] ApiDb:274 - Set plugin database path to: C:\ST\STM32CubeIDE_1.15.1\STM32CubeIDE\plugins\com.st.stm32cube.common.mx_6.11.1.202404110753\\db\/plugins/boardmanager/
2025-06-04 21:54:15,612 [INFO] ApiDb:261 - Set plugin images path to: C:\ST\STM32CubeIDE_1.15.1\STM32CubeIDE\plugins\com.st.stm32cube.common.mx_6.11.1.202404110753\\db\/plugins/mcufinder/images/
2025-06-04 21:54:15,614 [WARN] DbFile:41 - Overriding database path with different value: C:\Users\dbank\.stmcufinder\plugins\mcufinder/ => C:\Users\dbank\.stmcufinder\plugins\mcufinder
2025-06-04 21:54:15,614 [INFO] ApiDb:250 - Set database path to: C:\Users\dbank\.stmcufinder\plugins\mcufinder//mcu/
2025-06-04 21:54:15,614 [WARN] DbFile:41 - Overriding database path with different value: C:\Users\dbank\.stmcufinder\plugins\mcufinder/ => C:\Users\dbank\.stmcufinder\plugins\mcufinder
2025-06-04 21:54:15,614 [INFO] DbMcusAds:125 - Set database path to: C:\Users\dbank\.stmcufinder\plugins\mcufinder//mcu/
2025-06-04 21:54:15,614 [WARN] DbFile:41 - Overriding database path with different value: C:\Users\dbank\.stmcufinder\plugins\mcufinder/ => C:\Users\dbank\.stmcufinder\plugins\mcufinder
2025-06-04 21:54:15,614 [WARN] DbFile:41 - Overriding database path with different value: C:\Users\dbank\.stmcufinder\plugins\mcufinder/ => C:\Users\dbank\.stmcufinder\plugins\mcufinder
2025-06-04 21:54:15,614 [INFO] CrossReferenceDbSqlite:203 - Set database path to: C:\Users\dbank\.stmcufinder\plugins\mcufinder//mcu/cs/
2025-06-04 21:54:15,651 [INFO] ApplicationProperties:184 - Using Application install path: C:\ST\STM32CubeIDE_1.15.1\STM32CubeIDE\plugins\com.st.stm32cube.common.mx_6.11.1.202404110753
2025-06-04 21:54:15,656 [INFO] PluginManage:196 - Search for loadable plugins [exclusion list=, ]
2025-06-04 21:54:15,661 [INFO] PluginManage:310 - Check plugin analytics
2025-06-04 21:54:16,190 [INFO] AnalyticsPlugin:253 - Accepted Software Licenses: STM32CubeMX.6.11.1
2025-06-04 21:54:16,190 [INFO] AnalyticsPlugin:255 - Accepted CMSIS Pack Licenses: STMicroelectronics.X-CUBE-AZRTOS-H7.3.3.0
2025-06-04 21:54:16,190 [INFO] AnalyticsPlugin:257 - Accepted Firmware Licenses: FW.H7.1.11.0,FW.H7.1.10.0,FW.L4.1.18.0,FW.F4.1.28.0,FW.MP1.1.6.0,FW.F7.1.17.0
2025-06-04 21:54:16,196 [INFO] PluginManage:359 - Loaded plugin analytics (category:tool,tabindex:-1)
2025-06-04 21:54:16,196 [INFO] PluginManage:310 - Check plugin cadmodel
2025-06-04 21:54:16,223 [INFO] CADModel:105 - Init CAD model plugin
2025-06-04 21:54:16,223 [INFO] PluginManage:359 - Loaded plugin cadmodel (category:power,tabindex:5)
2025-06-04 21:54:16,223 [INFO] PluginManage:310 - Check plugin clock
2025-06-04 21:54:16,269 [INFO] PluginManage:359 - Loaded plugin clock (category:base,tabindex:2)
2025-06-04 21:54:16,275 [INFO] PluginManage:310 - Check plugin ddr
2025-06-04 21:54:16,283 [INFO] PluginManage:359 - Loaded plugin ddr (category:tool,tabindex:6)
2025-06-04 21:54:16,283 [INFO] PluginManage:310 - Check plugin filemanager
2025-06-04 21:54:16,745 [INFO] PluginManage:359 - Loaded plugin filemanager (category:base,tabindex:10)
2025-06-04 21:54:16,745 [INFO] PluginManage:310 - Check plugin ipmanager
2025-06-04 21:54:16,781 [INFO] PluginManage:359 - Loaded plugin ipmanager (category:base,tabindex:5)
2025-06-04 21:54:16,781 [INFO] PluginManage:310 - Check plugin lpbam
2025-06-04 21:54:16,822 [INFO] PluginManage:359 - Loaded plugin lpbam (category:base,tabindex:0)
2025-06-04 21:54:16,822 [INFO] PluginManage:310 - Check plugin memorymap
2025-06-04 21:54:16,909 [INFO] PluginManage:359 - Loaded plugin memorymap (category:base,tabindex:4)
2025-06-04 21:54:16,909 [INFO] PluginManage:310 - Check plugin pinoutandconfiguration
2025-06-04 21:54:16,933 [INFO] PluginManage:359 - Loaded plugin pinoutandconfiguration (category:base,tabindex:1)
2025-06-04 21:54:16,933 [INFO] PluginManage:310 - Check plugin pinoutconfig
2025-06-04 21:54:17,157 [WARN] SupportedApi:132 - Cannot load RTOS API schema: s4s-elt-must-match.1: The content of 'definitions' must match (annotation?, (simpleType | complexType)?, (unique | key | keyref)*)). A problem was found starting at: attribute.
2025-06-04 21:54:17,589 [INFO] PluginManage:359 - Loaded plugin pinoutconfig (category:base,tabindex:0)
2025-06-04 21:54:17,589 [INFO] PluginManage:310 - Check plugin power
2025-06-04 21:54:17,643 [INFO] PluginManage:359 - Loaded plugin power (category:power,tabindex:4)
2025-06-04 21:54:17,643 [INFO] PluginManage:310 - Check plugin projectmanager
2025-06-04 21:54:17,682 [INFO] PluginManage:359 - Loaded plugin projectmanager (category:projectmanager,tabindex:3)
2025-06-04 21:54:17,682 [INFO] PluginManage:310 - Check plugin thirdparty
2025-06-04 21:54:18,312 [WARN] IntegrityCheckThread:84 - waiting for thirdparty lock release [integrity check]
2025-06-04 21:54:18,312 [INFO] IntegrityCheckThread:86 - entering critical section [integrity check]
2025-06-04 21:54:18,313 [INFO] PluginManage:359 - Loaded plugin thirdparty (category:base,tabindex:-1)
2025-06-04 21:54:18,313 [INFO] PluginManage:310 - Check plugin tools
2025-06-04 21:54:18,313 [INFO] ThirdPartyUpdaterWithRetryManager:70 - Updater plugin not ready yet. [1/15]
2025-06-04 21:54:18,410 [INFO] PluginManage:359 - Loaded plugin tools (category:base,tabindex:7)
2025-06-04 21:54:18,412 [INFO] PluginManage:310 - Check plugin tutovideos
2025-06-04 21:54:19,116 [INFO] PluginManage:359 - Loaded plugin tutovideos (category:base,tabindex:-1)
2025-06-04 21:54:19,116 [INFO] PluginManage:310 - Check plugin updater
2025-06-04 21:54:19,142 [INFO] PluginManage:359 - Loaded plugin updater (category:base,tabindex:12)
2025-06-04 21:54:19,142 [INFO] PluginManage:310 - Check plugin userauth
2025-06-04 21:54:19,154 [INFO] UserAuth:114 - Init User Auth plugin
2025-06-04 21:54:19,154 [INFO] PluginManage:359 - Loaded plugin userauth (category:base,tabindex:14)
2025-06-04 21:54:19,155 [INFO] PluginManage:283 - PluginManage : Loaded plugins [17]
2025-06-04 21:54:19,835 [INFO] PinOutPanel:1561 - setPackage(No Configuration,No Configuration)
2025-06-04 21:54:20,033 [INFO] CADModel:165 - CPN selected for project level
2025-06-04 21:54:20,033 [INFO] CADModel:114 - Register for checkConnection events
2025-06-04 21:54:20,108 [INFO] IPUIPlugin:80 - create IPUIPlugin
2025-06-04 21:54:20,108 [INFO] PluginManager:220 - loadIPPluginJar : add adc
2025-06-04 21:54:20,200 [INFO] IPUIPlugin:80 - create IPUIPlugin
2025-06-04 21:54:20,202 [INFO] PluginManager:220 - loadIPPluginJar : add aes
2025-06-04 21:54:20,304 [INFO] IPUIPlugin:80 - create IPUIPlugin
2025-06-04 21:54:20,304 [INFO] PluginManager:220 - loadIPPluginJar : add can
2025-06-04 21:54:20,358 [INFO] IPUIPlugin:80 - create IPUIPlugin
2025-06-04 21:54:20,359 [INFO] PluginManager:220 - loadIPPluginJar : add comp
2025-06-04 21:54:20,433 [INFO] IPUIPlugin:80 - create IPUIPlugin
2025-06-04 21:54:20,433 [INFO] PluginManager:220 - loadIPPluginJar : add cryp
2025-06-04 21:54:20,500 [INFO] IPUIPlugin:80 - create IPUIPlugin
2025-06-04 21:54:20,500 [INFO] PluginManager:220 - loadIPPluginJar : add dfsdm
2025-06-04 21:54:20,531 [INFO] IPUIPlugin:80 - create IPUIPlugin
2025-06-04 21:54:20,533 [INFO] PluginManager:220 - loadIPPluginJar : add dma
2025-06-04 21:54:20,650 [INFO] IPUIPlugin:80 - create IPUIPlugin
2025-06-04 21:54:20,650 [INFO] PluginManager:220 - loadIPPluginJar : add dma3
2025-06-04 21:54:20,764 [INFO] IPUIPlugin:80 - create IPUIPlugin
2025-06-04 21:54:20,764 [INFO] PluginManager:220 - loadIPPluginJar : add extmemmanager
2025-06-04 21:54:20,823 [INFO] IPUIPlugin:80 - create IPUIPlugin
2025-06-04 21:54:20,823 [INFO] PluginManager:220 - loadIPPluginJar : add fatfs
2025-06-04 21:54:20,943 [INFO] IPUIPlugin:80 - create IPUIPlugin
2025-06-04 21:54:20,945 [INFO] PluginManager:220 - loadIPPluginJar : add fmc
2025-06-04 21:54:20,992 [INFO] IPUIPlugin:80 - create IPUIPlugin
2025-06-04 21:54:20,992 [INFO] PluginManager:220 - loadIPPluginJar : add freertos
2025-06-04 21:54:21,055 [INFO] IPUIPlugin:80 - create IPUIPlugin
2025-06-04 21:54:21,055 [INFO] PluginManager:220 - loadIPPluginJar : add genericplugin
2025-06-04 21:54:21,269 [INFO] IPUIPlugin:80 - create IPUIPlugin
2025-06-04 21:54:21,269 [INFO] PluginManager:220 - loadIPPluginJar : add gfxmmu
2025-06-04 21:54:21,314 [INFO] ThirdPartyUpdaterWithRetryManager:70 - Updater plugin not ready yet. [2/15]
2025-06-04 21:54:21,542 [INFO] IPUIPlugin:80 - create IPUIPlugin
2025-06-04 21:54:21,542 [INFO] PluginManager:220 - loadIPPluginJar : add gic
2025-06-04 21:54:21,568 [INFO] IPUIPlugin:80 - create IPUIPlugin
2025-06-04 21:54:21,570 [INFO] PluginManager:220 - loadIPPluginJar : add gpio
2025-06-04 21:54:21,828 [INFO] IPUIPlugin:80 - create IPUIPlugin
2025-06-04 21:54:21,828 [INFO] PluginManager:220 - loadIPPluginJar : add gtzc
2025-06-04 21:54:21,938 [INFO] IPUIPlugin:80 - create IPUIPlugin
2025-06-04 21:54:21,938 [INFO] PluginManager:220 - loadIPPluginJar : add hash
2025-06-04 21:54:22,098 [INFO] IPUIPlugin:80 - create IPUIPlugin
2025-06-04 21:54:22,098 [INFO] PluginManager:220 - loadIPPluginJar : add i2c
2025-06-04 21:54:22,207 [INFO] IPUIPlugin:80 - create IPUIPlugin
2025-06-04 21:54:22,207 [INFO] PluginManager:220 - loadIPPluginJar : add i2s
2025-06-04 21:54:22,322 [INFO] IPUIPlugin:80 - create IPUIPlugin
2025-06-04 21:54:22,322 [INFO] PluginManager:220 - loadIPPluginJar : add i3c
2025-06-04 21:54:22,615 [INFO] IPUIPlugin:80 - create IPUIPlugin
2025-06-04 21:54:22,617 [INFO] PluginManager:220 - loadIPPluginJar : add ipddr
2025-06-04 21:54:22,857 [INFO] IPUIPlugin:80 - create IPUIPlugin
2025-06-04 21:54:22,857 [INFO] PluginManager:220 - loadIPPluginJar : add linkedlist
2025-06-04 21:54:22,954 [INFO] IPUIPlugin:80 - create IPUIPlugin
2025-06-04 21:54:22,954 [INFO] PluginManager:220 - loadIPPluginJar : add lorawan
2025-06-04 21:54:23,057 [INFO] IPUIPlugin:80 - create IPUIPlugin
2025-06-04 21:54:23,059 [INFO] PluginManager:220 - loadIPPluginJar : add ltdc
2025-06-04 21:54:23,118 [INFO] IPUIPlugin:80 - create IPUIPlugin
2025-06-04 21:54:23,118 [INFO] PluginManager:220 - loadIPPluginJar : add mdma
2025-06-04 21:54:23,147 [INFO] IPUIPlugin:80 - create IPUIPlugin
2025-06-04 21:54:23,147 [INFO] PluginManager:220 - loadIPPluginJar : add nvic
2025-06-04 21:54:23,250 [INFO] IPUIPlugin:80 - create IPUIPlugin
2025-06-04 21:54:23,250 [INFO] PluginManager:220 - loadIPPluginJar : add opamp
2025-06-04 21:54:23,410 [INFO] IPUIPlugin:80 - create IPUIPlugin
2025-06-04 21:54:23,412 [INFO] PluginManager:220 - loadIPPluginJar : add openamp
2025-06-04 21:54:23,523 [INFO] IPUIPlugin:80 - create IPUIPlugin
2025-06-04 21:54:23,523 [INFO] PluginManager:220 - loadIPPluginJar : add pdm2pcm
2025-06-04 21:54:23,562 [INFO] IPUIPlugin:80 - create IPUIPlugin
2025-06-04 21:54:23,568 [INFO] PluginManager:220 - loadIPPluginJar : add plateformsettings
2025-06-04 21:54:23,633 [INFO] IPUIPlugin:80 - create IPUIPlugin
2025-06-04 21:54:23,633 [INFO] PluginManager:220 - loadIPPluginJar : add quadspi
2025-06-04 21:54:23,674 [INFO] IPUIPlugin:80 - create IPUIPlugin
2025-06-04 21:54:23,674 [INFO] PluginManager:220 - loadIPPluginJar : add resmgrutility
2025-06-04 21:54:23,812 [INFO] IPUIPlugin:80 - create IPUIPlugin
2025-06-04 21:54:23,812 [INFO] PluginManager:220 - loadIPPluginJar : add sai
2025-06-04 21:54:23,909 [INFO] IPUIPlugin:80 - create IPUIPlugin
2025-06-04 21:54:23,909 [INFO] PluginManager:220 - loadIPPluginJar : add spi
2025-06-04 21:54:24,087 [INFO] IPUIPlugin:80 - create IPUIPlugin
2025-06-04 21:54:24,087 [INFO] PluginManager:220 - loadIPPluginJar : add stm32_wpan
2025-06-04 21:54:24,146 [INFO] IPUIPlugin:80 - create IPUIPlugin
2025-06-04 21:54:24,146 [INFO] PluginManager:220 - loadIPPluginJar : add tim
2025-06-04 21:54:24,296 [INFO] IPUIPlugin:80 - create IPUIPlugin
2025-06-04 21:54:24,296 [INFO] PluginManager:220 - loadIPPluginJar : add touchsensing
2025-06-04 21:54:24,316 [INFO] ThirdPartyUpdaterWithRetryManager:70 - Updater plugin not ready yet. [3/15]
2025-06-04 21:54:24,362 [INFO] IPUIPlugin:80 - create IPUIPlugin
2025-06-04 21:54:24,364 [INFO] PluginManager:220 - loadIPPluginJar : add tracer_emb
2025-06-04 21:54:24,434 [INFO] IPUIPlugin:80 - create IPUIPlugin
2025-06-04 21:54:24,434 [INFO] PluginManager:220 - loadIPPluginJar : add ts
2025-06-04 21:54:24,503 [INFO] IPUIPlugin:80 - create IPUIPlugin
2025-06-04 21:54:24,503 [INFO] PluginManager:220 - loadIPPluginJar : add tsc
2025-06-04 21:54:24,563 [INFO] IPUIPlugin:80 - create IPUIPlugin
2025-06-04 21:54:24,563 [INFO] PluginManager:220 - loadIPPluginJar : add ucpd
2025-06-04 21:54:24,688 [INFO] IPUIPlugin:80 - create IPUIPlugin
2025-06-04 21:54:24,688 [INFO] PluginManager:220 - loadIPPluginJar : add usart
2025-06-04 21:54:24,824 [INFO] IPUIPlugin:80 - create IPUIPlugin
2025-06-04 21:54:24,824 [INFO] PluginManager:220 - loadIPPluginJar : add usbx
2025-06-04 21:54:25,043 [INFO] CADModel:165 - CPN selected for project level
2025-06-04 21:54:25,043 [INFO] CADModel:114 - Register for checkConnection events
2025-06-04 21:54:25,043 [FATAL] Updater:308 - Updater called before beeing initialized
2025-06-04 21:54:25,043 [ERROR] CADModel:125 - Updater not yet initialized, retry later 
2025-06-04 21:54:25,456 [INFO] CADModel:165 - CPN selected for project level
2025-06-04 21:54:25,456 [INFO] CADModel:114 - Register for checkConnection events
2025-06-04 21:54:25,456 [FATAL] Updater:308 - Updater called before beeing initialized
2025-06-04 21:54:25,456 [ERROR] CADModel:125 - Updater not yet initialized, retry later 
2025-06-04 21:54:25,462 [FATAL] Updater:308 - Updater called before beeing initialized
2025-06-04 21:54:25,698 [FATAL] Updater:308 - Updater called before beeing initialized
2025-06-04 21:54:25,746 [INFO] DbMcusAds:53 - JSON generation date=Wed May 07 11:07:55 CEST 2025 (1746608875484)
2025-06-04 21:54:25,746 [FATAL] Updater:308 - Updater called before beeing initialized
2025-06-04 21:54:25,919 [WARN] DetailPanel:346 - Failed to get advertising image, set to default
2025-06-04 21:54:26,088 [FATAL] Updater:308 - Updater called before beeing initialized
2025-06-04 21:54:26,096 [FATAL] Updater:308 - Updater called before beeing initialized
2025-06-04 21:54:26,096 [FATAL] Updater:308 - Updater called before beeing initialized
2025-06-04 21:54:26,097 [WARN] DetailPanel:346 - Failed to get advertising image, set to default
2025-06-04 21:54:26,097 [FATAL] Updater:308 - Updater called before beeing initialized
2025-06-04 21:54:26,233 [ERROR] Updater:1120 - MainUpdater not yet initialized. External WinMGr cannot be set.
2025-06-04 21:54:26,253 [INFO] Updater:1056 - Updater Version found : 6.11.1
2025-06-04 21:54:26,314 [INFO] ApplicationProperties:184 - Using Application install path: C:\ST\STM32CubeIDE_1.15.1\STM32CubeIDE\plugins\com.st.stm32cube.common.mx_6.11.1.202404110753
2025-06-04 21:54:27,329 [INFO] ThirdPartyUpdaterWithRetryManager:70 - Updater plugin not ready yet. [4/15]
2025-06-04 21:54:28,007 [ERROR] LogOutputStream:75 - [STDERR_REDIRECT] Jun 04, 2025 9:54:27 PM java.util.prefs.WindowsPreferences <init>
2025-06-04 21:54:28,010 [ERROR] LogOutputStream:75 - [STDERR_REDIRECT] WARNING: Could not open/create prefs root node Software\JavaSoft\Prefs at root 0xffffffff80000002. Windows RegCreateKeyEx(...) returned error code 5.
2025-06-04 21:54:28,011 [ERROR] LogOutputStream:75 - [STDERR_REDIRECT] 
2025-06-04 21:54:29,105 [INFO] MainUpdater:2873 - connection check result : 10
2025-06-04 21:54:29,107 [INFO] MainUpdater:290 - Updater Check For Update Now.
2025-06-04 21:54:29,107 [INFO] MicroXplorer:498 - Change Database Version : DB.6.0.111
2025-06-04 21:54:29,146 [INFO] McuFinderGlobals:63 - Set McuFinder mode to 2 (CubeIDE integrated)
2025-06-04 21:54:29,168 [INFO] UserAuth:415 - Internet connection configuration mode: 1
2025-06-04 21:54:29,256 [INFO] JxBrowserEngine:152 - Initiate JxBrowser Engine with user profile folder
2025-06-04 21:54:29,430 [INFO] CheckServerUpdateThread:120 - End of CheckServer Thread
2025-06-04 21:54:30,809 [WARN] PackLoader:240 - Cannot read IP mode file for STMicroelectronics.FP-SNS-MOTENVWB1.1.4.0
2025-06-04 21:54:30,840 [WARN] PackLoader:240 - Cannot read IP mode file for STMicroelectronics.FP-ATR-ASTRA1.2.0.2
2025-06-04 21:54:30,865 [WARN] PackLoader:240 - Cannot read IP mode file for STMicroelectronics.FP-ATR-ASTRA1.2.0.1
2025-06-04 21:54:30,904 [WARN] PackLoader:240 - Cannot read IP mode file for STMicroelectronics.X-CUBE-SMBUS.2.1.0
2025-06-04 21:54:30,934 [WARN] PackLoader:240 - Cannot read IP mode file for STMicroelectronics.X-CUBE-WB05N.1.1.0
2025-06-04 21:54:30,961 [WARN] PackLoader:240 - Cannot read IP mode file for STMicroelectronics.X-CUBE-TOUCHGFX.4.23.2
2025-06-04 21:54:31,027 [WARN] PackLoader:240 - Cannot read IP mode file for STMicroelectronics.X-CUBE-AZRTOS-F7.1.1.0
2025-06-04 21:54:31,164 [WARN] PackLoader:240 - Cannot read IP mode file for STMicroelectronics.X-CUBE-MEMS1.11.0.0
2025-06-04 21:54:31,466 [WARN] PackLoader:240 - Cannot read IP mode file for STMicroelectronics.FP-SNS-FLIGHT1.5.0.2
2025-06-04 21:54:31,495 [WARN] PackLoader:240 - Cannot read IP mode file for STMicroelectronics.X-CUBE-DISPLAY.3.0.0
2025-06-04 21:54:31,524 [WARN] PackLoader:240 - Cannot read IP mode file for STMicroelectronics.X-CUBE-BLE1.7.0.0
2025-06-04 21:54:31,565 [WARN] PackLoader:240 - Cannot read IP mode file for STMicroelectronics.X-CUBE-NFC10.1.0.0
2025-06-04 21:54:31,611 [WARN] PackLoader:240 - Cannot read IP mode file for STMicroelectronics.X-CUBE-BLEMGR.4.0.0
2025-06-04 21:54:31,643 [WARN] PackLoader:240 - Cannot read IP mode file for emotas.I-CUBE-CANOPEN.1.3.0
2025-06-04 21:54:31,672 [WARN] PackLoader:240 - Cannot read IP mode file for STMicroelectronics.X-CUBE-BLEMGR.3.1.0
2025-06-04 21:54:31,702 [WARN] PackLoader:240 - Cannot read IP mode file for STMicroelectronics.X-CUBE-AI.10.0.0
2025-06-04 21:54:31,728 [WARN] PackLoader:240 - Cannot read IP mode file for STMicroelectronics.FP-SNS-SMARTAG2.1.2.0
2025-06-04 21:54:31,756 [ERROR] Engine:466 - C:\Users\dbank\.stm32cubemx\thirdparties\pdsc\STMicroelectronics.FP-SNS-FLIGHT1.5.1.0.pdsc: PDSC version is not supported
2025-06-04 21:54:31,793 [INFO] LogOutputStream:77 - [STDOUT_REDIRECT] 1 : Invalid condition id : UX_CORESTACK_Condition cause : null
2025-06-04 21:54:31,795 [INFO] LogOutputStream:77 - [STDOUT_REDIRECT] 1 : Invalid condition id : UX_CORESTACK_Condition cause : null
2025-06-04 21:54:31,796 [INFO] LogOutputStream:77 - [STDOUT_REDIRECT] 1 : Invalid condition id : UX_CORESTACK_Condition cause : null
2025-06-04 21:54:31,799 [INFO] LogOutputStream:77 - [STDOUT_REDIRECT] 1 : Invalid condition id : UX_CORESTACK_Condition cause : null
2025-06-04 21:54:31,801 [INFO] LogOutputStream:77 - [STDOUT_REDIRECT] 1 : Invalid condition id : UX_CORESTACK_Condition cause : null
2025-06-04 21:54:31,804 [WARN] PackLoader:240 - Cannot read IP mode file for STMicroelectronics.X-CUBE-AZRTOS-WL.2.0.0
2025-06-04 21:54:31,826 [WARN] PackLoader:240 - Cannot read IP mode file for STMicroelectronics.FP-SNS-MOTENV1.5.0.0
2025-06-04 21:54:31,847 [WARN] PackLoader:240 - Cannot read IP mode file for wolfSSL.I-CUBE-wolfMQTT.1.19.0
2025-06-04 21:54:31,881 [WARN] PackLoader:240 - Cannot read IP mode file for WES.I-CUBE-Cesium.1.3.0
2025-06-04 21:54:31,906 [WARN] PackLoader:240 - Cannot read IP mode file for STMicroelectronics.X-CUBE-BLE2.3.3.0
2025-06-04 21:54:31,935 [WARN] PackLoader:240 - Cannot read IP mode file for STMicroelectronics.X-CUBE-NFC9.1.0.0
2025-06-04 21:54:31,960 [WARN] PackLoader:240 - Cannot read IP mode file for STMicroelectronics.X-CUBE-BLE1.7.1.0
2025-06-04 21:54:31,986 [WARN] PackLoader:240 - Cannot read IP mode file for STMicroelectronics.X-CUBE-TCPP.4.1.0
2025-06-04 21:54:32,006 [WARN] PackLoader:240 - Cannot read IP mode file for STMicroelectronics.X-CUBE-AI.10.1.0
2025-06-04 21:54:32,026 [WARN] PackLoader:240 - Cannot read IP mode file for STMicroelectronics.X-CUBE-ALGOBUILD.1.3.0
2025-06-04 21:54:32,110 [WARN] PackLoader:240 - Cannot read IP mode file for STMicroelectronics.X-CUBE-MEMS1.11.2.0
2025-06-04 21:54:32,290 [WARN] PackLoader:240 - Cannot read IP mode file for STMicroelectronics.X-CUBE-AZRTOS-G0.1.1.0
2025-06-04 21:54:32,318 [WARN] PackLoader:240 - Cannot read IP mode file for STMicroelectronics.X-CUBE-SAFEA1.1.2.2
2025-06-04 21:54:32,343 [WARN] PackLoader:240 - Cannot read IP mode file for STMicroelectronics.X-CUBE-NFC4.3.0.0
2025-06-04 21:54:32,374 [WARN] PackLoader:240 - Cannot read IP mode file for EmbeddedOffice.I-CUBE-FS-RTOS.1.0.1
2025-06-04 21:54:32,376 [ERROR] ConditionMgr:805 - Attr not supported : Dmpu
2025-06-04 21:54:32,376 [ERROR] ConditionMgr:805 - Attr not supported : Dmpu
2025-06-04 21:54:32,376 [ERROR] ConditionMgr:805 - Attr not supported : Dmpu
2025-06-04 21:54:32,376 [ERROR] ConditionMgr:805 - Attr not supported : Dmpu
2025-06-04 21:54:32,376 [ERROR] ConditionMgr:805 - Attr not supported : Dmpu
2025-06-04 21:54:32,376 [ERROR] ConditionMgr:805 - Attr not supported : Dmpu
2025-06-04 21:54:32,376 [ERROR] ConditionMgr:805 - Attr not supported : Dmpu
2025-06-04 21:54:32,376 [ERROR] ConditionMgr:805 - Attr not supported : Dmpu
2025-06-04 21:54:32,376 [ERROR] ConditionMgr:805 - Attr not supported : Dmpu
2025-06-04 21:54:32,376 [ERROR] ConditionMgr:805 - Attr not supported : Dmpu
2025-06-04 21:54:32,376 [ERROR] ConditionMgr:805 - Attr not supported : Dmpu
2025-06-04 21:54:32,376 [ERROR] ConditionMgr:805 - Attr not supported : Dmpu
2025-06-04 21:54:32,376 [ERROR] ConditionMgr:805 - Attr not supported : Dmpu
2025-06-04 21:54:32,376 [ERROR] ConditionMgr:805 - Attr not supported : Dmpu
2025-06-04 21:54:32,377 [ERROR] ConditionMgr:805 - Attr not supported : Dmpu
2025-06-04 21:54:32,377 [ERROR] ConditionMgr:805 - Attr not supported : Dmpu
2025-06-04 21:54:32,377 [ERROR] ConditionMgr:805 - Attr not supported : Dmpu
2025-06-04 21:54:32,377 [ERROR] ConditionMgr:805 - Attr not supported : Dmpu
2025-06-04 21:54:32,377 [ERROR] ConditionMgr:805 - Attr not supported : Dmpu
2025-06-04 21:54:32,377 [ERROR] ConditionMgr:805 - Attr not supported : Dmpu
2025-06-04 21:54:32,377 [ERROR] ConditionMgr:805 - Attr not supported : Dmpu
2025-06-04 21:54:32,377 [ERROR] ConditionMgr:805 - Attr not supported : Dmpu
2025-06-04 21:54:32,377 [ERROR] ConditionMgr:805 - Attr not supported : Dmpu
2025-06-04 21:54:32,377 [ERROR] ConditionMgr:805 - Attr not supported : Dmpu
2025-06-04 21:54:32,377 [ERROR] ConditionMgr:805 - Attr not supported : Dmpu
2025-06-04 21:54:32,377 [ERROR] ConditionMgr:805 - Attr not supported : Dmpu
2025-06-04 21:54:32,377 [ERROR] ConditionMgr:805 - Attr not supported : Dmpu
2025-06-04 21:54:32,377 [ERROR] ConditionMgr:805 - Attr not supported : Dmpu
2025-06-04 21:54:32,377 [ERROR] ConditionMgr:805 - Attr not supported : Dmpu
2025-06-04 21:54:32,377 [ERROR] ConditionMgr:805 - Attr not supported : Dmpu
2025-06-04 21:54:32,377 [ERROR] ConditionMgr:805 - Attr not supported : Dmpu
2025-06-04 21:54:32,377 [ERROR] ConditionMgr:805 - Attr not supported : Dmpu
2025-06-04 21:54:32,377 [ERROR] ConditionMgr:805 - Attr not supported : Dmpu
2025-06-04 21:54:32,377 [ERROR] ConditionMgr:805 - Attr not supported : Dmpu
2025-06-04 21:54:32,377 [ERROR] ConditionMgr:805 - Attr not supported : Dmpu
2025-06-04 21:54:32,377 [ERROR] ConditionMgr:805 - Attr not supported : Dmpu
2025-06-04 21:54:32,377 [ERROR] ConditionMgr:805 - Attr not supported : Dmpu
2025-06-04 21:54:32,377 [ERROR] ConditionMgr:805 - Attr not supported : Dmpu
2025-06-04 21:54:32,379 [ERROR] ConditionMgr:805 - Attr not supported : Dmpu
2025-06-04 21:54:32,379 [ERROR] ConditionMgr:805 - Attr not supported : Dmpu
2025-06-04 21:54:32,379 [ERROR] ConditionMgr:805 - Attr not supported : Dmpu
2025-06-04 21:54:32,379 [ERROR] ConditionMgr:805 - Attr not supported : Dmpu
2025-06-04 21:54:32,379 [ERROR] ConditionMgr:805 - Attr not supported : Dmpu
2025-06-04 21:54:32,379 [ERROR] ConditionMgr:805 - Attr not supported : Dmpu
2025-06-04 21:54:32,379 [ERROR] ConditionMgr:805 - Attr not supported : Dmpu
2025-06-04 21:54:32,379 [ERROR] ConditionMgr:805 - Attr not supported : Dmpu
2025-06-04 21:54:32,379 [ERROR] ConditionMgr:805 - Attr not supported : Dmpu
2025-06-04 21:54:32,379 [ERROR] ConditionMgr:805 - Attr not supported : Dmpu
2025-06-04 21:54:32,379 [ERROR] ConditionMgr:805 - Attr not supported : Dmpu
2025-06-04 21:54:32,379 [ERROR] ConditionMgr:805 - Attr not supported : Dmpu
2025-06-04 21:54:32,379 [ERROR] ConditionMgr:805 - Attr not supported : Dmpu
2025-06-04 21:54:32,379 [ERROR] ConditionMgr:805 - Attr not supported : Dmpu
2025-06-04 21:54:32,379 [ERROR] ConditionMgr:805 - Attr not supported : Dmpu
2025-06-04 21:54:32,379 [ERROR] ConditionMgr:805 - Attr not supported : Dmpu
2025-06-04 21:54:32,379 [ERROR] ConditionMgr:805 - Attr not supported : Dmpu
2025-06-04 21:54:32,379 [ERROR] ConditionMgr:805 - Attr not supported : Dmpu
2025-06-04 21:54:32,379 [ERROR] ConditionMgr:805 - Attr not supported : Dmpu
2025-06-04 21:54:32,379 [ERROR] ConditionMgr:805 - Attr not supported : Dmpu
2025-06-04 21:54:32,379 [ERROR] ConditionMgr:805 - Attr not supported : Dmpu
2025-06-04 21:54:32,379 [ERROR] ConditionMgr:805 - Attr not supported : Dmpu
2025-06-04 21:54:32,381 [ERROR] ConditionMgr:805 - Attr not supported : Dmpu
2025-06-04 21:54:32,381 [ERROR] ConditionMgr:805 - Attr not supported : Dmpu
2025-06-04 21:54:32,381 [ERROR] ConditionMgr:805 - Attr not supported : Dmpu
2025-06-04 21:54:32,381 [ERROR] ConditionMgr:805 - Attr not supported : Dmpu
2025-06-04 21:54:32,408 [WARN] PackLoader:240 - Cannot read IP mode file for STMicroelectronics.X-CUBE-WB05N.2.0.0
2025-06-04 21:54:32,436 [ERROR] Engine:466 - C:\Users\dbank\.stm32cubemx\thirdparties\pdsc\STMicroelectronics.X-CUBE-TCPP.4.2.0.pdsc: PDSC version is not supported
2025-06-04 21:54:32,461 [WARN] PackLoader:240 - Cannot read IP mode file for RealThread.X-CUBE-RT-Thread_Nano.4.1.1
2025-06-04 21:54:32,483 [WARN] PackLoader:240 - Cannot read IP mode file for wolfSSL.I-CUBE-wolfSSL.5.7.0
2025-06-04 21:54:32,509 [WARN] PackLoader:240 - Cannot read IP mode file for STMicroelectronics.FP-ATR-SIGFOX1.3.2.0
2025-06-04 21:54:32,536 [WARN] ConditionMgr:438 - getConditionDescription Invalid condition id : Cortex-A Device cause : null
2025-06-04 21:54:32,581 [WARN] ConditionMgr:1039 - genDependencies : Invalid condition id : Cortex-A Device cause : null
2025-06-04 21:54:32,581 [WARN] ConditionMgr:1039 - genDependencies : Invalid condition id : Cortex-A Device cause : null
2025-06-04 21:54:32,581 [WARN] ConditionMgr:1039 - genDependencies : Invalid condition id : Cortex-A Device cause : null
2025-06-04 21:54:32,606 [WARN] PackLoader:240 - Cannot read IP mode file for STMicroelectronics.X-CUBE-EEPRMA1.5.1.0
2025-06-04 21:54:32,637 [WARN] PackLoader:240 - Cannot read IP mode file for ITTIA_DB.I-CUBE-ITTIADB.8.9.0
2025-06-04 21:54:32,696 [WARN] PackLoader:240 - Cannot read IP mode file for SEGGER.I-CUBE-embOS.1.3.1
2025-06-04 21:54:32,789 [WARN] PackLoader:240 - Cannot read IP mode file for STMicroelectronics.X-CUBE-ALGOBUILD.1.4.0
2025-06-04 21:54:32,812 [WARN] PackLoader:240 - Cannot read IP mode file for STMicroelectronics.X-CUBE-AI.9.1.0
2025-06-04 21:54:32,836 [WARN] PackLoader:240 - Cannot read IP mode file for STMicroelectronics.X-CUBE-GNSS1.6.0.0
2025-06-04 21:54:32,867 [WARN] PackLoader:240 - Cannot read IP mode file for STMicroelectronics.X-CUBE-AZRTOS-F4.1.1.0
2025-06-04 21:54:32,884 [ERROR] Engine:466 - C:\Users\dbank\.stm32cubemx\thirdparties\pdsc\Avnet-IotConnect.X-CUBE-IoTC-DA16k-PMOD.1.0.0.pdsc: PDSC version is not supported
2025-06-04 21:54:32,903 [WARN] PackLoader:240 - Cannot read IP mode file for STMicroelectronics.X-CUBE-ISPU.2.1.0
2025-06-04 21:54:32,926 [WARN] PackLoader:240 - Cannot read IP mode file for STMicroelectronics.X-CUBE-FREERTOS.1.2.0
2025-06-04 21:54:32,981 [WARN] PackLoader:240 - Cannot read IP mode file for STMicroelectronics.X-CUBE-AZRTOS-L5.2.0.0
2025-06-04 21:54:33,005 [WARN] PackLoader:240 - Cannot read IP mode file for STMicroelectronics.X-CUBE-NFC6.3.1.0
2025-06-04 21:54:33,027 [WARN] PackLoader:240 - Cannot read IP mode file for STMicroelectronics.X-CUBE-DPower.1.2.0
2025-06-04 21:54:33,050 [WARN] PackLoader:240 - Cannot read IP mode file for STMicroelectronics.X-CUBE-AI.9.0.0
2025-06-04 21:54:33,074 [WARN] PackLoader:240 - Cannot read IP mode file for STMicroelectronics.X-CUBE-FREERTOS.1.3.1
2025-06-04 21:54:33,094 [WARN] PackLoader:240 - Cannot read IP mode file for STMicroelectronics.X-CUBE-FREERTOS.1.3.0
2025-06-04 21:54:33,116 [WARN] PackLoader:240 - Cannot read IP mode file for STMicroelectronics.X-CUBE-NFC7.1.0.1
2025-06-04 21:54:33,140 [WARN] PackLoader:240 - Cannot read IP mode file for wolfSSL.I-CUBE-wolfTPM.3.2.0
2025-06-04 21:54:33,160 [WARN] PackLoader:240 - Cannot read IP mode file for STMicroelectronics.X-CUBE-DPower.1.3.0
2025-06-04 21:54:33,208 [WARN] ConditionMgr:438 - getConditionDescription Invalid condition id : LAN8742 Phy interface Condition cause : null
2025-06-04 21:54:33,208 [WARN] PackLoader:240 - Cannot read IP mode file for STMicroelectronics.X-CUBE-AZRTOS-L4.2.0.0
2025-06-04 21:54:33,210 [WARN] ConditionMgr:1039 - genDependencies : Invalid condition id : LAN8742 Phy interface Condition cause : null
2025-06-04 21:54:33,210 [WARN] ConditionMgr:1039 - genDependencies : Invalid condition id : LAN8742 Phy interface Condition cause : null
2025-06-04 21:54:33,210 [WARN] ConditionMgr:1039 - genDependencies : Invalid condition id : LAN8742 Phy interface Condition cause : null
2025-06-04 21:54:33,236 [WARN] PackLoader:240 - Cannot read IP mode file for STMicroelectronics.X-CUBE-SFXS2LP1.4.0.0
2025-06-04 21:54:33,286 [WARN] PackLoader:240 - Cannot read IP mode file for STMicroelectronics.X-CUBE-AZRTOS-H7.3.3.0
2025-06-04 21:54:33,754 [WARN] PackLoader:240 - Cannot read IP mode file for STMicroelectronics.X-CUBE-IPS.3.0.0
2025-06-04 21:54:33,797 [WARN] ConditionMgr:438 - getConditionDescription Invalid condition id : UX DEVICE CLASS RTOS Condition cause : null
2025-06-04 21:54:33,798 [WARN] ConditionMgr:438 - getConditionDescription Invalid condition id : UX DEVICE CLASS RTOS Condition cause : null
2025-06-04 21:54:33,800 [WARN] PackLoader:240 - Cannot read IP mode file for STMicroelectronics.X-CUBE-AZRTOS-WB.2.0.0
2025-06-04 21:54:33,801 [WARN] ConditionMgr:1039 - genDependencies : Invalid condition id : UX DEVICE CLASS RTOS Condition cause : null
2025-06-04 21:54:33,801 [WARN] ConditionMgr:1039 - genDependencies : Invalid condition id : UX DEVICE CLASS RTOS Condition cause : null
2025-06-04 21:54:33,801 [WARN] ConditionMgr:1039 - genDependencies : Invalid condition id : UX DEVICE CLASS RTOS Condition cause : null
2025-06-04 21:54:33,803 [WARN] ConditionMgr:1039 - genDependencies : Invalid condition id : UX DEVICE CLASS RTOS Condition cause : null
2025-06-04 21:54:33,803 [WARN] ConditionMgr:1039 - genDependencies : Invalid condition id : UX DEVICE CLASS RTOS Condition cause : null
2025-06-04 21:54:33,822 [WARN] PackLoader:240 - Cannot read IP mode file for STMicroelectronics.X-CUBE-GNSS1.7.0.0
2025-06-04 21:54:33,840 [WARN] PackLoader:240 - Cannot read IP mode file for STMicroelectronics.X-CUBE-GNSS1.7.0.1
2025-06-04 21:54:33,859 [WARN] PackLoader:240 - Cannot read IP mode file for STMicroelectronics.X-CUBE-TOUCHGFX.4.25.0
2025-06-04 21:54:33,882 [WARN] PackLoader:240 - Cannot read IP mode file for STMicroelectronics.FP-SNS-STBOX1.2.0.0
2025-06-04 21:54:33,923 [WARN] PackLoader:240 - Cannot read IP mode file for STMicroelectronics.X-CUBE-SUBG2.5.0.0
2025-06-04 21:54:33,991 [WARN] PackLoader:240 - Cannot read IP mode file for STMicroelectronics.X-CUBE-AZRTOS-H7RS.1.1.0
2025-06-04 21:54:34,051 [WARN] PackLoader:240 - Cannot read IP mode file for STMicroelectronics.X-CUBE-AZRTOS-G4.2.0.0
2025-06-04 21:54:34,078 [WARN] PackLoader:240 - Cannot read IP mode file for STMicroelectronics.X-CUBE-NFC7.2.0.0
2025-06-04 21:54:34,100 [WARN] PackLoader:240 - Cannot read IP mode file for STMicroelectronics.X-CUBE-ISPU.2.0.0
2025-06-04 21:54:34,125 [ERROR] Engine:466 - C:\Users\dbank\.stm32cubemx\thirdparties\pdsc\STMicroelectronics.X-CUBE-IPS.3.1.0.pdsc: PDSC version is not supported
2025-06-04 21:54:34,156 [WARN] PackLoader:240 - Cannot read IP mode file for STMicroelectronics.X-CUBE-ALS.1.0.2
2025-06-04 21:54:34,224 [WARN] PackLoader:240 - Cannot read IP mode file for STMicroelectronics.X-CUBE-MEMS1.10.0.0
2025-06-04 21:54:34,390 [WARN] PackLoader:240 - Cannot read IP mode file for STMicroelectronics.X-CUBE-TOUCHGFX.4.24.0
2025-06-04 21:54:34,410 [WARN] PackLoader:240 - Cannot read IP mode file for STMicroelectronics.X-CUBE-TOUCHGFX.4.24.1
2025-06-04 21:54:34,431 [WARN] PackLoader:240 - Cannot read IP mode file for portGmbH.I-Cube-SoM-uGOAL.1.1.0
2025-06-04 21:54:34,450 [WARN] PackLoader:240 - Cannot read IP mode file for STMicroelectronics.X-CUBE-ALS.1.0.1
2025-06-04 21:54:34,496 [WARN] PackLoader:240 - Cannot read IP mode file for STMicroelectronics.X-CUBE-AZRTOS-H7RS.1.0.0
2025-06-04 21:54:34,521 [WARN] PackLoader:240 - Cannot read IP mode file for STMicroelectronics.FP-ATR-ASTRA1.2.0.0
2025-06-04 21:54:34,548 [WARN] PackLoader:240 - Cannot read IP mode file for STMicroelectronics.X-CUBE-TOF1.3.4.2
2025-06-04 21:54:34,582 [ERROR] Engine:466 - C:\Users\dbank\.stm32cubemx\thirdparties\pdsc\STMicroelectronics.X-CUBE-TOF1.3.4.3.pdsc: PDSC version is not supported
2025-06-04 21:54:34,607 [WARN] PackLoader:240 - Cannot read IP mode file for STMicroelectronics.X-CUBE-TOF1.3.4.1
2025-06-04 21:54:34,666 [WARN] PackLoader:240 - Cannot read IP mode file for STMicroelectronics.X-CUBE-AZRTOS-H7.3.2.0
2025-06-04 21:54:34,701 [WARN] PackLoader:240 - Cannot read IP mode file for Infineon.AIROC-Wi-Fi-Bluetooth-STM32.1.6.0
2025-06-04 21:54:34,724 [WARN] PackLoader:240 - Cannot read IP mode file for wolfSSL.I-CUBE-wolfSSH.1.4.17
2025-06-04 21:54:34,726 [INFO] ThirdParty:978 - Integrity check success = true
2025-06-04 21:54:34,726 [INFO] IntegrityCheckThread:100 - exiting critical section [integrity check]
2025-06-04 21:54:34,726 [INFO] IntegrityCheckThread:103 - End integrity checks thread
2025-06-04 21:54:36,736 [INFO] WebApp:161 - Instantiating new browser for Auth
2025-06-04 21:54:37,405 [INFO] WebApp:779 - Register for checkConnection events
2025-06-04 21:54:37,406 [INFO] WebApp:414 - Apply proxy settings
2025-06-04 21:54:37,406 [INFO] WebApp:499 - Chromium requires no authentication
2025-06-04 21:54:37,416 [INFO] WebApp:442 - Direct internet connection detected
2025-06-04 21:54:37,644 [INFO] WebApp:192 - Starting web application
2025-06-04 21:54:37,644 [INFO] WebApp:544 - Web application path used C:\ST\STM32CubeIDE_1.15.1\STM32CubeIDE\plugins\com.st.stm32cube.common.mx_6.11.1.202404110753\db\plugins\mcufinder\reactClient1\index.html
2025-06-04 22:22:20,447 [ERROR] LogOutputStream:75 - [STDERR_REDIRECT] 
2025-06-04 22:22:20,448 [ERROR] LogOutputStream:75 - [STDERR_REDIRECT] 
