2024-10-12 22:16:11,869 [INFO] Activator:176 - 


2024-10-12 22:16:11,877 [INFO] Activator:177 - !SESSION log4j initialized
2024-10-12 22:16:18,274 [INFO] LogOutputStream:77 - [STDOUT_REDIRECT] 
2024-10-12 22:16:21,775 [INFO] ApplicationProperties:184 - Using Application install path: C:\ST\STM32CubeIDE_1.15.1\STM32CubeIDE\plugins\com.st.stm32cube.common.mx_6.11.1.202404110753
2024-10-12 22:16:21,818 [INFO] DbMcusXml:78 - Set database path to: C:\ST\STM32CubeIDE_1.15.1\STM32CubeIDE\plugins\com.st.stm32cube.common.mx_6.11.1.202404110753\\db\/mcu/
2024-10-12 22:16:21,819 [INFO] ApiDb:274 - Set plugin database path to: C:\ST\STM32CubeIDE_1.15.1\STM32CubeIDE\plugins\com.st.stm32cube.common.mx_6.11.1.202404110753\\db\/plugins/boardmanager/
2024-10-12 22:16:21,821 [WARN] ApiDb:259 - Overriding images path with different value:  => C:\ST\STM32CubeIDE_1.15.1\STM32CubeIDE\plugins\com.st.stm32cube.common.mx_6.11.1.202404110753\\db\/plugins/mcufinder/images/
2024-10-12 22:16:21,841 [INFO] ApiDb:250 - Set database path to: C:\Users\dbank\.stmcufinder\plugins\mcufinder//mcu/
2024-10-12 22:16:21,843 [INFO] DbMcusAds:125 - Set database path to: C:\Users\dbank\.stmcufinder\plugins\mcufinder//mcu/
2024-10-12 22:16:21,847 [INFO] CrossReferenceDbSqlite:203 - Set database path to: C:\Users\dbank\.stmcufinder\plugins\mcufinder//mcu/cs/
2024-10-12 22:16:22,019 [INFO] RulesReader:64 - Compatibility file has been processed (297 Rules)
2024-10-12 22:16:22,143 [INFO] DbMcusXml:78 - Set database path to: C:\ST\STM32CubeIDE_1.15.1\STM32CubeIDE\plugins\com.st.stm32cube.common.mx_6.11.1.202404110753\\db\/mcu/
2024-10-12 22:16:22,143 [INFO] ApiDb:274 - Set plugin database path to: C:\ST\STM32CubeIDE_1.15.1\STM32CubeIDE\plugins\com.st.stm32cube.common.mx_6.11.1.202404110753\\db\/plugins/boardmanager/
2024-10-12 22:16:22,144 [INFO] ApiDb:261 - Set plugin images path to: C:\ST\STM32CubeIDE_1.15.1\STM32CubeIDE\plugins\com.st.stm32cube.common.mx_6.11.1.202404110753\\db\/plugins/mcufinder/images/
2024-10-12 22:16:22,144 [WARN] DbFile:41 - Overriding database path with different value: C:\Users\dbank\.stmcufinder\plugins\mcufinder/ => C:\Users\dbank\.stmcufinder\plugins\mcufinder
2024-10-12 22:16:22,144 [INFO] ApiDb:250 - Set database path to: C:\Users\dbank\.stmcufinder\plugins\mcufinder//mcu/
2024-10-12 22:16:22,144 [WARN] DbFile:41 - Overriding database path with different value: C:\Users\dbank\.stmcufinder\plugins\mcufinder/ => C:\Users\dbank\.stmcufinder\plugins\mcufinder
2024-10-12 22:16:22,144 [INFO] DbMcusAds:125 - Set database path to: C:\Users\dbank\.stmcufinder\plugins\mcufinder//mcu/
2024-10-12 22:16:22,144 [WARN] DbFile:41 - Overriding database path with different value: C:\Users\dbank\.stmcufinder\plugins\mcufinder/ => C:\Users\dbank\.stmcufinder\plugins\mcufinder
2024-10-12 22:16:22,144 [WARN] DbFile:41 - Overriding database path with different value: C:\Users\dbank\.stmcufinder\plugins\mcufinder/ => C:\Users\dbank\.stmcufinder\plugins\mcufinder
2024-10-12 22:16:22,144 [INFO] CrossReferenceDbSqlite:203 - Set database path to: C:\Users\dbank\.stmcufinder\plugins\mcufinder//mcu/cs/
2024-10-12 22:16:22,257 [INFO] MainPanel:264 - HeapMemory: 268435456
2024-10-12 22:16:22,393 [INFO] DbMcusXml:78 - Set database path to: C:\ST\STM32CubeIDE_1.15.1\STM32CubeIDE\plugins\com.st.stm32cube.common.mx_6.11.1.202404110753\\db\/mcu/
2024-10-12 22:16:22,393 [INFO] ApiDb:274 - Set plugin database path to: C:\ST\STM32CubeIDE_1.15.1\STM32CubeIDE\plugins\com.st.stm32cube.common.mx_6.11.1.202404110753\\db\/plugins/boardmanager/
2024-10-12 22:16:22,393 [INFO] ApiDb:261 - Set plugin images path to: C:\ST\STM32CubeIDE_1.15.1\STM32CubeIDE\plugins\com.st.stm32cube.common.mx_6.11.1.202404110753\\db\/plugins/mcufinder/images/
2024-10-12 22:16:22,395 [WARN] DbFile:41 - Overriding database path with different value: C:\Users\dbank\.stmcufinder\plugins\mcufinder/ => C:\Users\dbank\.stmcufinder\plugins\mcufinder
2024-10-12 22:16:22,395 [INFO] ApiDb:250 - Set database path to: C:\Users\dbank\.stmcufinder\plugins\mcufinder//mcu/
2024-10-12 22:16:22,395 [WARN] DbFile:41 - Overriding database path with different value: C:\Users\dbank\.stmcufinder\plugins\mcufinder/ => C:\Users\dbank\.stmcufinder\plugins\mcufinder
2024-10-12 22:16:22,395 [INFO] DbMcusAds:125 - Set database path to: C:\Users\dbank\.stmcufinder\plugins\mcufinder//mcu/
2024-10-12 22:16:22,395 [WARN] DbFile:41 - Overriding database path with different value: C:\Users\dbank\.stmcufinder\plugins\mcufinder/ => C:\Users\dbank\.stmcufinder\plugins\mcufinder
2024-10-12 22:16:22,395 [WARN] DbFile:41 - Overriding database path with different value: C:\Users\dbank\.stmcufinder\plugins\mcufinder/ => C:\Users\dbank\.stmcufinder\plugins\mcufinder
2024-10-12 22:16:22,395 [INFO] CrossReferenceDbSqlite:203 - Set database path to: C:\Users\dbank\.stmcufinder\plugins\mcufinder//mcu/cs/
2024-10-12 22:16:22,422 [INFO] ApplicationProperties:184 - Using Application install path: C:\ST\STM32CubeIDE_1.15.1\STM32CubeIDE\plugins\com.st.stm32cube.common.mx_6.11.1.202404110753
2024-10-12 22:16:22,424 [INFO] PluginManage:196 - Search for loadable plugins [exclusion list=, ]
2024-10-12 22:16:22,427 [INFO] PluginManage:310 - Check plugin analytics
2024-10-12 22:16:22,763 [INFO] AnalyticsPlugin:253 - Accepted Software Licenses: STM32CubeMX.6.11.1
2024-10-12 22:16:22,764 [INFO] AnalyticsPlugin:255 - Accepted CMSIS Pack Licenses: STMicroelectronics.X-CUBE-AZRTOS-H7.3.3.0
2024-10-12 22:16:22,764 [INFO] AnalyticsPlugin:257 - Accepted Firmware Licenses: FW.H7.1.11.0,FW.H7.1.10.0,FW.L4.1.18.0,FW.F4.1.28.0
2024-10-12 22:16:22,767 [INFO] PluginManage:359 - Loaded plugin analytics (category:tool,tabindex:-1)
2024-10-12 22:16:22,767 [INFO] PluginManage:310 - Check plugin cadmodel
2024-10-12 22:16:22,790 [INFO] CADModel:105 - Init CAD model plugin
2024-10-12 22:16:22,790 [INFO] PluginManage:359 - Loaded plugin cadmodel (category:power,tabindex:5)
2024-10-12 22:16:22,790 [INFO] PluginManage:310 - Check plugin clock
2024-10-12 22:16:22,822 [INFO] PluginManage:359 - Loaded plugin clock (category:base,tabindex:2)
2024-10-12 22:16:22,822 [INFO] PluginManage:310 - Check plugin ddr
2024-10-12 22:16:22,825 [INFO] PluginManage:359 - Loaded plugin ddr (category:tool,tabindex:6)
2024-10-12 22:16:22,826 [INFO] PluginManage:310 - Check plugin filemanager
2024-10-12 22:16:23,091 [INFO] PluginManage:359 - Loaded plugin filemanager (category:base,tabindex:10)
2024-10-12 22:16:23,091 [INFO] PluginManage:310 - Check plugin ipmanager
2024-10-12 22:16:23,105 [INFO] PluginManage:359 - Loaded plugin ipmanager (category:base,tabindex:5)
2024-10-12 22:16:23,106 [INFO] PluginManage:310 - Check plugin lpbam
2024-10-12 22:16:23,139 [INFO] PluginManage:359 - Loaded plugin lpbam (category:base,tabindex:0)
2024-10-12 22:16:23,139 [INFO] PluginManage:310 - Check plugin memorymap
2024-10-12 22:16:23,198 [INFO] PluginManage:359 - Loaded plugin memorymap (category:base,tabindex:4)
2024-10-12 22:16:23,198 [INFO] PluginManage:310 - Check plugin pinoutandconfiguration
2024-10-12 22:16:23,232 [INFO] PluginManage:359 - Loaded plugin pinoutandconfiguration (category:base,tabindex:1)
2024-10-12 22:16:23,232 [INFO] PluginManage:310 - Check plugin pinoutconfig
2024-10-12 22:16:23,392 [WARN] SupportedApi:132 - Cannot load RTOS API schema: s4s-elt-must-match.1: The content of 'definitions' must match (annotation?, (simpleType | complexType)?, (unique | key | keyref)*)). A problem was found starting at: attribute.
2024-10-12 22:16:23,686 [INFO] PluginManage:359 - Loaded plugin pinoutconfig (category:base,tabindex:0)
2024-10-12 22:16:23,686 [INFO] PluginManage:310 - Check plugin power
2024-10-12 22:16:23,721 [INFO] PluginManage:359 - Loaded plugin power (category:power,tabindex:4)
2024-10-12 22:16:23,722 [INFO] PluginManage:310 - Check plugin projectmanager
2024-10-12 22:16:23,749 [INFO] PluginManage:359 - Loaded plugin projectmanager (category:projectmanager,tabindex:3)
2024-10-12 22:16:23,749 [INFO] PluginManage:310 - Check plugin thirdparty
2024-10-12 22:16:24,191 [WARN] IntegrityCheckThread:84 - waiting for thirdparty lock release [integrity check]
2024-10-12 22:16:24,192 [INFO] IntegrityCheckThread:86 - entering critical section [integrity check]
2024-10-12 22:16:24,192 [INFO] PluginManage:359 - Loaded plugin thirdparty (category:base,tabindex:-1)
2024-10-12 22:16:24,192 [INFO] PluginManage:310 - Check plugin tools
2024-10-12 22:16:24,193 [INFO] ThirdPartyUpdaterWithRetryManager:70 - Updater plugin not ready yet. [1/15]
2024-10-12 22:16:24,251 [INFO] PluginManage:359 - Loaded plugin tools (category:base,tabindex:7)
2024-10-12 22:16:24,251 [INFO] PluginManage:310 - Check plugin tutovideos
2024-10-12 22:16:24,481 [INFO] PluginManage:359 - Loaded plugin tutovideos (category:base,tabindex:-1)
2024-10-12 22:16:24,481 [INFO] PluginManage:310 - Check plugin updater
2024-10-12 22:16:24,497 [INFO] PluginManage:359 - Loaded plugin updater (category:base,tabindex:12)
2024-10-12 22:16:24,497 [INFO] PluginManage:310 - Check plugin userauth
2024-10-12 22:16:24,506 [INFO] UserAuth:114 - Init User Auth plugin
2024-10-12 22:16:24,506 [INFO] PluginManage:359 - Loaded plugin userauth (category:base,tabindex:14)
2024-10-12 22:16:24,507 [INFO] PluginManage:283 - PluginManage : Loaded plugins [17]
2024-10-12 22:16:24,796 [INFO] PinOutPanel:1561 - setPackage(No Configuration,No Configuration)
2024-10-12 22:16:24,958 [INFO] CADModel:165 - CPN selected for project level
2024-10-12 22:16:24,959 [INFO] CADModel:114 - Register for checkConnection events
2024-10-12 22:16:25,004 [INFO] IPUIPlugin:80 - create IPUIPlugin
2024-10-12 22:16:25,004 [INFO] PluginManager:220 - loadIPPluginJar : add adc
2024-10-12 22:16:25,061 [INFO] IPUIPlugin:80 - create IPUIPlugin
2024-10-12 22:16:25,062 [INFO] PluginManager:220 - loadIPPluginJar : add aes
2024-10-12 22:16:25,136 [INFO] IPUIPlugin:80 - create IPUIPlugin
2024-10-12 22:16:25,136 [INFO] PluginManager:220 - loadIPPluginJar : add can
2024-10-12 22:16:25,183 [INFO] IPUIPlugin:80 - create IPUIPlugin
2024-10-12 22:16:25,183 [INFO] PluginManager:220 - loadIPPluginJar : add comp
2024-10-12 22:16:25,244 [INFO] IPUIPlugin:80 - create IPUIPlugin
2024-10-12 22:16:25,244 [INFO] PluginManager:220 - loadIPPluginJar : add cryp
2024-10-12 22:16:25,298 [INFO] IPUIPlugin:80 - create IPUIPlugin
2024-10-12 22:16:25,299 [INFO] PluginManager:220 - loadIPPluginJar : add dfsdm
2024-10-12 22:16:25,325 [INFO] IPUIPlugin:80 - create IPUIPlugin
2024-10-12 22:16:25,327 [INFO] PluginManager:220 - loadIPPluginJar : add dma
2024-10-12 22:16:25,403 [INFO] IPUIPlugin:80 - create IPUIPlugin
2024-10-12 22:16:25,404 [INFO] PluginManager:220 - loadIPPluginJar : add dma3
2024-10-12 22:16:25,493 [INFO] IPUIPlugin:80 - create IPUIPlugin
2024-10-12 22:16:25,493 [INFO] PluginManager:220 - loadIPPluginJar : add extmemmanager
2024-10-12 22:16:25,536 [INFO] IPUIPlugin:80 - create IPUIPlugin
2024-10-12 22:16:25,536 [INFO] PluginManager:220 - loadIPPluginJar : add fatfs
2024-10-12 22:16:25,632 [INFO] IPUIPlugin:80 - create IPUIPlugin
2024-10-12 22:16:25,632 [INFO] PluginManager:220 - loadIPPluginJar : add fmc
2024-10-12 22:16:25,657 [INFO] IPUIPlugin:80 - create IPUIPlugin
2024-10-12 22:16:25,657 [INFO] PluginManager:220 - loadIPPluginJar : add freertos
2024-10-12 22:16:25,697 [INFO] IPUIPlugin:80 - create IPUIPlugin
2024-10-12 22:16:25,698 [INFO] PluginManager:220 - loadIPPluginJar : add genericplugin
2024-10-12 22:16:25,858 [INFO] IPUIPlugin:80 - create IPUIPlugin
2024-10-12 22:16:25,858 [INFO] PluginManager:220 - loadIPPluginJar : add gfxmmu
2024-10-12 22:16:26,093 [INFO] IPUIPlugin:80 - create IPUIPlugin
2024-10-12 22:16:26,094 [INFO] PluginManager:220 - loadIPPluginJar : add gic
2024-10-12 22:16:26,111 [INFO] IPUIPlugin:80 - create IPUIPlugin
2024-10-12 22:16:26,112 [INFO] PluginManager:220 - loadIPPluginJar : add gpio
2024-10-12 22:16:26,271 [INFO] IPUIPlugin:80 - create IPUIPlugin
2024-10-12 22:16:26,271 [INFO] PluginManager:220 - loadIPPluginJar : add gtzc
2024-10-12 22:16:26,324 [INFO] IPUIPlugin:80 - create IPUIPlugin
2024-10-12 22:16:26,324 [INFO] PluginManager:220 - loadIPPluginJar : add hash
2024-10-12 22:16:26,401 [INFO] IPUIPlugin:80 - create IPUIPlugin
2024-10-12 22:16:26,402 [INFO] PluginManager:220 - loadIPPluginJar : add i2c
2024-10-12 22:16:26,452 [INFO] IPUIPlugin:80 - create IPUIPlugin
2024-10-12 22:16:26,452 [INFO] PluginManager:220 - loadIPPluginJar : add i2s
2024-10-12 22:16:26,507 [INFO] IPUIPlugin:80 - create IPUIPlugin
2024-10-12 22:16:26,507 [INFO] PluginManager:220 - loadIPPluginJar : add i3c
2024-10-12 22:16:26,657 [INFO] IPUIPlugin:80 - create IPUIPlugin
2024-10-12 22:16:26,657 [INFO] PluginManager:220 - loadIPPluginJar : add ipddr
2024-10-12 22:16:26,792 [INFO] IPUIPlugin:80 - create IPUIPlugin
2024-10-12 22:16:26,792 [INFO] PluginManager:220 - loadIPPluginJar : add linkedlist
2024-10-12 22:16:26,840 [INFO] IPUIPlugin:80 - create IPUIPlugin
2024-10-12 22:16:26,840 [INFO] PluginManager:220 - loadIPPluginJar : add lorawan
2024-10-12 22:16:26,903 [INFO] IPUIPlugin:80 - create IPUIPlugin
2024-10-12 22:16:26,903 [INFO] PluginManager:220 - loadIPPluginJar : add ltdc
2024-10-12 22:16:26,924 [INFO] IPUIPlugin:80 - create IPUIPlugin
2024-10-12 22:16:26,924 [INFO] PluginManager:220 - loadIPPluginJar : add mdma
2024-10-12 22:16:26,940 [INFO] IPUIPlugin:80 - create IPUIPlugin
2024-10-12 22:16:26,941 [INFO] PluginManager:220 - loadIPPluginJar : add nvic
2024-10-12 22:16:27,004 [INFO] IPUIPlugin:80 - create IPUIPlugin
2024-10-12 22:16:27,004 [INFO] PluginManager:220 - loadIPPluginJar : add opamp
2024-10-12 22:16:27,106 [INFO] IPUIPlugin:80 - create IPUIPlugin
2024-10-12 22:16:27,106 [INFO] PluginManager:220 - loadIPPluginJar : add openamp
2024-10-12 22:16:27,182 [INFO] IPUIPlugin:80 - create IPUIPlugin
2024-10-12 22:16:27,182 [INFO] PluginManager:220 - loadIPPluginJar : add pdm2pcm
2024-10-12 22:16:27,195 [INFO] ThirdPartyUpdaterWithRetryManager:70 - Updater plugin not ready yet. [2/15]
2024-10-12 22:16:27,207 [INFO] IPUIPlugin:80 - create IPUIPlugin
2024-10-12 22:16:27,211 [INFO] PluginManager:220 - loadIPPluginJar : add plateformsettings
2024-10-12 22:16:27,252 [INFO] IPUIPlugin:80 - create IPUIPlugin
2024-10-12 22:16:27,252 [INFO] PluginManager:220 - loadIPPluginJar : add quadspi
2024-10-12 22:16:27,273 [INFO] IPUIPlugin:80 - create IPUIPlugin
2024-10-12 22:16:27,273 [INFO] PluginManager:220 - loadIPPluginJar : add resmgrutility
2024-10-12 22:16:27,349 [INFO] IPUIPlugin:80 - create IPUIPlugin
2024-10-12 22:16:27,350 [INFO] PluginManager:220 - loadIPPluginJar : add sai
2024-10-12 22:16:27,412 [INFO] IPUIPlugin:80 - create IPUIPlugin
2024-10-12 22:16:27,412 [INFO] PluginManager:220 - loadIPPluginJar : add spi
2024-10-12 22:16:27,531 [INFO] IPUIPlugin:80 - create IPUIPlugin
2024-10-12 22:16:27,531 [INFO] PluginManager:220 - loadIPPluginJar : add stm32_wpan
2024-10-12 22:16:27,570 [INFO] IPUIPlugin:80 - create IPUIPlugin
2024-10-12 22:16:27,570 [INFO] PluginManager:220 - loadIPPluginJar : add tim
2024-10-12 22:16:27,660 [INFO] IPUIPlugin:80 - create IPUIPlugin
2024-10-12 22:16:27,660 [INFO] PluginManager:220 - loadIPPluginJar : add touchsensing
2024-10-12 22:16:27,694 [INFO] IPUIPlugin:80 - create IPUIPlugin
2024-10-12 22:16:27,694 [INFO] PluginManager:220 - loadIPPluginJar : add tracer_emb
2024-10-12 22:16:27,728 [INFO] IPUIPlugin:80 - create IPUIPlugin
2024-10-12 22:16:27,728 [INFO] PluginManager:220 - loadIPPluginJar : add ts
2024-10-12 22:16:27,770 [INFO] IPUIPlugin:80 - create IPUIPlugin
2024-10-12 22:16:27,771 [INFO] PluginManager:220 - loadIPPluginJar : add tsc
2024-10-12 22:16:27,801 [INFO] IPUIPlugin:80 - create IPUIPlugin
2024-10-12 22:16:27,802 [INFO] PluginManager:220 - loadIPPluginJar : add ucpd
2024-10-12 22:16:27,887 [INFO] IPUIPlugin:80 - create IPUIPlugin
2024-10-12 22:16:27,887 [INFO] PluginManager:220 - loadIPPluginJar : add usart
2024-10-12 22:16:27,976 [INFO] IPUIPlugin:80 - create IPUIPlugin
2024-10-12 22:16:27,976 [INFO] PluginManager:220 - loadIPPluginJar : add usbx
2024-10-12 22:16:28,169 [INFO] CADModel:165 - CPN selected for project level
2024-10-12 22:16:28,170 [INFO] CADModel:114 - Register for checkConnection events
2024-10-12 22:16:28,170 [FATAL] Updater:308 - Updater called before beeing initialized
2024-10-12 22:16:28,170 [ERROR] CADModel:125 - Updater not yet initialized, retry later 
2024-10-12 22:16:28,412 [INFO] CADModel:165 - CPN selected for project level
2024-10-12 22:16:28,412 [INFO] CADModel:114 - Register for checkConnection events
2024-10-12 22:16:28,412 [FATAL] Updater:308 - Updater called before beeing initialized
2024-10-12 22:16:28,412 [ERROR] CADModel:125 - Updater not yet initialized, retry later 
2024-10-12 22:16:28,417 [FATAL] Updater:308 - Updater called before beeing initialized
2024-10-12 22:16:28,598 [FATAL] Updater:308 - Updater called before beeing initialized
2024-10-12 22:16:28,626 [INFO] DbMcusAds:53 - JSON generation date=Fri Sep 20 15:04:38 CEST 2024 (1726837478367)
2024-10-12 22:16:28,627 [FATAL] Updater:308 - Updater called before beeing initialized
2024-10-12 22:16:28,777 [WARN] DetailPanel:346 - Failed to get advertising image, set to default
2024-10-12 22:16:28,921 [FATAL] Updater:308 - Updater called before beeing initialized
2024-10-12 22:16:28,925 [FATAL] Updater:308 - Updater called before beeing initialized
2024-10-12 22:16:28,925 [FATAL] Updater:308 - Updater called before beeing initialized
2024-10-12 22:16:28,925 [WARN] DetailPanel:346 - Failed to get advertising image, set to default
2024-10-12 22:16:28,926 [FATAL] Updater:308 - Updater called before beeing initialized
2024-10-12 22:16:29,031 [ERROR] Updater:1120 - MainUpdater not yet initialized. External WinMGr cannot be set.
2024-10-12 22:16:29,049 [INFO] Updater:1056 - Updater Version found : 6.11.1
2024-10-12 22:16:29,085 [INFO] ApplicationProperties:184 - Using Application install path: C:\ST\STM32CubeIDE_1.15.1\STM32CubeIDE\plugins\com.st.stm32cube.common.mx_6.11.1.202404110753
2024-10-12 22:16:30,198 [INFO] ThirdPartyUpdaterWithRetryManager:70 - Updater plugin not ready yet. [3/15]
2024-10-12 22:16:30,723 [ERROR] LogOutputStream:75 - [STDERR_REDIRECT] Oct 12, 2024 10:16:30 PM java.util.prefs.WindowsPreferences <init>
2024-10-12 22:16:30,726 [ERROR] LogOutputStream:75 - [STDERR_REDIRECT] WARNING: Could not open/create prefs root node Software\JavaSoft\Prefs at root 0xffffffff80000002. Windows RegCreateKeyEx(...) returned error code 5.
2024-10-12 22:16:30,726 [ERROR] LogOutputStream:75 - [STDERR_REDIRECT] 
2024-10-12 22:16:31,377 [INFO] MainUpdater:2873 - connection check result : 10
2024-10-12 22:16:31,379 [INFO] MainUpdater:290 - Updater Check For Update Now.
2024-10-12 22:16:31,379 [INFO] MicroXplorer:498 - Change Database Version : DB.6.0.111
2024-10-12 22:16:31,403 [INFO] McuFinderGlobals:63 - Set McuFinder mode to 2 (CubeIDE integrated)
2024-10-12 22:16:31,420 [INFO] UserAuth:415 - Internet connection configuration mode: 1
2024-10-12 22:16:31,458 [INFO] JxBrowserEngine:152 - Initiate JxBrowser Engine with user profile folder
2024-10-12 22:16:31,683 [INFO] CheckServerUpdateThread:120 - End of CheckServer Thread
2024-10-12 22:16:33,597 [WARN] PackLoader:240 - Cannot read IP mode file for STMicroelectronics.FP-SNS-MOTENVWB1.1.4.0
2024-10-12 22:16:33,628 [WARN] PackLoader:240 - Cannot read IP mode file for STMicroelectronics.X-CUBE-SMBUS.2.1.0
2024-10-12 22:16:33,658 [WARN] PackLoader:240 - Cannot read IP mode file for STMicroelectronics.X-CUBE-WB05N.1.1.0
2024-10-12 22:16:33,679 [WARN] PackLoader:240 - Cannot read IP mode file for STMicroelectronics.X-CUBE-TOUCHGFX.4.23.2
2024-10-12 22:16:33,742 [WARN] PackLoader:240 - Cannot read IP mode file for STMicroelectronics.X-CUBE-AZRTOS-F7.1.1.0
2024-10-12 22:16:33,871 [WARN] PackLoader:240 - Cannot read IP mode file for STMicroelectronics.X-CUBE-MEMS1.11.0.0
2024-10-12 22:16:34,085 [WARN] PackLoader:240 - Cannot read IP mode file for STMicroelectronics.FP-SNS-FLIGHT1.5.0.2
2024-10-12 22:16:34,108 [WARN] PackLoader:240 - Cannot read IP mode file for STMicroelectronics.X-CUBE-DISPLAY.3.0.0
2024-10-12 22:16:34,136 [WARN] PackLoader:240 - Cannot read IP mode file for STMicroelectronics.X-CUBE-BLE1.7.0.0
2024-10-12 22:16:34,156 [WARN] PackLoader:240 - Cannot read IP mode file for STMicroelectronics.X-CUBE-NFC10.1.0.0
2024-10-12 22:16:34,176 [WARN] PackLoader:240 - Cannot read IP mode file for emotas.I-CUBE-CANOPEN.1.3.0
2024-10-12 22:16:34,200 [WARN] PackLoader:240 - Cannot read IP mode file for STMicroelectronics.X-CUBE-BLEMGR.3.1.0
2024-10-12 22:16:34,221 [WARN] PackLoader:240 - Cannot read IP mode file for STMicroelectronics.FP-SNS-SMARTAG2.1.2.0
2024-10-12 22:16:34,258 [INFO] LogOutputStream:77 - [STDOUT_REDIRECT] 1 : Invalid condition id : UX_CORESTACK_Condition cause : null
2024-10-12 22:16:34,259 [INFO] LogOutputStream:77 - [STDOUT_REDIRECT] 1 : Invalid condition id : UX_CORESTACK_Condition cause : null
2024-10-12 22:16:34,261 [INFO] LogOutputStream:77 - [STDOUT_REDIRECT] 1 : Invalid condition id : UX_CORESTACK_Condition cause : null
2024-10-12 22:16:34,263 [INFO] LogOutputStream:77 - [STDOUT_REDIRECT] 1 : Invalid condition id : UX_CORESTACK_Condition cause : null
2024-10-12 22:16:34,264 [INFO] LogOutputStream:77 - [STDOUT_REDIRECT] 1 : Invalid condition id : UX_CORESTACK_Condition cause : null
2024-10-12 22:16:34,267 [WARN] PackLoader:240 - Cannot read IP mode file for STMicroelectronics.X-CUBE-AZRTOS-WL.2.0.0
2024-10-12 22:16:34,292 [WARN] PackLoader:240 - Cannot read IP mode file for STMicroelectronics.FP-SNS-MOTENV1.5.0.0
2024-10-12 22:16:34,315 [WARN] PackLoader:240 - Cannot read IP mode file for wolfSSL.I-CUBE-wolfMQTT.1.19.0
2024-10-12 22:16:34,343 [WARN] PackLoader:240 - Cannot read IP mode file for WES.I-CUBE-Cesium.1.3.0
2024-10-12 22:16:34,367 [WARN] PackLoader:240 - Cannot read IP mode file for STMicroelectronics.X-CUBE-BLE2.3.3.0
2024-10-12 22:16:34,390 [WARN] PackLoader:240 - Cannot read IP mode file for STMicroelectronics.X-CUBE-NFC9.1.0.0
2024-10-12 22:16:34,415 [WARN] PackLoader:240 - Cannot read IP mode file for STMicroelectronics.X-CUBE-TCPP.4.1.0
2024-10-12 22:16:34,442 [WARN] PackLoader:240 - Cannot read IP mode file for STMicroelectronics.X-CUBE-ALGOBUILD.1.3.0
2024-10-12 22:16:34,485 [WARN] PackLoader:240 - Cannot read IP mode file for STMicroelectronics.X-CUBE-AZRTOS-G0.1.1.0
2024-10-12 22:16:34,511 [WARN] PackLoader:240 - Cannot read IP mode file for STMicroelectronics.X-CUBE-SAFEA1.1.2.2
2024-10-12 22:16:34,534 [WARN] PackLoader:240 - Cannot read IP mode file for STMicroelectronics.X-CUBE-NFC4.3.0.0
2024-10-12 22:16:34,563 [WARN] PackLoader:240 - Cannot read IP mode file for EmbeddedOffice.I-CUBE-FS-RTOS.1.0.1
2024-10-12 22:16:34,563 [ERROR] ConditionMgr:805 - Attr not supported : Dmpu
2024-10-12 22:16:34,564 [ERROR] ConditionMgr:805 - Attr not supported : Dmpu
2024-10-12 22:16:34,564 [ERROR] ConditionMgr:805 - Attr not supported : Dmpu
2024-10-12 22:16:34,564 [ERROR] ConditionMgr:805 - Attr not supported : Dmpu
2024-10-12 22:16:34,564 [ERROR] ConditionMgr:805 - Attr not supported : Dmpu
2024-10-12 22:16:34,564 [ERROR] ConditionMgr:805 - Attr not supported : Dmpu
2024-10-12 22:16:34,564 [ERROR] ConditionMgr:805 - Attr not supported : Dmpu
2024-10-12 22:16:34,564 [ERROR] ConditionMgr:805 - Attr not supported : Dmpu
2024-10-12 22:16:34,564 [ERROR] ConditionMgr:805 - Attr not supported : Dmpu
2024-10-12 22:16:34,564 [ERROR] ConditionMgr:805 - Attr not supported : Dmpu
2024-10-12 22:16:34,564 [ERROR] ConditionMgr:805 - Attr not supported : Dmpu
2024-10-12 22:16:34,564 [ERROR] ConditionMgr:805 - Attr not supported : Dmpu
2024-10-12 22:16:34,565 [ERROR] ConditionMgr:805 - Attr not supported : Dmpu
2024-10-12 22:16:34,565 [ERROR] ConditionMgr:805 - Attr not supported : Dmpu
2024-10-12 22:16:34,565 [ERROR] ConditionMgr:805 - Attr not supported : Dmpu
2024-10-12 22:16:34,565 [ERROR] ConditionMgr:805 - Attr not supported : Dmpu
2024-10-12 22:16:34,565 [ERROR] ConditionMgr:805 - Attr not supported : Dmpu
2024-10-12 22:16:34,565 [ERROR] ConditionMgr:805 - Attr not supported : Dmpu
2024-10-12 22:16:34,565 [ERROR] ConditionMgr:805 - Attr not supported : Dmpu
2024-10-12 22:16:34,565 [ERROR] ConditionMgr:805 - Attr not supported : Dmpu
2024-10-12 22:16:34,565 [ERROR] ConditionMgr:805 - Attr not supported : Dmpu
2024-10-12 22:16:34,566 [ERROR] ConditionMgr:805 - Attr not supported : Dmpu
2024-10-12 22:16:34,566 [ERROR] ConditionMgr:805 - Attr not supported : Dmpu
2024-10-12 22:16:34,566 [ERROR] ConditionMgr:805 - Attr not supported : Dmpu
2024-10-12 22:16:34,566 [ERROR] ConditionMgr:805 - Attr not supported : Dmpu
2024-10-12 22:16:34,566 [ERROR] ConditionMgr:805 - Attr not supported : Dmpu
2024-10-12 22:16:34,567 [ERROR] ConditionMgr:805 - Attr not supported : Dmpu
2024-10-12 22:16:34,567 [ERROR] ConditionMgr:805 - Attr not supported : Dmpu
2024-10-12 22:16:34,567 [ERROR] ConditionMgr:805 - Attr not supported : Dmpu
2024-10-12 22:16:34,567 [ERROR] ConditionMgr:805 - Attr not supported : Dmpu
2024-10-12 22:16:34,567 [ERROR] ConditionMgr:805 - Attr not supported : Dmpu
2024-10-12 22:16:34,567 [ERROR] ConditionMgr:805 - Attr not supported : Dmpu
2024-10-12 22:16:34,567 [ERROR] ConditionMgr:805 - Attr not supported : Dmpu
2024-10-12 22:16:34,567 [ERROR] ConditionMgr:805 - Attr not supported : Dmpu
2024-10-12 22:16:34,568 [ERROR] ConditionMgr:805 - Attr not supported : Dmpu
2024-10-12 22:16:34,568 [ERROR] ConditionMgr:805 - Attr not supported : Dmpu
2024-10-12 22:16:34,568 [ERROR] ConditionMgr:805 - Attr not supported : Dmpu
2024-10-12 22:16:34,568 [ERROR] ConditionMgr:805 - Attr not supported : Dmpu
2024-10-12 22:16:34,568 [ERROR] ConditionMgr:805 - Attr not supported : Dmpu
2024-10-12 22:16:34,570 [ERROR] ConditionMgr:805 - Attr not supported : Dmpu
2024-10-12 22:16:34,570 [ERROR] ConditionMgr:805 - Attr not supported : Dmpu
2024-10-12 22:16:34,570 [ERROR] ConditionMgr:805 - Attr not supported : Dmpu
2024-10-12 22:16:34,570 [ERROR] ConditionMgr:805 - Attr not supported : Dmpu
2024-10-12 22:16:34,571 [ERROR] ConditionMgr:805 - Attr not supported : Dmpu
2024-10-12 22:16:34,571 [ERROR] ConditionMgr:805 - Attr not supported : Dmpu
2024-10-12 22:16:34,571 [ERROR] ConditionMgr:805 - Attr not supported : Dmpu
2024-10-12 22:16:34,571 [ERROR] ConditionMgr:805 - Attr not supported : Dmpu
2024-10-12 22:16:34,571 [ERROR] ConditionMgr:805 - Attr not supported : Dmpu
2024-10-12 22:16:34,572 [ERROR] ConditionMgr:805 - Attr not supported : Dmpu
2024-10-12 22:16:34,572 [ERROR] ConditionMgr:805 - Attr not supported : Dmpu
2024-10-12 22:16:34,572 [ERROR] ConditionMgr:805 - Attr not supported : Dmpu
2024-10-12 22:16:34,572 [ERROR] ConditionMgr:805 - Attr not supported : Dmpu
2024-10-12 22:16:34,572 [ERROR] ConditionMgr:805 - Attr not supported : Dmpu
2024-10-12 22:16:34,572 [ERROR] ConditionMgr:805 - Attr not supported : Dmpu
2024-10-12 22:16:34,572 [ERROR] ConditionMgr:805 - Attr not supported : Dmpu
2024-10-12 22:16:34,572 [ERROR] ConditionMgr:805 - Attr not supported : Dmpu
2024-10-12 22:16:34,572 [ERROR] ConditionMgr:805 - Attr not supported : Dmpu
2024-10-12 22:16:34,572 [ERROR] ConditionMgr:805 - Attr not supported : Dmpu
2024-10-12 22:16:34,572 [ERROR] ConditionMgr:805 - Attr not supported : Dmpu
2024-10-12 22:16:34,572 [ERROR] ConditionMgr:805 - Attr not supported : Dmpu
2024-10-12 22:16:34,572 [ERROR] ConditionMgr:805 - Attr not supported : Dmpu
2024-10-12 22:16:34,573 [ERROR] ConditionMgr:805 - Attr not supported : Dmpu
2024-10-12 22:16:34,573 [ERROR] ConditionMgr:805 - Attr not supported : Dmpu
2024-10-12 22:16:34,573 [ERROR] ConditionMgr:805 - Attr not supported : Dmpu
2024-10-12 22:16:34,597 [WARN] PackLoader:240 - Cannot read IP mode file for RealThread.X-CUBE-RT-Thread_Nano.4.1.1
2024-10-12 22:16:34,620 [WARN] PackLoader:240 - Cannot read IP mode file for wolfSSL.I-CUBE-wolfSSL.5.7.0
2024-10-12 22:16:34,637 [WARN] PackLoader:240 - Cannot read IP mode file for STMicroelectronics.FP-ATR-SIGFOX1.3.2.0
2024-10-12 22:16:34,662 [WARN] PackLoader:240 - Cannot read IP mode file for STMicroelectronics.X-CUBE-EEPRMA1.5.1.0
2024-10-12 22:16:34,684 [WARN] PackLoader:240 - Cannot read IP mode file for ITTIA_DB.I-CUBE-ITTIADB.8.9.0
2024-10-12 22:16:34,735 [WARN] PackLoader:240 - Cannot read IP mode file for SEGGER.I-CUBE-embOS.1.3.1
2024-10-12 22:16:34,811 [WARN] PackLoader:240 - Cannot read IP mode file for STMicroelectronics.X-CUBE-ALGOBUILD.1.4.0
2024-10-12 22:16:34,832 [WARN] PackLoader:240 - Cannot read IP mode file for STMicroelectronics.X-CUBE-AI.9.1.0
2024-10-12 22:16:34,857 [WARN] PackLoader:240 - Cannot read IP mode file for STMicroelectronics.X-CUBE-GNSS1.6.0.0
2024-10-12 22:16:34,893 [WARN] PackLoader:240 - Cannot read IP mode file for STMicroelectronics.X-CUBE-AZRTOS-F4.1.1.0
2024-10-12 22:16:34,917 [WARN] PackLoader:240 - Cannot read IP mode file for STMicroelectronics.X-CUBE-ISPU.2.1.0
2024-10-12 22:16:34,939 [WARN] PackLoader:240 - Cannot read IP mode file for STMicroelectronics.X-CUBE-FREERTOS.1.2.0
2024-10-12 22:16:34,984 [WARN] PackLoader:240 - Cannot read IP mode file for STMicroelectronics.X-CUBE-AZRTOS-L5.2.0.0
2024-10-12 22:16:35,014 [WARN] PackLoader:240 - Cannot read IP mode file for STMicroelectronics.X-CUBE-NFC6.3.1.0
2024-10-12 22:16:35,034 [WARN] PackLoader:240 - Cannot read IP mode file for STMicroelectronics.X-CUBE-DPower.1.2.0
2024-10-12 22:16:35,055 [WARN] PackLoader:240 - Cannot read IP mode file for STMicroelectronics.X-CUBE-AI.9.0.0
2024-10-12 22:16:35,077 [WARN] PackLoader:240 - Cannot read IP mode file for STMicroelectronics.X-CUBE-NFC7.1.0.1
2024-10-12 22:16:35,095 [WARN] PackLoader:240 - Cannot read IP mode file for wolfSSL.I-CUBE-wolfTPM.3.2.0
2024-10-12 22:16:35,138 [WARN] ConditionMgr:438 - getConditionDescription Invalid condition id : LAN8742 Phy interface Condition cause : null
2024-10-12 22:16:35,139 [WARN] PackLoader:240 - Cannot read IP mode file for STMicroelectronics.X-CUBE-AZRTOS-L4.2.0.0
2024-10-12 22:16:35,141 [WARN] ConditionMgr:1039 - genDependencies : Invalid condition id : LAN8742 Phy interface Condition cause : null
2024-10-12 22:16:35,142 [WARN] ConditionMgr:1039 - genDependencies : Invalid condition id : LAN8742 Phy interface Condition cause : null
2024-10-12 22:16:35,142 [WARN] ConditionMgr:1039 - genDependencies : Invalid condition id : LAN8742 Phy interface Condition cause : null
2024-10-12 22:16:35,170 [WARN] PackLoader:240 - Cannot read IP mode file for STMicroelectronics.X-CUBE-SFXS2LP1.4.0.0
2024-10-12 22:16:35,218 [WARN] PackLoader:240 - Cannot read IP mode file for STMicroelectronics.X-CUBE-AZRTOS-H7.3.3.0
2024-10-12 22:16:35,572 [WARN] PackLoader:240 - Cannot read IP mode file for STMicroelectronics.X-CUBE-IPS.3.0.0
2024-10-12 22:16:35,608 [WARN] ConditionMgr:438 - getConditionDescription Invalid condition id : UX DEVICE CLASS RTOS Condition cause : null
2024-10-12 22:16:35,608 [WARN] ConditionMgr:438 - getConditionDescription Invalid condition id : UX DEVICE CLASS RTOS Condition cause : null
2024-10-12 22:16:35,611 [WARN] PackLoader:240 - Cannot read IP mode file for STMicroelectronics.X-CUBE-AZRTOS-WB.2.0.0
2024-10-12 22:16:35,611 [WARN] ConditionMgr:1039 - genDependencies : Invalid condition id : UX DEVICE CLASS RTOS Condition cause : null
2024-10-12 22:16:35,611 [WARN] ConditionMgr:1039 - genDependencies : Invalid condition id : UX DEVICE CLASS RTOS Condition cause : null
2024-10-12 22:16:35,612 [WARN] ConditionMgr:1039 - genDependencies : Invalid condition id : UX DEVICE CLASS RTOS Condition cause : null
2024-10-12 22:16:35,612 [WARN] ConditionMgr:1039 - genDependencies : Invalid condition id : UX DEVICE CLASS RTOS Condition cause : null
2024-10-12 22:16:35,612 [WARN] ConditionMgr:1039 - genDependencies : Invalid condition id : UX DEVICE CLASS RTOS Condition cause : null
2024-10-12 22:16:35,634 [WARN] PackLoader:240 - Cannot read IP mode file for STMicroelectronics.X-CUBE-GNSS1.7.0.0
2024-10-12 22:16:35,655 [WARN] PackLoader:240 - Cannot read IP mode file for STMicroelectronics.FP-SNS-STBOX1.2.0.0
2024-10-12 22:16:35,687 [WARN] PackLoader:240 - Cannot read IP mode file for STMicroelectronics.X-CUBE-SUBG2.5.0.0
2024-10-12 22:16:35,728 [WARN] PackLoader:240 - Cannot read IP mode file for STMicroelectronics.X-CUBE-AZRTOS-G4.2.0.0
2024-10-12 22:16:35,747 [WARN] PackLoader:240 - Cannot read IP mode file for STMicroelectronics.X-CUBE-ISPU.2.0.0
2024-10-12 22:16:35,765 [WARN] PackLoader:240 - Cannot read IP mode file for STMicroelectronics.X-CUBE-ALS.1.0.2
2024-10-12 22:16:35,856 [WARN] PackLoader:240 - Cannot read IP mode file for STMicroelectronics.X-CUBE-MEMS1.10.0.0
2024-10-12 22:16:36,046 [WARN] PackLoader:240 - Cannot read IP mode file for STMicroelectronics.X-CUBE-TOUCHGFX.4.24.0
2024-10-12 22:16:36,065 [WARN] PackLoader:240 - Cannot read IP mode file for STMicroelectronics.X-CUBE-TOUCHGFX.4.24.1
2024-10-12 22:16:36,091 [WARN] PackLoader:240 - Cannot read IP mode file for portGmbH.I-Cube-SoM-uGOAL.1.1.0
2024-10-12 22:16:36,111 [WARN] PackLoader:240 - Cannot read IP mode file for STMicroelectronics.X-CUBE-ALS.1.0.1
2024-10-12 22:16:36,154 [WARN] PackLoader:240 - Cannot read IP mode file for STMicroelectronics.X-CUBE-AZRTOS-H7RS.1.0.0
2024-10-12 22:16:36,185 [WARN] PackLoader:240 - Cannot read IP mode file for STMicroelectronics.FP-ATR-ASTRA1.2.0.0
2024-10-12 22:16:36,218 [WARN] PackLoader:240 - Cannot read IP mode file for STMicroelectronics.X-CUBE-TOF1.3.4.2
2024-10-12 22:16:36,256 [WARN] PackLoader:240 - Cannot read IP mode file for STMicroelectronics.X-CUBE-TOF1.3.4.1
2024-10-12 22:16:36,318 [WARN] PackLoader:240 - Cannot read IP mode file for STMicroelectronics.X-CUBE-AZRTOS-H7.3.2.0
2024-10-12 22:16:36,364 [WARN] PackLoader:240 - Cannot read IP mode file for Infineon.AIROC-Wi-Fi-Bluetooth-STM32.1.6.0
2024-10-12 22:16:36,388 [WARN] PackLoader:240 - Cannot read IP mode file for wolfSSL.I-CUBE-wolfSSH.1.4.17
2024-10-12 22:16:36,390 [INFO] ThirdParty:978 - Integrity check success = true
2024-10-12 22:16:36,390 [INFO] IntegrityCheckThread:100 - exiting critical section [integrity check]
2024-10-12 22:16:36,390 [INFO] IntegrityCheckThread:103 - End integrity checks thread
2024-10-12 22:16:41,693 [INFO] WebApp:161 - Instantiating new browser for Auth
2024-10-12 22:16:42,245 [INFO] WebApp:779 - Register for checkConnection events
2024-10-12 22:16:42,245 [INFO] WebApp:414 - Apply proxy settings
2024-10-12 22:16:42,246 [INFO] WebApp:499 - Chromium requires no authentication
2024-10-12 22:16:42,253 [INFO] WebApp:442 - Direct internet connection detected
2024-10-12 22:16:42,425 [INFO] WebApp:192 - Starting web application
2024-10-12 22:16:42,426 [INFO] WebApp:544 - Web application path used C:\ST\STM32CubeIDE_1.15.1\STM32CubeIDE\plugins\com.st.stm32cube.common.mx_6.11.1.202404110753\db\plugins\mcufinder\reactClient1\index.html
2024-10-12 22:27:29,170 [ERROR] LogOutputStream:75 - [STDERR_REDIRECT] 
2024-10-12 22:27:29,171 [ERROR] LogOutputStream:75 - [STDERR_REDIRECT] 
