2025-07-18 22:25:57,916 [INFO] Activator:176 - 


2025-07-18 22:25:57,922 [INFO] Activator:177 - !SESSION log4j initialized
2025-07-18 22:26:03,937 [INFO] LogOutputStream:77 - [STDOUT_REDIRECT] 
2025-07-18 22:26:08,384 [INFO] ApplicationProperties:184 - Using Application install path: C:\ST\STM32CubeIDE_1.15.1\STM32CubeIDE\plugins\com.st.stm32cube.common.mx_6.11.1.202404110753
2025-07-18 22:26:08,447 [INFO] DbMcusXml:78 - Set database path to: C:\ST\STM32CubeIDE_1.15.1\STM32CubeIDE\plugins\com.st.stm32cube.common.mx_6.11.1.202404110753\\db\/mcu/
2025-07-18 22:26:08,448 [INFO] ApiDb:274 - Set plugin database path to: C:\ST\STM32CubeIDE_1.15.1\STM32CubeIDE\plugins\com.st.stm32cube.common.mx_6.11.1.202404110753\\db\/plugins/boardmanager/
2025-07-18 22:26:08,449 [WARN] ApiDb:259 - Overriding images path with different value:  => C:\ST\STM32CubeIDE_1.15.1\STM32CubeIDE\plugins\com.st.stm32cube.common.mx_6.11.1.202404110753\\db\/plugins/mcufinder/images/
2025-07-18 22:26:08,476 [INFO] ApiDb:250 - Set database path to: C:\Users\dbank\.stmcufinder\plugins\mcufinder//mcu/
2025-07-18 22:26:08,479 [INFO] DbMcusAds:125 - Set database path to: C:\Users\dbank\.stmcufinder\plugins\mcufinder//mcu/
2025-07-18 22:26:08,485 [INFO] CrossReferenceDbSqlite:203 - Set database path to: C:\Users\dbank\.stmcufinder\plugins\mcufinder//mcu/cs/
2025-07-18 22:26:08,913 [INFO] RulesReader:64 - Compatibility file has been processed (297 Rules)
2025-07-18 22:26:09,147 [INFO] DbMcusXml:78 - Set database path to: C:\ST\STM32CubeIDE_1.15.1\STM32CubeIDE\plugins\com.st.stm32cube.common.mx_6.11.1.202404110753\\db\/mcu/
2025-07-18 22:26:09,149 [INFO] ApiDb:274 - Set plugin database path to: C:\ST\STM32CubeIDE_1.15.1\STM32CubeIDE\plugins\com.st.stm32cube.common.mx_6.11.1.202404110753\\db\/plugins/boardmanager/
2025-07-18 22:26:09,149 [INFO] ApiDb:261 - Set plugin images path to: C:\ST\STM32CubeIDE_1.15.1\STM32CubeIDE\plugins\com.st.stm32cube.common.mx_6.11.1.202404110753\\db\/plugins/mcufinder/images/
2025-07-18 22:26:09,149 [WARN] DbFile:41 - Overriding database path with different value: C:\Users\dbank\.stmcufinder\plugins\mcufinder/ => C:\Users\dbank\.stmcufinder\plugins\mcufinder
2025-07-18 22:26:09,149 [INFO] ApiDb:250 - Set database path to: C:\Users\dbank\.stmcufinder\plugins\mcufinder//mcu/
2025-07-18 22:26:09,149 [WARN] DbFile:41 - Overriding database path with different value: C:\Users\dbank\.stmcufinder\plugins\mcufinder/ => C:\Users\dbank\.stmcufinder\plugins\mcufinder
2025-07-18 22:26:09,149 [INFO] DbMcusAds:125 - Set database path to: C:\Users\dbank\.stmcufinder\plugins\mcufinder//mcu/
2025-07-18 22:26:09,149 [WARN] DbFile:41 - Overriding database path with different value: C:\Users\dbank\.stmcufinder\plugins\mcufinder/ => C:\Users\dbank\.stmcufinder\plugins\mcufinder
2025-07-18 22:26:09,149 [WARN] DbFile:41 - Overriding database path with different value: C:\Users\dbank\.stmcufinder\plugins\mcufinder/ => C:\Users\dbank\.stmcufinder\plugins\mcufinder
2025-07-18 22:26:09,149 [INFO] CrossReferenceDbSqlite:203 - Set database path to: C:\Users\dbank\.stmcufinder\plugins\mcufinder//mcu/cs/
2025-07-18 22:26:09,403 [INFO] MainPanel:264 - HeapMemory: 268435456
2025-07-18 22:26:09,688 [INFO] DbMcusXml:78 - Set database path to: C:\ST\STM32CubeIDE_1.15.1\STM32CubeIDE\plugins\com.st.stm32cube.common.mx_6.11.1.202404110753\\db\/mcu/
2025-07-18 22:26:09,689 [INFO] ApiDb:274 - Set plugin database path to: C:\ST\STM32CubeIDE_1.15.1\STM32CubeIDE\plugins\com.st.stm32cube.common.mx_6.11.1.202404110753\\db\/plugins/boardmanager/
2025-07-18 22:26:09,689 [INFO] ApiDb:261 - Set plugin images path to: C:\ST\STM32CubeIDE_1.15.1\STM32CubeIDE\plugins\com.st.stm32cube.common.mx_6.11.1.202404110753\\db\/plugins/mcufinder/images/
2025-07-18 22:26:09,691 [WARN] DbFile:41 - Overriding database path with different value: C:\Users\dbank\.stmcufinder\plugins\mcufinder/ => C:\Users\dbank\.stmcufinder\plugins\mcufinder
2025-07-18 22:26:09,691 [INFO] ApiDb:250 - Set database path to: C:\Users\dbank\.stmcufinder\plugins\mcufinder//mcu/
2025-07-18 22:26:09,691 [WARN] DbFile:41 - Overriding database path with different value: C:\Users\dbank\.stmcufinder\plugins\mcufinder/ => C:\Users\dbank\.stmcufinder\plugins\mcufinder
2025-07-18 22:26:09,691 [INFO] DbMcusAds:125 - Set database path to: C:\Users\dbank\.stmcufinder\plugins\mcufinder//mcu/
2025-07-18 22:26:09,692 [WARN] DbFile:41 - Overriding database path with different value: C:\Users\dbank\.stmcufinder\plugins\mcufinder/ => C:\Users\dbank\.stmcufinder\plugins\mcufinder
2025-07-18 22:26:09,692 [WARN] DbFile:41 - Overriding database path with different value: C:\Users\dbank\.stmcufinder\plugins\mcufinder/ => C:\Users\dbank\.stmcufinder\plugins\mcufinder
2025-07-18 22:26:09,692 [INFO] CrossReferenceDbSqlite:203 - Set database path to: C:\Users\dbank\.stmcufinder\plugins\mcufinder//mcu/cs/
2025-07-18 22:26:09,729 [INFO] ApplicationProperties:184 - Using Application install path: C:\ST\STM32CubeIDE_1.15.1\STM32CubeIDE\plugins\com.st.stm32cube.common.mx_6.11.1.202404110753
2025-07-18 22:26:09,735 [INFO] PluginManage:196 - Search for loadable plugins [exclusion list=, ]
2025-07-18 22:26:09,740 [INFO] PluginManage:310 - Check plugin analytics
2025-07-18 22:26:10,378 [INFO] AnalyticsPlugin:253 - Accepted Software Licenses: STM32CubeMX.6.11.1
2025-07-18 22:26:10,379 [INFO] AnalyticsPlugin:255 - Accepted CMSIS Pack Licenses: STMicroelectronics.X-CUBE-AZRTOS-H7.3.3.0
2025-07-18 22:26:10,380 [INFO] AnalyticsPlugin:257 - Accepted Firmware Licenses: FW.H7.1.11.0,FW.H7.1.10.0,FW.L4.1.18.0,FW.F4.1.28.0,FW.MP1.1.6.0,FW.F7.1.17.0
2025-07-18 22:26:10,384 [INFO] PluginManage:359 - Loaded plugin analytics (category:tool,tabindex:-1)
2025-07-18 22:26:10,384 [INFO] PluginManage:310 - Check plugin cadmodel
2025-07-18 22:26:10,414 [INFO] CADModel:105 - Init CAD model plugin
2025-07-18 22:26:10,414 [INFO] PluginManage:359 - Loaded plugin cadmodel (category:power,tabindex:5)
2025-07-18 22:26:10,416 [INFO] PluginManage:310 - Check plugin clock
2025-07-18 22:26:10,460 [INFO] PluginManage:359 - Loaded plugin clock (category:base,tabindex:2)
2025-07-18 22:26:10,461 [INFO] PluginManage:310 - Check plugin ddr
2025-07-18 22:26:10,468 [INFO] PluginManage:359 - Loaded plugin ddr (category:tool,tabindex:6)
2025-07-18 22:26:10,468 [INFO] PluginManage:310 - Check plugin filemanager
2025-07-18 22:26:10,799 [INFO] PluginManage:359 - Loaded plugin filemanager (category:base,tabindex:10)
2025-07-18 22:26:10,799 [INFO] PluginManage:310 - Check plugin ipmanager
2025-07-18 22:26:10,816 [INFO] PluginManage:359 - Loaded plugin ipmanager (category:base,tabindex:5)
2025-07-18 22:26:10,816 [INFO] PluginManage:310 - Check plugin lpbam
2025-07-18 22:26:10,859 [INFO] PluginManage:359 - Loaded plugin lpbam (category:base,tabindex:0)
2025-07-18 22:26:10,860 [INFO] PluginManage:310 - Check plugin memorymap
2025-07-18 22:26:10,945 [INFO] PluginManage:359 - Loaded plugin memorymap (category:base,tabindex:4)
2025-07-18 22:26:10,945 [INFO] PluginManage:310 - Check plugin pinoutandconfiguration
2025-07-18 22:26:10,992 [INFO] PluginManage:359 - Loaded plugin pinoutandconfiguration (category:base,tabindex:1)
2025-07-18 22:26:10,992 [INFO] PluginManage:310 - Check plugin pinoutconfig
2025-07-18 22:26:11,285 [WARN] SupportedApi:132 - Cannot load RTOS API schema: s4s-elt-must-match.1: The content of 'definitions' must match (annotation?, (simpleType | complexType)?, (unique | key | keyref)*)). A problem was found starting at: attribute.
2025-07-18 22:26:11,757 [INFO] PluginManage:359 - Loaded plugin pinoutconfig (category:base,tabindex:0)
2025-07-18 22:26:11,757 [INFO] PluginManage:310 - Check plugin power
2025-07-18 22:26:11,814 [INFO] PluginManage:359 - Loaded plugin power (category:power,tabindex:4)
2025-07-18 22:26:11,814 [INFO] PluginManage:310 - Check plugin projectmanager
2025-07-18 22:26:11,855 [INFO] PluginManage:359 - Loaded plugin projectmanager (category:projectmanager,tabindex:3)
2025-07-18 22:26:11,855 [INFO] PluginManage:310 - Check plugin thirdparty
2025-07-18 22:26:12,519 [WARN] IntegrityCheckThread:84 - waiting for thirdparty lock release [integrity check]
2025-07-18 22:26:12,519 [INFO] IntegrityCheckThread:86 - entering critical section [integrity check]
2025-07-18 22:26:12,521 [INFO] PluginManage:359 - Loaded plugin thirdparty (category:base,tabindex:-1)
2025-07-18 22:26:12,521 [INFO] PluginManage:310 - Check plugin tools
2025-07-18 22:26:12,521 [INFO] ThirdPartyUpdaterWithRetryManager:70 - Updater plugin not ready yet. [1/15]
2025-07-18 22:26:12,612 [INFO] PluginManage:359 - Loaded plugin tools (category:base,tabindex:7)
2025-07-18 22:26:12,612 [INFO] PluginManage:310 - Check plugin tutovideos
2025-07-18 22:26:13,197 [INFO] PluginManage:359 - Loaded plugin tutovideos (category:base,tabindex:-1)
2025-07-18 22:26:13,197 [INFO] PluginManage:310 - Check plugin updater
2025-07-18 22:26:13,221 [INFO] PluginManage:359 - Loaded plugin updater (category:base,tabindex:12)
2025-07-18 22:26:13,221 [INFO] PluginManage:310 - Check plugin userauth
2025-07-18 22:26:13,233 [INFO] UserAuth:114 - Init User Auth plugin
2025-07-18 22:26:13,233 [INFO] PluginManage:359 - Loaded plugin userauth (category:base,tabindex:14)
2025-07-18 22:26:13,234 [INFO] PluginManage:283 - PluginManage : Loaded plugins [17]
2025-07-18 22:26:13,776 [INFO] PinOutPanel:1561 - setPackage(No Configuration,No Configuration)
2025-07-18 22:26:13,948 [INFO] CADModel:165 - CPN selected for project level
2025-07-18 22:26:13,948 [INFO] CADModel:114 - Register for checkConnection events
2025-07-18 22:26:14,000 [INFO] IPUIPlugin:80 - create IPUIPlugin
2025-07-18 22:26:14,000 [INFO] PluginManager:220 - loadIPPluginJar : add adc
2025-07-18 22:26:14,080 [INFO] IPUIPlugin:80 - create IPUIPlugin
2025-07-18 22:26:14,081 [INFO] PluginManager:220 - loadIPPluginJar : add aes
2025-07-18 22:26:14,169 [INFO] IPUIPlugin:80 - create IPUIPlugin
2025-07-18 22:26:14,170 [INFO] PluginManager:220 - loadIPPluginJar : add can
2025-07-18 22:26:14,227 [INFO] IPUIPlugin:80 - create IPUIPlugin
2025-07-18 22:26:14,227 [INFO] PluginManager:220 - loadIPPluginJar : add comp
2025-07-18 22:26:14,313 [INFO] IPUIPlugin:80 - create IPUIPlugin
2025-07-18 22:26:14,315 [INFO] PluginManager:220 - loadIPPluginJar : add cryp
2025-07-18 22:26:14,397 [INFO] IPUIPlugin:80 - create IPUIPlugin
2025-07-18 22:26:14,397 [INFO] PluginManager:220 - loadIPPluginJar : add dfsdm
2025-07-18 22:26:14,427 [INFO] IPUIPlugin:80 - create IPUIPlugin
2025-07-18 22:26:14,427 [INFO] PluginManager:220 - loadIPPluginJar : add dma
2025-07-18 22:26:14,538 [INFO] IPUIPlugin:80 - create IPUIPlugin
2025-07-18 22:26:14,538 [INFO] PluginManager:220 - loadIPPluginJar : add dma3
2025-07-18 22:26:14,647 [INFO] IPUIPlugin:80 - create IPUIPlugin
2025-07-18 22:26:14,647 [INFO] PluginManager:220 - loadIPPluginJar : add extmemmanager
2025-07-18 22:26:14,709 [INFO] IPUIPlugin:80 - create IPUIPlugin
2025-07-18 22:26:14,711 [INFO] PluginManager:220 - loadIPPluginJar : add fatfs
2025-07-18 22:26:14,807 [INFO] IPUIPlugin:80 - create IPUIPlugin
2025-07-18 22:26:14,807 [INFO] PluginManager:220 - loadIPPluginJar : add fmc
2025-07-18 22:26:14,852 [INFO] IPUIPlugin:80 - create IPUIPlugin
2025-07-18 22:26:14,852 [INFO] PluginManager:220 - loadIPPluginJar : add freertos
2025-07-18 22:26:14,892 [INFO] IPUIPlugin:80 - create IPUIPlugin
2025-07-18 22:26:14,892 [INFO] PluginManager:220 - loadIPPluginJar : add genericplugin
2025-07-18 22:26:15,097 [INFO] IPUIPlugin:80 - create IPUIPlugin
2025-07-18 22:26:15,097 [INFO] PluginManager:220 - loadIPPluginJar : add gfxmmu
2025-07-18 22:26:15,363 [INFO] IPUIPlugin:80 - create IPUIPlugin
2025-07-18 22:26:15,364 [INFO] PluginManager:220 - loadIPPluginJar : add gic
2025-07-18 22:26:15,386 [INFO] IPUIPlugin:80 - create IPUIPlugin
2025-07-18 22:26:15,386 [INFO] PluginManager:220 - loadIPPluginJar : add gpio
2025-07-18 22:26:15,523 [INFO] ThirdPartyUpdaterWithRetryManager:70 - Updater plugin not ready yet. [2/15]
2025-07-18 22:26:15,562 [INFO] IPUIPlugin:80 - create IPUIPlugin
2025-07-18 22:26:15,562 [INFO] PluginManager:220 - loadIPPluginJar : add gtzc
2025-07-18 22:26:15,623 [INFO] IPUIPlugin:80 - create IPUIPlugin
2025-07-18 22:26:15,623 [INFO] PluginManager:220 - loadIPPluginJar : add hash
2025-07-18 22:26:15,735 [INFO] IPUIPlugin:80 - create IPUIPlugin
2025-07-18 22:26:15,735 [INFO] PluginManager:220 - loadIPPluginJar : add i2c
2025-07-18 22:26:15,831 [INFO] IPUIPlugin:80 - create IPUIPlugin
2025-07-18 22:26:15,831 [INFO] PluginManager:220 - loadIPPluginJar : add i2s
2025-07-18 22:26:15,919 [INFO] IPUIPlugin:80 - create IPUIPlugin
2025-07-18 22:26:15,919 [INFO] PluginManager:220 - loadIPPluginJar : add i3c
2025-07-18 22:26:16,099 [INFO] IPUIPlugin:80 - create IPUIPlugin
2025-07-18 22:26:16,099 [INFO] PluginManager:220 - loadIPPluginJar : add ipddr
2025-07-18 22:26:16,283 [INFO] IPUIPlugin:80 - create IPUIPlugin
2025-07-18 22:26:16,283 [INFO] PluginManager:220 - loadIPPluginJar : add linkedlist
2025-07-18 22:26:16,353 [INFO] IPUIPlugin:80 - create IPUIPlugin
2025-07-18 22:26:16,353 [INFO] PluginManager:220 - loadIPPluginJar : add lorawan
2025-07-18 22:26:16,426 [INFO] IPUIPlugin:80 - create IPUIPlugin
2025-07-18 22:26:16,426 [INFO] PluginManager:220 - loadIPPluginJar : add ltdc
2025-07-18 22:26:16,478 [INFO] IPUIPlugin:80 - create IPUIPlugin
2025-07-18 22:26:16,478 [INFO] PluginManager:220 - loadIPPluginJar : add mdma
2025-07-18 22:26:16,500 [INFO] IPUIPlugin:80 - create IPUIPlugin
2025-07-18 22:26:16,500 [INFO] PluginManager:220 - loadIPPluginJar : add nvic
2025-07-18 22:26:16,571 [INFO] IPUIPlugin:80 - create IPUIPlugin
2025-07-18 22:26:16,571 [INFO] PluginManager:220 - loadIPPluginJar : add opamp
2025-07-18 22:26:16,729 [INFO] IPUIPlugin:80 - create IPUIPlugin
2025-07-18 22:26:16,729 [INFO] PluginManager:220 - loadIPPluginJar : add openamp
2025-07-18 22:26:16,820 [INFO] IPUIPlugin:80 - create IPUIPlugin
2025-07-18 22:26:16,820 [INFO] PluginManager:220 - loadIPPluginJar : add pdm2pcm
2025-07-18 22:26:16,847 [INFO] IPUIPlugin:80 - create IPUIPlugin
2025-07-18 22:26:16,859 [INFO] PluginManager:220 - loadIPPluginJar : add plateformsettings
2025-07-18 22:26:16,899 [INFO] IPUIPlugin:80 - create IPUIPlugin
2025-07-18 22:26:16,899 [INFO] PluginManager:220 - loadIPPluginJar : add quadspi
2025-07-18 22:26:16,921 [INFO] IPUIPlugin:80 - create IPUIPlugin
2025-07-18 22:26:16,921 [INFO] PluginManager:220 - loadIPPluginJar : add resmgrutility
2025-07-18 22:26:17,025 [INFO] IPUIPlugin:80 - create IPUIPlugin
2025-07-18 22:26:17,025 [INFO] PluginManager:220 - loadIPPluginJar : add sai
2025-07-18 22:26:17,123 [INFO] IPUIPlugin:80 - create IPUIPlugin
2025-07-18 22:26:17,123 [INFO] PluginManager:220 - loadIPPluginJar : add spi
2025-07-18 22:26:17,252 [INFO] IPUIPlugin:80 - create IPUIPlugin
2025-07-18 22:26:17,252 [INFO] PluginManager:220 - loadIPPluginJar : add stm32_wpan
2025-07-18 22:26:17,307 [INFO] IPUIPlugin:80 - create IPUIPlugin
2025-07-18 22:26:17,307 [INFO] PluginManager:220 - loadIPPluginJar : add tim
2025-07-18 22:26:17,439 [INFO] IPUIPlugin:80 - create IPUIPlugin
2025-07-18 22:26:17,439 [INFO] PluginManager:220 - loadIPPluginJar : add touchsensing
2025-07-18 22:26:17,494 [INFO] IPUIPlugin:80 - create IPUIPlugin
2025-07-18 22:26:17,494 [INFO] PluginManager:220 - loadIPPluginJar : add tracer_emb
2025-07-18 22:26:17,553 [INFO] IPUIPlugin:80 - create IPUIPlugin
2025-07-18 22:26:17,554 [INFO] PluginManager:220 - loadIPPluginJar : add ts
2025-07-18 22:26:17,609 [INFO] IPUIPlugin:80 - create IPUIPlugin
2025-07-18 22:26:17,609 [INFO] PluginManager:220 - loadIPPluginJar : add tsc
2025-07-18 22:26:17,665 [INFO] IPUIPlugin:80 - create IPUIPlugin
2025-07-18 22:26:17,665 [INFO] PluginManager:220 - loadIPPluginJar : add ucpd
2025-07-18 22:26:17,751 [INFO] IPUIPlugin:80 - create IPUIPlugin
2025-07-18 22:26:17,751 [INFO] PluginManager:220 - loadIPPluginJar : add usart
2025-07-18 22:26:17,855 [INFO] IPUIPlugin:80 - create IPUIPlugin
2025-07-18 22:26:17,856 [INFO] PluginManager:220 - loadIPPluginJar : add usbx
2025-07-18 22:26:18,042 [INFO] CADModel:165 - CPN selected for project level
2025-07-18 22:26:18,042 [INFO] CADModel:114 - Register for checkConnection events
2025-07-18 22:26:18,044 [FATAL] Updater:308 - Updater called before beeing initialized
2025-07-18 22:26:18,044 [ERROR] CADModel:125 - Updater not yet initialized, retry later 
2025-07-18 22:26:18,339 [INFO] CADModel:165 - CPN selected for project level
2025-07-18 22:26:18,339 [INFO] CADModel:114 - Register for checkConnection events
2025-07-18 22:26:18,339 [FATAL] Updater:308 - Updater called before beeing initialized
2025-07-18 22:26:18,339 [ERROR] CADModel:125 - Updater not yet initialized, retry later 
2025-07-18 22:26:18,346 [FATAL] Updater:308 - Updater called before beeing initialized
2025-07-18 22:26:18,520 [FATAL] Updater:308 - Updater called before beeing initialized
2025-07-18 22:26:18,524 [INFO] ThirdPartyUpdaterWithRetryManager:70 - Updater plugin not ready yet. [3/15]
2025-07-18 22:26:18,550 [INFO] DbMcusAds:53 - JSON generation date=Wed May 07 11:07:55 CEST 2025 (1746608875484)
2025-07-18 22:26:18,550 [FATAL] Updater:308 - Updater called before beeing initialized
2025-07-18 22:26:18,732 [WARN] DetailPanel:346 - Failed to get advertising image, set to default
2025-07-18 22:26:18,886 [FATAL] Updater:308 - Updater called before beeing initialized
2025-07-18 22:26:18,895 [FATAL] Updater:308 - Updater called before beeing initialized
2025-07-18 22:26:18,895 [FATAL] Updater:308 - Updater called before beeing initialized
2025-07-18 22:26:18,897 [WARN] DetailPanel:346 - Failed to get advertising image, set to default
2025-07-18 22:26:18,897 [FATAL] Updater:308 - Updater called before beeing initialized
2025-07-18 22:26:19,056 [ERROR] Updater:1120 - MainUpdater not yet initialized. External WinMGr cannot be set.
2025-07-18 22:26:19,081 [INFO] Updater:1056 - Updater Version found : 6.11.1
2025-07-18 22:26:19,135 [INFO] ApplicationProperties:184 - Using Application install path: C:\ST\STM32CubeIDE_1.15.1\STM32CubeIDE\plugins\com.st.stm32cube.common.mx_6.11.1.202404110753
2025-07-18 22:26:20,753 [ERROR] LogOutputStream:75 - [STDERR_REDIRECT] Jul 18, 2025 10:26:20 PM java.util.prefs.WindowsPreferences <init>
2025-07-18 22:26:20,756 [ERROR] LogOutputStream:75 - [STDERR_REDIRECT] WARNING: Could not open/create prefs root node Software\JavaSoft\Prefs at root 0xffffffff80000002. Windows RegCreateKeyEx(...) returned error code 5.
2025-07-18 22:26:20,756 [ERROR] LogOutputStream:75 - [STDERR_REDIRECT] 
2025-07-18 22:26:21,525 [FATAL] Updater:308 - Updater called before beeing initialized
2025-07-18 22:26:21,525 [ERROR] IntegrityCheckThread:130 - Cannot retrieve database content from updater: error 21
2025-07-18 22:26:21,527 [INFO] ThirdParty:978 - Integrity check success = false
2025-07-18 22:26:21,527 [INFO] IntegrityCheckThread:100 - exiting critical section [integrity check]
2025-07-18 22:26:21,527 [INFO] IntegrityCheckThread:103 - End integrity checks thread
2025-07-18 22:26:21,977 [INFO] MainUpdater:2873 - connection check result : 10
2025-07-18 22:26:21,977 [INFO] MainUpdater:3567 - Updater definition file requires update
2025-07-18 22:26:21,979 [INFO] MainUpdater:290 - Updater Check For Update Now.
2025-07-18 22:26:21,979 [INFO] MicroXplorer:498 - Change Database Version : DB.6.0.111
2025-07-18 22:26:22,021 [INFO] McuFinderGlobals:63 - Set McuFinder mode to 2 (CubeIDE integrated)
2025-07-18 22:26:22,047 [INFO] UserAuth:415 - Internet connection configuration mode: 1
2025-07-18 22:26:22,120 [INFO] JxBrowserEngine:152 - Initiate JxBrowser Engine with user profile folder
2025-07-18 22:26:22,267 [INFO] ServerAccessManage:473 - Download File updaters.zip
2025-07-18 22:26:22,669 [INFO] FileExtend:240 - Unzip File : updaters.zip
2025-07-18 22:26:22,669 [INFO] FileExtend:255 - Standard Zip Deflate
2025-07-18 22:26:23,943 [INFO] ServerAccessManage:473 - Download File PacksControlFlags.xml
2025-07-18 22:26:24,131 [INFO] ServerAccessManage:473 - Download File cubemx.pidx
2025-07-18 22:26:25,239 [INFO] ServerAccessManage:473 - Download File STMicroelectronics.X-CUBE-BLEMGR.pdsc
2025-07-18 22:26:25,774 [ERROR] ServerAccessManage:1089 - Problem, file not found on Server
2025-07-18 22:26:26,993 [INFO] ServerAccessManage:473 - Download File STMicroelectronics.X-CUBE-EEPRMA1.pdsc
2025-07-18 22:26:27,497 [ERROR] ServerAccessManage:1089 - Problem, file not found on Server
2025-07-18 22:26:28,002 [ERROR] ServerAccessManage:1089 - Problem, file not found on Server
2025-07-18 22:26:28,702 [INFO] ServerAccessManage:473 - Download File STMicroelectronics.X-CUBE-FREERTOS.pdsc
2025-07-18 22:26:29,664 [INFO] WebApp:161 - Instantiating new browser for Auth
2025-07-18 22:26:30,291 [INFO] ServerAccessManage:473 - Download File STMicroelectronics.X-CUBE-NFC12.pdsc
2025-07-18 22:26:31,691 [WARN] PopulateThirdPartyThread:106 - Error when creating pack: C:/Users/dbank/.stm32cubemx/thirdparties/pdsc/STMicroelectronics.X-CUBE-BLEMGR.pdsc
2025-07-18 22:26:31,696 [INFO] WebApp:779 - Register for checkConnection events
2025-07-18 22:26:31,696 [INFO] WebApp:414 - Apply proxy settings
2025-07-18 22:26:31,696 [INFO] WebApp:499 - Chromium requires no authentication
2025-07-18 22:26:31,789 [INFO] WebApp:442 - Direct internet connection detected
2025-07-18 22:26:31,875 [WARN] PackLoader:240 - Cannot read IP mode file for STMicroelectronics.X-CUBE-EEPRMA1.5.2.0
2025-07-18 22:26:31,897 [WARN] PackLoader:240 - Cannot read IP mode file for STMicroelectronics.X-CUBE-FREERTOS.1.3.1
2025-07-18 22:26:31,907 [WARN] PackLoader:240 - Cannot read IP mode file for STMicroelectronics.X-CUBE-NFC12.1.0.0
2025-07-18 22:26:31,910 [INFO] PopulateThirdPartyThread:66 - Ending populate Thread
2025-07-18 22:26:31,913 [INFO] ThirdParty:1030 - CMSIS Pack Vendor :STMicroelectronics X-CUBE-FREERTOS 1.3.1
2025-07-18 22:26:31,913 [INFO] ThirdParty:1030 - CMSIS Pack Vendor :STMicroelectronics X-CUBE-EEPRMA1 5.2.0
2025-07-18 22:26:31,913 [INFO] ThirdParty:1030 - CMSIS Pack Vendor :STMicroelectronics X-CUBE-NFC12 1.0.0
2025-07-18 22:26:31,913 [INFO] LoadServerUpdatesThread:375 - End of LoadServerUpdate Thread
2025-07-18 22:26:31,924 [INFO] CheckServerUpdateThread:120 - End of CheckServer Thread
2025-07-18 22:26:32,273 [INFO] WebApp:192 - Starting web application
2025-07-18 22:26:32,273 [INFO] WebApp:544 - Web application path used C:\ST\STM32CubeIDE_1.15.1\STM32CubeIDE\plugins\com.st.stm32cube.common.mx_6.11.1.202404110753\db\plugins\mcufinder\reactClient1\index.html
2025-07-18 22:53:29,882 [ERROR] LogOutputStream:75 - [STDERR_REDIRECT] 
