2024-11-04 20:19:04,640 [INFO] Activator:176 - 


2024-11-04 20:19:04,645 [INFO] Activator:177 - !SESSION log4j initialized
2024-11-04 20:19:10,984 [INFO] LogOutputStream:77 - [STDOUT_REDIRECT] 
2024-11-04 20:19:13,608 [INFO] ApplicationProperties:184 - Using Application install path: C:\ST\STM32CubeIDE_1.15.1\STM32CubeIDE\plugins\com.st.stm32cube.common.mx_6.11.1.202404110753
2024-11-04 20:19:13,654 [INFO] DbMcusXml:78 - Set database path to: C:\ST\STM32CubeIDE_1.15.1\STM32CubeIDE\plugins\com.st.stm32cube.common.mx_6.11.1.202404110753\\db\/mcu/
2024-11-04 20:19:13,655 [INFO] ApiDb:274 - Set plugin database path to: C:\ST\STM32CubeIDE_1.15.1\STM32CubeIDE\plugins\com.st.stm32cube.common.mx_6.11.1.202404110753\\db\/plugins/boardmanager/
2024-11-04 20:19:13,655 [WARN] ApiDb:259 - Overriding images path with different value:  => C:\ST\STM32CubeIDE_1.15.1\STM32CubeIDE\plugins\com.st.stm32cube.common.mx_6.11.1.202404110753\\db\/plugins/mcufinder/images/
2024-11-04 20:19:13,676 [INFO] ApiDb:250 - Set database path to: C:\Users\dbank\.stmcufinder\plugins\mcufinder//mcu/
2024-11-04 20:19:13,679 [INFO] DbMcusAds:125 - Set database path to: C:\Users\dbank\.stmcufinder\plugins\mcufinder//mcu/
2024-11-04 20:19:13,683 [INFO] CrossReferenceDbSqlite:203 - Set database path to: C:\Users\dbank\.stmcufinder\plugins\mcufinder//mcu/cs/
2024-11-04 20:19:13,849 [INFO] RulesReader:64 - Compatibility file has been processed (297 Rules)
2024-11-04 20:19:13,978 [INFO] DbMcusXml:78 - Set database path to: C:\ST\STM32CubeIDE_1.15.1\STM32CubeIDE\plugins\com.st.stm32cube.common.mx_6.11.1.202404110753\\db\/mcu/
2024-11-04 20:19:13,978 [INFO] ApiDb:274 - Set plugin database path to: C:\ST\STM32CubeIDE_1.15.1\STM32CubeIDE\plugins\com.st.stm32cube.common.mx_6.11.1.202404110753\\db\/plugins/boardmanager/
2024-11-04 20:19:13,978 [INFO] ApiDb:261 - Set plugin images path to: C:\ST\STM32CubeIDE_1.15.1\STM32CubeIDE\plugins\com.st.stm32cube.common.mx_6.11.1.202404110753\\db\/plugins/mcufinder/images/
2024-11-04 20:19:13,979 [WARN] DbFile:41 - Overriding database path with different value: C:\Users\dbank\.stmcufinder\plugins\mcufinder/ => C:\Users\dbank\.stmcufinder\plugins\mcufinder
2024-11-04 20:19:13,979 [INFO] ApiDb:250 - Set database path to: C:\Users\dbank\.stmcufinder\plugins\mcufinder//mcu/
2024-11-04 20:19:13,979 [WARN] DbFile:41 - Overriding database path with different value: C:\Users\dbank\.stmcufinder\plugins\mcufinder/ => C:\Users\dbank\.stmcufinder\plugins\mcufinder
2024-11-04 20:19:13,979 [INFO] DbMcusAds:125 - Set database path to: C:\Users\dbank\.stmcufinder\plugins\mcufinder//mcu/
2024-11-04 20:19:13,979 [WARN] DbFile:41 - Overriding database path with different value: C:\Users\dbank\.stmcufinder\plugins\mcufinder/ => C:\Users\dbank\.stmcufinder\plugins\mcufinder
2024-11-04 20:19:13,979 [WARN] DbFile:41 - Overriding database path with different value: C:\Users\dbank\.stmcufinder\plugins\mcufinder/ => C:\Users\dbank\.stmcufinder\plugins\mcufinder
2024-11-04 20:19:13,979 [INFO] CrossReferenceDbSqlite:203 - Set database path to: C:\Users\dbank\.stmcufinder\plugins\mcufinder//mcu/cs/
2024-11-04 20:19:14,074 [INFO] MainPanel:264 - HeapMemory: 268435456
2024-11-04 20:19:14,203 [INFO] DbMcusXml:78 - Set database path to: C:\ST\STM32CubeIDE_1.15.1\STM32CubeIDE\plugins\com.st.stm32cube.common.mx_6.11.1.202404110753\\db\/mcu/
2024-11-04 20:19:14,203 [INFO] ApiDb:274 - Set plugin database path to: C:\ST\STM32CubeIDE_1.15.1\STM32CubeIDE\plugins\com.st.stm32cube.common.mx_6.11.1.202404110753\\db\/plugins/boardmanager/
2024-11-04 20:19:14,203 [INFO] ApiDb:261 - Set plugin images path to: C:\ST\STM32CubeIDE_1.15.1\STM32CubeIDE\plugins\com.st.stm32cube.common.mx_6.11.1.202404110753\\db\/plugins/mcufinder/images/
2024-11-04 20:19:14,203 [WARN] DbFile:41 - Overriding database path with different value: C:\Users\dbank\.stmcufinder\plugins\mcufinder/ => C:\Users\dbank\.stmcufinder\plugins\mcufinder
2024-11-04 20:19:14,204 [INFO] ApiDb:250 - Set database path to: C:\Users\dbank\.stmcufinder\plugins\mcufinder//mcu/
2024-11-04 20:19:14,204 [WARN] DbFile:41 - Overriding database path with different value: C:\Users\dbank\.stmcufinder\plugins\mcufinder/ => C:\Users\dbank\.stmcufinder\plugins\mcufinder
2024-11-04 20:19:14,204 [INFO] DbMcusAds:125 - Set database path to: C:\Users\dbank\.stmcufinder\plugins\mcufinder//mcu/
2024-11-04 20:19:14,204 [WARN] DbFile:41 - Overriding database path with different value: C:\Users\dbank\.stmcufinder\plugins\mcufinder/ => C:\Users\dbank\.stmcufinder\plugins\mcufinder
2024-11-04 20:19:14,204 [WARN] DbFile:41 - Overriding database path with different value: C:\Users\dbank\.stmcufinder\plugins\mcufinder/ => C:\Users\dbank\.stmcufinder\plugins\mcufinder
2024-11-04 20:19:14,204 [INFO] CrossReferenceDbSqlite:203 - Set database path to: C:\Users\dbank\.stmcufinder\plugins\mcufinder//mcu/cs/
2024-11-04 20:19:14,234 [INFO] ApplicationProperties:184 - Using Application install path: C:\ST\STM32CubeIDE_1.15.1\STM32CubeIDE\plugins\com.st.stm32cube.common.mx_6.11.1.202404110753
2024-11-04 20:19:14,236 [INFO] PluginManage:196 - Search for loadable plugins [exclusion list=, ]
2024-11-04 20:19:14,239 [INFO] PluginManage:310 - Check plugin analytics
2024-11-04 20:19:14,609 [INFO] AnalyticsPlugin:253 - Accepted Software Licenses: STM32CubeMX.6.11.1
2024-11-04 20:19:14,609 [INFO] AnalyticsPlugin:255 - Accepted CMSIS Pack Licenses: STMicroelectronics.X-CUBE-AZRTOS-H7.3.3.0
2024-11-04 20:19:14,609 [INFO] AnalyticsPlugin:257 - Accepted Firmware Licenses: FW.H7.1.11.0,FW.H7.1.10.0,FW.L4.1.18.0,FW.F4.1.28.0
2024-11-04 20:19:14,613 [INFO] PluginManage:359 - Loaded plugin analytics (category:tool,tabindex:-1)
2024-11-04 20:19:14,613 [INFO] PluginManage:310 - Check plugin cadmodel
2024-11-04 20:19:14,633 [INFO] CADModel:105 - Init CAD model plugin
2024-11-04 20:19:14,633 [INFO] PluginManage:359 - Loaded plugin cadmodel (category:power,tabindex:5)
2024-11-04 20:19:14,634 [INFO] PluginManage:310 - Check plugin clock
2024-11-04 20:19:14,665 [INFO] PluginManage:359 - Loaded plugin clock (category:base,tabindex:2)
2024-11-04 20:19:14,665 [INFO] PluginManage:310 - Check plugin ddr
2024-11-04 20:19:14,669 [INFO] PluginManage:359 - Loaded plugin ddr (category:tool,tabindex:6)
2024-11-04 20:19:14,669 [INFO] PluginManage:310 - Check plugin filemanager
2024-11-04 20:19:14,913 [INFO] PluginManage:359 - Loaded plugin filemanager (category:base,tabindex:10)
2024-11-04 20:19:14,913 [INFO] PluginManage:310 - Check plugin ipmanager
2024-11-04 20:19:14,925 [INFO] PluginManage:359 - Loaded plugin ipmanager (category:base,tabindex:5)
2024-11-04 20:19:14,926 [INFO] PluginManage:310 - Check plugin lpbam
2024-11-04 20:19:14,956 [INFO] PluginManage:359 - Loaded plugin lpbam (category:base,tabindex:0)
2024-11-04 20:19:14,957 [INFO] PluginManage:310 - Check plugin memorymap
2024-11-04 20:19:15,010 [INFO] PluginManage:359 - Loaded plugin memorymap (category:base,tabindex:4)
2024-11-04 20:19:15,010 [INFO] PluginManage:310 - Check plugin pinoutandconfiguration
2024-11-04 20:19:15,043 [INFO] PluginManage:359 - Loaded plugin pinoutandconfiguration (category:base,tabindex:1)
2024-11-04 20:19:15,043 [INFO] PluginManage:310 - Check plugin pinoutconfig
2024-11-04 20:19:15,256 [WARN] SupportedApi:132 - Cannot load RTOS API schema: s4s-elt-must-match.1: The content of 'definitions' must match (annotation?, (simpleType | complexType)?, (unique | key | keyref)*)). A problem was found starting at: attribute.
2024-11-04 20:19:15,434 [INFO] PluginManage:359 - Loaded plugin pinoutconfig (category:base,tabindex:0)
2024-11-04 20:19:15,434 [INFO] PluginManage:310 - Check plugin power
2024-11-04 20:19:15,455 [INFO] PluginManage:359 - Loaded plugin power (category:power,tabindex:4)
2024-11-04 20:19:15,455 [INFO] PluginManage:310 - Check plugin projectmanager
2024-11-04 20:19:15,486 [INFO] PluginManage:359 - Loaded plugin projectmanager (category:projectmanager,tabindex:3)
2024-11-04 20:19:15,486 [INFO] PluginManage:310 - Check plugin thirdparty
2024-11-04 20:19:15,966 [INFO] PluginManage:359 - Loaded plugin thirdparty (category:base,tabindex:-1)
2024-11-04 20:19:15,966 [INFO] PluginManage:310 - Check plugin tools
2024-11-04 20:19:15,966 [WARN] IntegrityCheckThread:84 - waiting for thirdparty lock release [integrity check]
2024-11-04 20:19:15,967 [INFO] IntegrityCheckThread:86 - entering critical section [integrity check]
2024-11-04 20:19:15,967 [INFO] ThirdPartyUpdaterWithRetryManager:70 - Updater plugin not ready yet. [1/15]
2024-11-04 20:19:16,015 [INFO] PluginManage:359 - Loaded plugin tools (category:base,tabindex:7)
2024-11-04 20:19:16,015 [INFO] PluginManage:310 - Check plugin tutovideos
2024-11-04 20:19:16,343 [INFO] PluginManage:359 - Loaded plugin tutovideos (category:base,tabindex:-1)
2024-11-04 20:19:16,344 [INFO] PluginManage:310 - Check plugin updater
2024-11-04 20:19:16,357 [INFO] PluginManage:359 - Loaded plugin updater (category:base,tabindex:12)
2024-11-04 20:19:16,358 [INFO] PluginManage:310 - Check plugin userauth
2024-11-04 20:19:16,365 [INFO] UserAuth:114 - Init User Auth plugin
2024-11-04 20:19:16,365 [INFO] PluginManage:359 - Loaded plugin userauth (category:base,tabindex:14)
2024-11-04 20:19:16,366 [INFO] PluginManage:283 - PluginManage : Loaded plugins [17]
2024-11-04 20:19:16,713 [INFO] PinOutPanel:1561 - setPackage(No Configuration,No Configuration)
2024-11-04 20:19:16,832 [INFO] CADModel:165 - CPN selected for project level
2024-11-04 20:19:16,833 [INFO] CADModel:114 - Register for checkConnection events
2024-11-04 20:19:16,870 [INFO] IPUIPlugin:80 - create IPUIPlugin
2024-11-04 20:19:16,871 [INFO] PluginManager:220 - loadIPPluginJar : add adc
2024-11-04 20:19:16,934 [INFO] IPUIPlugin:80 - create IPUIPlugin
2024-11-04 20:19:16,934 [INFO] PluginManager:220 - loadIPPluginJar : add aes
2024-11-04 20:19:17,012 [INFO] IPUIPlugin:80 - create IPUIPlugin
2024-11-04 20:19:17,012 [INFO] PluginManager:220 - loadIPPluginJar : add can
2024-11-04 20:19:17,053 [INFO] IPUIPlugin:80 - create IPUIPlugin
2024-11-04 20:19:17,053 [INFO] PluginManager:220 - loadIPPluginJar : add comp
2024-11-04 20:19:17,125 [INFO] IPUIPlugin:80 - create IPUIPlugin
2024-11-04 20:19:17,125 [INFO] PluginManager:220 - loadIPPluginJar : add cryp
2024-11-04 20:19:17,171 [INFO] IPUIPlugin:80 - create IPUIPlugin
2024-11-04 20:19:17,171 [INFO] PluginManager:220 - loadIPPluginJar : add dfsdm
2024-11-04 20:19:17,191 [INFO] IPUIPlugin:80 - create IPUIPlugin
2024-11-04 20:19:17,192 [INFO] PluginManager:220 - loadIPPluginJar : add dma
2024-11-04 20:19:17,267 [INFO] IPUIPlugin:80 - create IPUIPlugin
2024-11-04 20:19:17,268 [INFO] PluginManager:220 - loadIPPluginJar : add dma3
2024-11-04 20:19:17,361 [INFO] IPUIPlugin:80 - create IPUIPlugin
2024-11-04 20:19:17,362 [INFO] PluginManager:220 - loadIPPluginJar : add extmemmanager
2024-11-04 20:19:17,400 [INFO] IPUIPlugin:80 - create IPUIPlugin
2024-11-04 20:19:17,400 [INFO] PluginManager:220 - loadIPPluginJar : add fatfs
2024-11-04 20:19:17,488 [INFO] IPUIPlugin:80 - create IPUIPlugin
2024-11-04 20:19:17,489 [INFO] PluginManager:220 - loadIPPluginJar : add fmc
2024-11-04 20:19:17,512 [INFO] IPUIPlugin:80 - create IPUIPlugin
2024-11-04 20:19:17,512 [INFO] PluginManager:220 - loadIPPluginJar : add freertos
2024-11-04 20:19:17,545 [INFO] IPUIPlugin:80 - create IPUIPlugin
2024-11-04 20:19:17,546 [INFO] PluginManager:220 - loadIPPluginJar : add genericplugin
2024-11-04 20:19:17,688 [INFO] IPUIPlugin:80 - create IPUIPlugin
2024-11-04 20:19:17,688 [INFO] PluginManager:220 - loadIPPluginJar : add gfxmmu
2024-11-04 20:19:17,884 [INFO] IPUIPlugin:80 - create IPUIPlugin
2024-11-04 20:19:17,884 [INFO] PluginManager:220 - loadIPPluginJar : add gic
2024-11-04 20:19:17,902 [INFO] IPUIPlugin:80 - create IPUIPlugin
2024-11-04 20:19:17,902 [INFO] PluginManager:220 - loadIPPluginJar : add gpio
2024-11-04 20:19:18,056 [INFO] IPUIPlugin:80 - create IPUIPlugin
2024-11-04 20:19:18,056 [INFO] PluginManager:220 - loadIPPluginJar : add gtzc
2024-11-04 20:19:18,096 [INFO] IPUIPlugin:80 - create IPUIPlugin
2024-11-04 20:19:18,096 [INFO] PluginManager:220 - loadIPPluginJar : add hash
2024-11-04 20:19:18,164 [INFO] IPUIPlugin:80 - create IPUIPlugin
2024-11-04 20:19:18,164 [INFO] PluginManager:220 - loadIPPluginJar : add i2c
2024-11-04 20:19:18,230 [INFO] IPUIPlugin:80 - create IPUIPlugin
2024-11-04 20:19:18,230 [INFO] PluginManager:220 - loadIPPluginJar : add i2s
2024-11-04 20:19:18,291 [INFO] IPUIPlugin:80 - create IPUIPlugin
2024-11-04 20:19:18,291 [INFO] PluginManager:220 - loadIPPluginJar : add i3c
2024-11-04 20:19:18,462 [INFO] IPUIPlugin:80 - create IPUIPlugin
2024-11-04 20:19:18,463 [INFO] PluginManager:220 - loadIPPluginJar : add ipddr
2024-11-04 20:19:18,590 [INFO] IPUIPlugin:80 - create IPUIPlugin
2024-11-04 20:19:18,590 [INFO] PluginManager:220 - loadIPPluginJar : add linkedlist
2024-11-04 20:19:18,640 [INFO] IPUIPlugin:80 - create IPUIPlugin
2024-11-04 20:19:18,641 [INFO] PluginManager:220 - loadIPPluginJar : add lorawan
2024-11-04 20:19:18,690 [INFO] IPUIPlugin:80 - create IPUIPlugin
2024-11-04 20:19:18,690 [INFO] PluginManager:220 - loadIPPluginJar : add ltdc
2024-11-04 20:19:18,707 [INFO] IPUIPlugin:80 - create IPUIPlugin
2024-11-04 20:19:18,707 [INFO] PluginManager:220 - loadIPPluginJar : add mdma
2024-11-04 20:19:18,723 [INFO] IPUIPlugin:80 - create IPUIPlugin
2024-11-04 20:19:18,724 [INFO] PluginManager:220 - loadIPPluginJar : add nvic
2024-11-04 20:19:18,779 [INFO] IPUIPlugin:80 - create IPUIPlugin
2024-11-04 20:19:18,779 [INFO] PluginManager:220 - loadIPPluginJar : add opamp
2024-11-04 20:19:18,892 [INFO] IPUIPlugin:80 - create IPUIPlugin
2024-11-04 20:19:18,892 [INFO] PluginManager:220 - loadIPPluginJar : add openamp
2024-11-04 20:19:18,968 [INFO] ThirdPartyUpdaterWithRetryManager:70 - Updater plugin not ready yet. [2/15]
2024-11-04 20:19:18,974 [INFO] IPUIPlugin:80 - create IPUIPlugin
2024-11-04 20:19:18,975 [INFO] PluginManager:220 - loadIPPluginJar : add pdm2pcm
2024-11-04 20:19:18,996 [INFO] IPUIPlugin:80 - create IPUIPlugin
2024-11-04 20:19:19,000 [INFO] PluginManager:220 - loadIPPluginJar : add plateformsettings
2024-11-04 20:19:19,032 [INFO] IPUIPlugin:80 - create IPUIPlugin
2024-11-04 20:19:19,033 [INFO] PluginManager:220 - loadIPPluginJar : add quadspi
2024-11-04 20:19:19,048 [INFO] IPUIPlugin:80 - create IPUIPlugin
2024-11-04 20:19:19,049 [INFO] PluginManager:220 - loadIPPluginJar : add resmgrutility
2024-11-04 20:19:19,111 [INFO] IPUIPlugin:80 - create IPUIPlugin
2024-11-04 20:19:19,111 [INFO] PluginManager:220 - loadIPPluginJar : add sai
2024-11-04 20:19:19,171 [INFO] IPUIPlugin:80 - create IPUIPlugin
2024-11-04 20:19:19,171 [INFO] PluginManager:220 - loadIPPluginJar : add spi
2024-11-04 20:19:19,286 [INFO] IPUIPlugin:80 - create IPUIPlugin
2024-11-04 20:19:19,286 [INFO] PluginManager:220 - loadIPPluginJar : add stm32_wpan
2024-11-04 20:19:19,315 [INFO] IPUIPlugin:80 - create IPUIPlugin
2024-11-04 20:19:19,316 [INFO] PluginManager:220 - loadIPPluginJar : add tim
2024-11-04 20:19:19,424 [INFO] IPUIPlugin:80 - create IPUIPlugin
2024-11-04 20:19:19,424 [INFO] PluginManager:220 - loadIPPluginJar : add touchsensing
2024-11-04 20:19:19,456 [INFO] IPUIPlugin:80 - create IPUIPlugin
2024-11-04 20:19:19,456 [INFO] PluginManager:220 - loadIPPluginJar : add tracer_emb
2024-11-04 20:19:19,488 [INFO] IPUIPlugin:80 - create IPUIPlugin
2024-11-04 20:19:19,488 [INFO] PluginManager:220 - loadIPPluginJar : add ts
2024-11-04 20:19:19,529 [INFO] IPUIPlugin:80 - create IPUIPlugin
2024-11-04 20:19:19,529 [INFO] PluginManager:220 - loadIPPluginJar : add tsc
2024-11-04 20:19:19,571 [INFO] IPUIPlugin:80 - create IPUIPlugin
2024-11-04 20:19:19,571 [INFO] PluginManager:220 - loadIPPluginJar : add ucpd
2024-11-04 20:19:19,651 [INFO] IPUIPlugin:80 - create IPUIPlugin
2024-11-04 20:19:19,651 [INFO] PluginManager:220 - loadIPPluginJar : add usart
2024-11-04 20:19:19,715 [INFO] IPUIPlugin:80 - create IPUIPlugin
2024-11-04 20:19:19,715 [INFO] PluginManager:220 - loadIPPluginJar : add usbx
2024-11-04 20:19:19,894 [INFO] CADModel:165 - CPN selected for project level
2024-11-04 20:19:19,894 [INFO] CADModel:114 - Register for checkConnection events
2024-11-04 20:19:19,895 [FATAL] Updater:308 - Updater called before beeing initialized
2024-11-04 20:19:19,895 [ERROR] CADModel:125 - Updater not yet initialized, retry later 
2024-11-04 20:19:20,083 [INFO] CADModel:165 - CPN selected for project level
2024-11-04 20:19:20,083 [INFO] CADModel:114 - Register for checkConnection events
2024-11-04 20:19:20,083 [FATAL] Updater:308 - Updater called before beeing initialized
2024-11-04 20:19:20,083 [ERROR] CADModel:125 - Updater not yet initialized, retry later 
2024-11-04 20:19:20,088 [FATAL] Updater:308 - Updater called before beeing initialized
2024-11-04 20:19:20,261 [FATAL] Updater:308 - Updater called before beeing initialized
2024-11-04 20:19:20,276 [INFO] DbMcusAds:53 - JSON generation date=Fri Sep 20 15:04:23 CEST 2024 (1726837463113)
2024-11-04 20:19:20,276 [FATAL] Updater:308 - Updater called before beeing initialized
2024-11-04 20:19:20,378 [WARN] DetailPanel:346 - Failed to get advertising image, set to default
2024-11-04 20:19:20,521 [FATAL] Updater:308 - Updater called before beeing initialized
2024-11-04 20:19:20,525 [FATAL] Updater:308 - Updater called before beeing initialized
2024-11-04 20:19:20,526 [FATAL] Updater:308 - Updater called before beeing initialized
2024-11-04 20:19:20,526 [WARN] DetailPanel:346 - Failed to get advertising image, set to default
2024-11-04 20:19:20,529 [FATAL] Updater:308 - Updater called before beeing initialized
2024-11-04 20:19:20,619 [ERROR] Updater:1120 - MainUpdater not yet initialized. External WinMGr cannot be set.
2024-11-04 20:19:20,634 [INFO] Updater:1056 - Updater Version found : 6.11.1
2024-11-04 20:19:20,654 [INFO] ApplicationProperties:184 - Using Application install path: C:\ST\STM32CubeIDE_1.15.1\STM32CubeIDE\plugins\com.st.stm32cube.common.mx_6.11.1.202404110753
2024-11-04 20:19:21,972 [INFO] ThirdPartyUpdaterWithRetryManager:70 - Updater plugin not ready yet. [3/15]
2024-11-04 20:19:22,262 [ERROR] LogOutputStream:75 - [STDERR_REDIRECT] Nov 04, 2024 8:19:22 PM java.util.prefs.WindowsPreferences <init>
2024-11-04 20:19:22,264 [ERROR] LogOutputStream:75 - [STDERR_REDIRECT] WARNING: Could not open/create prefs root node Software\JavaSoft\Prefs at root 0xffffffff80000002. Windows RegCreateKeyEx(...) returned error code 5.
2024-11-04 20:19:22,264 [ERROR] LogOutputStream:75 - [STDERR_REDIRECT] 
2024-11-04 20:19:22,701 [INFO] MainUpdater:2873 - connection check result : 10
2024-11-04 20:19:22,702 [INFO] MainUpdater:290 - Updater Check For Update Now.
2024-11-04 20:19:22,702 [INFO] MicroXplorer:498 - Change Database Version : DB.6.0.111
2024-11-04 20:19:22,739 [INFO] McuFinderGlobals:63 - Set McuFinder mode to 2 (CubeIDE integrated)
2024-11-04 20:19:22,751 [INFO] UserAuth:415 - Internet connection configuration mode: 1
2024-11-04 20:19:22,778 [INFO] JxBrowserEngine:152 - Initiate JxBrowser Engine with user profile folder
2024-11-04 20:19:22,976 [INFO] CheckServerUpdateThread:120 - End of CheckServer Thread
2024-11-04 20:19:25,248 [WARN] PackLoader:240 - Cannot read IP mode file for STMicroelectronics.FP-SNS-MOTENVWB1.1.4.0
2024-11-04 20:19:25,275 [WARN] PackLoader:240 - Cannot read IP mode file for STMicroelectronics.X-CUBE-SMBUS.2.1.0
2024-11-04 20:19:25,300 [WARN] PackLoader:240 - Cannot read IP mode file for STMicroelectronics.X-CUBE-WB05N.1.1.0
2024-11-04 20:19:25,318 [WARN] PackLoader:240 - Cannot read IP mode file for STMicroelectronics.X-CUBE-TOUCHGFX.4.23.2
2024-11-04 20:19:25,370 [WARN] PackLoader:240 - Cannot read IP mode file for STMicroelectronics.X-CUBE-AZRTOS-F7.1.1.0
2024-11-04 20:19:25,468 [WARN] PackLoader:240 - Cannot read IP mode file for STMicroelectronics.X-CUBE-MEMS1.11.0.0
2024-11-04 20:19:25,661 [WARN] PackLoader:240 - Cannot read IP mode file for STMicroelectronics.FP-SNS-FLIGHT1.5.0.2
2024-11-04 20:19:25,684 [WARN] PackLoader:240 - Cannot read IP mode file for STMicroelectronics.X-CUBE-DISPLAY.3.0.0
2024-11-04 20:19:25,706 [WARN] PackLoader:240 - Cannot read IP mode file for STMicroelectronics.X-CUBE-BLE1.7.0.0
2024-11-04 20:19:25,726 [WARN] PackLoader:240 - Cannot read IP mode file for STMicroelectronics.X-CUBE-NFC10.1.0.0
2024-11-04 20:19:25,748 [WARN] PackLoader:240 - Cannot read IP mode file for emotas.I-CUBE-CANOPEN.1.3.0
2024-11-04 20:19:25,769 [WARN] PackLoader:240 - Cannot read IP mode file for STMicroelectronics.X-CUBE-BLEMGR.3.1.0
2024-11-04 20:19:25,789 [WARN] PackLoader:240 - Cannot read IP mode file for STMicroelectronics.FP-SNS-SMARTAG2.1.2.0
2024-11-04 20:19:25,813 [INFO] LogOutputStream:77 - [STDOUT_REDIRECT] 1 : Invalid condition id : UX_CORESTACK_Condition cause : null
2024-11-04 20:19:25,814 [INFO] LogOutputStream:77 - [STDOUT_REDIRECT] 1 : Invalid condition id : UX_CORESTACK_Condition cause : null
2024-11-04 20:19:25,815 [INFO] LogOutputStream:77 - [STDOUT_REDIRECT] 1 : Invalid condition id : UX_CORESTACK_Condition cause : null
2024-11-04 20:19:25,817 [INFO] LogOutputStream:77 - [STDOUT_REDIRECT] 1 : Invalid condition id : UX_CORESTACK_Condition cause : null
2024-11-04 20:19:25,818 [INFO] LogOutputStream:77 - [STDOUT_REDIRECT] 1 : Invalid condition id : UX_CORESTACK_Condition cause : null
2024-11-04 20:19:25,821 [WARN] PackLoader:240 - Cannot read IP mode file for STMicroelectronics.X-CUBE-AZRTOS-WL.2.0.0
2024-11-04 20:19:25,841 [WARN] PackLoader:240 - Cannot read IP mode file for STMicroelectronics.FP-SNS-MOTENV1.5.0.0
2024-11-04 20:19:25,859 [WARN] PackLoader:240 - Cannot read IP mode file for wolfSSL.I-CUBE-wolfMQTT.1.19.0
2024-11-04 20:19:25,880 [WARN] PackLoader:240 - Cannot read IP mode file for WES.I-CUBE-Cesium.1.3.0
2024-11-04 20:19:25,904 [WARN] PackLoader:240 - Cannot read IP mode file for STMicroelectronics.X-CUBE-BLE2.3.3.0
2024-11-04 20:19:25,932 [WARN] PackLoader:240 - Cannot read IP mode file for STMicroelectronics.X-CUBE-NFC9.1.0.0
2024-11-04 20:19:25,949 [WARN] PackLoader:240 - Cannot read IP mode file for STMicroelectronics.X-CUBE-TCPP.4.1.0
2024-11-04 20:19:25,969 [WARN] PackLoader:240 - Cannot read IP mode file for STMicroelectronics.X-CUBE-ALGOBUILD.1.3.0
2024-11-04 20:19:26,016 [WARN] PackLoader:240 - Cannot read IP mode file for STMicroelectronics.X-CUBE-AZRTOS-G0.1.1.0
2024-11-04 20:19:26,042 [WARN] PackLoader:240 - Cannot read IP mode file for STMicroelectronics.X-CUBE-SAFEA1.1.2.2
2024-11-04 20:19:26,064 [WARN] PackLoader:240 - Cannot read IP mode file for STMicroelectronics.X-CUBE-NFC4.3.0.0
2024-11-04 20:19:26,094 [WARN] PackLoader:240 - Cannot read IP mode file for EmbeddedOffice.I-CUBE-FS-RTOS.1.0.1
2024-11-04 20:19:26,095 [ERROR] ConditionMgr:805 - Attr not supported : Dmpu
2024-11-04 20:19:26,095 [ERROR] ConditionMgr:805 - Attr not supported : Dmpu
2024-11-04 20:19:26,095 [ERROR] ConditionMgr:805 - Attr not supported : Dmpu
2024-11-04 20:19:26,095 [ERROR] ConditionMgr:805 - Attr not supported : Dmpu
2024-11-04 20:19:26,095 [ERROR] ConditionMgr:805 - Attr not supported : Dmpu
2024-11-04 20:19:26,095 [ERROR] ConditionMgr:805 - Attr not supported : Dmpu
2024-11-04 20:19:26,095 [ERROR] ConditionMgr:805 - Attr not supported : Dmpu
2024-11-04 20:19:26,095 [ERROR] ConditionMgr:805 - Attr not supported : Dmpu
2024-11-04 20:19:26,095 [ERROR] ConditionMgr:805 - Attr not supported : Dmpu
2024-11-04 20:19:26,096 [ERROR] ConditionMgr:805 - Attr not supported : Dmpu
2024-11-04 20:19:26,096 [ERROR] ConditionMgr:805 - Attr not supported : Dmpu
2024-11-04 20:19:26,096 [ERROR] ConditionMgr:805 - Attr not supported : Dmpu
2024-11-04 20:19:26,096 [ERROR] ConditionMgr:805 - Attr not supported : Dmpu
2024-11-04 20:19:26,096 [ERROR] ConditionMgr:805 - Attr not supported : Dmpu
2024-11-04 20:19:26,096 [ERROR] ConditionMgr:805 - Attr not supported : Dmpu
2024-11-04 20:19:26,096 [ERROR] ConditionMgr:805 - Attr not supported : Dmpu
2024-11-04 20:19:26,097 [ERROR] ConditionMgr:805 - Attr not supported : Dmpu
2024-11-04 20:19:26,097 [ERROR] ConditionMgr:805 - Attr not supported : Dmpu
2024-11-04 20:19:26,097 [ERROR] ConditionMgr:805 - Attr not supported : Dmpu
2024-11-04 20:19:26,097 [ERROR] ConditionMgr:805 - Attr not supported : Dmpu
2024-11-04 20:19:26,097 [ERROR] ConditionMgr:805 - Attr not supported : Dmpu
2024-11-04 20:19:26,097 [ERROR] ConditionMgr:805 - Attr not supported : Dmpu
2024-11-04 20:19:26,097 [ERROR] ConditionMgr:805 - Attr not supported : Dmpu
2024-11-04 20:19:26,097 [ERROR] ConditionMgr:805 - Attr not supported : Dmpu
2024-11-04 20:19:26,097 [ERROR] ConditionMgr:805 - Attr not supported : Dmpu
2024-11-04 20:19:26,097 [ERROR] ConditionMgr:805 - Attr not supported : Dmpu
2024-11-04 20:19:26,097 [ERROR] ConditionMgr:805 - Attr not supported : Dmpu
2024-11-04 20:19:26,097 [ERROR] ConditionMgr:805 - Attr not supported : Dmpu
2024-11-04 20:19:26,097 [ERROR] ConditionMgr:805 - Attr not supported : Dmpu
2024-11-04 20:19:26,097 [ERROR] ConditionMgr:805 - Attr not supported : Dmpu
2024-11-04 20:19:26,097 [ERROR] ConditionMgr:805 - Attr not supported : Dmpu
2024-11-04 20:19:26,097 [ERROR] ConditionMgr:805 - Attr not supported : Dmpu
2024-11-04 20:19:26,098 [ERROR] ConditionMgr:805 - Attr not supported : Dmpu
2024-11-04 20:19:26,098 [ERROR] ConditionMgr:805 - Attr not supported : Dmpu
2024-11-04 20:19:26,098 [ERROR] ConditionMgr:805 - Attr not supported : Dmpu
2024-11-04 20:19:26,098 [ERROR] ConditionMgr:805 - Attr not supported : Dmpu
2024-11-04 20:19:26,098 [ERROR] ConditionMgr:805 - Attr not supported : Dmpu
2024-11-04 20:19:26,098 [ERROR] ConditionMgr:805 - Attr not supported : Dmpu
2024-11-04 20:19:26,098 [ERROR] ConditionMgr:805 - Attr not supported : Dmpu
2024-11-04 20:19:26,098 [ERROR] ConditionMgr:805 - Attr not supported : Dmpu
2024-11-04 20:19:26,099 [ERROR] ConditionMgr:805 - Attr not supported : Dmpu
2024-11-04 20:19:26,099 [ERROR] ConditionMgr:805 - Attr not supported : Dmpu
2024-11-04 20:19:26,099 [ERROR] ConditionMgr:805 - Attr not supported : Dmpu
2024-11-04 20:19:26,099 [ERROR] ConditionMgr:805 - Attr not supported : Dmpu
2024-11-04 20:19:26,099 [ERROR] ConditionMgr:805 - Attr not supported : Dmpu
2024-11-04 20:19:26,099 [ERROR] ConditionMgr:805 - Attr not supported : Dmpu
2024-11-04 20:19:26,099 [ERROR] ConditionMgr:805 - Attr not supported : Dmpu
2024-11-04 20:19:26,099 [ERROR] ConditionMgr:805 - Attr not supported : Dmpu
2024-11-04 20:19:26,099 [ERROR] ConditionMgr:805 - Attr not supported : Dmpu
2024-11-04 20:19:26,099 [ERROR] ConditionMgr:805 - Attr not supported : Dmpu
2024-11-04 20:19:26,100 [ERROR] ConditionMgr:805 - Attr not supported : Dmpu
2024-11-04 20:19:26,100 [ERROR] ConditionMgr:805 - Attr not supported : Dmpu
2024-11-04 20:19:26,100 [ERROR] ConditionMgr:805 - Attr not supported : Dmpu
2024-11-04 20:19:26,100 [ERROR] ConditionMgr:805 - Attr not supported : Dmpu
2024-11-04 20:19:26,100 [ERROR] ConditionMgr:805 - Attr not supported : Dmpu
2024-11-04 20:19:26,100 [ERROR] ConditionMgr:805 - Attr not supported : Dmpu
2024-11-04 20:19:26,100 [ERROR] ConditionMgr:805 - Attr not supported : Dmpu
2024-11-04 20:19:26,100 [ERROR] ConditionMgr:805 - Attr not supported : Dmpu
2024-11-04 20:19:26,100 [ERROR] ConditionMgr:805 - Attr not supported : Dmpu
2024-11-04 20:19:26,100 [ERROR] ConditionMgr:805 - Attr not supported : Dmpu
2024-11-04 20:19:26,100 [ERROR] ConditionMgr:805 - Attr not supported : Dmpu
2024-11-04 20:19:26,100 [ERROR] ConditionMgr:805 - Attr not supported : Dmpu
2024-11-04 20:19:26,101 [ERROR] ConditionMgr:805 - Attr not supported : Dmpu
2024-11-04 20:19:26,101 [ERROR] ConditionMgr:805 - Attr not supported : Dmpu
2024-11-04 20:19:26,122 [WARN] PackLoader:240 - Cannot read IP mode file for RealThread.X-CUBE-RT-Thread_Nano.4.1.1
2024-11-04 20:19:26,137 [WARN] PackLoader:240 - Cannot read IP mode file for wolfSSL.I-CUBE-wolfSSL.5.7.0
2024-11-04 20:19:26,156 [WARN] PackLoader:240 - Cannot read IP mode file for STMicroelectronics.FP-ATR-SIGFOX1.3.2.0
2024-11-04 20:19:26,178 [WARN] PackLoader:240 - Cannot read IP mode file for STMicroelectronics.X-CUBE-EEPRMA1.5.1.0
2024-11-04 20:19:26,196 [WARN] PackLoader:240 - Cannot read IP mode file for ITTIA_DB.I-CUBE-ITTIADB.8.9.0
2024-11-04 20:19:26,237 [WARN] PackLoader:240 - Cannot read IP mode file for SEGGER.I-CUBE-embOS.1.3.1
2024-11-04 20:19:26,281 [WARN] PackLoader:240 - Cannot read IP mode file for STMicroelectronics.X-CUBE-ALGOBUILD.1.4.0
2024-11-04 20:19:26,303 [WARN] PackLoader:240 - Cannot read IP mode file for STMicroelectronics.X-CUBE-AI.9.1.0
2024-11-04 20:19:26,325 [WARN] PackLoader:240 - Cannot read IP mode file for STMicroelectronics.X-CUBE-GNSS1.6.0.0
2024-11-04 20:19:26,358 [WARN] PackLoader:240 - Cannot read IP mode file for STMicroelectronics.X-CUBE-AZRTOS-F4.1.1.0
2024-11-04 20:19:26,377 [WARN] PackLoader:240 - Cannot read IP mode file for STMicroelectronics.X-CUBE-ISPU.2.1.0
2024-11-04 20:19:26,394 [WARN] PackLoader:240 - Cannot read IP mode file for STMicroelectronics.X-CUBE-FREERTOS.1.2.0
2024-11-04 20:19:26,428 [WARN] PackLoader:240 - Cannot read IP mode file for STMicroelectronics.X-CUBE-AZRTOS-L5.2.0.0
2024-11-04 20:19:26,456 [WARN] PackLoader:240 - Cannot read IP mode file for STMicroelectronics.X-CUBE-NFC6.3.1.0
2024-11-04 20:19:26,474 [WARN] PackLoader:240 - Cannot read IP mode file for STMicroelectronics.X-CUBE-DPower.1.2.0
2024-11-04 20:19:26,491 [WARN] PackLoader:240 - Cannot read IP mode file for STMicroelectronics.X-CUBE-AI.9.0.0
2024-11-04 20:19:26,510 [WARN] PackLoader:240 - Cannot read IP mode file for STMicroelectronics.X-CUBE-NFC7.1.0.1
2024-11-04 20:19:26,532 [WARN] PackLoader:240 - Cannot read IP mode file for wolfSSL.I-CUBE-wolfTPM.3.2.0
2024-11-04 20:19:26,576 [WARN] ConditionMgr:438 - getConditionDescription Invalid condition id : LAN8742 Phy interface Condition cause : null
2024-11-04 20:19:26,577 [WARN] PackLoader:240 - Cannot read IP mode file for STMicroelectronics.X-CUBE-AZRTOS-L4.2.0.0
2024-11-04 20:19:26,578 [WARN] ConditionMgr:1039 - genDependencies : Invalid condition id : LAN8742 Phy interface Condition cause : null
2024-11-04 20:19:26,579 [WARN] ConditionMgr:1039 - genDependencies : Invalid condition id : LAN8742 Phy interface Condition cause : null
2024-11-04 20:19:26,579 [WARN] ConditionMgr:1039 - genDependencies : Invalid condition id : LAN8742 Phy interface Condition cause : null
2024-11-04 20:19:26,601 [WARN] PackLoader:240 - Cannot read IP mode file for STMicroelectronics.X-CUBE-SFXS2LP1.4.0.0
2024-11-04 20:19:26,642 [WARN] PackLoader:240 - Cannot read IP mode file for STMicroelectronics.X-CUBE-AZRTOS-H7.3.3.0
2024-11-04 20:19:26,931 [WARN] PackLoader:240 - Cannot read IP mode file for STMicroelectronics.X-CUBE-IPS.3.0.0
2024-11-04 20:19:26,965 [WARN] ConditionMgr:438 - getConditionDescription Invalid condition id : UX DEVICE CLASS RTOS Condition cause : null
2024-11-04 20:19:26,965 [WARN] ConditionMgr:438 - getConditionDescription Invalid condition id : UX DEVICE CLASS RTOS Condition cause : null
2024-11-04 20:19:26,967 [WARN] PackLoader:240 - Cannot read IP mode file for STMicroelectronics.X-CUBE-AZRTOS-WB.2.0.0
2024-11-04 20:19:26,968 [WARN] ConditionMgr:1039 - genDependencies : Invalid condition id : UX DEVICE CLASS RTOS Condition cause : null
2024-11-04 20:19:26,968 [WARN] ConditionMgr:1039 - genDependencies : Invalid condition id : UX DEVICE CLASS RTOS Condition cause : null
2024-11-04 20:19:26,969 [WARN] ConditionMgr:1039 - genDependencies : Invalid condition id : UX DEVICE CLASS RTOS Condition cause : null
2024-11-04 20:19:26,969 [WARN] ConditionMgr:1039 - genDependencies : Invalid condition id : UX DEVICE CLASS RTOS Condition cause : null
2024-11-04 20:19:26,969 [WARN] ConditionMgr:1039 - genDependencies : Invalid condition id : UX DEVICE CLASS RTOS Condition cause : null
2024-11-04 20:19:26,991 [WARN] PackLoader:240 - Cannot read IP mode file for STMicroelectronics.X-CUBE-GNSS1.7.0.0
2024-11-04 20:19:27,008 [WARN] PackLoader:240 - Cannot read IP mode file for STMicroelectronics.FP-SNS-STBOX1.2.0.0
2024-11-04 20:19:27,033 [WARN] PackLoader:240 - Cannot read IP mode file for STMicroelectronics.X-CUBE-SUBG2.5.0.0
2024-11-04 20:19:27,070 [WARN] PackLoader:240 - Cannot read IP mode file for STMicroelectronics.X-CUBE-AZRTOS-G4.2.0.0
2024-11-04 20:19:27,086 [WARN] PackLoader:240 - Cannot read IP mode file for STMicroelectronics.X-CUBE-ISPU.2.0.0
2024-11-04 20:19:27,100 [WARN] PackLoader:240 - Cannot read IP mode file for STMicroelectronics.X-CUBE-ALS.1.0.2
2024-11-04 20:19:27,161 [WARN] PackLoader:240 - Cannot read IP mode file for STMicroelectronics.X-CUBE-MEMS1.10.0.0
2024-11-04 20:19:27,275 [WARN] PackLoader:240 - Cannot read IP mode file for STMicroelectronics.X-CUBE-TOUCHGFX.4.24.0
2024-11-04 20:19:27,294 [WARN] PackLoader:240 - Cannot read IP mode file for STMicroelectronics.X-CUBE-TOUCHGFX.4.24.1
2024-11-04 20:19:27,310 [WARN] PackLoader:240 - Cannot read IP mode file for portGmbH.I-Cube-SoM-uGOAL.1.1.0
2024-11-04 20:19:27,322 [WARN] PackLoader:240 - Cannot read IP mode file for STMicroelectronics.X-CUBE-ALS.1.0.1
2024-11-04 20:19:27,359 [WARN] PackLoader:240 - Cannot read IP mode file for STMicroelectronics.X-CUBE-AZRTOS-H7RS.1.0.0
2024-11-04 20:19:27,374 [WARN] PackLoader:240 - Cannot read IP mode file for STMicroelectronics.FP-ATR-ASTRA1.2.0.0
2024-11-04 20:19:27,399 [WARN] PackLoader:240 - Cannot read IP mode file for STMicroelectronics.X-CUBE-TOF1.3.4.2
2024-11-04 20:19:27,431 [WARN] PackLoader:240 - Cannot read IP mode file for STMicroelectronics.X-CUBE-TOF1.3.4.1
2024-11-04 20:19:27,476 [WARN] PackLoader:240 - Cannot read IP mode file for STMicroelectronics.X-CUBE-AZRTOS-H7.3.2.0
2024-11-04 20:19:27,516 [WARN] PackLoader:240 - Cannot read IP mode file for Infineon.AIROC-Wi-Fi-Bluetooth-STM32.1.6.0
2024-11-04 20:19:27,536 [WARN] PackLoader:240 - Cannot read IP mode file for wolfSSL.I-CUBE-wolfSSH.1.4.17
2024-11-04 20:19:27,536 [INFO] ThirdParty:978 - Integrity check success = true
2024-11-04 20:19:27,536 [INFO] IntegrityCheckThread:100 - exiting critical section [integrity check]
2024-11-04 20:19:27,536 [INFO] IntegrityCheckThread:103 - End integrity checks thread
2024-11-04 20:19:31,317 [INFO] WebApp:161 - Instantiating new browser for Auth
2024-11-04 20:19:31,869 [INFO] WebApp:779 - Register for checkConnection events
2024-11-04 20:19:31,870 [INFO] WebApp:414 - Apply proxy settings
2024-11-04 20:19:31,870 [INFO] WebApp:499 - Chromium requires no authentication
2024-11-04 20:19:31,877 [INFO] WebApp:442 - Direct internet connection detected
2024-11-04 20:19:32,036 [INFO] WebApp:192 - Starting web application
2024-11-04 20:19:32,037 [INFO] WebApp:544 - Web application path used C:\ST\STM32CubeIDE_1.15.1\STM32CubeIDE\plugins\com.st.stm32cube.common.mx_6.11.1.202404110753\db\plugins\mcufinder\reactClient1\index.html
2024-11-04 21:47:05,855 [ERROR] LogOutputStream:75 - [STDERR_REDIRECT] 
