########### array before sorts ###########
0	8.890000	8.890000	49.510000	8.890000	n
1	49.510000	8.890000	49.510000	44.640500	n
2	49.510000	44.640500	8.890000	44.640500	n
3	8.890000	44.640500	8.890000	8.890000	n
Tolerance=0.050000.
*Exact match for i=0 and j=1.
*i point 8.890000	8.890000	49.510000	8.890000	y
*Exact match for i=1 and j=2.
*i point 49.510000	8.890000	49.510000	44.640500	y
*Exact match for i=2 and j=3.
*i point 49.510000	44.640500	8.890000	44.640500	y
########### array after sorts ###########
0	8.890000	8.890000	49.510000	8.890000	y
1	49.510000	8.890000	49.510000	44.640500	y
2	49.510000	44.640500	8.890000	44.640500	y
3	8.890000	44.640500	8.890000	8.890000	y
***************
.BOARD_OUTLINE UNOWNED
1.6
0     8.890000     8.890000     0
0     49.510000     8.890000     0
0     49.510000     44.640500     0
0     8.890000     44.640500     0
0     8.890000     8.890000     0
