
ROM used:   888/32768 (3%)
            888/32768 (3%) including unused fragments

            0.9 Average locations per line
            23.4 Average locations per statement

RAM used:   284/1536 (18%) at main() level
            295/1536 (19%) worst case

Stack used: 4 worst case (2 in main + 2 for interrupts)
Stack size: 31

Lines Stmts  %   Files
----- ----- ---  -----
  157    38 100  main.c
   14     0   0  main.h
  844     0   0  F:\elektronika_progs\PICC\Devices\18F4520.h
----- -----
 1015    38 Total

Page ROM  %  RAM    Vol Diff  Functions:
---- --- --- ---    --- ----  ----------
0     40   2    1             @delay_ms1
0     68   4    1             @PUTCHAR_2_
0     72   4    3    220  3.9  serial_isr
0     44   2    3             @DIV88
0     70   4    3    149  4.7  bgetc
0    248  14    2    664  4.7  MAIN
0     16   1    0             @const648
0     36   2    2             @PSTRINGC_57600_31766_31767
0     40   2    0             @const654
0     32   2    2             @PSTRINGC_630
0     12   1    0             @const656
0      2   0    0             @const657
0     38   2    2             @PSTRINGR_630
 Inline         0             @cinit1

Program metrics:
    Functions               3
    Statements              38
    Comments                200
    Volume (V)              1318
    Difficulty (D)          12.1
    Effort to implement (E) 15977
    Time to implement (T)   15 minutes
    Est Delivered Bugs (B)  0
    Cyclomatic Complexity   4
    Maintainability (MI)    102

 Segment     Used  Free
-----------  ----  ----
00000-00002     4  0  
00004-00006     0  4  
00008-000AC   166  0  
000AE-07FFE   718  31876  



