22:36:05 **** Incremental Build of configuration Debug for project Radio_main ****
make -j16 all 
arm-none-eabi-size  Radio_main.elf 
   text	   data	    bss	    dec	    hex	filename
 250080	    720	  43104	 293904	  47c10	Radio_main.elf
Finished building: default.size.stdout
 
22:36:12 **** Incremental Build of configuration Release for project Radio_main ****
make -j16 all 
arm-none-eabi-size  Radio_main.elf 
   text	   data	    bss	    dec	    hex	filename
 208492	    720	  43080	 252292	  3d984	Radio_main.elf
Finished building: default.size.stdout
 
22:37:00 **** Incremental Build of configuration Debug for project Radio_main ****
make -j16 all 
arm-none-eabi-size  Radio_main.elf 
   text	   data	    bss	    dec	    hex	filename
 250080	    720	  43104	 293904	  47c10	Radio_main.elf
Finished building: default.size.stdout
 
22:39:02 **** Incremental Build of configuration Debug for project Radio_main ****
make -j16 all 
arm-none-eabi-size  Radio_main.elf 
   text	   data	    bss	    dec	    hex	filename
 250080	    720	  43104	 293904	  47c10	Radio_main.elf
Finished building: default.size.stdout
 
08:38:20 **** Incremental Build of configuration Debug for project Radio_main ****
make -j16 all 
arm-none-eabi-size  Radio_main.elf 
   text	   data	    bss	    dec	    hex	filename
 250080	    720	  43104	 293904	  47c10	Radio_main.elf
Finished building: default.size.stdout
 
